<?xml version="1.0" encoding="UTF-8"?>
<testsuites name="Footer" time="82.468" tests="1" failures="0" errors="0">
   <testsuite name="Footer" tests="1" failures="0" errors="0" time="82.468" skipped="0" timestamp="2022-01-17 13:05:19" hostname="waleedafifi - localhost" id="Test Suites/Footer">
      <properties>
         <property name="deviceName" value=""/>
         <property name="devicePlatform" value=""/>
         <property name="logFolder" value="/Users/waleedafifi/Desktop/development/fixProj/cleanersupply/Reports/20220117_125503/Footer/20220117_125508"/>
         <property name="logFiles" value="/Users/waleedafifi/Desktop/development/fixProj/cleanersupply/Reports/20220117_125503/Footer/20220117_125508/execution0.log"/>
         <property name="attachments" value=""/>
         <property name="hostName" value="waleedafifi - localhost"/>
         <property name="os" value="Mac OS X 64bit"/>
         <property name="katalonVersion" value="8.2.0.208"/>
         <property name="browser" value="Chrome 97.0.4692.71"/>
         <property name="hostAddress" value="127.0.0.1"/>
         <property name="sessionId" value="e137a0a997694a151f333296066b51e0"/>
         <property name="seleniumVersion" value="3.141.59"/>
         <property name="proxyInformation" value="ProxyInformation { proxyOption=NO_PROXY, proxyServerType=HTTP, username=, password=********, proxyServerAddress=, proxyServerPort=0, executionList=&quot;&quot;, isApplyToDesiredCapabilities=true }"/>
         <property name="platform" value="Mac OS X"/>
      </properties>
      <testcase name="Test Cases/Footer/Footer TC" time="82.018" classname="Test Cases/Footer/Footer TC" status="PASSED">
         <system-out><![CDATA[2022-01-17 13:05:19 - [TEST_CASE][PASSED] - Test Cases/Footer/Footer TC: Test Cases/Footer/Footer TC

2022-01-17 13:05:20 - [TEST_STEP][PASSED] - GeneralHelpers.initScenario(): Current window's url is: 'https://www.cleanersupply.com/'

2022-01-17 13:05:20 - [MESSAGE][INFO] - Starting 'Chrome' driver

2022-01-17 13:05:20 - [MESSAGE][INFO] - Action delay is set to 0 milliseconds

2022-01-17 13:05:24 - [MESSAGE][PASSED] - Browser is opened with url: ''

2022-01-17 13:05:24 - [MESSAGE][PASSED] - Current window maximized

2022-01-17 13:05:35 - [MESSAGE][PASSED] - Navigate to 'https://www.cleanersupply.com/' successfully

2022-01-17 13:05:36 - [MESSAGE][PASSED] - Wait for page load successfully

2022-01-17 13:05:36 - [MESSAGE][PASSED] - Current window's title is: 'Cleaner's Supply - Dry Cleaning Supplies'

2022-01-17 13:05:36 - [MESSAGE][PASSED] - Current window's title is: 'Cleaner's Supply - Dry Cleaning Supplies'

2022-01-17 13:05:36 - [MESSAGE][PASSED] - Current window's url is: 'https://www.cleanersupply.com/'

2022-01-17 13:05:36 - [TEST_STEP][PASSED] - defaultFooterValidatins.verifyExistingOftopFooterImage(): Object 'Object Repository/defaultFooter/img_topFooter' is visible

2022-01-17 13:05:39 - [MESSAGE][PASSED] - Object 'Object Repository/defaultFooter/img_topFooter' is visible

2022-01-17 13:05:39 - [TEST_STEP][PASSED] - defaultFooterValidatins.verifyBackGroundandMaxHeightOfTopFooter(): Get CSS 'max-height' value on 'Object Repository/defaultFooter/div_topFooter' successfully: '93px'.

2022-01-17 13:05:39 - [MESSAGE][PASSED] - Get CSS 'background-color' value on 'Object Repository/defaultFooter/div_topFooter' successfully: 'rgba(255, 199, 9, 1)'.

2022-01-17 13:05:40 - [MESSAGE][PASSED] - Get CSS 'max-height' value on 'Object Repository/defaultFooter/div_topFooter' successfully: '93px'.

2022-01-17 13:05:40 - [TEST_STEP][PASSED] - defaultFooterValidatins.verifyExistingOffooterBody(): Object 'Object Repository/defaultFooter/div_footerBody' is visible

2022-01-17 13:05:40 - [MESSAGE][PASSED] - Object 'Object Repository/defaultFooter/div_footerBody' is visible

2022-01-17 13:05:40 - [TEST_STEP][PASSED] - defaultFooterValidatins.verifyBackGroundandPaddingOfFooterBody(): Get CSS 'background-color' value on 'Object Repository/defaultFooter/div_footerBody' successfully: 'rgba(70, 70, 70, 1)'.

2022-01-17 13:05:41 - [MESSAGE][PASSED] - Get CSS 'background-color' value on 'Object Repository/defaultFooter/div_footerBody' successfully: 'rgba(70, 70, 70, 1)'.

2022-01-17 13:05:41 - [TEST_STEP][PASSED] - defaultFooterValidatins.verifyExistingOffooterBodyRightColomn(): Object 'Object Repository/defaultFooter/div_footerBodyRightcolumn' is visible

2022-01-17 13:05:41 - [MESSAGE][PASSED] - Object 'Object Repository/defaultFooter/div_footerBodyRightcolumn' is visible

2022-01-17 13:05:41 - [TEST_STEP][PASSED] - defaultFooterValidatins.verifyExistingOffooterBodyMiddleColomn(): Object 'Object Repository/defaultFooter/div_footerBodyMiddleColumn' is visible

2022-01-17 13:05:42 - [MESSAGE][PASSED] - Object 'Object Repository/defaultFooter/div_footerBodyMiddleColumn' is visible

2022-01-17 13:05:42 - [TEST_STEP][PASSED] - defaultFooterValidatins.verifyExistingOffooterBodyLeftColomn(): Object 'Object Repository/defaultFooter/div_footerBodyLeftColumn' is visible

2022-01-17 13:05:42 - [MESSAGE][PASSED] - Object 'Object Repository/defaultFooter/div_footerBodyLeftColumn' is visible

2022-01-17 13:05:42 - [TEST_STEP][PASSED] - defaultFooterValidatins.verifyRequestCatalogueLink(): Object 'Object Repository/defaultFooter/footerBody/rightColumn/span_catalogueIcon' is visible

2022-01-17 13:05:42 - [MESSAGE][PASSED] - Object 'Object Repository/defaultFooter/footerBody/rightColumn/a_requestCatalogue' is visible

2022-01-17 13:05:48 - [MESSAGE][PASSED] - Object: 'Object Repository/defaultFooter/footerBody/rightColumn/a_requestCatalogue' is clicked on

2022-01-17 13:05:48 - [MESSAGE][PASSED] - Current window's title is: 'Request A Catalog â€“ Free Monthly Printed Catalog - Cleaner's Supply'

2022-01-17 13:05:48 - [MESSAGE][PASSED] - Current window's url is: 'https://www.cleanersupply.com/request-a-catalog/'

2022-01-17 13:05:49 - [MESSAGE][PASSED] - Text of object 'Object Repository/defaultFooter/footerBody/rightColumn/h2_requestCatalogue' is: 'CATALOG REQUEST'

2022-01-17 13:05:49 - [MESSAGE][PASSED] - Get CSS 'color' value on 'Object Repository/defaultFooter/footerBody/rightColumn/a_requestCatalogue' successfully: 'rgba(255, 255, 255, 1)'.

2022-01-17 13:05:50 - [MESSAGE][PASSED] - Object 'Object Repository/defaultFooter/footerBody/rightColumn/span_catalogueIcon' is visible

2022-01-17 13:05:50 - [TEST_STEP][PASSED] - defaultFooterValidatins.verifycassifiedListLink(): Object 'Object Repository/defaultFooter/footerBody/rightColumn/span_classifieds' is visible

2022-01-17 13:05:50 - [MESSAGE][PASSED] - Object 'Object Repository/defaultFooter/footerBody/rightColumn/a_classifiedList' is visible

2022-01-17 13:05:55 - [MESSAGE][PASSED] - Object: 'Object Repository/defaultFooter/footerBody/rightColumn/a_classifiedList' is clicked on

2022-01-17 13:05:55 - [MESSAGE][PASSED] - Current window's title is: 'Classifieds List - Cleaner's Supply'

2022-01-17 13:05:55 - [MESSAGE][PASSED] - Current window's url is: 'https://www.cleanersupply.com/classifieds-list/'

2022-01-17 13:05:56 - [MESSAGE][PASSED] - Text of object 'Object Repository/defaultFooter/footerBody/rightColumn/h2_classifiedList' is: 'CLASSIFIEDS'

2022-01-17 13:05:56 - [MESSAGE][PASSED] - Get CSS 'color' value on 'Object Repository/defaultFooter/footerBody/rightColumn/a_classifiedList' successfully: 'rgba(255, 255, 255, 1)'.

2022-01-17 13:05:57 - [MESSAGE][PASSED] - Object 'Object Repository/defaultFooter/footerBody/rightColumn/span_classifieds' is visible

2022-01-17 13:05:57 - [TEST_STEP][PASSED] - defaultFooterValidatins.verifyExistingOfRegionButtonandClickable(): Text of object 'Object Repository/defaultFooter/footerBody/rightColumn/span_defaultRegionText' is: 'USA'

2022-01-17 13:05:57 - [MESSAGE][PASSED] - Object 'Object Repository/defaultFooter/footerBody/rightColumn/button_region' is visible

2022-01-17 13:05:58 - [MESSAGE][PASSED] - Attribute 'aria-expanded' of object 'Object Repository/defaultFooter/footerBody/rightColumn/button_region' is: 'null'

2022-01-17 13:05:59 - [MESSAGE][PASSED] - Object: 'Object Repository/defaultFooter/footerBody/rightColumn/button_region' is clicked on

2022-01-17 13:05:59 - [MESSAGE][PASSED] - Text of object 'Object Repository/defaultFooter/footerBody/rightColumn/span_defaultRegionText' is: 'USA'

2022-01-17 13:05:59 - [TEST_STEP][PASSED] - defaultFooterValidatins.verifyClickingOnFeedBackButtonShowPopUP(): Object 'Object Repository/defaultFooter/footerBody/rightColumn/div_leave-feedback-form' is visible

2022-01-17 13:06:00 - [MESSAGE][PASSED] - Object 'Object Repository/defaultFooter/footerBody/rightColumn/div_leave-feedback-form' is NOT visible

2022-01-17 13:06:01 - [MESSAGE][PASSED] - Object: 'Object Repository/defaultFooter/footerBody/rightColumn/a_leaveFeedbackOpen' is clicked on

2022-01-17 13:06:01 - [MESSAGE][PASSED] - Object 'Object Repository/defaultFooter/footerBody/rightColumn/div_leave-feedback-form' is visible

2022-01-17 13:06:01 - [TEST_STEP][PASSED] - defaultFooterValidatins.fillModalWithAssertValueAndClose(): Object: 'Object Repository/defaultFooter/footerBody/rightColumn/button_closeFeedbackModal' is clicked on

2022-01-17 13:06:02 - [MESSAGE][PASSED] - Text 'test comment' is set on object 'Object Repository/defaultFooter/footerBody/rightColumn/textarea_feedback'

2022-01-17 13:06:03 - [MESSAGE][PASSED] - Attribute 'value' of object 'Object Repository/defaultFooter/footerBody/rightColumn/textarea_feedback' is: 'test comment'

2022-01-17 13:06:04 - [MESSAGE][PASSED] - Text 'test@test.com' is set on object 'Object Repository/defaultFooter/footerBody/rightColumn/input_feedBackEmail'

2022-01-17 13:06:05 - [MESSAGE][PASSED] - Attribute 'value' of object 'Object Repository/defaultFooter/footerBody/rightColumn/input_feedBackEmail' is: 'test@test.com'

2022-01-17 13:06:05 - [MESSAGE][PASSED] - Object: 'Object Repository/defaultFooter/footerBody/rightColumn/button_closeFeedbackModal' is clicked on

2022-01-17 13:06:05 - [TEST_STEP][PASSED] - defaultFooterActions.clickpreviouslyOrdered(): Object: 'Object Repository/defaultFooter/footerBody/rightColumn/a_previouslyOrdered' is clicked on

2022-01-17 13:06:10 - [MESSAGE][PASSED] - Object: 'Object Repository/defaultFooter/footerBody/rightColumn/a_previouslyOrdered' is clicked on

2022-01-17 13:06:10 - [TEST_STEP][PASSED] - defaultFooterValidatins.verifyClickingPreviouslyOrdered(): Navigate to 'https://www.cleanersupply.com/' successfully

2022-01-17 13:06:10 - [MESSAGE][PASSED] - Current window's title is: 'Log In - Cleaner's Supply'

2022-01-17 13:06:10 - [MESSAGE][PASSED] - Current window's url is: 'https://www.cleanersupply.com/log-in/?ReturnUrl=%2fpreviously-ordered%2f'

2022-01-17 13:06:10 - [MESSAGE][PASSED] - Text of object 'Object Repository/defaultFooter/footerBody/rightColumn/h2_loginHeader' is: 'RETURNING CUSTOMER?'

2022-01-17 13:06:13 - [MESSAGE][PASSED] - Navigate to 'https://www.cleanersupply.com/' successfully

2022-01-17 13:06:13 - [TEST_STEP][PASSED] - defaultFooterActions.clickQuickOrder(): Object: 'Object Repository/defaultFooter/footerBody/rightColumn/a_quickOrder' is clicked on

2022-01-17 13:06:17 - [MESSAGE][PASSED] - Object: 'Object Repository/defaultFooter/footerBody/rightColumn/a_quickOrder' is clicked on

2022-01-17 13:06:17 - [TEST_STEP][PASSED] - defaultFooterValidatins.verifyExistingOfLeftFooterTitle(): Text of object 'Object Repository/defaultFooter/footerBody/leftColumn/span_leftFooterTitle' is: 'EXCLUSIVE EMAIL SPECIALS'

2022-01-17 13:06:17 - [MESSAGE][WARNING] - Timeout '0' is invalid. Using default page load timeout: '30'

2022-01-17 13:06:18 - [MESSAGE][PASSED] - Object 'Object Repository/defaultFooter/footerBody/leftColumn/span_leftFooterTitle' is present

2022-01-17 13:06:18 - [MESSAGE][PASSED] - Text of object 'Object Repository/defaultFooter/footerBody/leftColumn/span_leftFooterTitle' is: 'EXCLUSIVE EMAIL SPECIALS'

2022-01-17 13:06:18 - [TEST_STEP][PASSED] - defaultFooterValidatins.verifyExistingOfLeftFooterSubTitle(): Text of object 'Object Repository/defaultFooter/footerBody/leftColumn/span_leftFootersubTitle' is: 'Get Specials, Exclusive Promotions & Updates'

2022-01-17 13:06:19 - [MESSAGE][WARNING] - Timeout '0' is invalid. Using default page load timeout: '30'

2022-01-17 13:06:19 - [MESSAGE][PASSED] - Object 'Object Repository/defaultFooter/footerBody/leftColumn/span_leftFootersubTitle' is present

2022-01-17 13:06:19 - [MESSAGE][PASSED] - Text of object 'Object Repository/defaultFooter/footerBody/leftColumn/span_leftFootersubTitle' is: 'Get Specials, Exclusive Promotions & Updates'

2022-01-17 13:06:19 - [TEST_STEP][PASSED] - defaultFooterValidatins.verifyExistingOfEmailAndValidatingIt(): Object 'Object Repository/defaultFooter/footerBody/leftColumn/span_leftFooterTitle' is present

2022-01-17 13:06:20 - [MESSAGE][PASSED] - Object 'Object Repository/defaultFooter/footerBody/leftColumn/span_leftFooterTitle' is present

2022-01-17 13:06:20 - [TEST_STEP][PASSED] - defaultFooterActions.fillEmailSubscriber(): Attribute 'value' of object 'Object Repository/defaultFooter/footerBody/leftColumn/input_emailSubscribe' is: 'test@test.com'

2022-01-17 13:06:21 - [MESSAGE][PASSED] - Text 'test@test.com' is set on object 'Object Repository/defaultFooter/footerBody/leftColumn/input_emailSubscribe'

2022-01-17 13:06:21 - [MESSAGE][PASSED] - Attribute 'value' of object 'Object Repository/defaultFooter/footerBody/leftColumn/input_emailSubscribe' is: 'test@test.com'

2022-01-17 13:06:21 - [TEST_STEP][PASSED] - defaultFooterActions.clickOnSignUpSubscriber(): Text of object 'Object Repository/defaultFooter/footerBody/leftColumn/span_successMessage' is: 'Thanks for signing up'

2022-01-17 13:06:21 - [MESSAGE][PASSED] - Object: 'Object Repository/defaultFooter/footerBody/leftColumn/a_signIpSubscriber' is clicked on

2022-01-17 13:06:22 - [MESSAGE][PASSED] - Object 'Object Repository/defaultFooter/footerBody/leftColumn/span_successMessage' is visible

2022-01-17 13:06:23 - [MESSAGE][PASSED] - Text of object 'Object Repository/defaultFooter/footerBody/leftColumn/span_successMessage' is: 'Thanks for signing up'

2022-01-17 13:06:23 - [TEST_STEP][PASSED] - defaultFooterValidatins.verifyExistingOfConnectUsTitleandhasexpectedTitle(): Text of object 'Object Repository/defaultFooter/footerBody/leftColumn/span_contactUsTitle' is: 'CONNECT WITH US'

2022-01-17 13:06:23 - [MESSAGE][PASSED] - Object 'Object Repository/defaultFooter/footerBody/leftColumn/span_contactUsTitle' is present

2022-01-17 13:06:23 - [MESSAGE][PASSED] - Text of object 'Object Repository/defaultFooter/footerBody/leftColumn/span_contactUsTitle' is: 'CONNECT WITH US'

2022-01-17 13:06:23 - [TEST_STEP][PASSED] - defaultFooterValidatins.verifyEmailContactAddresAndHasExpectedAddress(): Object 'Object Repository/defaultFooter/footerBody/leftColumn/span_emailIcon' is present

2022-01-17 13:06:24 - [MESSAGE][PASSED] - Object 'Object Repository/defaultFooter/footerBody/leftColumn/span_emailIcon' is present

2022-01-17 13:06:24 - [TEST_STEP][PASSED] - defaultFooterValidatins.verifyExistingangOfEmailIconAndHasExpectedStyle(): Get CSS 'color' value on 'Object Repository/defaultFooter/footerBody/leftColumn/span_emailIcon' successfully: 'rgba(255, 255, 255, 1)'.

2022-01-17 13:06:24 - [MESSAGE][PASSED] - Object 'Object Repository/defaultFooter/footerBody/leftColumn/span_emailIcon' is present

2022-01-17 13:06:24 - [MESSAGE][PASSED] - Get CSS 'color' value on 'Object Repository/defaultFooter/footerBody/leftColumn/span_emailIcon' successfully: 'rgba(255, 255, 255, 1)'.

2022-01-17 13:06:24 - [TEST_STEP][PASSED] - defaultFooterValidatins.verifyContactInfoAddressAsExpected(): Text of object 'Object Repository/defaultFooter/footerBody/leftColumn/span_contactInfo' is: 'Monday - Friday 8am - 8pm EST'

2022-01-17 13:06:25 - [MESSAGE][PASSED] - Object 'Object Repository/defaultFooter/footerBody/leftColumn/span_contactInfo' is present

2022-01-17 13:06:25 - [MESSAGE][PASSED] - Text of object 'Object Repository/defaultFooter/footerBody/leftColumn/span_contactInfo' is: 'Monday - Friday 8am - 8pm EST'

2022-01-17 13:06:25 - [TEST_STEP][PASSED] - defaultFooterValidatins.verifyExistingangOfPhoneIconAndHasExpectedStyle(): Get CSS 'color' value on 'Object Repository/defaultFooter/footerBody/leftColumn/span_mobileIcon' successfully: 'rgba(255, 255, 255, 1)'.

2022-01-17 13:06:26 - [MESSAGE][PASSED] - Object 'Object Repository/defaultFooter/footerBody/leftColumn/span_mobileIcon' is present

2022-01-17 13:06:26 - [MESSAGE][PASSED] - Get CSS 'color' value on 'Object Repository/defaultFooter/footerBody/leftColumn/span_mobileIcon' successfully: 'rgba(255, 255, 255, 1)'.

2022-01-17 13:06:26 - [TEST_STEP][PASSED] - english = "Object Repository/defaultFooter/footerBody/leftColumn/div_englishSpeaking": null

2022-01-17 13:06:26 - [TEST_STEP][PASSED] - defaultFooterHelpers.verifyPresentOfContactNumberasExpectedTextAndStyle(english, englishContact): Get CSS 'color' value on 'Object Repository/defaultFooter/footerBody/leftColumn/div_englishSpeaking' successfully: 'rgba(255, 255, 255, 1)'.

2022-01-17 13:06:27 - [MESSAGE][PASSED] - Object 'Object Repository/defaultFooter/footerBody/leftColumn/div_englishSpeaking' is present

2022-01-17 13:06:27 - [MESSAGE][PASSED] - Text of object 'Object Repository/defaultFooter/footerBody/leftColumn/div_englishSpeaking' is: '1-800-388-5410 English Speaking'

2022-01-17 13:06:28 - [MESSAGE][PASSED] - Get CSS 'color' value on 'Object Repository/defaultFooter/footerBody/leftColumn/div_englishSpeaking' successfully: 'rgba(255, 255, 255, 1)'.

2022-01-17 13:06:28 - [TEST_STEP][PASSED] - korean = "Object Repository/defaultFooter/footerBody/leftColumn/div_koreanSpeaking": null

2022-01-17 13:06:28 - [TEST_STEP][PASSED] - defaultFooterHelpers.verifyPresentOfContactNumberasExpectedTextAndStyle(korean, koreanSpeaking): Get CSS 'color' value on 'Object Repository/defaultFooter/footerBody/leftColumn/div_koreanSpeaking' successfully: 'rgba(255, 255, 255, 1)'.

2022-01-17 13:06:28 - [MESSAGE][PASSED] - Object 'Object Repository/defaultFooter/footerBody/leftColumn/div_koreanSpeaking' is present

2022-01-17 13:06:29 - [MESSAGE][PASSED] - Text of object 'Object Repository/defaultFooter/footerBody/leftColumn/div_koreanSpeaking' is: '1-800-388-0190 Korean Speaking'

2022-01-17 13:06:29 - [MESSAGE][PASSED] - Get CSS 'color' value on 'Object Repository/defaultFooter/footerBody/leftColumn/div_koreanSpeaking' successfully: 'rgba(255, 255, 255, 1)'.

2022-01-17 13:06:29 - [TEST_STEP][PASSED] - international = "Object Repository/defaultFooter/footerBody/leftColumn/div_internationalOrders": null

2022-01-17 13:06:29 - [TEST_STEP][PASSED] - defaultFooterHelpers.verifyPresentOfContactNumberasExpectedTextAndStyle(international, internationalOrdersContact): Get CSS 'color' value on 'Object Repository/defaultFooter/footerBody/leftColumn/div_internationalOrders' successfully: 'rgba(255, 255, 255, 1)'.

2022-01-17 13:06:30 - [MESSAGE][PASSED] - Object 'Object Repository/defaultFooter/footerBody/leftColumn/div_internationalOrders' is present

2022-01-17 13:06:30 - [MESSAGE][PASSED] - Text of object 'Object Repository/defaultFooter/footerBody/leftColumn/div_internationalOrders' is: '1-607-584-5853 International Orders'

2022-01-17 13:06:31 - [MESSAGE][PASSED] - Get CSS 'color' value on 'Object Repository/defaultFooter/footerBody/leftColumn/div_internationalOrders' successfully: 'rgba(255, 255, 255, 1)'.

2022-01-17 13:06:31 - [TEST_STEP][PASSED] - defaultFooterValidatins.verifyLogoExisting(): Get CSS 'height' value on 'Object Repository/defaultFooter/footerBody/rightColumn/img_bbb-logo' successfully: '38px'.

2022-01-17 13:06:31 - [MESSAGE][PASSED] - Object 'Object Repository/defaultFooter/footerBody/rightColumn/img_bbb-logo' is present

2022-01-17 13:06:32 - [MESSAGE][PASSED] - Get CSS 'width' value on 'Object Repository/defaultFooter/footerBody/rightColumn/img_bbb-logo' successfully: '96px'.

2022-01-17 13:06:32 - [MESSAGE][PASSED] - Get CSS 'height' value on 'Object Repository/defaultFooter/footerBody/rightColumn/img_bbb-logo' successfully: '38px'.

2022-01-17 13:06:32 - [TEST_STEP][PASSED] - defaultFooterValidatins.verifyFaceBookIconExistingAndRedirection(): Get CSS 'color' value on 'Object Repository/defaultFooter/footerBody/leftColumn/a_facebook' successfully: 'rgba(255, 255, 255, 1)'.

2022-01-17 13:06:33 - [MESSAGE][PASSED] - Object 'Object Repository/defaultFooter/footerBody/leftColumn/a_facebook' is present

2022-01-17 13:06:34 - [MESSAGE][PASSED] - Get CSS 'color' value on 'Object Repository/defaultFooter/footerBody/leftColumn/a_facebook' successfully: 'rgba(255, 255, 255, 1)'.

2022-01-17 13:06:34 - [TEST_STEP][PASSED] - defaultFooterValidatins.verifyYoutubeIconExistingAndRedirection(): Get CSS 'color' value on 'Object Repository/defaultFooter/footerBody/leftColumn/a_youtube' successfully: 'rgba(255, 255, 255, 1)'.

2022-01-17 13:06:34 - [MESSAGE][PASSED] - Object 'Object Repository/defaultFooter/footerBody/leftColumn/a_youtube' is present

2022-01-17 13:06:34 - [MESSAGE][PASSED] - Get CSS 'color' value on 'Object Repository/defaultFooter/footerBody/leftColumn/a_youtube' successfully: 'rgba(255, 255, 255, 1)'.

2022-01-17 13:06:34 - [TEST_STEP][PASSED] - defaultFooterValidatins.verifyInstagramIconExistingAndRedirection(): Get CSS 'color' value on 'Object Repository/defaultFooter/footerBody/leftColumn/a_instagram' successfully: 'rgba(255, 255, 255, 1)'.

2022-01-17 13:06:35 - [MESSAGE][PASSED] - Object 'Object Repository/defaultFooter/footerBody/leftColumn/a_instagram' is present

2022-01-17 13:06:35 - [MESSAGE][PASSED] - Get CSS 'color' value on 'Object Repository/defaultFooter/footerBody/leftColumn/a_instagram' successfully: 'rgba(255, 255, 255, 1)'.

2022-01-17 13:06:35 - [TEST_STEP][PASSED] - defaultFooterValidatins.verifylinkedInIconExistingAndRedirection(): Get CSS 'color' value on 'Object Repository/defaultFooter/footerBody/leftColumn/a_linkedIn' successfully: 'rgba(255, 255, 255, 1)'.

2022-01-17 13:06:36 - [MESSAGE][PASSED] - Object 'Object Repository/defaultFooter/footerBody/leftColumn/a_linkedIn' is present

2022-01-17 13:06:36 - [MESSAGE][PASSED] - Get CSS 'color' value on 'Object Repository/defaultFooter/footerBody/leftColumn/a_linkedIn' successfully: 'rgba(255, 255, 255, 1)'.

2022-01-17 13:06:41 - [TEST_STEP][PASSED] - Video: Video recording for test case 'Test Cases/Footer/Footer TC' .

2022-01-17 13:06:41 - [MESSAGE][INFO] - Video recording for test case 'Test Cases/Footer/Footer TC' .]]></system-out>
         <system-err><![CDATA[]]></system-err>
      </testcase>
      <system-out><![CDATA[2022-01-17 13:05:19 - [TEST_SUITE][PASSED] - Footer: Test Cases/Footer/Footer TC]]></system-out>
      <system-err><![CDATA[]]></system-err>
   </testsuite>
</testsuites>
