<?xml version="1.0" encoding="UTF-8"?>
<testsuites name="Cleaner Supply collection" time="1229.068" tests="10" failures="1" errors="0">
   <testsuite name="Header" tests="1" failures="0" errors="0" time="76.424" skipped="0" timestamp="2022-01-16 00:12:00" hostname="waleedafifi - localhost" id="Test Suites/Header">
      <properties>
         <property name="deviceName" value=""/>
         <property name="devicePlatform" value=""/>
         <property name="logFolder" value="/Users/waleedafifi/git/cleanersupply/Reports/20220116_001143/Header/20220116_001144"/>
         <property name="logFiles" value="/Users/waleedafifi/git/cleanersupply/Reports/20220116_001143/Header/20220116_001144/execution0.log"/>
         <property name="attachments" value=""/>
         <property name="hostName" value="waleedafifi - localhost"/>
         <property name="os" value="Mac OS X 64bit"/>
         <property name="katalonVersion" value="8.2.0.208"/>
         <property name="browser" value="Chrome 97.0.4692.71"/>
         <property name="hostAddress" value="127.0.0.1"/>
         <property name="sessionId" value="925250bcbe3d6442d0b58fd44bf083b4"/>
         <property name="seleniumVersion" value="3.141.59"/>
         <property name="proxyInformation" value="ProxyInformation { proxyOption=NO_PROXY, proxyServerType=HTTP, username=, password=********, proxyServerAddress=, proxyServerPort=0, executionList=&quot;&quot;, isApplyToDesiredCapabilities=true }"/>
         <property name="platform" value="Mac OS X"/>
      </properties>
      <testcase name="Test Cases/Header/Primary Header TC" time="76.013" classname="Test Cases/Header/Primary Header TC" status="PASSED">
         <system-out><![CDATA[2022-01-16 00:12:00 - [TEST_CASE][PASSED] - Test Cases/Header/Primary Header TC: Test Cases/Header/Primary Header TC

2022-01-16 00:12:01 - [TEST_STEP][PASSED] - GeneralHelpers.initScenario(): Current window's url is: 'https://www.cleanersupply.com/'

2022-01-16 00:12:01 - [MESSAGE][INFO] - Starting 'Chrome' driver

2022-01-16 00:12:01 - [MESSAGE][INFO] - Action delay is set to 0 milliseconds

2022-01-16 00:12:09 - [MESSAGE][PASSED] - Browser is opened with url: ''

2022-01-16 00:12:12 - [MESSAGE][PASSED] - Current window maximized

2022-01-16 00:12:50 - [MESSAGE][PASSED] - Navigate to 'https://www.cleanersupply.com/' successfully

2022-01-16 00:12:50 - [MESSAGE][PASSED] - Wait for page load successfully

2022-01-16 00:12:50 - [MESSAGE][PASSED] - Current window's title is: 'Cleaner's Supply - Dry Cleaning Supplies'

2022-01-16 00:12:50 - [MESSAGE][PASSED] - Current window's title is: 'Cleaner's Supply - Dry Cleaning Supplies'

2022-01-16 00:12:50 - [MESSAGE][PASSED] - Current window's url is: 'https://www.cleanersupply.com/'

2022-01-16 00:12:50 - [TEST_STEP][PASSED] - PrimaryHeaderHelpers.topNav(): Object 'Object Repository/Primary Header/button_myAccount' is present

2022-01-16 00:12:53 - [MESSAGE][PASSED] - Get CSS 'background-color' value on 'Object Repository/Primary Header/div_navTop' successfully: 'rgba(255, 200, 11, 1)'.

2022-01-16 00:12:53 - [MESSAGE][PASSED] - Object 'Object Repository/Primary Header/div_navTop' is present

2022-01-16 00:12:54 - [MESSAGE][PASSED] - Object 'Object Repository/Primary Header/div_headerSearch' is present

2022-01-16 00:12:54 - [MESSAGE][PASSED] - Object 'Object Repository/Primary Header/a_quickOrder' is present

2022-01-16 00:12:54 - [MESSAGE][PASSED] - Object 'Object Repository/Primary Header/img_logo' is present

2022-01-16 00:12:55 - [MESSAGE][PASSED] - Get CSS 'width' value on 'Object Repository/Primary Header/img_logo' successfully: '121px'.

2022-01-16 00:12:55 - [MESSAGE][PASSED] - Object 'Object Repository/Primary Header/header' is present

2022-01-16 00:12:55 - [MESSAGE][PASSED] - Object 'Object Repository/Primary Header/a_cart' is present

2022-01-16 00:12:56 - [MESSAGE][PASSED] - Object 'Object Repository/Primary Header/button_myAccount' is present

2022-01-16 00:12:56 - [TEST_STEP][PASSED] - PrimaryHeaderHelpers.rightLinkehoverEffect(): Get CSS 'color' value on 'Object Repository/Primary Header/i_iconReOrder' successfully: 'rgba(82, 36, 127, 1)'.

2022-01-16 00:12:56 - [MESSAGE][PASSED] - Object: 'Object Repository/Primary Header/button_myAccount' is hovered

2022-01-16 00:12:57 - [MESSAGE][PASSED] - Get CSS 'color' value on 'Object Repository/Primary Header/i_iconMyAccount' successfully: 'rgba(82, 36, 127, 1)'.

2022-01-16 00:12:57 - [MESSAGE][PASSED] - Object: 'Object Repository/Primary Header/a_quickOrder' is hovered

2022-01-16 00:12:58 - [MESSAGE][PASSED] - Get CSS 'color' value on 'Object Repository/Primary Header/i_iconQuickOrder' successfully: 'rgba(82, 36, 127, 1)'.

2022-01-16 00:12:58 - [MESSAGE][PASSED] - Object: 'Object Repository/Primary Header/a_reOrder' is hovered

2022-01-16 00:12:59 - [MESSAGE][PASSED] - Get CSS 'color' value on 'Object Repository/Primary Header/i_iconReOrder' successfully: 'rgba(82, 36, 127, 1)'.

2022-01-16 00:12:59 - [TEST_STEP][PASSED] - PrimaryHeaderHelpers.cartLinkHover(): Text of object 'Object Repository/Primary Header/span_emptCart' is: 'YOUR CART IS EMPTY
AND VERY SAD'

2022-01-16 00:13:00 - [MESSAGE][PASSED] - Object: 'Object Repository/Primary Header/a_cart' is hovered

2022-01-16 00:13:00 - [MESSAGE][PASSED] - Get CSS 'background-color' value on 'Object Repository/Mini Cart/a_miniCartLink' successfully: 'rgba(255, 255, 255, 1)'.

2022-01-16 00:13:01 - [MESSAGE][PASSED] - Get CSS 'color' value on 'Object Repository/Mini Cart/a_miniCartLink' successfully: 'rgba(82, 36, 127, 1)'.

2022-01-16 00:13:01 - [MESSAGE][PASSED] - Object 'Object Repository/Mini Cart/div_miniCartDropDown' is present

2022-01-16 00:13:01 - [MESSAGE][PASSED] - Text of object 'Object Repository/Primary Header/span_emptCart' is: 'YOUR CART IS EMPTY
AND VERY SAD'

2022-01-16 00:13:01 - [TEST_STEP][PASSED] - PrimaryHeaderHelpers.myAccountButton(): Object 'Object Repository/Primary Header/My Account/div.accountDropDown' is present

2022-01-16 00:13:02 - [MESSAGE][PASSED] - Object: 'Object Repository/Primary Header/button_myAccount' is clicked on

2022-01-16 00:13:03 - [MESSAGE][PASSED] - Attribute 'class' of object 'Object Repository/Primary Header/li_myAccount' is: 'dropdown hidden-mobile account-container open'

2022-01-16 00:13:03 - [MESSAGE][PASSED] - Object 'Object Repository/Primary Header/My Account/div.accountDropDown' is present

2022-01-16 00:13:03 - [TEST_STEP][PASSED] - PrimaryHeaderHelpers.headerTopBar(): Get CSS 'font-family' value on 'Object Repository/Primary Header/TobBar/a_headerShippingDetails' successfully: '"Nunito Sans", sans-serif'.

2022-01-16 00:13:04 - [MESSAGE][PASSED] - Object 'Object Repository/Primary Header/TobBar/div_topBarHeader' is present

2022-01-16 00:13:04 - [MESSAGE][PASSED] - Get CSS 'background-color' value on 'Object Repository/Primary Header/TobBar/div_topBarHeader' successfully: 'rgba(243, 243, 244, 1)'.

2022-01-16 00:13:04 - [MESSAGE][PASSED] - Get CSS 'text-align' value on 'Object Repository/Primary Header/TobBar/div_infoHolder' successfully: 'center'.

2022-01-16 00:13:05 - [MESSAGE][PASSED] - Text of object 'Object Repository/Primary Header/TobBar/span_headerShippingInfo' is: 'FREE SHIPPING & RETURNS ON ORDERS OVER $99'

2022-01-16 00:13:05 - [MESSAGE][PASSED] - Get CSS 'font-weight' value on 'Object Repository/Primary Header/TobBar/span_headerShippingInfo' successfully: '900'.

2022-01-16 00:13:05 - [MESSAGE][PASSED] - Get CSS 'color' value on 'Object Repository/Primary Header/TobBar/span_headerShippingInfo' successfully: 'rgba(0, 0, 0, 1)'.

2022-01-16 00:13:06 - [MESSAGE][PASSED] - Get CSS 'font-family' value on 'Object Repository/Primary Header/TobBar/span_headerShippingInfo' successfully: '"Nunito Sans", sans-serif'.

2022-01-16 00:13:06 - [MESSAGE][PASSED] - Get CSS 'font-weight' value on 'Object Repository/Primary Header/TobBar/a_headerShippingDetails' successfully: '400'.

2022-01-16 00:13:07 - [MESSAGE][PASSED] - Get CSS 'color' value on 'Object Repository/Primary Header/TobBar/a_headerShippingDetails' successfully: 'rgba(0, 0, 0, 1)'.

2022-01-16 00:13:07 - [MESSAGE][PASSED] - Get CSS 'font-family' value on 'Object Repository/Primary Header/TobBar/a_headerShippingDetails' successfully: '"Nunito Sans", sans-serif'.

2022-01-16 00:13:07 - [TEST_STEP][PASSED] - PrimaryHeaderHelpers.shippingDetailsAction(): Get CSS 'text-decoration' value on 'Object Repository/Primary Header/TobBar/a_headerShippingDetails' successfully: 'underline solid rgb(0, 0, 0)'.

2022-01-16 00:13:08 - [MESSAGE][PASSED] - Object: 'Object Repository/Primary Header/TobBar/a_headerShippingDetails' is hovered

2022-01-16 00:13:08 - [MESSAGE][PASSED] - Get CSS 'text-decoration' value on 'Object Repository/Primary Header/TobBar/a_headerShippingDetails' successfully: 'underline solid rgb(0, 0, 0)'.

2022-01-16 00:13:08 - [TEST_STEP][PASSED] - PrimaryHeaderHelpers.customerService(): Get CSS 'font-family' value on 'Object Repository/Primary Header/TobBar/a_customerServiceLink' successfully: '"Nunito Sans", sans-serif'.

2022-01-16 00:13:08 - [MESSAGE][PASSED] - Object 'Object Repository/Primary Header/TobBar/div_customerServicesArea' is present

2022-01-16 00:13:09 - [MESSAGE][PASSED] - Get CSS 'font-weight' value on 'Object Repository/Primary Header/TobBar/span_customerAreaPhone' successfully: '700'.

2022-01-16 00:13:10 - [MESSAGE][PASSED] - Get CSS 'color' value on 'Object Repository/Primary Header/TobBar/span_customerAreaPhone' successfully: 'rgba(0, 0, 0, 1)'.

2022-01-16 00:13:10 - [MESSAGE][PASSED] - Get CSS 'font-family' value on 'Object Repository/Primary Header/TobBar/span_customerAreaPhone' successfully: '"Nunito Sans", sans-serif'.

2022-01-16 00:13:11 - [MESSAGE][PASSED] - Get CSS 'font-weight' value on 'Object Repository/Primary Header/TobBar/a_customerServiceLink' successfully: '700'.

2022-01-16 00:13:11 - [MESSAGE][PASSED] - Get CSS 'color' value on 'Object Repository/Primary Header/TobBar/a_customerServiceLink' successfully: 'rgba(0, 0, 0, 1)'.

2022-01-16 00:13:11 - [MESSAGE][PASSED] - Get CSS 'font-family' value on 'Object Repository/Primary Header/TobBar/a_customerServiceLink' successfully: '"Nunito Sans", sans-serif'.

2022-01-16 00:13:11 - [TEST_STEP][PASSED] - PrimaryHeaderHelpers.customerServiceLinkAction(): Get CSS 'text-decoration' value on 'Object Repository/Primary Header/TobBar/a_customerServiceLink' successfully: 'underline solid rgb(0, 0, 0)'.

2022-01-16 00:13:12 - [MESSAGE][PASSED] - Object: 'Object Repository/Primary Header/TobBar/a_customerServiceLink' is hovered

2022-01-16 00:13:13 - [MESSAGE][PASSED] - Get CSS 'text-decoration' value on 'Object Repository/Primary Header/TobBar/a_customerServiceLink' successfully: 'underline solid rgb(0, 0, 0)'.

2022-01-16 00:13:13 - [TEST_STEP][PASSED] - closeBrowser(): Browser is closed

2022-01-16 00:13:13 - [MESSAGE][PASSED] - Browser is closed

2022-01-16 00:13:16 - [TEST_STEP][PASSED] - Video: Video recording for test case 'Test Cases/Header/Primary Header TC' .

2022-01-16 00:13:16 - [MESSAGE][INFO] - Video recording for test case 'Test Cases/Header/Primary Header TC' .]]></system-out>
         <system-err><![CDATA[]]></system-err>
      </testcase>
      <system-out><![CDATA[2022-01-16 00:12:00 - [TEST_SUITE][PASSED] - Header: Test Cases/Header/Primary Header TC]]></system-out>
      <system-err><![CDATA[]]></system-err>
   </testsuite>
   <testsuite name="Checkout" tests="3" failures="1" errors="0" time="439.703" skipped="0" timestamp="2022-01-16 00:13:25" hostname="waleedafifi - localhost" id="Test Suites/Checkout">
      <properties>
         <property name="deviceName" value=""/>
         <property name="devicePlatform" value=""/>
         <property name="logFolder" value="/Users/waleedafifi/git/cleanersupply/Reports/20220116_001143/Checkout/20220116_001146"/>
         <property name="logFiles" value="/Users/waleedafifi/git/cleanersupply/Reports/20220116_001143/Checkout/20220116_001146/execution0.log"/>
         <property name="attachments" value=""/>
         <property name="hostName" value="waleedafifi - localhost"/>
         <property name="os" value="Mac OS X 64bit"/>
         <property name="katalonVersion" value="8.2.0.208"/>
         <property name="browser" value="Chrome 97.0.4692.71"/>
         <property name="hostAddress" value="127.0.0.1"/>
         <property name="sessionId" value="c2504597b98317cd2521de6eb5836a69"/>
         <property name="seleniumVersion" value="3.141.59"/>
         <property name="proxyInformation" value="ProxyInformation { proxyOption=NO_PROXY, proxyServerType=HTTP, username=, password=********, proxyServerAddress=, proxyServerPort=0, executionList=&quot;&quot;, isApplyToDesiredCapabilities=true }"/>
         <property name="platform" value="Mac OS X"/>
      </properties>
      <testcase name="Test Cases/Checkout Scenario/Product Details" time="217.849" classname="Test Cases/Checkout Scenario/Product Details" status="PASSED">
         <system-out><![CDATA[2022-01-16 00:13:25 - [TEST_CASE][PASSED] - Test Cases/Checkout Scenario/Product Details: Test Cases/Checkout Scenario/Product Details

2022-01-16 00:13:26 - [TEST_STEP][PASSED] - GeneralHelpers.initScenario(): Current window's url is: 'https://www.cleanersupply.com/'

2022-01-16 00:13:26 - [MESSAGE][INFO] - Starting 'Chrome' driver

2022-01-16 00:13:26 - [MESSAGE][INFO] - Action delay is set to 0 milliseconds

2022-01-16 00:13:33 - [MESSAGE][PASSED] - Browser is opened with url: ''

2022-01-16 00:13:33 - [MESSAGE][PASSED] - Current window maximized

2022-01-16 00:13:46 - [MESSAGE][PASSED] - Navigate to 'https://www.cleanersupply.com/' successfully

2022-01-16 00:13:46 - [MESSAGE][PASSED] - Wait for page load successfully

2022-01-16 00:13:46 - [MESSAGE][PASSED] - Current window's title is: 'Cleaner's Supply - Dry Cleaning Supplies'

2022-01-16 00:13:46 - [MESSAGE][PASSED] - Current window's title is: 'Cleaner's Supply - Dry Cleaning Supplies'

2022-01-16 00:13:46 - [MESSAGE][PASSED] - Current window's url is: 'https://www.cleanersupply.com/'

2022-01-16 00:13:46 - [TEST_STEP][PASSED] - GeneralHelpers.headerSearchFillAndClick(): Object: 'Object Repository/Product details/btn_searchAction' is clicked on

2022-01-16 00:13:50 - [MESSAGE][PASSED] - Text 'Plastic' is set on object 'Object Repository/Product details/input_searchField'

2022-01-16 00:13:51 - [MESSAGE][PASSED] - Attribute 'value' of object 'Object Repository/Product details/input_searchField' is: 'Plastic'

2022-01-16 00:13:52 - [MESSAGE][PASSED] - Object 'Object Repository/Product details/div_searchAutocompleteBox' is visible

2022-01-16 00:13:52 - [MESSAGE][PASSED] - Attribute 'class' of object 'Object Repository/Product details/div_searchAutocompleteBox' is: 'search-autocomplete dropdown-menu open'

2022-01-16 00:13:53 - [MESSAGE][PASSED] - Text of object 'Object Repository/Product details/div_searchHeaderTopBar' is: 'Search for PLASTIC'

2022-01-16 00:13:53 - [MESSAGE][PASSED] - Get CSS 'background-color' value on 'Object Repository/Product details/div_searchHeaderTopBar' successfully: 'rgba(82, 36, 127, 1)'.

2022-01-16 00:13:58 - [MESSAGE][PASSED] - Object: 'Object Repository/Product details/btn_searchAction' is clicked on

2022-01-16 00:13:58 - [TEST_STEP][PASSED] - GeneralHelpers.navigateToResultPage(): Text of object 'Object Repository/Product details/h1_sectionHeading' is: 'SEARCH RESULTS'

2022-01-16 00:13:58 - [MESSAGE][PASSED] - Current window's title is: 'Search Results - Cleaner's Supply'

2022-01-16 00:13:58 - [MESSAGE][PASSED] - Current window's url is: 'https://www.cleanersupply.com/search-results/?q=Plastic'

2022-01-16 00:14:00 - [MESSAGE][PASSED] - Text of object 'Object Repository/Product details/h1_sectionHeading' is: 'SEARCH RESULTS'

2022-01-16 00:14:00 - [TEST_STEP][PASSED] - SearchResultPageValidations.verifyDefaultValues(): Attribute 'class' of object '' is: ' '

2022-01-16 00:14:01 - [MESSAGE][PASSED] - Text of object 'Object Repository/Search Result/h2_productListHeading' is: 'RESULTS FOR "PLASTIC" (224)'

2022-01-16 00:14:01 - [MESSAGE][PASSED] - Text of object 'Object Repository/Search Result/h2_productListHeading' is: 'RESULTS FOR "PLASTIC" (224)'

2022-01-16 00:14:02 - [MESSAGE][PASSED] - Text of object 'Object Repository/Search Result/span_filterOption' is: 'Featured'

2022-01-16 00:14:02 - [MESSAGE][PASSED] - Web element with id: 'Object Repository/Search Result/ul_selectedFilters' located by 'By.cssSelector: ul.selected-filters' is not present after '5' second(s)

2022-01-16 00:14:03 - [MESSAGE][PASSED] - Attribute 'class' of object '' is: ' '

2022-01-16 00:14:03 - [MESSAGE][PASSED] - Attribute 'class' of object '' is: ' '

2022-01-16 00:14:03 - [MESSAGE][PASSED] - Attribute 'class' of object '' is: ' '

2022-01-16 00:14:03 - [MESSAGE][PASSED] - Attribute 'class' of object '' is: ' '

2022-01-16 00:14:03 - [MESSAGE][PASSED] - Attribute 'class' of object '' is: ' '

2022-01-16 00:14:03 - [MESSAGE][PASSED] - Attribute 'class' of object '' is: ' '

2022-01-16 00:14:03 - [MESSAGE][PASSED] - Attribute 'class' of object '' is: ' '

2022-01-16 00:14:03 - [MESSAGE][PASSED] - Attribute 'class' of object '' is: ' '

2022-01-16 00:14:03 - [MESSAGE][PASSED] - Attribute 'class' of object '' is: ' '

2022-01-16 00:14:03 - [MESSAGE][PASSED] - Attribute 'class' of object '' is: ' '

2022-01-16 00:14:03 - [MESSAGE][PASSED] - Attribute 'class' of object '' is: ' '

2022-01-16 00:14:03 - [MESSAGE][PASSED] - Attribute 'class' of object '' is: ' '

2022-01-16 00:14:03 - [MESSAGE][PASSED] - Attribute 'class' of object '' is: ' '

2022-01-16 00:14:03 - [MESSAGE][PASSED] - Attribute 'class' of object '' is: ' '

2022-01-16 00:14:03 - [MESSAGE][PASSED] - Attribute 'class' of object '' is: ' '

2022-01-16 00:14:03 - [MESSAGE][PASSED] - Attribute 'class' of object '' is: ' '

2022-01-16 00:14:03 - [MESSAGE][PASSED] - Attribute 'class' of object '' is: ' '

2022-01-16 00:14:03 - [MESSAGE][PASSED] - Attribute 'class' of object '' is: ' '

2022-01-16 00:14:03 - [MESSAGE][PASSED] - Attribute 'class' of object '' is: ' '

2022-01-16 00:14:03 - [MESSAGE][PASSED] - Attribute 'class' of object '' is: ' '

2022-01-16 00:14:03 - [MESSAGE][PASSED] - Attribute 'class' of object '' is: ' '

2022-01-16 00:14:03 - [MESSAGE][PASSED] - Attribute 'class' of object '' is: ' '

2022-01-16 00:14:03 - [MESSAGE][PASSED] - Attribute 'class' of object '' is: ' '

2022-01-16 00:14:03 - [MESSAGE][PASSED] - Attribute 'class' of object '' is: ' '

2022-01-16 00:14:03 - [MESSAGE][PASSED] - Attribute 'class' of object '' is: ' '

2022-01-16 00:14:03 - [MESSAGE][PASSED] - Attribute 'class' of object '' is: ' '

2022-01-16 00:14:03 - [MESSAGE][PASSED] - Attribute 'class' of object '' is: ' '

2022-01-16 00:14:03 - [MESSAGE][PASSED] - Attribute 'class' of object '' is: ' '

2022-01-16 00:14:03 - [MESSAGE][PASSED] - Attribute 'class' of object '' is: ' '

2022-01-16 00:14:03 - [MESSAGE][PASSED] - Attribute 'class' of object '' is: ' '

2022-01-16 00:14:03 - [MESSAGE][PASSED] - Attribute 'class' of object '' is: ' '

2022-01-16 00:14:03 - [MESSAGE][PASSED] - Attribute 'class' of object '' is: ' '

2022-01-16 00:14:03 - [MESSAGE][PASSED] - Attribute 'class' of object '' is: ' '

2022-01-16 00:14:03 - [MESSAGE][PASSED] - Attribute 'class' of object '' is: ' '

2022-01-16 00:14:03 - [MESSAGE][PASSED] - Attribute 'class' of object '' is: ' '

2022-01-16 00:14:03 - [MESSAGE][PASSED] - Attribute 'class' of object '' is: ' '

2022-01-16 00:14:03 - [MESSAGE][PASSED] - Attribute 'class' of object '' is: ' '

2022-01-16 00:14:03 - [MESSAGE][PASSED] - Attribute 'class' of object '' is: ' '

2022-01-16 00:14:04 - [MESSAGE][PASSED] - Attribute 'class' of object '' is: ' '

2022-01-16 00:14:04 - [MESSAGE][PASSED] - Attribute 'class' of object '' is: ' '

2022-01-16 00:14:04 - [MESSAGE][PASSED] - Attribute 'class' of object '' is: ' '

2022-01-16 00:14:04 - [MESSAGE][PASSED] - Attribute 'class' of object '' is: ' '

2022-01-16 00:14:04 - [MESSAGE][PASSED] - Attribute 'class' of object '' is: ' '

2022-01-16 00:14:04 - [MESSAGE][PASSED] - Attribute 'class' of object '' is: ' '

2022-01-16 00:14:04 - [MESSAGE][PASSED] - Attribute 'class' of object '' is: ' '

2022-01-16 00:14:04 - [MESSAGE][PASSED] - Attribute 'class' of object '' is: ' '

2022-01-16 00:14:04 - [MESSAGE][PASSED] - Attribute 'class' of object '' is: ' '

2022-01-16 00:14:04 - [MESSAGE][PASSED] - Attribute 'class' of object '' is: ' '

2022-01-16 00:14:04 - [MESSAGE][PASSED] - Attribute 'class' of object '' is: ' '

2022-01-16 00:14:04 - [MESSAGE][PASSED] - Attribute 'class' of object '' is: ' '

2022-01-16 00:14:04 - [MESSAGE][PASSED] - Attribute 'class' of object '' is: ' '

2022-01-16 00:14:04 - [MESSAGE][PASSED] - Attribute 'class' of object '' is: ' '

2022-01-16 00:14:04 - [MESSAGE][PASSED] - Attribute 'class' of object '' is: ' '

2022-01-16 00:14:04 - [MESSAGE][PASSED] - Attribute 'class' of object '' is: ' '

2022-01-16 00:14:04 - [MESSAGE][PASSED] - Attribute 'class' of object '' is: ' '

2022-01-16 00:14:04 - [MESSAGE][PASSED] - Attribute 'class' of object '' is: ' '

2022-01-16 00:14:04 - [MESSAGE][PASSED] - Attribute 'class' of object '' is: ' '

2022-01-16 00:14:04 - [MESSAGE][PASSED] - Attribute 'class' of object '' is: ' '

2022-01-16 00:14:04 - [MESSAGE][PASSED] - Attribute 'class' of object '' is: ' '

2022-01-16 00:14:04 - [MESSAGE][PASSED] - Attribute 'class' of object '' is: ' '

2022-01-16 00:14:04 - [MESSAGE][PASSED] - Attribute 'class' of object '' is: ' '

2022-01-16 00:14:04 - [MESSAGE][PASSED] - Attribute 'class' of object '' is: ' '

2022-01-16 00:14:04 - [MESSAGE][PASSED] - Attribute 'class' of object '' is: ' '

2022-01-16 00:14:04 - [MESSAGE][PASSED] - Attribute 'class' of object '' is: ' '

2022-01-16 00:14:04 - [MESSAGE][PASSED] - Attribute 'class' of object '' is: ' '

2022-01-16 00:14:04 - [MESSAGE][PASSED] - Attribute 'class' of object '' is: ' '

2022-01-16 00:14:04 - [MESSAGE][PASSED] - Attribute 'class' of object '' is: ' '

2022-01-16 00:14:04 - [MESSAGE][PASSED] - Attribute 'class' of object '' is: ' '

2022-01-16 00:14:04 - [MESSAGE][PASSED] - Attribute 'class' of object '' is: ' '

2022-01-16 00:14:04 - [MESSAGE][PASSED] - Attribute 'class' of object '' is: ' '

2022-01-16 00:14:04 - [MESSAGE][PASSED] - Attribute 'class' of object '' is: ' '

2022-01-16 00:14:04 - [MESSAGE][PASSED] - Attribute 'class' of object '' is: ' '

2022-01-16 00:14:04 - [MESSAGE][PASSED] - Attribute 'class' of object '' is: ' '

2022-01-16 00:14:04 - [MESSAGE][PASSED] - Attribute 'class' of object '' is: ' '

2022-01-16 00:14:04 - [MESSAGE][PASSED] - Attribute 'class' of object '' is: ' '

2022-01-16 00:14:04 - [MESSAGE][PASSED] - Attribute 'class' of object '' is: ' '

2022-01-16 00:14:04 - [MESSAGE][PASSED] - Attribute 'class' of object '' is: ' '

2022-01-16 00:14:04 - [MESSAGE][PASSED] - Attribute 'class' of object '' is: ' '

2022-01-16 00:14:04 - [MESSAGE][PASSED] - Attribute 'class' of object '' is: ' '

2022-01-16 00:14:04 - [MESSAGE][PASSED] - Attribute 'class' of object '' is: ' '

2022-01-16 00:14:04 - [MESSAGE][PASSED] - Attribute 'class' of object '' is: ' '

2022-01-16 00:14:04 - [MESSAGE][PASSED] - Attribute 'class' of object '' is: ' '

2022-01-16 00:14:04 - [MESSAGE][PASSED] - Attribute 'class' of object '' is: ' '

2022-01-16 00:14:04 - [MESSAGE][PASSED] - Attribute 'class' of object '' is: ' '

2022-01-16 00:14:04 - [MESSAGE][PASSED] - Attribute 'class' of object '' is: ' '

2022-01-16 00:14:04 - [MESSAGE][PASSED] - Attribute 'class' of object '' is: ' '

2022-01-16 00:14:04 - [MESSAGE][PASSED] - Attribute 'class' of object '' is: ' '

2022-01-16 00:14:04 - [MESSAGE][PASSED] - Attribute 'class' of object '' is: ' '

2022-01-16 00:14:04 - [MESSAGE][PASSED] - Attribute 'class' of object '' is: ' '

2022-01-16 00:14:04 - [MESSAGE][PASSED] - Attribute 'class' of object '' is: ' '

2022-01-16 00:14:04 - [MESSAGE][PASSED] - Attribute 'class' of object '' is: ' '

2022-01-16 00:14:04 - [MESSAGE][PASSED] - Attribute 'class' of object '' is: ' '

2022-01-16 00:14:04 - [MESSAGE][PASSED] - Attribute 'class' of object '' is: ' '

2022-01-16 00:14:04 - [MESSAGE][PASSED] - Attribute 'class' of object '' is: ' '

2022-01-16 00:14:04 - [MESSAGE][PASSED] - Attribute 'class' of object '' is: ' '

2022-01-16 00:14:04 - [MESSAGE][PASSED] - Attribute 'class' of object '' is: ' '

2022-01-16 00:14:04 - [MESSAGE][PASSED] - Attribute 'class' of object '' is: ' '

2022-01-16 00:14:04 - [MESSAGE][PASSED] - Attribute 'class' of object '' is: ' '

2022-01-16 00:14:04 - [MESSAGE][PASSED] - Attribute 'class' of object '' is: ' '

2022-01-16 00:14:04 - [MESSAGE][PASSED] - Attribute 'class' of object '' is: ' '

2022-01-16 00:14:04 - [MESSAGE][PASSED] - Attribute 'class' of object '' is: ' '

2022-01-16 00:14:04 - [MESSAGE][PASSED] - Attribute 'class' of object '' is: ' '

2022-01-16 00:14:04 - [MESSAGE][PASSED] - Attribute 'class' of object '' is: ' '

2022-01-16 00:14:04 - [MESSAGE][PASSED] - Attribute 'class' of object '' is: ' '

2022-01-16 00:14:04 - [MESSAGE][PASSED] - Attribute 'class' of object '' is: ' '

2022-01-16 00:14:05 - [MESSAGE][PASSED] - Attribute 'class' of object '' is: ' '

2022-01-16 00:14:05 - [MESSAGE][PASSED] - Attribute 'class' of object '' is: ' '

2022-01-16 00:14:05 - [MESSAGE][PASSED] - Attribute 'class' of object '' is: ' '

2022-01-16 00:14:05 - [MESSAGE][PASSED] - Attribute 'class' of object '' is: ' '

2022-01-16 00:14:05 - [MESSAGE][PASSED] - Attribute 'class' of object '' is: ' '

2022-01-16 00:14:05 - [MESSAGE][PASSED] - Attribute 'class' of object '' is: ' '

2022-01-16 00:14:05 - [MESSAGE][PASSED] - Attribute 'class' of object '' is: ' '

2022-01-16 00:14:05 - [MESSAGE][PASSED] - Attribute 'class' of object '' is: ' '

2022-01-16 00:14:05 - [MESSAGE][PASSED] - Attribute 'class' of object '' is: ' '

2022-01-16 00:14:05 - [MESSAGE][PASSED] - Attribute 'class' of object '' is: ' '

2022-01-16 00:14:05 - [MESSAGE][PASSED] - Attribute 'class' of object '' is: ' '

2022-01-16 00:14:05 - [MESSAGE][PASSED] - Attribute 'class' of object '' is: ' '

2022-01-16 00:14:05 - [MESSAGE][PASSED] - Attribute 'class' of object '' is: ' '

2022-01-16 00:14:05 - [MESSAGE][PASSED] - Attribute 'class' of object '' is: ' '

2022-01-16 00:14:05 - [MESSAGE][PASSED] - Attribute 'class' of object '' is: ' '

2022-01-16 00:14:05 - [MESSAGE][PASSED] - Attribute 'class' of object '' is: ' '

2022-01-16 00:14:05 - [MESSAGE][PASSED] - Attribute 'class' of object '' is: ' '

2022-01-16 00:14:05 - [MESSAGE][PASSED] - Attribute 'class' of object '' is: ' '

2022-01-16 00:14:05 - [MESSAGE][PASSED] - Attribute 'class' of object '' is: ' '

2022-01-16 00:14:05 - [MESSAGE][PASSED] - Attribute 'class' of object '' is: ' '

2022-01-16 00:14:05 - [MESSAGE][PASSED] - Attribute 'class' of object '' is: ' '

2022-01-16 00:14:05 - [MESSAGE][PASSED] - Attribute 'class' of object '' is: ' '

2022-01-16 00:14:05 - [MESSAGE][PASSED] - Attribute 'class' of object '' is: ' '

2022-01-16 00:14:05 - [MESSAGE][PASSED] - Attribute 'class' of object '' is: ' '

2022-01-16 00:14:05 - [MESSAGE][PASSED] - Attribute 'class' of object '' is: ' '

2022-01-16 00:14:05 - [MESSAGE][PASSED] - Attribute 'class' of object '' is: ' '

2022-01-16 00:14:05 - [MESSAGE][PASSED] - Attribute 'class' of object '' is: ' '

2022-01-16 00:14:05 - [MESSAGE][PASSED] - Attribute 'class' of object '' is: ' '

2022-01-16 00:14:05 - [MESSAGE][PASSED] - Attribute 'class' of object '' is: ' '

2022-01-16 00:14:05 - [MESSAGE][PASSED] - Attribute 'class' of object '' is: ' '

2022-01-16 00:14:05 - [MESSAGE][PASSED] - Attribute 'class' of object '' is: ' '

2022-01-16 00:14:05 - [MESSAGE][PASSED] - Attribute 'class' of object '' is: ' '

2022-01-16 00:14:05 - [MESSAGE][PASSED] - Attribute 'class' of object '' is: ' '

2022-01-16 00:14:05 - [MESSAGE][PASSED] - Attribute 'class' of object '' is: ' '

2022-01-16 00:14:05 - [MESSAGE][PASSED] - Attribute 'class' of object '' is: ' '

2022-01-16 00:14:05 - [MESSAGE][PASSED] - Attribute 'class' of object '' is: ' '

2022-01-16 00:14:05 - [MESSAGE][PASSED] - Attribute 'class' of object '' is: ' '

2022-01-16 00:14:05 - [MESSAGE][PASSED] - Attribute 'class' of object '' is: ' '

2022-01-16 00:14:05 - [MESSAGE][PASSED] - Attribute 'class' of object '' is: ' '

2022-01-16 00:14:05 - [MESSAGE][PASSED] - Attribute 'class' of object '' is: ' '

2022-01-16 00:14:05 - [MESSAGE][PASSED] - Attribute 'class' of object '' is: ' '

2022-01-16 00:14:05 - [MESSAGE][PASSED] - Attribute 'class' of object '' is: ' '

2022-01-16 00:14:05 - [MESSAGE][PASSED] - Attribute 'class' of object '' is: ' '

2022-01-16 00:14:05 - [MESSAGE][PASSED] - Attribute 'class' of object '' is: ' '

2022-01-16 00:14:05 - [MESSAGE][PASSED] - Attribute 'class' of object '' is: ' '

2022-01-16 00:14:05 - [MESSAGE][PASSED] - Attribute 'class' of object '' is: ' '

2022-01-16 00:14:05 - [MESSAGE][PASSED] - Attribute 'class' of object '' is: ' '

2022-01-16 00:14:05 - [MESSAGE][PASSED] - Attribute 'class' of object '' is: ' '

2022-01-16 00:14:05 - [MESSAGE][PASSED] - Attribute 'class' of object '' is: ' '

2022-01-16 00:14:05 - [MESSAGE][PASSED] - Attribute 'class' of object '' is: ' '

2022-01-16 00:14:05 - [MESSAGE][PASSED] - Attribute 'class' of object '' is: ' '

2022-01-16 00:14:05 - [MESSAGE][PASSED] - Attribute 'class' of object '' is: ' '

2022-01-16 00:14:05 - [MESSAGE][PASSED] - Attribute 'class' of object '' is: ' '

2022-01-16 00:14:05 - [MESSAGE][PASSED] - Attribute 'class' of object '' is: ' '

2022-01-16 00:14:05 - [MESSAGE][PASSED] - Attribute 'class' of object '' is: ' '

2022-01-16 00:14:05 - [MESSAGE][PASSED] - Attribute 'class' of object '' is: ' '

2022-01-16 00:14:05 - [MESSAGE][PASSED] - Attribute 'class' of object '' is: ' '

2022-01-16 00:14:05 - [MESSAGE][PASSED] - Attribute 'class' of object '' is: ' '

2022-01-16 00:14:05 - [MESSAGE][PASSED] - Attribute 'class' of object '' is: ' '

2022-01-16 00:14:05 - [MESSAGE][PASSED] - Attribute 'class' of object '' is: ' '

2022-01-16 00:14:05 - [MESSAGE][PASSED] - Attribute 'class' of object '' is: ' '

2022-01-16 00:14:05 - [MESSAGE][PASSED] - Attribute 'class' of object '' is: ' '

2022-01-16 00:14:05 - [MESSAGE][PASSED] - Attribute 'class' of object '' is: ' '

2022-01-16 00:14:05 - [MESSAGE][PASSED] - Attribute 'class' of object '' is: ' '

2022-01-16 00:14:05 - [MESSAGE][PASSED] - Attribute 'class' of object '' is: ' '

2022-01-16 00:14:05 - [MESSAGE][PASSED] - Attribute 'class' of object '' is: ' '

2022-01-16 00:14:05 - [MESSAGE][PASSED] - Attribute 'class' of object '' is: ' '

2022-01-16 00:14:05 - [MESSAGE][PASSED] - Attribute 'class' of object '' is: ' '

2022-01-16 00:14:05 - [MESSAGE][PASSED] - Attribute 'class' of object '' is: ' '

2022-01-16 00:14:05 - [MESSAGE][PASSED] - Attribute 'class' of object '' is: ' '

2022-01-16 00:14:05 - [MESSAGE][PASSED] - Attribute 'class' of object '' is: ' '

2022-01-16 00:14:05 - [MESSAGE][PASSED] - Attribute 'class' of object '' is: ' '

2022-01-16 00:14:05 - [MESSAGE][PASSED] - Attribute 'class' of object '' is: ' '

2022-01-16 00:14:05 - [MESSAGE][PASSED] - Attribute 'class' of object '' is: ' '

2022-01-16 00:14:05 - [MESSAGE][PASSED] - Attribute 'class' of object '' is: ' '

2022-01-16 00:14:05 - [MESSAGE][PASSED] - Attribute 'class' of object '' is: ' '

2022-01-16 00:14:05 - [MESSAGE][PASSED] - Attribute 'class' of object '' is: ' '

2022-01-16 00:14:05 - [MESSAGE][PASSED] - Attribute 'class' of object '' is: ' '

2022-01-16 00:14:05 - [MESSAGE][PASSED] - Attribute 'class' of object '' is: ' '

2022-01-16 00:14:05 - [MESSAGE][PASSED] - Attribute 'class' of object '' is: ' '

2022-01-16 00:14:05 - [MESSAGE][PASSED] - Attribute 'class' of object '' is: ' '

2022-01-16 00:14:05 - [MESSAGE][PASSED] - Attribute 'class' of object '' is: ' '

2022-01-16 00:14:05 - [MESSAGE][PASSED] - Attribute 'class' of object '' is: ' '

2022-01-16 00:14:05 - [MESSAGE][PASSED] - Attribute 'class' of object '' is: ' '

2022-01-16 00:14:05 - [MESSAGE][PASSED] - Attribute 'class' of object '' is: ' '

2022-01-16 00:14:05 - [MESSAGE][PASSED] - Attribute 'class' of object '' is: ' '

2022-01-16 00:14:06 - [MESSAGE][PASSED] - Attribute 'class' of object '' is: ' '

2022-01-16 00:14:06 - [MESSAGE][PASSED] - Attribute 'class' of object '' is: ' '

2022-01-16 00:14:06 - [MESSAGE][PASSED] - Attribute 'class' of object '' is: ' '

2022-01-16 00:14:06 - [MESSAGE][PASSED] - Attribute 'class' of object '' is: ' '

2022-01-16 00:14:06 - [MESSAGE][PASSED] - Attribute 'class' of object '' is: ' '

2022-01-16 00:14:06 - [MESSAGE][PASSED] - Attribute 'class' of object '' is: ' '

2022-01-16 00:14:06 - [MESSAGE][PASSED] - Attribute 'class' of object '' is: ' '

2022-01-16 00:14:06 - [MESSAGE][PASSED] - Attribute 'class' of object '' is: ' '

2022-01-16 00:14:06 - [MESSAGE][PASSED] - Attribute 'class' of object '' is: ' '

2022-01-16 00:14:06 - [MESSAGE][PASSED] - Attribute 'class' of object '' is: ' '

2022-01-16 00:14:06 - [MESSAGE][PASSED] - Attribute 'class' of object '' is: ' '

2022-01-16 00:14:06 - [MESSAGE][PASSED] - Attribute 'class' of object '' is: ' '

2022-01-16 00:14:06 - [MESSAGE][PASSED] - Attribute 'class' of object '' is: ' '

2022-01-16 00:14:06 - [MESSAGE][PASSED] - Attribute 'class' of object '' is: ' '

2022-01-16 00:14:06 - [MESSAGE][PASSED] - Attribute 'class' of object '' is: ' '

2022-01-16 00:14:06 - [MESSAGE][PASSED] - Attribute 'class' of object '' is: ' '

2022-01-16 00:14:06 - [MESSAGE][PASSED] - Attribute 'class' of object '' is: ' '

2022-01-16 00:14:06 - [MESSAGE][PASSED] - Attribute 'class' of object '' is: ' '

2022-01-16 00:14:06 - [MESSAGE][PASSED] - Attribute 'class' of object '' is: ' '

2022-01-16 00:14:06 - [MESSAGE][PASSED] - Attribute 'class' of object '' is: ' '

2022-01-16 00:14:06 - [MESSAGE][PASSED] - Attribute 'class' of object '' is: ' '

2022-01-16 00:14:06 - [MESSAGE][PASSED] - Attribute 'class' of object '' is: ' '

2022-01-16 00:14:06 - [MESSAGE][PASSED] - Attribute 'class' of object '' is: ' '

2022-01-16 00:14:06 - [MESSAGE][PASSED] - Attribute 'class' of object '' is: ' '

2022-01-16 00:14:06 - [MESSAGE][PASSED] - Attribute 'class' of object '' is: ' '

2022-01-16 00:14:06 - [MESSAGE][PASSED] - Attribute 'class' of object '' is: ' '

2022-01-16 00:14:06 - [MESSAGE][PASSED] - Attribute 'class' of object '' is: ' '

2022-01-16 00:14:06 - [MESSAGE][PASSED] - Attribute 'class' of object '' is: ' '

2022-01-16 00:14:06 - [MESSAGE][PASSED] - Attribute 'class' of object '' is: ' '

2022-01-16 00:14:06 - [MESSAGE][PASSED] - Attribute 'class' of object '' is: ' '

2022-01-16 00:14:06 - [MESSAGE][PASSED] - Attribute 'class' of object '' is: ' '

2022-01-16 00:14:06 - [MESSAGE][PASSED] - Attribute 'class' of object '' is: ' '

2022-01-16 00:14:06 - [MESSAGE][PASSED] - Attribute 'class' of object '' is: ' '

2022-01-16 00:14:06 - [MESSAGE][PASSED] - Attribute 'class' of object '' is: ' '

2022-01-16 00:14:06 - [MESSAGE][PASSED] - Attribute 'class' of object '' is: ' '

2022-01-16 00:14:06 - [MESSAGE][PASSED] - Attribute 'class' of object '' is: ' '

2022-01-16 00:14:06 - [MESSAGE][PASSED] - Attribute 'class' of object '' is: ' '

2022-01-16 00:14:06 - [MESSAGE][PASSED] - Attribute 'class' of object '' is: ' '

2022-01-16 00:14:06 - [MESSAGE][PASSED] - Attribute 'class' of object '' is: ' '

2022-01-16 00:14:06 - [MESSAGE][PASSED] - Attribute 'class' of object '' is: ' '

2022-01-16 00:14:06 - [MESSAGE][PASSED] - Attribute 'class' of object '' is: ' '

2022-01-16 00:14:06 - [MESSAGE][PASSED] - Attribute 'class' of object '' is: ' '

2022-01-16 00:14:06 - [MESSAGE][PASSED] - Attribute 'class' of object '' is: ' '

2022-01-16 00:14:06 - [MESSAGE][PASSED] - Attribute 'class' of object '' is: ' '

2022-01-16 00:14:06 - [MESSAGE][PASSED] - Attribute 'class' of object '' is: ' '

2022-01-16 00:14:06 - [MESSAGE][PASSED] - Attribute 'class' of object '' is: ' '

2022-01-16 00:14:06 - [MESSAGE][PASSED] - Attribute 'class' of object '' is: ' '

2022-01-16 00:14:06 - [MESSAGE][PASSED] - Attribute 'class' of object '' is: ' '

2022-01-16 00:14:06 - [MESSAGE][PASSED] - Attribute 'class' of object '' is: ' '

2022-01-16 00:14:06 - [MESSAGE][PASSED] - Attribute 'class' of object '' is: ' '

2022-01-16 00:14:06 - [MESSAGE][PASSED] - Attribute 'class' of object '' is: ' '

2022-01-16 00:14:06 - [MESSAGE][PASSED] - Attribute 'class' of object '' is: ' '

2022-01-16 00:14:06 - [MESSAGE][PASSED] - Attribute 'class' of object '' is: ' '

2022-01-16 00:14:06 - [MESSAGE][PASSED] - Attribute 'class' of object '' is: ' '

2022-01-16 00:14:06 - [MESSAGE][PASSED] - Attribute 'class' of object '' is: ' '

2022-01-16 00:14:06 - [MESSAGE][PASSED] - Attribute 'class' of object '' is: ' '

2022-01-16 00:14:06 - [MESSAGE][PASSED] - Attribute 'class' of object '' is: ' '

2022-01-16 00:14:06 - [MESSAGE][PASSED] - Attribute 'class' of object '' is: ' '

2022-01-16 00:14:06 - [MESSAGE][PASSED] - Attribute 'class' of object '' is: ' '

2022-01-16 00:14:06 - [MESSAGE][PASSED] - Attribute 'class' of object '' is: ' '

2022-01-16 00:14:06 - [MESSAGE][PASSED] - Attribute 'class' of object '' is: ' '

2022-01-16 00:14:06 - [MESSAGE][PASSED] - Attribute 'class' of object '' is: ' '

2022-01-16 00:14:06 - [MESSAGE][PASSED] - Attribute 'class' of object '' is: ' '

2022-01-16 00:14:06 - [MESSAGE][PASSED] - Attribute 'class' of object '' is: ' '

2022-01-16 00:14:06 - [MESSAGE][PASSED] - Attribute 'class' of object '' is: ' '

2022-01-16 00:14:06 - [MESSAGE][PASSED] - Attribute 'class' of object '' is: ' '

2022-01-16 00:14:06 - [MESSAGE][PASSED] - Attribute 'class' of object '' is: ' '

2022-01-16 00:14:06 - [MESSAGE][PASSED] - Attribute 'class' of object '' is: ' '

2022-01-16 00:14:06 - [MESSAGE][PASSED] - Attribute 'class' of object '' is: ' '

2022-01-16 00:14:06 - [MESSAGE][PASSED] - Attribute 'class' of object '' is: ' '

2022-01-16 00:14:06 - [MESSAGE][PASSED] - Attribute 'class' of object '' is: ' '

2022-01-16 00:14:06 - [MESSAGE][PASSED] - Attribute 'class' of object '' is: ' '

2022-01-16 00:14:06 - [MESSAGE][PASSED] - Attribute 'class' of object '' is: ' '

2022-01-16 00:14:06 - [MESSAGE][PASSED] - Attribute 'class' of object '' is: ' '

2022-01-16 00:14:06 - [MESSAGE][PASSED] - Attribute 'class' of object '' is: ' '

2022-01-16 00:14:06 - [MESSAGE][PASSED] - Attribute 'class' of object '' is: ' '

2022-01-16 00:14:07 - [MESSAGE][PASSED] - Attribute 'class' of object '' is: ' '

2022-01-16 00:14:07 - [MESSAGE][PASSED] - Attribute 'class' of object '' is: ' '

2022-01-16 00:14:07 - [MESSAGE][PASSED] - Attribute 'class' of object '' is: ' '

2022-01-16 00:14:07 - [MESSAGE][PASSED] - Attribute 'class' of object '' is: ' '

2022-01-16 00:14:07 - [MESSAGE][PASSED] - Attribute 'class' of object '' is: ' '

2022-01-16 00:14:07 - [MESSAGE][PASSED] - Attribute 'class' of object '' is: ' '

2022-01-16 00:14:07 - [MESSAGE][PASSED] - Attribute 'class' of object '' is: ' '

2022-01-16 00:14:07 - [MESSAGE][PASSED] - Attribute 'class' of object '' is: ' '

2022-01-16 00:14:07 - [MESSAGE][PASSED] - Attribute 'class' of object '' is: ' '

2022-01-16 00:14:07 - [MESSAGE][PASSED] - Attribute 'class' of object '' is: ' '

2022-01-16 00:14:07 - [MESSAGE][PASSED] - Attribute 'class' of object '' is: ' '

2022-01-16 00:14:07 - [MESSAGE][PASSED] - Attribute 'class' of object '' is: ' '

2022-01-16 00:14:07 - [MESSAGE][PASSED] - Attribute 'class' of object '' is: ' '

2022-01-16 00:14:07 - [MESSAGE][PASSED] - Attribute 'class' of object '' is: ' '

2022-01-16 00:14:07 - [MESSAGE][PASSED] - Attribute 'class' of object '' is: ' '

2022-01-16 00:14:07 - [MESSAGE][PASSED] - Attribute 'class' of object '' is: ' '

2022-01-16 00:14:07 - [MESSAGE][PASSED] - Attribute 'class' of object '' is: ' '

2022-01-16 00:14:07 - [MESSAGE][PASSED] - Attribute 'class' of object '' is: ' '

2022-01-16 00:14:07 - [MESSAGE][PASSED] - Attribute 'class' of object '' is: ' '

2022-01-16 00:14:07 - [MESSAGE][PASSED] - Attribute 'class' of object '' is: ' '

2022-01-16 00:14:07 - [MESSAGE][PASSED] - Attribute 'class' of object '' is: ' '

2022-01-16 00:14:07 - [MESSAGE][PASSED] - Attribute 'class' of object '' is: ' '

2022-01-16 00:14:07 - [MESSAGE][PASSED] - Attribute 'class' of object '' is: ' '

2022-01-16 00:14:07 - [MESSAGE][PASSED] - Attribute 'class' of object '' is: ' '

2022-01-16 00:14:07 - [MESSAGE][PASSED] - Attribute 'class' of object '' is: ' '

2022-01-16 00:14:07 - [MESSAGE][PASSED] - Attribute 'class' of object '' is: ' '

2022-01-16 00:14:07 - [MESSAGE][PASSED] - Attribute 'class' of object '' is: ' '

2022-01-16 00:14:07 - [MESSAGE][PASSED] - Attribute 'class' of object '' is: ' '

2022-01-16 00:14:07 - [MESSAGE][PASSED] - Attribute 'class' of object '' is: ' '

2022-01-16 00:14:07 - [MESSAGE][PASSED] - Attribute 'class' of object '' is: ' '

2022-01-16 00:14:07 - [MESSAGE][PASSED] - Attribute 'class' of object '' is: ' '

2022-01-16 00:14:07 - [MESSAGE][PASSED] - Attribute 'class' of object '' is: ' '

2022-01-16 00:14:07 - [MESSAGE][PASSED] - Attribute 'class' of object '' is: ' '

2022-01-16 00:14:07 - [MESSAGE][PASSED] - Attribute 'class' of object '' is: ' '

2022-01-16 00:14:07 - [MESSAGE][PASSED] - Attribute 'class' of object '' is: ' '

2022-01-16 00:14:07 - [MESSAGE][PASSED] - Attribute 'class' of object '' is: ' '

2022-01-16 00:14:07 - [MESSAGE][PASSED] - Attribute 'class' of object '' is: ' '

2022-01-16 00:14:07 - [MESSAGE][PASSED] - Attribute 'class' of object '' is: ' '

2022-01-16 00:14:07 - [MESSAGE][PASSED] - Attribute 'class' of object '' is: ' '

2022-01-16 00:14:07 - [MESSAGE][PASSED] - Attribute 'class' of object '' is: ' '

2022-01-16 00:14:07 - [MESSAGE][PASSED] - Attribute 'class' of object '' is: ' '

2022-01-16 00:14:07 - [MESSAGE][PASSED] - Attribute 'class' of object '' is: ' '

2022-01-16 00:14:07 - [MESSAGE][PASSED] - Attribute 'class' of object '' is: ' '

2022-01-16 00:14:07 - [MESSAGE][PASSED] - Attribute 'class' of object '' is: ' '

2022-01-16 00:14:07 - [MESSAGE][PASSED] - Attribute 'class' of object '' is: ' '

2022-01-16 00:14:07 - [MESSAGE][PASSED] - Attribute 'class' of object '' is: ' '

2022-01-16 00:14:07 - [MESSAGE][PASSED] - Attribute 'class' of object '' is: ' '

2022-01-16 00:14:07 - [MESSAGE][PASSED] - Attribute 'class' of object '' is: ' '

2022-01-16 00:14:07 - [MESSAGE][PASSED] - Attribute 'class' of object '' is: ' '

2022-01-16 00:14:07 - [MESSAGE][PASSED] - Attribute 'class' of object '' is: ' '

2022-01-16 00:14:07 - [MESSAGE][PASSED] - Attribute 'class' of object '' is: ' '

2022-01-16 00:14:07 - [MESSAGE][PASSED] - Attribute 'class' of object '' is: ' '

2022-01-16 00:14:07 - [MESSAGE][PASSED] - Attribute 'class' of object '' is: ' '

2022-01-16 00:14:07 - [MESSAGE][PASSED] - Attribute 'class' of object '' is: ' '

2022-01-16 00:14:07 - [MESSAGE][PASSED] - Attribute 'class' of object '' is: ' '

2022-01-16 00:14:07 - [MESSAGE][PASSED] - Attribute 'class' of object '' is: ' '

2022-01-16 00:14:07 - [MESSAGE][PASSED] - Attribute 'class' of object '' is: ' '

2022-01-16 00:14:07 - [MESSAGE][PASSED] - Attribute 'class' of object '' is: ' '

2022-01-16 00:14:07 - [MESSAGE][PASSED] - Attribute 'class' of object '' is: ' '

2022-01-16 00:14:07 - [MESSAGE][PASSED] - Attribute 'class' of object '' is: ' '

2022-01-16 00:14:07 - [MESSAGE][PASSED] - Attribute 'class' of object '' is: ' '

2022-01-16 00:14:07 - [MESSAGE][PASSED] - Attribute 'class' of object '' is: ' '

2022-01-16 00:14:07 - [MESSAGE][PASSED] - Attribute 'class' of object '' is: ' '

2022-01-16 00:14:07 - [MESSAGE][PASSED] - Attribute 'class' of object '' is: ' '

2022-01-16 00:14:07 - [MESSAGE][PASSED] - Attribute 'class' of object '' is: ' '

2022-01-16 00:14:07 - [MESSAGE][PASSED] - Attribute 'class' of object '' is: ' '

2022-01-16 00:14:07 - [MESSAGE][PASSED] - Attribute 'class' of object '' is: ' '

2022-01-16 00:14:07 - [MESSAGE][PASSED] - Attribute 'class' of object '' is: ' '

2022-01-16 00:14:07 - [MESSAGE][PASSED] - Attribute 'class' of object '' is: ' '

2022-01-16 00:14:07 - [MESSAGE][PASSED] - Attribute 'class' of object '' is: ' '

2022-01-16 00:14:07 - [MESSAGE][PASSED] - Attribute 'class' of object '' is: ' '

2022-01-16 00:14:07 - [MESSAGE][PASSED] - Attribute 'class' of object '' is: ' '

2022-01-16 00:14:07 - [MESSAGE][PASSED] - Attribute 'class' of object '' is: ' '

2022-01-16 00:14:07 - [MESSAGE][PASSED] - Attribute 'class' of object '' is: ' '

2022-01-16 00:14:07 - [MESSAGE][PASSED] - Attribute 'class' of object '' is: ' '

2022-01-16 00:14:07 - [MESSAGE][PASSED] - Attribute 'class' of object '' is: ' '

2022-01-16 00:14:07 - [MESSAGE][PASSED] - Attribute 'class' of object '' is: ' '

2022-01-16 00:14:07 - [MESSAGE][PASSED] - Attribute 'class' of object '' is: ' '

2022-01-16 00:14:07 - [MESSAGE][PASSED] - Attribute 'class' of object '' is: ' '

2022-01-16 00:14:07 - [MESSAGE][PASSED] - Attribute 'class' of object '' is: ' '

2022-01-16 00:14:07 - [MESSAGE][PASSED] - Attribute 'class' of object '' is: ' '

2022-01-16 00:14:07 - [MESSAGE][PASSED] - Attribute 'class' of object '' is: ' '

2022-01-16 00:14:07 - [MESSAGE][PASSED] - Attribute 'class' of object '' is: ' '

2022-01-16 00:14:07 - [MESSAGE][PASSED] - Attribute 'class' of object '' is: ' '

2022-01-16 00:14:07 - [MESSAGE][PASSED] - Attribute 'class' of object '' is: ' '

2022-01-16 00:14:07 - [MESSAGE][PASSED] - Attribute 'class' of object '' is: ' '

2022-01-16 00:14:07 - [MESSAGE][PASSED] - Attribute 'class' of object '' is: ' '

2022-01-16 00:14:07 - [MESSAGE][PASSED] - Attribute 'class' of object '' is: ' '

2022-01-16 00:14:07 - [MESSAGE][PASSED] - Attribute 'class' of object '' is: ' '

2022-01-16 00:14:07 - [MESSAGE][PASSED] - Attribute 'class' of object '' is: ' '

2022-01-16 00:14:07 - [MESSAGE][PASSED] - Attribute 'class' of object '' is: ' '

2022-01-16 00:14:07 - [MESSAGE][PASSED] - Attribute 'class' of object '' is: ' '

2022-01-16 00:14:08 - [MESSAGE][PASSED] - Attribute 'class' of object '' is: ' '

2022-01-16 00:14:08 - [MESSAGE][PASSED] - Attribute 'class' of object '' is: ' '

2022-01-16 00:14:08 - [MESSAGE][PASSED] - Attribute 'class' of object '' is: ' '

2022-01-16 00:14:08 - [MESSAGE][PASSED] - Attribute 'class' of object '' is: ' '

2022-01-16 00:14:08 - [MESSAGE][PASSED] - Attribute 'class' of object '' is: ' '

2022-01-16 00:14:08 - [MESSAGE][PASSED] - Attribute 'class' of object '' is: ' '

2022-01-16 00:14:08 - [MESSAGE][PASSED] - Attribute 'class' of object '' is: ' '

2022-01-16 00:14:08 - [MESSAGE][PASSED] - Attribute 'class' of object '' is: ' '

2022-01-16 00:14:08 - [MESSAGE][PASSED] - Attribute 'class' of object '' is: ' '

2022-01-16 00:14:08 - [MESSAGE][PASSED] - Attribute 'class' of object '' is: ' '

2022-01-16 00:14:08 - [MESSAGE][PASSED] - Attribute 'class' of object '' is: ' '

2022-01-16 00:14:08 - [MESSAGE][PASSED] - Attribute 'class' of object '' is: ' '

2022-01-16 00:14:08 - [MESSAGE][PASSED] - Attribute 'class' of object '' is: ' '

2022-01-16 00:14:08 - [MESSAGE][PASSED] - Attribute 'class' of object '' is: ' '

2022-01-16 00:14:08 - [MESSAGE][PASSED] - Attribute 'class' of object '' is: ' '

2022-01-16 00:14:08 - [MESSAGE][PASSED] - Attribute 'class' of object '' is: ' '

2022-01-16 00:14:08 - [MESSAGE][PASSED] - Attribute 'class' of object '' is: ' '

2022-01-16 00:14:08 - [MESSAGE][PASSED] - Attribute 'class' of object '' is: ' '

2022-01-16 00:14:08 - [MESSAGE][PASSED] - Attribute 'class' of object '' is: ' '

2022-01-16 00:14:08 - [MESSAGE][PASSED] - Attribute 'class' of object '' is: ' '

2022-01-16 00:14:08 - [MESSAGE][PASSED] - Attribute 'class' of object '' is: ' '

2022-01-16 00:14:08 - [MESSAGE][PASSED] - Attribute 'class' of object '' is: ' '

2022-01-16 00:14:08 - [MESSAGE][PASSED] - Attribute 'class' of object '' is: ' '

2022-01-16 00:14:08 - [MESSAGE][PASSED] - Attribute 'class' of object '' is: ' '

2022-01-16 00:14:08 - [MESSAGE][PASSED] - Attribute 'class' of object '' is: ' '

2022-01-16 00:14:08 - [MESSAGE][PASSED] - Attribute 'class' of object '' is: ' '

2022-01-16 00:14:08 - [MESSAGE][PASSED] - Attribute 'class' of object '' is: ' '

2022-01-16 00:14:08 - [MESSAGE][PASSED] - Attribute 'class' of object '' is: ' '

2022-01-16 00:14:08 - [MESSAGE][PASSED] - Attribute 'class' of object '' is: ' '

2022-01-16 00:14:08 - [MESSAGE][PASSED] - Attribute 'class' of object '' is: ' '

2022-01-16 00:14:08 - [MESSAGE][PASSED] - Attribute 'class' of object '' is: ' '

2022-01-16 00:14:08 - [MESSAGE][PASSED] - Attribute 'class' of object '' is: ' '

2022-01-16 00:14:08 - [MESSAGE][PASSED] - Attribute 'class' of object '' is: ' '

2022-01-16 00:14:08 - [MESSAGE][PASSED] - Attribute 'class' of object '' is: ' '

2022-01-16 00:14:08 - [MESSAGE][PASSED] - Attribute 'class' of object '' is: ' '

2022-01-16 00:14:08 - [MESSAGE][PASSED] - Attribute 'class' of object '' is: ' '

2022-01-16 00:14:08 - [MESSAGE][PASSED] - Attribute 'class' of object '' is: ' '

2022-01-16 00:14:08 - [MESSAGE][PASSED] - Attribute 'class' of object '' is: ' '

2022-01-16 00:14:08 - [MESSAGE][PASSED] - Attribute 'class' of object '' is: ' '

2022-01-16 00:14:08 - [MESSAGE][PASSED] - Attribute 'class' of object '' is: ' '

2022-01-16 00:14:08 - [MESSAGE][PASSED] - Attribute 'class' of object '' is: ' '

2022-01-16 00:14:08 - [MESSAGE][PASSED] - Attribute 'class' of object '' is: ' '

2022-01-16 00:14:08 - [MESSAGE][PASSED] - Attribute 'class' of object '' is: ' '

2022-01-16 00:14:08 - [MESSAGE][PASSED] - Attribute 'class' of object '' is: ' '

2022-01-16 00:14:08 - [MESSAGE][PASSED] - Attribute 'class' of object '' is: ' '

2022-01-16 00:14:08 - [MESSAGE][PASSED] - Attribute 'class' of object '' is: ' '

2022-01-16 00:14:08 - [MESSAGE][PASSED] - Attribute 'class' of object '' is: ' '

2022-01-16 00:14:08 - [MESSAGE][PASSED] - Attribute 'class' of object '' is: ' '

2022-01-16 00:14:08 - [MESSAGE][PASSED] - Attribute 'class' of object '' is: ' '

2022-01-16 00:14:08 - [MESSAGE][PASSED] - Attribute 'class' of object '' is: ' '

2022-01-16 00:14:08 - [MESSAGE][PASSED] - Attribute 'class' of object '' is: ' '

2022-01-16 00:14:08 - [MESSAGE][PASSED] - Attribute 'class' of object '' is: ' '

2022-01-16 00:14:08 - [MESSAGE][PASSED] - Attribute 'class' of object '' is: ' '

2022-01-16 00:14:08 - [MESSAGE][PASSED] - Attribute 'class' of object '' is: ' '

2022-01-16 00:14:08 - [MESSAGE][PASSED] - Attribute 'class' of object '' is: ' '

2022-01-16 00:14:08 - [MESSAGE][PASSED] - Attribute 'class' of object '' is: ' '

2022-01-16 00:14:08 - [MESSAGE][PASSED] - Attribute 'class' of object '' is: ' '

2022-01-16 00:14:08 - [MESSAGE][PASSED] - Attribute 'class' of object '' is: ' '

2022-01-16 00:14:08 - [MESSAGE][PASSED] - Attribute 'class' of object '' is: ' '

2022-01-16 00:14:08 - [MESSAGE][PASSED] - Attribute 'class' of object '' is: ' '

2022-01-16 00:14:08 - [MESSAGE][PASSED] - Attribute 'class' of object '' is: ' '

2022-01-16 00:14:08 - [MESSAGE][PASSED] - Attribute 'class' of object '' is: ' '

2022-01-16 00:14:08 - [MESSAGE][PASSED] - Attribute 'class' of object '' is: ' '

2022-01-16 00:14:08 - [MESSAGE][PASSED] - Attribute 'class' of object '' is: ' '

2022-01-16 00:14:08 - [MESSAGE][PASSED] - Attribute 'class' of object '' is: ' '

2022-01-16 00:14:08 - [MESSAGE][PASSED] - Attribute 'class' of object '' is: ' '

2022-01-16 00:14:08 - [MESSAGE][PASSED] - Attribute 'class' of object '' is: ' '

2022-01-16 00:14:08 - [MESSAGE][PASSED] - Attribute 'class' of object '' is: ' '

2022-01-16 00:14:08 - [MESSAGE][PASSED] - Attribute 'class' of object '' is: ' '

2022-01-16 00:14:08 - [MESSAGE][PASSED] - Attribute 'class' of object '' is: ' '

2022-01-16 00:14:08 - [MESSAGE][PASSED] - Attribute 'class' of object '' is: ' '

2022-01-16 00:14:08 - [MESSAGE][PASSED] - Attribute 'class' of object '' is: ' '

2022-01-16 00:14:08 - [MESSAGE][PASSED] - Attribute 'class' of object '' is: ' '

2022-01-16 00:14:08 - [MESSAGE][PASSED] - Attribute 'class' of object '' is: ' '

2022-01-16 00:14:08 - [MESSAGE][PASSED] - Attribute 'class' of object '' is: ' '

2022-01-16 00:14:08 - [MESSAGE][PASSED] - Attribute 'class' of object '' is: ' '

2022-01-16 00:14:08 - [MESSAGE][PASSED] - Attribute 'class' of object '' is: ' '

2022-01-16 00:14:08 - [MESSAGE][PASSED] - Attribute 'class' of object '' is: ' '

2022-01-16 00:14:08 - [MESSAGE][PASSED] - Attribute 'class' of object '' is: ' '

2022-01-16 00:14:09 - [MESSAGE][PASSED] - Attribute 'class' of object '' is: ' '

2022-01-16 00:14:09 - [MESSAGE][PASSED] - Attribute 'class' of object '' is: ' '

2022-01-16 00:14:09 - [MESSAGE][PASSED] - Attribute 'class' of object '' is: ' '

2022-01-16 00:14:09 - [MESSAGE][PASSED] - Attribute 'class' of object '' is: ' '

2022-01-16 00:14:09 - [MESSAGE][PASSED] - Attribute 'class' of object '' is: ' '

2022-01-16 00:14:09 - [MESSAGE][PASSED] - Attribute 'class' of object '' is: ' '

2022-01-16 00:14:09 - [MESSAGE][PASSED] - Attribute 'class' of object '' is: ' '

2022-01-16 00:14:09 - [MESSAGE][PASSED] - Attribute 'class' of object '' is: ' '

2022-01-16 00:14:09 - [MESSAGE][PASSED] - Attribute 'class' of object '' is: ' '

2022-01-16 00:14:09 - [MESSAGE][PASSED] - Attribute 'class' of object '' is: ' '

2022-01-16 00:14:09 - [MESSAGE][PASSED] - Attribute 'class' of object '' is: ' '

2022-01-16 00:14:09 - [MESSAGE][PASSED] - Attribute 'class' of object '' is: ' '

2022-01-16 00:14:09 - [MESSAGE][PASSED] - Attribute 'class' of object '' is: ' '

2022-01-16 00:14:09 - [MESSAGE][PASSED] - Attribute 'class' of object '' is: ' '

2022-01-16 00:14:09 - [MESSAGE][PASSED] - Attribute 'class' of object '' is: ' '

2022-01-16 00:14:09 - [MESSAGE][PASSED] - Attribute 'class' of object '' is: ' '

2022-01-16 00:14:09 - [MESSAGE][PASSED] - Attribute 'class' of object '' is: ' '

2022-01-16 00:14:09 - [MESSAGE][PASSED] - Attribute 'class' of object '' is: ' '

2022-01-16 00:14:09 - [MESSAGE][PASSED] - Attribute 'class' of object '' is: ' '

2022-01-16 00:14:09 - [MESSAGE][PASSED] - Attribute 'class' of object '' is: ' '

2022-01-16 00:14:09 - [MESSAGE][PASSED] - Attribute 'class' of object '' is: ' '

2022-01-16 00:14:09 - [MESSAGE][PASSED] - Attribute 'class' of object '' is: ' '

2022-01-16 00:14:09 - [MESSAGE][PASSED] - Attribute 'class' of object '' is: ' '

2022-01-16 00:14:09 - [MESSAGE][PASSED] - Attribute 'class' of object '' is: ' '

2022-01-16 00:14:09 - [MESSAGE][PASSED] - Attribute 'class' of object '' is: ' '

2022-01-16 00:14:09 - [MESSAGE][PASSED] - Attribute 'class' of object '' is: ' '

2022-01-16 00:14:09 - [MESSAGE][PASSED] - Attribute 'class' of object '' is: ' '

2022-01-16 00:14:09 - [MESSAGE][PASSED] - Attribute 'class' of object '' is: ' '

2022-01-16 00:14:09 - [MESSAGE][PASSED] - Attribute 'class' of object '' is: ' '

2022-01-16 00:14:09 - [MESSAGE][PASSED] - Attribute 'class' of object '' is: ' '

2022-01-16 00:14:09 - [MESSAGE][PASSED] - Attribute 'class' of object '' is: ' '

2022-01-16 00:14:09 - [MESSAGE][PASSED] - Attribute 'class' of object '' is: ' '

2022-01-16 00:14:09 - [MESSAGE][PASSED] - Attribute 'class' of object '' is: ' '

2022-01-16 00:14:09 - [MESSAGE][PASSED] - Attribute 'class' of object '' is: ' '

2022-01-16 00:14:09 - [MESSAGE][PASSED] - Attribute 'class' of object '' is: ' '

2022-01-16 00:14:09 - [MESSAGE][PASSED] - Attribute 'class' of object '' is: ' '

2022-01-16 00:14:09 - [MESSAGE][PASSED] - Attribute 'class' of object '' is: ' '

2022-01-16 00:14:09 - [MESSAGE][PASSED] - Attribute 'class' of object '' is: ' '

2022-01-16 00:14:09 - [MESSAGE][PASSED] - Attribute 'class' of object '' is: ' '

2022-01-16 00:14:09 - [MESSAGE][PASSED] - Attribute 'class' of object '' is: ' '

2022-01-16 00:14:09 - [MESSAGE][PASSED] - Attribute 'class' of object '' is: ' '

2022-01-16 00:14:09 - [MESSAGE][PASSED] - Attribute 'class' of object '' is: ' '

2022-01-16 00:14:09 - [MESSAGE][PASSED] - Attribute 'class' of object '' is: ' '

2022-01-16 00:14:09 - [MESSAGE][PASSED] - Attribute 'class' of object '' is: ' '

2022-01-16 00:14:09 - [MESSAGE][PASSED] - Attribute 'class' of object '' is: ' '

2022-01-16 00:14:09 - [MESSAGE][PASSED] - Attribute 'class' of object '' is: ' '

2022-01-16 00:14:09 - [MESSAGE][PASSED] - Attribute 'class' of object '' is: ' '

2022-01-16 00:14:09 - [MESSAGE][PASSED] - Attribute 'class' of object '' is: ' '

2022-01-16 00:14:09 - [TEST_STEP][PASSED] - SearchResultHelper.checkSearchPagePagination(): Get CSS 'color' value on 'Object Repository/Search Result/span_pagenationLeftArrow' successfully: 'rgba(220, 221, 222, 1)'.

2022-01-16 00:14:10 - [MESSAGE][PASSED] - Object 'Object Repository/Search Result/div.pagenationSection' is present

2022-01-16 00:14:10 - [MESSAGE][PASSED] - Get CSS 'background-color' value on 'Object Repository/Search Result/span_currentPagenation' successfully: 'rgba(82, 36, 127, 1)'.

2022-01-16 00:14:11 - [MESSAGE][PASSED] - Get CSS 'color' value on 'Object Repository/Search Result/span_currentPagenation' successfully: 'rgba(255, 255, 255, 1)'.

2022-01-16 00:14:11 - [MESSAGE][PASSED] - Attribute 'class' of object 'Object Repository/Search Result/span_pagenationLeftArrow' is: 'pagination-item pagination-navigation-item disabled'

2022-01-16 00:14:12 - [MESSAGE][PASSED] - Get CSS 'color' value on 'Object Repository/Search Result/span_pagenationLeftArrow' successfully: 'rgba(220, 221, 222, 1)'.

2022-01-16 00:14:12 - [TEST_STEP][PASSED] - SearchResultHelper.selectProductFilters(): Text of object 'Object Repository/Search Result/h2_productListHeading' is: 'RESULTS FOR "PLASTIC" (1)'

2022-01-16 00:14:12 - [MESSAGE][PASSED] - Object: 'Object Repository/Filter/a_packagingProduct' is clicked on

2022-01-16 00:14:14 - [MESSAGE][PASSED] - Web element with id: 'Object Repository/General/div_pagleLoader' located by 'By.cssSelector: div.page-overlay' is not present after '3' second(s)

2022-01-16 00:14:14 - [MESSAGE][PASSED] - Text of object 'Object Repository/Filter/li_packagingProduct' is: 'Packaging Products (58)'

2022-01-16 00:14:15 - [MESSAGE][PASSED] - Text of object 'Object Repository/Search Result/h2_productListHeading' is: 'RESULTS FOR "PLASTIC" (58)'

2022-01-16 00:14:15 - [MESSAGE][PASSED] - Attribute 'class' of object 'Object Repository/Filter/li_packagingProduct' is: 'selected '

2022-01-16 00:14:16 - [MESSAGE][PASSED] - Object: 'Object Repository/Filter/a_plasticBags' is clicked on

2022-01-16 00:14:17 - [MESSAGE][PASSED] - Web element with id: 'Object Repository/General/div_pagleLoader' located by 'By.cssSelector: div.page-overlay' is not present after '3' second(s)

2022-01-16 00:14:17 - [MESSAGE][PASSED] - Attribute 'class' of object 'Object Repository/Filter/li_plasticBags' is: 'selected '

2022-01-16 00:14:18 - [MESSAGE][PASSED] - Object: '' is clicked on

2022-01-16 00:14:18 - [MESSAGE][PASSED] - Attribute 'class' of object '' is: 'block-title'

2022-01-16 00:14:19 - [MESSAGE][PASSED] - Attribute 'class' of object '' is: 'block-content collapsed collapse in'

2022-01-16 00:14:19 - [MESSAGE][PASSED] - Object: 'Object Repository/Filter/a_greenColor' is clicked on

2022-01-16 00:14:20 - [MESSAGE][PASSED] - Web element with id: 'Object Repository/General/div_pagleLoader' located by 'By.cssSelector: div.page-overlay' is not present after '3' second(s)

2022-01-16 00:14:21 - [MESSAGE][PASSED] - Attribute 'class' of object 'Object Repository/Filter/li_greenColor' is: 'selected '

2022-01-16 00:14:22 - [MESSAGE][PASSED] - Text of object 'Object Repository/Filter/li_greenColor' is: 'Green (1)'

2022-01-16 00:14:22 - [MESSAGE][PASSED] - Text of object 'Object Repository/Search Result/h2_productListHeading' is: 'RESULTS FOR "PLASTIC" (1)'

2022-01-16 00:14:22 - [TEST_STEP][PASSED] - SearchResultPageActions.NavigateToProductDetailsPage(): Object: 'Object Repository/Product details/a_productItem' is clicked on

2022-01-16 00:14:23 - [MESSAGE][PASSED] - Attribute 'href' of object 'Object Repository/Search Result/a_productItemLink' is: 'https://www.cleanersupply.com/Bags/Plastic-Bags/Comforter/comforterblanket-bags-12pack/'

2022-01-16 00:14:23 - [MESSAGE][PASSED] - Text of object 'Object Repository/Search Result/h2_productName' is: 'COMFORTER/BLANKET BAGS - 12/PACK'

2022-01-16 00:14:23 - [MESSAGE][PASSED] - Text of object 'Object Repository/Search Result/div_priceRange' is: '$6.50 - $14.88
List $9.72 - $18.96'

2022-01-16 00:14:24 - [MESSAGE][PASSED] - Text of object 'Object Repository/Search Result/span_availability' is: 'Available in 5 colors'

2022-01-16 00:14:29 - [MESSAGE][PASSED] - Object: 'Object Repository/Product details/a_productItem' is clicked on

2022-01-16 00:14:29 - [TEST_STEP][PASSED] - ProductDetailsHelpers.initProductDetailsPage(): Object 'Object Repository/Product details/button_addToCart' is NOT visible

2022-01-16 00:14:29 - [MESSAGE][PASSED] - Current window's title is: 'Comforter/Blanket Bags - 12/Pack - Cleaner's Supply'

2022-01-16 00:14:29 - [MESSAGE][PASSED] - Current window's url is: 'https://www.cleanersupply.com/Bags/Plastic-Bags/Comforter/comforterblanket-bags-12pack/?sku=COMF3BK'

2022-01-16 00:14:30 - [MESSAGE][PASSED] - Text of object 'Object Repository/Product details/ul_breadcrumb' is: 'Bags Plastic Bags Comforter'

2022-01-16 00:14:31 - [MESSAGE][PASSED] - Attribute 'class' of object '' is: 'xlarge option-box selected'

2022-01-16 00:14:31 - [MESSAGE][PASSED] - Get CSS 'background-color' value on '' successfully: 'rgba(65, 64, 66, 1)'.

2022-01-16 00:14:31 - [MESSAGE][PASSED] - Get CSS 'color' value on '' successfully: 'rgba(255, 255, 255, 1)'.

2022-01-16 00:14:32 - [MESSAGE][PASSED] - Text of object 'Object Repository/Product details/div_stockNotifcations' is: 'Currently Unavailable.'

2022-01-16 00:14:32 - [MESSAGE][PASSED] - Get CSS 'color' value on 'Object Repository/Product details/div_stockNotifcations' successfully: 'rgba(237, 28, 36, 1)'.

2022-01-16 00:14:32 - [MESSAGE][PASSED] - Text of object 'Object Repository/Product details/span_skuNumber' is: 'COMF3BK'

2022-01-16 00:14:33 - [MESSAGE][PASSED] - Object 'Object Repository/Product details/h1_productName' is present

2022-01-16 00:14:33 - [MESSAGE][PASSED] - Text of object 'Object Repository/Product details/h1_productName' is: 'X-SMALL BLANKET BAG W/NON-WOVEN SIDES - 15" X 18" X 3" - 12/PACK - BLACK'

2022-01-16 00:14:33 - [MESSAGE][PASSED] - Text of object 'Object Repository/Product details/span_productPrice' is: '$8.64'

2022-01-16 00:14:34 - [MESSAGE][PASSED] - Object 'Object Repository/Product details/a_blackColor' is present

2022-01-16 00:14:35 - [MESSAGE][PASSED] - Attribute 'class' of object 'Object Repository/Product details/a_blackColor' is: 'option-box selected'

2022-01-16 00:14:35 - [MESSAGE][PASSED] - Text of object 'Object Repository/Product details/span_selectedColor' is: 'BLACK'

2022-01-16 00:14:36 - [MESSAGE][PASSED] - Object 'Object Repository/Product details/i_favorite' is NOT visible

2022-01-16 00:14:36 - [MESSAGE][PASSED] - Object 'Object Repository/Product details/button_addToCart' is NOT visible

2022-01-16 00:14:36 - [TEST_STEP][PASSED] - ProductDetailsHelpers.hoverEffectAndClickXLargeSizeLink(): Get CSS 'background-color' value on 'Object Repository/Product details/button_addToCart' successfully: 'rgba(82, 36, 127, 1)'.

2022-01-16 00:14:36 - [MESSAGE][PASSED] - Object: 'Object Repository/Product details/a_xLargeLink' is hovered

2022-01-16 00:14:37 - [MESSAGE][PASSED] - Get CSS 'background-color' value on 'Object Repository/Product details/a_xLargeLink' successfully: 'rgba(119, 120, 123, 1)'.

2022-01-16 00:14:37 - [MESSAGE][PASSED] - Get CSS 'color' value on 'Object Repository/Product details/a_xLargeLink' successfully: 'rgba(255, 255, 255, 1)'.

2022-01-16 00:14:38 - [MESSAGE][PASSED] - Object: 'Object Repository/Product details/a_xLargeLink' is clicked on

2022-01-16 00:14:39 - [MESSAGE][PASSED] - Object 'Object Repository/Product details/h1_productName' is present

2022-01-16 00:14:40 - [MESSAGE][PASSED] - Text of object 'Object Repository/Product details/h1_productName' is: 'X-LARGE COMFORTER BAG W/NON-WOVEN SIDES - 26" X 29" X 10" - 12/PACK - BLACK'

2022-01-16 00:14:40 - [MESSAGE][PASSED] - Attribute 'class' of object '' is: 'xlarge option-box selected'

2022-01-16 00:14:40 - [MESSAGE][PASSED] - Get CSS 'background-color' value on '' successfully: 'rgba(65, 64, 66, 1)'.

2022-01-16 00:14:41 - [MESSAGE][PASSED] - Get CSS 'color' value on '' successfully: 'rgba(255, 255, 255, 1)'.

2022-01-16 00:14:41 - [MESSAGE][PASSED] - Text of object 'Object Repository/Product details/div_stockNotifcations' is: 'In Stock!'

2022-01-16 00:14:42 - [MESSAGE][PASSED] - Get CSS 'color' value on 'Object Repository/Product details/div_stockNotifcations' successfully: 'rgba(0, 137, 63, 1)'.

2022-01-16 00:14:42 - [MESSAGE][PASSED] - Text of object 'Object Repository/Product details/span_skuNumber' is: 'COMF26BK'

2022-01-16 00:14:42 - [MESSAGE][PASSED] - Current window's url is: 'https://www.cleanersupply.com/Bags/Plastic-Bags/Comforter/comforterblanket-bags-12pack/?sku=COMF26BK'

2022-01-16 00:14:42 - [MESSAGE][PASSED] - Text of object 'Object Repository/Product details/span_productSpecSize' is: '26" L x 29" H x 10" W'

2022-01-16 00:14:43 - [MESSAGE][PASSED] - Keys 'BACK_SPACE + 5' sent to object: 'Object Repository/Product details/input_productQuantity'

2022-01-16 00:14:43 - [MESSAGE][PASSED] - Attribute 'value' of object 'Object Repository/Product details/input_productQuantity' is: '5'

2022-01-16 00:14:44 - [MESSAGE][PASSED] - Text of object 'Object Repository/Product details/span_productPrice' is: '$14.88'

2022-01-16 00:14:46 - [MESSAGE][PASSED] - Object 'Object Repository/Product details/i_favorite' is visible

2022-01-16 00:14:46 - [MESSAGE][PASSED] - Object 'Object Repository/Product details/button_addToCart' is visible

2022-01-16 00:14:47 - [MESSAGE][PASSED] - Get CSS 'background-color' value on 'Object Repository/Product details/button_addToCart' successfully: 'rgba(82, 36, 127, 1)'.

2022-01-16 00:14:47 - [TEST_STEP][PASSED] - ProductDetailsHelpers.selectGreenColor(): Current window's url is: 'https://www.cleanersupply.com/Bags/Plastic-Bags/Comforter/comforterblanket-bags-12pack/?sku=COMF26GN'

2022-01-16 00:14:47 - [MESSAGE][PASSED] - Object: 'Object Repository/Product details/a_greenColor' is clicked on

2022-01-16 00:14:48 - [MESSAGE][PASSED] - Object 'Object Repository/Product details/a_greenColor' is present

2022-01-16 00:14:49 - [MESSAGE][PASSED] - Attribute 'class' of object 'Object Repository/Product details/a_greenColor' is: 'option-box selected'

2022-01-16 00:14:49 - [MESSAGE][PASSED] - Text of object 'Object Repository/Product details/span_selectedColor' is: 'GREEN'

2022-01-16 00:14:49 - [MESSAGE][PASSED] - Object 'Object Repository/Product details/h1_productName' is present

2022-01-16 00:14:50 - [MESSAGE][PASSED] - Text of object 'Object Repository/Product details/h1_productName' is: 'X-LARGE COMFORTER BAG W/NON-WOVEN SIDES - 26" X 29" X 10" - 12/PACK - GREEN'

2022-01-16 00:14:50 - [MESSAGE][PASSED] - Text of object 'Object Repository/Product details/span_skuNumber' is: 'COMF26GN'

2022-01-16 00:14:50 - [MESSAGE][PASSED] - Current window's url is: 'https://www.cleanersupply.com/Bags/Plastic-Bags/Comforter/comforterblanket-bags-12pack/?sku=COMF26GN'

2022-01-16 00:14:50 - [TEST_STEP][PASSED] - ProductDetailsHelpers.addProductToCart(): Object: 'Object Repository/Product details/button_addToCart' is clicked on

2022-01-16 00:14:50 - [MESSAGE][PASSED] - Object: 'Object Repository/Product details/div_addToCartContainer' is hovered

2022-01-16 00:14:51 - [MESSAGE][PASSED] - Get CSS 'box-shadow' value on 'Object Repository/Product details/div_addToCartContainer' successfully: 'rgba(0, 0, 0, 0.3) 0px 0px 10px 2px'.

2022-01-16 00:14:51 - [MESSAGE][PASSED] - Text of object 'Object Repository/Product details/h1_productName' is: 'X-LARGE COMFORTER BAG W/NON-WOVEN SIDES - 26" X 29" X 10" - 12/PACK - GREEN'

2022-01-16 00:14:52 - [MESSAGE][PASSED] - Attribute 'value' of object 'Object Repository/Product details/input_productQuantity' is: '5'

2022-01-16 00:14:52 - [MESSAGE][PASSED] - Text of object 'Object Repository/Product details/span_skuNumber' is: 'COMF26GN'

2022-01-16 00:14:52 - [MESSAGE][PASSED] - Text of object 'Object Repository/Product details/span_productPrice' is: '$14.52'

2022-01-16 00:14:53 - [MESSAGE][PASSED] - Object: 'Object Repository/Product details/button_addToCart' is clicked on

2022-01-16 00:14:53 - [TEST_STEP][PASSED] - MiniCartHelpers.hoverOnMiniCartHeader(): Text of object 'Object Repository/Mini Cart/span_cartCounterPadge' is: '1'

2022-01-16 00:14:54 - [MESSAGE][PASSED] - Object: 'Object Repository/Mini Cart/a_miniCartLink' is hovered

2022-01-16 00:14:54 - [MESSAGE][PASSED] - Get CSS 'background-color' value on 'Object Repository/Mini Cart/a_miniCartLink' successfully: 'rgba(255, 255, 255, 1)'.

2022-01-16 00:14:55 - [MESSAGE][PASSED] - Get CSS 'color' value on 'Object Repository/Mini Cart/a_miniCartLink' successfully: 'rgba(82, 36, 127, 1)'.

2022-01-16 00:14:56 - [MESSAGE][PASSED] - Text of object 'Object Repository/Mini Cart/span_miniCartSubTotal' is: '$72.60'

2022-01-16 00:14:57 - [MESSAGE][PASSED] - Text of object 'Object Repository/Mini Cart/span_cartCounterPadge' is: '1'

2022-01-16 00:14:59 - [TEST_STEP][PASSED] - ProductDetailsHelpers.hoverEffectAndClickLargeSizeLink(): Get CSS 'background-color' value on 'Object Repository/Product details/button_addToCart' successfully: 'rgba(82, 36, 127, 1)'.

2022-01-16 00:15:00 - [MESSAGE][PASSED] - Object: 'Object Repository/Product details/a_largeLink' is hovered

2022-01-16 00:15:00 - [MESSAGE][PASSED] - Object: 'Object Repository/Product details/a_largeLink' is clicked on

2022-01-16 00:15:02 - [MESSAGE][PASSED] - Attribute 'class' of object '' is: 'xlarge option-box selected'

2022-01-16 00:15:02 - [MESSAGE][PASSED] - Get CSS 'background-color' value on '' successfully: 'rgba(65, 64, 66, 1)'.

2022-01-16 00:15:02 - [MESSAGE][PASSED] - Get CSS 'color' value on '' successfully: 'rgba(255, 255, 255, 1)'.

2022-01-16 00:15:03 - [MESSAGE][PASSED] - Object 'Object Repository/Product details/h1_productName' is present

2022-01-16 00:15:03 - [MESSAGE][PASSED] - Text of object 'Object Repository/Product details/h1_productName' is: 'LARGE COMFORTER BAG W/NON-WOVEN SIDES - 24" X 27" X 8" - 12/PACK - GREEN'

2022-01-16 00:15:03 - [MESSAGE][PASSED] - Text of object 'Object Repository/Product details/span_skuNumber' is: 'COMF24GN'

2022-01-16 00:15:03 - [MESSAGE][PASSED] - Current window's url is: 'https://www.cleanersupply.com/Bags/Plastic-Bags/Comforter/comforterblanket-bags-12pack/?sku=COMF24GN'

2022-01-16 00:15:04 - [MESSAGE][PASSED] - Text of object 'Object Repository/Product details/span_productSpecSize' is: '24" L x 27" H x 8" W'

2022-01-16 00:15:04 - [MESSAGE][PASSED] - Keys 'BACK_SPACE + 4' sent to object: 'Object Repository/Product details/input_productQuantity'

2022-01-16 00:15:05 - [MESSAGE][PASSED] - Attribute 'value' of object 'Object Repository/Product details/input_productQuantity' is: '4'

2022-01-16 00:15:05 - [MESSAGE][PASSED] - Text of object 'Object Repository/Product details/span_productPrice' is: '$13.56'

2022-01-16 00:15:06 - [MESSAGE][PASSED] - Object 'Object Repository/Product details/i_favorite' is visible

2022-01-16 00:15:07 - [MESSAGE][PASSED] - Object 'Object Repository/Product details/button_addToCart' is visible

2022-01-16 00:15:07 - [MESSAGE][PASSED] - Get CSS 'background-color' value on 'Object Repository/Product details/button_addToCart' successfully: 'rgba(82, 36, 127, 1)'.

2022-01-16 00:15:07 - [TEST_STEP][PASSED] - ProductDetailsHelpers.selectRoyalBlueColor(): Current window's url is: 'https://www.cleanersupply.com/Bags/Plastic-Bags/Comforter/comforterblanket-bags-12pack/?sku=COMF24RO'

2022-01-16 00:15:08 - [MESSAGE][PASSED] - Object: 'Object Repository/Product details/a_royalBlueColor' is clicked on

2022-01-16 00:15:09 - [MESSAGE][PASSED] - Object 'Object Repository/Product details/a_royalBlueColor' is present

2022-01-16 00:15:09 - [MESSAGE][PASSED] - Attribute 'class' of object 'Object Repository/Product details/a_royalBlueColor' is: 'option-box selected'

2022-01-16 00:15:10 - [MESSAGE][PASSED] - Text of object 'Object Repository/Product details/span_selectedColor' is: 'ROYAL BLUE'

2022-01-16 00:15:10 - [MESSAGE][PASSED] - Object 'Object Repository/Product details/h1_productName' is present

2022-01-16 00:15:10 - [MESSAGE][PASSED] - Text of object 'Object Repository/Product details/h1_productName' is: 'LARGE COMFORTER BAG W/NON-WOVEN SIDES - 24" X 27" X 8" - 12/PACK - ROYAL BLUE'

2022-01-16 00:15:11 - [MESSAGE][PASSED] - Text of object 'Object Repository/Product details/span_skuNumber' is: 'COMF24RO'

2022-01-16 00:15:11 - [MESSAGE][PASSED] - Current window's url is: 'https://www.cleanersupply.com/Bags/Plastic-Bags/Comforter/comforterblanket-bags-12pack/?sku=COMF24RO'

2022-01-16 00:15:11 - [TEST_STEP][PASSED] - ProductDetailsHelpers.addProductToCart(): Object: 'Object Repository/Product details/button_addToCart' is clicked on

2022-01-16 00:15:11 - [MESSAGE][PASSED] - Object: 'Object Repository/Product details/div_addToCartContainer' is hovered

2022-01-16 00:15:11 - [MESSAGE][PASSED] - Get CSS 'box-shadow' value on 'Object Repository/Product details/div_addToCartContainer' successfully: 'rgba(0, 0, 0, 0.3) 0px 0px 10px 2px'.

2022-01-16 00:15:12 - [MESSAGE][PASSED] - Text of object 'Object Repository/Product details/h1_productName' is: 'LARGE COMFORTER BAG W/NON-WOVEN SIDES - 24" X 27" X 8" - 12/PACK - ROYAL BLUE'

2022-01-16 00:15:12 - [MESSAGE][PASSED] - Attribute 'value' of object 'Object Repository/Product details/input_productQuantity' is: '4'

2022-01-16 00:15:13 - [MESSAGE][PASSED] - Text of object 'Object Repository/Product details/span_skuNumber' is: 'COMF24RO'

2022-01-16 00:15:13 - [MESSAGE][PASSED] - Text of object 'Object Repository/Product details/span_productPrice' is: '$12.72'

2022-01-16 00:15:14 - [MESSAGE][PASSED] - Object: 'Object Repository/Product details/button_addToCart' is clicked on

2022-01-16 00:15:14 - [TEST_STEP][PASSED] - MiniCartHelpers.hoverOnMiniCartHeader(): Text of object 'Object Repository/Mini Cart/span_cartCounterPadge' is: '2'

2022-01-16 00:15:15 - [MESSAGE][PASSED] - Object: 'Object Repository/Mini Cart/a_miniCartLink' is hovered

2022-01-16 00:15:15 - [MESSAGE][PASSED] - Get CSS 'background-color' value on 'Object Repository/Mini Cart/a_miniCartLink' successfully: 'rgba(255, 255, 255, 1)'.

2022-01-16 00:15:16 - [MESSAGE][PASSED] - Get CSS 'color' value on 'Object Repository/Mini Cart/a_miniCartLink' successfully: 'rgba(82, 36, 127, 1)'.

2022-01-16 00:15:18 - [MESSAGE][PASSED] - Text of object 'Object Repository/Mini Cart/span_miniCartSubTotal' is: '$123.48'

2022-01-16 00:15:18 - [MESSAGE][PASSED] - Text of object 'Object Repository/Mini Cart/span_cartCounterPadge' is: '2'

2022-01-16 00:15:20 - [TEST_STEP][PASSED] - MiniCartActions.navigateToCartPage(): Object: 'Object Repository/Mini Cart/a_miniCartLink' is clicked on

2022-01-16 00:15:26 - [MESSAGE][PASSED] - Object: 'Object Repository/Mini Cart/a_miniCartLink' is clicked on

2022-01-16 00:15:27 - [TEST_STEP][PASSED] - ShoppingCartHelpers.navigateToCartPage(): Text of object 'Object Repository/Shopping Cart/td_summaryTotalSubTotal' is: '$123.48'

2022-01-16 00:15:28 - [MESSAGE][PASSED] - Text of object 'Object Repository/Mini Cart/span_cartCounterPadge' is: '2'

2022-01-16 00:15:29 - [MESSAGE][PASSED] - Text of object 'Object Repository/Shopping Cart/td_summaryTableItemCount' is: 'SUBTOTAL (2 ITEMS)'

2022-01-16 00:15:31 - [MESSAGE][PASSED] - Text of object 'Object Repository/Shopping Cart/td_summaryTableTotal' is: '$123.48'

2022-01-16 00:15:31 - [MESSAGE][PASSED] - Text of object 'Object Repository/Shopping Cart/td_summaryTotalSubTotal' is: '$123.48'

2022-01-16 00:15:32 - [TEST_STEP][PASSED] - ShoppingCartHelpers.updateQuantities(): Text of object 'Object Repository/Shopping Cart/td_summaryTotalSubTotal' is: '$108.96'

2022-01-16 00:15:35 - [MESSAGE][PASSED] - Attribute 'value' of object '' is: '4'

2022-01-16 00:15:35 - [MESSAGE][PASSED] - Attribute 'value' of object '' is: '4'

2022-01-16 00:15:35 - [MESSAGE][PASSED] - Object: 'Object Repository/Shopping Cart/td_summaryTableItemCount' is clicked on

2022-01-16 00:15:38 - [MESSAGE][PASSED] - Text of object 'Object Repository/Shopping Cart/td_summaryTableTotal' is: '$108.96'

2022-01-16 00:15:38 - [MESSAGE][PASSED] - Text of object 'Object Repository/Shopping Cart/td_summaryTotalSubTotal' is: '$108.96'

2022-01-16 00:15:38 - [TEST_STEP][PASSED] - ShoppingCartHelpers.navigateToCheckoutPage(): Object: 'Object Repository/Shopping Cart/button_proceedToCheckout' is clicked on

2022-01-16 00:15:39 - [MESSAGE][PASSED] - Object: 'Object Repository/Shopping Cart/a_shoppingCartProductTitle' is hovered

2022-01-16 00:15:39 - [MESSAGE][PASSED] - Get CSS 'background-color' value on 'Object Repository/Shopping Cart/button_proceedToCheckout' successfully: 'rgba(82, 36, 127, 1)'.

2022-01-16 00:15:40 - [MESSAGE][PASSED] - Get CSS 'color' value on 'Object Repository/Shopping Cart/button_proceedToCheckout' successfully: 'rgba(255, 255, 255, 1)'.

2022-01-16 00:15:40 - [MESSAGE][PASSED] - Object: 'Object Repository/Shopping Cart/button_proceedToCheckout' is hovered

2022-01-16 00:15:40 - [MESSAGE][PASSED] - Get CSS 'box-shadow' value on 'Object Repository/Shopping Cart/button_proceedToCheckout' successfully: 'rgba(0, 0, 0, 0.3) 0px 0px 10px 2px'.

2022-01-16 00:15:42 - [MESSAGE][PASSED] - Object: 'Object Repository/Shopping Cart/button_proceedToCheckout' is clicked on

2022-01-16 00:15:42 - [TEST_STEP][PASSED] - CheckoutPageHelpers.initCheckoutPage(): Unable to find the element located by 'By.xpath: '. Please recheck the objects properties to make sure the desired element is located. 

2022-01-16 00:15:44 - [MESSAGE][PASSED] - Text of object 'Object Repository/CheckOut/span_checkoutTitleTotal' is: '$108.96'

2022-01-16 00:15:44 - [MESSAGE][PASSED] - Text of object 'Object Repository/CheckOut/td_summaryTableTotal' is: '$108.96'

2022-01-16 00:15:44 - [MESSAGE][PASSED] - Text of object 'Object Repository/CheckOut/td_summaryTotalSubTotal' is: '$108.96'

2022-01-16 00:15:45 - [MESSAGE][PASSED] - Text of object 'Object Repository/CheckOut/label_checkoutAsGuest' is: 'Checkout as Guest'

2022-01-16 00:15:45 - [MESSAGE][PASSED] - Object 'Object Repository/CheckOut/input_checkoutAsGuestRadioButton' is checked

2022-01-16 00:15:47 - [MESSAGE][INFO] - Unable to find the element located by 'By.cssSelector: table.product-table tbody tr td.product-table__price'. Please recheck the objects properties to make sure the desired element is located. 

2022-01-16 00:15:47 - [MESSAGE][WARNING] - [SELF-HEALING] Failed to find element with id 'Object Repository/Shopping Cart/td_shoppingCartProductPrice'. Try using Self-healing.

2022-01-16 00:15:47 - [MESSAGE][WARNING] - [SELF-HEALING] Cannot find elements when the XPath is null.

2022-01-16 00:15:49 - [MESSAGE][INFO] - Unable to find the element located by 'By.xpath: '. Please recheck the objects properties to make sure the desired element is located. 

2022-01-16 00:15:51 - [MESSAGE][INFO] - Unable to find the element located by 'By.cssSelector: table.product-table tbody tr td.product-table__quantity input[name="quantity"]'. Please recheck the objects properties to make sure the desired element is located. 

2022-01-16 00:15:51 - [MESSAGE][WARNING] - [SELF-HEALING] Failed to find element with id 'Object Repository/Shopping Cart/input_shoppingCartProductQuantity'. Try using Self-healing.

2022-01-16 00:15:51 - [MESSAGE][WARNING] - [SELF-HEALING] Cannot find elements when the XPath is null.

2022-01-16 00:15:52 - [MESSAGE][INFO] - Unable to find the element located by 'By.xpath: '. Please recheck the objects properties to make sure the desired element is located. 

2022-01-16 00:15:55 - [MESSAGE][INFO] - Unable to find the element located by 'By.cssSelector: table.product-table tbody tr td.product-table__total'. Please recheck the objects properties to make sure the desired element is located. 

2022-01-16 00:15:55 - [MESSAGE][WARNING] - [SELF-HEALING] Failed to find element with id 'Object Repository/Shopping Cart/td_shoppingCartProductTotal'. Try using Self-healing.

2022-01-16 00:15:55 - [MESSAGE][WARNING] - [SELF-HEALING] Cannot find elements when the XPath is null.

2022-01-16 00:15:56 - [MESSAGE][INFO] - Unable to find the element located by 'By.xpath: '. Please recheck the objects properties to make sure the desired element is located. 

2022-01-16 00:15:59 - [TEST_STEP][PASSED] - CheckoutPageHelpers.navigateToCheckoutInformationForm(): Object: 'Object Repository/CheckOut/button_continueButton' is clicked on

2022-01-16 00:16:01 - [MESSAGE][PASSED] - Object: 'Object Repository/CheckOut/button_continueButton' is clicked on

2022-01-16 00:16:01 - [TEST_STEP][PASSED] - checkOutFormHelper.fillCheckOutForm(): Object: 'Object Repository/CheckOutForm/a_reviewOrder' is clicked on

2022-01-16 00:16:01 - [MESSAGE][PASSED] - Current window's title is: 'Checkout - Cleaner's Supply'

2022-01-16 00:16:01 - [MESSAGE][PASSED] - Current window's url is: 'https://www.cleanersupply.com/checkout/'

2022-01-16 00:16:02 - [MESSAGE][PASSED] - Text of object 'Object Repository/CheckOutForm/h1_checkOutHeader' is: 'CHECKOUT'

2022-01-16 00:16:02 - [MESSAGE][PASSED] - Object: 'Object Repository/CheckOutForm/input_company' is focused

2022-01-16 00:16:03 - [MESSAGE][PASSED] - Get CSS 'box-shadow' value on 'Object Repository/CheckOutForm/input_company' successfully: 'rgb(99, 99, 99) 0px -3px 0px 0px inset'.

2022-01-16 00:16:03 - [MESSAGE][PASSED] - Actual object 'rgb(99, 99, 99) 0px -3px 0px 0px inset' and expected object 'rgb(99, 99, 99) 0px -3px 0px 0px inset' are equal

2022-01-16 00:16:04 - [MESSAGE][PASSED] - Text 'testCompany' is set on object 'Object Repository/CheckOutForm/input_company'

2022-01-16 00:16:05 - [MESSAGE][PASSED] - Object: 'Object Repository/CheckOutForm/input_fname' is focused

2022-01-16 00:16:05 - [MESSAGE][PASSED] - Get CSS 'box-shadow' value on 'Object Repository/CheckOutForm/input_fname' successfully: 'rgb(99, 99, 99) 0px -3px 0px 0px inset'.

2022-01-16 00:16:05 - [MESSAGE][PASSED] - Actual object 'rgb(99, 99, 99) 0px -3px 0px 0px inset' and expected object 'rgb(99, 99, 99) 0px -3px 0px 0px inset' are equal

2022-01-16 00:16:06 - [MESSAGE][PASSED] - Text 'FNameTest' is set on object 'Object Repository/CheckOutForm/input_fname'

2022-01-16 00:16:06 - [MESSAGE][PASSED] - Object: 'Object Repository/CheckOutForm/input_lNAme' is focused

2022-01-16 00:16:07 - [MESSAGE][PASSED] - Get CSS 'box-shadow' value on 'Object Repository/CheckOutForm/input_lNAme' successfully: 'rgb(99, 99, 99) 0px -3px 0px 0px inset'.

2022-01-16 00:16:07 - [MESSAGE][PASSED] - Actual object 'rgb(99, 99, 99) 0px -3px 0px 0px inset' and expected object 'rgb(99, 99, 99) 0px -3px 0px 0px inset' are equal

2022-01-16 00:16:07 - [MESSAGE][PASSED] - Text 'lnameValueTest' is set on object 'Object Repository/CheckOutForm/input_lNAme'

2022-01-16 00:16:08 - [MESSAGE][PASSED] - Object: 'Object Repository/CheckOutForm/input_address' is focused

2022-01-16 00:16:08 - [MESSAGE][PASSED] - Get CSS 'box-shadow' value on 'Object Repository/CheckOutForm/input_address' successfully: 'rgb(99, 99, 99) 0px -3px 0px 0px inset'.

2022-01-16 00:16:08 - [MESSAGE][PASSED] - Actual object 'rgb(99, 99, 99) 0px -3px 0px 0px inset' and expected object 'rgb(99, 99, 99) 0px -3px 0px 0px inset' are equal

2022-01-16 00:16:09 - [MESSAGE][PASSED] - Text 'addres1Test' is set on object 'Object Repository/CheckOutForm/input_address'

2022-01-16 00:16:09 - [MESSAGE][PASSED] - Object: 'Object Repository/CheckOutForm/input_address2' is focused

2022-01-16 00:16:10 - [MESSAGE][PASSED] - Get CSS 'box-shadow' value on 'Object Repository/CheckOutForm/input_address2' successfully: 'rgb(99, 99, 99) 0px -3px 0px 0px inset'.

2022-01-16 00:16:10 - [MESSAGE][PASSED] - Actual object 'rgb(99, 99, 99) 0px -3px 0px 0px inset' and expected object 'rgb(99, 99, 99) 0px -3px 0px 0px inset' are equal

2022-01-16 00:16:11 - [MESSAGE][PASSED] - Text 'address2 test' is set on object 'Object Repository/CheckOutForm/input_address2'

2022-01-16 00:16:11 - [MESSAGE][PASSED] - Object: 'Object Repository/CheckOutForm/input_zipCode' is focused

2022-01-16 00:16:11 - [MESSAGE][PASSED] - Get CSS 'box-shadow' value on 'Object Repository/CheckOutForm/input_zipCode' successfully: 'rgb(99, 99, 99) 0px -3px 0px 0px inset'.

2022-01-16 00:16:11 - [MESSAGE][PASSED] - Actual object 'rgb(99, 99, 99) 0px -3px 0px 0px inset' and expected object 'rgb(99, 99, 99) 0px -3px 0px 0px inset' are equal

2022-01-16 00:16:12 - [MESSAGE][PASSED] - Text '55555' is set on object 'Object Repository/CheckOutForm/input_zipCode'

2022-01-16 00:16:13 - [MESSAGE][PASSED] - Object: 'Object Repository/CheckOutForm/input_city' is focused

2022-01-16 00:16:14 - [MESSAGE][PASSED] - Get CSS 'box-shadow' value on 'Object Repository/CheckOutForm/input_city' successfully: 'rgb(99, 99, 99) 0px -3px 0px 0px inset'.

2022-01-16 00:16:14 - [MESSAGE][PASSED] - Actual object 'rgb(99, 99, 99) 0px -3px 0px 0px inset' and expected object 'rgb(99, 99, 99) 0px -3px 0px 0px inset' are equal

2022-01-16 00:16:15 - [MESSAGE][PASSED] - Text 'Palestine' is set on object 'Object Repository/CheckOutForm/input_city'

2022-01-16 00:16:16 - [MESSAGE][PASSED] - Object: 'Object Repository/CheckOutForm/input_phoneNum' is focused

2022-01-16 00:16:16 - [MESSAGE][PASSED] - Get CSS 'box-shadow' value on 'Object Repository/CheckOutForm/input_phoneNum' successfully: 'rgb(99, 99, 99) 0px -3px 0px 0px inset'.

2022-01-16 00:16:16 - [MESSAGE][PASSED] - Actual object 'rgb(99, 99, 99) 0px -3px 0px 0px inset' and expected object 'rgb(99, 99, 99) 0px -3px 0px 0px inset' are equal

2022-01-16 00:16:17 - [MESSAGE][PASSED] - Text '541-143-1030' is set on object 'Object Repository/CheckOutForm/input_phoneNum'

2022-01-16 00:16:18 - [MESSAGE][PASSED] - Object: 'Object Repository/CheckOutForm/input_phoneExt' is focused

2022-01-16 00:16:18 - [MESSAGE][PASSED] - Get CSS 'box-shadow' value on 'Object Repository/CheckOutForm/input_phoneExt' successfully: 'rgb(99, 99, 99) 0px -3px 0px 0px inset'.

2022-01-16 00:16:18 - [MESSAGE][PASSED] - Actual object 'rgb(99, 99, 99) 0px -3px 0px 0px inset' and expected object 'rgb(99, 99, 99) 0px -3px 0px 0px inset' are equal

2022-01-16 00:16:19 - [MESSAGE][PASSED] - Text '1' is set on object 'Object Repository/CheckOutForm/input_phoneExt'

2022-01-16 00:16:19 - [MESSAGE][PASSED] - Object: 'Object Repository/CheckOutForm/input_phoneExt' is focused

2022-01-16 00:16:20 - [MESSAGE][PASSED] - Get CSS 'box-shadow' value on 'Object Repository/CheckOutForm/input_phoneExt' successfully: 'rgb(99, 99, 99) 0px -3px 0px 0px inset'.

2022-01-16 00:16:20 - [MESSAGE][PASSED] - Actual object 'rgb(99, 99, 99) 0px -3px 0px 0px inset' and expected object 'rgb(99, 99, 99) 0px -3px 0px 0px inset' are equal

2022-01-16 00:16:20 - [MESSAGE][PASSED] - Text '1' is set on object 'Object Repository/CheckOutForm/input_phoneExt'

2022-01-16 00:16:21 - [MESSAGE][PASSED] - Object: 'Object Repository/CheckOutForm/input_email' is focused

2022-01-16 00:16:21 - [MESSAGE][PASSED] - Get CSS 'box-shadow' value on 'Object Repository/CheckOutForm/input_email' successfully: 'rgb(99, 99, 99) 0px -3px 0px 0px inset'.

2022-01-16 00:16:21 - [MESSAGE][PASSED] - Actual object 'rgb(99, 99, 99) 0px -3px 0px 0px inset' and expected object 'rgb(99, 99, 99) 0px -3px 0px 0px inset' are equal

2022-01-16 00:16:22 - [MESSAGE][PASSED] - Text 'test@test.com' is set on object 'Object Repository/CheckOutForm/input_email'

2022-01-16 00:16:23 - [MESSAGE][PASSED] - Object: 'Object Repository/CheckOutForm/button_state' is clicked on

2022-01-16 00:16:23 - [MESSAGE][PASSED] - Object 'Object Repository/CheckOutForm/button_state' has attribute 'aria-expanded' with value 'true'

2022-01-16 00:16:24 - [MESSAGE][PASSED] - Object: 'Object Repository/CheckOutForm/a_state' is clicked on

2022-01-16 00:16:27 - [MESSAGE][PASSED] - Text of object 'Object Repository/CheckOutForm/span_selectedState' is: 'Arizona'

2022-01-16 00:16:28 - [MESSAGE][PASSED] - Object: 'Object Repository/CheckOutForm/input_creditCardName' is focused

2022-01-16 00:16:28 - [MESSAGE][PASSED] - Get CSS 'box-shadow' value on 'Object Repository/CheckOutForm/input_creditCardName' successfully: 'rgb(99, 99, 99) 0px -3px 0px 0px inset'.

2022-01-16 00:16:28 - [MESSAGE][PASSED] - Actual object 'rgb(99, 99, 99) 0px -3px 0px 0px inset' and expected object 'rgb(99, 99, 99) 0px -3px 0px 0px inset' are equal

2022-01-16 00:16:29 - [MESSAGE][PASSED] - Text 'Razan' is set on object 'Object Repository/CheckOutForm/input_creditCardName'

2022-01-16 00:16:29 - [MESSAGE][PASSED] - Object: 'Object Repository/CheckOutForm/input_cardNumber' is focused

2022-01-16 00:16:30 - [MESSAGE][PASSED] - Get CSS 'box-shadow' value on 'Object Repository/CheckOutForm/input_cardNumber' successfully: 'rgb(99, 99, 99) 0px -3px 0px 0px inset'.

2022-01-16 00:16:30 - [MESSAGE][PASSED] - Actual object 'rgb(99, 99, 99) 0px -3px 0px 0px inset' and expected object 'rgb(99, 99, 99) 0px -3px 0px 0px inset' are equal

2022-01-16 00:16:31 - [MESSAGE][PASSED] - Text '379936489179273' is set on object 'Object Repository/CheckOutForm/input_cardNumber'

2022-01-16 00:16:31 - [MESSAGE][PASSED] - Object: 'Object Repository/CheckOutForm/input_cvv' is focused

2022-01-16 00:16:31 - [MESSAGE][PASSED] - Get CSS 'box-shadow' value on 'Object Repository/CheckOutForm/input_cvv' successfully: 'rgb(99, 99, 99) 0px -3px 0px 0px inset'.

2022-01-16 00:16:31 - [MESSAGE][PASSED] - Actual object 'rgb(99, 99, 99) 0px -3px 0px 0px inset' and expected object 'rgb(99, 99, 99) 0px -3px 0px 0px inset' are equal

2022-01-16 00:16:32 - [MESSAGE][PASSED] - Text '2222' is set on object 'Object Repository/CheckOutForm/input_cvv'

2022-01-16 00:16:33 - [MESSAGE][PASSED] - Object: 'Object Repository/CheckOutForm/button_expirationDate' is clicked on

2022-01-16 00:16:35 - [MESSAGE][PASSED] - Object: 'Object Repository/CheckOutForm/button_expirationYear' is clicked on

2022-01-16 00:16:36 - [MESSAGE][PASSED] - Object: 'Object Repository/CheckOutForm/input_PO' is focused

2022-01-16 00:16:36 - [MESSAGE][PASSED] - Get CSS 'box-shadow' value on 'Object Repository/CheckOutForm/input_PO' successfully: 'rgb(99, 99, 99) 0px -3px 0px 0px inset'.

2022-01-16 00:16:36 - [MESSAGE][PASSED] - Actual object 'rgb(99, 99, 99) 0px -3px 0px 0px inset' and expected object 'rgb(99, 99, 99) 0px -3px 0px 0px inset' are equal

2022-01-16 00:16:37 - [MESSAGE][PASSED] - Text 'test1155' is set on object 'Object Repository/CheckOutForm/input_PO'

2022-01-16 00:16:38 - [MESSAGE][PASSED] - Text 'test comment' is set on object 'Object Repository/CheckOutForm/input_comments'

2022-01-16 00:16:39 - [MESSAGE][PASSED] - Object: 'Object Repository/CheckOutForm/a_reviewOrder' is clicked on

2022-01-16 00:16:39 - [TEST_STEP][PASSED] - CheckoutPageValidation.verifyNavigationToCheckoutDetails(): Text of object 'Object Repository/CheckOut Details/h1_checkoutHeader' is: 'CHECKOUT'

2022-01-16 00:16:39 - [MESSAGE][PASSED] - Current window's title is: 'Checkout - Cleaner's Supply'

2022-01-16 00:16:39 - [MESSAGE][PASSED] - Current window's url is: 'https://www.cleanersupply.com/checkout/'

2022-01-16 00:16:41 - [MESSAGE][PASSED] - Text of object 'Object Repository/CheckOut Details/h1_checkoutHeader' is: 'CHECKOUT'

2022-01-16 00:16:41 - [TEST_STEP][PASSED] - CheckoutPageHelpers.ShippingAddressDiv(): Text of object 'Object Repository/CheckOut Details/h2_shippingAddrDivHeader' is: 'SHIPPING ADDRESS'

2022-01-16 00:16:42 - [MESSAGE][PASSED] - Scroll to object 'Object Repository/CheckOut Details/div_shippingAddr' successfully

2022-01-16 00:16:42 - [MESSAGE][PASSED] - Object 'Object Repository/CheckOut Details/div_shippingAddr' is visible

2022-01-16 00:16:43 - [MESSAGE][PASSED] - Get CSS 'background-color' value on 'Object Repository/CheckOut Details/div_shippingAddr' successfully: 'rgba(241, 242, 242, 1)'.

2022-01-16 00:16:43 - [MESSAGE][PASSED] - Object 'Object Repository/CheckOut Details/h2_shippingAddrDivHeader' is visible

2022-01-16 00:16:43 - [MESSAGE][PASSED] - Text of object 'Object Repository/CheckOut Details/h2_shippingAddrDivHeader' is: 'SHIPPING ADDRESS'

2022-01-16 00:16:43 - [TEST_STEP][PASSED] - CheckoutPageHelpers.verifyShippingDetailsInCeckout(): Text of object 'Object Repository/CheckOut Details/span_shippingAddressDetails' is: 'testCompany
FNameTest lnameValueTest
addres1Test
address2 test
Palestine, AZ 55555
541-143-1030 x1
United States'

2022-01-16 00:16:44 - [MESSAGE][PASSED] - Text of object 'Object Repository/CheckOut Details/span_shippingAddressDetails' is: 'testCompany
FNameTest lnameValueTest
addres1Test
address2 test
Palestine, AZ 55555
541-143-1030 x1
United States'

2022-01-16 00:16:44 - [TEST_STEP][PASSED] - CheckoutPageHelpers.standardShippingAddress(): Object: 'Object Repository/CheckOut Details/a_shippingOptionLink' is clicked on

2022-01-16 00:16:44 - [MESSAGE][PASSED] - Object 'Object Repository/CheckOut Details/dic_standardShiping' is visible

2022-01-16 00:16:45 - [MESSAGE][PASSED] - Get CSS 'background-color' value on 'Object Repository/CheckOut Details/dic_standardShiping' successfully: 'rgba(241, 242, 242, 1)'.

2022-01-16 00:16:45 - [MESSAGE][PASSED] - Attribute 'class' of object 'Object Repository/CheckOut Details/a_shippingOptionLink' is: 'pull-right collapsed'

2022-01-16 00:16:46 - [MESSAGE][PASSED] - Object: 'Object Repository/CheckOut Details/a_shippingOptionLink' is clicked on

2022-01-16 00:16:47 - [MESSAGE][PASSED] - Attribute 'class' of object 'Object Repository/CheckOut Details/a_shippingOptionLink' is: 'pull-right'

2022-01-16 00:16:47 - [MESSAGE][PASSED] - Object: 'Object Repository/CheckOut Details/a_shippingOptionLink' is clicked on

2022-01-16 00:16:47 - [TEST_STEP][PASSED] - CheckoutPageHelpers.paymentMethodDiv(): Text of object 'Object Repository/CheckOut Details/h2_paymentMethodHeader' is: 'PAYMENT METHOD'

2022-01-16 00:16:48 - [MESSAGE][PASSED] - Object 'Object Repository/CheckOut Details/h2_paymentMethodHeader' is visible

2022-01-16 00:16:48 - [MESSAGE][PASSED] - Text of object 'Object Repository/CheckOut Details/h2_paymentMethodHeader' is: 'PAYMENT METHOD'

2022-01-16 00:16:48 - [TEST_STEP][PASSED] - CheckoutPageHelpers.verifyPaymentMethodDetails(): Attribute 'value' of object 'Object Repository/CheckOut Details/input_paymentMethodComment' is: 'test comment'

2022-01-16 00:16:48 - [MESSAGE][PASSED] - Text of object 'Object Repository/CheckOut Details/span_paymentMethodDetails' is: 'AmericanExpress **** 9273
Razan
Expires: 11/47'

2022-01-16 00:16:49 - [MESSAGE][PASSED] - Object 'Object Repository/CheckOut Details/div_PoNoDiv' is visible

2022-01-16 00:16:49 - [MESSAGE][PASSED] - Attribute 'value' of object 'Object Repository/CheckOut Details/input_paymentMethodPo' is: 'test1155'

2022-01-16 00:16:49 - [MESSAGE][PASSED] - Attribute 'value' of object 'Object Repository/CheckOut Details/input_paymentMethodComment' is: 'test comment'

2022-01-16 00:16:50 - [TEST_STEP][PASSED] - closeBrowser(): Browser is closed

2022-01-16 00:16:50 - [MESSAGE][PASSED] - Browser is closed

2022-01-16 00:17:03 - [TEST_STEP][PASSED] - Video: Video recording for test case 'Test Cases/Checkout Scenario/Product Details' .

2022-01-16 00:17:03 - [MESSAGE][INFO] - Video recording for test case 'Test Cases/Checkout Scenario/Product Details' .]]></system-out>
         <system-err><![CDATA[]]></system-err>
      </testcase>
      <testcase name="Test Cases/Checkout Scenario/Quick Order" time="23.339" classname="Test Cases/Checkout Scenario/Quick Order" status="FAILED">
         <failure type="FAILED" message="Test Cases/Checkout Scenario/Quick Order FAILED.
Reason:
Assertion failed: 

assert WebUI.getWindowTitle().toLowerCase().contains(expectedTitle.toLowerCase())
             |                |             |        |             |
             &quot;&quot;               &quot;&quot;            false    |             quick order - cleaner's supply
                                                     Quick Order - Cleaner's Supply

	at validation.GeneralValidation.verifyCurrentPageTitleValue(GeneralValidation.groovy:38)
	at validation.GeneralValidation$verifyCurrentPageTitleValue$0.call(Unknown Source)
	at helpers.GeneralHelpers.verifyNavigationToPage(GeneralHelpers.groovy:68)
	at helpers.GeneralHelpers$verifyNavigationToPage$2.call(Unknown Source)
	at helpers.QuickOrderHelpers.navigationAndVerifyToQuickOrder(QuickOrderHelpers.groovy:114)
	at helpers.QuickOrderHelpers$navigationAndVerifyToQuickOrder.call(Unknown Source)
	at Quick Order.run(Quick Order:45)
	at com.kms.katalon.core.main.ScriptEngine.run(ScriptEngine.java:194)
	at com.kms.katalon.core.main.ScriptEngine.runScriptAsRawText(ScriptEngine.java:119)
	at com.kms.katalon.core.main.TestCaseExecutor.runScript(TestCaseExecutor.java:442)
	at com.kms.katalon.core.main.TestCaseExecutor.doExecute(TestCaseExecutor.java:433)
	at com.kms.katalon.core.main.TestCaseExecutor.processExecutionPhase(TestCaseExecutor.java:412)
	at com.kms.katalon.core.main.TestCaseExecutor.accessMainPhase(TestCaseExecutor.java:404)
	at com.kms.katalon.core.main.TestCaseExecutor.execute(TestCaseExecutor.java:281)
	at com.kms.katalon.core.main.TestSuiteExecutor.accessTestCaseMainPhase(TestSuiteExecutor.java:202)
	at com.kms.katalon.core.main.TestSuiteExecutor.accessTestSuiteMainPhase(TestSuiteExecutor.java:164)
	at com.kms.katalon.core.main.TestSuiteExecutor.execute(TestSuiteExecutor.java:105)
	at com.kms.katalon.core.main.TestCaseMain.startTestSuite(TestCaseMain.java:181)
	at com.kms.katalon.core.main.TestCaseMain$startTestSuite$0.call(Unknown Source)
	at TempTestSuite1642284706570.run(TempTestSuite1642284706570.groovy:36)
"/>
         <system-out><![CDATA[2022-01-16 00:17:03 - [TEST_CASE][FAILED] - Test Cases/Checkout Scenario/Quick Order: Test Cases/Checkout Scenario/Quick Order FAILED.
Reason:
Assertion failed: 

assert WebUI.getWindowTitle().toLowerCase().contains(expectedTitle.toLowerCase())
             |                |             |        |             |
             ""               ""            false    |             quick order - cleaner's supply
                                                     Quick Order - Cleaner's Supply

	at validation.GeneralValidation.verifyCurrentPageTitleValue(GeneralValidation.groovy:38)
	at validation.GeneralValidation$verifyCurrentPageTitleValue$0.call(Unknown Source)
	at helpers.GeneralHelpers.verifyNavigationToPage(GeneralHelpers.groovy:68)
	at helpers.GeneralHelpers$verifyNavigationToPage$2.call(Unknown Source)
	at helpers.QuickOrderHelpers.navigationAndVerifyToQuickOrder(QuickOrderHelpers.groovy:114)
	at helpers.QuickOrderHelpers$navigationAndVerifyToQuickOrder.call(Unknown Source)
	at Quick Order.run(Quick Order:45)
	at com.kms.katalon.core.main.ScriptEngine.run(ScriptEngine.java:194)
	at com.kms.katalon.core.main.ScriptEngine.runScriptAsRawText(ScriptEngine.java:119)
	at com.kms.katalon.core.main.TestCaseExecutor.runScript(TestCaseExecutor.java:442)
	at com.kms.katalon.core.main.TestCaseExecutor.doExecute(TestCaseExecutor.java:433)
	at com.kms.katalon.core.main.TestCaseExecutor.processExecutionPhase(TestCaseExecutor.java:412)
	at com.kms.katalon.core.main.TestCaseExecutor.accessMainPhase(TestCaseExecutor.java:404)
	at com.kms.katalon.core.main.TestCaseExecutor.execute(TestCaseExecutor.java:281)
	at com.kms.katalon.core.main.TestSuiteExecutor.accessTestCaseMainPhase(TestSuiteExecutor.java:202)
	at com.kms.katalon.core.main.TestSuiteExecutor.accessTestSuiteMainPhase(TestSuiteExecutor.java:164)
	at com.kms.katalon.core.main.TestSuiteExecutor.execute(TestSuiteExecutor.java:105)
	at com.kms.katalon.core.main.TestCaseMain.startTestSuite(TestCaseMain.java:181)
	at com.kms.katalon.core.main.TestCaseMain$startTestSuite$0.call(Unknown Source)
	at TempTestSuite1642284706570.run(TempTestSuite1642284706570.groovy:36)


2022-01-16 00:17:04 - [TEST_STEP][PASSED] - GeneralHelpers.initScenario(): Current window's url is: 'https://www.cleanersupply.com/'

2022-01-16 00:17:04 - [MESSAGE][INFO] - Starting 'Chrome' driver

2022-01-16 00:17:04 - [MESSAGE][INFO] - Action delay is set to 0 milliseconds

2022-01-16 00:17:10 - [MESSAGE][PASSED] - Browser is opened with url: ''

2022-01-16 00:17:10 - [MESSAGE][PASSED] - Current window maximized

2022-01-16 00:17:20 - [MESSAGE][PASSED] - Navigate to 'https://www.cleanersupply.com/' successfully

2022-01-16 00:17:20 - [MESSAGE][PASSED] - Wait for page load successfully

2022-01-16 00:17:20 - [MESSAGE][PASSED] - Current window's title is: 'Cleaner's Supply - Dry Cleaning Supplies'

2022-01-16 00:17:20 - [MESSAGE][PASSED] - Current window's title is: 'Cleaner's Supply - Dry Cleaning Supplies'

2022-01-16 00:17:20 - [MESSAGE][PASSED] - Current window's url is: 'https://www.cleanersupply.com/'

2022-01-16 00:17:20 - [TEST_STEP][FAILED] - QuickOrderHelpers.navigationAndVerifyToQuickOrder(): Test Cases/Checkout Scenario/Quick Order FAILED.
Reason:
Assertion failed: 

assert WebUI.getWindowTitle().toLowerCase().contains(expectedTitle.toLowerCase())
             |                |             |        |             |
             ""               ""            false    |             quick order - cleaner's supply
                                                     Quick Order - Cleaner's Supply

	at validation.GeneralValidation.verifyCurrentPageTitleValue(GeneralValidation.groovy:38)
	at validation.GeneralValidation$verifyCurrentPageTitleValue$0.call(Unknown Source)
	at helpers.GeneralHelpers.verifyNavigationToPage(GeneralHelpers.groovy:68)
	at helpers.GeneralHelpers$verifyNavigationToPage$2.call(Unknown Source)
	at helpers.QuickOrderHelpers.navigationAndVerifyToQuickOrder(QuickOrderHelpers.groovy:114)
	at helpers.QuickOrderHelpers$navigationAndVerifyToQuickOrder.call(Unknown Source)
	at Quick Order.run(Quick Order:45)
	at com.kms.katalon.core.main.ScriptEngine.run(ScriptEngine.java:194)
	at com.kms.katalon.core.main.ScriptEngine.runScriptAsRawText(ScriptEngine.java:119)
	at com.kms.katalon.core.main.TestCaseExecutor.runScript(TestCaseExecutor.java:442)
	at com.kms.katalon.core.main.TestCaseExecutor.doExecute(TestCaseExecutor.java:433)
	at com.kms.katalon.core.main.TestCaseExecutor.processExecutionPhase(TestCaseExecutor.java:412)
	at com.kms.katalon.core.main.TestCaseExecutor.accessMainPhase(TestCaseExecutor.java:404)
	at com.kms.katalon.core.main.TestCaseExecutor.execute(TestCaseExecutor.java:281)
	at com.kms.katalon.core.main.TestSuiteExecutor.accessTestCaseMainPhase(TestSuiteExecutor.java:202)
	at com.kms.katalon.core.main.TestSuiteExecutor.accessTestSuiteMainPhase(TestSuiteExecutor.java:164)
	at com.kms.katalon.core.main.TestSuiteExecutor.execute(TestSuiteExecutor.java:105)
	at com.kms.katalon.core.main.TestCaseMain.startTestSuite(TestCaseMain.java:181)
	at com.kms.katalon.core.main.TestCaseMain$startTestSuite$0.call(Unknown Source)
	at TempTestSuite1642284706570.run(TempTestSuite1642284706570.groovy:36)


2022-01-16 00:17:21 - [MESSAGE][PASSED] - Object 'Object Repository/Quick Order/a_quickOrder' is visible

2022-01-16 00:17:23 - [MESSAGE][PASSED] - Object: 'Object Repository/Quick Order/a_quickOrder' is hovered

2022-01-16 00:17:24 - [MESSAGE][PASSED] - Get CSS 'color' value on 'Object Repository/Quick Order/i_quickOrderIcon' successfully: 'rgba(82, 36, 127, 1)'.

2022-01-16 00:17:25 - [MESSAGE][PASSED] - Object: 'Object Repository/Quick Order/a_quickOrder' is clicked on

2022-01-16 00:17:25 - [MESSAGE][PASSED] - Current window's title is: ''

2022-01-16 00:17:25 - [MESSAGE][FAILED] - Test Cases/Checkout Scenario/Quick Order FAILED.
Reason:
Assertion failed: 

assert WebUI.getWindowTitle().toLowerCase().contains(expectedTitle.toLowerCase())
             |                |             |        |             |
             ""               ""            false    |             quick order - cleaner's supply
                                                     Quick Order - Cleaner's Supply

	at validation.GeneralValidation.verifyCurrentPageTitleValue(GeneralValidation.groovy:38)
	at validation.GeneralValidation$verifyCurrentPageTitleValue$0.call(Unknown Source)
	at helpers.GeneralHelpers.verifyNavigationToPage(GeneralHelpers.groovy:68)
	at helpers.GeneralHelpers$verifyNavigationToPage$2.call(Unknown Source)
	at helpers.QuickOrderHelpers.navigationAndVerifyToQuickOrder(QuickOrderHelpers.groovy:114)
	at helpers.QuickOrderHelpers$navigationAndVerifyToQuickOrder.call(Unknown Source)
	at Quick Order.run(Quick Order:45)
	at com.kms.katalon.core.main.ScriptEngine.run(ScriptEngine.java:194)
	at com.kms.katalon.core.main.ScriptEngine.runScriptAsRawText(ScriptEngine.java:119)
	at com.kms.katalon.core.main.TestCaseExecutor.runScript(TestCaseExecutor.java:442)
	at com.kms.katalon.core.main.TestCaseExecutor.doExecute(TestCaseExecutor.java:433)
	at com.kms.katalon.core.main.TestCaseExecutor.processExecutionPhase(TestCaseExecutor.java:412)
	at com.kms.katalon.core.main.TestCaseExecutor.accessMainPhase(TestCaseExecutor.java:404)
	at com.kms.katalon.core.main.TestCaseExecutor.execute(TestCaseExecutor.java:281)
	at com.kms.katalon.core.main.TestSuiteExecutor.accessTestCaseMainPhase(TestSuiteExecutor.java:202)
	at com.kms.katalon.core.main.TestSuiteExecutor.accessTestSuiteMainPhase(TestSuiteExecutor.java:164)
	at com.kms.katalon.core.main.TestSuiteExecutor.execute(TestSuiteExecutor.java:105)
	at com.kms.katalon.core.main.TestCaseMain.startTestSuite(TestCaseMain.java:181)
	at com.kms.katalon.core.main.TestCaseMain$startTestSuite$0.call(Unknown Source)
	at TempTestSuite1642284706570.run(TempTestSuite1642284706570.groovy:36)


2022-01-16 00:17:26 - [TEST_STEP][PASSED] - Video: Video recording for test case 'Test Cases/Checkout Scenario/Quick Order' .

2022-01-16 00:17:26 - [MESSAGE][INFO] - Video recording for test case 'Test Cases/Checkout Scenario/Quick Order' .]]></system-out>
         <system-err><![CDATA[2022-01-16 00:17:03 - [TEST_CASE][FAILED] - Test Cases/Checkout Scenario/Quick Order: Test Cases/Checkout Scenario/Quick Order FAILED.
Reason:
Assertion failed: 

assert WebUI.getWindowTitle().toLowerCase().contains(expectedTitle.toLowerCase())
             |                |             |        |             |
             ""               ""            false    |             quick order - cleaner's supply
                                                     Quick Order - Cleaner's Supply

	at validation.GeneralValidation.verifyCurrentPageTitleValue(GeneralValidation.groovy:38)
	at validation.GeneralValidation$verifyCurrentPageTitleValue$0.call(Unknown Source)
	at helpers.GeneralHelpers.verifyNavigationToPage(GeneralHelpers.groovy:68)
	at helpers.GeneralHelpers$verifyNavigationToPage$2.call(Unknown Source)
	at helpers.QuickOrderHelpers.navigationAndVerifyToQuickOrder(QuickOrderHelpers.groovy:114)
	at helpers.QuickOrderHelpers$navigationAndVerifyToQuickOrder.call(Unknown Source)
	at Quick Order.run(Quick Order:45)
	at com.kms.katalon.core.main.ScriptEngine.run(ScriptEngine.java:194)
	at com.kms.katalon.core.main.ScriptEngine.runScriptAsRawText(ScriptEngine.java:119)
	at com.kms.katalon.core.main.TestCaseExecutor.runScript(TestCaseExecutor.java:442)
	at com.kms.katalon.core.main.TestCaseExecutor.doExecute(TestCaseExecutor.java:433)
	at com.kms.katalon.core.main.TestCaseExecutor.processExecutionPhase(TestCaseExecutor.java:412)
	at com.kms.katalon.core.main.TestCaseExecutor.accessMainPhase(TestCaseExecutor.java:404)
	at com.kms.katalon.core.main.TestCaseExecutor.execute(TestCaseExecutor.java:281)
	at com.kms.katalon.core.main.TestSuiteExecutor.accessTestCaseMainPhase(TestSuiteExecutor.java:202)
	at com.kms.katalon.core.main.TestSuiteExecutor.accessTestSuiteMainPhase(TestSuiteExecutor.java:164)
	at com.kms.katalon.core.main.TestSuiteExecutor.execute(TestSuiteExecutor.java:105)
	at com.kms.katalon.core.main.TestCaseMain.startTestSuite(TestCaseMain.java:181)
	at com.kms.katalon.core.main.TestCaseMain$startTestSuite$0.call(Unknown Source)
	at TempTestSuite1642284706570.run(TempTestSuite1642284706570.groovy:36)]]></system-err>
      </testcase>
      <testcase name="Test Cases/Checkout Scenario/Category" time="198.013" classname="Test Cases/Checkout Scenario/Category" status="PASSED">
         <system-out><![CDATA[2022-01-16 00:17:26 - [TEST_CASE][PASSED] - Test Cases/Checkout Scenario/Category: Test Cases/Checkout Scenario/Category

2022-01-16 00:17:30 - [TEST_STEP][PASSED] - GeneralHelpers.initScenario(): Current window's url is: 'https://www.cleanersupply.com/'

2022-01-16 00:17:30 - [MESSAGE][WARNING] - A browser is already opened. Closing browser and opening a new one

2022-01-16 00:17:30 - [MESSAGE][INFO] - Starting 'Chrome' driver

2022-01-16 00:17:30 - [MESSAGE][INFO] - Action delay is set to 0 milliseconds

2022-01-16 00:17:31 - [MESSAGE][PASSED] - Browser is opened with url: ''

2022-01-16 00:17:31 - [MESSAGE][PASSED] - Current window maximized

2022-01-16 00:17:47 - [MESSAGE][PASSED] - Navigate to 'https://www.cleanersupply.com/' successfully

2022-01-16 00:17:48 - [MESSAGE][PASSED] - Wait for page load successfully

2022-01-16 00:17:48 - [MESSAGE][PASSED] - Current window's title is: 'Cleaner's Supply - Dry Cleaning Supplies'

2022-01-16 00:17:48 - [MESSAGE][PASSED] - Current window's title is: 'Cleaner's Supply - Dry Cleaning Supplies'

2022-01-16 00:17:48 - [MESSAGE][PASSED] - Current window's url is: 'https://www.cleanersupply.com/'

2022-01-16 00:17:48 - [TEST_STEP][PASSED] - computerRegister = "Object Repository/Category/a_ComputerRegister": null

2022-01-16 00:17:48 - [TEST_STEP][PASSED] - CategoryScActions.hovertags(): Object: 'Object Repository/Category/a_tags' is hovered

2022-01-16 00:17:49 - [MESSAGE][PASSED] - Object: 'Object Repository/Category/a_tags' is hovered

2022-01-16 00:17:49 - [TEST_STEP][PASSED] - tags = "Object Repository/Category/a_tags": null

2022-01-16 00:17:49 - [TEST_STEP][PASSED] - CategoryValidations.checkanchorHoverColorBackground(tags, moveColr, whiteColor): Get CSS 'background-color' value on 'Object Repository/Category/a_tags' successfully: 'rgba(255, 255, 255, 1)'.

2022-01-16 00:17:50 - [MESSAGE][PASSED] - Get CSS 'color' value on 'Object Repository/Category/a_tags' successfully: 'rgba(82, 36, 127, 1)'.

2022-01-16 00:17:51 - [MESSAGE][PASSED] - Get CSS 'background-color' value on 'Object Repository/Category/a_tags' successfully: 'rgba(255, 255, 255, 1)'.

2022-01-16 00:17:51 - [TEST_STEP][PASSED] - CategoryValidations.checkHoverFlyMenuVisibility(): Attribute 'class' of object 'Object Repository/Category/ul_flyMenu' is: 'nav navbar-nav navbar-left open-desktop'

2022-01-16 00:17:51 - [MESSAGE][PASSED] - Object 'Object Repository/Category/ul_flyMenu' is visible

2022-01-16 00:17:52 - [MESSAGE][PASSED] - Attribute 'class' of object 'Object Repository/Category/ul_flyMenu' is: 'nav navbar-nav navbar-left open-desktop'

2022-01-16 00:17:52 - [TEST_STEP][PASSED] - CategorySCHelpers.navigateComputerRegister(): Current window's title is: 'Computer & Register - Cleaner's Supply'

2022-01-16 00:17:53 - [MESSAGE][PASSED] - Object: 'Object Repository/Category/a_ComputerRegister' is hovered

2022-01-16 00:17:53 - [MESSAGE][PASSED] - Get CSS 'color' value on 'Object Repository/Category/a_ComputerRegister' successfully: 'rgba(82, 36, 127, 1)'.

2022-01-16 00:17:54 - [MESSAGE][PASSED] - Get CSS 'text-transform' value on 'Object Repository/Category/a_ComputerRegister' successfully: 'uppercase'.

2022-01-16 00:18:00 - [MESSAGE][PASSED] - Object: 'Object Repository/Category/a_ComputerRegister' is clicked on

2022-01-16 00:18:00 - [MESSAGE][PASSED] - Current window's url is: 'https://www.cleanersupply.com/Tags-Forms/Computer-Register/'

2022-01-16 00:18:00 - [MESSAGE][PASSED] - Current window's title is: 'Computer & Register - Cleaner's Supply'

2022-01-16 00:18:00 - [TEST_STEP][PASSED] - CategoryValidations.validatespanText(computerRegisterspan): Text of object 'Object Repository/Category/span_omputerRegister' is: 'COMPUTER & REGISTER TAGS & FORMS'

2022-01-16 00:18:15 - [MESSAGE][PASSED] - Text of object 'Object Repository/Category/span_omputerRegister' is: 'COMPUTER & REGISTER TAGS & FORMS'

2022-01-16 00:18:15 - [TEST_STEP][PASSED] - CategoryScActions.getDefaultProjectCategoryFilter(expectedProductNum): Text of object 'Object Repository/Category/h2_productNum' is: '74 PRODUCTS'

2022-01-16 00:18:15 - [MESSAGE][PASSED] - Text of object 'Object Repository/Category/h2_productNum' is: '74 PRODUCTS'

2022-01-16 00:18:15 - [TEST_STEP][PASSED] - CategoryScActions.getDefaultValueOfSortBy(sortByDefault): Text of object 'Object Repository/Category/span_featuredDefault' is: 'Featured'

2022-01-16 00:18:16 - [MESSAGE][PASSED] - Text of object 'Object Repository/Category/span_featuredDefault' is: 'Featured'

2022-01-16 00:18:16 - [TEST_STEP][PASSED] - CategoryScActions.getDefaultManufacturar(manufacturarDefault): Text of object 'Object Repository/Category/span_manuDefault' is: 'Manufacturer'

2022-01-16 00:18:16 - [MESSAGE][PASSED] - Text of object 'Object Repository/Category/span_manuDefault' is: 'Manufacturer'

2022-01-16 00:18:16 - [TEST_STEP][PASSED] - CategoryScActions.getDefaultModal(defaultmodal): Text of object 'Object Repository/Category/span_defaultFilterModal' is: 'Model #'

2022-01-16 00:18:17 - [MESSAGE][PASSED] - Text of object 'Object Repository/Category/span_defaultFilterModal' is: 'Model #'

2022-01-16 00:18:17 - [TEST_STEP][PASSED] - CategoryScActions.clickOnManuWithassertOPened(menuExpandValue): Attribute 'aria-expanded' of object 'Object Repository/Category/sp001Casiprodoct/ul_manufature' is: 'true'

2022-01-16 00:18:17 - [MESSAGE][PASSED] - Object: 'Object Repository/Category/span_manuDefault' is clicked on

2022-01-16 00:18:18 - [MESSAGE][PASSED] - Attribute 'aria-expanded' of object 'Object Repository/Category/sp001Casiprodoct/ul_manufature' is: 'true'

2022-01-16 00:18:18 - [TEST_STEP][PASSED] - CategorySCHelpers.selectCasioManufacturar(): Text of object 'Object Repository/Category/h2_productNum' is: '2 PRODUCTS'

2022-01-16 00:18:18 - [MESSAGE][PASSED] - Object: 'Object Repository/Category/a_casio' is clicked on

2022-01-16 00:18:20 - [MESSAGE][PASSED] - Attribute 'title' of object 'Object Repository/Category/button_afterSelectCasio' is: 'Casio'

2022-01-16 00:18:20 - [MESSAGE][PASSED] - Text of object 'Object Repository/Category/a_casioSelectedFilter' is: 'Casio'

2022-01-16 00:18:21 - [MESSAGE][PASSED] - Text of object 'Object Repository/Category/h2_productNum' is: '2 PRODUCTS'

2022-01-16 00:18:21 - [TEST_STEP][PASSED] - CategorySCHelpers.selectModalsp1000(): Text of object 'Object Repository/Category/A_SP001selectedFilter' is: 'SP1000'

2022-01-16 00:18:21 - [MESSAGE][PASSED] - Object 'Object Repository/Category/div_collabse1' has attribute 'aria-expanded' with value 'true'

2022-01-16 00:18:22 - [MESSAGE][PASSED] - Object: 'Object Repository/Category/button_modalNum' is clicked on

2022-01-16 00:18:23 - [MESSAGE][PASSED] - Object: 'Object Repository/Category/a_sp001' is clicked on

2022-01-16 00:18:24 - [MESSAGE][PASSED] - Attribute 'title' of object 'Object Repository/Category/a_sp001' is: ''

2022-01-16 00:18:24 - [MESSAGE][PASSED] - Text of object 'Object Repository/Category/A_SP001selectedFilter' is: 'SP1000'

2022-01-16 00:18:24 - [TEST_STEP][PASSED] - CategorySCHelpers.EnterCasioSP1000Product(): Object: 'Object Repository/Category/sp001Casiprodoct/a_product' is clicked on

2022-01-16 00:18:25 - [MESSAGE][PASSED] - Text of object 'Object Repository/Category/sp001Casiprodoct/h2_sp1000CasioTitle' is: 'EPSON PRINTER INDELIBOND INK RIBBONS #TM290, ERC27 - 6/BOX'

2022-01-16 00:18:25 - [MESSAGE][PASSED] - Actual object 'EPSON PRINTER INDELIBOND INK RIBBONS #TM290, ERC27 - 6/BOX' and expected object 'EPSON PRINTER INDELIBOND INK RIBBONS #TM290, ERC27 - 6/BOX' are equal

2022-01-16 00:18:26 - [MESSAGE][PASSED] - Text of object 'Object Repository/Category/sp001Casiprodoct/span_SP1000CasioProductMinPrice' is: '$15.54'

2022-01-16 00:18:26 - [MESSAGE][PASSED] - Actual object '$15.54' and expected object '$15.54' are equal

2022-01-16 00:18:26 - [MESSAGE][PASSED] - Text of object 'Object Repository/Category/sp001Casiprodoct/span_sp1000CasioProductMaxPrice' is: '$20.94'

2022-01-16 00:18:26 - [MESSAGE][PASSED] - Actual object '$20.94' and expected object '$20.94' are equal

2022-01-16 00:18:37 - [MESSAGE][PASSED] - Object: 'Object Repository/Category/sp001Casiprodoct/a_product' is clicked on

2022-01-16 00:18:37 - [TEST_STEP][PASSED] - CategorySCHelpers.ValidateCasioSP1000ProductDetails(): Actual object 'EPSON PRINTER INDELIBOND INK RIBBONS #TM290, ERC27 - 6/BOX' and expected object 'EPSON PRINTER INDELIBOND INK RIBBONS #TM290, ERC27 - 6/BOX' are equal

2022-01-16 00:18:42 - [MESSAGE][PASSED] - Text of object 'Object Repository/Category/sp1000CasioProductDetails/h1_sp1000CasioProduct' is: 'EPSON PRINTER INDELIBOND INK RIBBONS #TM290, ERC27 - 6/BOX'

2022-01-16 00:18:42 - [MESSAGE][PASSED] - Actual object 'EPSON PRINTER INDELIBOND INK RIBBONS #TM290, ERC27 - 6/BOX' and expected object 'EPSON PRINTER INDELIBOND INK RIBBONS #TM290, ERC27 - 6/BOX' are equal

2022-01-16 00:18:42 - [TEST_STEP][PASSED] - CategorySCHelpers.enterTenItemsFromProduct(): Current window's title is: 'Epson Printer Indelibond Ink Ribbons #TM290, ERC27 - 6/Box - Cleaner's Supply'

2022-01-16 00:18:42 - [MESSAGE][PASSED] - Text of object 'Object Repository/Category/span_badge' is: '0'

2022-01-16 00:18:42 - [MESSAGE][PASSED] - Actual object '0' and expected object '0' are equal

2022-01-16 00:18:43 - [MESSAGE][PASSED] - Text of object 'Object Repository/Category/sp1000CasioProductDetails/input_quantity' is cleared

2022-01-16 00:18:44 - [MESSAGE][PASSED] - Keys 'BACK_SPACE + ' sent to object: 'Object Repository/Category/sp1000CasioProductDetails/input_quantity'

2022-01-16 00:18:45 - [MESSAGE][PASSED] - Text '10' is set on object 'Object Repository/Category/sp1000CasioProductDetails/input_quantity'

2022-01-16 00:18:46 - [MESSAGE][PASSED] - Object: 'Object Repository/Category/sp1000CasioProductDetails/h1_sp1000CasioProduct' is clicked on

2022-01-16 00:18:47 - [MESSAGE][PASSED] - Text of object 'Object Repository/Product details/h1_productName' is: 'EPSON PRINTER INDELIBOND INK RIBBONS #TM290, ERC27 - 6/BOX'

2022-01-16 00:18:47 - [MESSAGE][PASSED] - Attribute 'value' of object 'Object Repository/Product details/input_productQuantity' is: '10'

2022-01-16 00:18:47 - [MESSAGE][PASSED] - Text of object 'Object Repository/Product details/span_skuNumber' is: 'RIB290'

2022-01-16 00:18:48 - [MESSAGE][PASSED] - Text of object 'Object Repository/Product details/span_productPrice' is: '$15.54'

2022-01-16 00:18:49 - [MESSAGE][PASSED] - Object: 'Object Repository/Product details/button_addToCart' is clicked on

2022-01-16 00:18:49 - [MESSAGE][PASSED] - Current window's title is: 'Epson Printer Indelibond Ink Ribbons #TM290, ERC27 - 6/Box - Cleaner's Supply'

2022-01-16 00:18:49 - [TEST_STEP][PASSED] - MiniCartHelpers.hoverOnMiniCartHeader(): Text of object 'Object Repository/Mini Cart/span_cartCounterPadge' is: '1'

2022-01-16 00:18:50 - [MESSAGE][PASSED] - Object: 'Object Repository/Mini Cart/a_miniCartLink' is hovered

2022-01-16 00:18:51 - [MESSAGE][PASSED] - Get CSS 'background-color' value on 'Object Repository/Mini Cart/a_miniCartLink' successfully: 'rgba(255, 255, 255, 1)'.

2022-01-16 00:18:51 - [MESSAGE][PASSED] - Get CSS 'color' value on 'Object Repository/Mini Cart/a_miniCartLink' successfully: 'rgba(82, 36, 127, 1)'.

2022-01-16 00:18:54 - [MESSAGE][PASSED] - Text of object 'Object Repository/Mini Cart/span_miniCartSubTotal' is: '$155.40'

2022-01-16 00:18:55 - [MESSAGE][PASSED] - Text of object 'Object Repository/Mini Cart/span_cartCounterPadge' is: '1'

2022-01-16 00:18:57 - [TEST_STEP][PASSED] - MiniCartActions.navigateToCartPage(): Object: 'Object Repository/Mini Cart/a_miniCartLink' is clicked on

2022-01-16 00:19:31 - [MESSAGE][PASSED] - Object: 'Object Repository/Mini Cart/a_miniCartLink' is clicked on

2022-01-16 00:19:31 - [TEST_STEP][PASSED] - ShoppingCartHelpers.navigateToCartPage(): Text of object 'Object Repository/Shopping Cart/td_summaryTotalSubTotal' is: '$155.40'

2022-01-16 00:19:32 - [MESSAGE][PASSED] - Text of object 'Object Repository/Mini Cart/span_cartCounterPadge' is: '1'

2022-01-16 00:19:33 - [MESSAGE][PASSED] - Text of object 'Object Repository/Shopping Cart/td_summaryTableItemCount' is: 'SUBTOTAL (1 ITEM)'

2022-01-16 00:19:35 - [MESSAGE][PASSED] - Text of object 'Object Repository/Shopping Cart/td_summaryTableTotal' is: '$155.40'

2022-01-16 00:19:35 - [MESSAGE][PASSED] - Text of object 'Object Repository/Shopping Cart/td_summaryTotalSubTotal' is: '$155.40'

2022-01-16 00:19:37 - [TEST_STEP][PASSED] - ShoppingCartHelpers.navigateToCheckoutPage(): Object: 'Object Repository/Shopping Cart/button_proceedToCheckout' is clicked on

2022-01-16 00:19:38 - [MESSAGE][PASSED] - Object: 'Object Repository/Shopping Cart/a_shoppingCartProductTitle' is hovered

2022-01-16 00:19:38 - [MESSAGE][PASSED] - Get CSS 'background-color' value on 'Object Repository/Shopping Cart/button_proceedToCheckout' successfully: 'rgba(82, 36, 127, 1)'.

2022-01-16 00:19:38 - [MESSAGE][PASSED] - Get CSS 'color' value on 'Object Repository/Shopping Cart/button_proceedToCheckout' successfully: 'rgba(255, 255, 255, 1)'.

2022-01-16 00:19:39 - [MESSAGE][PASSED] - Object: 'Object Repository/Shopping Cart/button_proceedToCheckout' is hovered

2022-01-16 00:19:39 - [MESSAGE][PASSED] - Get CSS 'box-shadow' value on 'Object Repository/Shopping Cart/button_proceedToCheckout' successfully: 'rgba(0, 0, 0, 0.3) 0px 0px 10px 2px'.

2022-01-16 00:19:41 - [MESSAGE][PASSED] - Object: 'Object Repository/Shopping Cart/button_proceedToCheckout' is clicked on

2022-01-16 00:19:41 - [TEST_STEP][PASSED] - CheckoutPageHelpers.initCheckoutPage(): Unable to find the element located by 'By.xpath: '. Please recheck the objects properties to make sure the desired element is located. 

2022-01-16 00:19:42 - [MESSAGE][PASSED] - Text of object 'Object Repository/CheckOut/span_checkoutTitleTotal' is: '$155.40'

2022-01-16 00:19:42 - [MESSAGE][PASSED] - Text of object 'Object Repository/CheckOut/td_summaryTableTotal' is: '$155.40'

2022-01-16 00:19:43 - [MESSAGE][PASSED] - Text of object 'Object Repository/CheckOut/td_summaryTotalSubTotal' is: '$155.40'

2022-01-16 00:19:43 - [MESSAGE][PASSED] - Text of object 'Object Repository/CheckOut/label_checkoutAsGuest' is: 'Checkout as Guest'

2022-01-16 00:19:43 - [MESSAGE][PASSED] - Object 'Object Repository/CheckOut/input_checkoutAsGuestRadioButton' is checked

2022-01-16 00:19:46 - [MESSAGE][INFO] - Unable to find the element located by 'By.cssSelector: table.product-table tbody tr td.product-table__price'. Please recheck the objects properties to make sure the desired element is located. 

2022-01-16 00:19:46 - [MESSAGE][WARNING] - [SELF-HEALING] Failed to find element with id 'Object Repository/Shopping Cart/td_shoppingCartProductPrice'. Try using Self-healing.

2022-01-16 00:19:46 - [MESSAGE][WARNING] - [SELF-HEALING] Cannot find elements when the XPath is null.

2022-01-16 00:19:47 - [MESSAGE][INFO] - Unable to find the element located by 'By.xpath: '. Please recheck the objects properties to make sure the desired element is located. 

2022-01-16 00:19:49 - [MESSAGE][INFO] - Unable to find the element located by 'By.cssSelector: table.product-table tbody tr td.product-table__quantity input[name="quantity"]'. Please recheck the objects properties to make sure the desired element is located. 

2022-01-16 00:19:49 - [MESSAGE][WARNING] - [SELF-HEALING] Failed to find element with id 'Object Repository/Shopping Cart/input_shoppingCartProductQuantity'. Try using Self-healing.

2022-01-16 00:19:49 - [MESSAGE][WARNING] - [SELF-HEALING] Cannot find elements when the XPath is null.

2022-01-16 00:19:50 - [MESSAGE][INFO] - Unable to find the element located by 'By.xpath: '. Please recheck the objects properties to make sure the desired element is located. 

2022-01-16 00:19:52 - [MESSAGE][INFO] - Unable to find the element located by 'By.cssSelector: table.product-table tbody tr td.product-table__total'. Please recheck the objects properties to make sure the desired element is located. 

2022-01-16 00:19:52 - [MESSAGE][WARNING] - [SELF-HEALING] Failed to find element with id 'Object Repository/Shopping Cart/td_shoppingCartProductTotal'. Try using Self-healing.

2022-01-16 00:19:52 - [MESSAGE][WARNING] - [SELF-HEALING] Cannot find elements when the XPath is null.

2022-01-16 00:19:54 - [MESSAGE][INFO] - Unable to find the element located by 'By.xpath: '. Please recheck the objects properties to make sure the desired element is located. 

2022-01-16 00:19:56 - [TEST_STEP][PASSED] - CheckoutPageHelpers.navigateToCheckoutInformationForm(): Object: 'Object Repository/CheckOut/button_continueButton' is clicked on

2022-01-16 00:19:59 - [MESSAGE][PASSED] - Object: 'Object Repository/CheckOut/button_continueButton' is clicked on

2022-01-16 00:19:59 - [TEST_STEP][PASSED] - checkOutFormHelper.fillCheckOutForm(): Object: 'Object Repository/CheckOutForm/a_reviewOrder' is clicked on

2022-01-16 00:19:59 - [MESSAGE][PASSED] - Current window's title is: 'Checkout - Cleaner's Supply'

2022-01-16 00:19:59 - [MESSAGE][PASSED] - Current window's url is: 'https://www.cleanersupply.com/checkout/'

2022-01-16 00:20:00 - [MESSAGE][PASSED] - Text of object 'Object Repository/CheckOutForm/h1_checkOutHeader' is: 'CHECKOUT'

2022-01-16 00:20:01 - [MESSAGE][PASSED] - Object: 'Object Repository/CheckOutForm/input_company' is focused

2022-01-16 00:20:01 - [MESSAGE][PASSED] - Get CSS 'box-shadow' value on 'Object Repository/CheckOutForm/input_company' successfully: 'rgb(99, 99, 99) 0px -3px 0px 0px inset'.

2022-01-16 00:20:01 - [MESSAGE][PASSED] - Actual object 'rgb(99, 99, 99) 0px -3px 0px 0px inset' and expected object 'rgb(99, 99, 99) 0px -3px 0px 0px inset' are equal

2022-01-16 00:20:02 - [MESSAGE][PASSED] - Text 'testCompany' is set on object 'Object Repository/CheckOutForm/input_company'

2022-01-16 00:20:02 - [MESSAGE][PASSED] - Object: 'Object Repository/CheckOutForm/input_fname' is focused

2022-01-16 00:20:03 - [MESSAGE][PASSED] - Get CSS 'box-shadow' value on 'Object Repository/CheckOutForm/input_fname' successfully: 'rgb(99, 99, 99) 0px -3px 0px 0px inset'.

2022-01-16 00:20:03 - [MESSAGE][PASSED] - Actual object 'rgb(99, 99, 99) 0px -3px 0px 0px inset' and expected object 'rgb(99, 99, 99) 0px -3px 0px 0px inset' are equal

2022-01-16 00:20:03 - [MESSAGE][PASSED] - Text 'FNameTest' is set on object 'Object Repository/CheckOutForm/input_fname'

2022-01-16 00:20:04 - [MESSAGE][PASSED] - Object: 'Object Repository/CheckOutForm/input_lNAme' is focused

2022-01-16 00:20:04 - [MESSAGE][PASSED] - Get CSS 'box-shadow' value on 'Object Repository/CheckOutForm/input_lNAme' successfully: 'rgb(99, 99, 99) 0px -3px 0px 0px inset'.

2022-01-16 00:20:04 - [MESSAGE][PASSED] - Actual object 'rgb(99, 99, 99) 0px -3px 0px 0px inset' and expected object 'rgb(99, 99, 99) 0px -3px 0px 0px inset' are equal

2022-01-16 00:20:05 - [MESSAGE][PASSED] - Text 'lnameValueTest' is set on object 'Object Repository/CheckOutForm/input_lNAme'

2022-01-16 00:20:06 - [MESSAGE][PASSED] - Object: 'Object Repository/CheckOutForm/input_address' is focused

2022-01-16 00:20:06 - [MESSAGE][PASSED] - Get CSS 'box-shadow' value on 'Object Repository/CheckOutForm/input_address' successfully: 'rgb(99, 99, 99) 0px -3px 0px 0px inset'.

2022-01-16 00:20:06 - [MESSAGE][PASSED] - Actual object 'rgb(99, 99, 99) 0px -3px 0px 0px inset' and expected object 'rgb(99, 99, 99) 0px -3px 0px 0px inset' are equal

2022-01-16 00:20:07 - [MESSAGE][PASSED] - Text 'addres1Test' is set on object 'Object Repository/CheckOutForm/input_address'

2022-01-16 00:20:07 - [MESSAGE][PASSED] - Object: 'Object Repository/CheckOutForm/input_address2' is focused

2022-01-16 00:20:08 - [MESSAGE][PASSED] - Get CSS 'box-shadow' value on 'Object Repository/CheckOutForm/input_address2' successfully: 'rgb(99, 99, 99) 0px -3px 0px 0px inset'.

2022-01-16 00:20:08 - [MESSAGE][PASSED] - Actual object 'rgb(99, 99, 99) 0px -3px 0px 0px inset' and expected object 'rgb(99, 99, 99) 0px -3px 0px 0px inset' are equal

2022-01-16 00:20:08 - [MESSAGE][PASSED] - Text 'address2 test' is set on object 'Object Repository/CheckOutForm/input_address2'

2022-01-16 00:20:09 - [MESSAGE][PASSED] - Object: 'Object Repository/CheckOutForm/input_zipCode' is focused

2022-01-16 00:20:09 - [MESSAGE][PASSED] - Get CSS 'box-shadow' value on 'Object Repository/CheckOutForm/input_zipCode' successfully: 'rgb(99, 99, 99) 0px -3px 0px 0px inset'.

2022-01-16 00:20:09 - [MESSAGE][PASSED] - Actual object 'rgb(99, 99, 99) 0px -3px 0px 0px inset' and expected object 'rgb(99, 99, 99) 0px -3px 0px 0px inset' are equal

2022-01-16 00:20:11 - [MESSAGE][PASSED] - Text '55555' is set on object 'Object Repository/CheckOutForm/input_zipCode'

2022-01-16 00:20:11 - [MESSAGE][PASSED] - Object: 'Object Repository/CheckOutForm/input_city' is focused

2022-01-16 00:20:12 - [MESSAGE][PASSED] - Get CSS 'box-shadow' value on 'Object Repository/CheckOutForm/input_city' successfully: 'rgb(99, 99, 99) 0px -3px 0px 0px inset'.

2022-01-16 00:20:12 - [MESSAGE][PASSED] - Actual object 'rgb(99, 99, 99) 0px -3px 0px 0px inset' and expected object 'rgb(99, 99, 99) 0px -3px 0px 0px inset' are equal

2022-01-16 00:20:12 - [MESSAGE][PASSED] - Text 'Palestine' is set on object 'Object Repository/CheckOutForm/input_city'

2022-01-16 00:20:13 - [MESSAGE][PASSED] - Object: 'Object Repository/CheckOutForm/input_phoneNum' is focused

2022-01-16 00:20:13 - [MESSAGE][PASSED] - Get CSS 'box-shadow' value on 'Object Repository/CheckOutForm/input_phoneNum' successfully: 'rgb(99, 99, 99) 0px -3px 0px 0px inset'.

2022-01-16 00:20:13 - [MESSAGE][PASSED] - Actual object 'rgb(99, 99, 99) 0px -3px 0px 0px inset' and expected object 'rgb(99, 99, 99) 0px -3px 0px 0px inset' are equal

2022-01-16 00:20:14 - [MESSAGE][PASSED] - Text '541-143-1030' is set on object 'Object Repository/CheckOutForm/input_phoneNum'

2022-01-16 00:20:15 - [MESSAGE][PASSED] - Object: 'Object Repository/CheckOutForm/input_phoneExt' is focused

2022-01-16 00:20:15 - [MESSAGE][PASSED] - Get CSS 'box-shadow' value on 'Object Repository/CheckOutForm/input_phoneExt' successfully: 'rgb(99, 99, 99) 0px -3px 0px 0px inset'.

2022-01-16 00:20:15 - [MESSAGE][PASSED] - Actual object 'rgb(99, 99, 99) 0px -3px 0px 0px inset' and expected object 'rgb(99, 99, 99) 0px -3px 0px 0px inset' are equal

2022-01-16 00:20:16 - [MESSAGE][PASSED] - Text '1' is set on object 'Object Repository/CheckOutForm/input_phoneExt'

2022-01-16 00:20:16 - [MESSAGE][PASSED] - Object: 'Object Repository/CheckOutForm/input_phoneExt' is focused

2022-01-16 00:20:17 - [MESSAGE][PASSED] - Get CSS 'box-shadow' value on 'Object Repository/CheckOutForm/input_phoneExt' successfully: 'rgb(99, 99, 99) 0px -3px 0px 0px inset'.

2022-01-16 00:20:17 - [MESSAGE][PASSED] - Actual object 'rgb(99, 99, 99) 0px -3px 0px 0px inset' and expected object 'rgb(99, 99, 99) 0px -3px 0px 0px inset' are equal

2022-01-16 00:20:17 - [MESSAGE][PASSED] - Text '1' is set on object 'Object Repository/CheckOutForm/input_phoneExt'

2022-01-16 00:20:18 - [MESSAGE][PASSED] - Object: 'Object Repository/CheckOutForm/input_email' is focused

2022-01-16 00:20:18 - [MESSAGE][PASSED] - Get CSS 'box-shadow' value on 'Object Repository/CheckOutForm/input_email' successfully: 'rgb(99, 99, 99) 0px -3px 0px 0px inset'.

2022-01-16 00:20:18 - [MESSAGE][PASSED] - Actual object 'rgb(99, 99, 99) 0px -3px 0px 0px inset' and expected object 'rgb(99, 99, 99) 0px -3px 0px 0px inset' are equal

2022-01-16 00:20:19 - [MESSAGE][PASSED] - Text 'test@test.com' is set on object 'Object Repository/CheckOutForm/input_email'

2022-01-16 00:20:20 - [MESSAGE][PASSED] - Object: 'Object Repository/CheckOutForm/button_state' is clicked on

2022-01-16 00:20:21 - [MESSAGE][PASSED] - Object 'Object Repository/CheckOutForm/button_state' has attribute 'aria-expanded' with value 'true'

2022-01-16 00:20:21 - [MESSAGE][PASSED] - Object: 'Object Repository/CheckOutForm/a_state' is clicked on

2022-01-16 00:20:23 - [MESSAGE][PASSED] - Text of object 'Object Repository/CheckOutForm/span_selectedState' is: 'Arizona'

2022-01-16 00:20:24 - [MESSAGE][PASSED] - Object: 'Object Repository/CheckOutForm/input_creditCardName' is focused

2022-01-16 00:20:24 - [MESSAGE][PASSED] - Get CSS 'box-shadow' value on 'Object Repository/CheckOutForm/input_creditCardName' successfully: 'rgb(99, 99, 99) 0px -3px 0px 0px inset'.

2022-01-16 00:20:24 - [MESSAGE][PASSED] - Actual object 'rgb(99, 99, 99) 0px -3px 0px 0px inset' and expected object 'rgb(99, 99, 99) 0px -3px 0px 0px inset' are equal

2022-01-16 00:20:25 - [MESSAGE][PASSED] - Text 'Razan' is set on object 'Object Repository/CheckOutForm/input_creditCardName'

2022-01-16 00:20:25 - [MESSAGE][PASSED] - Object: 'Object Repository/CheckOutForm/input_cardNumber' is focused

2022-01-16 00:20:25 - [MESSAGE][PASSED] - Get CSS 'box-shadow' value on 'Object Repository/CheckOutForm/input_cardNumber' successfully: 'rgb(99, 99, 99) 0px -3px 0px 0px inset'.

2022-01-16 00:20:25 - [MESSAGE][PASSED] - Actual object 'rgb(99, 99, 99) 0px -3px 0px 0px inset' and expected object 'rgb(99, 99, 99) 0px -3px 0px 0px inset' are equal

2022-01-16 00:20:26 - [MESSAGE][PASSED] - Text '379936489179273' is set on object 'Object Repository/CheckOutForm/input_cardNumber'

2022-01-16 00:20:27 - [MESSAGE][PASSED] - Object: 'Object Repository/CheckOutForm/input_cvv' is focused

2022-01-16 00:20:27 - [MESSAGE][PASSED] - Get CSS 'box-shadow' value on 'Object Repository/CheckOutForm/input_cvv' successfully: 'rgb(99, 99, 99) 0px -3px 0px 0px inset'.

2022-01-16 00:20:27 - [MESSAGE][PASSED] - Actual object 'rgb(99, 99, 99) 0px -3px 0px 0px inset' and expected object 'rgb(99, 99, 99) 0px -3px 0px 0px inset' are equal

2022-01-16 00:20:28 - [MESSAGE][PASSED] - Text '2222' is set on object 'Object Repository/CheckOutForm/input_cvv'

2022-01-16 00:20:28 - [MESSAGE][PASSED] - Object: 'Object Repository/CheckOutForm/button_expirationDate' is clicked on

2022-01-16 00:20:29 - [MESSAGE][PASSED] - Object: 'Object Repository/CheckOutForm/button_expirationYear' is clicked on

2022-01-16 00:20:31 - [MESSAGE][PASSED] - Object: 'Object Repository/CheckOutForm/input_PO' is focused

2022-01-16 00:20:32 - [MESSAGE][PASSED] - Get CSS 'box-shadow' value on 'Object Repository/CheckOutForm/input_PO' successfully: 'rgb(99, 99, 99) 0px -3px 0px 0px inset'.

2022-01-16 00:20:32 - [MESSAGE][PASSED] - Actual object 'rgb(99, 99, 99) 0px -3px 0px 0px inset' and expected object 'rgb(99, 99, 99) 0px -3px 0px 0px inset' are equal

2022-01-16 00:20:32 - [MESSAGE][PASSED] - Text 'test1155' is set on object 'Object Repository/CheckOutForm/input_PO'

2022-01-16 00:20:33 - [MESSAGE][PASSED] - Text 'test comment' is set on object 'Object Repository/CheckOutForm/input_comments'

2022-01-16 00:20:34 - [MESSAGE][PASSED] - Object: 'Object Repository/CheckOutForm/a_reviewOrder' is clicked on

2022-01-16 00:20:44 - [TEST_STEP][PASSED] - Video: Video recording for test case 'Test Cases/Checkout Scenario/Category' .

2022-01-16 00:20:44 - [MESSAGE][INFO] - Video recording for test case 'Test Cases/Checkout Scenario/Category' .]]></system-out>
         <system-err><![CDATA[]]></system-err>
      </testcase>
      <system-out><![CDATA[2022-01-16 00:13:25 - [TEST_SUITE][FAILED] - Checkout: Test Cases/Checkout Scenario/Quick Order FAILED.
Reason:
Assertion failed: 

assert WebUI.getWindowTitle().toLowerCase().contains(expectedTitle.toLowerCase())
             |                |             |        |             |
             ""               ""            false    |             quick order - cleaner's supply
                                                     Quick Order - Cleaner's Supply

	at validation.GeneralValidation.verifyCurrentPageTitleValue(GeneralValidation.groovy:38)
	at validation.GeneralValidation$verifyCurrentPageTitleValue$0.call(Unknown Source)
	at helpers.GeneralHelpers.verifyNavigationToPage(GeneralHelpers.groovy:68)
	at helpers.GeneralHelpers$verifyNavigationToPage$2.call(Unknown Source)
	at helpers.QuickOrderHelpers.navigationAndVerifyToQuickOrder(QuickOrderHelpers.groovy:114)
	at helpers.QuickOrderHelpers$navigationAndVerifyToQuickOrder.call(Unknown Source)
	at Quick Order.run(Quick Order:45)
	at com.kms.katalon.core.main.ScriptEngine.run(ScriptEngine.java:194)
	at com.kms.katalon.core.main.ScriptEngine.runScriptAsRawText(ScriptEngine.java:119)
	at com.kms.katalon.core.main.TestCaseExecutor.runScript(TestCaseExecutor.java:442)
	at com.kms.katalon.core.main.TestCaseExecutor.doExecute(TestCaseExecutor.java:433)
	at com.kms.katalon.core.main.TestCaseExecutor.processExecutionPhase(TestCaseExecutor.java:412)
	at com.kms.katalon.core.main.TestCaseExecutor.accessMainPhase(TestCaseExecutor.java:404)
	at com.kms.katalon.core.main.TestCaseExecutor.execute(TestCaseExecutor.java:281)
	at com.kms.katalon.core.main.TestSuiteExecutor.accessTestCaseMainPhase(TestSuiteExecutor.java:202)
	at com.kms.katalon.core.main.TestSuiteExecutor.accessTestSuiteMainPhase(TestSuiteExecutor.java:164)
	at com.kms.katalon.core.main.TestSuiteExecutor.execute(TestSuiteExecutor.java:105)
	at com.kms.katalon.core.main.TestCaseMain.startTestSuite(TestCaseMain.java:181)
	at com.kms.katalon.core.main.TestCaseMain$startTestSuite$0.call(Unknown Source)
	at TempTestSuite1642284706570.run(TempTestSuite1642284706570.groovy:36)]]></system-out>
      <system-err><![CDATA[2022-01-16 00:13:25 - [TEST_SUITE][FAILED] - Checkout: Test Cases/Checkout Scenario/Quick Order FAILED.
Reason:
Assertion failed: 

assert WebUI.getWindowTitle().toLowerCase().contains(expectedTitle.toLowerCase())
             |                |             |        |             |
             ""               ""            false    |             quick order - cleaner's supply
                                                     Quick Order - Cleaner's Supply

	at validation.GeneralValidation.verifyCurrentPageTitleValue(GeneralValidation.groovy:38)
	at validation.GeneralValidation$verifyCurrentPageTitleValue$0.call(Unknown Source)
	at helpers.GeneralHelpers.verifyNavigationToPage(GeneralHelpers.groovy:68)
	at helpers.GeneralHelpers$verifyNavigationToPage$2.call(Unknown Source)
	at helpers.QuickOrderHelpers.navigationAndVerifyToQuickOrder(QuickOrderHelpers.groovy:114)
	at helpers.QuickOrderHelpers$navigationAndVerifyToQuickOrder.call(Unknown Source)
	at Quick Order.run(Quick Order:45)
	at com.kms.katalon.core.main.ScriptEngine.run(ScriptEngine.java:194)
	at com.kms.katalon.core.main.ScriptEngine.runScriptAsRawText(ScriptEngine.java:119)
	at com.kms.katalon.core.main.TestCaseExecutor.runScript(TestCaseExecutor.java:442)
	at com.kms.katalon.core.main.TestCaseExecutor.doExecute(TestCaseExecutor.java:433)
	at com.kms.katalon.core.main.TestCaseExecutor.processExecutionPhase(TestCaseExecutor.java:412)
	at com.kms.katalon.core.main.TestCaseExecutor.accessMainPhase(TestCaseExecutor.java:404)
	at com.kms.katalon.core.main.TestCaseExecutor.execute(TestCaseExecutor.java:281)
	at com.kms.katalon.core.main.TestSuiteExecutor.accessTestCaseMainPhase(TestSuiteExecutor.java:202)
	at com.kms.katalon.core.main.TestSuiteExecutor.accessTestSuiteMainPhase(TestSuiteExecutor.java:164)
	at com.kms.katalon.core.main.TestSuiteExecutor.execute(TestSuiteExecutor.java:105)
	at com.kms.katalon.core.main.TestCaseMain.startTestSuite(TestCaseMain.java:181)
	at com.kms.katalon.core.main.TestCaseMain$startTestSuite$0.call(Unknown Source)
	at TempTestSuite1642284706570.run(TempTestSuite1642284706570.groovy:36)]]></system-err>
   </testsuite>
   <testsuite name="Footer" tests="1" failures="0" errors="0" time="126.545" skipped="0" timestamp="2022-01-16 00:20:55" hostname="waleedafifi - localhost" id="Test Suites/Footer">
      <properties>
         <property name="deviceName" value=""/>
         <property name="devicePlatform" value=""/>
         <property name="logFolder" value="/Users/waleedafifi/git/cleanersupply/Reports/20220116_001143/Footer/20220116_001148"/>
         <property name="logFiles" value="/Users/waleedafifi/git/cleanersupply/Reports/20220116_001143/Footer/20220116_001148/execution0.log"/>
         <property name="attachments" value=""/>
         <property name="hostName" value="waleedafifi - localhost"/>
         <property name="os" value="Mac OS X 64bit"/>
         <property name="katalonVersion" value="8.2.0.208"/>
         <property name="browser" value="Chrome 97.0.4692.71"/>
         <property name="hostAddress" value="127.0.0.1"/>
         <property name="sessionId" value="2319cbfbc00ac84a96889020d5e3c7ea"/>
         <property name="seleniumVersion" value="3.141.59"/>
         <property name="proxyInformation" value="ProxyInformation { proxyOption=NO_PROXY, proxyServerType=HTTP, username=, password=********, proxyServerAddress=, proxyServerPort=0, executionList=&quot;&quot;, isApplyToDesiredCapabilities=true }"/>
         <property name="platform" value="Mac OS X"/>
      </properties>
      <testcase name="Test Cases/Footer/Footer TC" time="126.106" classname="Test Cases/Footer/Footer TC" status="PASSED">
         <system-out><![CDATA[2022-01-16 00:20:55 - [TEST_CASE][PASSED] - Test Cases/Footer/Footer TC: Test Cases/Footer/Footer TC

2022-01-16 00:20:56 - [TEST_STEP][PASSED] - GeneralHelpers.initScenario(): Current window's url is: 'https://www.cleanersupply.com/'

2022-01-16 00:20:56 - [MESSAGE][INFO] - Starting 'Chrome' driver

2022-01-16 00:20:56 - [MESSAGE][INFO] - Action delay is set to 0 milliseconds

2022-01-16 00:21:04 - [MESSAGE][PASSED] - Browser is opened with url: ''

2022-01-16 00:21:04 - [MESSAGE][PASSED] - Current window maximized

2022-01-16 00:21:17 - [MESSAGE][PASSED] - Navigate to 'https://www.cleanersupply.com/' successfully

2022-01-16 00:21:17 - [MESSAGE][PASSED] - Wait for page load successfully

2022-01-16 00:21:17 - [MESSAGE][PASSED] - Current window's title is: 'Cleaner's Supply - Dry Cleaning Supplies'

2022-01-16 00:21:17 - [MESSAGE][PASSED] - Current window's title is: 'Cleaner's Supply - Dry Cleaning Supplies'

2022-01-16 00:21:17 - [MESSAGE][PASSED] - Current window's url is: 'https://www.cleanersupply.com/'

2022-01-16 00:21:17 - [TEST_STEP][PASSED] - defaultFooterValidatins.verifyExistingOftopFooterImage(): Object 'Object Repository/defaultFooter/img_topFooter' is visible

2022-01-16 00:21:19 - [MESSAGE][PASSED] - Object 'Object Repository/defaultFooter/img_topFooter' is visible

2022-01-16 00:21:19 - [TEST_STEP][PASSED] - defaultFooterValidatins.verifyBackGroundandMaxHeightOfTopFooter(): Get CSS 'max-height' value on 'Object Repository/defaultFooter/div_topFooter' successfully: '93px'.

2022-01-16 00:21:21 - [MESSAGE][PASSED] - Get CSS 'background-color' value on 'Object Repository/defaultFooter/div_topFooter' successfully: 'rgba(255, 199, 9, 1)'.

2022-01-16 00:21:21 - [MESSAGE][PASSED] - Get CSS 'max-height' value on 'Object Repository/defaultFooter/div_topFooter' successfully: '93px'.

2022-01-16 00:21:21 - [TEST_STEP][PASSED] - defaultFooterValidatins.verifyExistingOffooterBody(): Object 'Object Repository/defaultFooter/div_footerBody' is visible

2022-01-16 00:21:22 - [MESSAGE][PASSED] - Object 'Object Repository/defaultFooter/div_footerBody' is visible

2022-01-16 00:21:22 - [TEST_STEP][PASSED] - defaultFooterValidatins.verifyBackGroundandPaddingOfFooterBody(): Get CSS 'background-color' value on 'Object Repository/defaultFooter/div_footerBody' successfully: 'rgba(70, 70, 70, 1)'.

2022-01-16 00:21:22 - [MESSAGE][PASSED] - Get CSS 'background-color' value on 'Object Repository/defaultFooter/div_footerBody' successfully: 'rgba(70, 70, 70, 1)'.

2022-01-16 00:21:22 - [TEST_STEP][PASSED] - defaultFooterValidatins.verifyExistingOffooterBodyRightColomn(): Object 'Object Repository/defaultFooter/div_footerBodyRightcolumn' is visible

2022-01-16 00:21:23 - [MESSAGE][PASSED] - Object 'Object Repository/defaultFooter/div_footerBodyRightcolumn' is visible

2022-01-16 00:21:23 - [TEST_STEP][PASSED] - defaultFooterValidatins.verifyExistingOffooterBodyMiddleColomn(): Object 'Object Repository/defaultFooter/div_footerBodyMiddleColumn' is visible

2022-01-16 00:21:23 - [MESSAGE][PASSED] - Object 'Object Repository/defaultFooter/div_footerBodyMiddleColumn' is visible

2022-01-16 00:21:23 - [TEST_STEP][PASSED] - defaultFooterValidatins.verifyExistingOffooterBodyLeftColomn(): Object 'Object Repository/defaultFooter/div_footerBodyLeftColumn' is visible

2022-01-16 00:21:24 - [MESSAGE][PASSED] - Object 'Object Repository/defaultFooter/div_footerBodyLeftColumn' is visible

2022-01-16 00:21:24 - [TEST_STEP][PASSED] - defaultFooterValidatins.verifyRequestCatalogueLink(): Object 'Object Repository/defaultFooter/footerBody/rightColumn/span_catalogueIcon' is visible

2022-01-16 00:21:24 - [MESSAGE][PASSED] - Object 'Object Repository/defaultFooter/footerBody/rightColumn/a_requestCatalogue' is visible

2022-01-16 00:21:30 - [MESSAGE][PASSED] - Object: 'Object Repository/defaultFooter/footerBody/rightColumn/a_requestCatalogue' is clicked on

2022-01-16 00:21:30 - [MESSAGE][PASSED] - Current window's title is: 'Request A Catalog – Free Monthly Printed Catalog - Cleaner's Supply'

2022-01-16 00:21:30 - [MESSAGE][PASSED] - Current window's url is: 'https://www.cleanersupply.com/request-a-catalog/'

2022-01-16 00:21:36 - [MESSAGE][PASSED] - Text of object 'Object Repository/defaultFooter/footerBody/rightColumn/h2_requestCatalogue' is: 'CATALOG REQUEST'

2022-01-16 00:21:36 - [MESSAGE][PASSED] - Get CSS 'color' value on 'Object Repository/defaultFooter/footerBody/rightColumn/a_requestCatalogue' successfully: 'rgba(255, 255, 255, 1)'.

2022-01-16 00:21:37 - [MESSAGE][PASSED] - Object 'Object Repository/defaultFooter/footerBody/rightColumn/span_catalogueIcon' is visible

2022-01-16 00:21:37 - [TEST_STEP][PASSED] - defaultFooterValidatins.verifycassifiedListLink(): Object 'Object Repository/defaultFooter/footerBody/rightColumn/span_classifieds' is visible

2022-01-16 00:21:37 - [MESSAGE][PASSED] - Object 'Object Repository/defaultFooter/footerBody/rightColumn/a_classifiedList' is visible

2022-01-16 00:21:53 - [MESSAGE][PASSED] - Object: 'Object Repository/defaultFooter/footerBody/rightColumn/a_classifiedList' is clicked on

2022-01-16 00:21:53 - [MESSAGE][PASSED] - Current window's title is: 'Classifieds List - Cleaner's Supply'

2022-01-16 00:21:53 - [MESSAGE][PASSED] - Current window's url is: 'https://www.cleanersupply.com/classifieds-list/'

2022-01-16 00:22:09 - [MESSAGE][PASSED] - Text of object 'Object Repository/defaultFooter/footerBody/rightColumn/h2_classifiedList' is: 'CLASSIFIEDS'

2022-01-16 00:22:09 - [MESSAGE][PASSED] - Get CSS 'color' value on 'Object Repository/defaultFooter/footerBody/rightColumn/a_classifiedList' successfully: 'rgba(255, 255, 255, 1)'.

2022-01-16 00:22:10 - [MESSAGE][PASSED] - Object 'Object Repository/defaultFooter/footerBody/rightColumn/span_classifieds' is visible

2022-01-16 00:22:10 - [TEST_STEP][PASSED] - defaultFooterValidatins.verifyExistingOfRegionButtonandClickable(): Text of object 'Object Repository/defaultFooter/footerBody/rightColumn/span_defaultRegionText' is: 'USA'

2022-01-16 00:22:10 - [MESSAGE][PASSED] - Object 'Object Repository/defaultFooter/footerBody/rightColumn/button_region' is visible

2022-01-16 00:22:11 - [MESSAGE][PASSED] - Attribute 'aria-expanded' of object 'Object Repository/defaultFooter/footerBody/rightColumn/button_region' is: 'null'

2022-01-16 00:22:11 - [MESSAGE][PASSED] - Object: 'Object Repository/defaultFooter/footerBody/rightColumn/button_region' is clicked on

2022-01-16 00:22:12 - [MESSAGE][PASSED] - Text of object 'Object Repository/defaultFooter/footerBody/rightColumn/span_defaultRegionText' is: 'USA'

2022-01-16 00:22:12 - [TEST_STEP][PASSED] - defaultFooterValidatins.verifyClickingOnFeedBackButtonShowPopUP(): Object 'Object Repository/defaultFooter/footerBody/rightColumn/div_leave-feedback-form' is visible

2022-01-16 00:22:12 - [MESSAGE][PASSED] - Object 'Object Repository/defaultFooter/footerBody/rightColumn/div_leave-feedback-form' is NOT visible

2022-01-16 00:22:13 - [MESSAGE][PASSED] - Object: 'Object Repository/defaultFooter/footerBody/rightColumn/a_leaveFeedbackOpen' is clicked on

2022-01-16 00:22:13 - [MESSAGE][PASSED] - Object 'Object Repository/defaultFooter/footerBody/rightColumn/div_leave-feedback-form' is visible

2022-01-16 00:22:13 - [TEST_STEP][PASSED] - defaultFooterValidatins.fillModalWithAssertValueAndClose(): Object: 'Object Repository/defaultFooter/footerBody/rightColumn/button_closeFeedbackModal' is clicked on

2022-01-16 00:22:14 - [MESSAGE][PASSED] - Text 'test comment' is set on object 'Object Repository/defaultFooter/footerBody/rightColumn/textarea_feedback'

2022-01-16 00:22:15 - [MESSAGE][PASSED] - Attribute 'value' of object 'Object Repository/defaultFooter/footerBody/rightColumn/textarea_feedback' is: 'test comment'

2022-01-16 00:22:16 - [MESSAGE][PASSED] - Text 'test@test.com' is set on object 'Object Repository/defaultFooter/footerBody/rightColumn/input_feedBackEmail'

2022-01-16 00:22:16 - [MESSAGE][PASSED] - Attribute 'value' of object 'Object Repository/defaultFooter/footerBody/rightColumn/input_feedBackEmail' is: 'test@test.com'

2022-01-16 00:22:16 - [MESSAGE][PASSED] - Object: 'Object Repository/defaultFooter/footerBody/rightColumn/button_closeFeedbackModal' is clicked on

2022-01-16 00:22:16 - [TEST_STEP][PASSED] - defaultFooterActions.clickpreviouslyOrdered(): Object: 'Object Repository/defaultFooter/footerBody/rightColumn/a_previouslyOrdered' is clicked on

2022-01-16 00:22:29 - [MESSAGE][PASSED] - Object: 'Object Repository/defaultFooter/footerBody/rightColumn/a_previouslyOrdered' is clicked on

2022-01-16 00:22:29 - [TEST_STEP][PASSED] - defaultFooterValidatins.verifyClickingPreviouslyOrdered(): Navigate to 'https://www.cleanersupply.com/' successfully

2022-01-16 00:22:29 - [MESSAGE][PASSED] - Current window's title is: 'Log In - Cleaner's Supply'

2022-01-16 00:22:29 - [MESSAGE][PASSED] - Current window's url is: 'https://www.cleanersupply.com/log-in/?ReturnUrl=%2fpreviously-ordered%2f'

2022-01-16 00:22:30 - [MESSAGE][PASSED] - Text of object 'Object Repository/defaultFooter/footerBody/rightColumn/h2_loginHeader' is: 'RETURNING CUSTOMER?'

2022-01-16 00:22:32 - [MESSAGE][PASSED] - Navigate to 'https://www.cleanersupply.com/' successfully

2022-01-16 00:22:32 - [TEST_STEP][PASSED] - defaultFooterActions.clickQuickOrder(): Object: 'Object Repository/defaultFooter/footerBody/rightColumn/a_quickOrder' is clicked on

2022-01-16 00:22:37 - [MESSAGE][PASSED] - Object: 'Object Repository/defaultFooter/footerBody/rightColumn/a_quickOrder' is clicked on

2022-01-16 00:22:37 - [TEST_STEP][PASSED] - defaultFooterValidatins.verifyExistingOfLeftFooterTitle(): Text of object 'Object Repository/defaultFooter/footerBody/leftColumn/span_leftFooterTitle' is: 'EXCLUSIVE EMAIL SPECIALS'

2022-01-16 00:22:37 - [MESSAGE][WARNING] - Timeout '0' is invalid. Using default page load timeout: '30'

2022-01-16 00:22:39 - [MESSAGE][PASSED] - Object 'Object Repository/defaultFooter/footerBody/leftColumn/span_leftFooterTitle' is present

2022-01-16 00:22:39 - [MESSAGE][PASSED] - Text of object 'Object Repository/defaultFooter/footerBody/leftColumn/span_leftFooterTitle' is: 'EXCLUSIVE EMAIL SPECIALS'

2022-01-16 00:22:39 - [TEST_STEP][PASSED] - defaultFooterValidatins.verifyExistingOfLeftFooterSubTitle(): Text of object 'Object Repository/defaultFooter/footerBody/leftColumn/span_leftFootersubTitle' is: 'Get Specials, Exclusive Promotions & Updates'

2022-01-16 00:22:39 - [MESSAGE][WARNING] - Timeout '0' is invalid. Using default page load timeout: '30'

2022-01-16 00:22:39 - [MESSAGE][PASSED] - Object 'Object Repository/defaultFooter/footerBody/leftColumn/span_leftFootersubTitle' is present

2022-01-16 00:22:40 - [MESSAGE][PASSED] - Text of object 'Object Repository/defaultFooter/footerBody/leftColumn/span_leftFootersubTitle' is: 'Get Specials, Exclusive Promotions & Updates'

2022-01-16 00:22:40 - [TEST_STEP][PASSED] - defaultFooterValidatins.verifyExistingOfEmailAndValidatingIt(): Object 'Object Repository/defaultFooter/footerBody/leftColumn/span_leftFooterTitle' is present

2022-01-16 00:22:40 - [MESSAGE][PASSED] - Object 'Object Repository/defaultFooter/footerBody/leftColumn/span_leftFooterTitle' is present

2022-01-16 00:22:40 - [TEST_STEP][PASSED] - defaultFooterActions.fillEmailSubscriber(): Attribute 'value' of object 'Object Repository/defaultFooter/footerBody/leftColumn/input_emailSubscribe' is: 'test@test.com'

2022-01-16 00:22:41 - [MESSAGE][PASSED] - Text 'test@test.com' is set on object 'Object Repository/defaultFooter/footerBody/leftColumn/input_emailSubscribe'

2022-01-16 00:22:41 - [MESSAGE][PASSED] - Attribute 'value' of object 'Object Repository/defaultFooter/footerBody/leftColumn/input_emailSubscribe' is: 'test@test.com'

2022-01-16 00:22:41 - [TEST_STEP][PASSED] - defaultFooterActions.clickOnSignUpSubscriber(): Text of object 'Object Repository/defaultFooter/footerBody/leftColumn/span_successMessage' is: 'Thanks for signing up'

2022-01-16 00:22:42 - [MESSAGE][PASSED] - Object: 'Object Repository/defaultFooter/footerBody/leftColumn/a_signIpSubscriber' is clicked on

2022-01-16 00:22:43 - [MESSAGE][PASSED] - Object 'Object Repository/defaultFooter/footerBody/leftColumn/span_successMessage' is visible

2022-01-16 00:22:43 - [MESSAGE][PASSED] - Text of object 'Object Repository/defaultFooter/footerBody/leftColumn/span_successMessage' is: 'Thanks for signing up'

2022-01-16 00:22:43 - [TEST_STEP][PASSED] - defaultFooterValidatins.verifyExistingOfConnectUsTitleandhasexpectedTitle(): Text of object 'Object Repository/defaultFooter/footerBody/leftColumn/span_contactUsTitle' is: 'CONNECT WITH US'

2022-01-16 00:22:43 - [MESSAGE][PASSED] - Object 'Object Repository/defaultFooter/footerBody/leftColumn/span_contactUsTitle' is present

2022-01-16 00:22:44 - [MESSAGE][PASSED] - Text of object 'Object Repository/defaultFooter/footerBody/leftColumn/span_contactUsTitle' is: 'CONNECT WITH US'

2022-01-16 00:22:44 - [TEST_STEP][PASSED] - defaultFooterValidatins.verifyEmailContactAddresAndHasExpectedAddress(): Object 'Object Repository/defaultFooter/footerBody/leftColumn/span_emailIcon' is present

2022-01-16 00:22:44 - [MESSAGE][PASSED] - Object 'Object Repository/defaultFooter/footerBody/leftColumn/span_emailIcon' is present

2022-01-16 00:22:44 - [TEST_STEP][PASSED] - defaultFooterValidatins.verifyExistingangOfEmailIconAndHasExpectedStyle(): Get CSS 'color' value on 'Object Repository/defaultFooter/footerBody/leftColumn/span_emailIcon' successfully: 'rgba(255, 255, 255, 1)'.

2022-01-16 00:22:45 - [MESSAGE][PASSED] - Object 'Object Repository/defaultFooter/footerBody/leftColumn/span_emailIcon' is present

2022-01-16 00:22:45 - [MESSAGE][PASSED] - Get CSS 'color' value on 'Object Repository/defaultFooter/footerBody/leftColumn/span_emailIcon' successfully: 'rgba(255, 255, 255, 1)'.

2022-01-16 00:22:45 - [TEST_STEP][PASSED] - defaultFooterValidatins.verifyContactInfoAddressAsExpected(): Text of object 'Object Repository/defaultFooter/footerBody/leftColumn/span_contactInfo' is: 'Monday - Friday 8am - 8pm EST'

2022-01-16 00:22:45 - [MESSAGE][PASSED] - Object 'Object Repository/defaultFooter/footerBody/leftColumn/span_contactInfo' is present

2022-01-16 00:22:46 - [MESSAGE][PASSED] - Text of object 'Object Repository/defaultFooter/footerBody/leftColumn/span_contactInfo' is: 'Monday - Friday 8am - 8pm EST'

2022-01-16 00:22:46 - [TEST_STEP][PASSED] - defaultFooterValidatins.verifyExistingangOfPhoneIconAndHasExpectedStyle(): Get CSS 'color' value on 'Object Repository/defaultFooter/footerBody/leftColumn/span_mobileIcon' successfully: 'rgba(255, 255, 255, 1)'.

2022-01-16 00:22:46 - [MESSAGE][PASSED] - Object 'Object Repository/defaultFooter/footerBody/leftColumn/span_mobileIcon' is present

2022-01-16 00:22:47 - [MESSAGE][PASSED] - Get CSS 'color' value on 'Object Repository/defaultFooter/footerBody/leftColumn/span_mobileIcon' successfully: 'rgba(255, 255, 255, 1)'.

2022-01-16 00:22:47 - [TEST_STEP][PASSED] - english = "Object Repository/defaultFooter/footerBody/leftColumn/div_englishSpeaking": null

2022-01-16 00:22:47 - [TEST_STEP][PASSED] - defaultFooterHelpers.verifyPresentOfContactNumberasExpectedTextAndStyle(english, englishContact): Get CSS 'color' value on 'Object Repository/defaultFooter/footerBody/leftColumn/div_englishSpeaking' successfully: 'rgba(255, 255, 255, 1)'.

2022-01-16 00:22:47 - [MESSAGE][PASSED] - Object 'Object Repository/defaultFooter/footerBody/leftColumn/div_englishSpeaking' is present

2022-01-16 00:22:48 - [MESSAGE][PASSED] - Text of object 'Object Repository/defaultFooter/footerBody/leftColumn/div_englishSpeaking' is: '1-800-388-5410 English Speaking'

2022-01-16 00:22:48 - [MESSAGE][PASSED] - Get CSS 'color' value on 'Object Repository/defaultFooter/footerBody/leftColumn/div_englishSpeaking' successfully: 'rgba(255, 255, 255, 1)'.

2022-01-16 00:22:48 - [TEST_STEP][PASSED] - korean = "Object Repository/defaultFooter/footerBody/leftColumn/div_koreanSpeaking": null

2022-01-16 00:22:48 - [TEST_STEP][PASSED] - defaultFooterHelpers.verifyPresentOfContactNumberasExpectedTextAndStyle(korean, koreanSpeaking): Get CSS 'color' value on 'Object Repository/defaultFooter/footerBody/leftColumn/div_koreanSpeaking' successfully: 'rgba(255, 255, 255, 1)'.

2022-01-16 00:22:48 - [MESSAGE][PASSED] - Object 'Object Repository/defaultFooter/footerBody/leftColumn/div_koreanSpeaking' is present

2022-01-16 00:22:49 - [MESSAGE][PASSED] - Text of object 'Object Repository/defaultFooter/footerBody/leftColumn/div_koreanSpeaking' is: '1-800-388-0190 Korean Speaking'

2022-01-16 00:22:49 - [MESSAGE][PASSED] - Get CSS 'color' value on 'Object Repository/defaultFooter/footerBody/leftColumn/div_koreanSpeaking' successfully: 'rgba(255, 255, 255, 1)'.

2022-01-16 00:22:49 - [TEST_STEP][PASSED] - international = "Object Repository/defaultFooter/footerBody/leftColumn/div_internationalOrders": null

2022-01-16 00:22:49 - [TEST_STEP][PASSED] - defaultFooterHelpers.verifyPresentOfContactNumberasExpectedTextAndStyle(international, internationalOrdersContact): Get CSS 'color' value on 'Object Repository/defaultFooter/footerBody/leftColumn/div_internationalOrders' successfully: 'rgba(255, 255, 255, 1)'.

2022-01-16 00:22:49 - [MESSAGE][PASSED] - Object 'Object Repository/defaultFooter/footerBody/leftColumn/div_internationalOrders' is present

2022-01-16 00:22:50 - [MESSAGE][PASSED] - Text of object 'Object Repository/defaultFooter/footerBody/leftColumn/div_internationalOrders' is: '1-607-584-5853 International Orders'

2022-01-16 00:22:50 - [MESSAGE][PASSED] - Get CSS 'color' value on 'Object Repository/defaultFooter/footerBody/leftColumn/div_internationalOrders' successfully: 'rgba(255, 255, 255, 1)'.

2022-01-16 00:22:50 - [TEST_STEP][PASSED] - defaultFooterValidatins.verifyLogoExisting(): Get CSS 'height' value on 'Object Repository/defaultFooter/footerBody/rightColumn/img_bbb-logo' successfully: '38px'.

2022-01-16 00:22:51 - [MESSAGE][PASSED] - Object 'Object Repository/defaultFooter/footerBody/rightColumn/img_bbb-logo' is present

2022-01-16 00:22:51 - [MESSAGE][PASSED] - Get CSS 'width' value on 'Object Repository/defaultFooter/footerBody/rightColumn/img_bbb-logo' successfully: '96px'.

2022-01-16 00:22:51 - [MESSAGE][PASSED] - Get CSS 'height' value on 'Object Repository/defaultFooter/footerBody/rightColumn/img_bbb-logo' successfully: '38px'.

2022-01-16 00:22:51 - [TEST_STEP][PASSED] - defaultFooterValidatins.verifyFaceBookIconExistingAndRedirection(): Get CSS 'color' value on 'Object Repository/defaultFooter/footerBody/leftColumn/a_facebook' successfully: 'rgba(255, 255, 255, 1)'.

2022-01-16 00:22:52 - [MESSAGE][PASSED] - Object 'Object Repository/defaultFooter/footerBody/leftColumn/a_facebook' is present

2022-01-16 00:22:52 - [MESSAGE][PASSED] - Get CSS 'color' value on 'Object Repository/defaultFooter/footerBody/leftColumn/a_facebook' successfully: 'rgba(255, 255, 255, 1)'.

2022-01-16 00:22:52 - [TEST_STEP][PASSED] - defaultFooterValidatins.verifyYoutubeIconExistingAndRedirection(): Get CSS 'color' value on 'Object Repository/defaultFooter/footerBody/leftColumn/a_youtube' successfully: 'rgba(255, 255, 255, 1)'.

2022-01-16 00:22:53 - [MESSAGE][PASSED] - Object 'Object Repository/defaultFooter/footerBody/leftColumn/a_youtube' is present

2022-01-16 00:22:53 - [MESSAGE][PASSED] - Get CSS 'color' value on 'Object Repository/defaultFooter/footerBody/leftColumn/a_youtube' successfully: 'rgba(255, 255, 255, 1)'.

2022-01-16 00:22:53 - [TEST_STEP][PASSED] - defaultFooterValidatins.verifyInstagramIconExistingAndRedirection(): Get CSS 'color' value on 'Object Repository/defaultFooter/footerBody/leftColumn/a_instagram' successfully: 'rgba(255, 255, 255, 1)'.

2022-01-16 00:22:54 - [MESSAGE][PASSED] - Object 'Object Repository/defaultFooter/footerBody/leftColumn/a_instagram' is present

2022-01-16 00:22:54 - [MESSAGE][PASSED] - Get CSS 'color' value on 'Object Repository/defaultFooter/footerBody/leftColumn/a_instagram' successfully: 'rgba(255, 255, 255, 1)'.

2022-01-16 00:22:54 - [TEST_STEP][PASSED] - defaultFooterValidatins.verifylinkedInIconExistingAndRedirection(): Get CSS 'color' value on 'Object Repository/defaultFooter/footerBody/leftColumn/a_linkedIn' successfully: 'rgba(255, 255, 255, 1)'.

2022-01-16 00:22:54 - [MESSAGE][PASSED] - Object 'Object Repository/defaultFooter/footerBody/leftColumn/a_linkedIn' is present

2022-01-16 00:22:55 - [MESSAGE][PASSED] - Get CSS 'color' value on 'Object Repository/defaultFooter/footerBody/leftColumn/a_linkedIn' successfully: 'rgba(255, 255, 255, 1)'.

2022-01-16 00:23:01 - [TEST_STEP][PASSED] - Video: Video recording for test case 'Test Cases/Footer/Footer TC' .

2022-01-16 00:23:01 - [MESSAGE][INFO] - Video recording for test case 'Test Cases/Footer/Footer TC' .]]></system-out>
         <system-err><![CDATA[]]></system-err>
      </testcase>
      <system-out><![CDATA[2022-01-16 00:20:55 - [TEST_SUITE][PASSED] - Footer: Test Cases/Footer/Footer TC]]></system-out>
      <system-err><![CDATA[]]></system-err>
   </testsuite>
   <testsuite name="Footer" tests="1" failures="0" errors="0" time="75.778" skipped="0" timestamp="2022-01-16 00:23:23" hostname="waleedafifi - localhost" id="Test Suites/Footer">
      <properties>
         <property name="deviceName" value=""/>
         <property name="devicePlatform" value=""/>
         <property name="logFolder" value="/Users/waleedafifi/git/cleanersupply/Reports/20220116_001143/Footer/20220116_001150"/>
         <property name="logFiles" value="/Users/waleedafifi/git/cleanersupply/Reports/20220116_001143/Footer/20220116_001150/execution0.log"/>
         <property name="attachments" value=""/>
         <property name="hostName" value="waleedafifi - localhost"/>
         <property name="os" value="Mac OS X 64bit"/>
         <property name="katalonVersion" value="8.2.0.208"/>
         <property name="browser" value="Firefox 95.0"/>
         <property name="hostAddress" value="127.0.0.1"/>
         <property name="sessionId" value="3967e83f-3e97-4977-b53e-4ad641697105"/>
         <property name="seleniumVersion" value="3.141.59"/>
         <property name="proxyInformation" value="ProxyInformation { proxyOption=NO_PROXY, proxyServerType=HTTP, username=, password=********, proxyServerAddress=, proxyServerPort=0, executionList=&quot;&quot;, isApplyToDesiredCapabilities=true }"/>
         <property name="platform" value="Mac OS X"/>
      </properties>
      <testcase name="Test Cases/Footer/Footer TC" time="75.332" classname="Test Cases/Footer/Footer TC" status="PASSED">
         <system-out><![CDATA[2022-01-16 00:23:24 - [TEST_CASE][PASSED] - Test Cases/Footer/Footer TC: Test Cases/Footer/Footer TC

2022-01-16 00:23:24 - [TEST_STEP][PASSED] - GeneralHelpers.initScenario(): Current window's url is: 'https://www.cleanersupply.com/'

2022-01-16 00:23:24 - [MESSAGE][INFO] - Starting 'Firefox' driver

2022-01-16 00:23:25 - [MESSAGE][INFO] - Action delay is set to 0 milliseconds

2022-01-16 00:23:31 - [MESSAGE][PASSED] - Browser is opened with url: ''

2022-01-16 00:23:31 - [MESSAGE][PASSED] - Current window maximized

2022-01-16 00:23:42 - [MESSAGE][PASSED] - Navigate to 'https://www.cleanersupply.com/' successfully

2022-01-16 00:23:42 - [MESSAGE][PASSED] - Wait for page load successfully

2022-01-16 00:23:42 - [MESSAGE][PASSED] - Current window's title is: 'Cleaner's Supply - Dry Cleaning Supplies'

2022-01-16 00:23:42 - [MESSAGE][PASSED] - Current window's title is: 'Cleaner's Supply - Dry Cleaning Supplies'

2022-01-16 00:23:42 - [MESSAGE][PASSED] - Current window's url is: 'https://www.cleanersupply.com/'

2022-01-16 00:23:42 - [TEST_STEP][PASSED] - defaultFooterValidatins.verifyExistingOftopFooterImage(): Object 'Object Repository/defaultFooter/img_topFooter' is visible

2022-01-16 00:23:44 - [MESSAGE][PASSED] - Object 'Object Repository/defaultFooter/img_topFooter' is visible

2022-01-16 00:23:44 - [TEST_STEP][PASSED] - defaultFooterValidatins.verifyBackGroundandMaxHeightOfTopFooter(): Get CSS 'max-height' value on 'Object Repository/defaultFooter/div_topFooter' successfully: '93px'.

2022-01-16 00:23:47 - [MESSAGE][PASSED] - Get CSS 'background-color' value on 'Object Repository/defaultFooter/div_topFooter' successfully: 'rgb(255, 199, 9)'.

2022-01-16 00:23:47 - [MESSAGE][PASSED] - Get CSS 'max-height' value on 'Object Repository/defaultFooter/div_topFooter' successfully: '93px'.

2022-01-16 00:23:47 - [TEST_STEP][PASSED] - defaultFooterValidatins.verifyExistingOffooterBody(): Object 'Object Repository/defaultFooter/div_footerBody' is visible

2022-01-16 00:23:47 - [MESSAGE][PASSED] - Object 'Object Repository/defaultFooter/div_footerBody' is visible

2022-01-16 00:23:47 - [TEST_STEP][PASSED] - defaultFooterValidatins.verifyBackGroundandPaddingOfFooterBody(): Get CSS 'background-color' value on 'Object Repository/defaultFooter/div_footerBody' successfully: 'rgb(70, 70, 70)'.

2022-01-16 00:23:47 - [MESSAGE][PASSED] - Get CSS 'background-color' value on 'Object Repository/defaultFooter/div_footerBody' successfully: 'rgb(70, 70, 70)'.

2022-01-16 00:23:47 - [TEST_STEP][PASSED] - defaultFooterValidatins.verifyExistingOffooterBodyRightColomn(): Object 'Object Repository/defaultFooter/div_footerBodyRightcolumn' is visible

2022-01-16 00:23:48 - [MESSAGE][PASSED] - Object 'Object Repository/defaultFooter/div_footerBodyRightcolumn' is visible

2022-01-16 00:23:48 - [TEST_STEP][PASSED] - defaultFooterValidatins.verifyExistingOffooterBodyMiddleColomn(): Object 'Object Repository/defaultFooter/div_footerBodyMiddleColumn' is visible

2022-01-16 00:23:48 - [MESSAGE][PASSED] - Object 'Object Repository/defaultFooter/div_footerBodyMiddleColumn' is visible

2022-01-16 00:23:48 - [TEST_STEP][PASSED] - defaultFooterValidatins.verifyExistingOffooterBodyLeftColomn(): Object 'Object Repository/defaultFooter/div_footerBodyLeftColumn' is visible

2022-01-16 00:23:48 - [MESSAGE][PASSED] - Object 'Object Repository/defaultFooter/div_footerBodyLeftColumn' is visible

2022-01-16 00:23:48 - [TEST_STEP][PASSED] - defaultFooterValidatins.verifyRequestCatalogueLink(): Object 'Object Repository/defaultFooter/footerBody/rightColumn/span_catalogueIcon' is visible

2022-01-16 00:23:49 - [MESSAGE][PASSED] - Object 'Object Repository/defaultFooter/footerBody/rightColumn/a_requestCatalogue' is visible

2022-01-16 00:23:51 - [MESSAGE][PASSED] - Object: 'Object Repository/defaultFooter/footerBody/rightColumn/a_requestCatalogue' is clicked on

2022-01-16 00:23:51 - [MESSAGE][PASSED] - Current window's title is: 'Request A Catalog – Free Monthly Printed Catalog - Cleaner's Supply'

2022-01-16 00:23:51 - [MESSAGE][PASSED] - Current window's url is: 'https://www.cleanersupply.com/request-a-catalog/'

2022-01-16 00:23:54 - [MESSAGE][PASSED] - Text of object 'Object Repository/defaultFooter/footerBody/rightColumn/h2_requestCatalogue' is: 'CATALOG REQUEST'

2022-01-16 00:23:54 - [MESSAGE][PASSED] - Get CSS 'color' value on 'Object Repository/defaultFooter/footerBody/rightColumn/a_requestCatalogue' successfully: 'rgb(255, 255, 255)'.

2022-01-16 00:23:55 - [MESSAGE][PASSED] - Object 'Object Repository/defaultFooter/footerBody/rightColumn/span_catalogueIcon' is visible

2022-01-16 00:23:55 - [TEST_STEP][PASSED] - defaultFooterValidatins.verifycassifiedListLink(): Object 'Object Repository/defaultFooter/footerBody/rightColumn/span_classifieds' is visible

2022-01-16 00:23:55 - [MESSAGE][PASSED] - Object 'Object Repository/defaultFooter/footerBody/rightColumn/a_classifiedList' is visible

2022-01-16 00:23:58 - [MESSAGE][PASSED] - Object: 'Object Repository/defaultFooter/footerBody/rightColumn/a_classifiedList' is clicked on

2022-01-16 00:23:58 - [MESSAGE][PASSED] - Current window's title is: 'Classifieds List - Cleaner's Supply'

2022-01-16 00:23:58 - [MESSAGE][PASSED] - Current window's url is: 'https://www.cleanersupply.com/classifieds-list/'

2022-01-16 00:24:01 - [MESSAGE][PASSED] - Text of object 'Object Repository/defaultFooter/footerBody/rightColumn/h2_classifiedList' is: 'CLASSIFIEDS'

2022-01-16 00:24:01 - [MESSAGE][PASSED] - Get CSS 'color' value on 'Object Repository/defaultFooter/footerBody/rightColumn/a_classifiedList' successfully: 'rgb(255, 255, 255)'.

2022-01-16 00:24:01 - [MESSAGE][PASSED] - Object 'Object Repository/defaultFooter/footerBody/rightColumn/span_classifieds' is visible

2022-01-16 00:24:01 - [TEST_STEP][PASSED] - defaultFooterValidatins.verifyExistingOfRegionButtonandClickable(): Text of object 'Object Repository/defaultFooter/footerBody/rightColumn/span_defaultRegionText' is: 'USA'

2022-01-16 00:24:01 - [MESSAGE][PASSED] - Object 'Object Repository/defaultFooter/footerBody/rightColumn/button_region' is visible

2022-01-16 00:24:02 - [MESSAGE][PASSED] - Attribute 'aria-expanded' of object 'Object Repository/defaultFooter/footerBody/rightColumn/button_region' is: 'null'

2022-01-16 00:24:02 - [MESSAGE][PASSED] - Object: 'Object Repository/defaultFooter/footerBody/rightColumn/button_region' is clicked on

2022-01-16 00:24:03 - [MESSAGE][PASSED] - Text of object 'Object Repository/defaultFooter/footerBody/rightColumn/span_defaultRegionText' is: 'USA'

2022-01-16 00:24:03 - [TEST_STEP][PASSED] - defaultFooterValidatins.verifyClickingOnFeedBackButtonShowPopUP(): Object 'Object Repository/defaultFooter/footerBody/rightColumn/div_leave-feedback-form' is visible

2022-01-16 00:24:03 - [MESSAGE][PASSED] - Object 'Object Repository/defaultFooter/footerBody/rightColumn/div_leave-feedback-form' is NOT visible

2022-01-16 00:24:04 - [MESSAGE][PASSED] - Object: 'Object Repository/defaultFooter/footerBody/rightColumn/a_leaveFeedbackOpen' is clicked on

2022-01-16 00:24:04 - [MESSAGE][PASSED] - Object 'Object Repository/defaultFooter/footerBody/rightColumn/div_leave-feedback-form' is visible

2022-01-16 00:24:04 - [TEST_STEP][PASSED] - defaultFooterValidatins.fillModalWithAssertValueAndClose(): Object: 'Object Repository/defaultFooter/footerBody/rightColumn/button_closeFeedbackModal' is clicked on

2022-01-16 00:24:05 - [MESSAGE][PASSED] - Text 'test comment' is set on object 'Object Repository/defaultFooter/footerBody/rightColumn/textarea_feedback'

2022-01-16 00:24:05 - [MESSAGE][PASSED] - Attribute 'value' of object 'Object Repository/defaultFooter/footerBody/rightColumn/textarea_feedback' is: 'test comment'

2022-01-16 00:24:05 - [MESSAGE][PASSED] - Text 'test@test.com' is set on object 'Object Repository/defaultFooter/footerBody/rightColumn/input_feedBackEmail'

2022-01-16 00:24:06 - [MESSAGE][PASSED] - Attribute 'value' of object 'Object Repository/defaultFooter/footerBody/rightColumn/input_feedBackEmail' is: 'test@test.com'

2022-01-16 00:24:06 - [MESSAGE][PASSED] - Object: 'Object Repository/defaultFooter/footerBody/rightColumn/button_closeFeedbackModal' is clicked on

2022-01-16 00:24:06 - [TEST_STEP][PASSED] - defaultFooterActions.clickpreviouslyOrdered(): Object: 'Object Repository/defaultFooter/footerBody/rightColumn/a_previouslyOrdered' is clicked on

2022-01-16 00:24:09 - [MESSAGE][PASSED] - Object: 'Object Repository/defaultFooter/footerBody/rightColumn/a_previouslyOrdered' is clicked on

2022-01-16 00:24:09 - [TEST_STEP][PASSED] - defaultFooterValidatins.verifyClickingPreviouslyOrdered(): Navigate to 'https://www.cleanersupply.com/' successfully

2022-01-16 00:24:09 - [MESSAGE][PASSED] - Current window's title is: 'Log In - Cleaner's Supply'

2022-01-16 00:24:09 - [MESSAGE][PASSED] - Current window's url is: 'https://www.cleanersupply.com/log-in/?ReturnUrl=%2fpreviously-ordered%2f'

2022-01-16 00:24:12 - [MESSAGE][PASSED] - Text of object 'Object Repository/defaultFooter/footerBody/rightColumn/h2_loginHeader' is: 'RETURNING CUSTOMER?'

2022-01-16 00:24:21 - [MESSAGE][PASSED] - Navigate to 'https://www.cleanersupply.com/' successfully

2022-01-16 00:24:21 - [TEST_STEP][PASSED] - defaultFooterActions.clickQuickOrder(): Object: 'Object Repository/defaultFooter/footerBody/rightColumn/a_quickOrder' is clicked on

2022-01-16 00:24:26 - [MESSAGE][PASSED] - Object: 'Object Repository/defaultFooter/footerBody/rightColumn/a_quickOrder' is clicked on

2022-01-16 00:24:26 - [TEST_STEP][PASSED] - defaultFooterValidatins.verifyExistingOfLeftFooterTitle(): Text of object 'Object Repository/defaultFooter/footerBody/leftColumn/span_leftFooterTitle' is: 'EXCLUSIVE EMAIL SPECIALS'

2022-01-16 00:24:26 - [MESSAGE][WARNING] - Timeout '0' is invalid. Using default page load timeout: '30'

2022-01-16 00:24:27 - [MESSAGE][PASSED] - Object 'Object Repository/defaultFooter/footerBody/leftColumn/span_leftFooterTitle' is present

2022-01-16 00:24:27 - [MESSAGE][PASSED] - Text of object 'Object Repository/defaultFooter/footerBody/leftColumn/span_leftFooterTitle' is: 'EXCLUSIVE EMAIL SPECIALS'

2022-01-16 00:24:27 - [TEST_STEP][PASSED] - defaultFooterValidatins.verifyExistingOfLeftFooterSubTitle(): Text of object 'Object Repository/defaultFooter/footerBody/leftColumn/span_leftFootersubTitle' is: 'Get Specials, Exclusive Promotions & Updates'

2022-01-16 00:24:27 - [MESSAGE][WARNING] - Timeout '0' is invalid. Using default page load timeout: '30'

2022-01-16 00:24:28 - [MESSAGE][PASSED] - Object 'Object Repository/defaultFooter/footerBody/leftColumn/span_leftFootersubTitle' is present

2022-01-16 00:24:28 - [MESSAGE][PASSED] - Text of object 'Object Repository/defaultFooter/footerBody/leftColumn/span_leftFootersubTitle' is: 'Get Specials, Exclusive Promotions & Updates'

2022-01-16 00:24:28 - [TEST_STEP][PASSED] - defaultFooterValidatins.verifyExistingOfEmailAndValidatingIt(): Object 'Object Repository/defaultFooter/footerBody/leftColumn/span_leftFooterTitle' is present

2022-01-16 00:24:28 - [MESSAGE][PASSED] - Object 'Object Repository/defaultFooter/footerBody/leftColumn/span_leftFooterTitle' is present

2022-01-16 00:24:28 - [TEST_STEP][PASSED] - defaultFooterActions.fillEmailSubscriber(): Attribute 'value' of object 'Object Repository/defaultFooter/footerBody/leftColumn/input_emailSubscribe' is: 'test@test.com'

2022-01-16 00:24:29 - [MESSAGE][PASSED] - Text 'test@test.com' is set on object 'Object Repository/defaultFooter/footerBody/leftColumn/input_emailSubscribe'

2022-01-16 00:24:29 - [MESSAGE][PASSED] - Attribute 'value' of object 'Object Repository/defaultFooter/footerBody/leftColumn/input_emailSubscribe' is: 'test@test.com'

2022-01-16 00:24:29 - [TEST_STEP][PASSED] - defaultFooterActions.clickOnSignUpSubscriber(): Text of object 'Object Repository/defaultFooter/footerBody/leftColumn/span_successMessage' is: 'Thanks for signing up'

2022-01-16 00:24:30 - [MESSAGE][PASSED] - Object: 'Object Repository/defaultFooter/footerBody/leftColumn/a_signIpSubscriber' is clicked on

2022-01-16 00:24:30 - [MESSAGE][PASSED] - Object 'Object Repository/defaultFooter/footerBody/leftColumn/span_successMessage' is visible

2022-01-16 00:24:31 - [MESSAGE][PASSED] - Text of object 'Object Repository/defaultFooter/footerBody/leftColumn/span_successMessage' is: 'Thanks for signing up'

2022-01-16 00:24:31 - [TEST_STEP][PASSED] - defaultFooterValidatins.verifyExistingOfConnectUsTitleandhasexpectedTitle(): Text of object 'Object Repository/defaultFooter/footerBody/leftColumn/span_contactUsTitle' is: 'CONNECT WITH US'

2022-01-16 00:24:31 - [MESSAGE][PASSED] - Object 'Object Repository/defaultFooter/footerBody/leftColumn/span_contactUsTitle' is present

2022-01-16 00:24:31 - [MESSAGE][PASSED] - Text of object 'Object Repository/defaultFooter/footerBody/leftColumn/span_contactUsTitle' is: 'CONNECT WITH US'

2022-01-16 00:24:31 - [TEST_STEP][PASSED] - defaultFooterValidatins.verifyEmailContactAddresAndHasExpectedAddress(): Object 'Object Repository/defaultFooter/footerBody/leftColumn/span_emailIcon' is present

2022-01-16 00:24:32 - [MESSAGE][PASSED] - Object 'Object Repository/defaultFooter/footerBody/leftColumn/span_emailIcon' is present

2022-01-16 00:24:32 - [TEST_STEP][PASSED] - defaultFooterValidatins.verifyExistingangOfEmailIconAndHasExpectedStyle(): Get CSS 'color' value on 'Object Repository/defaultFooter/footerBody/leftColumn/span_emailIcon' successfully: 'rgb(255, 255, 255)'.

2022-01-16 00:24:32 - [MESSAGE][PASSED] - Object 'Object Repository/defaultFooter/footerBody/leftColumn/span_emailIcon' is present

2022-01-16 00:24:32 - [MESSAGE][PASSED] - Get CSS 'color' value on 'Object Repository/defaultFooter/footerBody/leftColumn/span_emailIcon' successfully: 'rgb(255, 255, 255)'.

2022-01-16 00:24:32 - [TEST_STEP][PASSED] - defaultFooterValidatins.verifyContactInfoAddressAsExpected(): Text of object 'Object Repository/defaultFooter/footerBody/leftColumn/span_contactInfo' is: 'Monday - Friday 8am - 8pm EST'

2022-01-16 00:24:32 - [MESSAGE][PASSED] - Object 'Object Repository/defaultFooter/footerBody/leftColumn/span_contactInfo' is present

2022-01-16 00:24:33 - [MESSAGE][PASSED] - Text of object 'Object Repository/defaultFooter/footerBody/leftColumn/span_contactInfo' is: 'Monday - Friday 8am - 8pm EST'

2022-01-16 00:24:33 - [TEST_STEP][PASSED] - defaultFooterValidatins.verifyExistingangOfPhoneIconAndHasExpectedStyle(): Get CSS 'color' value on 'Object Repository/defaultFooter/footerBody/leftColumn/span_mobileIcon' successfully: 'rgb(255, 255, 255)'.

2022-01-16 00:24:33 - [MESSAGE][PASSED] - Object 'Object Repository/defaultFooter/footerBody/leftColumn/span_mobileIcon' is present

2022-01-16 00:24:33 - [MESSAGE][PASSED] - Get CSS 'color' value on 'Object Repository/defaultFooter/footerBody/leftColumn/span_mobileIcon' successfully: 'rgb(255, 255, 255)'.

2022-01-16 00:24:33 - [TEST_STEP][PASSED] - english = "Object Repository/defaultFooter/footerBody/leftColumn/div_englishSpeaking": null

2022-01-16 00:24:33 - [TEST_STEP][PASSED] - defaultFooterHelpers.verifyPresentOfContactNumberasExpectedTextAndStyle(english, englishContact): Get CSS 'color' value on 'Object Repository/defaultFooter/footerBody/leftColumn/div_englishSpeaking' successfully: 'rgb(255, 255, 255)'.

2022-01-16 00:24:34 - [MESSAGE][PASSED] - Object 'Object Repository/defaultFooter/footerBody/leftColumn/div_englishSpeaking' is present

2022-01-16 00:24:34 - [MESSAGE][PASSED] - Text of object 'Object Repository/defaultFooter/footerBody/leftColumn/div_englishSpeaking' is: '1-800-388-5410 English Speaking'

2022-01-16 00:24:34 - [MESSAGE][PASSED] - Get CSS 'color' value on 'Object Repository/defaultFooter/footerBody/leftColumn/div_englishSpeaking' successfully: 'rgb(255, 255, 255)'.

2022-01-16 00:24:34 - [TEST_STEP][PASSED] - korean = "Object Repository/defaultFooter/footerBody/leftColumn/div_koreanSpeaking": null

2022-01-16 00:24:34 - [TEST_STEP][PASSED] - defaultFooterHelpers.verifyPresentOfContactNumberasExpectedTextAndStyle(korean, koreanSpeaking): Get CSS 'color' value on 'Object Repository/defaultFooter/footerBody/leftColumn/div_koreanSpeaking' successfully: 'rgb(255, 255, 255)'.

2022-01-16 00:24:34 - [MESSAGE][PASSED] - Object 'Object Repository/defaultFooter/footerBody/leftColumn/div_koreanSpeaking' is present

2022-01-16 00:24:35 - [MESSAGE][PASSED] - Text of object 'Object Repository/defaultFooter/footerBody/leftColumn/div_koreanSpeaking' is: '1-800-388-0190 Korean Speaking'

2022-01-16 00:24:35 - [MESSAGE][PASSED] - Get CSS 'color' value on 'Object Repository/defaultFooter/footerBody/leftColumn/div_koreanSpeaking' successfully: 'rgb(255, 255, 255)'.

2022-01-16 00:24:35 - [TEST_STEP][PASSED] - international = "Object Repository/defaultFooter/footerBody/leftColumn/div_internationalOrders": null

2022-01-16 00:24:35 - [TEST_STEP][PASSED] - defaultFooterHelpers.verifyPresentOfContactNumberasExpectedTextAndStyle(international, internationalOrdersContact): Get CSS 'color' value on 'Object Repository/defaultFooter/footerBody/leftColumn/div_internationalOrders' successfully: 'rgb(255, 255, 255)'.

2022-01-16 00:24:36 - [MESSAGE][PASSED] - Object 'Object Repository/defaultFooter/footerBody/leftColumn/div_internationalOrders' is present

2022-01-16 00:24:36 - [MESSAGE][PASSED] - Text of object 'Object Repository/defaultFooter/footerBody/leftColumn/div_internationalOrders' is: '1-607-584-5853 International Orders'

2022-01-16 00:24:36 - [MESSAGE][PASSED] - Get CSS 'color' value on 'Object Repository/defaultFooter/footerBody/leftColumn/div_internationalOrders' successfully: 'rgb(255, 255, 255)'.

2022-01-16 00:24:36 - [TEST_STEP][PASSED] - defaultFooterValidatins.verifyLogoExisting(): Get CSS 'height' value on 'Object Repository/defaultFooter/footerBody/rightColumn/img_bbb-logo' successfully: '38px'.

2022-01-16 00:24:36 - [MESSAGE][PASSED] - Object 'Object Repository/defaultFooter/footerBody/rightColumn/img_bbb-logo' is present

2022-01-16 00:24:37 - [MESSAGE][PASSED] - Get CSS 'width' value on 'Object Repository/defaultFooter/footerBody/rightColumn/img_bbb-logo' successfully: '96px'.

2022-01-16 00:24:37 - [MESSAGE][PASSED] - Get CSS 'height' value on 'Object Repository/defaultFooter/footerBody/rightColumn/img_bbb-logo' successfully: '38px'.

2022-01-16 00:24:37 - [TEST_STEP][PASSED] - defaultFooterValidatins.verifyFaceBookIconExistingAndRedirection(): Get CSS 'color' value on 'Object Repository/defaultFooter/footerBody/leftColumn/a_facebook' successfully: 'rgb(255, 255, 255)'.

2022-01-16 00:24:37 - [MESSAGE][PASSED] - Object 'Object Repository/defaultFooter/footerBody/leftColumn/a_facebook' is present

2022-01-16 00:24:37 - [MESSAGE][PASSED] - Get CSS 'color' value on 'Object Repository/defaultFooter/footerBody/leftColumn/a_facebook' successfully: 'rgb(255, 255, 255)'.

2022-01-16 00:24:37 - [TEST_STEP][PASSED] - defaultFooterValidatins.verifyYoutubeIconExistingAndRedirection(): Get CSS 'color' value on 'Object Repository/defaultFooter/footerBody/leftColumn/a_youtube' successfully: 'rgb(255, 255, 255)'.

2022-01-16 00:24:38 - [MESSAGE][PASSED] - Object 'Object Repository/defaultFooter/footerBody/leftColumn/a_youtube' is present

2022-01-16 00:24:38 - [MESSAGE][PASSED] - Get CSS 'color' value on 'Object Repository/defaultFooter/footerBody/leftColumn/a_youtube' successfully: 'rgb(255, 255, 255)'.

2022-01-16 00:24:38 - [TEST_STEP][PASSED] - defaultFooterValidatins.verifyInstagramIconExistingAndRedirection(): Get CSS 'color' value on 'Object Repository/defaultFooter/footerBody/leftColumn/a_instagram' successfully: 'rgb(255, 255, 255)'.

2022-01-16 00:24:38 - [MESSAGE][PASSED] - Object 'Object Repository/defaultFooter/footerBody/leftColumn/a_instagram' is present

2022-01-16 00:24:39 - [MESSAGE][PASSED] - Get CSS 'color' value on 'Object Repository/defaultFooter/footerBody/leftColumn/a_instagram' successfully: 'rgb(255, 255, 255)'.

2022-01-16 00:24:39 - [TEST_STEP][PASSED] - defaultFooterValidatins.verifylinkedInIconExistingAndRedirection(): Get CSS 'color' value on 'Object Repository/defaultFooter/footerBody/leftColumn/a_linkedIn' successfully: 'rgb(255, 255, 255)'.

2022-01-16 00:24:39 - [MESSAGE][PASSED] - Object 'Object Repository/defaultFooter/footerBody/leftColumn/a_linkedIn' is present

2022-01-16 00:24:39 - [MESSAGE][PASSED] - Get CSS 'color' value on 'Object Repository/defaultFooter/footerBody/leftColumn/a_linkedIn' successfully: 'rgb(255, 255, 255)'.

2022-01-16 00:24:39 - [TEST_STEP][PASSED] - Video: Video recording for test case 'Test Cases/Footer/Footer TC' .

2022-01-16 00:24:39 - [MESSAGE][INFO] - Video recording for test case 'Test Cases/Footer/Footer TC' .]]></system-out>
         <system-err><![CDATA[]]></system-err>
      </testcase>
      <system-out><![CDATA[2022-01-16 00:23:23 - [TEST_SUITE][PASSED] - Footer: Test Cases/Footer/Footer TC]]></system-out>
      <system-err><![CDATA[]]></system-err>
   </testsuite>
   <testsuite name="Checkout" tests="3" failures="0" errors="0" time="401.321" skipped="0" timestamp="2022-01-16 00:24:52" hostname="waleedafifi - localhost" id="Test Suites/Checkout">
      <properties>
         <property name="deviceName" value=""/>
         <property name="devicePlatform" value=""/>
         <property name="logFolder" value="/Users/waleedafifi/git/cleanersupply/Reports/20220116_001143/Checkout/20220116_001152"/>
         <property name="logFiles" value="/Users/waleedafifi/git/cleanersupply/Reports/20220116_001143/Checkout/20220116_001152/execution0.log"/>
         <property name="attachments" value=""/>
         <property name="hostName" value="waleedafifi - localhost"/>
         <property name="os" value="Mac OS X 64bit"/>
         <property name="katalonVersion" value="8.2.0.208"/>
         <property name="browser" value="Firefox 95.0"/>
         <property name="hostAddress" value="127.0.0.1"/>
         <property name="sessionId" value="fde5df44-2cd1-4141-981e-ffc1e77acd72"/>
         <property name="seleniumVersion" value="3.141.59"/>
         <property name="proxyInformation" value="ProxyInformation { proxyOption=NO_PROXY, proxyServerType=HTTP, username=, password=********, proxyServerAddress=, proxyServerPort=0, executionList=&quot;&quot;, isApplyToDesiredCapabilities=true }"/>
         <property name="platform" value="Mac OS X"/>
      </properties>
      <testcase name="Test Cases/Checkout Scenario/Product Details" time="172.475" classname="Test Cases/Checkout Scenario/Product Details" status="PASSED">
         <system-out><![CDATA[2022-01-16 00:24:52 - [TEST_CASE][PASSED] - Test Cases/Checkout Scenario/Product Details: Test Cases/Checkout Scenario/Product Details

2022-01-16 00:24:52 - [TEST_STEP][PASSED] - GeneralHelpers.initScenario(): Current window's url is: 'https://www.cleanersupply.com/'

2022-01-16 00:24:53 - [MESSAGE][INFO] - Starting 'Firefox' driver

2022-01-16 00:24:53 - [MESSAGE][INFO] - Action delay is set to 0 milliseconds

2022-01-16 00:24:58 - [MESSAGE][PASSED] - Browser is opened with url: ''

2022-01-16 00:24:58 - [MESSAGE][PASSED] - Current window maximized

2022-01-16 00:25:08 - [MESSAGE][PASSED] - Navigate to 'https://www.cleanersupply.com/' successfully

2022-01-16 00:25:08 - [MESSAGE][PASSED] - Wait for page load successfully

2022-01-16 00:25:08 - [MESSAGE][PASSED] - Current window's title is: 'Cleaner's Supply - Dry Cleaning Supplies'

2022-01-16 00:25:08 - [MESSAGE][PASSED] - Current window's title is: 'Cleaner's Supply - Dry Cleaning Supplies'

2022-01-16 00:25:08 - [MESSAGE][PASSED] - Current window's url is: 'https://www.cleanersupply.com/'

2022-01-16 00:25:08 - [TEST_STEP][PASSED] - GeneralHelpers.headerSearchFillAndClick(): Object: 'Object Repository/Product details/btn_searchAction' is clicked on

2022-01-16 00:25:12 - [MESSAGE][PASSED] - Text 'Plastic' is set on object 'Object Repository/Product details/input_searchField'

2022-01-16 00:25:13 - [MESSAGE][PASSED] - Attribute 'value' of object 'Object Repository/Product details/input_searchField' is: 'Plastic'

2022-01-16 00:25:14 - [MESSAGE][PASSED] - Object 'Object Repository/Product details/div_searchAutocompleteBox' is visible

2022-01-16 00:25:14 - [MESSAGE][PASSED] - Attribute 'class' of object 'Object Repository/Product details/div_searchAutocompleteBox' is: 'search-autocomplete dropdown-menu open'

2022-01-16 00:25:14 - [MESSAGE][PASSED] - Text of object 'Object Repository/Product details/div_searchHeaderTopBar' is: 'Search for PLASTIC'

2022-01-16 00:25:14 - [MESSAGE][PASSED] - Get CSS 'background-color' value on 'Object Repository/Product details/div_searchHeaderTopBar' successfully: 'rgb(82, 36, 127)'.

2022-01-16 00:25:17 - [MESSAGE][PASSED] - Object: 'Object Repository/Product details/btn_searchAction' is clicked on

2022-01-16 00:25:17 - [TEST_STEP][PASSED] - GeneralHelpers.navigateToResultPage(): Text of object 'Object Repository/Product details/h1_sectionHeading' is: 'SEARCH RESULTS'

2022-01-16 00:25:17 - [MESSAGE][PASSED] - Current window's title is: 'Search Results - Cleaner's Supply'

2022-01-16 00:25:17 - [MESSAGE][PASSED] - Current window's url is: 'https://www.cleanersupply.com/search-results/?q=Plastic'

2022-01-16 00:25:21 - [MESSAGE][PASSED] - Text of object 'Object Repository/Product details/h1_sectionHeading' is: 'SEARCH RESULTS'

2022-01-16 00:25:21 - [TEST_STEP][PASSED] - SearchResultPageValidations.verifyDefaultValues(): Attribute 'class' of object '' is: ' '

2022-01-16 00:25:21 - [MESSAGE][PASSED] - Text of object 'Object Repository/Search Result/h2_productListHeading' is: 'RESULTS FOR "PLASTIC" (224)'

2022-01-16 00:25:21 - [MESSAGE][PASSED] - Text of object 'Object Repository/Search Result/h2_productListHeading' is: 'RESULTS FOR "PLASTIC" (224)'

2022-01-16 00:25:22 - [MESSAGE][PASSED] - Text of object 'Object Repository/Search Result/span_filterOption' is: 'Featured'

2022-01-16 00:25:22 - [MESSAGE][PASSED] - Web element with id: 'Object Repository/Search Result/ul_selectedFilters' located by 'By.cssSelector: ul.selected-filters' is not present after '5' second(s)

2022-01-16 00:25:22 - [MESSAGE][PASSED] - Attribute 'class' of object '' is: ' '

2022-01-16 00:25:22 - [MESSAGE][PASSED] - Attribute 'class' of object '' is: ' '

2022-01-16 00:25:22 - [MESSAGE][PASSED] - Attribute 'class' of object '' is: ' '

2022-01-16 00:25:22 - [MESSAGE][PASSED] - Attribute 'class' of object '' is: ' '

2022-01-16 00:25:22 - [MESSAGE][PASSED] - Attribute 'class' of object '' is: ' '

2022-01-16 00:25:22 - [MESSAGE][PASSED] - Attribute 'class' of object '' is: ' '

2022-01-16 00:25:22 - [MESSAGE][PASSED] - Attribute 'class' of object '' is: ' '

2022-01-16 00:25:22 - [MESSAGE][PASSED] - Attribute 'class' of object '' is: ' '

2022-01-16 00:25:22 - [MESSAGE][PASSED] - Attribute 'class' of object '' is: ' '

2022-01-16 00:25:22 - [MESSAGE][PASSED] - Attribute 'class' of object '' is: ' '

2022-01-16 00:25:22 - [MESSAGE][PASSED] - Attribute 'class' of object '' is: ' '

2022-01-16 00:25:22 - [MESSAGE][PASSED] - Attribute 'class' of object '' is: ' '

2022-01-16 00:25:23 - [MESSAGE][PASSED] - Attribute 'class' of object '' is: ' '

2022-01-16 00:25:23 - [MESSAGE][PASSED] - Attribute 'class' of object '' is: ' '

2022-01-16 00:25:23 - [MESSAGE][PASSED] - Attribute 'class' of object '' is: ' '

2022-01-16 00:25:23 - [MESSAGE][PASSED] - Attribute 'class' of object '' is: ' '

2022-01-16 00:25:23 - [MESSAGE][PASSED] - Attribute 'class' of object '' is: ' '

2022-01-16 00:25:23 - [MESSAGE][PASSED] - Attribute 'class' of object '' is: ' '

2022-01-16 00:25:23 - [MESSAGE][PASSED] - Attribute 'class' of object '' is: ' '

2022-01-16 00:25:23 - [MESSAGE][PASSED] - Attribute 'class' of object '' is: ' '

2022-01-16 00:25:23 - [MESSAGE][PASSED] - Attribute 'class' of object '' is: ' '

2022-01-16 00:25:23 - [MESSAGE][PASSED] - Attribute 'class' of object '' is: ' '

2022-01-16 00:25:23 - [MESSAGE][PASSED] - Attribute 'class' of object '' is: ' '

2022-01-16 00:25:23 - [MESSAGE][PASSED] - Attribute 'class' of object '' is: ' '

2022-01-16 00:25:23 - [MESSAGE][PASSED] - Attribute 'class' of object '' is: ' '

2022-01-16 00:25:23 - [MESSAGE][PASSED] - Attribute 'class' of object '' is: ' '

2022-01-16 00:25:23 - [MESSAGE][PASSED] - Attribute 'class' of object '' is: ' '

2022-01-16 00:25:23 - [MESSAGE][PASSED] - Attribute 'class' of object '' is: ' '

2022-01-16 00:25:23 - [MESSAGE][PASSED] - Attribute 'class' of object '' is: ' '

2022-01-16 00:25:23 - [MESSAGE][PASSED] - Attribute 'class' of object '' is: ' '

2022-01-16 00:25:23 - [MESSAGE][PASSED] - Attribute 'class' of object '' is: ' '

2022-01-16 00:25:23 - [MESSAGE][PASSED] - Attribute 'class' of object '' is: ' '

2022-01-16 00:25:23 - [MESSAGE][PASSED] - Attribute 'class' of object '' is: ' '

2022-01-16 00:25:23 - [MESSAGE][PASSED] - Attribute 'class' of object '' is: ' '

2022-01-16 00:25:23 - [MESSAGE][PASSED] - Attribute 'class' of object '' is: ' '

2022-01-16 00:25:23 - [MESSAGE][PASSED] - Attribute 'class' of object '' is: ' '

2022-01-16 00:25:23 - [MESSAGE][PASSED] - Attribute 'class' of object '' is: ' '

2022-01-16 00:25:23 - [MESSAGE][PASSED] - Attribute 'class' of object '' is: ' '

2022-01-16 00:25:23 - [MESSAGE][PASSED] - Attribute 'class' of object '' is: ' '

2022-01-16 00:25:23 - [MESSAGE][PASSED] - Attribute 'class' of object '' is: ' '

2022-01-16 00:25:23 - [MESSAGE][PASSED] - Attribute 'class' of object '' is: ' '

2022-01-16 00:25:23 - [MESSAGE][PASSED] - Attribute 'class' of object '' is: ' '

2022-01-16 00:25:23 - [MESSAGE][PASSED] - Attribute 'class' of object '' is: ' '

2022-01-16 00:25:23 - [MESSAGE][PASSED] - Attribute 'class' of object '' is: ' '

2022-01-16 00:25:23 - [MESSAGE][PASSED] - Attribute 'class' of object '' is: ' '

2022-01-16 00:25:23 - [MESSAGE][PASSED] - Attribute 'class' of object '' is: ' '

2022-01-16 00:25:23 - [MESSAGE][PASSED] - Attribute 'class' of object '' is: ' '

2022-01-16 00:25:23 - [MESSAGE][PASSED] - Attribute 'class' of object '' is: ' '

2022-01-16 00:25:23 - [MESSAGE][PASSED] - Attribute 'class' of object '' is: ' '

2022-01-16 00:25:23 - [MESSAGE][PASSED] - Attribute 'class' of object '' is: ' '

2022-01-16 00:25:23 - [MESSAGE][PASSED] - Attribute 'class' of object '' is: ' '

2022-01-16 00:25:23 - [MESSAGE][PASSED] - Attribute 'class' of object '' is: ' '

2022-01-16 00:25:23 - [MESSAGE][PASSED] - Attribute 'class' of object '' is: ' '

2022-01-16 00:25:23 - [MESSAGE][PASSED] - Attribute 'class' of object '' is: ' '

2022-01-16 00:25:23 - [MESSAGE][PASSED] - Attribute 'class' of object '' is: ' '

2022-01-16 00:25:23 - [MESSAGE][PASSED] - Attribute 'class' of object '' is: ' '

2022-01-16 00:25:23 - [MESSAGE][PASSED] - Attribute 'class' of object '' is: ' '

2022-01-16 00:25:23 - [MESSAGE][PASSED] - Attribute 'class' of object '' is: ' '

2022-01-16 00:25:23 - [MESSAGE][PASSED] - Attribute 'class' of object '' is: ' '

2022-01-16 00:25:23 - [MESSAGE][PASSED] - Attribute 'class' of object '' is: ' '

2022-01-16 00:25:23 - [MESSAGE][PASSED] - Attribute 'class' of object '' is: ' '

2022-01-16 00:25:23 - [MESSAGE][PASSED] - Attribute 'class' of object '' is: ' '

2022-01-16 00:25:23 - [MESSAGE][PASSED] - Attribute 'class' of object '' is: ' '

2022-01-16 00:25:23 - [MESSAGE][PASSED] - Attribute 'class' of object '' is: ' '

2022-01-16 00:25:23 - [MESSAGE][PASSED] - Attribute 'class' of object '' is: ' '

2022-01-16 00:25:23 - [MESSAGE][PASSED] - Attribute 'class' of object '' is: ' '

2022-01-16 00:25:23 - [MESSAGE][PASSED] - Attribute 'class' of object '' is: ' '

2022-01-16 00:25:23 - [MESSAGE][PASSED] - Attribute 'class' of object '' is: ' '

2022-01-16 00:25:23 - [MESSAGE][PASSED] - Attribute 'class' of object '' is: ' '

2022-01-16 00:25:23 - [MESSAGE][PASSED] - Attribute 'class' of object '' is: ' '

2022-01-16 00:25:23 - [MESSAGE][PASSED] - Attribute 'class' of object '' is: ' '

2022-01-16 00:25:23 - [MESSAGE][PASSED] - Attribute 'class' of object '' is: ' '

2022-01-16 00:25:23 - [MESSAGE][PASSED] - Attribute 'class' of object '' is: ' '

2022-01-16 00:25:23 - [MESSAGE][PASSED] - Attribute 'class' of object '' is: ' '

2022-01-16 00:25:23 - [MESSAGE][PASSED] - Attribute 'class' of object '' is: ' '

2022-01-16 00:25:23 - [MESSAGE][PASSED] - Attribute 'class' of object '' is: ' '

2022-01-16 00:25:23 - [MESSAGE][PASSED] - Attribute 'class' of object '' is: ' '

2022-01-16 00:25:24 - [MESSAGE][PASSED] - Attribute 'class' of object '' is: ' '

2022-01-16 00:25:24 - [MESSAGE][PASSED] - Attribute 'class' of object '' is: ' '

2022-01-16 00:25:24 - [MESSAGE][PASSED] - Attribute 'class' of object '' is: ' '

2022-01-16 00:25:24 - [MESSAGE][PASSED] - Attribute 'class' of object '' is: ' '

2022-01-16 00:25:24 - [MESSAGE][PASSED] - Attribute 'class' of object '' is: ' '

2022-01-16 00:25:24 - [MESSAGE][PASSED] - Attribute 'class' of object '' is: ' '

2022-01-16 00:25:24 - [MESSAGE][PASSED] - Attribute 'class' of object '' is: ' '

2022-01-16 00:25:24 - [MESSAGE][PASSED] - Attribute 'class' of object '' is: ' '

2022-01-16 00:25:24 - [MESSAGE][PASSED] - Attribute 'class' of object '' is: ' '

2022-01-16 00:25:24 - [MESSAGE][PASSED] - Attribute 'class' of object '' is: ' '

2022-01-16 00:25:24 - [MESSAGE][PASSED] - Attribute 'class' of object '' is: ' '

2022-01-16 00:25:24 - [MESSAGE][PASSED] - Attribute 'class' of object '' is: ' '

2022-01-16 00:25:24 - [MESSAGE][PASSED] - Attribute 'class' of object '' is: ' '

2022-01-16 00:25:24 - [MESSAGE][PASSED] - Attribute 'class' of object '' is: ' '

2022-01-16 00:25:24 - [MESSAGE][PASSED] - Attribute 'class' of object '' is: ' '

2022-01-16 00:25:24 - [MESSAGE][PASSED] - Attribute 'class' of object '' is: ' '

2022-01-16 00:25:24 - [MESSAGE][PASSED] - Attribute 'class' of object '' is: ' '

2022-01-16 00:25:24 - [MESSAGE][PASSED] - Attribute 'class' of object '' is: ' '

2022-01-16 00:25:24 - [MESSAGE][PASSED] - Attribute 'class' of object '' is: ' '

2022-01-16 00:25:24 - [MESSAGE][PASSED] - Attribute 'class' of object '' is: ' '

2022-01-16 00:25:24 - [MESSAGE][PASSED] - Attribute 'class' of object '' is: ' '

2022-01-16 00:25:24 - [MESSAGE][PASSED] - Attribute 'class' of object '' is: ' '

2022-01-16 00:25:24 - [MESSAGE][PASSED] - Attribute 'class' of object '' is: ' '

2022-01-16 00:25:24 - [MESSAGE][PASSED] - Attribute 'class' of object '' is: ' '

2022-01-16 00:25:24 - [MESSAGE][PASSED] - Attribute 'class' of object '' is: ' '

2022-01-16 00:25:24 - [MESSAGE][PASSED] - Attribute 'class' of object '' is: ' '

2022-01-16 00:25:24 - [MESSAGE][PASSED] - Attribute 'class' of object '' is: ' '

2022-01-16 00:25:24 - [MESSAGE][PASSED] - Attribute 'class' of object '' is: ' '

2022-01-16 00:25:24 - [MESSAGE][PASSED] - Attribute 'class' of object '' is: ' '

2022-01-16 00:25:24 - [MESSAGE][PASSED] - Attribute 'class' of object '' is: ' '

2022-01-16 00:25:24 - [MESSAGE][PASSED] - Attribute 'class' of object '' is: ' '

2022-01-16 00:25:24 - [MESSAGE][PASSED] - Attribute 'class' of object '' is: ' '

2022-01-16 00:25:24 - [MESSAGE][PASSED] - Attribute 'class' of object '' is: ' '

2022-01-16 00:25:24 - [MESSAGE][PASSED] - Attribute 'class' of object '' is: ' '

2022-01-16 00:25:24 - [MESSAGE][PASSED] - Attribute 'class' of object '' is: ' '

2022-01-16 00:25:24 - [MESSAGE][PASSED] - Attribute 'class' of object '' is: ' '

2022-01-16 00:25:24 - [MESSAGE][PASSED] - Attribute 'class' of object '' is: ' '

2022-01-16 00:25:24 - [MESSAGE][PASSED] - Attribute 'class' of object '' is: ' '

2022-01-16 00:25:24 - [MESSAGE][PASSED] - Attribute 'class' of object '' is: ' '

2022-01-16 00:25:24 - [MESSAGE][PASSED] - Attribute 'class' of object '' is: ' '

2022-01-16 00:25:24 - [MESSAGE][PASSED] - Attribute 'class' of object '' is: ' '

2022-01-16 00:25:24 - [MESSAGE][PASSED] - Attribute 'class' of object '' is: ' '

2022-01-16 00:25:24 - [MESSAGE][PASSED] - Attribute 'class' of object '' is: ' '

2022-01-16 00:25:24 - [MESSAGE][PASSED] - Attribute 'class' of object '' is: ' '

2022-01-16 00:25:24 - [MESSAGE][PASSED] - Attribute 'class' of object '' is: ' '

2022-01-16 00:25:24 - [MESSAGE][PASSED] - Attribute 'class' of object '' is: ' '

2022-01-16 00:25:24 - [MESSAGE][PASSED] - Attribute 'class' of object '' is: ' '

2022-01-16 00:25:24 - [MESSAGE][PASSED] - Attribute 'class' of object '' is: ' '

2022-01-16 00:25:24 - [MESSAGE][PASSED] - Attribute 'class' of object '' is: ' '

2022-01-16 00:25:24 - [MESSAGE][PASSED] - Attribute 'class' of object '' is: ' '

2022-01-16 00:25:24 - [MESSAGE][PASSED] - Attribute 'class' of object '' is: ' '

2022-01-16 00:25:24 - [MESSAGE][PASSED] - Attribute 'class' of object '' is: ' '

2022-01-16 00:25:24 - [MESSAGE][PASSED] - Attribute 'class' of object '' is: ' '

2022-01-16 00:25:24 - [MESSAGE][PASSED] - Attribute 'class' of object '' is: ' '

2022-01-16 00:25:24 - [MESSAGE][PASSED] - Attribute 'class' of object '' is: ' '

2022-01-16 00:25:24 - [MESSAGE][PASSED] - Attribute 'class' of object '' is: ' '

2022-01-16 00:25:24 - [MESSAGE][PASSED] - Attribute 'class' of object '' is: ' '

2022-01-16 00:25:24 - [MESSAGE][PASSED] - Attribute 'class' of object '' is: ' '

2022-01-16 00:25:24 - [MESSAGE][PASSED] - Attribute 'class' of object '' is: ' '

2022-01-16 00:25:24 - [MESSAGE][PASSED] - Attribute 'class' of object '' is: ' '

2022-01-16 00:25:24 - [MESSAGE][PASSED] - Attribute 'class' of object '' is: ' '

2022-01-16 00:25:24 - [MESSAGE][PASSED] - Attribute 'class' of object '' is: ' '

2022-01-16 00:25:24 - [MESSAGE][PASSED] - Attribute 'class' of object '' is: ' '

2022-01-16 00:25:24 - [MESSAGE][PASSED] - Attribute 'class' of object '' is: ' '

2022-01-16 00:25:24 - [MESSAGE][PASSED] - Attribute 'class' of object '' is: ' '

2022-01-16 00:25:24 - [MESSAGE][PASSED] - Attribute 'class' of object '' is: ' '

2022-01-16 00:25:24 - [MESSAGE][PASSED] - Attribute 'class' of object '' is: ' '

2022-01-16 00:25:24 - [MESSAGE][PASSED] - Attribute 'class' of object '' is: ' '

2022-01-16 00:25:24 - [MESSAGE][PASSED] - Attribute 'class' of object '' is: ' '

2022-01-16 00:25:24 - [MESSAGE][PASSED] - Attribute 'class' of object '' is: ' '

2022-01-16 00:25:24 - [MESSAGE][PASSED] - Attribute 'class' of object '' is: ' '

2022-01-16 00:25:24 - [MESSAGE][PASSED] - Attribute 'class' of object '' is: ' '

2022-01-16 00:25:24 - [MESSAGE][PASSED] - Attribute 'class' of object '' is: ' '

2022-01-16 00:25:24 - [MESSAGE][PASSED] - Attribute 'class' of object '' is: ' '

2022-01-16 00:25:24 - [MESSAGE][PASSED] - Attribute 'class' of object '' is: ' '

2022-01-16 00:25:24 - [MESSAGE][PASSED] - Attribute 'class' of object '' is: ' '

2022-01-16 00:25:24 - [MESSAGE][PASSED] - Attribute 'class' of object '' is: ' '

2022-01-16 00:25:24 - [MESSAGE][PASSED] - Attribute 'class' of object '' is: ' '

2022-01-16 00:25:24 - [MESSAGE][PASSED] - Attribute 'class' of object '' is: ' '

2022-01-16 00:25:24 - [MESSAGE][PASSED] - Attribute 'class' of object '' is: ' '

2022-01-16 00:25:24 - [MESSAGE][PASSED] - Attribute 'class' of object '' is: ' '

2022-01-16 00:25:24 - [MESSAGE][PASSED] - Attribute 'class' of object '' is: ' '

2022-01-16 00:25:25 - [MESSAGE][PASSED] - Attribute 'class' of object '' is: ' '

2022-01-16 00:25:25 - [MESSAGE][PASSED] - Attribute 'class' of object '' is: ' '

2022-01-16 00:25:25 - [MESSAGE][PASSED] - Attribute 'class' of object '' is: ' '

2022-01-16 00:25:25 - [MESSAGE][PASSED] - Attribute 'class' of object '' is: ' '

2022-01-16 00:25:25 - [MESSAGE][PASSED] - Attribute 'class' of object '' is: ' '

2022-01-16 00:25:25 - [MESSAGE][PASSED] - Attribute 'class' of object '' is: ' '

2022-01-16 00:25:25 - [MESSAGE][PASSED] - Attribute 'class' of object '' is: ' '

2022-01-16 00:25:25 - [MESSAGE][PASSED] - Attribute 'class' of object '' is: ' '

2022-01-16 00:25:25 - [MESSAGE][PASSED] - Attribute 'class' of object '' is: ' '

2022-01-16 00:25:25 - [MESSAGE][PASSED] - Attribute 'class' of object '' is: ' '

2022-01-16 00:25:25 - [MESSAGE][PASSED] - Attribute 'class' of object '' is: ' '

2022-01-16 00:25:25 - [MESSAGE][PASSED] - Attribute 'class' of object '' is: ' '

2022-01-16 00:25:25 - [MESSAGE][PASSED] - Attribute 'class' of object '' is: ' '

2022-01-16 00:25:25 - [MESSAGE][PASSED] - Attribute 'class' of object '' is: ' '

2022-01-16 00:25:25 - [MESSAGE][PASSED] - Attribute 'class' of object '' is: ' '

2022-01-16 00:25:25 - [MESSAGE][PASSED] - Attribute 'class' of object '' is: ' '

2022-01-16 00:25:25 - [MESSAGE][PASSED] - Attribute 'class' of object '' is: ' '

2022-01-16 00:25:25 - [MESSAGE][PASSED] - Attribute 'class' of object '' is: ' '

2022-01-16 00:25:25 - [MESSAGE][PASSED] - Attribute 'class' of object '' is: ' '

2022-01-16 00:25:25 - [MESSAGE][PASSED] - Attribute 'class' of object '' is: ' '

2022-01-16 00:25:25 - [MESSAGE][PASSED] - Attribute 'class' of object '' is: ' '

2022-01-16 00:25:25 - [MESSAGE][PASSED] - Attribute 'class' of object '' is: ' '

2022-01-16 00:25:25 - [MESSAGE][PASSED] - Attribute 'class' of object '' is: ' '

2022-01-16 00:25:25 - [MESSAGE][PASSED] - Attribute 'class' of object '' is: ' '

2022-01-16 00:25:25 - [MESSAGE][PASSED] - Attribute 'class' of object '' is: ' '

2022-01-16 00:25:25 - [MESSAGE][PASSED] - Attribute 'class' of object '' is: ' '

2022-01-16 00:25:25 - [MESSAGE][PASSED] - Attribute 'class' of object '' is: ' '

2022-01-16 00:25:25 - [MESSAGE][PASSED] - Attribute 'class' of object '' is: ' '

2022-01-16 00:25:25 - [MESSAGE][PASSED] - Attribute 'class' of object '' is: ' '

2022-01-16 00:25:25 - [MESSAGE][PASSED] - Attribute 'class' of object '' is: ' '

2022-01-16 00:25:25 - [MESSAGE][PASSED] - Attribute 'class' of object '' is: ' '

2022-01-16 00:25:25 - [MESSAGE][PASSED] - Attribute 'class' of object '' is: ' '

2022-01-16 00:25:25 - [MESSAGE][PASSED] - Attribute 'class' of object '' is: ' '

2022-01-16 00:25:25 - [MESSAGE][PASSED] - Attribute 'class' of object '' is: ' '

2022-01-16 00:25:25 - [MESSAGE][PASSED] - Attribute 'class' of object '' is: ' '

2022-01-16 00:25:25 - [MESSAGE][PASSED] - Attribute 'class' of object '' is: ' '

2022-01-16 00:25:25 - [MESSAGE][PASSED] - Attribute 'class' of object '' is: ' '

2022-01-16 00:25:25 - [MESSAGE][PASSED] - Attribute 'class' of object '' is: ' '

2022-01-16 00:25:25 - [MESSAGE][PASSED] - Attribute 'class' of object '' is: ' '

2022-01-16 00:25:25 - [MESSAGE][PASSED] - Attribute 'class' of object '' is: ' '

2022-01-16 00:25:25 - [MESSAGE][PASSED] - Attribute 'class' of object '' is: ' '

2022-01-16 00:25:25 - [MESSAGE][PASSED] - Attribute 'class' of object '' is: ' '

2022-01-16 00:25:25 - [MESSAGE][PASSED] - Attribute 'class' of object '' is: ' '

2022-01-16 00:25:25 - [MESSAGE][PASSED] - Attribute 'class' of object '' is: ' '

2022-01-16 00:25:25 - [MESSAGE][PASSED] - Attribute 'class' of object '' is: ' '

2022-01-16 00:25:25 - [MESSAGE][PASSED] - Attribute 'class' of object '' is: ' '

2022-01-16 00:25:25 - [MESSAGE][PASSED] - Attribute 'class' of object '' is: ' '

2022-01-16 00:25:25 - [MESSAGE][PASSED] - Attribute 'class' of object '' is: ' '

2022-01-16 00:25:25 - [MESSAGE][PASSED] - Attribute 'class' of object '' is: ' '

2022-01-16 00:25:25 - [MESSAGE][PASSED] - Attribute 'class' of object '' is: ' '

2022-01-16 00:25:25 - [MESSAGE][PASSED] - Attribute 'class' of object '' is: ' '

2022-01-16 00:25:25 - [MESSAGE][PASSED] - Attribute 'class' of object '' is: ' '

2022-01-16 00:25:25 - [MESSAGE][PASSED] - Attribute 'class' of object '' is: ' '

2022-01-16 00:25:25 - [MESSAGE][PASSED] - Attribute 'class' of object '' is: ' '

2022-01-16 00:25:25 - [MESSAGE][PASSED] - Attribute 'class' of object '' is: ' '

2022-01-16 00:25:25 - [MESSAGE][PASSED] - Attribute 'class' of object '' is: ' '

2022-01-16 00:25:25 - [MESSAGE][PASSED] - Attribute 'class' of object '' is: ' '

2022-01-16 00:25:25 - [MESSAGE][PASSED] - Attribute 'class' of object '' is: ' '

2022-01-16 00:25:25 - [MESSAGE][PASSED] - Attribute 'class' of object '' is: ' '

2022-01-16 00:25:25 - [MESSAGE][PASSED] - Attribute 'class' of object '' is: ' '

2022-01-16 00:25:25 - [MESSAGE][PASSED] - Attribute 'class' of object '' is: ' '

2022-01-16 00:25:25 - [MESSAGE][PASSED] - Attribute 'class' of object '' is: ' '

2022-01-16 00:25:25 - [MESSAGE][PASSED] - Attribute 'class' of object '' is: ' '

2022-01-16 00:25:25 - [MESSAGE][PASSED] - Attribute 'class' of object '' is: ' '

2022-01-16 00:25:25 - [MESSAGE][PASSED] - Attribute 'class' of object '' is: ' '

2022-01-16 00:25:25 - [MESSAGE][PASSED] - Attribute 'class' of object '' is: ' '

2022-01-16 00:25:25 - [MESSAGE][PASSED] - Attribute 'class' of object '' is: ' '

2022-01-16 00:25:25 - [MESSAGE][PASSED] - Attribute 'class' of object '' is: ' '

2022-01-16 00:25:25 - [MESSAGE][PASSED] - Attribute 'class' of object '' is: ' '

2022-01-16 00:25:25 - [MESSAGE][PASSED] - Attribute 'class' of object '' is: ' '

2022-01-16 00:25:25 - [MESSAGE][PASSED] - Attribute 'class' of object '' is: ' '

2022-01-16 00:25:25 - [MESSAGE][PASSED] - Attribute 'class' of object '' is: ' '

2022-01-16 00:25:25 - [MESSAGE][PASSED] - Attribute 'class' of object '' is: ' '

2022-01-16 00:25:25 - [MESSAGE][PASSED] - Attribute 'class' of object '' is: ' '

2022-01-16 00:25:25 - [MESSAGE][PASSED] - Attribute 'class' of object '' is: ' '

2022-01-16 00:25:25 - [MESSAGE][PASSED] - Attribute 'class' of object '' is: ' '

2022-01-16 00:25:25 - [MESSAGE][PASSED] - Attribute 'class' of object '' is: ' '

2022-01-16 00:25:25 - [MESSAGE][PASSED] - Attribute 'class' of object '' is: ' '

2022-01-16 00:25:25 - [MESSAGE][PASSED] - Attribute 'class' of object '' is: ' '

2022-01-16 00:25:25 - [MESSAGE][PASSED] - Attribute 'class' of object '' is: ' '

2022-01-16 00:25:25 - [MESSAGE][PASSED] - Attribute 'class' of object '' is: ' '

2022-01-16 00:25:25 - [MESSAGE][PASSED] - Attribute 'class' of object '' is: ' '

2022-01-16 00:25:25 - [MESSAGE][PASSED] - Attribute 'class' of object '' is: ' '

2022-01-16 00:25:25 - [MESSAGE][PASSED] - Attribute 'class' of object '' is: ' '

2022-01-16 00:25:25 - [MESSAGE][PASSED] - Attribute 'class' of object '' is: ' '

2022-01-16 00:25:25 - [MESSAGE][PASSED] - Attribute 'class' of object '' is: ' '

2022-01-16 00:25:26 - [MESSAGE][PASSED] - Attribute 'class' of object '' is: ' '

2022-01-16 00:25:26 - [MESSAGE][PASSED] - Attribute 'class' of object '' is: ' '

2022-01-16 00:25:26 - [MESSAGE][PASSED] - Attribute 'class' of object '' is: ' '

2022-01-16 00:25:26 - [MESSAGE][PASSED] - Attribute 'class' of object '' is: ' '

2022-01-16 00:25:26 - [MESSAGE][PASSED] - Attribute 'class' of object '' is: ' '

2022-01-16 00:25:26 - [MESSAGE][PASSED] - Attribute 'class' of object '' is: ' '

2022-01-16 00:25:26 - [MESSAGE][PASSED] - Attribute 'class' of object '' is: ' '

2022-01-16 00:25:26 - [MESSAGE][PASSED] - Attribute 'class' of object '' is: ' '

2022-01-16 00:25:26 - [MESSAGE][PASSED] - Attribute 'class' of object '' is: ' '

2022-01-16 00:25:26 - [MESSAGE][PASSED] - Attribute 'class' of object '' is: ' '

2022-01-16 00:25:26 - [MESSAGE][PASSED] - Attribute 'class' of object '' is: ' '

2022-01-16 00:25:26 - [MESSAGE][PASSED] - Attribute 'class' of object '' is: ' '

2022-01-16 00:25:26 - [MESSAGE][PASSED] - Attribute 'class' of object '' is: ' '

2022-01-16 00:25:26 - [MESSAGE][PASSED] - Attribute 'class' of object '' is: ' '

2022-01-16 00:25:26 - [MESSAGE][PASSED] - Attribute 'class' of object '' is: ' '

2022-01-16 00:25:26 - [MESSAGE][PASSED] - Attribute 'class' of object '' is: ' '

2022-01-16 00:25:26 - [MESSAGE][PASSED] - Attribute 'class' of object '' is: ' '

2022-01-16 00:25:26 - [MESSAGE][PASSED] - Attribute 'class' of object '' is: ' '

2022-01-16 00:25:26 - [MESSAGE][PASSED] - Attribute 'class' of object '' is: ' '

2022-01-16 00:25:26 - [MESSAGE][PASSED] - Attribute 'class' of object '' is: ' '

2022-01-16 00:25:26 - [MESSAGE][PASSED] - Attribute 'class' of object '' is: ' '

2022-01-16 00:25:26 - [MESSAGE][PASSED] - Attribute 'class' of object '' is: ' '

2022-01-16 00:25:26 - [MESSAGE][PASSED] - Attribute 'class' of object '' is: ' '

2022-01-16 00:25:26 - [MESSAGE][PASSED] - Attribute 'class' of object '' is: ' '

2022-01-16 00:25:26 - [MESSAGE][PASSED] - Attribute 'class' of object '' is: ' '

2022-01-16 00:25:26 - [MESSAGE][PASSED] - Attribute 'class' of object '' is: ' '

2022-01-16 00:25:26 - [MESSAGE][PASSED] - Attribute 'class' of object '' is: ' '

2022-01-16 00:25:26 - [MESSAGE][PASSED] - Attribute 'class' of object '' is: ' '

2022-01-16 00:25:26 - [MESSAGE][PASSED] - Attribute 'class' of object '' is: ' '

2022-01-16 00:25:26 - [MESSAGE][PASSED] - Attribute 'class' of object '' is: ' '

2022-01-16 00:25:26 - [MESSAGE][PASSED] - Attribute 'class' of object '' is: ' '

2022-01-16 00:25:26 - [MESSAGE][PASSED] - Attribute 'class' of object '' is: ' '

2022-01-16 00:25:26 - [MESSAGE][PASSED] - Attribute 'class' of object '' is: ' '

2022-01-16 00:25:26 - [MESSAGE][PASSED] - Attribute 'class' of object '' is: ' '

2022-01-16 00:25:26 - [MESSAGE][PASSED] - Attribute 'class' of object '' is: ' '

2022-01-16 00:25:26 - [MESSAGE][PASSED] - Attribute 'class' of object '' is: ' '

2022-01-16 00:25:26 - [MESSAGE][PASSED] - Attribute 'class' of object '' is: ' '

2022-01-16 00:25:26 - [MESSAGE][PASSED] - Attribute 'class' of object '' is: ' '

2022-01-16 00:25:26 - [MESSAGE][PASSED] - Attribute 'class' of object '' is: ' '

2022-01-16 00:25:26 - [MESSAGE][PASSED] - Attribute 'class' of object '' is: ' '

2022-01-16 00:25:26 - [MESSAGE][PASSED] - Attribute 'class' of object '' is: ' '

2022-01-16 00:25:26 - [MESSAGE][PASSED] - Attribute 'class' of object '' is: ' '

2022-01-16 00:25:26 - [MESSAGE][PASSED] - Attribute 'class' of object '' is: ' '

2022-01-16 00:25:26 - [MESSAGE][PASSED] - Attribute 'class' of object '' is: ' '

2022-01-16 00:25:26 - [MESSAGE][PASSED] - Attribute 'class' of object '' is: ' '

2022-01-16 00:25:26 - [MESSAGE][PASSED] - Attribute 'class' of object '' is: ' '

2022-01-16 00:25:26 - [MESSAGE][PASSED] - Attribute 'class' of object '' is: ' '

2022-01-16 00:25:26 - [MESSAGE][PASSED] - Attribute 'class' of object '' is: ' '

2022-01-16 00:25:26 - [MESSAGE][PASSED] - Attribute 'class' of object '' is: ' '

2022-01-16 00:25:26 - [MESSAGE][PASSED] - Attribute 'class' of object '' is: ' '

2022-01-16 00:25:26 - [MESSAGE][PASSED] - Attribute 'class' of object '' is: ' '

2022-01-16 00:25:26 - [MESSAGE][PASSED] - Attribute 'class' of object '' is: ' '

2022-01-16 00:25:26 - [MESSAGE][PASSED] - Attribute 'class' of object '' is: ' '

2022-01-16 00:25:26 - [MESSAGE][PASSED] - Attribute 'class' of object '' is: ' '

2022-01-16 00:25:26 - [MESSAGE][PASSED] - Attribute 'class' of object '' is: ' '

2022-01-16 00:25:26 - [MESSAGE][PASSED] - Attribute 'class' of object '' is: ' '

2022-01-16 00:25:26 - [MESSAGE][PASSED] - Attribute 'class' of object '' is: ' '

2022-01-16 00:25:26 - [MESSAGE][PASSED] - Attribute 'class' of object '' is: ' '

2022-01-16 00:25:26 - [MESSAGE][PASSED] - Attribute 'class' of object '' is: ' '

2022-01-16 00:25:26 - [MESSAGE][PASSED] - Attribute 'class' of object '' is: ' '

2022-01-16 00:25:26 - [MESSAGE][PASSED] - Attribute 'class' of object '' is: ' '

2022-01-16 00:25:26 - [MESSAGE][PASSED] - Attribute 'class' of object '' is: ' '

2022-01-16 00:25:26 - [MESSAGE][PASSED] - Attribute 'class' of object '' is: ' '

2022-01-16 00:25:26 - [MESSAGE][PASSED] - Attribute 'class' of object '' is: ' '

2022-01-16 00:25:26 - [MESSAGE][PASSED] - Attribute 'class' of object '' is: ' '

2022-01-16 00:25:26 - [MESSAGE][PASSED] - Attribute 'class' of object '' is: ' '

2022-01-16 00:25:26 - [MESSAGE][PASSED] - Attribute 'class' of object '' is: ' '

2022-01-16 00:25:26 - [MESSAGE][PASSED] - Attribute 'class' of object '' is: ' '

2022-01-16 00:25:26 - [MESSAGE][PASSED] - Attribute 'class' of object '' is: ' '

2022-01-16 00:25:26 - [MESSAGE][PASSED] - Attribute 'class' of object '' is: ' '

2022-01-16 00:25:26 - [MESSAGE][PASSED] - Attribute 'class' of object '' is: ' '

2022-01-16 00:25:26 - [MESSAGE][PASSED] - Attribute 'class' of object '' is: ' '

2022-01-16 00:25:26 - [MESSAGE][PASSED] - Attribute 'class' of object '' is: ' '

2022-01-16 00:25:26 - [MESSAGE][PASSED] - Attribute 'class' of object '' is: ' '

2022-01-16 00:25:26 - [MESSAGE][PASSED] - Attribute 'class' of object '' is: ' '

2022-01-16 00:25:26 - [MESSAGE][PASSED] - Attribute 'class' of object '' is: ' '

2022-01-16 00:25:26 - [MESSAGE][PASSED] - Attribute 'class' of object '' is: ' '

2022-01-16 00:25:26 - [MESSAGE][PASSED] - Attribute 'class' of object '' is: ' '

2022-01-16 00:25:26 - [MESSAGE][PASSED] - Attribute 'class' of object '' is: ' '

2022-01-16 00:25:26 - [MESSAGE][PASSED] - Attribute 'class' of object '' is: ' '

2022-01-16 00:25:26 - [MESSAGE][PASSED] - Attribute 'class' of object '' is: ' '

2022-01-16 00:25:27 - [MESSAGE][PASSED] - Attribute 'class' of object '' is: ' '

2022-01-16 00:25:27 - [MESSAGE][PASSED] - Attribute 'class' of object '' is: ' '

2022-01-16 00:25:27 - [MESSAGE][PASSED] - Attribute 'class' of object '' is: ' '

2022-01-16 00:25:27 - [MESSAGE][PASSED] - Attribute 'class' of object '' is: ' '

2022-01-16 00:25:27 - [MESSAGE][PASSED] - Attribute 'class' of object '' is: ' '

2022-01-16 00:25:27 - [MESSAGE][PASSED] - Attribute 'class' of object '' is: ' '

2022-01-16 00:25:27 - [MESSAGE][PASSED] - Attribute 'class' of object '' is: ' '

2022-01-16 00:25:27 - [MESSAGE][PASSED] - Attribute 'class' of object '' is: ' '

2022-01-16 00:25:27 - [MESSAGE][PASSED] - Attribute 'class' of object '' is: ' '

2022-01-16 00:25:27 - [MESSAGE][PASSED] - Attribute 'class' of object '' is: ' '

2022-01-16 00:25:27 - [MESSAGE][PASSED] - Attribute 'class' of object '' is: ' '

2022-01-16 00:25:27 - [MESSAGE][PASSED] - Attribute 'class' of object '' is: ' '

2022-01-16 00:25:27 - [MESSAGE][PASSED] - Attribute 'class' of object '' is: ' '

2022-01-16 00:25:27 - [MESSAGE][PASSED] - Attribute 'class' of object '' is: ' '

2022-01-16 00:25:27 - [MESSAGE][PASSED] - Attribute 'class' of object '' is: ' '

2022-01-16 00:25:27 - [MESSAGE][PASSED] - Attribute 'class' of object '' is: ' '

2022-01-16 00:25:27 - [MESSAGE][PASSED] - Attribute 'class' of object '' is: ' '

2022-01-16 00:25:27 - [MESSAGE][PASSED] - Attribute 'class' of object '' is: ' '

2022-01-16 00:25:27 - [MESSAGE][PASSED] - Attribute 'class' of object '' is: ' '

2022-01-16 00:25:27 - [MESSAGE][PASSED] - Attribute 'class' of object '' is: ' '

2022-01-16 00:25:27 - [MESSAGE][PASSED] - Attribute 'class' of object '' is: ' '

2022-01-16 00:25:27 - [MESSAGE][PASSED] - Attribute 'class' of object '' is: ' '

2022-01-16 00:25:27 - [MESSAGE][PASSED] - Attribute 'class' of object '' is: ' '

2022-01-16 00:25:27 - [MESSAGE][PASSED] - Attribute 'class' of object '' is: ' '

2022-01-16 00:25:27 - [MESSAGE][PASSED] - Attribute 'class' of object '' is: ' '

2022-01-16 00:25:27 - [MESSAGE][PASSED] - Attribute 'class' of object '' is: ' '

2022-01-16 00:25:27 - [MESSAGE][PASSED] - Attribute 'class' of object '' is: ' '

2022-01-16 00:25:27 - [MESSAGE][PASSED] - Attribute 'class' of object '' is: ' '

2022-01-16 00:25:27 - [MESSAGE][PASSED] - Attribute 'class' of object '' is: ' '

2022-01-16 00:25:27 - [MESSAGE][PASSED] - Attribute 'class' of object '' is: ' '

2022-01-16 00:25:27 - [MESSAGE][PASSED] - Attribute 'class' of object '' is: ' '

2022-01-16 00:25:27 - [MESSAGE][PASSED] - Attribute 'class' of object '' is: ' '

2022-01-16 00:25:27 - [MESSAGE][PASSED] - Attribute 'class' of object '' is: ' '

2022-01-16 00:25:27 - [MESSAGE][PASSED] - Attribute 'class' of object '' is: ' '

2022-01-16 00:25:27 - [MESSAGE][PASSED] - Attribute 'class' of object '' is: ' '

2022-01-16 00:25:27 - [MESSAGE][PASSED] - Attribute 'class' of object '' is: ' '

2022-01-16 00:25:27 - [MESSAGE][PASSED] - Attribute 'class' of object '' is: ' '

2022-01-16 00:25:27 - [MESSAGE][PASSED] - Attribute 'class' of object '' is: ' '

2022-01-16 00:25:27 - [MESSAGE][PASSED] - Attribute 'class' of object '' is: ' '

2022-01-16 00:25:27 - [MESSAGE][PASSED] - Attribute 'class' of object '' is: ' '

2022-01-16 00:25:27 - [MESSAGE][PASSED] - Attribute 'class' of object '' is: ' '

2022-01-16 00:25:27 - [MESSAGE][PASSED] - Attribute 'class' of object '' is: ' '

2022-01-16 00:25:27 - [MESSAGE][PASSED] - Attribute 'class' of object '' is: ' '

2022-01-16 00:25:27 - [MESSAGE][PASSED] - Attribute 'class' of object '' is: ' '

2022-01-16 00:25:27 - [MESSAGE][PASSED] - Attribute 'class' of object '' is: ' '

2022-01-16 00:25:27 - [MESSAGE][PASSED] - Attribute 'class' of object '' is: ' '

2022-01-16 00:25:27 - [MESSAGE][PASSED] - Attribute 'class' of object '' is: ' '

2022-01-16 00:25:27 - [MESSAGE][PASSED] - Attribute 'class' of object '' is: ' '

2022-01-16 00:25:27 - [MESSAGE][PASSED] - Attribute 'class' of object '' is: ' '

2022-01-16 00:25:27 - [MESSAGE][PASSED] - Attribute 'class' of object '' is: ' '

2022-01-16 00:25:27 - [MESSAGE][PASSED] - Attribute 'class' of object '' is: ' '

2022-01-16 00:25:27 - [MESSAGE][PASSED] - Attribute 'class' of object '' is: ' '

2022-01-16 00:25:27 - [MESSAGE][PASSED] - Attribute 'class' of object '' is: ' '

2022-01-16 00:25:27 - [MESSAGE][PASSED] - Attribute 'class' of object '' is: ' '

2022-01-16 00:25:27 - [MESSAGE][PASSED] - Attribute 'class' of object '' is: ' '

2022-01-16 00:25:27 - [MESSAGE][PASSED] - Attribute 'class' of object '' is: ' '

2022-01-16 00:25:27 - [MESSAGE][PASSED] - Attribute 'class' of object '' is: ' '

2022-01-16 00:25:27 - [MESSAGE][PASSED] - Attribute 'class' of object '' is: ' '

2022-01-16 00:25:27 - [MESSAGE][PASSED] - Attribute 'class' of object '' is: ' '

2022-01-16 00:25:27 - [MESSAGE][PASSED] - Attribute 'class' of object '' is: ' '

2022-01-16 00:25:27 - [MESSAGE][PASSED] - Attribute 'class' of object '' is: ' '

2022-01-16 00:25:27 - [MESSAGE][PASSED] - Attribute 'class' of object '' is: ' '

2022-01-16 00:25:27 - [MESSAGE][PASSED] - Attribute 'class' of object '' is: ' '

2022-01-16 00:25:27 - [MESSAGE][PASSED] - Attribute 'class' of object '' is: ' '

2022-01-16 00:25:27 - [MESSAGE][PASSED] - Attribute 'class' of object '' is: ' '

2022-01-16 00:25:27 - [MESSAGE][PASSED] - Attribute 'class' of object '' is: ' '

2022-01-16 00:25:27 - [MESSAGE][PASSED] - Attribute 'class' of object '' is: ' '

2022-01-16 00:25:27 - [MESSAGE][PASSED] - Attribute 'class' of object '' is: ' '

2022-01-16 00:25:27 - [MESSAGE][PASSED] - Attribute 'class' of object '' is: ' '

2022-01-16 00:25:27 - [MESSAGE][PASSED] - Attribute 'class' of object '' is: ' '

2022-01-16 00:25:27 - [MESSAGE][PASSED] - Attribute 'class' of object '' is: ' '

2022-01-16 00:25:27 - [MESSAGE][PASSED] - Attribute 'class' of object '' is: ' '

2022-01-16 00:25:27 - [MESSAGE][PASSED] - Attribute 'class' of object '' is: ' '

2022-01-16 00:25:27 - [MESSAGE][PASSED] - Attribute 'class' of object '' is: ' '

2022-01-16 00:25:27 - [MESSAGE][PASSED] - Attribute 'class' of object '' is: ' '

2022-01-16 00:25:27 - [MESSAGE][PASSED] - Attribute 'class' of object '' is: ' '

2022-01-16 00:25:27 - [MESSAGE][PASSED] - Attribute 'class' of object '' is: ' '

2022-01-16 00:25:27 - [MESSAGE][PASSED] - Attribute 'class' of object '' is: ' '

2022-01-16 00:25:27 - [MESSAGE][PASSED] - Attribute 'class' of object '' is: ' '

2022-01-16 00:25:27 - [MESSAGE][PASSED] - Attribute 'class' of object '' is: ' '

2022-01-16 00:25:27 - [MESSAGE][PASSED] - Attribute 'class' of object '' is: ' '

2022-01-16 00:25:27 - [MESSAGE][PASSED] - Attribute 'class' of object '' is: ' '

2022-01-16 00:25:27 - [MESSAGE][PASSED] - Attribute 'class' of object '' is: ' '

2022-01-16 00:25:27 - [MESSAGE][PASSED] - Attribute 'class' of object '' is: ' '

2022-01-16 00:25:27 - [MESSAGE][PASSED] - Attribute 'class' of object '' is: ' '

2022-01-16 00:25:27 - [MESSAGE][PASSED] - Attribute 'class' of object '' is: ' '

2022-01-16 00:25:27 - [MESSAGE][PASSED] - Attribute 'class' of object '' is: ' '

2022-01-16 00:25:27 - [MESSAGE][PASSED] - Attribute 'class' of object '' is: ' '

2022-01-16 00:25:27 - [MESSAGE][PASSED] - Attribute 'class' of object '' is: ' '

2022-01-16 00:25:27 - [MESSAGE][PASSED] - Attribute 'class' of object '' is: ' '

2022-01-16 00:25:27 - [MESSAGE][PASSED] - Attribute 'class' of object '' is: ' '

2022-01-16 00:25:27 - [MESSAGE][PASSED] - Attribute 'class' of object '' is: ' '

2022-01-16 00:25:27 - [MESSAGE][PASSED] - Attribute 'class' of object '' is: ' '

2022-01-16 00:25:27 - [MESSAGE][PASSED] - Attribute 'class' of object '' is: ' '

2022-01-16 00:25:28 - [MESSAGE][PASSED] - Attribute 'class' of object '' is: ' '

2022-01-16 00:25:28 - [MESSAGE][PASSED] - Attribute 'class' of object '' is: ' '

2022-01-16 00:25:28 - [MESSAGE][PASSED] - Attribute 'class' of object '' is: ' '

2022-01-16 00:25:28 - [MESSAGE][PASSED] - Attribute 'class' of object '' is: ' '

2022-01-16 00:25:28 - [MESSAGE][PASSED] - Attribute 'class' of object '' is: ' '

2022-01-16 00:25:28 - [MESSAGE][PASSED] - Attribute 'class' of object '' is: ' '

2022-01-16 00:25:28 - [MESSAGE][PASSED] - Attribute 'class' of object '' is: ' '

2022-01-16 00:25:28 - [MESSAGE][PASSED] - Attribute 'class' of object '' is: ' '

2022-01-16 00:25:28 - [MESSAGE][PASSED] - Attribute 'class' of object '' is: ' '

2022-01-16 00:25:28 - [MESSAGE][PASSED] - Attribute 'class' of object '' is: ' '

2022-01-16 00:25:28 - [MESSAGE][PASSED] - Attribute 'class' of object '' is: ' '

2022-01-16 00:25:28 - [MESSAGE][PASSED] - Attribute 'class' of object '' is: ' '

2022-01-16 00:25:28 - [MESSAGE][PASSED] - Attribute 'class' of object '' is: ' '

2022-01-16 00:25:28 - [MESSAGE][PASSED] - Attribute 'class' of object '' is: ' '

2022-01-16 00:25:28 - [MESSAGE][PASSED] - Attribute 'class' of object '' is: ' '

2022-01-16 00:25:28 - [MESSAGE][PASSED] - Attribute 'class' of object '' is: ' '

2022-01-16 00:25:28 - [MESSAGE][PASSED] - Attribute 'class' of object '' is: ' '

2022-01-16 00:25:28 - [MESSAGE][PASSED] - Attribute 'class' of object '' is: ' '

2022-01-16 00:25:28 - [MESSAGE][PASSED] - Attribute 'class' of object '' is: ' '

2022-01-16 00:25:28 - [MESSAGE][PASSED] - Attribute 'class' of object '' is: ' '

2022-01-16 00:25:28 - [MESSAGE][PASSED] - Attribute 'class' of object '' is: ' '

2022-01-16 00:25:28 - [MESSAGE][PASSED] - Attribute 'class' of object '' is: ' '

2022-01-16 00:25:28 - [MESSAGE][PASSED] - Attribute 'class' of object '' is: ' '

2022-01-16 00:25:28 - [MESSAGE][PASSED] - Attribute 'class' of object '' is: ' '

2022-01-16 00:25:28 - [MESSAGE][PASSED] - Attribute 'class' of object '' is: ' '

2022-01-16 00:25:28 - [MESSAGE][PASSED] - Attribute 'class' of object '' is: ' '

2022-01-16 00:25:28 - [MESSAGE][PASSED] - Attribute 'class' of object '' is: ' '

2022-01-16 00:25:28 - [MESSAGE][PASSED] - Attribute 'class' of object '' is: ' '

2022-01-16 00:25:28 - [MESSAGE][PASSED] - Attribute 'class' of object '' is: ' '

2022-01-16 00:25:28 - [MESSAGE][PASSED] - Attribute 'class' of object '' is: ' '

2022-01-16 00:25:28 - [MESSAGE][PASSED] - Attribute 'class' of object '' is: ' '

2022-01-16 00:25:28 - [MESSAGE][PASSED] - Attribute 'class' of object '' is: ' '

2022-01-16 00:25:28 - [MESSAGE][PASSED] - Attribute 'class' of object '' is: ' '

2022-01-16 00:25:28 - [MESSAGE][PASSED] - Attribute 'class' of object '' is: ' '

2022-01-16 00:25:28 - [MESSAGE][PASSED] - Attribute 'class' of object '' is: ' '

2022-01-16 00:25:28 - [MESSAGE][PASSED] - Attribute 'class' of object '' is: ' '

2022-01-16 00:25:28 - [MESSAGE][PASSED] - Attribute 'class' of object '' is: ' '

2022-01-16 00:25:28 - [MESSAGE][PASSED] - Attribute 'class' of object '' is: ' '

2022-01-16 00:25:28 - [MESSAGE][PASSED] - Attribute 'class' of object '' is: ' '

2022-01-16 00:25:28 - [MESSAGE][PASSED] - Attribute 'class' of object '' is: ' '

2022-01-16 00:25:28 - [MESSAGE][PASSED] - Attribute 'class' of object '' is: ' '

2022-01-16 00:25:28 - [MESSAGE][PASSED] - Attribute 'class' of object '' is: ' '

2022-01-16 00:25:28 - [MESSAGE][PASSED] - Attribute 'class' of object '' is: ' '

2022-01-16 00:25:28 - [MESSAGE][PASSED] - Attribute 'class' of object '' is: ' '

2022-01-16 00:25:28 - [MESSAGE][PASSED] - Attribute 'class' of object '' is: ' '

2022-01-16 00:25:28 - [MESSAGE][PASSED] - Attribute 'class' of object '' is: ' '

2022-01-16 00:25:28 - [MESSAGE][PASSED] - Attribute 'class' of object '' is: ' '

2022-01-16 00:25:28 - [MESSAGE][PASSED] - Attribute 'class' of object '' is: ' '

2022-01-16 00:25:28 - [MESSAGE][PASSED] - Attribute 'class' of object '' is: ' '

2022-01-16 00:25:28 - [MESSAGE][PASSED] - Attribute 'class' of object '' is: ' '

2022-01-16 00:25:28 - [MESSAGE][PASSED] - Attribute 'class' of object '' is: ' '

2022-01-16 00:25:28 - [MESSAGE][PASSED] - Attribute 'class' of object '' is: ' '

2022-01-16 00:25:28 - [MESSAGE][PASSED] - Attribute 'class' of object '' is: ' '

2022-01-16 00:25:28 - [MESSAGE][PASSED] - Attribute 'class' of object '' is: ' '

2022-01-16 00:25:28 - [MESSAGE][PASSED] - Attribute 'class' of object '' is: ' '

2022-01-16 00:25:28 - [MESSAGE][PASSED] - Attribute 'class' of object '' is: ' '

2022-01-16 00:25:28 - [MESSAGE][PASSED] - Attribute 'class' of object '' is: ' '

2022-01-16 00:25:28 - [MESSAGE][PASSED] - Attribute 'class' of object '' is: ' '

2022-01-16 00:25:28 - [MESSAGE][PASSED] - Attribute 'class' of object '' is: ' '

2022-01-16 00:25:28 - [MESSAGE][PASSED] - Attribute 'class' of object '' is: ' '

2022-01-16 00:25:28 - [MESSAGE][PASSED] - Attribute 'class' of object '' is: ' '

2022-01-16 00:25:28 - [MESSAGE][PASSED] - Attribute 'class' of object '' is: ' '

2022-01-16 00:25:28 - [MESSAGE][PASSED] - Attribute 'class' of object '' is: ' '

2022-01-16 00:25:28 - [MESSAGE][PASSED] - Attribute 'class' of object '' is: ' '

2022-01-16 00:25:28 - [MESSAGE][PASSED] - Attribute 'class' of object '' is: ' '

2022-01-16 00:25:28 - [MESSAGE][PASSED] - Attribute 'class' of object '' is: ' '

2022-01-16 00:25:28 - [TEST_STEP][PASSED] - SearchResultHelper.checkSearchPagePagination(): Get CSS 'color' value on 'Object Repository/Search Result/span_pagenationLeftArrow' successfully: 'rgb(220, 221, 222)'.

2022-01-16 00:25:29 - [MESSAGE][PASSED] - Object 'Object Repository/Search Result/div.pagenationSection' is present

2022-01-16 00:25:29 - [MESSAGE][PASSED] - Get CSS 'background-color' value on 'Object Repository/Search Result/span_currentPagenation' successfully: 'rgb(82, 36, 127)'.

2022-01-16 00:25:29 - [MESSAGE][PASSED] - Get CSS 'color' value on 'Object Repository/Search Result/span_currentPagenation' successfully: 'rgb(255, 255, 255)'.

2022-01-16 00:25:30 - [MESSAGE][PASSED] - Attribute 'class' of object 'Object Repository/Search Result/span_pagenationLeftArrow' is: 'pagination-item pagination-navigation-item disabled'

2022-01-16 00:25:30 - [MESSAGE][PASSED] - Get CSS 'color' value on 'Object Repository/Search Result/span_pagenationLeftArrow' successfully: 'rgb(220, 221, 222)'.

2022-01-16 00:25:30 - [TEST_STEP][PASSED] - SearchResultHelper.selectProductFilters(): Text of object 'Object Repository/Search Result/h2_productListHeading' is: 'RESULTS FOR "PLASTIC" (1)'

2022-01-16 00:25:31 - [MESSAGE][PASSED] - Object: 'Object Repository/Filter/a_packagingProduct' is clicked on

2022-01-16 00:25:32 - [MESSAGE][PASSED] - Web element with id: 'Object Repository/General/div_pagleLoader' located by 'By.cssSelector: div.page-overlay' is not present after '3' second(s)

2022-01-16 00:25:32 - [MESSAGE][PASSED] - Text of object 'Object Repository/Filter/li_packagingProduct' is: 'Packaging Products (58)'

2022-01-16 00:25:33 - [MESSAGE][PASSED] - Text of object 'Object Repository/Search Result/h2_productListHeading' is: 'RESULTS FOR "PLASTIC" (58)'

2022-01-16 00:25:34 - [MESSAGE][PASSED] - Attribute 'class' of object 'Object Repository/Filter/li_packagingProduct' is: 'selected '

2022-01-16 00:25:34 - [MESSAGE][PASSED] - Object: 'Object Repository/Filter/a_plasticBags' is clicked on

2022-01-16 00:25:35 - [MESSAGE][PASSED] - Web element with id: 'Object Repository/General/div_pagleLoader' located by 'By.cssSelector: div.page-overlay' is not present after '3' second(s)

2022-01-16 00:25:35 - [MESSAGE][PASSED] - Attribute 'class' of object 'Object Repository/Filter/li_plasticBags' is: 'selected '

2022-01-16 00:25:36 - [MESSAGE][PASSED] - Object: '' is clicked on

2022-01-16 00:25:37 - [MESSAGE][PASSED] - Attribute 'class' of object '' is: 'block-title'

2022-01-16 00:25:37 - [MESSAGE][PASSED] - Attribute 'class' of object '' is: 'block-content collapsed collapse in'

2022-01-16 00:25:38 - [MESSAGE][PASSED] - Object: 'Object Repository/Filter/a_greenColor' is clicked on

2022-01-16 00:25:38 - [MESSAGE][PASSED] - Web element with id: 'Object Repository/General/div_pagleLoader' located by 'By.cssSelector: div.page-overlay' is not present after '3' second(s)

2022-01-16 00:25:39 - [MESSAGE][PASSED] - Attribute 'class' of object 'Object Repository/Filter/li_greenColor' is: 'selected '

2022-01-16 00:25:39 - [MESSAGE][PASSED] - Text of object 'Object Repository/Filter/li_greenColor' is: 'Green (1)'

2022-01-16 00:25:40 - [MESSAGE][PASSED] - Text of object 'Object Repository/Search Result/h2_productListHeading' is: 'RESULTS FOR "PLASTIC" (1)'

2022-01-16 00:25:40 - [TEST_STEP][PASSED] - SearchResultPageActions.NavigateToProductDetailsPage(): Object: 'Object Repository/Product details/a_productItem' is clicked on

2022-01-16 00:25:40 - [MESSAGE][PASSED] - Attribute 'href' of object 'Object Repository/Search Result/a_productItemLink' is: 'https://www.cleanersupply.com/Bags/Plastic-Bags/Comforter/comforterblanket-bags-12pack/'

2022-01-16 00:25:40 - [MESSAGE][PASSED] - Text of object 'Object Repository/Search Result/h2_productName' is: 'COMFORTER/BLANKET BAGS - 12/PACK'

2022-01-16 00:25:41 - [MESSAGE][PASSED] - Text of object 'Object Repository/Search Result/div_priceRange' is: '$6.50 - $14.88
List $9.72 - $18.96'

2022-01-16 00:25:41 - [MESSAGE][PASSED] - Text of object 'Object Repository/Search Result/span_availability' is: 'Available in 5 colors'

2022-01-16 00:25:47 - [MESSAGE][PASSED] - Object: 'Object Repository/Product details/a_productItem' is clicked on

2022-01-16 00:25:47 - [TEST_STEP][PASSED] - ProductDetailsHelpers.initProductDetailsPage(): Object 'Object Repository/Product details/button_addToCart' is NOT visible

2022-01-16 00:25:47 - [MESSAGE][PASSED] - Current window's title is: 'Comforter/Blanket Bags - 12/Pack - Cleaner's Supply'

2022-01-16 00:25:47 - [MESSAGE][PASSED] - Current window's url is: 'https://www.cleanersupply.com/Bags/Plastic-Bags/Comforter/comforterblanket-bags-12pack/?sku=COMF3BK'

2022-01-16 00:25:48 - [MESSAGE][PASSED] - Text of object 'Object Repository/Product details/ul_breadcrumb' is: 'Bags Plastic Bags Comforter'

2022-01-16 00:25:49 - [MESSAGE][PASSED] - Attribute 'class' of object '' is: 'xlarge option-box selected'

2022-01-16 00:25:49 - [MESSAGE][PASSED] - Get CSS 'background-color' value on '' successfully: 'rgb(65, 64, 66)'.

2022-01-16 00:25:49 - [MESSAGE][PASSED] - Get CSS 'color' value on '' successfully: 'rgb(255, 255, 255)'.

2022-01-16 00:25:49 - [MESSAGE][PASSED] - Text of object 'Object Repository/Product details/div_stockNotifcations' is: 'Currently Unavailable.'

2022-01-16 00:25:50 - [MESSAGE][PASSED] - Get CSS 'color' value on 'Object Repository/Product details/div_stockNotifcations' successfully: 'rgb(237, 28, 36)'.

2022-01-16 00:25:50 - [MESSAGE][PASSED] - Text of object 'Object Repository/Product details/span_skuNumber' is: 'COMF3BK'

2022-01-16 00:25:50 - [MESSAGE][PASSED] - Object 'Object Repository/Product details/h1_productName' is present

2022-01-16 00:25:51 - [MESSAGE][PASSED] - Text of object 'Object Repository/Product details/h1_productName' is: 'X-SMALL BLANKET BAG W/NON-WOVEN SIDES - 15" X 18" X 3" - 12/PACK - BLACK'

2022-01-16 00:25:51 - [MESSAGE][PASSED] - Text of object 'Object Repository/Product details/span_productPrice' is: '$8.64'

2022-01-16 00:25:51 - [MESSAGE][PASSED] - Object 'Object Repository/Product details/a_blackColor' is present

2022-01-16 00:25:52 - [MESSAGE][PASSED] - Attribute 'class' of object 'Object Repository/Product details/a_blackColor' is: 'option-box selected'

2022-01-16 00:25:52 - [MESSAGE][PASSED] - Text of object 'Object Repository/Product details/span_selectedColor' is: 'BLACK'

2022-01-16 00:25:52 - [MESSAGE][PASSED] - Object 'Object Repository/Product details/i_favorite' is NOT visible

2022-01-16 00:25:53 - [MESSAGE][PASSED] - Object 'Object Repository/Product details/button_addToCart' is NOT visible

2022-01-16 00:25:53 - [TEST_STEP][PASSED] - ProductDetailsHelpers.hoverEffectAndClickXLargeSizeLink(): Get CSS 'background-color' value on 'Object Repository/Product details/button_addToCart' successfully: 'rgb(82, 36, 127)'.

2022-01-16 00:25:53 - [MESSAGE][PASSED] - Object: 'Object Repository/Product details/a_xLargeLink' is hovered

2022-01-16 00:25:53 - [MESSAGE][PASSED] - Get CSS 'background-color' value on 'Object Repository/Product details/a_xLargeLink' successfully: 'rgb(119, 120, 123)'.

2022-01-16 00:25:54 - [MESSAGE][PASSED] - Get CSS 'color' value on 'Object Repository/Product details/a_xLargeLink' successfully: 'rgb(255, 255, 255)'.

2022-01-16 00:25:54 - [MESSAGE][PASSED] - Object: 'Object Repository/Product details/a_xLargeLink' is clicked on

2022-01-16 00:25:55 - [MESSAGE][PASSED] - Object 'Object Repository/Product details/h1_productName' is present

2022-01-16 00:25:56 - [MESSAGE][PASSED] - Text of object 'Object Repository/Product details/h1_productName' is: 'X-LARGE COMFORTER BAG W/NON-WOVEN SIDES - 26" X 29" X 10" - 12/PACK - BLACK'

2022-01-16 00:25:56 - [MESSAGE][PASSED] - Attribute 'class' of object '' is: 'xlarge option-box selected'

2022-01-16 00:25:56 - [MESSAGE][PASSED] - Get CSS 'background-color' value on '' successfully: 'rgb(65, 64, 66)'.

2022-01-16 00:25:57 - [MESSAGE][PASSED] - Get CSS 'color' value on '' successfully: 'rgb(255, 255, 255)'.

2022-01-16 00:25:57 - [MESSAGE][PASSED] - Text of object 'Object Repository/Product details/div_stockNotifcations' is: 'In Stock!'

2022-01-16 00:25:57 - [MESSAGE][PASSED] - Get CSS 'color' value on 'Object Repository/Product details/div_stockNotifcations' successfully: 'rgb(0, 137, 63)'.

2022-01-16 00:25:57 - [MESSAGE][PASSED] - Text of object 'Object Repository/Product details/span_skuNumber' is: 'COMF26BK'

2022-01-16 00:25:57 - [MESSAGE][PASSED] - Current window's url is: 'https://www.cleanersupply.com/Bags/Plastic-Bags/Comforter/comforterblanket-bags-12pack/?sku=COMF26BK'

2022-01-16 00:25:58 - [MESSAGE][PASSED] - Text of object 'Object Repository/Product details/span_productSpecSize' is: '26" L x 29" H x 10" W'

2022-01-16 00:25:58 - [MESSAGE][PASSED] - Keys 'BACK_SPACE + 5' sent to object: 'Object Repository/Product details/input_productQuantity'

2022-01-16 00:25:58 - [MESSAGE][PASSED] - Attribute 'value' of object 'Object Repository/Product details/input_productQuantity' is: '5'

2022-01-16 00:25:59 - [MESSAGE][PASSED] - Text of object 'Object Repository/Product details/span_productPrice' is: '$14.88'

2022-01-16 00:26:00 - [MESSAGE][PASSED] - Object 'Object Repository/Product details/i_favorite' is visible

2022-01-16 00:26:00 - [MESSAGE][PASSED] - Object 'Object Repository/Product details/button_addToCart' is visible

2022-01-16 00:26:01 - [MESSAGE][PASSED] - Get CSS 'background-color' value on 'Object Repository/Product details/button_addToCart' successfully: 'rgb(82, 36, 127)'.

2022-01-16 00:26:01 - [TEST_STEP][PASSED] - ProductDetailsHelpers.selectGreenColor(): Current window's url is: 'https://www.cleanersupply.com/Bags/Plastic-Bags/Comforter/comforterblanket-bags-12pack/?sku=COMF26GN'

2022-01-16 00:26:01 - [MESSAGE][PASSED] - Object: 'Object Repository/Product details/a_greenColor' is clicked on

2022-01-16 00:26:02 - [MESSAGE][PASSED] - Object 'Object Repository/Product details/a_greenColor' is present

2022-01-16 00:26:03 - [MESSAGE][PASSED] - Attribute 'class' of object 'Object Repository/Product details/a_greenColor' is: 'option-box selected'

2022-01-16 00:26:03 - [MESSAGE][PASSED] - Text of object 'Object Repository/Product details/span_selectedColor' is: 'GREEN'

2022-01-16 00:26:03 - [MESSAGE][PASSED] - Object 'Object Repository/Product details/h1_productName' is present

2022-01-16 00:26:04 - [MESSAGE][PASSED] - Text of object 'Object Repository/Product details/h1_productName' is: 'X-LARGE COMFORTER BAG W/NON-WOVEN SIDES - 26" X 29" X 10" - 12/PACK - GREEN'

2022-01-16 00:26:04 - [MESSAGE][PASSED] - Text of object 'Object Repository/Product details/span_skuNumber' is: 'COMF26GN'

2022-01-16 00:26:04 - [MESSAGE][PASSED] - Current window's url is: 'https://www.cleanersupply.com/Bags/Plastic-Bags/Comforter/comforterblanket-bags-12pack/?sku=COMF26GN'

2022-01-16 00:26:04 - [TEST_STEP][PASSED] - ProductDetailsHelpers.addProductToCart(): Object: 'Object Repository/Product details/button_addToCart' is clicked on

2022-01-16 00:26:04 - [MESSAGE][PASSED] - Object: 'Object Repository/Product details/div_addToCartContainer' is hovered

2022-01-16 00:26:05 - [MESSAGE][PASSED] - Get CSS 'box-shadow' value on 'Object Repository/Product details/div_addToCartContainer' successfully: 'rgba(0, 0, 0, 0.3) 0px 0px 10px 2px'.

2022-01-16 00:26:05 - [MESSAGE][PASSED] - Text of object 'Object Repository/Product details/h1_productName' is: 'X-LARGE COMFORTER BAG W/NON-WOVEN SIDES - 26" X 29" X 10" - 12/PACK - GREEN'

2022-01-16 00:26:05 - [MESSAGE][PASSED] - Attribute 'value' of object 'Object Repository/Product details/input_productQuantity' is: '5'

2022-01-16 00:26:06 - [MESSAGE][PASSED] - Text of object 'Object Repository/Product details/span_skuNumber' is: 'COMF26GN'

2022-01-16 00:26:06 - [MESSAGE][PASSED] - Text of object 'Object Repository/Product details/span_productPrice' is: '$14.52'

2022-01-16 00:26:07 - [MESSAGE][PASSED] - Object: 'Object Repository/Product details/button_addToCart' is clicked on

2022-01-16 00:26:07 - [TEST_STEP][PASSED] - MiniCartHelpers.hoverOnMiniCartHeader(): Text of object 'Object Repository/Mini Cart/span_cartCounterPadge' is: '1'

2022-01-16 00:26:08 - [MESSAGE][PASSED] - Object: 'Object Repository/Mini Cart/a_miniCartLink' is hovered

2022-01-16 00:26:09 - [MESSAGE][PASSED] - Get CSS 'background-color' value on 'Object Repository/Mini Cart/a_miniCartLink' successfully: 'rgb(255, 255, 255)'.

2022-01-16 00:26:09 - [MESSAGE][PASSED] - Get CSS 'color' value on 'Object Repository/Mini Cart/a_miniCartLink' successfully: 'rgb(82, 36, 127)'.

2022-01-16 00:26:10 - [MESSAGE][PASSED] - Text of object 'Object Repository/Mini Cart/span_miniCartSubTotal' is: '$72.60'

2022-01-16 00:26:11 - [MESSAGE][PASSED] - Text of object 'Object Repository/Mini Cart/span_cartCounterPadge' is: '1'

2022-01-16 00:26:12 - [TEST_STEP][PASSED] - ProductDetailsHelpers.hoverEffectAndClickLargeSizeLink(): Get CSS 'background-color' value on 'Object Repository/Product details/button_addToCart' successfully: 'rgb(82, 36, 127)'.

2022-01-16 00:26:12 - [MESSAGE][PASSED] - Object: 'Object Repository/Product details/a_largeLink' is hovered

2022-01-16 00:26:13 - [MESSAGE][PASSED] - Object: 'Object Repository/Product details/a_largeLink' is clicked on

2022-01-16 00:26:14 - [MESSAGE][PASSED] - Attribute 'class' of object '' is: 'xlarge option-box selected'

2022-01-16 00:26:14 - [MESSAGE][PASSED] - Get CSS 'background-color' value on '' successfully: 'rgb(65, 64, 66)'.

2022-01-16 00:26:14 - [MESSAGE][PASSED] - Get CSS 'color' value on '' successfully: 'rgb(255, 255, 255)'.

2022-01-16 00:26:15 - [MESSAGE][PASSED] - Object 'Object Repository/Product details/h1_productName' is present

2022-01-16 00:26:15 - [MESSAGE][PASSED] - Text of object 'Object Repository/Product details/h1_productName' is: 'LARGE COMFORTER BAG W/NON-WOVEN SIDES - 24" X 27" X 8" - 12/PACK - GREEN'

2022-01-16 00:26:15 - [MESSAGE][PASSED] - Text of object 'Object Repository/Product details/span_skuNumber' is: 'COMF24GN'

2022-01-16 00:26:15 - [MESSAGE][PASSED] - Current window's url is: 'https://www.cleanersupply.com/Bags/Plastic-Bags/Comforter/comforterblanket-bags-12pack/?sku=COMF24GN'

2022-01-16 00:26:15 - [MESSAGE][PASSED] - Text of object 'Object Repository/Product details/span_productSpecSize' is: '24" L x 27" H x 8" W'

2022-01-16 00:26:16 - [MESSAGE][PASSED] - Keys 'BACK_SPACE + 4' sent to object: 'Object Repository/Product details/input_productQuantity'

2022-01-16 00:26:17 - [MESSAGE][PASSED] - Attribute 'value' of object 'Object Repository/Product details/input_productQuantity' is: '4'

2022-01-16 00:26:17 - [MESSAGE][PASSED] - Text of object 'Object Repository/Product details/span_productPrice' is: '$13.56'

2022-01-16 00:26:18 - [MESSAGE][PASSED] - Object 'Object Repository/Product details/i_favorite' is visible

2022-01-16 00:26:18 - [MESSAGE][PASSED] - Object 'Object Repository/Product details/button_addToCart' is visible

2022-01-16 00:26:19 - [MESSAGE][PASSED] - Get CSS 'background-color' value on 'Object Repository/Product details/button_addToCart' successfully: 'rgb(82, 36, 127)'.

2022-01-16 00:26:19 - [TEST_STEP][PASSED] - ProductDetailsHelpers.selectRoyalBlueColor(): Current window's url is: 'https://www.cleanersupply.com/Bags/Plastic-Bags/Comforter/comforterblanket-bags-12pack/?sku=COMF24RO'

2022-01-16 00:26:19 - [MESSAGE][PASSED] - Object: 'Object Repository/Product details/a_royalBlueColor' is clicked on

2022-01-16 00:26:21 - [MESSAGE][PASSED] - Object 'Object Repository/Product details/a_royalBlueColor' is present

2022-01-16 00:26:21 - [MESSAGE][PASSED] - Attribute 'class' of object 'Object Repository/Product details/a_royalBlueColor' is: 'option-box selected'

2022-01-16 00:26:21 - [MESSAGE][PASSED] - Text of object 'Object Repository/Product details/span_selectedColor' is: 'ROYAL BLUE'

2022-01-16 00:26:21 - [MESSAGE][PASSED] - Object 'Object Repository/Product details/h1_productName' is present

2022-01-16 00:26:22 - [MESSAGE][PASSED] - Text of object 'Object Repository/Product details/h1_productName' is: 'LARGE COMFORTER BAG W/NON-WOVEN SIDES - 24" X 27" X 8" - 12/PACK - ROYAL BLUE'

2022-01-16 00:26:22 - [MESSAGE][PASSED] - Text of object 'Object Repository/Product details/span_skuNumber' is: 'COMF24RO'

2022-01-16 00:26:22 - [MESSAGE][PASSED] - Current window's url is: 'https://www.cleanersupply.com/Bags/Plastic-Bags/Comforter/comforterblanket-bags-12pack/?sku=COMF24RO'

2022-01-16 00:26:22 - [TEST_STEP][PASSED] - ProductDetailsHelpers.addProductToCart(): Object: 'Object Repository/Product details/button_addToCart' is clicked on

2022-01-16 00:26:23 - [MESSAGE][PASSED] - Object: 'Object Repository/Product details/div_addToCartContainer' is hovered

2022-01-16 00:26:23 - [MESSAGE][PASSED] - Get CSS 'box-shadow' value on 'Object Repository/Product details/div_addToCartContainer' successfully: 'rgba(0, 0, 0, 0.3) 0px 0px 10px 2px'.

2022-01-16 00:26:24 - [MESSAGE][PASSED] - Text of object 'Object Repository/Product details/h1_productName' is: 'LARGE COMFORTER BAG W/NON-WOVEN SIDES - 24" X 27" X 8" - 12/PACK - ROYAL BLUE'

2022-01-16 00:26:24 - [MESSAGE][PASSED] - Attribute 'value' of object 'Object Repository/Product details/input_productQuantity' is: '4'

2022-01-16 00:26:24 - [MESSAGE][PASSED] - Text of object 'Object Repository/Product details/span_skuNumber' is: 'COMF24RO'

2022-01-16 00:26:24 - [MESSAGE][PASSED] - Text of object 'Object Repository/Product details/span_productPrice' is: '$12.72'

2022-01-16 00:26:25 - [MESSAGE][PASSED] - Object: 'Object Repository/Product details/button_addToCart' is clicked on

2022-01-16 00:26:25 - [TEST_STEP][PASSED] - MiniCartHelpers.hoverOnMiniCartHeader(): Text of object 'Object Repository/Mini Cart/span_cartCounterPadge' is: '2'

2022-01-16 00:26:26 - [MESSAGE][PASSED] - Object: 'Object Repository/Mini Cart/a_miniCartLink' is hovered

2022-01-16 00:26:27 - [MESSAGE][PASSED] - Get CSS 'background-color' value on 'Object Repository/Mini Cart/a_miniCartLink' successfully: 'rgb(255, 255, 255)'.

2022-01-16 00:26:27 - [MESSAGE][PASSED] - Get CSS 'color' value on 'Object Repository/Mini Cart/a_miniCartLink' successfully: 'rgb(82, 36, 127)'.

2022-01-16 00:26:29 - [MESSAGE][PASSED] - Text of object 'Object Repository/Mini Cart/span_miniCartSubTotal' is: '$123.48'

2022-01-16 00:26:29 - [MESSAGE][PASSED] - Text of object 'Object Repository/Mini Cart/span_cartCounterPadge' is: '2'

2022-01-16 00:26:30 - [TEST_STEP][PASSED] - MiniCartActions.navigateToCartPage(): Object: 'Object Repository/Mini Cart/a_miniCartLink' is clicked on

2022-01-16 00:26:33 - [MESSAGE][PASSED] - Object: 'Object Repository/Mini Cart/a_miniCartLink' is clicked on

2022-01-16 00:26:33 - [TEST_STEP][PASSED] - ShoppingCartHelpers.navigateToCartPage(): Text of object 'Object Repository/Shopping Cart/td_summaryTotalSubTotal' is: '$123.48'

2022-01-16 00:26:36 - [MESSAGE][PASSED] - Text of object 'Object Repository/Mini Cart/span_cartCounterPadge' is: '2'

2022-01-16 00:26:37 - [MESSAGE][PASSED] - Text of object 'Object Repository/Shopping Cart/td_summaryTableItemCount' is: 'SUBTOTAL (2 ITEMS)'

2022-01-16 00:26:38 - [MESSAGE][PASSED] - Text of object 'Object Repository/Shopping Cart/td_summaryTableTotal' is: '$123.48'

2022-01-16 00:26:38 - [MESSAGE][PASSED] - Text of object 'Object Repository/Shopping Cart/td_summaryTotalSubTotal' is: '$123.48'

2022-01-16 00:26:39 - [TEST_STEP][PASSED] - ShoppingCartHelpers.updateQuantities(): Text of object 'Object Repository/Shopping Cart/td_summaryTotalSubTotal' is: '$108.96'

2022-01-16 00:26:41 - [MESSAGE][PASSED] - Attribute 'value' of object '' is: '4'

2022-01-16 00:26:41 - [MESSAGE][PASSED] - Attribute 'value' of object '' is: '4'

2022-01-16 00:26:42 - [MESSAGE][PASSED] - Object: 'Object Repository/Shopping Cart/td_summaryTableItemCount' is clicked on

2022-01-16 00:26:44 - [MESSAGE][PASSED] - Text of object 'Object Repository/Shopping Cart/td_summaryTableTotal' is: '$108.96'

2022-01-16 00:26:44 - [MESSAGE][PASSED] - Text of object 'Object Repository/Shopping Cart/td_summaryTotalSubTotal' is: '$108.96'

2022-01-16 00:26:44 - [TEST_STEP][PASSED] - ShoppingCartHelpers.navigateToCheckoutPage(): Object: 'Object Repository/Shopping Cart/button_proceedToCheckout' is clicked on

2022-01-16 00:26:45 - [MESSAGE][PASSED] - Object: 'Object Repository/Shopping Cart/a_shoppingCartProductTitle' is hovered

2022-01-16 00:26:45 - [MESSAGE][PASSED] - Get CSS 'background-color' value on 'Object Repository/Shopping Cart/button_proceedToCheckout' successfully: 'rgb(82, 36, 127)'.

2022-01-16 00:26:45 - [MESSAGE][PASSED] - Get CSS 'color' value on 'Object Repository/Shopping Cart/button_proceedToCheckout' successfully: 'rgb(255, 255, 255)'.

2022-01-16 00:26:46 - [MESSAGE][PASSED] - Object: 'Object Repository/Shopping Cart/button_proceedToCheckout' is hovered

2022-01-16 00:26:46 - [MESSAGE][PASSED] - Get CSS 'box-shadow' value on 'Object Repository/Shopping Cart/button_proceedToCheckout' successfully: 'rgba(0, 0, 0, 0.3) 0px 0px 10px 2px'.

2022-01-16 00:26:47 - [MESSAGE][PASSED] - Object: 'Object Repository/Shopping Cart/button_proceedToCheckout' is clicked on

2022-01-16 00:26:47 - [TEST_STEP][PASSED] - CheckoutPageHelpers.initCheckoutPage(): Unable to find the element located by 'By.xpath: '. Please recheck the objects properties to make sure the desired element is located. 

2022-01-16 00:26:50 - [MESSAGE][PASSED] - Text of object 'Object Repository/CheckOut/span_checkoutTitleTotal' is: '$108.96'

2022-01-16 00:26:50 - [MESSAGE][PASSED] - Text of object 'Object Repository/CheckOut/td_summaryTableTotal' is: '$108.96'

2022-01-16 00:26:50 - [MESSAGE][PASSED] - Text of object 'Object Repository/CheckOut/td_summaryTotalSubTotal' is: '$108.96'

2022-01-16 00:26:51 - [MESSAGE][PASSED] - Text of object 'Object Repository/CheckOut/label_checkoutAsGuest' is: 'Checkout as Guest'

2022-01-16 00:26:51 - [MESSAGE][PASSED] - Object 'Object Repository/CheckOut/input_checkoutAsGuestRadioButton' is checked

2022-01-16 00:26:53 - [MESSAGE][INFO] - Unable to find the element located by 'By.cssSelector: table.product-table tbody tr td.product-table__price'. Please recheck the objects properties to make sure the desired element is located. 

2022-01-16 00:26:53 - [MESSAGE][WARNING] - [SELF-HEALING] Failed to find element with id 'Object Repository/Shopping Cart/td_shoppingCartProductPrice'. Try using Self-healing.

2022-01-16 00:26:53 - [MESSAGE][WARNING] - [SELF-HEALING] Cannot find elements when the XPath is null.

2022-01-16 00:26:54 - [MESSAGE][INFO] - Unable to find the element located by 'By.xpath: '. Please recheck the objects properties to make sure the desired element is located. 

2022-01-16 00:26:57 - [MESSAGE][INFO] - Unable to find the element located by 'By.cssSelector: table.product-table tbody tr td.product-table__quantity input[name="quantity"]'. Please recheck the objects properties to make sure the desired element is located. 

2022-01-16 00:26:57 - [MESSAGE][WARNING] - [SELF-HEALING] Failed to find element with id 'Object Repository/Shopping Cart/input_shoppingCartProductQuantity'. Try using Self-healing.

2022-01-16 00:26:57 - [MESSAGE][WARNING] - [SELF-HEALING] Cannot find elements when the XPath is null.

2022-01-16 00:26:58 - [MESSAGE][INFO] - Unable to find the element located by 'By.xpath: '. Please recheck the objects properties to make sure the desired element is located. 

2022-01-16 00:27:00 - [MESSAGE][INFO] - Unable to find the element located by 'By.cssSelector: table.product-table tbody tr td.product-table__total'. Please recheck the objects properties to make sure the desired element is located. 

2022-01-16 00:27:00 - [MESSAGE][WARNING] - [SELF-HEALING] Failed to find element with id 'Object Repository/Shopping Cart/td_shoppingCartProductTotal'. Try using Self-healing.

2022-01-16 00:27:00 - [MESSAGE][WARNING] - [SELF-HEALING] Cannot find elements when the XPath is null.

2022-01-16 00:27:01 - [MESSAGE][INFO] - Unable to find the element located by 'By.xpath: '. Please recheck the objects properties to make sure the desired element is located. 

2022-01-16 00:27:03 - [TEST_STEP][PASSED] - CheckoutPageHelpers.navigateToCheckoutInformationForm(): Object: 'Object Repository/CheckOut/button_continueButton' is clicked on

2022-01-16 00:27:05 - [MESSAGE][PASSED] - Object: 'Object Repository/CheckOut/button_continueButton' is clicked on

2022-01-16 00:27:05 - [TEST_STEP][PASSED] - checkOutFormHelper.fillCheckOutForm(): Object: 'Object Repository/CheckOutForm/a_reviewOrder' is clicked on

2022-01-16 00:27:05 - [MESSAGE][PASSED] - Current window's title is: 'Checkout - Cleaner's Supply'

2022-01-16 00:27:05 - [MESSAGE][PASSED] - Current window's url is: 'https://www.cleanersupply.com/checkout/'

2022-01-16 00:27:07 - [MESSAGE][PASSED] - Text of object 'Object Repository/CheckOutForm/h1_checkOutHeader' is: 'CHECKOUT'

2022-01-16 00:27:07 - [MESSAGE][PASSED] - Object: 'Object Repository/CheckOutForm/input_company' is focused

2022-01-16 00:27:07 - [MESSAGE][PASSED] - Get CSS 'box-shadow' value on 'Object Repository/CheckOutForm/input_company' successfully: 'rgb(99, 99, 99) 0px -3px 0px 0px inset'.

2022-01-16 00:27:07 - [MESSAGE][PASSED] - Actual object 'rgb(99, 99, 99) 0px -3px 0px 0px inset' and expected object 'rgb(99, 99, 99) 0px -3px 0px 0px inset' are equal

2022-01-16 00:27:08 - [MESSAGE][PASSED] - Text 'testCompany' is set on object 'Object Repository/CheckOutForm/input_company'

2022-01-16 00:27:09 - [MESSAGE][PASSED] - Object: 'Object Repository/CheckOutForm/input_fname' is focused

2022-01-16 00:27:09 - [MESSAGE][PASSED] - Get CSS 'box-shadow' value on 'Object Repository/CheckOutForm/input_fname' successfully: 'rgb(99, 99, 99) 0px -3px 0px 0px inset'.

2022-01-16 00:27:09 - [MESSAGE][PASSED] - Actual object 'rgb(99, 99, 99) 0px -3px 0px 0px inset' and expected object 'rgb(99, 99, 99) 0px -3px 0px 0px inset' are equal

2022-01-16 00:27:09 - [MESSAGE][PASSED] - Text 'FNameTest' is set on object 'Object Repository/CheckOutForm/input_fname'

2022-01-16 00:27:10 - [MESSAGE][PASSED] - Object: 'Object Repository/CheckOutForm/input_lNAme' is focused

2022-01-16 00:27:10 - [MESSAGE][PASSED] - Get CSS 'box-shadow' value on 'Object Repository/CheckOutForm/input_lNAme' successfully: 'rgb(99, 99, 99) 0px -3px 0px 0px inset'.

2022-01-16 00:27:10 - [MESSAGE][PASSED] - Actual object 'rgb(99, 99, 99) 0px -3px 0px 0px inset' and expected object 'rgb(99, 99, 99) 0px -3px 0px 0px inset' are equal

2022-01-16 00:27:11 - [MESSAGE][PASSED] - Text 'lnameValueTest' is set on object 'Object Repository/CheckOutForm/input_lNAme'

2022-01-16 00:27:11 - [MESSAGE][PASSED] - Object: 'Object Repository/CheckOutForm/input_address' is focused

2022-01-16 00:27:12 - [MESSAGE][PASSED] - Get CSS 'box-shadow' value on 'Object Repository/CheckOutForm/input_address' successfully: 'rgb(99, 99, 99) 0px -3px 0px 0px inset'.

2022-01-16 00:27:12 - [MESSAGE][PASSED] - Actual object 'rgb(99, 99, 99) 0px -3px 0px 0px inset' and expected object 'rgb(99, 99, 99) 0px -3px 0px 0px inset' are equal

2022-01-16 00:27:13 - [MESSAGE][PASSED] - Text 'addres1Test' is set on object 'Object Repository/CheckOutForm/input_address'

2022-01-16 00:27:13 - [MESSAGE][PASSED] - Object: 'Object Repository/CheckOutForm/input_address2' is focused

2022-01-16 00:27:14 - [MESSAGE][PASSED] - Get CSS 'box-shadow' value on 'Object Repository/CheckOutForm/input_address2' successfully: 'rgb(99, 99, 99) 0px -3px 0px 0px inset'.

2022-01-16 00:27:14 - [MESSAGE][PASSED] - Actual object 'rgb(99, 99, 99) 0px -3px 0px 0px inset' and expected object 'rgb(99, 99, 99) 0px -3px 0px 0px inset' are equal

2022-01-16 00:27:14 - [MESSAGE][PASSED] - Text 'address2 test' is set on object 'Object Repository/CheckOutForm/input_address2'

2022-01-16 00:27:15 - [MESSAGE][PASSED] - Object: 'Object Repository/CheckOutForm/input_zipCode' is focused

2022-01-16 00:27:15 - [MESSAGE][PASSED] - Get CSS 'box-shadow' value on 'Object Repository/CheckOutForm/input_zipCode' successfully: 'rgb(99, 99, 99) 0px -3px 0px 0px inset'.

2022-01-16 00:27:15 - [MESSAGE][PASSED] - Actual object 'rgb(99, 99, 99) 0px -3px 0px 0px inset' and expected object 'rgb(99, 99, 99) 0px -3px 0px 0px inset' are equal

2022-01-16 00:27:16 - [MESSAGE][PASSED] - Text '55555' is set on object 'Object Repository/CheckOutForm/input_zipCode'

2022-01-16 00:27:17 - [MESSAGE][PASSED] - Object: 'Object Repository/CheckOutForm/input_city' is focused

2022-01-16 00:27:17 - [MESSAGE][PASSED] - Get CSS 'box-shadow' value on 'Object Repository/CheckOutForm/input_city' successfully: 'rgb(99, 99, 99) 0px -3px 0px 0px inset'.

2022-01-16 00:27:17 - [MESSAGE][PASSED] - Actual object 'rgb(99, 99, 99) 0px -3px 0px 0px inset' and expected object 'rgb(99, 99, 99) 0px -3px 0px 0px inset' are equal

2022-01-16 00:27:18 - [MESSAGE][PASSED] - Text 'Palestine' is set on object 'Object Repository/CheckOutForm/input_city'

2022-01-16 00:27:18 - [MESSAGE][PASSED] - Object: 'Object Repository/CheckOutForm/input_phoneNum' is focused

2022-01-16 00:27:19 - [MESSAGE][PASSED] - Get CSS 'box-shadow' value on 'Object Repository/CheckOutForm/input_phoneNum' successfully: 'rgb(99, 99, 99) 0px -3px 0px 0px inset'.

2022-01-16 00:27:19 - [MESSAGE][PASSED] - Actual object 'rgb(99, 99, 99) 0px -3px 0px 0px inset' and expected object 'rgb(99, 99, 99) 0px -3px 0px 0px inset' are equal

2022-01-16 00:27:19 - [MESSAGE][PASSED] - Text '541-143-1030' is set on object 'Object Repository/CheckOutForm/input_phoneNum'

2022-01-16 00:27:20 - [MESSAGE][PASSED] - Object: 'Object Repository/CheckOutForm/input_phoneExt' is focused

2022-01-16 00:27:21 - [MESSAGE][PASSED] - Get CSS 'box-shadow' value on 'Object Repository/CheckOutForm/input_phoneExt' successfully: 'rgb(99, 99, 99) 0px -3px 0px 0px inset'.

2022-01-16 00:27:21 - [MESSAGE][PASSED] - Actual object 'rgb(99, 99, 99) 0px -3px 0px 0px inset' and expected object 'rgb(99, 99, 99) 0px -3px 0px 0px inset' are equal

2022-01-16 00:27:21 - [MESSAGE][PASSED] - Text '1' is set on object 'Object Repository/CheckOutForm/input_phoneExt'

2022-01-16 00:27:22 - [MESSAGE][PASSED] - Object: 'Object Repository/CheckOutForm/input_phoneExt' is focused

2022-01-16 00:27:22 - [MESSAGE][PASSED] - Get CSS 'box-shadow' value on 'Object Repository/CheckOutForm/input_phoneExt' successfully: 'rgb(99, 99, 99) 0px -3px 0px 0px inset'.

2022-01-16 00:27:22 - [MESSAGE][PASSED] - Actual object 'rgb(99, 99, 99) 0px -3px 0px 0px inset' and expected object 'rgb(99, 99, 99) 0px -3px 0px 0px inset' are equal

2022-01-16 00:27:23 - [MESSAGE][PASSED] - Text '1' is set on object 'Object Repository/CheckOutForm/input_phoneExt'

2022-01-16 00:27:23 - [MESSAGE][PASSED] - Object: 'Object Repository/CheckOutForm/input_email' is focused

2022-01-16 00:27:23 - [MESSAGE][PASSED] - Get CSS 'box-shadow' value on 'Object Repository/CheckOutForm/input_email' successfully: 'rgb(99, 99, 99) 0px -3px 0px 0px inset'.

2022-01-16 00:27:23 - [MESSAGE][PASSED] - Actual object 'rgb(99, 99, 99) 0px -3px 0px 0px inset' and expected object 'rgb(99, 99, 99) 0px -3px 0px 0px inset' are equal

2022-01-16 00:27:24 - [MESSAGE][PASSED] - Text 'test@test.com' is set on object 'Object Repository/CheckOutForm/input_email'

2022-01-16 00:27:25 - [MESSAGE][PASSED] - Object: 'Object Repository/CheckOutForm/button_state' is clicked on

2022-01-16 00:27:25 - [MESSAGE][PASSED] - Object 'Object Repository/CheckOutForm/button_state' has attribute 'aria-expanded' with value 'true'

2022-01-16 00:27:25 - [MESSAGE][PASSED] - Object: 'Object Repository/CheckOutForm/a_state' is clicked on

2022-01-16 00:27:27 - [MESSAGE][PASSED] - Text of object 'Object Repository/CheckOutForm/span_selectedState' is: 'Arizona'

2022-01-16 00:27:28 - [MESSAGE][PASSED] - Object: 'Object Repository/CheckOutForm/input_creditCardName' is focused

2022-01-16 00:27:28 - [MESSAGE][PASSED] - Get CSS 'box-shadow' value on 'Object Repository/CheckOutForm/input_creditCardName' successfully: 'rgb(99, 99, 99) 0px -3px 0px 0px inset'.

2022-01-16 00:27:28 - [MESSAGE][PASSED] - Actual object 'rgb(99, 99, 99) 0px -3px 0px 0px inset' and expected object 'rgb(99, 99, 99) 0px -3px 0px 0px inset' are equal

2022-01-16 00:27:28 - [MESSAGE][PASSED] - Text 'Razan' is set on object 'Object Repository/CheckOutForm/input_creditCardName'

2022-01-16 00:27:29 - [MESSAGE][PASSED] - Object: 'Object Repository/CheckOutForm/input_cardNumber' is focused

2022-01-16 00:27:29 - [MESSAGE][PASSED] - Get CSS 'box-shadow' value on 'Object Repository/CheckOutForm/input_cardNumber' successfully: 'rgb(99, 99, 99) 0px -3px 0px 0px inset'.

2022-01-16 00:27:29 - [MESSAGE][PASSED] - Actual object 'rgb(99, 99, 99) 0px -3px 0px 0px inset' and expected object 'rgb(99, 99, 99) 0px -3px 0px 0px inset' are equal

2022-01-16 00:27:30 - [MESSAGE][PASSED] - Text '379936489179273' is set on object 'Object Repository/CheckOutForm/input_cardNumber'

2022-01-16 00:27:30 - [MESSAGE][PASSED] - Object: 'Object Repository/CheckOutForm/input_cvv' is focused

2022-01-16 00:27:30 - [MESSAGE][PASSED] - Get CSS 'box-shadow' value on 'Object Repository/CheckOutForm/input_cvv' successfully: 'rgb(99, 99, 99) 0px -3px 0px 0px inset'.

2022-01-16 00:27:30 - [MESSAGE][PASSED] - Actual object 'rgb(99, 99, 99) 0px -3px 0px 0px inset' and expected object 'rgb(99, 99, 99) 0px -3px 0px 0px inset' are equal

2022-01-16 00:27:31 - [MESSAGE][PASSED] - Text '2222' is set on object 'Object Repository/CheckOutForm/input_cvv'

2022-01-16 00:27:32 - [MESSAGE][PASSED] - Object: 'Object Repository/CheckOutForm/button_expirationDate' is clicked on

2022-01-16 00:27:33 - [MESSAGE][PASSED] - Object: 'Object Repository/CheckOutForm/button_expirationYear' is clicked on

2022-01-16 00:27:34 - [MESSAGE][PASSED] - Object: 'Object Repository/CheckOutForm/input_PO' is focused

2022-01-16 00:27:34 - [MESSAGE][PASSED] - Get CSS 'box-shadow' value on 'Object Repository/CheckOutForm/input_PO' successfully: 'rgb(99, 99, 99) 0px -3px 0px 0px inset'.

2022-01-16 00:27:34 - [MESSAGE][PASSED] - Actual object 'rgb(99, 99, 99) 0px -3px 0px 0px inset' and expected object 'rgb(99, 99, 99) 0px -3px 0px 0px inset' are equal

2022-01-16 00:27:35 - [MESSAGE][PASSED] - Text 'test1155' is set on object 'Object Repository/CheckOutForm/input_PO'

2022-01-16 00:27:35 - [MESSAGE][PASSED] - Text 'test comment' is set on object 'Object Repository/CheckOutForm/input_comments'

2022-01-16 00:27:36 - [MESSAGE][PASSED] - Object: 'Object Repository/CheckOutForm/a_reviewOrder' is clicked on

2022-01-16 00:27:36 - [TEST_STEP][PASSED] - CheckoutPageValidation.verifyNavigationToCheckoutDetails(): Text of object 'Object Repository/CheckOut Details/h1_checkoutHeader' is: 'CHECKOUT'

2022-01-16 00:27:36 - [MESSAGE][PASSED] - Current window's title is: 'Checkout - Cleaner's Supply'

2022-01-16 00:27:36 - [MESSAGE][PASSED] - Current window's url is: 'https://www.cleanersupply.com/checkout/'

2022-01-16 00:27:37 - [MESSAGE][PASSED] - Text of object 'Object Repository/CheckOut Details/h1_checkoutHeader' is: 'CHECKOUT'

2022-01-16 00:27:37 - [TEST_STEP][PASSED] - CheckoutPageHelpers.ShippingAddressDiv(): Text of object 'Object Repository/CheckOut Details/h2_shippingAddrDivHeader' is: 'SHIPPING ADDRESS'

2022-01-16 00:27:38 - [MESSAGE][PASSED] - Scroll to object 'Object Repository/CheckOut Details/div_shippingAddr' successfully

2022-01-16 00:27:38 - [MESSAGE][PASSED] - Object 'Object Repository/CheckOut Details/div_shippingAddr' is visible

2022-01-16 00:27:38 - [MESSAGE][PASSED] - Get CSS 'background-color' value on 'Object Repository/CheckOut Details/div_shippingAddr' successfully: 'rgb(241, 242, 242)'.

2022-01-16 00:27:39 - [MESSAGE][PASSED] - Object 'Object Repository/CheckOut Details/h2_shippingAddrDivHeader' is visible

2022-01-16 00:27:39 - [MESSAGE][PASSED] - Text of object 'Object Repository/CheckOut Details/h2_shippingAddrDivHeader' is: 'SHIPPING ADDRESS'

2022-01-16 00:27:39 - [TEST_STEP][PASSED] - CheckoutPageHelpers.verifyShippingDetailsInCeckout(): Text of object 'Object Repository/CheckOut Details/span_shippingAddressDetails' is: 'testCompany
FNameTest lnameValueTest
addres1Test
address2 test
Palestine, AZ 55555
541-143-1030 x1
United States'

2022-01-16 00:27:39 - [MESSAGE][PASSED] - Text of object 'Object Repository/CheckOut Details/span_shippingAddressDetails' is: 'testCompany
FNameTest lnameValueTest
addres1Test
address2 test
Palestine, AZ 55555
541-143-1030 x1
United States'

2022-01-16 00:27:39 - [TEST_STEP][PASSED] - CheckoutPageHelpers.standardShippingAddress(): Object: 'Object Repository/CheckOut Details/a_shippingOptionLink' is clicked on

2022-01-16 00:27:39 - [MESSAGE][PASSED] - Object 'Object Repository/CheckOut Details/dic_standardShiping' is visible

2022-01-16 00:27:40 - [MESSAGE][PASSED] - Get CSS 'background-color' value on 'Object Repository/CheckOut Details/dic_standardShiping' successfully: 'rgb(241, 242, 242)'.

2022-01-16 00:27:40 - [MESSAGE][PASSED] - Attribute 'class' of object 'Object Repository/CheckOut Details/a_shippingOptionLink' is: 'pull-right collapsed'

2022-01-16 00:27:40 - [MESSAGE][PASSED] - Object: 'Object Repository/CheckOut Details/a_shippingOptionLink' is clicked on

2022-01-16 00:27:41 - [MESSAGE][PASSED] - Attribute 'class' of object 'Object Repository/CheckOut Details/a_shippingOptionLink' is: 'pull-right'

2022-01-16 00:27:42 - [MESSAGE][PASSED] - Object: 'Object Repository/CheckOut Details/a_shippingOptionLink' is clicked on

2022-01-16 00:27:42 - [TEST_STEP][PASSED] - CheckoutPageHelpers.paymentMethodDiv(): Text of object 'Object Repository/CheckOut Details/h2_paymentMethodHeader' is: 'PAYMENT METHOD'

2022-01-16 00:27:42 - [MESSAGE][PASSED] - Object 'Object Repository/CheckOut Details/h2_paymentMethodHeader' is visible

2022-01-16 00:27:42 - [MESSAGE][PASSED] - Text of object 'Object Repository/CheckOut Details/h2_paymentMethodHeader' is: 'PAYMENT METHOD'

2022-01-16 00:27:42 - [TEST_STEP][PASSED] - CheckoutPageHelpers.verifyPaymentMethodDetails(): Attribute 'value' of object 'Object Repository/CheckOut Details/input_paymentMethodComment' is: 'test comment'

2022-01-16 00:27:43 - [MESSAGE][PASSED] - Text of object 'Object Repository/CheckOut Details/span_paymentMethodDetails' is: 'AmericanExpress **** 9273
Razan
Expires: 7/33'

2022-01-16 00:27:43 - [MESSAGE][PASSED] - Object 'Object Repository/CheckOut Details/div_PoNoDiv' is visible

2022-01-16 00:27:43 - [MESSAGE][PASSED] - Attribute 'value' of object 'Object Repository/CheckOut Details/input_paymentMethodPo' is: 'test1155'

2022-01-16 00:27:44 - [MESSAGE][PASSED] - Attribute 'value' of object 'Object Repository/CheckOut Details/input_paymentMethodComment' is: 'test comment'

2022-01-16 00:27:44 - [TEST_STEP][PASSED] - closeBrowser(): Browser is closed

2022-01-16 00:27:44 - [MESSAGE][PASSED] - Browser is closed

2022-01-16 00:27:44 - [TEST_STEP][PASSED] - Video: Video recording for test case 'Test Cases/Checkout Scenario/Product Details' .

2022-01-16 00:27:44 - [MESSAGE][INFO] - Video recording for test case 'Test Cases/Checkout Scenario/Product Details' .]]></system-out>
         <system-err><![CDATA[]]></system-err>
      </testcase>
      <testcase name="Test Cases/Checkout Scenario/Quick Order" time="118.55" classname="Test Cases/Checkout Scenario/Quick Order" status="PASSED">
         <system-out><![CDATA[2022-01-16 00:27:44 - [TEST_CASE][PASSED] - Test Cases/Checkout Scenario/Quick Order: Test Cases/Checkout Scenario/Quick Order

2022-01-16 00:27:45 - [TEST_STEP][PASSED] - GeneralHelpers.initScenario(): Current window's url is: 'https://www.cleanersupply.com/'

2022-01-16 00:27:45 - [MESSAGE][INFO] - Starting 'Firefox' driver

2022-01-16 00:27:45 - [MESSAGE][INFO] - Action delay is set to 0 milliseconds

2022-01-16 00:27:49 - [MESSAGE][PASSED] - Browser is opened with url: ''

2022-01-16 00:27:49 - [MESSAGE][PASSED] - Current window maximized

2022-01-16 00:27:59 - [MESSAGE][PASSED] - Navigate to 'https://www.cleanersupply.com/' successfully

2022-01-16 00:27:59 - [MESSAGE][PASSED] - Wait for page load successfully

2022-01-16 00:27:59 - [MESSAGE][PASSED] - Current window's title is: 'Cleaner's Supply - Dry Cleaning Supplies'

2022-01-16 00:27:59 - [MESSAGE][PASSED] - Current window's title is: 'Cleaner's Supply - Dry Cleaning Supplies'

2022-01-16 00:27:59 - [MESSAGE][PASSED] - Current window's url is: 'https://www.cleanersupply.com/'

2022-01-16 00:27:59 - [TEST_STEP][PASSED] - QuickOrderHelpers.navigationAndVerifyToQuickOrder(): Text of object 'Object Repository/Quick Order/span_quickOrderHeader' is: 'QUICK
ORDER'

2022-01-16 00:28:01 - [MESSAGE][PASSED] - Object 'Object Repository/Quick Order/a_quickOrder' is visible

2022-01-16 00:28:01 - [MESSAGE][PASSED] - Object: 'Object Repository/Quick Order/a_quickOrder' is hovered

2022-01-16 00:28:03 - [MESSAGE][PASSED] - Get CSS 'color' value on 'Object Repository/Quick Order/i_quickOrderIcon' successfully: 'rgb(82, 36, 127)'.

2022-01-16 00:28:06 - [MESSAGE][PASSED] - Object: 'Object Repository/Quick Order/a_quickOrder' is clicked on

2022-01-16 00:28:06 - [MESSAGE][PASSED] - Current window's title is: 'Quick Order - Cleaner's Supply'

2022-01-16 00:28:06 - [MESSAGE][PASSED] - Current window's url is: 'https://www.cleanersupply.com/quick-order/'

2022-01-16 00:28:08 - [MESSAGE][PASSED] - Text of object 'Object Repository/Quick Order/span_quickOrderHeader' is: 'QUICK
ORDER'

2022-01-16 00:28:08 - [TEST_STEP][PASSED] - QuickOrderValidations.verifyCartCounter("0"): Text of object 'Object Repository/Quick Order/span_cartCounter' is: '0'

2022-01-16 00:28:09 - [MESSAGE][PASSED] - Text of object 'Object Repository/Quick Order/span_cartCounter' is: '0'

2022-01-16 00:28:09 - [TEST_STEP][PASSED] - QuickOrderHelpers.headerAndTableStyle(): Web element with id: 'Object Repository/Quick Order/button_addToCart' located by 'By.cssSelector: .button-holder .pull-right' is not present after '1' second(s)

2022-01-16 00:28:09 - [MESSAGE][PASSED] - Get CSS 'background-color' value on 'Object Repository/Quick Order/a_quickOrderHeader' successfully: 'rgb(82, 36, 127)'.

2022-01-16 00:28:09 - [MESSAGE][PASSED] - Get CSS 'color' value on 'Object Repository/Quick Order/a_quickOrderHeader' successfully: 'rgb(255, 255, 255)'.

2022-01-16 00:28:10 - [MESSAGE][PASSED] - Object 'Object Repository/Quick Order/span_quickOrderIcon' is visible

2022-01-16 00:28:10 - [MESSAGE][PASSED] - Get CSS 'background-color' value on 'Object Repository/Quick Order/tr_allQuickOrderRows' successfully: 'rgb(241, 242, 242)'.

2022-01-16 00:28:10 - [MESSAGE][PASSED] - Web element with id: 'Object Repository/Quick Order/button_addToCart' located by 'By.cssSelector: .button-holder .pull-right' is not present after '1' second(s)

2022-01-16 00:28:10 - [TEST_STEP][PASSED] - QuickOrderHelpers.fillingVerifyingStockNo(): Attribute 'value' of object 'Object Repository/Quick Order/input_4quickOrderStock' is: 'SP4005'

2022-01-16 00:28:11 - [MESSAGE][PASSED] - Object 'Object Repository/Quick Order/input_0quickOrderStock' is present

2022-01-16 00:28:11 - [MESSAGE][PASSED] - Attribute 'placeholder' of object 'Object Repository/Quick Order/input_0quickOrderStock' is: 'Enter Stock #'

2022-01-16 00:28:11 - [MESSAGE][PASSED] - Attribute 'value' of object 'Object Repository/Quick Order/input_0quickOrderStock' is: ''

2022-01-16 00:28:12 - [MESSAGE][PASSED] - Object: 'Object Repository/Quick Order/input_0quickOrderStock' is focused

2022-01-16 00:28:12 - [MESSAGE][PASSED] - Keys 'ENTER + PRT381' sent to object: 'Object Repository/Quick Order/input_0quickOrderStock'

2022-01-16 00:28:13 - [MESSAGE][PASSED] - Attribute 'value' of object 'Object Repository/Quick Order/input_0quickOrderStock' is: 'PRT381'

2022-01-16 00:28:14 - [MESSAGE][PASSED] - Object 'Object Repository/Quick Order/button_addToCart' is visible

2022-01-16 00:28:14 - [MESSAGE][PASSED] - Attribute 'placeholder' of object 'Object Repository/Quick Order/input_1quickOrderStock' is: 'Enter Stock #'

2022-01-16 00:28:14 - [MESSAGE][PASSED] - Attribute 'value' of object 'Object Repository/Quick Order/input_1quickOrderStock' is: ''

2022-01-16 00:28:15 - [MESSAGE][PASSED] - Object: 'Object Repository/Quick Order/input_1quickOrderStock' is focused

2022-01-16 00:28:15 - [MESSAGE][PASSED] - Keys 'ENTER + GTDCA700C' sent to object: 'Object Repository/Quick Order/input_1quickOrderStock'

2022-01-16 00:28:16 - [MESSAGE][PASSED] - Attribute 'value' of object 'Object Repository/Quick Order/input_1quickOrderStock' is: 'GTDCA700C'

2022-01-16 00:28:16 - [MESSAGE][PASSED] - Attribute 'placeholder' of object 'Object Repository/Quick Order/input_2quickOrderStock' is: 'Enter Stock #'

2022-01-16 00:28:17 - [MESSAGE][PASSED] - Attribute 'value' of object 'Object Repository/Quick Order/input_2quickOrderStock' is: ''

2022-01-16 00:28:17 - [MESSAGE][PASSED] - Object: 'Object Repository/Quick Order/input_2quickOrderStock' is focused

2022-01-16 00:28:18 - [MESSAGE][PASSED] - Keys 'ENTER + PP30' sent to object: 'Object Repository/Quick Order/input_2quickOrderStock'

2022-01-16 00:28:20 - [MESSAGE][PASSED] - Attribute 'value' of object 'Object Repository/Quick Order/input_2quickOrderStock' is: 'PP30'

2022-01-16 00:28:20 - [MESSAGE][PASSED] - Attribute 'placeholder' of object 'Object Repository/Quick Order/input_3quickOrderStock' is: 'Enter Stock #'

2022-01-16 00:28:20 - [MESSAGE][PASSED] - Attribute 'value' of object 'Object Repository/Quick Order/input_3quickOrderStock' is: ''

2022-01-16 00:28:20 - [MESSAGE][PASSED] - Object: 'Object Repository/Quick Order/input_3quickOrderStock' is focused

2022-01-16 00:28:21 - [MESSAGE][PASSED] - Keys 'ENTER + ZB400' sent to object: 'Object Repository/Quick Order/input_3quickOrderStock'

2022-01-16 00:28:22 - [MESSAGE][PASSED] - Attribute 'value' of object 'Object Repository/Quick Order/input_3quickOrderStock' is: 'ZB400'

2022-01-16 00:28:22 - [MESSAGE][PASSED] - Attribute 'placeholder' of object 'Object Repository/Quick Order/input_4quickOrderStock' is: 'Enter Stock #'

2022-01-16 00:28:22 - [MESSAGE][PASSED] - Attribute 'value' of object 'Object Repository/Quick Order/input_4quickOrderStock' is: ''

2022-01-16 00:28:23 - [MESSAGE][PASSED] - Object: 'Object Repository/Quick Order/input_4quickOrderStock' is focused

2022-01-16 00:28:23 - [MESSAGE][PASSED] - Keys 'ENTER + SP4005' sent to object: 'Object Repository/Quick Order/input_4quickOrderStock'

2022-01-16 00:28:24 - [MESSAGE][PASSED] - Attribute 'value' of object 'Object Repository/Quick Order/input_4quickOrderStock' is: 'SP4005'

2022-01-16 00:28:24 - [TEST_STEP][PASSED] - QuickOrderHelpers.fillingQuanitiesInputs(): Actual text and expected text of test object '' are matched.

2022-01-16 00:28:26 - [MESSAGE][PASSED] - Keys 'BACK_SPACE + TAB + 46' sent to object: ''

2022-01-16 00:28:26 - [MESSAGE][PASSED] - Attribute 'value' of object '' is: '46'

2022-01-16 00:28:26 - [MESSAGE][PASSED] - Object '' is present

2022-01-16 00:28:26 - [MESSAGE][PASSED] - Actual text and expected text of test object '' are matched.

2022-01-16 00:28:26 - [MESSAGE][PASSED] - Keys 'BACK_SPACE + TAB + 6' sent to object: ''

2022-01-16 00:28:26 - [MESSAGE][PASSED] - Attribute 'value' of object '' is: '6'

2022-01-16 00:28:26 - [MESSAGE][PASSED] - Object '' is present

2022-01-16 00:28:26 - [MESSAGE][PASSED] - Actual text and expected text of test object '' are matched.

2022-01-16 00:28:26 - [MESSAGE][PASSED] - Keys 'BACK_SPACE + TAB + 46' sent to object: ''

2022-01-16 00:28:26 - [MESSAGE][PASSED] - Attribute 'value' of object '' is: '46'

2022-01-16 00:28:26 - [MESSAGE][PASSED] - Object '' is present

2022-01-16 00:28:26 - [MESSAGE][PASSED] - Actual text and expected text of test object '' are matched.

2022-01-16 00:28:26 - [MESSAGE][PASSED] - Keys 'BACK_SPACE + TAB + 9' sent to object: ''

2022-01-16 00:28:26 - [MESSAGE][PASSED] - Attribute 'value' of object '' is: '9'

2022-01-16 00:28:26 - [MESSAGE][PASSED] - Object '' is present

2022-01-16 00:28:26 - [MESSAGE][PASSED] - Actual text and expected text of test object '' are matched.

2022-01-16 00:28:26 - [MESSAGE][PASSED] - Keys 'BACK_SPACE + TAB + 49' sent to object: ''

2022-01-16 00:28:26 - [MESSAGE][PASSED] - Attribute 'value' of object '' is: '49'

2022-01-16 00:28:26 - [MESSAGE][PASSED] - Object '' is present

2022-01-16 00:28:26 - [MESSAGE][PASSED] - Actual text and expected text of test object '' are matched.

2022-01-16 00:28:26 - [TEST_STEP][PASSED] - QuickOrderHelpers.storeProductsDetailsAndVerifyTotal(): Text of object '' is: '$126.91'

2022-01-16 00:28:26 - [MESSAGE][PASSED] - Attribute 'value' of object '' is: '46'

2022-01-16 00:28:26 - [MESSAGE][PASSED] - Text of object '' is: '$9.35'

2022-01-16 00:28:26 - [MESSAGE][PASSED] - Text of object '' is: '$430.10'

2022-01-16 00:28:26 - [MESSAGE][PASSED] - Text of object '' is: 'GREEN BUTTON FOR AJAX #DCH18, DCH446, DCH45, DCH446 & HOU45'

2022-01-16 00:28:26 - [MESSAGE][PASSED] - Attribute 'src' of object '' is: 'https://www.cleanersupply.com/4ad6b3/globalassets/catalogs/prt3/prt381_p/prt381_paren/prt381_parent/prt381-1-main-prt381_parent.jpg?width=80&height=80&quality=85&mode=crop'

2022-01-16 00:28:26 - [MESSAGE][PASSED] - Text of object '' is: 'In Stock!'

2022-01-16 00:28:26 - [MESSAGE][PASSED] - Text of object '' is: 'GREEN BUTTON FOR AJAX #DCH18, DCH446, DCH45, DCH446 & HOU45'

2022-01-16 00:28:26 - [MESSAGE][PASSED] - Attribute 'value' of object '' is: '46'

2022-01-16 00:28:26 - [MESSAGE][PASSED] - Text of object '' is: '$9.35'

2022-01-16 00:28:26 - [MESSAGE][PASSED] - Attribute 'value' of object '' is: '46'

2022-01-16 00:28:26 - [MESSAGE][PASSED] - Text of object '' is: '$9.35'

2022-01-16 00:28:26 - [MESSAGE][PASSED] - Text of object '' is: '$430.10'

2022-01-16 00:28:26 - [MESSAGE][PASSED] - Attribute 'value' of object '' is: '6'

2022-01-16 00:28:26 - [MESSAGE][PASSED] - Text of object '' is: '$27.85'

2022-01-16 00:28:26 - [MESSAGE][PASSED] - Text of object '' is: '$167.10'

2022-01-16 00:28:26 - [MESSAGE][PASSED] - Text of object '' is: 'GUTERMANN 700-COLOR THREAD CHART'

2022-01-16 00:28:26 - [MESSAGE][PASSED] - Attribute 'src' of object '' is: 'https://www.cleanersupply.com/4ae3b9/globalassets/catalogs/gtdc/gtdca700/gtdca700c_pa/gtdca700c_parent/gtdca700c-1-main-gtdca700c_parent.jpg?width=80&height=80&quality=85&mode=crop'

2022-01-16 00:28:26 - [MESSAGE][PASSED] - Text of object '' is: 'In Stock!'

2022-01-16 00:28:26 - [MESSAGE][PASSED] - Text of object '' is: 'GUTERMANN 700-COLOR THREAD CHART'

2022-01-16 00:28:26 - [MESSAGE][PASSED] - Attribute 'value' of object '' is: '6'

2022-01-16 00:28:26 - [MESSAGE][PASSED] - Text of object '' is: '$27.85'

2022-01-16 00:28:26 - [MESSAGE][PASSED] - Attribute 'value' of object '' is: '6'

2022-01-16 00:28:26 - [MESSAGE][PASSED] - Text of object '' is: '$27.85'

2022-01-16 00:28:26 - [MESSAGE][PASSED] - Text of object '' is: '$167.10'

2022-01-16 00:28:26 - [MESSAGE][PASSED] - Attribute 'value' of object '' is: '46'

2022-01-16 00:28:26 - [MESSAGE][PASSED] - Text of object '' is: '$24.35'

2022-01-16 00:28:26 - [MESSAGE][PASSED] - Text of object '' is: '$1,120.10'

2022-01-16 00:28:26 - [MESSAGE][PASSED] - Text of object '' is: 'SUPERFAST MUSHROOM PRESS PAD FOR AJAX, CISSELL, FORENTA/FORSE, HOFFMAN/NEW YORKER & UNIPRESS'

2022-01-16 00:28:26 - [MESSAGE][PASSED] - Attribute 'src' of object '' is: 'https://www.cleanersupply.com/4ae26e/globalassets/catalogs/pp30/pp30_par/pp30_parent/pp30-1-main-pp30_parent.jpg?width=80&height=80&quality=85&mode=crop'

2022-01-16 00:28:26 - [MESSAGE][PASSED] - Text of object '' is: 'In Stock!'

2022-01-16 00:28:26 - [MESSAGE][PASSED] - Text of object '' is: 'SUPERFAST MUSHROOM PRESS PAD FOR AJAX, CISSELL, FORENTA/FORSE, HOFFMAN/NEW YORKER & UNIPRESS'

2022-01-16 00:28:26 - [MESSAGE][PASSED] - Attribute 'value' of object '' is: '46'

2022-01-16 00:28:26 - [MESSAGE][PASSED] - Text of object '' is: '$24.35'

2022-01-16 00:28:26 - [MESSAGE][PASSED] - Attribute 'value' of object '' is: '46'

2022-01-16 00:28:26 - [MESSAGE][PASSED] - Text of object '' is: '$24.35'

2022-01-16 00:28:26 - [MESSAGE][PASSED] - Text of object '' is: '$1,120.10'

2022-01-16 00:28:26 - [MESSAGE][PASSED] - Attribute 'value' of object '' is: '9'

2022-01-16 00:28:27 - [MESSAGE][PASSED] - Text of object '' is: '$6.29'

2022-01-16 00:28:27 - [MESSAGE][PASSED] - Text of object '' is: '$56.61'

2022-01-16 00:28:27 - [MESSAGE][PASSED] - Text of object '' is: 'ZIP NET BAG - 15" X 19" OPEN MESH'

2022-01-16 00:28:27 - [MESSAGE][PASSED] - Attribute 'src' of object '' is: 'https://www.cleanersupply.com/4ae088/globalassets/catalogs/zb40/zb400_pa/zb400_parent/zb400-1-main-zb400_parent.jpg?width=80&height=80&quality=85&mode=crop'

2022-01-16 00:28:27 - [MESSAGE][PASSED] - Text of object '' is: 'In Stock!'

2022-01-16 00:28:27 - [MESSAGE][PASSED] - Text of object '' is: 'ZIP NET BAG - 15" X 19" OPEN MESH'

2022-01-16 00:28:27 - [MESSAGE][PASSED] - Attribute 'value' of object '' is: '9'

2022-01-16 00:28:27 - [MESSAGE][PASSED] - Text of object '' is: '$6.29'

2022-01-16 00:28:27 - [MESSAGE][PASSED] - Attribute 'value' of object '' is: '9'

2022-01-16 00:28:27 - [MESSAGE][PASSED] - Text of object '' is: '$6.29'

2022-01-16 00:28:27 - [MESSAGE][PASSED] - Text of object '' is: '$56.61'

2022-01-16 00:28:27 - [MESSAGE][PASSED] - Attribute 'value' of object '' is: '49'

2022-01-16 00:28:27 - [MESSAGE][PASSED] - Text of object '' is: '$2.59'

2022-01-16 00:28:27 - [MESSAGE][PASSED] - Text of object '' is: '$126.91'

2022-01-16 00:28:27 - [MESSAGE][PASSED] - Text of object '' is: 'CLOSED BRASS/QUILTER SAFETY PINS - #3 - 2" - 20/BOX'

2022-01-16 00:28:27 - [MESSAGE][PASSED] - Attribute 'src' of object '' is: 'https://www.cleanersupply.com/4adae3/globalassets/catalogs/sp40/sp4005_p/sp4005_paren/sp4005_parent/sp4005-1-main-sp4005_parent.jpg?width=80&height=80&quality=85&mode=crop'

2022-01-16 00:28:27 - [MESSAGE][PASSED] - Text of object '' is: 'In Stock!'

2022-01-16 00:28:27 - [MESSAGE][PASSED] - Text of object '' is: 'CLOSED BRASS/QUILTER SAFETY PINS - #3 - 2" - 20/BOX'

2022-01-16 00:28:27 - [MESSAGE][PASSED] - Attribute 'value' of object '' is: '49'

2022-01-16 00:28:27 - [MESSAGE][PASSED] - Text of object '' is: '$2.59'

2022-01-16 00:28:27 - [MESSAGE][PASSED] - Attribute 'value' of object '' is: '49'

2022-01-16 00:28:27 - [MESSAGE][PASSED] - Text of object '' is: '$2.59'

2022-01-16 00:28:27 - [MESSAGE][PASSED] - Text of object '' is: '$126.91'

2022-01-16 00:28:27 - [TEST_STEP][PASSED] - QuickOrderHelpers.navigationAndVerifyingShoppingCart(): Text of object 'Object Repository/Shopping Cart/h1_shopCartHeader' is: 'SHOPPING CART CONTINUE SHOPPING'

2022-01-16 00:28:27 - [MESSAGE][PASSED] - Object: 'Object Repository/Quick Order/button_addToCart' is clicked on

2022-01-16 00:28:32 - [MESSAGE][PASSED] - Object 'Object Repository/Shopping Cart/h1_shopCartHeader' is present

2022-01-16 00:28:32 - [MESSAGE][PASSED] - Current window's title is: 'Shopping Cart - Cleaner's Supply'

2022-01-16 00:28:32 - [MESSAGE][PASSED] - Current window's url is: 'https://www.cleanersupply.com/shopping-cart/'

2022-01-16 00:28:33 - [MESSAGE][PASSED] - Text of object 'Object Repository/Shopping Cart/h1_shopCartHeader' is: 'SHOPPING CART CONTINUE SHOPPING'

2022-01-16 00:28:33 - [TEST_STEP][PASSED] - QuickOrderValidations.verifyCartCounter("5"): Text of object 'Object Repository/Quick Order/span_cartCounter' is: '5'

2022-01-16 00:28:33 - [MESSAGE][PASSED] - Text of object 'Object Repository/Quick Order/span_cartCounter' is: '5'

2022-01-16 00:28:33 - [TEST_STEP][PASSED] - QuickOrderHelpers.verifyCartTotalAndRowsNo(5): Text of object 'Object Repository/Quick Order/span_cartLabel' is: '$1,900.82'

2022-01-16 00:28:36 - [MESSAGE][PASSED] - Text of object 'Object Repository/Quick Order/span_cartLabel' is: '$1,900.82'

2022-01-16 00:28:36 - [TEST_STEP][PASSED] - MiniCartActions.hoverOnMiniCartLink(): Object: 'Object Repository/Mini Cart/a_miniCartLink' is hovered

2022-01-16 00:28:36 - [MESSAGE][PASSED] - Object: 'Object Repository/Mini Cart/a_miniCartLink' is hovered

2022-01-16 00:28:36 - [TEST_STEP][PASSED] - MiniCartValidations.verifyHoverStyleOnMiniCartLink(): Get CSS 'color' value on 'Object Repository/Mini Cart/a_miniCartLink' successfully: 'rgb(82, 36, 127)'.

2022-01-16 00:28:36 - [MESSAGE][PASSED] - Get CSS 'background-color' value on 'Object Repository/Mini Cart/a_miniCartLink' successfully: 'rgb(255, 255, 255)'.

2022-01-16 00:28:37 - [MESSAGE][PASSED] - Get CSS 'color' value on 'Object Repository/Mini Cart/a_miniCartLink' successfully: 'rgb(82, 36, 127)'.

2022-01-16 00:28:37 - [TEST_STEP][PASSED] - MiniCartValidations.verifyMiniCartTotals(): Text of object 'Object Repository/Mini Cart/span_miniCartSubTotal' is: '$1,900.82'

2022-01-16 00:28:39 - [MESSAGE][PASSED] - Text of object 'Object Repository/Mini Cart/span_miniCartSubTotal' is: '$1,900.82'

2022-01-16 00:28:39 - [TEST_STEP][PASSED] - MiniCartValidations.miniCartItemCount(): Text of object 'Object Repository/Mini Cart/span_cartCounterPadge' is: '5'

2022-01-16 00:28:39 - [MESSAGE][PASSED] - Text of object 'Object Repository/Mini Cart/span_cartCounterPadge' is: '5'

2022-01-16 00:28:39 - [TEST_STEP][PASSED] - ShoppingCartValidations.verifyShoppingCartItemEqualMiniCartBadge(): Text of object 'Object Repository/Mini Cart/span_cartCounterPadge' is: '5'

2022-01-16 00:28:40 - [MESSAGE][PASSED] - Text of object 'Object Repository/Mini Cart/span_cartCounterPadge' is: '5'

2022-01-16 00:28:40 - [TEST_STEP][PASSED] - ShoppingCartValidations.verifyShoppingCartItemEqualToSummaryItem(): Text of object 'Object Repository/Shopping Cart/td_summaryTableItemCount' is: 'SUBTOTAL (5 ITEMS)'

2022-01-16 00:28:40 - [MESSAGE][PASSED] - Text of object 'Object Repository/Shopping Cart/td_summaryTableItemCount' is: 'SUBTOTAL (5 ITEMS)'

2022-01-16 00:28:40 - [TEST_STEP][PASSED] - ShoppingCartValidations.verifyTotalPriceForProductTable(): null

2022-01-16 00:28:41 - [TEST_STEP][PASSED] - ShoppingCartValidations.verifyTotalPriceInSummaryTable(): Text of object 'Object Repository/Shopping Cart/td_summaryTotalSubTotal' is: '$1,900.82'

2022-01-16 00:28:42 - [MESSAGE][PASSED] - Text of object 'Object Repository/Shopping Cart/td_summaryTableTotal' is: '$1,900.82'

2022-01-16 00:28:42 - [MESSAGE][PASSED] - Text of object 'Object Repository/Shopping Cart/td_summaryTotalSubTotal' is: '$1,900.82'

2022-01-16 00:28:42 - [TEST_STEP][PASSED] - QuickOrderHelpers.verifyShoppingCartProductsSameWithStoredProducts(): Attribute 'src' of object '' is: 'https://www.cleanersupply.com/4ad6b3/globalassets/catalogs/prt3/prt381_p/prt381_paren/prt381_parent/prt381-1-main-prt381_parent.jpg?width=120&height=120&quality=85'

2022-01-16 00:28:44 - [MESSAGE][PASSED] - Attribute 'value' of object '' is: '49'

2022-01-16 00:28:44 - [MESSAGE][PASSED] - Text of object '' is: '$2.59'

2022-01-16 00:28:44 - [MESSAGE][PASSED] - Text of object '' is: '$126.91'

2022-01-16 00:28:44 - [MESSAGE][PASSED] - Text of object '' is: 'CLOSED BRASS/QUILTER SAFETY PINS - #3 - 2" - 20/BOX'

2022-01-16 00:28:44 - [MESSAGE][PASSED] - Text of object '' is: 'In Stock!'

2022-01-16 00:28:44 - [MESSAGE][PASSED] - Attribute 'src' of object '' is: 'https://www.cleanersupply.com/4adae3/globalassets/catalogs/sp40/sp4005_p/sp4005_paren/sp4005_parent/sp4005-1-main-sp4005_parent.jpg?width=120&height=120&quality=85'

2022-01-16 00:28:44 - [MESSAGE][PASSED] - Attribute 'value' of object '' is: '9'

2022-01-16 00:28:44 - [MESSAGE][PASSED] - Text of object '' is: '$6.29'

2022-01-16 00:28:44 - [MESSAGE][PASSED] - Text of object '' is: '$56.61'

2022-01-16 00:28:44 - [MESSAGE][PASSED] - Text of object '' is: 'ZIP NET BAG - 15" X 19" OPEN MESH'

2022-01-16 00:28:44 - [MESSAGE][PASSED] - Text of object '' is: 'In Stock!'

2022-01-16 00:28:44 - [MESSAGE][PASSED] - Attribute 'src' of object '' is: 'https://www.cleanersupply.com/4ae088/globalassets/catalogs/zb40/zb400_pa/zb400_parent/zb400-1-main-zb400_parent.jpg?width=120&height=120&quality=85'

2022-01-16 00:28:44 - [MESSAGE][PASSED] - Attribute 'value' of object '' is: '46'

2022-01-16 00:28:44 - [MESSAGE][PASSED] - Text of object '' is: '$24.35'

2022-01-16 00:28:44 - [MESSAGE][PASSED] - Text of object '' is: '$1,120.10'

2022-01-16 00:28:44 - [MESSAGE][PASSED] - Text of object '' is: 'SUPERFAST MUSHROOM PRESS PAD FOR AJAX, CISSELL, FORENTA/FORSE, HOFFMAN/NEW YORKER & UNIPRESS'

2022-01-16 00:28:44 - [MESSAGE][PASSED] - Text of object '' is: 'In Stock!'

2022-01-16 00:28:44 - [MESSAGE][PASSED] - Attribute 'src' of object '' is: 'https://www.cleanersupply.com/4ae26e/globalassets/catalogs/pp30/pp30_par/pp30_parent/pp30-1-main-pp30_parent.jpg?width=120&height=120&quality=85'

2022-01-16 00:28:44 - [MESSAGE][PASSED] - Attribute 'value' of object '' is: '6'

2022-01-16 00:28:44 - [MESSAGE][PASSED] - Text of object '' is: '$27.85'

2022-01-16 00:28:44 - [MESSAGE][PASSED] - Text of object '' is: '$167.10'

2022-01-16 00:28:44 - [MESSAGE][PASSED] - Text of object '' is: 'GUTERMANN 700-COLOR THREAD CHART'

2022-01-16 00:28:44 - [MESSAGE][PASSED] - Text of object '' is: 'In Stock!'

2022-01-16 00:28:44 - [MESSAGE][PASSED] - Attribute 'src' of object '' is: 'https://www.cleanersupply.com/4ae3b9/globalassets/catalogs/gtdc/gtdca700/gtdca700c_pa/gtdca700c_parent/gtdca700c-1-main-gtdca700c_parent.jpg?width=120&height=120&quality=85'

2022-01-16 00:28:44 - [MESSAGE][PASSED] - Attribute 'value' of object '' is: '46'

2022-01-16 00:28:44 - [MESSAGE][PASSED] - Text of object '' is: '$9.35'

2022-01-16 00:28:44 - [MESSAGE][PASSED] - Text of object '' is: '$430.10'

2022-01-16 00:28:44 - [MESSAGE][PASSED] - Text of object '' is: 'GREEN BUTTON FOR AJAX #DCH18, DCH446, DCH45, DCH446 & HOU45'

2022-01-16 00:28:44 - [MESSAGE][PASSED] - Text of object '' is: 'In Stock!'

2022-01-16 00:28:44 - [MESSAGE][PASSED] - Attribute 'src' of object '' is: 'https://www.cleanersupply.com/4ad6b3/globalassets/catalogs/prt3/prt381_p/prt381_paren/prt381_parent/prt381-1-main-prt381_parent.jpg?width=120&height=120&quality=85'

2022-01-16 00:28:44 - [TEST_STEP][PASSED] - ShoppingCartHelpers.navigateToCheckoutPage(): Object: 'Object Repository/Shopping Cart/button_proceedToCheckout' is clicked on

2022-01-16 00:28:45 - [MESSAGE][PASSED] - Object: 'Object Repository/Shopping Cart/a_shoppingCartProductTitle' is hovered

2022-01-16 00:28:45 - [MESSAGE][PASSED] - Get CSS 'background-color' value on 'Object Repository/Shopping Cart/button_proceedToCheckout' successfully: 'rgb(82, 36, 127)'.

2022-01-16 00:28:46 - [MESSAGE][PASSED] - Get CSS 'color' value on 'Object Repository/Shopping Cart/button_proceedToCheckout' successfully: 'rgb(255, 255, 255)'.

2022-01-16 00:28:46 - [MESSAGE][PASSED] - Object: 'Object Repository/Shopping Cart/button_proceedToCheckout' is hovered

2022-01-16 00:28:47 - [MESSAGE][PASSED] - Get CSS 'box-shadow' value on 'Object Repository/Shopping Cart/button_proceedToCheckout' successfully: 'rgba(0, 0, 0, 0.3) 0px 0px 10px 2px'.

2022-01-16 00:28:48 - [MESSAGE][PASSED] - Object: 'Object Repository/Shopping Cart/button_proceedToCheckout' is clicked on

2022-01-16 00:28:48 - [TEST_STEP][PASSED] - CheckoutPageValidation.verifyNaigationTOCheckOut(): Text of object 'Object Repository/CheckOut/div_checkoutHeader' is: 'SECURE CHECKOUT'

2022-01-16 00:28:48 - [MESSAGE][PASSED] - Current window's title is: 'Checkout Interstitial - Cleaner's Supply'

2022-01-16 00:28:48 - [MESSAGE][PASSED] - Current window's url is: 'https://www.cleanersupply.com/checkout-interstitial/'

2022-01-16 00:28:50 - [MESSAGE][PASSED] - Text of object 'Object Repository/CheckOut/div_checkoutHeader' is: 'SECURE CHECKOUT'

2022-01-16 00:28:50 - [TEST_STEP][PASSED] - CheckoutPageValidation.verifyTotalPrice(): Text of object 'Object Repository/CheckOut/td_summaryTotalSubTotal' is: '$1,900.82'

2022-01-16 00:28:50 - [MESSAGE][PASSED] - Text of object 'Object Repository/CheckOut/span_checkoutTitleTotal' is: '$1,900.82'

2022-01-16 00:28:51 - [MESSAGE][PASSED] - Text of object 'Object Repository/CheckOut/td_summaryTableTotal' is: '$1,900.82'

2022-01-16 00:28:51 - [MESSAGE][PASSED] - Text of object 'Object Repository/CheckOut/td_summaryTotalSubTotal' is: '$1,900.82'

2022-01-16 00:28:51 - [TEST_STEP][PASSED] - CheckoutPageValidation.verifyCheckoutAsGuest(): Text of object 'Object Repository/CheckOut/label_checkoutAsGuest' is: 'Checkout as Guest'

2022-01-16 00:28:51 - [MESSAGE][PASSED] - Text of object 'Object Repository/CheckOut/label_checkoutAsGuest' is: 'Checkout as Guest'

2022-01-16 00:28:51 - [TEST_STEP][PASSED] - CheckoutPageValidation.verifyCheckoutAsGuestSelected(): Object 'Object Repository/CheckOut/input_checkoutAsGuestRadioButton' is checked

2022-01-16 00:28:52 - [MESSAGE][PASSED] - Object 'Object Repository/CheckOut/input_checkoutAsGuestRadioButton' is checked

2022-01-16 00:28:52 - [TEST_STEP][PASSED] - CheckoutPageValidation.verifyProductSummaryItemQountityTotal(): Unable to find the element located by 'By.xpath: '. Please recheck the objects properties to make sure the desired element is located. 

2022-01-16 00:28:54 - [MESSAGE][INFO] - Unable to find the element located by 'By.cssSelector: table.product-table tbody tr td.product-table__price'. Please recheck the objects properties to make sure the desired element is located. 

2022-01-16 00:28:54 - [MESSAGE][WARNING] - [SELF-HEALING] Failed to find element with id 'Object Repository/Shopping Cart/td_shoppingCartProductPrice'. Try using Self-healing.

2022-01-16 00:28:54 - [MESSAGE][WARNING] - [SELF-HEALING] Cannot find elements when the XPath is null.

2022-01-16 00:28:55 - [MESSAGE][INFO] - Unable to find the element located by 'By.xpath: '. Please recheck the objects properties to make sure the desired element is located. 

2022-01-16 00:28:57 - [MESSAGE][INFO] - Unable to find the element located by 'By.cssSelector: table.product-table tbody tr td.product-table__quantity input[name="quantity"]'. Please recheck the objects properties to make sure the desired element is located. 

2022-01-16 00:28:57 - [MESSAGE][WARNING] - [SELF-HEALING] Failed to find element with id 'Object Repository/Shopping Cart/input_shoppingCartProductQuantity'. Try using Self-healing.

2022-01-16 00:28:57 - [MESSAGE][WARNING] - [SELF-HEALING] Cannot find elements when the XPath is null.

2022-01-16 00:28:58 - [MESSAGE][INFO] - Unable to find the element located by 'By.xpath: '. Please recheck the objects properties to make sure the desired element is located. 

2022-01-16 00:29:01 - [MESSAGE][INFO] - Unable to find the element located by 'By.cssSelector: table.product-table tbody tr td.product-table__total'. Please recheck the objects properties to make sure the desired element is located. 

2022-01-16 00:29:01 - [MESSAGE][WARNING] - [SELF-HEALING] Failed to find element with id 'Object Repository/Shopping Cart/td_shoppingCartProductTotal'. Try using Self-healing.

2022-01-16 00:29:01 - [MESSAGE][WARNING] - [SELF-HEALING] Cannot find elements when the XPath is null.

2022-01-16 00:29:02 - [MESSAGE][INFO] - Unable to find the element located by 'By.xpath: '. Please recheck the objects properties to make sure the desired element is located. 

2022-01-16 00:29:02 - [TEST_STEP][PASSED] - CheckoutPageHelpers.navigateToCheckoutInformationForm(): Object: 'Object Repository/CheckOut/button_continueButton' is clicked on

2022-01-16 00:29:05 - [MESSAGE][PASSED] - Object: 'Object Repository/CheckOut/button_continueButton' is clicked on

2022-01-16 00:29:05 - [TEST_STEP][PASSED] - checkOutFormHelper.fillCheckOutForm(): Object: 'Object Repository/CheckOutForm/a_reviewOrder' is clicked on

2022-01-16 00:29:05 - [MESSAGE][PASSED] - Current window's title is: 'Checkout - Cleaner's Supply'

2022-01-16 00:29:05 - [MESSAGE][PASSED] - Current window's url is: 'https://www.cleanersupply.com/checkout/'

2022-01-16 00:29:06 - [MESSAGE][PASSED] - Text of object 'Object Repository/CheckOutForm/h1_checkOutHeader' is: 'CHECKOUT'

2022-01-16 00:29:07 - [MESSAGE][PASSED] - Object: 'Object Repository/CheckOutForm/input_company' is focused

2022-01-16 00:29:07 - [MESSAGE][PASSED] - Get CSS 'box-shadow' value on 'Object Repository/CheckOutForm/input_company' successfully: 'rgb(99, 99, 99) 0px -3px 0px 0px inset'.

2022-01-16 00:29:07 - [MESSAGE][PASSED] - Actual object 'rgb(99, 99, 99) 0px -3px 0px 0px inset' and expected object 'rgb(99, 99, 99) 0px -3px 0px 0px inset' are equal

2022-01-16 00:29:08 - [MESSAGE][PASSED] - Text 'testCompany' is set on object 'Object Repository/CheckOutForm/input_company'

2022-01-16 00:29:08 - [MESSAGE][PASSED] - Object: 'Object Repository/CheckOutForm/input_fname' is focused

2022-01-16 00:29:08 - [MESSAGE][PASSED] - Get CSS 'box-shadow' value on 'Object Repository/CheckOutForm/input_fname' successfully: 'rgb(99, 99, 99) 0px -3px 0px 0px inset'.

2022-01-16 00:29:08 - [MESSAGE][PASSED] - Actual object 'rgb(99, 99, 99) 0px -3px 0px 0px inset' and expected object 'rgb(99, 99, 99) 0px -3px 0px 0px inset' are equal

2022-01-16 00:29:09 - [MESSAGE][PASSED] - Text 'FNameTest' is set on object 'Object Repository/CheckOutForm/input_fname'

2022-01-16 00:29:10 - [MESSAGE][PASSED] - Object: 'Object Repository/CheckOutForm/input_lNAme' is focused

2022-01-16 00:29:10 - [MESSAGE][PASSED] - Get CSS 'box-shadow' value on 'Object Repository/CheckOutForm/input_lNAme' successfully: 'rgb(99, 99, 99) 0px -3px 0px 0px inset'.

2022-01-16 00:29:10 - [MESSAGE][PASSED] - Actual object 'rgb(99, 99, 99) 0px -3px 0px 0px inset' and expected object 'rgb(99, 99, 99) 0px -3px 0px 0px inset' are equal

2022-01-16 00:29:11 - [MESSAGE][PASSED] - Text 'lnameValueTest' is set on object 'Object Repository/CheckOutForm/input_lNAme'

2022-01-16 00:29:11 - [MESSAGE][PASSED] - Object: 'Object Repository/CheckOutForm/input_address' is focused

2022-01-16 00:29:12 - [MESSAGE][PASSED] - Get CSS 'box-shadow' value on 'Object Repository/CheckOutForm/input_address' successfully: 'rgb(99, 99, 99) 0px -3px 0px 0px inset'.

2022-01-16 00:29:12 - [MESSAGE][PASSED] - Actual object 'rgb(99, 99, 99) 0px -3px 0px 0px inset' and expected object 'rgb(99, 99, 99) 0px -3px 0px 0px inset' are equal

2022-01-16 00:29:12 - [MESSAGE][PASSED] - Text 'addres1Test' is set on object 'Object Repository/CheckOutForm/input_address'

2022-01-16 00:29:13 - [MESSAGE][PASSED] - Object: 'Object Repository/CheckOutForm/input_address2' is focused

2022-01-16 00:29:13 - [MESSAGE][PASSED] - Get CSS 'box-shadow' value on 'Object Repository/CheckOutForm/input_address2' successfully: 'rgb(99, 99, 99) 0px -3px 0px 0px inset'.

2022-01-16 00:29:13 - [MESSAGE][PASSED] - Actual object 'rgb(99, 99, 99) 0px -3px 0px 0px inset' and expected object 'rgb(99, 99, 99) 0px -3px 0px 0px inset' are equal

2022-01-16 00:29:14 - [MESSAGE][PASSED] - Text 'address2 test' is set on object 'Object Repository/CheckOutForm/input_address2'

2022-01-16 00:29:14 - [MESSAGE][PASSED] - Object: 'Object Repository/CheckOutForm/input_zipCode' is focused

2022-01-16 00:29:14 - [MESSAGE][PASSED] - Get CSS 'box-shadow' value on 'Object Repository/CheckOutForm/input_zipCode' successfully: 'rgb(99, 99, 99) 0px -3px 0px 0px inset'.

2022-01-16 00:29:15 - [MESSAGE][PASSED] - Actual object 'rgb(99, 99, 99) 0px -3px 0px 0px inset' and expected object 'rgb(99, 99, 99) 0px -3px 0px 0px inset' are equal

2022-01-16 00:29:15 - [MESSAGE][PASSED] - Text '55555' is set on object 'Object Repository/CheckOutForm/input_zipCode'

2022-01-16 00:29:16 - [MESSAGE][PASSED] - Object: 'Object Repository/CheckOutForm/input_city' is focused

2022-01-16 00:29:16 - [MESSAGE][PASSED] - Get CSS 'box-shadow' value on 'Object Repository/CheckOutForm/input_city' successfully: 'rgb(99, 99, 99) 0px -3px 0px 0px inset'.

2022-01-16 00:29:16 - [MESSAGE][PASSED] - Actual object 'rgb(99, 99, 99) 0px -3px 0px 0px inset' and expected object 'rgb(99, 99, 99) 0px -3px 0px 0px inset' are equal

2022-01-16 00:29:17 - [MESSAGE][PASSED] - Text 'Palestine' is set on object 'Object Repository/CheckOutForm/input_city'

2022-01-16 00:29:17 - [MESSAGE][PASSED] - Object: 'Object Repository/CheckOutForm/input_phoneNum' is focused

2022-01-16 00:29:18 - [MESSAGE][PASSED] - Get CSS 'box-shadow' value on 'Object Repository/CheckOutForm/input_phoneNum' successfully: 'rgb(99, 99, 99) 0px -3px 0px 0px inset'.

2022-01-16 00:29:18 - [MESSAGE][PASSED] - Actual object 'rgb(99, 99, 99) 0px -3px 0px 0px inset' and expected object 'rgb(99, 99, 99) 0px -3px 0px 0px inset' are equal

2022-01-16 00:29:19 - [MESSAGE][PASSED] - Text '541-143-1030' is set on object 'Object Repository/CheckOutForm/input_phoneNum'

2022-01-16 00:29:19 - [MESSAGE][PASSED] - Object: 'Object Repository/CheckOutForm/input_phoneExt' is focused

2022-01-16 00:29:19 - [MESSAGE][PASSED] - Get CSS 'box-shadow' value on 'Object Repository/CheckOutForm/input_phoneExt' successfully: 'rgb(99, 99, 99) 0px -3px 0px 0px inset'.

2022-01-16 00:29:19 - [MESSAGE][PASSED] - Actual object 'rgb(99, 99, 99) 0px -3px 0px 0px inset' and expected object 'rgb(99, 99, 99) 0px -3px 0px 0px inset' are equal

2022-01-16 00:29:21 - [MESSAGE][PASSED] - Text '1' is set on object 'Object Repository/CheckOutForm/input_phoneExt'

2022-01-16 00:29:21 - [MESSAGE][PASSED] - Object: 'Object Repository/CheckOutForm/input_phoneExt' is focused

2022-01-16 00:29:21 - [MESSAGE][PASSED] - Get CSS 'box-shadow' value on 'Object Repository/CheckOutForm/input_phoneExt' successfully: 'rgb(99, 99, 99) 0px -3px 0px 0px inset'.

2022-01-16 00:29:21 - [MESSAGE][PASSED] - Actual object 'rgb(99, 99, 99) 0px -3px 0px 0px inset' and expected object 'rgb(99, 99, 99) 0px -3px 0px 0px inset' are equal

2022-01-16 00:29:22 - [MESSAGE][PASSED] - Text '1' is set on object 'Object Repository/CheckOutForm/input_phoneExt'

2022-01-16 00:29:22 - [MESSAGE][PASSED] - Object: 'Object Repository/CheckOutForm/input_email' is focused

2022-01-16 00:29:22 - [MESSAGE][PASSED] - Get CSS 'box-shadow' value on 'Object Repository/CheckOutForm/input_email' successfully: 'rgb(99, 99, 99) 0px -3px 0px 0px inset'.

2022-01-16 00:29:22 - [MESSAGE][PASSED] - Actual object 'rgb(99, 99, 99) 0px -3px 0px 0px inset' and expected object 'rgb(99, 99, 99) 0px -3px 0px 0px inset' are equal

2022-01-16 00:29:23 - [MESSAGE][PASSED] - Text 'test@test.com' is set on object 'Object Repository/CheckOutForm/input_email'

2022-01-16 00:29:24 - [MESSAGE][PASSED] - Object: 'Object Repository/CheckOutForm/button_state' is clicked on

2022-01-16 00:29:24 - [MESSAGE][PASSED] - Object 'Object Repository/CheckOutForm/button_state' has attribute 'aria-expanded' with value 'true'

2022-01-16 00:29:25 - [MESSAGE][PASSED] - Object: 'Object Repository/CheckOutForm/a_state' is clicked on

2022-01-16 00:29:26 - [MESSAGE][PASSED] - Text of object 'Object Repository/CheckOutForm/span_selectedState' is: 'Arizona'

2022-01-16 00:29:26 - [MESSAGE][PASSED] - Object: 'Object Repository/CheckOutForm/input_creditCardName' is focused

2022-01-16 00:29:27 - [MESSAGE][PASSED] - Get CSS 'box-shadow' value on 'Object Repository/CheckOutForm/input_creditCardName' successfully: 'rgb(99, 99, 99) 0px -3px 0px 0px inset'.

2022-01-16 00:29:27 - [MESSAGE][PASSED] - Actual object 'rgb(99, 99, 99) 0px -3px 0px 0px inset' and expected object 'rgb(99, 99, 99) 0px -3px 0px 0px inset' are equal

2022-01-16 00:29:27 - [MESSAGE][PASSED] - Text 'Razan' is set on object 'Object Repository/CheckOutForm/input_creditCardName'

2022-01-16 00:29:28 - [MESSAGE][PASSED] - Object: 'Object Repository/CheckOutForm/input_cardNumber' is focused

2022-01-16 00:29:28 - [MESSAGE][PASSED] - Get CSS 'box-shadow' value on 'Object Repository/CheckOutForm/input_cardNumber' successfully: 'rgb(99, 99, 99) 0px -3px 0px 0px inset'.

2022-01-16 00:29:28 - [MESSAGE][PASSED] - Actual object 'rgb(99, 99, 99) 0px -3px 0px 0px inset' and expected object 'rgb(99, 99, 99) 0px -3px 0px 0px inset' are equal

2022-01-16 00:29:28 - [MESSAGE][PASSED] - Text '379936489179273' is set on object 'Object Repository/CheckOutForm/input_cardNumber'

2022-01-16 00:29:29 - [MESSAGE][PASSED] - Object: 'Object Repository/CheckOutForm/input_cvv' is focused

2022-01-16 00:29:29 - [MESSAGE][PASSED] - Get CSS 'box-shadow' value on 'Object Repository/CheckOutForm/input_cvv' successfully: 'rgb(99, 99, 99) 0px -3px 0px 0px inset'.

2022-01-16 00:29:29 - [MESSAGE][PASSED] - Actual object 'rgb(99, 99, 99) 0px -3px 0px 0px inset' and expected object 'rgb(99, 99, 99) 0px -3px 0px 0px inset' are equal

2022-01-16 00:29:30 - [MESSAGE][PASSED] - Text '2222' is set on object 'Object Repository/CheckOutForm/input_cvv'

2022-01-16 00:29:31 - [MESSAGE][PASSED] - Object: 'Object Repository/CheckOutForm/button_expirationDate' is clicked on

2022-01-16 00:29:32 - [MESSAGE][PASSED] - Object: 'Object Repository/CheckOutForm/button_expirationYear' is clicked on

2022-01-16 00:29:33 - [MESSAGE][PASSED] - Object: 'Object Repository/CheckOutForm/input_PO' is focused

2022-01-16 00:29:33 - [MESSAGE][PASSED] - Get CSS 'box-shadow' value on 'Object Repository/CheckOutForm/input_PO' successfully: 'rgb(99, 99, 99) 0px -3px 0px 0px inset'.

2022-01-16 00:29:33 - [MESSAGE][PASSED] - Actual object 'rgb(99, 99, 99) 0px -3px 0px 0px inset' and expected object 'rgb(99, 99, 99) 0px -3px 0px 0px inset' are equal

2022-01-16 00:29:33 - [MESSAGE][PASSED] - Text 'test1155' is set on object 'Object Repository/CheckOutForm/input_PO'

2022-01-16 00:29:34 - [MESSAGE][PASSED] - Text 'test comment' is set on object 'Object Repository/CheckOutForm/input_comments'

2022-01-16 00:29:35 - [MESSAGE][PASSED] - Object: 'Object Repository/CheckOutForm/a_reviewOrder' is clicked on

2022-01-16 00:29:35 - [TEST_STEP][PASSED] - CheckoutPageValidation.verifyNavigationToCheckoutDetails(): Text of object 'Object Repository/CheckOut Details/h1_checkoutHeader' is: 'CHECKOUT'

2022-01-16 00:29:35 - [MESSAGE][PASSED] - Current window's title is: 'Checkout - Cleaner's Supply'

2022-01-16 00:29:35 - [MESSAGE][PASSED] - Current window's url is: 'https://www.cleanersupply.com/checkout/'

2022-01-16 00:29:36 - [MESSAGE][PASSED] - Text of object 'Object Repository/CheckOut Details/h1_checkoutHeader' is: 'CHECKOUT'

2022-01-16 00:29:36 - [TEST_STEP][PASSED] - CheckoutPageHelpers.ShippingAddressDiv(): Text of object 'Object Repository/CheckOut Details/h2_shippingAddrDivHeader' is: 'SHIPPING ADDRESS'

2022-01-16 00:29:36 - [MESSAGE][PASSED] - Scroll to object 'Object Repository/CheckOut Details/div_shippingAddr' successfully

2022-01-16 00:29:37 - [MESSAGE][PASSED] - Object 'Object Repository/CheckOut Details/div_shippingAddr' is visible

2022-01-16 00:29:37 - [MESSAGE][PASSED] - Get CSS 'background-color' value on 'Object Repository/CheckOut Details/div_shippingAddr' successfully: 'rgb(241, 242, 242)'.

2022-01-16 00:29:37 - [MESSAGE][PASSED] - Object 'Object Repository/CheckOut Details/h2_shippingAddrDivHeader' is visible

2022-01-16 00:29:38 - [MESSAGE][PASSED] - Text of object 'Object Repository/CheckOut Details/h2_shippingAddrDivHeader' is: 'SHIPPING ADDRESS'

2022-01-16 00:29:38 - [TEST_STEP][PASSED] - CheckoutPageHelpers.ShippingDetailsInCeckout(): Text of object 'Object Repository/CheckOut Details/span_shippingAddressDetails' is: 'testCompany
FNameTest lnameValueTest
addres1Test
address2 test
Palestine, AZ 55555
541-143-1030 x1
United States'

2022-01-16 00:29:38 - [MESSAGE][PASSED] - Text of object 'Object Repository/CheckOut Details/span_shippingAddressDetails' is: 'testCompany
FNameTest lnameValueTest
addres1Test
address2 test
Palestine, AZ 55555
541-143-1030 x1
United States'

2022-01-16 00:29:38 - [TEST_STEP][PASSED] - CheckoutPageHelpers.standardShippingAddress(): Object: 'Object Repository/CheckOut Details/a_shippingOptionLink' is clicked on

2022-01-16 00:29:38 - [MESSAGE][PASSED] - Object 'Object Repository/CheckOut Details/dic_standardShiping' is visible

2022-01-16 00:29:38 - [MESSAGE][PASSED] - Get CSS 'background-color' value on 'Object Repository/CheckOut Details/dic_standardShiping' successfully: 'rgb(241, 242, 242)'.

2022-01-16 00:29:39 - [MESSAGE][PASSED] - Attribute 'class' of object 'Object Repository/CheckOut Details/a_shippingOptionLink' is: 'pull-right collapsed'

2022-01-16 00:29:39 - [MESSAGE][PASSED] - Object: 'Object Repository/CheckOut Details/a_shippingOptionLink' is clicked on

2022-01-16 00:29:39 - [MESSAGE][PASSED] - Attribute 'class' of object 'Object Repository/CheckOut Details/a_shippingOptionLink' is: 'pull-right'

2022-01-16 00:29:40 - [MESSAGE][PASSED] - Object: 'Object Repository/CheckOut Details/a_shippingOptionLink' is clicked on

2022-01-16 00:29:40 - [TEST_STEP][PASSED] - CheckoutPageHelpers.paymentMethodDiv(): Text of object 'Object Repository/CheckOut Details/h2_paymentMethodHeader' is: 'PAYMENT METHOD'

2022-01-16 00:29:42 - [MESSAGE][PASSED] - Object 'Object Repository/CheckOut Details/h2_paymentMethodHeader' is visible

2022-01-16 00:29:42 - [MESSAGE][PASSED] - Text of object 'Object Repository/CheckOut Details/h2_paymentMethodHeader' is: 'PAYMENT METHOD'

2022-01-16 00:29:42 - [TEST_STEP][PASSED] - CheckoutPageHelpers.verifyPaymentMethodDetails(): Attribute 'value' of object 'Object Repository/CheckOut Details/input_paymentMethodComment' is: 'test comment'

2022-01-16 00:29:42 - [MESSAGE][PASSED] - Text of object 'Object Repository/CheckOut Details/span_paymentMethodDetails' is: 'AmericanExpress **** 9273
Razan
Expires: 1/30'

2022-01-16 00:29:42 - [MESSAGE][PASSED] - Object 'Object Repository/CheckOut Details/div_PoNoDiv' is visible

2022-01-16 00:29:43 - [MESSAGE][PASSED] - Attribute 'value' of object 'Object Repository/CheckOut Details/input_paymentMethodPo' is: 'test1155'

2022-01-16 00:29:43 - [MESSAGE][PASSED] - Attribute 'value' of object 'Object Repository/CheckOut Details/input_paymentMethodComment' is: 'test comment'

2022-01-16 00:29:43 - [TEST_STEP][PASSED] - Video: Video recording for test case 'Test Cases/Checkout Scenario/Quick Order' .

2022-01-16 00:29:43 - [MESSAGE][INFO] - Video recording for test case 'Test Cases/Checkout Scenario/Quick Order' .]]></system-out>
         <system-err><![CDATA[]]></system-err>
      </testcase>
      <testcase name="Test Cases/Checkout Scenario/Category" time="109.819" classname="Test Cases/Checkout Scenario/Category" status="PASSED">
         <system-out><![CDATA[2022-01-16 00:29:43 - [TEST_CASE][PASSED] - Test Cases/Checkout Scenario/Category: Test Cases/Checkout Scenario/Category

2022-01-16 00:29:43 - [TEST_STEP][PASSED] - GeneralHelpers.initScenario(): Current window's url is: 'https://www.cleanersupply.com/'

2022-01-16 00:29:43 - [MESSAGE][WARNING] - A browser is already opened. Closing browser and opening a new one

2022-01-16 00:29:44 - [MESSAGE][INFO] - Starting 'Firefox' driver

2022-01-16 00:29:44 - [MESSAGE][INFO] - Action delay is set to 0 milliseconds

2022-01-16 00:29:48 - [MESSAGE][PASSED] - Browser is opened with url: ''

2022-01-16 00:29:48 - [MESSAGE][PASSED] - Current window maximized

2022-01-16 00:29:56 - [MESSAGE][PASSED] - Navigate to 'https://www.cleanersupply.com/' successfully

2022-01-16 00:29:56 - [MESSAGE][PASSED] - Wait for page load successfully

2022-01-16 00:29:56 - [MESSAGE][PASSED] - Current window's title is: 'Cleaner's Supply - Dry Cleaning Supplies'

2022-01-16 00:29:57 - [MESSAGE][PASSED] - Current window's title is: 'Cleaner's Supply - Dry Cleaning Supplies'

2022-01-16 00:29:57 - [MESSAGE][PASSED] - Current window's url is: 'https://www.cleanersupply.com/'

2022-01-16 00:29:57 - [TEST_STEP][PASSED] - computerRegister = "Object Repository/Category/a_ComputerRegister": null

2022-01-16 00:29:57 - [TEST_STEP][PASSED] - CategoryScActions.hovertags(): Object: 'Object Repository/Category/a_tags' is hovered

2022-01-16 00:29:58 - [MESSAGE][PASSED] - Object: 'Object Repository/Category/a_tags' is hovered

2022-01-16 00:29:58 - [TEST_STEP][PASSED] - tags = "Object Repository/Category/a_tags": null

2022-01-16 00:29:58 - [TEST_STEP][PASSED] - CategoryValidations.checkanchorHoverColorBackground(tags, moveColr, whiteColor): Get CSS 'background-color' value on 'Object Repository/Category/a_tags' successfully: 'rgb(255, 255, 255)'.

2022-01-16 00:29:59 - [MESSAGE][PASSED] - Get CSS 'color' value on 'Object Repository/Category/a_tags' successfully: 'rgb(82, 36, 127)'.

2022-01-16 00:30:00 - [MESSAGE][PASSED] - Get CSS 'background-color' value on 'Object Repository/Category/a_tags' successfully: 'rgb(255, 255, 255)'.

2022-01-16 00:30:00 - [TEST_STEP][PASSED] - CategoryValidations.checkHoverFlyMenuVisibility(): Attribute 'class' of object 'Object Repository/Category/ul_flyMenu' is: 'nav navbar-nav navbar-left open-desktop'

2022-01-16 00:30:00 - [MESSAGE][PASSED] - Object 'Object Repository/Category/ul_flyMenu' is visible

2022-01-16 00:30:00 - [MESSAGE][PASSED] - Attribute 'class' of object 'Object Repository/Category/ul_flyMenu' is: 'nav navbar-nav navbar-left open-desktop'

2022-01-16 00:30:00 - [TEST_STEP][PASSED] - CategorySCHelpers.navigateComputerRegister(): Current window's title is: 'Computer & Register - Cleaner's Supply'

2022-01-16 00:30:02 - [MESSAGE][PASSED] - Object: 'Object Repository/Category/a_ComputerRegister' is hovered

2022-01-16 00:30:03 - [MESSAGE][PASSED] - Get CSS 'color' value on 'Object Repository/Category/a_ComputerRegister' successfully: 'rgb(82, 36, 127)'.

2022-01-16 00:30:03 - [MESSAGE][PASSED] - Get CSS 'text-transform' value on 'Object Repository/Category/a_ComputerRegister' successfully: 'uppercase'.

2022-01-16 00:30:06 - [MESSAGE][PASSED] - Object: 'Object Repository/Category/a_ComputerRegister' is clicked on

2022-01-16 00:30:06 - [MESSAGE][PASSED] - Current window's url is: 'https://www.cleanersupply.com/Tags-Forms/Computer-Register/'

2022-01-16 00:30:06 - [MESSAGE][PASSED] - Current window's title is: 'Computer & Register - Cleaner's Supply'

2022-01-16 00:30:06 - [TEST_STEP][PASSED] - CategoryValidations.validatespanText(computerRegisterspan): Text of object 'Object Repository/Category/span_omputerRegister' is: 'COMPUTER & REGISTER TAGS & FORMS'

2022-01-16 00:30:07 - [MESSAGE][PASSED] - Text of object 'Object Repository/Category/span_omputerRegister' is: 'COMPUTER & REGISTER TAGS & FORMS'

2022-01-16 00:30:07 - [TEST_STEP][PASSED] - CategoryScActions.getDefaultProjectCategoryFilter(expectedProductNum): Text of object 'Object Repository/Category/h2_productNum' is: '74 PRODUCTS'

2022-01-16 00:30:09 - [MESSAGE][PASSED] - Text of object 'Object Repository/Category/h2_productNum' is: '74 PRODUCTS'

2022-01-16 00:30:09 - [TEST_STEP][PASSED] - CategoryScActions.getDefaultValueOfSortBy(sortByDefault): Text of object 'Object Repository/Category/span_featuredDefault' is: 'Featured'

2022-01-16 00:30:10 - [MESSAGE][PASSED] - Text of object 'Object Repository/Category/span_featuredDefault' is: 'Featured'

2022-01-16 00:30:10 - [TEST_STEP][PASSED] - CategoryScActions.getDefaultManufacturar(manufacturarDefault): Text of object 'Object Repository/Category/span_manuDefault' is: 'Manufacturer'

2022-01-16 00:30:10 - [MESSAGE][PASSED] - Text of object 'Object Repository/Category/span_manuDefault' is: 'Manufacturer'

2022-01-16 00:30:10 - [TEST_STEP][PASSED] - CategoryScActions.getDefaultModal(defaultmodal): Text of object 'Object Repository/Category/span_defaultFilterModal' is: 'Model #'

2022-01-16 00:30:10 - [MESSAGE][PASSED] - Text of object 'Object Repository/Category/span_defaultFilterModal' is: 'Model #'

2022-01-16 00:30:10 - [TEST_STEP][PASSED] - CategoryScActions.clickOnManuWithassertOPened(menuExpandValue): Attribute 'aria-expanded' of object 'Object Repository/Category/sp001Casiprodoct/ul_manufature' is: 'true'

2022-01-16 00:30:11 - [MESSAGE][PASSED] - Object: 'Object Repository/Category/span_manuDefault' is clicked on

2022-01-16 00:30:11 - [MESSAGE][PASSED] - Attribute 'aria-expanded' of object 'Object Repository/Category/sp001Casiprodoct/ul_manufature' is: 'true'

2022-01-16 00:30:11 - [TEST_STEP][PASSED] - CategorySCHelpers.selectCasioManufacturar(): Text of object 'Object Repository/Category/h2_productNum' is: '2 PRODUCTS'

2022-01-16 00:30:12 - [MESSAGE][PASSED] - Object: 'Object Repository/Category/a_casio' is clicked on

2022-01-16 00:30:13 - [MESSAGE][PASSED] - Attribute 'title' of object 'Object Repository/Category/button_afterSelectCasio' is: 'Casio'

2022-01-16 00:30:13 - [MESSAGE][PASSED] - Text of object 'Object Repository/Category/a_casioSelectedFilter' is: 'Casio'

2022-01-16 00:30:14 - [MESSAGE][PASSED] - Text of object 'Object Repository/Category/h2_productNum' is: '2 PRODUCTS'

2022-01-16 00:30:14 - [TEST_STEP][PASSED] - CategorySCHelpers.selectModalsp1000(): Text of object 'Object Repository/Category/A_SP001selectedFilter' is: 'SP1000'

2022-01-16 00:30:14 - [MESSAGE][PASSED] - Object 'Object Repository/Category/div_collabse1' has attribute 'aria-expanded' with value 'true'

2022-01-16 00:30:14 - [MESSAGE][PASSED] - Object: 'Object Repository/Category/button_modalNum' is clicked on

2022-01-16 00:30:15 - [MESSAGE][PASSED] - Object: 'Object Repository/Category/a_sp001' is clicked on

2022-01-16 00:30:16 - [MESSAGE][PASSED] - Attribute 'title' of object 'Object Repository/Category/a_sp001' is: ''

2022-01-16 00:30:16 - [MESSAGE][PASSED] - Text of object 'Object Repository/Category/A_SP001selectedFilter' is: 'SP1000'

2022-01-16 00:30:16 - [TEST_STEP][PASSED] - CategorySCHelpers.EnterCasioSP1000Product(): Object: 'Object Repository/Category/sp001Casiprodoct/a_product' is clicked on

2022-01-16 00:30:16 - [MESSAGE][PASSED] - Text of object 'Object Repository/Category/sp001Casiprodoct/h2_sp1000CasioTitle' is: 'EPSON PRINTER INDELIBOND INK RIBBONS #TM290, ERC27 - 6/BOX'

2022-01-16 00:30:16 - [MESSAGE][PASSED] - Actual object 'EPSON PRINTER INDELIBOND INK RIBBONS #TM290, ERC27 - 6/BOX' and expected object 'EPSON PRINTER INDELIBOND INK RIBBONS #TM290, ERC27 - 6/BOX' are equal

2022-01-16 00:30:17 - [MESSAGE][PASSED] - Text of object 'Object Repository/Category/sp001Casiprodoct/span_SP1000CasioProductMinPrice' is: '$15.54'

2022-01-16 00:30:17 - [MESSAGE][PASSED] - Actual object '$15.54' and expected object '$15.54' are equal

2022-01-16 00:30:17 - [MESSAGE][PASSED] - Text of object 'Object Repository/Category/sp001Casiprodoct/span_sp1000CasioProductMaxPrice' is: '$20.94'

2022-01-16 00:30:17 - [MESSAGE][PASSED] - Actual object '$20.94' and expected object '$20.94' are equal

2022-01-16 00:30:20 - [MESSAGE][PASSED] - Object: 'Object Repository/Category/sp001Casiprodoct/a_product' is clicked on

2022-01-16 00:30:20 - [TEST_STEP][PASSED] - CategorySCHelpers.ValidateCasioSP1000ProductDetails(): Actual object 'EPSON PRINTER INDELIBOND INK RIBBONS #TM290, ERC27 - 6/BOX' and expected object 'EPSON PRINTER INDELIBOND INK RIBBONS #TM290, ERC27 - 6/BOX' are equal

2022-01-16 00:30:21 - [MESSAGE][PASSED] - Text of object 'Object Repository/Category/sp1000CasioProductDetails/h1_sp1000CasioProduct' is: 'EPSON PRINTER INDELIBOND INK RIBBONS #TM290, ERC27 - 6/BOX'

2022-01-16 00:30:21 - [MESSAGE][PASSED] - Actual object 'EPSON PRINTER INDELIBOND INK RIBBONS #TM290, ERC27 - 6/BOX' and expected object 'EPSON PRINTER INDELIBOND INK RIBBONS #TM290, ERC27 - 6/BOX' are equal

2022-01-16 00:30:21 - [TEST_STEP][PASSED] - CategorySCHelpers.enterTenItemsFromProduct(): Current window's title is: 'Epson Printer Indelibond Ink Ribbons #TM290, ERC27 - 6/Box - Cleaner's Supply'

2022-01-16 00:30:23 - [MESSAGE][PASSED] - Text of object 'Object Repository/Category/span_badge' is: '0'

2022-01-16 00:30:23 - [MESSAGE][PASSED] - Actual object '0' and expected object '0' are equal

2022-01-16 00:30:24 - [MESSAGE][PASSED] - Text of object 'Object Repository/Category/sp1000CasioProductDetails/input_quantity' is cleared

2022-01-16 00:30:24 - [MESSAGE][PASSED] - Keys 'BACK_SPACE + ' sent to object: 'Object Repository/Category/sp1000CasioProductDetails/input_quantity'

2022-01-16 00:30:25 - [MESSAGE][PASSED] - Text '10' is set on object 'Object Repository/Category/sp1000CasioProductDetails/input_quantity'

2022-01-16 00:30:26 - [MESSAGE][PASSED] - Object: 'Object Repository/Category/sp1000CasioProductDetails/h1_sp1000CasioProduct' is clicked on

2022-01-16 00:30:26 - [MESSAGE][PASSED] - Text of object 'Object Repository/Product details/h1_productName' is: 'EPSON PRINTER INDELIBOND INK RIBBONS #TM290, ERC27 - 6/BOX'

2022-01-16 00:30:27 - [MESSAGE][PASSED] - Attribute 'value' of object 'Object Repository/Product details/input_productQuantity' is: '10'

2022-01-16 00:30:27 - [MESSAGE][PASSED] - Text of object 'Object Repository/Product details/span_skuNumber' is: 'RIB290'

2022-01-16 00:30:27 - [MESSAGE][PASSED] - Text of object 'Object Repository/Product details/span_productPrice' is: '$15.54'

2022-01-16 00:30:28 - [MESSAGE][PASSED] - Object: 'Object Repository/Product details/button_addToCart' is clicked on

2022-01-16 00:30:28 - [MESSAGE][PASSED] - Current window's title is: 'Epson Printer Indelibond Ink Ribbons #TM290, ERC27 - 6/Box - Cleaner's Supply'

2022-01-16 00:30:28 - [TEST_STEP][PASSED] - MiniCartHelpers.hoverOnMiniCartHeader(): Text of object 'Object Repository/Mini Cart/span_cartCounterPadge' is: '1'

2022-01-16 00:30:29 - [MESSAGE][PASSED] - Object: 'Object Repository/Mini Cart/a_miniCartLink' is hovered

2022-01-16 00:30:29 - [MESSAGE][PASSED] - Get CSS 'background-color' value on 'Object Repository/Mini Cart/a_miniCartLink' successfully: 'rgb(255, 255, 255)'.

2022-01-16 00:30:30 - [MESSAGE][PASSED] - Get CSS 'color' value on 'Object Repository/Mini Cart/a_miniCartLink' successfully: 'rgb(82, 36, 127)'.

2022-01-16 00:30:31 - [MESSAGE][PASSED] - Text of object 'Object Repository/Mini Cart/span_miniCartSubTotal' is: '$155.40'

2022-01-16 00:30:32 - [MESSAGE][PASSED] - Text of object 'Object Repository/Mini Cart/span_cartCounterPadge' is: '1'

2022-01-16 00:30:33 - [TEST_STEP][PASSED] - MiniCartActions.navigateToCartPage(): Object: 'Object Repository/Mini Cart/a_miniCartLink' is clicked on

2022-01-16 00:30:35 - [MESSAGE][PASSED] - Object: 'Object Repository/Mini Cart/a_miniCartLink' is clicked on

2022-01-16 00:30:35 - [TEST_STEP][PASSED] - ShoppingCartHelpers.navigateToCartPage(): Text of object 'Object Repository/Shopping Cart/td_summaryTotalSubTotal' is: '$155.40'

2022-01-16 00:30:40 - [MESSAGE][PASSED] - Text of object 'Object Repository/Mini Cart/span_cartCounterPadge' is: '1'

2022-01-16 00:30:40 - [MESSAGE][PASSED] - Text of object 'Object Repository/Shopping Cart/td_summaryTableItemCount' is: 'SUBTOTAL (1 ITEM)'

2022-01-16 00:30:41 - [MESSAGE][PASSED] - Text of object 'Object Repository/Shopping Cart/td_summaryTableTotal' is: '$155.40'

2022-01-16 00:30:42 - [MESSAGE][PASSED] - Text of object 'Object Repository/Shopping Cart/td_summaryTotalSubTotal' is: '$155.40'

2022-01-16 00:30:43 - [TEST_STEP][PASSED] - ShoppingCartHelpers.navigateToCheckoutPage(): Object: 'Object Repository/Shopping Cart/button_proceedToCheckout' is clicked on

2022-01-16 00:30:43 - [MESSAGE][PASSED] - Object: 'Object Repository/Shopping Cart/a_shoppingCartProductTitle' is hovered

2022-01-16 00:30:43 - [MESSAGE][PASSED] - Get CSS 'background-color' value on 'Object Repository/Shopping Cart/button_proceedToCheckout' successfully: 'rgb(82, 36, 127)'.

2022-01-16 00:30:44 - [MESSAGE][PASSED] - Get CSS 'color' value on 'Object Repository/Shopping Cart/button_proceedToCheckout' successfully: 'rgb(255, 255, 255)'.

2022-01-16 00:30:44 - [MESSAGE][PASSED] - Object: 'Object Repository/Shopping Cart/button_proceedToCheckout' is hovered

2022-01-16 00:30:44 - [MESSAGE][PASSED] - Get CSS 'box-shadow' value on 'Object Repository/Shopping Cart/button_proceedToCheckout' successfully: 'rgba(0, 0, 0, 0.3) 0px 0px 10px 2px'.

2022-01-16 00:30:46 - [MESSAGE][PASSED] - Object: 'Object Repository/Shopping Cart/button_proceedToCheckout' is clicked on

2022-01-16 00:30:46 - [TEST_STEP][PASSED] - CheckoutPageHelpers.initCheckoutPage(): Unable to find the element located by 'By.xpath: '. Please recheck the objects properties to make sure the desired element is located. 

2022-01-16 00:30:47 - [MESSAGE][PASSED] - Text of object 'Object Repository/CheckOut/span_checkoutTitleTotal' is: '$155.40'

2022-01-16 00:30:48 - [MESSAGE][PASSED] - Text of object 'Object Repository/CheckOut/td_summaryTableTotal' is: '$155.40'

2022-01-16 00:30:48 - [MESSAGE][PASSED] - Text of object 'Object Repository/CheckOut/td_summaryTotalSubTotal' is: '$155.40'

2022-01-16 00:30:48 - [MESSAGE][PASSED] - Text of object 'Object Repository/CheckOut/label_checkoutAsGuest' is: 'Checkout as Guest'

2022-01-16 00:30:48 - [MESSAGE][PASSED] - Object 'Object Repository/CheckOut/input_checkoutAsGuestRadioButton' is checked

2022-01-16 00:30:50 - [MESSAGE][INFO] - Unable to find the element located by 'By.cssSelector: table.product-table tbody tr td.product-table__price'. Please recheck the objects properties to make sure the desired element is located. 

2022-01-16 00:30:50 - [MESSAGE][WARNING] - [SELF-HEALING] Failed to find element with id 'Object Repository/Shopping Cart/td_shoppingCartProductPrice'. Try using Self-healing.

2022-01-16 00:30:51 - [MESSAGE][WARNING] - [SELF-HEALING] Cannot find elements when the XPath is null.

2022-01-16 00:30:52 - [MESSAGE][INFO] - Unable to find the element located by 'By.xpath: '. Please recheck the objects properties to make sure the desired element is located. 

2022-01-16 00:30:54 - [MESSAGE][INFO] - Unable to find the element located by 'By.cssSelector: table.product-table tbody tr td.product-table__quantity input[name="quantity"]'. Please recheck the objects properties to make sure the desired element is located. 

2022-01-16 00:30:54 - [MESSAGE][WARNING] - [SELF-HEALING] Failed to find element with id 'Object Repository/Shopping Cart/input_shoppingCartProductQuantity'. Try using Self-healing.

2022-01-16 00:30:54 - [MESSAGE][WARNING] - [SELF-HEALING] Cannot find elements when the XPath is null.

2022-01-16 00:30:55 - [MESSAGE][INFO] - Unable to find the element located by 'By.xpath: '. Please recheck the objects properties to make sure the desired element is located. 

2022-01-16 00:30:57 - [MESSAGE][INFO] - Unable to find the element located by 'By.cssSelector: table.product-table tbody tr td.product-table__total'. Please recheck the objects properties to make sure the desired element is located. 

2022-01-16 00:30:57 - [MESSAGE][WARNING] - [SELF-HEALING] Failed to find element with id 'Object Repository/Shopping Cart/td_shoppingCartProductTotal'. Try using Self-healing.

2022-01-16 00:30:57 - [MESSAGE][WARNING] - [SELF-HEALING] Cannot find elements when the XPath is null.

2022-01-16 00:30:58 - [MESSAGE][INFO] - Unable to find the element located by 'By.xpath: '. Please recheck the objects properties to make sure the desired element is located. 

2022-01-16 00:31:00 - [TEST_STEP][PASSED] - CheckoutPageHelpers.navigateToCheckoutInformationForm(): Object: 'Object Repository/CheckOut/button_continueButton' is clicked on

2022-01-16 00:31:02 - [MESSAGE][PASSED] - Object: 'Object Repository/CheckOut/button_continueButton' is clicked on

2022-01-16 00:31:02 - [TEST_STEP][PASSED] - checkOutFormHelper.fillCheckOutForm(): Object: 'Object Repository/CheckOutForm/a_reviewOrder' is clicked on

2022-01-16 00:31:03 - [MESSAGE][PASSED] - Current window's title is: 'Checkout - Cleaner's Supply'

2022-01-16 00:31:03 - [MESSAGE][PASSED] - Current window's url is: 'https://www.cleanersupply.com/checkout/'

2022-01-16 00:31:04 - [MESSAGE][PASSED] - Text of object 'Object Repository/CheckOutForm/h1_checkOutHeader' is: 'CHECKOUT'

2022-01-16 00:31:05 - [MESSAGE][PASSED] - Object: 'Object Repository/CheckOutForm/input_company' is focused

2022-01-16 00:31:05 - [MESSAGE][PASSED] - Get CSS 'box-shadow' value on 'Object Repository/CheckOutForm/input_company' successfully: 'rgb(99, 99, 99) 0px -3px 0px 0px inset'.

2022-01-16 00:31:05 - [MESSAGE][PASSED] - Actual object 'rgb(99, 99, 99) 0px -3px 0px 0px inset' and expected object 'rgb(99, 99, 99) 0px -3px 0px 0px inset' are equal

2022-01-16 00:31:06 - [MESSAGE][PASSED] - Text 'testCompany' is set on object 'Object Repository/CheckOutForm/input_company'

2022-01-16 00:31:06 - [MESSAGE][PASSED] - Object: 'Object Repository/CheckOutForm/input_fname' is focused

2022-01-16 00:31:06 - [MESSAGE][PASSED] - Get CSS 'box-shadow' value on 'Object Repository/CheckOutForm/input_fname' successfully: 'rgb(99, 99, 99) 0px -3px 0px 0px inset'.

2022-01-16 00:31:06 - [MESSAGE][PASSED] - Actual object 'rgb(99, 99, 99) 0px -3px 0px 0px inset' and expected object 'rgb(99, 99, 99) 0px -3px 0px 0px inset' are equal

2022-01-16 00:31:07 - [MESSAGE][PASSED] - Text 'FNameTest' is set on object 'Object Repository/CheckOutForm/input_fname'

2022-01-16 00:31:08 - [MESSAGE][PASSED] - Object: 'Object Repository/CheckOutForm/input_lNAme' is focused

2022-01-16 00:31:08 - [MESSAGE][PASSED] - Get CSS 'box-shadow' value on 'Object Repository/CheckOutForm/input_lNAme' successfully: 'rgb(99, 99, 99) 0px -3px 0px 0px inset'.

2022-01-16 00:31:08 - [MESSAGE][PASSED] - Actual object 'rgb(99, 99, 99) 0px -3px 0px 0px inset' and expected object 'rgb(99, 99, 99) 0px -3px 0px 0px inset' are equal

2022-01-16 00:31:09 - [MESSAGE][PASSED] - Text 'lnameValueTest' is set on object 'Object Repository/CheckOutForm/input_lNAme'

2022-01-16 00:31:09 - [MESSAGE][PASSED] - Object: 'Object Repository/CheckOutForm/input_address' is focused

2022-01-16 00:31:10 - [MESSAGE][PASSED] - Get CSS 'box-shadow' value on 'Object Repository/CheckOutForm/input_address' successfully: 'rgb(99, 99, 99) 0px -3px 0px 0px inset'.

2022-01-16 00:31:10 - [MESSAGE][PASSED] - Actual object 'rgb(99, 99, 99) 0px -3px 0px 0px inset' and expected object 'rgb(99, 99, 99) 0px -3px 0px 0px inset' are equal

2022-01-16 00:31:10 - [MESSAGE][PASSED] - Text 'addres1Test' is set on object 'Object Repository/CheckOutForm/input_address'

2022-01-16 00:31:11 - [MESSAGE][PASSED] - Object: 'Object Repository/CheckOutForm/input_address2' is focused

2022-01-16 00:31:11 - [MESSAGE][PASSED] - Get CSS 'box-shadow' value on 'Object Repository/CheckOutForm/input_address2' successfully: 'rgb(99, 99, 99) 0px -3px 0px 0px inset'.

2022-01-16 00:31:11 - [MESSAGE][PASSED] - Actual object 'rgb(99, 99, 99) 0px -3px 0px 0px inset' and expected object 'rgb(99, 99, 99) 0px -3px 0px 0px inset' are equal

2022-01-16 00:31:12 - [MESSAGE][PASSED] - Text 'address2 test' is set on object 'Object Repository/CheckOutForm/input_address2'

2022-01-16 00:31:12 - [MESSAGE][PASSED] - Object: 'Object Repository/CheckOutForm/input_zipCode' is focused

2022-01-16 00:31:13 - [MESSAGE][PASSED] - Get CSS 'box-shadow' value on 'Object Repository/CheckOutForm/input_zipCode' successfully: 'rgb(99, 99, 99) 0px -3px 0px 0px inset'.

2022-01-16 00:31:13 - [MESSAGE][PASSED] - Actual object 'rgb(99, 99, 99) 0px -3px 0px 0px inset' and expected object 'rgb(99, 99, 99) 0px -3px 0px 0px inset' are equal

2022-01-16 00:31:14 - [MESSAGE][PASSED] - Text '55555' is set on object 'Object Repository/CheckOutForm/input_zipCode'

2022-01-16 00:31:14 - [MESSAGE][PASSED] - Object: 'Object Repository/CheckOutForm/input_city' is focused

2022-01-16 00:31:15 - [MESSAGE][PASSED] - Get CSS 'box-shadow' value on 'Object Repository/CheckOutForm/input_city' successfully: 'rgb(99, 99, 99) 0px -3px 0px 0px inset'.

2022-01-16 00:31:15 - [MESSAGE][PASSED] - Actual object 'rgb(99, 99, 99) 0px -3px 0px 0px inset' and expected object 'rgb(99, 99, 99) 0px -3px 0px 0px inset' are equal

2022-01-16 00:31:15 - [MESSAGE][PASSED] - Text 'Palestine' is set on object 'Object Repository/CheckOutForm/input_city'

2022-01-16 00:31:16 - [MESSAGE][PASSED] - Object: 'Object Repository/CheckOutForm/input_phoneNum' is focused

2022-01-16 00:31:16 - [MESSAGE][PASSED] - Get CSS 'box-shadow' value on 'Object Repository/CheckOutForm/input_phoneNum' successfully: 'rgb(99, 99, 99) 0px -3px 0px 0px inset'.

2022-01-16 00:31:16 - [MESSAGE][PASSED] - Actual object 'rgb(99, 99, 99) 0px -3px 0px 0px inset' and expected object 'rgb(99, 99, 99) 0px -3px 0px 0px inset' are equal

2022-01-16 00:31:17 - [MESSAGE][PASSED] - Text '541-143-1030' is set on object 'Object Repository/CheckOutForm/input_phoneNum'

2022-01-16 00:31:17 - [MESSAGE][PASSED] - Object: 'Object Repository/CheckOutForm/input_phoneExt' is focused

2022-01-16 00:31:18 - [MESSAGE][PASSED] - Get CSS 'box-shadow' value on 'Object Repository/CheckOutForm/input_phoneExt' successfully: 'rgb(99, 99, 99) 0px -3px 0px 0px inset'.

2022-01-16 00:31:18 - [MESSAGE][PASSED] - Actual object 'rgb(99, 99, 99) 0px -3px 0px 0px inset' and expected object 'rgb(99, 99, 99) 0px -3px 0px 0px inset' are equal

2022-01-16 00:31:18 - [MESSAGE][PASSED] - Text '1' is set on object 'Object Repository/CheckOutForm/input_phoneExt'

2022-01-16 00:31:19 - [MESSAGE][PASSED] - Object: 'Object Repository/CheckOutForm/input_phoneExt' is focused

2022-01-16 00:31:19 - [MESSAGE][PASSED] - Get CSS 'box-shadow' value on 'Object Repository/CheckOutForm/input_phoneExt' successfully: 'rgb(99, 99, 99) 0px -3px 0px 0px inset'.

2022-01-16 00:31:19 - [MESSAGE][PASSED] - Actual object 'rgb(99, 99, 99) 0px -3px 0px 0px inset' and expected object 'rgb(99, 99, 99) 0px -3px 0px 0px inset' are equal

2022-01-16 00:31:20 - [MESSAGE][PASSED] - Text '1' is set on object 'Object Repository/CheckOutForm/input_phoneExt'

2022-01-16 00:31:20 - [MESSAGE][PASSED] - Object: 'Object Repository/CheckOutForm/input_email' is focused

2022-01-16 00:31:20 - [MESSAGE][PASSED] - Get CSS 'box-shadow' value on 'Object Repository/CheckOutForm/input_email' successfully: 'rgb(99, 99, 99) 0px -3px 0px 0px inset'.

2022-01-16 00:31:20 - [MESSAGE][PASSED] - Actual object 'rgb(99, 99, 99) 0px -3px 0px 0px inset' and expected object 'rgb(99, 99, 99) 0px -3px 0px 0px inset' are equal

2022-01-16 00:31:21 - [MESSAGE][PASSED] - Text 'test@test.com' is set on object 'Object Repository/CheckOutForm/input_email'

2022-01-16 00:31:21 - [MESSAGE][PASSED] - Object: 'Object Repository/CheckOutForm/button_state' is clicked on

2022-01-16 00:31:22 - [MESSAGE][PASSED] - Object 'Object Repository/CheckOutForm/button_state' has attribute 'aria-expanded' with value 'true'

2022-01-16 00:31:22 - [MESSAGE][PASSED] - Object: 'Object Repository/CheckOutForm/a_state' is clicked on

2022-01-16 00:31:24 - [MESSAGE][PASSED] - Text of object 'Object Repository/CheckOutForm/span_selectedState' is: 'Arizona'

2022-01-16 00:31:24 - [MESSAGE][PASSED] - Object: 'Object Repository/CheckOutForm/input_creditCardName' is focused

2022-01-16 00:31:25 - [MESSAGE][PASSED] - Get CSS 'box-shadow' value on 'Object Repository/CheckOutForm/input_creditCardName' successfully: 'rgb(99, 99, 99) 0px -3px 0px 0px inset'.

2022-01-16 00:31:25 - [MESSAGE][PASSED] - Actual object 'rgb(99, 99, 99) 0px -3px 0px 0px inset' and expected object 'rgb(99, 99, 99) 0px -3px 0px 0px inset' are equal

2022-01-16 00:31:25 - [MESSAGE][PASSED] - Text 'Razan' is set on object 'Object Repository/CheckOutForm/input_creditCardName'

2022-01-16 00:31:26 - [MESSAGE][PASSED] - Object: 'Object Repository/CheckOutForm/input_cardNumber' is focused

2022-01-16 00:31:26 - [MESSAGE][PASSED] - Get CSS 'box-shadow' value on 'Object Repository/CheckOutForm/input_cardNumber' successfully: 'rgb(99, 99, 99) 0px -3px 0px 0px inset'.

2022-01-16 00:31:26 - [MESSAGE][PASSED] - Actual object 'rgb(99, 99, 99) 0px -3px 0px 0px inset' and expected object 'rgb(99, 99, 99) 0px -3px 0px 0px inset' are equal

2022-01-16 00:31:27 - [MESSAGE][PASSED] - Text '379936489179273' is set on object 'Object Repository/CheckOutForm/input_cardNumber'

2022-01-16 00:31:27 - [MESSAGE][PASSED] - Object: 'Object Repository/CheckOutForm/input_cvv' is focused

2022-01-16 00:31:28 - [MESSAGE][PASSED] - Get CSS 'box-shadow' value on 'Object Repository/CheckOutForm/input_cvv' successfully: 'rgb(99, 99, 99) 0px -3px 0px 0px inset'.

2022-01-16 00:31:28 - [MESSAGE][PASSED] - Actual object 'rgb(99, 99, 99) 0px -3px 0px 0px inset' and expected object 'rgb(99, 99, 99) 0px -3px 0px 0px inset' are equal

2022-01-16 00:31:28 - [MESSAGE][PASSED] - Text '2222' is set on object 'Object Repository/CheckOutForm/input_cvv'

2022-01-16 00:31:29 - [MESSAGE][PASSED] - Object: 'Object Repository/CheckOutForm/button_expirationDate' is clicked on

2022-01-16 00:31:30 - [MESSAGE][PASSED] - Object: 'Object Repository/CheckOutForm/button_expirationYear' is clicked on

2022-01-16 00:31:31 - [MESSAGE][PASSED] - Object: 'Object Repository/CheckOutForm/input_PO' is focused

2022-01-16 00:31:31 - [MESSAGE][PASSED] - Get CSS 'box-shadow' value on 'Object Repository/CheckOutForm/input_PO' successfully: 'rgb(99, 99, 99) 0px -3px 0px 0px inset'.

2022-01-16 00:31:31 - [MESSAGE][PASSED] - Actual object 'rgb(99, 99, 99) 0px -3px 0px 0px inset' and expected object 'rgb(99, 99, 99) 0px -3px 0px 0px inset' are equal

2022-01-16 00:31:32 - [MESSAGE][PASSED] - Text 'test1155' is set on object 'Object Repository/CheckOutForm/input_PO'

2022-01-16 00:31:32 - [MESSAGE][PASSED] - Text 'test comment' is set on object 'Object Repository/CheckOutForm/input_comments'

2022-01-16 00:31:33 - [MESSAGE][PASSED] - Object: 'Object Repository/CheckOutForm/a_reviewOrder' is clicked on

2022-01-16 00:31:33 - [TEST_STEP][PASSED] - Video: Video recording for test case 'Test Cases/Checkout Scenario/Category' .

2022-01-16 00:31:33 - [MESSAGE][INFO] - Video recording for test case 'Test Cases/Checkout Scenario/Category' .]]></system-out>
         <system-err><![CDATA[]]></system-err>
      </testcase>
      <system-out><![CDATA[2022-01-16 00:24:52 - [TEST_SUITE][PASSED] - Checkout: Test Cases/Checkout Scenario/Category]]></system-out>
      <system-err><![CDATA[]]></system-err>
   </testsuite>
   <testsuite name="Header" tests="1" failures="0" errors="0" time="35.958" skipped="0" timestamp="2022-01-16 00:31:44" hostname="waleedafifi - localhost" id="Test Suites/Header">
      <properties>
         <property name="deviceName" value=""/>
         <property name="devicePlatform" value=""/>
         <property name="logFolder" value="/Users/waleedafifi/git/cleanersupply/Reports/20220116_001143/Header/20220116_001154"/>
         <property name="logFiles" value="/Users/waleedafifi/git/cleanersupply/Reports/20220116_001143/Header/20220116_001154/execution0.log"/>
         <property name="attachments" value=""/>
         <property name="hostName" value="waleedafifi - localhost"/>
         <property name="os" value="Mac OS X 64bit"/>
         <property name="katalonVersion" value="8.2.0.208"/>
         <property name="browser" value="Firefox 95.0"/>
         <property name="hostAddress" value="127.0.0.1"/>
         <property name="sessionId" value="e0a8797a-5e6a-4e23-9150-034ce3ede508"/>
         <property name="seleniumVersion" value="3.141.59"/>
         <property name="proxyInformation" value="ProxyInformation { proxyOption=NO_PROXY, proxyServerType=HTTP, username=, password=********, proxyServerAddress=, proxyServerPort=0, executionList=&quot;&quot;, isApplyToDesiredCapabilities=true }"/>
         <property name="platform" value="Mac OS X"/>
      </properties>
      <testcase name="Test Cases/Header/Primary Header TC" time="35.523" classname="Test Cases/Header/Primary Header TC" status="PASSED">
         <system-out><![CDATA[2022-01-16 00:31:45 - [TEST_CASE][PASSED] - Test Cases/Header/Primary Header TC: Test Cases/Header/Primary Header TC

2022-01-16 00:31:45 - [TEST_STEP][PASSED] - GeneralHelpers.initScenario(): Current window's url is: 'https://www.cleanersupply.com/'

2022-01-16 00:31:45 - [MESSAGE][INFO] - Starting 'Firefox' driver

2022-01-16 00:31:46 - [MESSAGE][INFO] - Action delay is set to 0 milliseconds

2022-01-16 00:31:50 - [MESSAGE][PASSED] - Browser is opened with url: ''

2022-01-16 00:31:51 - [MESSAGE][PASSED] - Current window maximized

2022-01-16 00:32:01 - [MESSAGE][PASSED] - Navigate to 'https://www.cleanersupply.com/' successfully

2022-01-16 00:32:01 - [MESSAGE][PASSED] - Wait for page load successfully

2022-01-16 00:32:01 - [MESSAGE][PASSED] - Current window's title is: 'Cleaner's Supply - Dry Cleaning Supplies'

2022-01-16 00:32:01 - [MESSAGE][PASSED] - Current window's title is: 'Cleaner's Supply - Dry Cleaning Supplies'

2022-01-16 00:32:01 - [MESSAGE][PASSED] - Current window's url is: 'https://www.cleanersupply.com/'

2022-01-16 00:32:01 - [TEST_STEP][PASSED] - PrimaryHeaderHelpers.topNav(): Object 'Object Repository/Primary Header/button_myAccount' is present

2022-01-16 00:32:04 - [MESSAGE][PASSED] - Get CSS 'background-color' value on 'Object Repository/Primary Header/div_navTop' successfully: 'rgb(255, 200, 11)'.

2022-01-16 00:32:05 - [MESSAGE][PASSED] - Object 'Object Repository/Primary Header/div_navTop' is present

2022-01-16 00:32:05 - [MESSAGE][PASSED] - Object 'Object Repository/Primary Header/div_headerSearch' is present

2022-01-16 00:32:05 - [MESSAGE][PASSED] - Object 'Object Repository/Primary Header/a_quickOrder' is present

2022-01-16 00:32:06 - [MESSAGE][PASSED] - Object 'Object Repository/Primary Header/img_logo' is present

2022-01-16 00:32:06 - [MESSAGE][PASSED] - Get CSS 'width' value on 'Object Repository/Primary Header/img_logo' successfully: '121px'.

2022-01-16 00:32:06 - [MESSAGE][PASSED] - Object 'Object Repository/Primary Header/header' is present

2022-01-16 00:32:06 - [MESSAGE][PASSED] - Object 'Object Repository/Primary Header/a_cart' is present

2022-01-16 00:32:07 - [MESSAGE][PASSED] - Object 'Object Repository/Primary Header/button_myAccount' is present

2022-01-16 00:32:07 - [TEST_STEP][PASSED] - PrimaryHeaderHelpers.rightLinkehoverEffect(): Get CSS 'color' value on 'Object Repository/Primary Header/i_iconReOrder' successfully: 'rgb(82, 36, 127)'.

2022-01-16 00:32:08 - [MESSAGE][PASSED] - Object: 'Object Repository/Primary Header/button_myAccount' is hovered

2022-01-16 00:32:08 - [MESSAGE][PASSED] - Get CSS 'color' value on 'Object Repository/Primary Header/i_iconMyAccount' successfully: 'rgb(82, 36, 127)'.

2022-01-16 00:32:08 - [MESSAGE][PASSED] - Object: 'Object Repository/Primary Header/a_quickOrder' is hovered

2022-01-16 00:32:09 - [MESSAGE][PASSED] - Get CSS 'color' value on 'Object Repository/Primary Header/i_iconQuickOrder' successfully: 'rgb(82, 36, 127)'.

2022-01-16 00:32:09 - [MESSAGE][PASSED] - Object: 'Object Repository/Primary Header/a_reOrder' is hovered

2022-01-16 00:32:09 - [MESSAGE][PASSED] - Get CSS 'color' value on 'Object Repository/Primary Header/i_iconReOrder' successfully: 'rgb(82, 36, 127)'.

2022-01-16 00:32:09 - [TEST_STEP][PASSED] - PrimaryHeaderHelpers.cartLinkHover(): Text of object 'Object Repository/Primary Header/span_emptCart' is: 'YOUR CART IS EMPTY
AND VERY SAD'

2022-01-16 00:32:10 - [MESSAGE][PASSED] - Object: 'Object Repository/Primary Header/a_cart' is hovered

2022-01-16 00:32:10 - [MESSAGE][PASSED] - Get CSS 'background-color' value on 'Object Repository/Mini Cart/a_miniCartLink' successfully: 'rgb(255, 255, 255)'.

2022-01-16 00:32:11 - [MESSAGE][PASSED] - Get CSS 'color' value on 'Object Repository/Mini Cart/a_miniCartLink' successfully: 'rgb(82, 36, 127)'.

2022-01-16 00:32:11 - [MESSAGE][PASSED] - Object 'Object Repository/Mini Cart/div_miniCartDropDown' is present

2022-01-16 00:32:11 - [MESSAGE][PASSED] - Text of object 'Object Repository/Primary Header/span_emptCart' is: 'YOUR CART IS EMPTY
AND VERY SAD'

2022-01-16 00:32:11 - [TEST_STEP][PASSED] - PrimaryHeaderHelpers.myAccountButton(): Object 'Object Repository/Primary Header/My Account/div.accountDropDown' is present

2022-01-16 00:32:12 - [MESSAGE][PASSED] - Object: 'Object Repository/Primary Header/button_myAccount' is clicked on

2022-01-16 00:32:12 - [MESSAGE][PASSED] - Attribute 'class' of object 'Object Repository/Primary Header/li_myAccount' is: 'dropdown hidden-mobile account-container open'

2022-01-16 00:32:12 - [MESSAGE][PASSED] - Object 'Object Repository/Primary Header/My Account/div.accountDropDown' is present

2022-01-16 00:32:12 - [TEST_STEP][PASSED] - PrimaryHeaderHelpers.headerTopBar(): Get CSS 'font-family' value on 'Object Repository/Primary Header/TobBar/a_headerShippingDetails' successfully: '"Nunito Sans", sans-serif'.

2022-01-16 00:32:13 - [MESSAGE][PASSED] - Object 'Object Repository/Primary Header/TobBar/div_topBarHeader' is present

2022-01-16 00:32:13 - [MESSAGE][PASSED] - Get CSS 'background-color' value on 'Object Repository/Primary Header/TobBar/div_topBarHeader' successfully: 'rgb(243, 243, 244)'.

2022-01-16 00:32:14 - [MESSAGE][PASSED] - Get CSS 'text-align' value on 'Object Repository/Primary Header/TobBar/div_infoHolder' successfully: 'center'.

2022-01-16 00:32:14 - [MESSAGE][PASSED] - Text of object 'Object Repository/Primary Header/TobBar/span_headerShippingInfo' is: 'FREE SHIPPING & RETURNS ON ORDERS OVER $99'

2022-01-16 00:32:14 - [MESSAGE][PASSED] - Get CSS 'font-weight' value on 'Object Repository/Primary Header/TobBar/span_headerShippingInfo' successfully: '900'.

2022-01-16 00:32:14 - [MESSAGE][PASSED] - Get CSS 'color' value on 'Object Repository/Primary Header/TobBar/span_headerShippingInfo' successfully: 'rgb(0, 0, 0)'.

2022-01-16 00:32:15 - [MESSAGE][PASSED] - Get CSS 'font-family' value on 'Object Repository/Primary Header/TobBar/span_headerShippingInfo' successfully: '"Nunito Sans", sans-serif'.

2022-01-16 00:32:15 - [MESSAGE][PASSED] - Get CSS 'font-weight' value on 'Object Repository/Primary Header/TobBar/a_headerShippingDetails' successfully: '400'.

2022-01-16 00:32:15 - [MESSAGE][PASSED] - Get CSS 'color' value on 'Object Repository/Primary Header/TobBar/a_headerShippingDetails' successfully: 'rgb(0, 0, 0)'.

2022-01-16 00:32:16 - [MESSAGE][PASSED] - Get CSS 'font-family' value on 'Object Repository/Primary Header/TobBar/a_headerShippingDetails' successfully: '"Nunito Sans", sans-serif'.

2022-01-16 00:32:16 - [TEST_STEP][PASSED] - PrimaryHeaderHelpers.shippingDetailsAction(): Get CSS 'text-decoration' value on 'Object Repository/Primary Header/TobBar/a_headerShippingDetails' successfully: 'underline rgb(0, 0, 0)'.

2022-01-16 00:32:16 - [MESSAGE][PASSED] - Object: 'Object Repository/Primary Header/TobBar/a_headerShippingDetails' is hovered

2022-01-16 00:32:16 - [MESSAGE][PASSED] - Get CSS 'text-decoration' value on 'Object Repository/Primary Header/TobBar/a_headerShippingDetails' successfully: 'underline rgb(0, 0, 0)'.

2022-01-16 00:32:16 - [TEST_STEP][PASSED] - PrimaryHeaderHelpers.customerService(): Get CSS 'font-family' value on 'Object Repository/Primary Header/TobBar/a_customerServiceLink' successfully: '"Nunito Sans", sans-serif'.

2022-01-16 00:32:17 - [MESSAGE][PASSED] - Object 'Object Repository/Primary Header/TobBar/div_customerServicesArea' is present

2022-01-16 00:32:18 - [MESSAGE][PASSED] - Get CSS 'font-weight' value on 'Object Repository/Primary Header/TobBar/span_customerAreaPhone' successfully: '700'.

2022-01-16 00:32:18 - [MESSAGE][PASSED] - Get CSS 'color' value on 'Object Repository/Primary Header/TobBar/span_customerAreaPhone' successfully: 'rgb(0, 0, 0)'.

2022-01-16 00:32:18 - [MESSAGE][PASSED] - Get CSS 'font-family' value on 'Object Repository/Primary Header/TobBar/span_customerAreaPhone' successfully: '"Nunito Sans", sans-serif'.

2022-01-16 00:32:18 - [MESSAGE][PASSED] - Get CSS 'font-weight' value on 'Object Repository/Primary Header/TobBar/a_customerServiceLink' successfully: '700'.

2022-01-16 00:32:19 - [MESSAGE][PASSED] - Get CSS 'color' value on 'Object Repository/Primary Header/TobBar/a_customerServiceLink' successfully: 'rgb(0, 0, 0)'.

2022-01-16 00:32:19 - [MESSAGE][PASSED] - Get CSS 'font-family' value on 'Object Repository/Primary Header/TobBar/a_customerServiceLink' successfully: '"Nunito Sans", sans-serif'.

2022-01-16 00:32:19 - [TEST_STEP][PASSED] - PrimaryHeaderHelpers.customerServiceLinkAction(): Get CSS 'text-decoration' value on 'Object Repository/Primary Header/TobBar/a_customerServiceLink' successfully: 'underline rgb(0, 0, 0)'.

2022-01-16 00:32:19 - [MESSAGE][PASSED] - Object: 'Object Repository/Primary Header/TobBar/a_customerServiceLink' is hovered

2022-01-16 00:32:20 - [MESSAGE][PASSED] - Get CSS 'text-decoration' value on 'Object Repository/Primary Header/TobBar/a_customerServiceLink' successfully: 'underline rgb(0, 0, 0)'.

2022-01-16 00:32:20 - [TEST_STEP][PASSED] - closeBrowser(): Browser is closed

2022-01-16 00:32:20 - [MESSAGE][PASSED] - Browser is closed

2022-01-16 00:32:20 - [TEST_STEP][PASSED] - Video: Video recording for test case 'Test Cases/Header/Primary Header TC' .

2022-01-16 00:32:20 - [MESSAGE][INFO] - Video recording for test case 'Test Cases/Header/Primary Header TC' .]]></system-out>
         <system-err><![CDATA[]]></system-err>
      </testcase>
      <system-out><![CDATA[2022-01-16 00:31:44 - [TEST_SUITE][PASSED] - Header: Test Cases/Header/Primary Header TC]]></system-out>
      <system-err><![CDATA[]]></system-err>
   </testsuite>
</testsuites>
