<?xml version="1.0" encoding="UTF-8"?>
<testsuites name="Cleaner Supply collection" time="800.033" tests="10" failures="4" errors="0">
   <testsuite name="Header" tests="1" failures="0" errors="0" time="55.221" skipped="0" timestamp="2022-01-15 18:14:17" hostname="waleedafifi - 192.168.1.104" id="Test Suites/Header">
      <properties>
         <property name="deviceName" value=""/>
         <property name="devicePlatform" value=""/>
         <property name="logFolder" value="/Users/waleedafifi/git/cleanersupply/Reports/20220115_181400/Header/20220115_181402"/>
         <property name="logFiles" value="/Users/waleedafifi/git/cleanersupply/Reports/20220115_181400/Header/20220115_181402/execution0.log"/>
         <property name="attachments" value=""/>
         <property name="hostName" value="waleedafifi - 192.168.1.104"/>
         <property name="os" value="Mac OS X 64bit"/>
         <property name="katalonVersion" value="8.2.0.208"/>
         <property name="browser" value="Chrome 97.0.4692.71"/>
         <property name="hostAddress" value="192.168.1.104"/>
         <property name="sessionId" value="18783e2a9c30d44a715a4acaa00497cd"/>
         <property name="seleniumVersion" value="3.141.59"/>
         <property name="proxyInformation" value="ProxyInformation { proxyOption=NO_PROXY, proxyServerType=HTTP, username=, password=********, proxyServerAddress=, proxyServerPort=0, executionList=&quot;&quot;, isApplyToDesiredCapabilities=true }"/>
         <property name="platform" value="Mac OS X"/>
      </properties>
      <testcase name="Test Cases/Header/Primary Header TC" time="54.758" classname="Test Cases/Header/Primary Header TC" status="PASSED">
         <system-out><![CDATA[2022-01-15 18:14:17 - [TEST_CASE][PASSED] - Test Cases/Header/Primary Header TC: Test Cases/Header/Primary Header TC

2022-01-15 18:14:18 - [TEST_STEP][PASSED] - GeneralHelpers.initScenario(): Current window's url is: 'https://www.cleanersupply.com/'

2022-01-15 18:14:18 - [MESSAGE][INFO] - Starting 'Chrome' driver

2022-01-15 18:14:18 - [MESSAGE][INFO] - Action delay is set to 0 milliseconds

2022-01-15 18:14:24 - [MESSAGE][PASSED] - Browser is opened with url: ''

2022-01-15 18:14:25 - [MESSAGE][PASSED] - Current window maximized

2022-01-15 18:14:46 - [MESSAGE][PASSED] - Navigate to 'https://www.cleanersupply.com/' successfully

2022-01-15 18:14:46 - [MESSAGE][PASSED] - Wait for page load successfully

2022-01-15 18:14:46 - [MESSAGE][PASSED] - Current window's title is: 'Cleaner's Supply - Dry Cleaning Supplies'

2022-01-15 18:14:46 - [MESSAGE][PASSED] - Current window's title is: 'Cleaner's Supply - Dry Cleaning Supplies'

2022-01-15 18:14:46 - [MESSAGE][PASSED] - Current window's url is: 'https://www.cleanersupply.com/'

2022-01-15 18:14:46 - [TEST_STEP][PASSED] - PrimaryHeaderHelpers.topNav(): Object 'Object Repository/Primary Header/button_myAccount' is present

2022-01-15 18:14:48 - [MESSAGE][PASSED] - Get CSS 'background-color' value on 'Object Repository/Primary Header/div_navTop' successfully: 'rgba(255, 200, 11, 1)'.

2022-01-15 18:14:49 - [MESSAGE][PASSED] - Object 'Object Repository/Primary Header/div_navTop' is present

2022-01-15 18:14:49 - [MESSAGE][PASSED] - Object 'Object Repository/Primary Header/div_headerSearch' is present

2022-01-15 18:14:50 - [MESSAGE][PASSED] - Object 'Object Repository/Primary Header/a_quickOrder' is present

2022-01-15 18:14:50 - [MESSAGE][PASSED] - Object 'Object Repository/Primary Header/img_logo' is present

2022-01-15 18:14:50 - [MESSAGE][PASSED] - Get CSS 'width' value on 'Object Repository/Primary Header/img_logo' successfully: '121px'.

2022-01-15 18:14:51 - [MESSAGE][PASSED] - Object 'Object Repository/Primary Header/header' is present

2022-01-15 18:14:51 - [MESSAGE][PASSED] - Object 'Object Repository/Primary Header/a_cart' is present

2022-01-15 18:14:52 - [MESSAGE][PASSED] - Object 'Object Repository/Primary Header/button_myAccount' is present

2022-01-15 18:14:52 - [TEST_STEP][PASSED] - PrimaryHeaderHelpers.rightLinkehoverEffect(): Get CSS 'color' value on 'Object Repository/Primary Header/i_iconReOrder' successfully: 'rgba(82, 36, 127, 1)'.

2022-01-15 18:14:53 - [MESSAGE][PASSED] - Object: 'Object Repository/Primary Header/button_myAccount' is hovered

2022-01-15 18:14:53 - [MESSAGE][PASSED] - Get CSS 'color' value on 'Object Repository/Primary Header/i_iconMyAccount' successfully: 'rgba(82, 36, 127, 1)'.

2022-01-15 18:14:54 - [MESSAGE][PASSED] - Object: 'Object Repository/Primary Header/a_quickOrder' is hovered

2022-01-15 18:14:54 - [MESSAGE][PASSED] - Get CSS 'color' value on 'Object Repository/Primary Header/i_iconQuickOrder' successfully: 'rgba(82, 36, 127, 1)'.

2022-01-15 18:14:55 - [MESSAGE][PASSED] - Object: 'Object Repository/Primary Header/a_reOrder' is hovered

2022-01-15 18:14:55 - [MESSAGE][PASSED] - Get CSS 'color' value on 'Object Repository/Primary Header/i_iconReOrder' successfully: 'rgba(82, 36, 127, 1)'.

2022-01-15 18:14:55 - [TEST_STEP][PASSED] - PrimaryHeaderHelpers.cartLinkHover(): Text of object 'Object Repository/Primary Header/span_emptCart' is: 'YOUR CART IS EMPTY
AND VERY SAD'

2022-01-15 18:14:56 - [MESSAGE][PASSED] - Object: 'Object Repository/Primary Header/a_cart' is hovered

2022-01-15 18:14:56 - [MESSAGE][PASSED] - Get CSS 'background-color' value on 'Object Repository/Mini Cart/a_miniCartLink' successfully: 'rgba(255, 255, 255, 1)'.

2022-01-15 18:14:57 - [MESSAGE][PASSED] - Get CSS 'color' value on 'Object Repository/Mini Cart/a_miniCartLink' successfully: 'rgba(82, 36, 127, 1)'.

2022-01-15 18:14:57 - [MESSAGE][PASSED] - Object 'Object Repository/Mini Cart/div_miniCartDropDown' is present

2022-01-15 18:14:58 - [MESSAGE][PASSED] - Text of object 'Object Repository/Primary Header/span_emptCart' is: 'YOUR CART IS EMPTY
AND VERY SAD'

2022-01-15 18:14:58 - [TEST_STEP][PASSED] - PrimaryHeaderHelpers.myAccountButton(): Object 'Object Repository/Primary Header/My Account/div.accountDropDown' is present

2022-01-15 18:14:58 - [MESSAGE][PASSED] - Object: 'Object Repository/Primary Header/button_myAccount' is clicked on

2022-01-15 18:14:59 - [MESSAGE][PASSED] - Attribute 'class' of object 'Object Repository/Primary Header/li_myAccount' is: 'dropdown hidden-mobile account-container open'

2022-01-15 18:14:59 - [MESSAGE][PASSED] - Object 'Object Repository/Primary Header/My Account/div.accountDropDown' is present

2022-01-15 18:14:59 - [TEST_STEP][PASSED] - PrimaryHeaderHelpers.headerTopBar(): Get CSS 'font-family' value on 'Object Repository/Primary Header/TobBar/a_headerShippingDetails' successfully: '"Nunito Sans", sans-serif'.

2022-01-15 18:15:00 - [MESSAGE][PASSED] - Object 'Object Repository/Primary Header/TobBar/div_topBarHeader' is present

2022-01-15 18:15:00 - [MESSAGE][PASSED] - Get CSS 'background-color' value on 'Object Repository/Primary Header/TobBar/div_topBarHeader' successfully: 'rgba(243, 243, 244, 1)'.

2022-01-15 18:15:00 - [MESSAGE][PASSED] - Get CSS 'text-align' value on 'Object Repository/Primary Header/TobBar/div_infoHolder' successfully: 'center'.

2022-01-15 18:15:01 - [MESSAGE][PASSED] - Text of object 'Object Repository/Primary Header/TobBar/span_headerShippingInfo' is: 'FREE SHIPPING & RETURNS ON ORDERS OVER $99'

2022-01-15 18:15:01 - [MESSAGE][PASSED] - Get CSS 'font-weight' value on 'Object Repository/Primary Header/TobBar/span_headerShippingInfo' successfully: '900'.

2022-01-15 18:15:02 - [MESSAGE][PASSED] - Get CSS 'color' value on 'Object Repository/Primary Header/TobBar/span_headerShippingInfo' successfully: 'rgba(0, 0, 0, 1)'.

2022-01-15 18:15:02 - [MESSAGE][PASSED] - Get CSS 'font-family' value on 'Object Repository/Primary Header/TobBar/span_headerShippingInfo' successfully: '"Nunito Sans", sans-serif'.

2022-01-15 18:15:03 - [MESSAGE][PASSED] - Get CSS 'font-weight' value on 'Object Repository/Primary Header/TobBar/a_headerShippingDetails' successfully: '400'.

2022-01-15 18:15:04 - [MESSAGE][PASSED] - Get CSS 'color' value on 'Object Repository/Primary Header/TobBar/a_headerShippingDetails' successfully: 'rgba(0, 0, 0, 1)'.

2022-01-15 18:15:04 - [MESSAGE][PASSED] - Get CSS 'font-family' value on 'Object Repository/Primary Header/TobBar/a_headerShippingDetails' successfully: '"Nunito Sans", sans-serif'.

2022-01-15 18:15:04 - [TEST_STEP][PASSED] - PrimaryHeaderHelpers.shippingDetailsAction(): Get CSS 'text-decoration' value on 'Object Repository/Primary Header/TobBar/a_headerShippingDetails' successfully: 'underline solid rgb(0, 0, 0)'.

2022-01-15 18:15:05 - [MESSAGE][PASSED] - Object: 'Object Repository/Primary Header/TobBar/a_headerShippingDetails' is hovered

2022-01-15 18:15:05 - [MESSAGE][PASSED] - Get CSS 'text-decoration' value on 'Object Repository/Primary Header/TobBar/a_headerShippingDetails' successfully: 'underline solid rgb(0, 0, 0)'.

2022-01-15 18:15:05 - [TEST_STEP][PASSED] - PrimaryHeaderHelpers.customerService(): Get CSS 'font-family' value on 'Object Repository/Primary Header/TobBar/a_customerServiceLink' successfully: '"Nunito Sans", sans-serif'.

2022-01-15 18:15:06 - [MESSAGE][PASSED] - Object 'Object Repository/Primary Header/TobBar/div_customerServicesArea' is present

2022-01-15 18:15:06 - [MESSAGE][PASSED] - Get CSS 'font-weight' value on 'Object Repository/Primary Header/TobBar/span_customerAreaPhone' successfully: '700'.

2022-01-15 18:15:06 - [MESSAGE][PASSED] - Get CSS 'color' value on 'Object Repository/Primary Header/TobBar/span_customerAreaPhone' successfully: 'rgba(0, 0, 0, 1)'.

2022-01-15 18:15:07 - [MESSAGE][PASSED] - Get CSS 'font-family' value on 'Object Repository/Primary Header/TobBar/span_customerAreaPhone' successfully: '"Nunito Sans", sans-serif'.

2022-01-15 18:15:07 - [MESSAGE][PASSED] - Get CSS 'font-weight' value on 'Object Repository/Primary Header/TobBar/a_customerServiceLink' successfully: '700'.

2022-01-15 18:15:08 - [MESSAGE][PASSED] - Get CSS 'color' value on 'Object Repository/Primary Header/TobBar/a_customerServiceLink' successfully: 'rgba(0, 0, 0, 1)'.

2022-01-15 18:15:08 - [MESSAGE][PASSED] - Get CSS 'font-family' value on 'Object Repository/Primary Header/TobBar/a_customerServiceLink' successfully: '"Nunito Sans", sans-serif'.

2022-01-15 18:15:08 - [TEST_STEP][PASSED] - PrimaryHeaderHelpers.customerServiceLinkAction(): Get CSS 'text-decoration' value on 'Object Repository/Primary Header/TobBar/a_customerServiceLink' successfully: 'underline solid rgb(0, 0, 0)'.

2022-01-15 18:15:08 - [MESSAGE][PASSED] - Object: 'Object Repository/Primary Header/TobBar/a_customerServiceLink' is hovered

2022-01-15 18:15:09 - [MESSAGE][PASSED] - Get CSS 'text-decoration' value on 'Object Repository/Primary Header/TobBar/a_customerServiceLink' successfully: 'underline solid rgb(0, 0, 0)'.

2022-01-15 18:15:09 - [TEST_STEP][PASSED] - closeBrowser(): Browser is closed

2022-01-15 18:15:09 - [MESSAGE][PASSED] - Browser is closed

2022-01-15 18:15:12 - [TEST_STEP][PASSED] - Video: Video recording for test case 'Test Cases/Header/Primary Header TC' .

2022-01-15 18:15:12 - [MESSAGE][INFO] - Video recording for test case 'Test Cases/Header/Primary Header TC' .]]></system-out>
         <system-err><![CDATA[]]></system-err>
      </testcase>
      <system-out><![CDATA[2022-01-15 18:14:17 - [TEST_SUITE][PASSED] - Header: Test Cases/Header/Primary Header TC]]></system-out>
      <system-err><![CDATA[]]></system-err>
   </testsuite>
   <testsuite name="Checkout" tests="3" failures="1" errors="0" time="357.747" skipped="0" timestamp="2022-01-15 18:15:26" hostname="waleedafifi - 192.168.1.104" id="Test Suites/Checkout">
      <properties>
         <property name="deviceName" value=""/>
         <property name="devicePlatform" value=""/>
         <property name="logFolder" value="/Users/waleedafifi/git/cleanersupply/Reports/20220115_181400/Checkout/20220115_181404"/>
         <property name="logFiles" value="/Users/waleedafifi/git/cleanersupply/Reports/20220115_181400/Checkout/20220115_181404/execution0.log"/>
         <property name="attachments" value=""/>
         <property name="hostName" value="waleedafifi - 192.168.1.104"/>
         <property name="os" value="Mac OS X 64bit"/>
         <property name="katalonVersion" value="8.2.0.208"/>
         <property name="browser" value="Chrome 97.0.4692.71"/>
         <property name="hostAddress" value="192.168.1.104"/>
         <property name="sessionId" value="9a84b719da33275b86f2d40b45c37c27"/>
         <property name="seleniumVersion" value="3.141.59"/>
         <property name="proxyInformation" value="ProxyInformation { proxyOption=NO_PROXY, proxyServerType=HTTP, username=, password=********, proxyServerAddress=, proxyServerPort=0, executionList=&quot;&quot;, isApplyToDesiredCapabilities=true }"/>
         <property name="platform" value="Mac OS X"/>
      </properties>
      <testcase name="Test Cases/Checkout Scenario/Product Details" time="228.113" classname="Test Cases/Checkout Scenario/Product Details" status="PASSED">
         <system-out><![CDATA[2022-01-15 18:15:26 - [TEST_CASE][PASSED] - Test Cases/Checkout Scenario/Product Details: Test Cases/Checkout Scenario/Product Details

2022-01-15 18:15:27 - [TEST_STEP][PASSED] - GeneralHelpers.initScenario(): Current window's url is: 'https://www.cleanersupply.com/'

2022-01-15 18:15:27 - [MESSAGE][INFO] - Starting 'Chrome' driver

2022-01-15 18:15:27 - [MESSAGE][INFO] - Action delay is set to 0 milliseconds

2022-01-15 18:15:33 - [MESSAGE][PASSED] - Browser is opened with url: ''

2022-01-15 18:15:35 - [MESSAGE][PASSED] - Current window maximized

2022-01-15 18:15:49 - [MESSAGE][PASSED] - Navigate to 'https://www.cleanersupply.com/' successfully

2022-01-15 18:15:50 - [MESSAGE][PASSED] - Wait for page load successfully

2022-01-15 18:15:50 - [MESSAGE][PASSED] - Current window's title is: 'Cleaner's Supply - Dry Cleaning Supplies'

2022-01-15 18:15:50 - [MESSAGE][PASSED] - Current window's title is: 'Cleaner's Supply - Dry Cleaning Supplies'

2022-01-15 18:15:50 - [MESSAGE][PASSED] - Current window's url is: 'https://www.cleanersupply.com/'

2022-01-15 18:15:50 - [TEST_STEP][PASSED] - GeneralHelpers.headerSearchFillAndClick(): Object: 'Object Repository/Product details/btn_searchAction' is clicked on

2022-01-15 18:15:53 - [MESSAGE][PASSED] - Text 'Plastic' is set on object 'Object Repository/Product details/input_searchField'

2022-01-15 18:15:54 - [MESSAGE][PASSED] - Attribute 'value' of object 'Object Repository/Product details/input_searchField' is: 'Plastic'

2022-01-15 18:15:55 - [MESSAGE][PASSED] - Object 'Object Repository/Product details/div_searchAutocompleteBox' is visible

2022-01-15 18:15:55 - [MESSAGE][PASSED] - Attribute 'class' of object 'Object Repository/Product details/div_searchAutocompleteBox' is: 'search-autocomplete dropdown-menu open'

2022-01-15 18:15:56 - [MESSAGE][PASSED] - Text of object 'Object Repository/Product details/div_searchHeaderTopBar' is: 'Search for PLASTIC'

2022-01-15 18:15:56 - [MESSAGE][PASSED] - Get CSS 'background-color' value on 'Object Repository/Product details/div_searchHeaderTopBar' successfully: 'rgba(82, 36, 127, 1)'.

2022-01-15 18:16:00 - [MESSAGE][PASSED] - Object: 'Object Repository/Product details/btn_searchAction' is clicked on

2022-01-15 18:16:00 - [TEST_STEP][PASSED] - GeneralHelpers.navigateToResultPage(): Text of object 'Object Repository/Product details/h1_sectionHeading' is: 'SEARCH RESULTS'

2022-01-15 18:16:00 - [MESSAGE][PASSED] - Current window's title is: 'Search Results - Cleaner's Supply'

2022-01-15 18:16:00 - [MESSAGE][PASSED] - Current window's url is: 'https://www.cleanersupply.com/search-results/?q=Plastic'

2022-01-15 18:16:03 - [MESSAGE][PASSED] - Text of object 'Object Repository/Product details/h1_sectionHeading' is: 'SEARCH RESULTS'

2022-01-15 18:16:03 - [TEST_STEP][PASSED] - SearchResultPageValidations.verifyDefaultValues(): Attribute 'class' of object '' is: ' '

2022-01-15 18:16:03 - [MESSAGE][PASSED] - Text of object 'Object Repository/Search Result/h2_productListHeading' is: 'RESULTS FOR "PLASTIC" (224)'

2022-01-15 18:16:03 - [MESSAGE][PASSED] - Text of object 'Object Repository/Search Result/h2_productListHeading' is: 'RESULTS FOR "PLASTIC" (224)'

2022-01-15 18:16:04 - [MESSAGE][PASSED] - Text of object 'Object Repository/Search Result/span_filterOption' is: 'Featured'

2022-01-15 18:16:04 - [MESSAGE][PASSED] - Web element with id: 'Object Repository/Search Result/ul_selectedFilters' located by 'By.cssSelector: ul.selected-filters' is not present after '5' second(s)

2022-01-15 18:16:05 - [MESSAGE][PASSED] - Attribute 'class' of object '' is: ' '

2022-01-15 18:16:05 - [MESSAGE][PASSED] - Attribute 'class' of object '' is: ' '

2022-01-15 18:16:05 - [MESSAGE][PASSED] - Attribute 'class' of object '' is: ' '

2022-01-15 18:16:05 - [MESSAGE][PASSED] - Attribute 'class' of object '' is: ' '

2022-01-15 18:16:05 - [MESSAGE][PASSED] - Attribute 'class' of object '' is: ' '

2022-01-15 18:16:05 - [MESSAGE][PASSED] - Attribute 'class' of object '' is: ' '

2022-01-15 18:16:05 - [MESSAGE][PASSED] - Attribute 'class' of object '' is: ' '

2022-01-15 18:16:05 - [MESSAGE][PASSED] - Attribute 'class' of object '' is: ' '

2022-01-15 18:16:05 - [MESSAGE][PASSED] - Attribute 'class' of object '' is: ' '

2022-01-15 18:16:05 - [MESSAGE][PASSED] - Attribute 'class' of object '' is: ' '

2022-01-15 18:16:05 - [MESSAGE][PASSED] - Attribute 'class' of object '' is: ' '

2022-01-15 18:16:05 - [MESSAGE][PASSED] - Attribute 'class' of object '' is: ' '

2022-01-15 18:16:05 - [MESSAGE][PASSED] - Attribute 'class' of object '' is: ' '

2022-01-15 18:16:05 - [MESSAGE][PASSED] - Attribute 'class' of object '' is: ' '

2022-01-15 18:16:05 - [MESSAGE][PASSED] - Attribute 'class' of object '' is: ' '

2022-01-15 18:16:05 - [MESSAGE][PASSED] - Attribute 'class' of object '' is: ' '

2022-01-15 18:16:05 - [MESSAGE][PASSED] - Attribute 'class' of object '' is: ' '

2022-01-15 18:16:05 - [MESSAGE][PASSED] - Attribute 'class' of object '' is: ' '

2022-01-15 18:16:05 - [MESSAGE][PASSED] - Attribute 'class' of object '' is: ' '

2022-01-15 18:16:05 - [MESSAGE][PASSED] - Attribute 'class' of object '' is: ' '

2022-01-15 18:16:05 - [MESSAGE][PASSED] - Attribute 'class' of object '' is: ' '

2022-01-15 18:16:05 - [MESSAGE][PASSED] - Attribute 'class' of object '' is: ' '

2022-01-15 18:16:06 - [MESSAGE][PASSED] - Attribute 'class' of object '' is: ' '

2022-01-15 18:16:06 - [MESSAGE][PASSED] - Attribute 'class' of object '' is: ' '

2022-01-15 18:16:06 - [MESSAGE][PASSED] - Attribute 'class' of object '' is: ' '

2022-01-15 18:16:06 - [MESSAGE][PASSED] - Attribute 'class' of object '' is: ' '

2022-01-15 18:16:06 - [MESSAGE][PASSED] - Attribute 'class' of object '' is: ' '

2022-01-15 18:16:06 - [MESSAGE][PASSED] - Attribute 'class' of object '' is: ' '

2022-01-15 18:16:06 - [MESSAGE][PASSED] - Attribute 'class' of object '' is: ' '

2022-01-15 18:16:06 - [MESSAGE][PASSED] - Attribute 'class' of object '' is: ' '

2022-01-15 18:16:06 - [MESSAGE][PASSED] - Attribute 'class' of object '' is: ' '

2022-01-15 18:16:06 - [MESSAGE][PASSED] - Attribute 'class' of object '' is: ' '

2022-01-15 18:16:06 - [MESSAGE][PASSED] - Attribute 'class' of object '' is: ' '

2022-01-15 18:16:06 - [MESSAGE][PASSED] - Attribute 'class' of object '' is: ' '

2022-01-15 18:16:06 - [MESSAGE][PASSED] - Attribute 'class' of object '' is: ' '

2022-01-15 18:16:06 - [MESSAGE][PASSED] - Attribute 'class' of object '' is: ' '

2022-01-15 18:16:06 - [MESSAGE][PASSED] - Attribute 'class' of object '' is: ' '

2022-01-15 18:16:06 - [MESSAGE][PASSED] - Attribute 'class' of object '' is: ' '

2022-01-15 18:16:06 - [MESSAGE][PASSED] - Attribute 'class' of object '' is: ' '

2022-01-15 18:16:06 - [MESSAGE][PASSED] - Attribute 'class' of object '' is: ' '

2022-01-15 18:16:06 - [MESSAGE][PASSED] - Attribute 'class' of object '' is: ' '

2022-01-15 18:16:06 - [MESSAGE][PASSED] - Attribute 'class' of object '' is: ' '

2022-01-15 18:16:06 - [MESSAGE][PASSED] - Attribute 'class' of object '' is: ' '

2022-01-15 18:16:06 - [MESSAGE][PASSED] - Attribute 'class' of object '' is: ' '

2022-01-15 18:16:06 - [MESSAGE][PASSED] - Attribute 'class' of object '' is: ' '

2022-01-15 18:16:06 - [MESSAGE][PASSED] - Attribute 'class' of object '' is: ' '

2022-01-15 18:16:06 - [MESSAGE][PASSED] - Attribute 'class' of object '' is: ' '

2022-01-15 18:16:06 - [MESSAGE][PASSED] - Attribute 'class' of object '' is: ' '

2022-01-15 18:16:06 - [MESSAGE][PASSED] - Attribute 'class' of object '' is: ' '

2022-01-15 18:16:06 - [MESSAGE][PASSED] - Attribute 'class' of object '' is: ' '

2022-01-15 18:16:06 - [MESSAGE][PASSED] - Attribute 'class' of object '' is: ' '

2022-01-15 18:16:06 - [MESSAGE][PASSED] - Attribute 'class' of object '' is: ' '

2022-01-15 18:16:06 - [MESSAGE][PASSED] - Attribute 'class' of object '' is: ' '

2022-01-15 18:16:06 - [MESSAGE][PASSED] - Attribute 'class' of object '' is: ' '

2022-01-15 18:16:06 - [MESSAGE][PASSED] - Attribute 'class' of object '' is: ' '

2022-01-15 18:16:06 - [MESSAGE][PASSED] - Attribute 'class' of object '' is: ' '

2022-01-15 18:16:06 - [MESSAGE][PASSED] - Attribute 'class' of object '' is: ' '

2022-01-15 18:16:06 - [MESSAGE][PASSED] - Attribute 'class' of object '' is: ' '

2022-01-15 18:16:06 - [MESSAGE][PASSED] - Attribute 'class' of object '' is: ' '

2022-01-15 18:16:06 - [MESSAGE][PASSED] - Attribute 'class' of object '' is: ' '

2022-01-15 18:16:06 - [MESSAGE][PASSED] - Attribute 'class' of object '' is: ' '

2022-01-15 18:16:06 - [MESSAGE][PASSED] - Attribute 'class' of object '' is: ' '

2022-01-15 18:16:06 - [MESSAGE][PASSED] - Attribute 'class' of object '' is: ' '

2022-01-15 18:16:06 - [MESSAGE][PASSED] - Attribute 'class' of object '' is: ' '

2022-01-15 18:16:06 - [MESSAGE][PASSED] - Attribute 'class' of object '' is: ' '

2022-01-15 18:16:06 - [MESSAGE][PASSED] - Attribute 'class' of object '' is: ' '

2022-01-15 18:16:06 - [MESSAGE][PASSED] - Attribute 'class' of object '' is: ' '

2022-01-15 18:16:06 - [MESSAGE][PASSED] - Attribute 'class' of object '' is: ' '

2022-01-15 18:16:06 - [MESSAGE][PASSED] - Attribute 'class' of object '' is: ' '

2022-01-15 18:16:06 - [MESSAGE][PASSED] - Attribute 'class' of object '' is: ' '

2022-01-15 18:16:06 - [MESSAGE][PASSED] - Attribute 'class' of object '' is: ' '

2022-01-15 18:16:06 - [MESSAGE][PASSED] - Attribute 'class' of object '' is: ' '

2022-01-15 18:16:06 - [MESSAGE][PASSED] - Attribute 'class' of object '' is: ' '

2022-01-15 18:16:06 - [MESSAGE][PASSED] - Attribute 'class' of object '' is: ' '

2022-01-15 18:16:06 - [MESSAGE][PASSED] - Attribute 'class' of object '' is: ' '

2022-01-15 18:16:06 - [MESSAGE][PASSED] - Attribute 'class' of object '' is: ' '

2022-01-15 18:16:06 - [MESSAGE][PASSED] - Attribute 'class' of object '' is: ' '

2022-01-15 18:16:06 - [MESSAGE][PASSED] - Attribute 'class' of object '' is: ' '

2022-01-15 18:16:06 - [MESSAGE][PASSED] - Attribute 'class' of object '' is: ' '

2022-01-15 18:16:06 - [MESSAGE][PASSED] - Attribute 'class' of object '' is: ' '

2022-01-15 18:16:06 - [MESSAGE][PASSED] - Attribute 'class' of object '' is: ' '

2022-01-15 18:16:06 - [MESSAGE][PASSED] - Attribute 'class' of object '' is: ' '

2022-01-15 18:16:06 - [MESSAGE][PASSED] - Attribute 'class' of object '' is: ' '

2022-01-15 18:16:06 - [MESSAGE][PASSED] - Attribute 'class' of object '' is: ' '

2022-01-15 18:16:06 - [MESSAGE][PASSED] - Attribute 'class' of object '' is: ' '

2022-01-15 18:16:06 - [MESSAGE][PASSED] - Attribute 'class' of object '' is: ' '

2022-01-15 18:16:06 - [MESSAGE][PASSED] - Attribute 'class' of object '' is: ' '

2022-01-15 18:16:07 - [MESSAGE][PASSED] - Attribute 'class' of object '' is: ' '

2022-01-15 18:16:07 - [MESSAGE][PASSED] - Attribute 'class' of object '' is: ' '

2022-01-15 18:16:07 - [MESSAGE][PASSED] - Attribute 'class' of object '' is: ' '

2022-01-15 18:16:07 - [MESSAGE][PASSED] - Attribute 'class' of object '' is: ' '

2022-01-15 18:16:07 - [MESSAGE][PASSED] - Attribute 'class' of object '' is: ' '

2022-01-15 18:16:07 - [MESSAGE][PASSED] - Attribute 'class' of object '' is: ' '

2022-01-15 18:16:07 - [MESSAGE][PASSED] - Attribute 'class' of object '' is: ' '

2022-01-15 18:16:07 - [MESSAGE][PASSED] - Attribute 'class' of object '' is: ' '

2022-01-15 18:16:07 - [MESSAGE][PASSED] - Attribute 'class' of object '' is: ' '

2022-01-15 18:16:07 - [MESSAGE][PASSED] - Attribute 'class' of object '' is: ' '

2022-01-15 18:16:07 - [MESSAGE][PASSED] - Attribute 'class' of object '' is: ' '

2022-01-15 18:16:07 - [MESSAGE][PASSED] - Attribute 'class' of object '' is: ' '

2022-01-15 18:16:07 - [MESSAGE][PASSED] - Attribute 'class' of object '' is: ' '

2022-01-15 18:16:07 - [MESSAGE][PASSED] - Attribute 'class' of object '' is: ' '

2022-01-15 18:16:07 - [MESSAGE][PASSED] - Attribute 'class' of object '' is: ' '

2022-01-15 18:16:07 - [MESSAGE][PASSED] - Attribute 'class' of object '' is: ' '

2022-01-15 18:16:07 - [MESSAGE][PASSED] - Attribute 'class' of object '' is: ' '

2022-01-15 18:16:07 - [MESSAGE][PASSED] - Attribute 'class' of object '' is: ' '

2022-01-15 18:16:07 - [MESSAGE][PASSED] - Attribute 'class' of object '' is: ' '

2022-01-15 18:16:07 - [MESSAGE][PASSED] - Attribute 'class' of object '' is: ' '

2022-01-15 18:16:07 - [MESSAGE][PASSED] - Attribute 'class' of object '' is: ' '

2022-01-15 18:16:07 - [MESSAGE][PASSED] - Attribute 'class' of object '' is: ' '

2022-01-15 18:16:07 - [MESSAGE][PASSED] - Attribute 'class' of object '' is: ' '

2022-01-15 18:16:07 - [MESSAGE][PASSED] - Attribute 'class' of object '' is: ' '

2022-01-15 18:16:07 - [MESSAGE][PASSED] - Attribute 'class' of object '' is: ' '

2022-01-15 18:16:07 - [MESSAGE][PASSED] - Attribute 'class' of object '' is: ' '

2022-01-15 18:16:07 - [MESSAGE][PASSED] - Attribute 'class' of object '' is: ' '

2022-01-15 18:16:07 - [MESSAGE][PASSED] - Attribute 'class' of object '' is: ' '

2022-01-15 18:16:07 - [MESSAGE][PASSED] - Attribute 'class' of object '' is: ' '

2022-01-15 18:16:07 - [MESSAGE][PASSED] - Attribute 'class' of object '' is: ' '

2022-01-15 18:16:07 - [MESSAGE][PASSED] - Attribute 'class' of object '' is: ' '

2022-01-15 18:16:07 - [MESSAGE][PASSED] - Attribute 'class' of object '' is: ' '

2022-01-15 18:16:07 - [MESSAGE][PASSED] - Attribute 'class' of object '' is: ' '

2022-01-15 18:16:07 - [MESSAGE][PASSED] - Attribute 'class' of object '' is: ' '

2022-01-15 18:16:07 - [MESSAGE][PASSED] - Attribute 'class' of object '' is: ' '

2022-01-15 18:16:07 - [MESSAGE][PASSED] - Attribute 'class' of object '' is: ' '

2022-01-15 18:16:07 - [MESSAGE][PASSED] - Attribute 'class' of object '' is: ' '

2022-01-15 18:16:07 - [MESSAGE][PASSED] - Attribute 'class' of object '' is: ' '

2022-01-15 18:16:07 - [MESSAGE][PASSED] - Attribute 'class' of object '' is: ' '

2022-01-15 18:16:07 - [MESSAGE][PASSED] - Attribute 'class' of object '' is: ' '

2022-01-15 18:16:07 - [MESSAGE][PASSED] - Attribute 'class' of object '' is: ' '

2022-01-15 18:16:07 - [MESSAGE][PASSED] - Attribute 'class' of object '' is: ' '

2022-01-15 18:16:07 - [MESSAGE][PASSED] - Attribute 'class' of object '' is: ' '

2022-01-15 18:16:07 - [MESSAGE][PASSED] - Attribute 'class' of object '' is: ' '

2022-01-15 18:16:07 - [MESSAGE][PASSED] - Attribute 'class' of object '' is: ' '

2022-01-15 18:16:07 - [MESSAGE][PASSED] - Attribute 'class' of object '' is: ' '

2022-01-15 18:16:07 - [MESSAGE][PASSED] - Attribute 'class' of object '' is: ' '

2022-01-15 18:16:07 - [MESSAGE][PASSED] - Attribute 'class' of object '' is: ' '

2022-01-15 18:16:07 - [MESSAGE][PASSED] - Attribute 'class' of object '' is: ' '

2022-01-15 18:16:07 - [MESSAGE][PASSED] - Attribute 'class' of object '' is: ' '

2022-01-15 18:16:07 - [MESSAGE][PASSED] - Attribute 'class' of object '' is: ' '

2022-01-15 18:16:07 - [MESSAGE][PASSED] - Attribute 'class' of object '' is: ' '

2022-01-15 18:16:07 - [MESSAGE][PASSED] - Attribute 'class' of object '' is: ' '

2022-01-15 18:16:07 - [MESSAGE][PASSED] - Attribute 'class' of object '' is: ' '

2022-01-15 18:16:07 - [MESSAGE][PASSED] - Attribute 'class' of object '' is: ' '

2022-01-15 18:16:07 - [MESSAGE][PASSED] - Attribute 'class' of object '' is: ' '

2022-01-15 18:16:07 - [MESSAGE][PASSED] - Attribute 'class' of object '' is: ' '

2022-01-15 18:16:07 - [MESSAGE][PASSED] - Attribute 'class' of object '' is: ' '

2022-01-15 18:16:07 - [MESSAGE][PASSED] - Attribute 'class' of object '' is: ' '

2022-01-15 18:16:07 - [MESSAGE][PASSED] - Attribute 'class' of object '' is: ' '

2022-01-15 18:16:07 - [MESSAGE][PASSED] - Attribute 'class' of object '' is: ' '

2022-01-15 18:16:07 - [MESSAGE][PASSED] - Attribute 'class' of object '' is: ' '

2022-01-15 18:16:07 - [MESSAGE][PASSED] - Attribute 'class' of object '' is: ' '

2022-01-15 18:16:07 - [MESSAGE][PASSED] - Attribute 'class' of object '' is: ' '

2022-01-15 18:16:07 - [MESSAGE][PASSED] - Attribute 'class' of object '' is: ' '

2022-01-15 18:16:07 - [MESSAGE][PASSED] - Attribute 'class' of object '' is: ' '

2022-01-15 18:16:07 - [MESSAGE][PASSED] - Attribute 'class' of object '' is: ' '

2022-01-15 18:16:07 - [MESSAGE][PASSED] - Attribute 'class' of object '' is: ' '

2022-01-15 18:16:07 - [MESSAGE][PASSED] - Attribute 'class' of object '' is: ' '

2022-01-15 18:16:07 - [MESSAGE][PASSED] - Attribute 'class' of object '' is: ' '

2022-01-15 18:16:07 - [MESSAGE][PASSED] - Attribute 'class' of object '' is: ' '

2022-01-15 18:16:07 - [MESSAGE][PASSED] - Attribute 'class' of object '' is: ' '

2022-01-15 18:16:07 - [MESSAGE][PASSED] - Attribute 'class' of object '' is: ' '

2022-01-15 18:16:07 - [MESSAGE][PASSED] - Attribute 'class' of object '' is: ' '

2022-01-15 18:16:07 - [MESSAGE][PASSED] - Attribute 'class' of object '' is: ' '

2022-01-15 18:16:07 - [MESSAGE][PASSED] - Attribute 'class' of object '' is: ' '

2022-01-15 18:16:07 - [MESSAGE][PASSED] - Attribute 'class' of object '' is: ' '

2022-01-15 18:16:07 - [MESSAGE][PASSED] - Attribute 'class' of object '' is: ' '

2022-01-15 18:16:07 - [MESSAGE][PASSED] - Attribute 'class' of object '' is: ' '

2022-01-15 18:16:07 - [MESSAGE][PASSED] - Attribute 'class' of object '' is: ' '

2022-01-15 18:16:07 - [MESSAGE][PASSED] - Attribute 'class' of object '' is: ' '

2022-01-15 18:16:07 - [MESSAGE][PASSED] - Attribute 'class' of object '' is: ' '

2022-01-15 18:16:07 - [MESSAGE][PASSED] - Attribute 'class' of object '' is: ' '

2022-01-15 18:16:07 - [MESSAGE][PASSED] - Attribute 'class' of object '' is: ' '

2022-01-15 18:16:07 - [MESSAGE][PASSED] - Attribute 'class' of object '' is: ' '

2022-01-15 18:16:07 - [MESSAGE][PASSED] - Attribute 'class' of object '' is: ' '

2022-01-15 18:16:07 - [MESSAGE][PASSED] - Attribute 'class' of object '' is: ' '

2022-01-15 18:16:07 - [MESSAGE][PASSED] - Attribute 'class' of object '' is: ' '

2022-01-15 18:16:07 - [MESSAGE][PASSED] - Attribute 'class' of object '' is: ' '

2022-01-15 18:16:07 - [MESSAGE][PASSED] - Attribute 'class' of object '' is: ' '

2022-01-15 18:16:07 - [MESSAGE][PASSED] - Attribute 'class' of object '' is: ' '

2022-01-15 18:16:08 - [MESSAGE][PASSED] - Attribute 'class' of object '' is: ' '

2022-01-15 18:16:08 - [MESSAGE][PASSED] - Attribute 'class' of object '' is: ' '

2022-01-15 18:16:08 - [MESSAGE][PASSED] - Attribute 'class' of object '' is: ' '

2022-01-15 18:16:08 - [MESSAGE][PASSED] - Attribute 'class' of object '' is: ' '

2022-01-15 18:16:08 - [MESSAGE][PASSED] - Attribute 'class' of object '' is: ' '

2022-01-15 18:16:08 - [MESSAGE][PASSED] - Attribute 'class' of object '' is: ' '

2022-01-15 18:16:08 - [MESSAGE][PASSED] - Attribute 'class' of object '' is: ' '

2022-01-15 18:16:08 - [MESSAGE][PASSED] - Attribute 'class' of object '' is: ' '

2022-01-15 18:16:08 - [MESSAGE][PASSED] - Attribute 'class' of object '' is: ' '

2022-01-15 18:16:08 - [MESSAGE][PASSED] - Attribute 'class' of object '' is: ' '

2022-01-15 18:16:08 - [MESSAGE][PASSED] - Attribute 'class' of object '' is: ' '

2022-01-15 18:16:08 - [MESSAGE][PASSED] - Attribute 'class' of object '' is: ' '

2022-01-15 18:16:08 - [MESSAGE][PASSED] - Attribute 'class' of object '' is: ' '

2022-01-15 18:16:08 - [MESSAGE][PASSED] - Attribute 'class' of object '' is: ' '

2022-01-15 18:16:08 - [MESSAGE][PASSED] - Attribute 'class' of object '' is: ' '

2022-01-15 18:16:08 - [MESSAGE][PASSED] - Attribute 'class' of object '' is: ' '

2022-01-15 18:16:08 - [MESSAGE][PASSED] - Attribute 'class' of object '' is: ' '

2022-01-15 18:16:08 - [MESSAGE][PASSED] - Attribute 'class' of object '' is: ' '

2022-01-15 18:16:08 - [MESSAGE][PASSED] - Attribute 'class' of object '' is: ' '

2022-01-15 18:16:08 - [MESSAGE][PASSED] - Attribute 'class' of object '' is: ' '

2022-01-15 18:16:08 - [MESSAGE][PASSED] - Attribute 'class' of object '' is: ' '

2022-01-15 18:16:08 - [MESSAGE][PASSED] - Attribute 'class' of object '' is: ' '

2022-01-15 18:16:08 - [MESSAGE][PASSED] - Attribute 'class' of object '' is: ' '

2022-01-15 18:16:08 - [MESSAGE][PASSED] - Attribute 'class' of object '' is: ' '

2022-01-15 18:16:08 - [MESSAGE][PASSED] - Attribute 'class' of object '' is: ' '

2022-01-15 18:16:08 - [MESSAGE][PASSED] - Attribute 'class' of object '' is: ' '

2022-01-15 18:16:08 - [MESSAGE][PASSED] - Attribute 'class' of object '' is: ' '

2022-01-15 18:16:08 - [MESSAGE][PASSED] - Attribute 'class' of object '' is: ' '

2022-01-15 18:16:08 - [MESSAGE][PASSED] - Attribute 'class' of object '' is: ' '

2022-01-15 18:16:08 - [MESSAGE][PASSED] - Attribute 'class' of object '' is: ' '

2022-01-15 18:16:08 - [MESSAGE][PASSED] - Attribute 'class' of object '' is: ' '

2022-01-15 18:16:08 - [MESSAGE][PASSED] - Attribute 'class' of object '' is: ' '

2022-01-15 18:16:08 - [MESSAGE][PASSED] - Attribute 'class' of object '' is: ' '

2022-01-15 18:16:08 - [MESSAGE][PASSED] - Attribute 'class' of object '' is: ' '

2022-01-15 18:16:08 - [MESSAGE][PASSED] - Attribute 'class' of object '' is: ' '

2022-01-15 18:16:08 - [MESSAGE][PASSED] - Attribute 'class' of object '' is: ' '

2022-01-15 18:16:08 - [MESSAGE][PASSED] - Attribute 'class' of object '' is: ' '

2022-01-15 18:16:08 - [MESSAGE][PASSED] - Attribute 'class' of object '' is: ' '

2022-01-15 18:16:08 - [MESSAGE][PASSED] - Attribute 'class' of object '' is: ' '

2022-01-15 18:16:08 - [MESSAGE][PASSED] - Attribute 'class' of object '' is: ' '

2022-01-15 18:16:08 - [MESSAGE][PASSED] - Attribute 'class' of object '' is: ' '

2022-01-15 18:16:08 - [MESSAGE][PASSED] - Attribute 'class' of object '' is: ' '

2022-01-15 18:16:08 - [MESSAGE][PASSED] - Attribute 'class' of object '' is: ' '

2022-01-15 18:16:08 - [MESSAGE][PASSED] - Attribute 'class' of object '' is: ' '

2022-01-15 18:16:08 - [MESSAGE][PASSED] - Attribute 'class' of object '' is: ' '

2022-01-15 18:16:08 - [MESSAGE][PASSED] - Attribute 'class' of object '' is: ' '

2022-01-15 18:16:08 - [MESSAGE][PASSED] - Attribute 'class' of object '' is: ' '

2022-01-15 18:16:08 - [MESSAGE][PASSED] - Attribute 'class' of object '' is: ' '

2022-01-15 18:16:08 - [MESSAGE][PASSED] - Attribute 'class' of object '' is: ' '

2022-01-15 18:16:08 - [MESSAGE][PASSED] - Attribute 'class' of object '' is: ' '

2022-01-15 18:16:08 - [MESSAGE][PASSED] - Attribute 'class' of object '' is: ' '

2022-01-15 18:16:08 - [MESSAGE][PASSED] - Attribute 'class' of object '' is: ' '

2022-01-15 18:16:08 - [MESSAGE][PASSED] - Attribute 'class' of object '' is: ' '

2022-01-15 18:16:08 - [MESSAGE][PASSED] - Attribute 'class' of object '' is: ' '

2022-01-15 18:16:08 - [MESSAGE][PASSED] - Attribute 'class' of object '' is: ' '

2022-01-15 18:16:08 - [MESSAGE][PASSED] - Attribute 'class' of object '' is: ' '

2022-01-15 18:16:08 - [MESSAGE][PASSED] - Attribute 'class' of object '' is: ' '

2022-01-15 18:16:08 - [MESSAGE][PASSED] - Attribute 'class' of object '' is: ' '

2022-01-15 18:16:08 - [MESSAGE][PASSED] - Attribute 'class' of object '' is: ' '

2022-01-15 18:16:08 - [MESSAGE][PASSED] - Attribute 'class' of object '' is: ' '

2022-01-15 18:16:08 - [MESSAGE][PASSED] - Attribute 'class' of object '' is: ' '

2022-01-15 18:16:08 - [MESSAGE][PASSED] - Attribute 'class' of object '' is: ' '

2022-01-15 18:16:08 - [MESSAGE][PASSED] - Attribute 'class' of object '' is: ' '

2022-01-15 18:16:08 - [MESSAGE][PASSED] - Attribute 'class' of object '' is: ' '

2022-01-15 18:16:08 - [MESSAGE][PASSED] - Attribute 'class' of object '' is: ' '

2022-01-15 18:16:08 - [MESSAGE][PASSED] - Attribute 'class' of object '' is: ' '

2022-01-15 18:16:08 - [MESSAGE][PASSED] - Attribute 'class' of object '' is: ' '

2022-01-15 18:16:08 - [MESSAGE][PASSED] - Attribute 'class' of object '' is: ' '

2022-01-15 18:16:08 - [MESSAGE][PASSED] - Attribute 'class' of object '' is: ' '

2022-01-15 18:16:08 - [MESSAGE][PASSED] - Attribute 'class' of object '' is: ' '

2022-01-15 18:16:08 - [MESSAGE][PASSED] - Attribute 'class' of object '' is: ' '

2022-01-15 18:16:08 - [MESSAGE][PASSED] - Attribute 'class' of object '' is: ' '

2022-01-15 18:16:08 - [MESSAGE][PASSED] - Attribute 'class' of object '' is: ' '

2022-01-15 18:16:08 - [MESSAGE][PASSED] - Attribute 'class' of object '' is: ' '

2022-01-15 18:16:08 - [MESSAGE][PASSED] - Attribute 'class' of object '' is: ' '

2022-01-15 18:16:08 - [MESSAGE][PASSED] - Attribute 'class' of object '' is: ' '

2022-01-15 18:16:08 - [MESSAGE][PASSED] - Attribute 'class' of object '' is: ' '

2022-01-15 18:16:08 - [MESSAGE][PASSED] - Attribute 'class' of object '' is: ' '

2022-01-15 18:16:09 - [MESSAGE][PASSED] - Attribute 'class' of object '' is: ' '

2022-01-15 18:16:09 - [MESSAGE][PASSED] - Attribute 'class' of object '' is: ' '

2022-01-15 18:16:09 - [MESSAGE][PASSED] - Attribute 'class' of object '' is: ' '

2022-01-15 18:16:09 - [MESSAGE][PASSED] - Attribute 'class' of object '' is: ' '

2022-01-15 18:16:09 - [MESSAGE][PASSED] - Attribute 'class' of object '' is: ' '

2022-01-15 18:16:09 - [MESSAGE][PASSED] - Attribute 'class' of object '' is: ' '

2022-01-15 18:16:09 - [MESSAGE][PASSED] - Attribute 'class' of object '' is: ' '

2022-01-15 18:16:09 - [MESSAGE][PASSED] - Attribute 'class' of object '' is: ' '

2022-01-15 18:16:09 - [MESSAGE][PASSED] - Attribute 'class' of object '' is: ' '

2022-01-15 18:16:09 - [MESSAGE][PASSED] - Attribute 'class' of object '' is: ' '

2022-01-15 18:16:09 - [MESSAGE][PASSED] - Attribute 'class' of object '' is: ' '

2022-01-15 18:16:09 - [MESSAGE][PASSED] - Attribute 'class' of object '' is: ' '

2022-01-15 18:16:09 - [MESSAGE][PASSED] - Attribute 'class' of object '' is: ' '

2022-01-15 18:16:09 - [MESSAGE][PASSED] - Attribute 'class' of object '' is: ' '

2022-01-15 18:16:09 - [MESSAGE][PASSED] - Attribute 'class' of object '' is: ' '

2022-01-15 18:16:09 - [MESSAGE][PASSED] - Attribute 'class' of object '' is: ' '

2022-01-15 18:16:09 - [MESSAGE][PASSED] - Attribute 'class' of object '' is: ' '

2022-01-15 18:16:09 - [MESSAGE][PASSED] - Attribute 'class' of object '' is: ' '

2022-01-15 18:16:09 - [MESSAGE][PASSED] - Attribute 'class' of object '' is: ' '

2022-01-15 18:16:09 - [MESSAGE][PASSED] - Attribute 'class' of object '' is: ' '

2022-01-15 18:16:09 - [MESSAGE][PASSED] - Attribute 'class' of object '' is: ' '

2022-01-15 18:16:09 - [MESSAGE][PASSED] - Attribute 'class' of object '' is: ' '

2022-01-15 18:16:09 - [MESSAGE][PASSED] - Attribute 'class' of object '' is: ' '

2022-01-15 18:16:09 - [MESSAGE][PASSED] - Attribute 'class' of object '' is: ' '

2022-01-15 18:16:09 - [MESSAGE][PASSED] - Attribute 'class' of object '' is: ' '

2022-01-15 18:16:09 - [MESSAGE][PASSED] - Attribute 'class' of object '' is: ' '

2022-01-15 18:16:09 - [MESSAGE][PASSED] - Attribute 'class' of object '' is: ' '

2022-01-15 18:16:09 - [MESSAGE][PASSED] - Attribute 'class' of object '' is: ' '

2022-01-15 18:16:09 - [MESSAGE][PASSED] - Attribute 'class' of object '' is: ' '

2022-01-15 18:16:09 - [MESSAGE][PASSED] - Attribute 'class' of object '' is: ' '

2022-01-15 18:16:09 - [MESSAGE][PASSED] - Attribute 'class' of object '' is: ' '

2022-01-15 18:16:09 - [MESSAGE][PASSED] - Attribute 'class' of object '' is: ' '

2022-01-15 18:16:09 - [MESSAGE][PASSED] - Attribute 'class' of object '' is: ' '

2022-01-15 18:16:09 - [MESSAGE][PASSED] - Attribute 'class' of object '' is: ' '

2022-01-15 18:16:09 - [MESSAGE][PASSED] - Attribute 'class' of object '' is: ' '

2022-01-15 18:16:09 - [MESSAGE][PASSED] - Attribute 'class' of object '' is: ' '

2022-01-15 18:16:09 - [MESSAGE][PASSED] - Attribute 'class' of object '' is: ' '

2022-01-15 18:16:09 - [MESSAGE][PASSED] - Attribute 'class' of object '' is: ' '

2022-01-15 18:16:09 - [MESSAGE][PASSED] - Attribute 'class' of object '' is: ' '

2022-01-15 18:16:09 - [MESSAGE][PASSED] - Attribute 'class' of object '' is: ' '

2022-01-15 18:16:09 - [MESSAGE][PASSED] - Attribute 'class' of object '' is: ' '

2022-01-15 18:16:09 - [MESSAGE][PASSED] - Attribute 'class' of object '' is: ' '

2022-01-15 18:16:09 - [MESSAGE][PASSED] - Attribute 'class' of object '' is: ' '

2022-01-15 18:16:09 - [MESSAGE][PASSED] - Attribute 'class' of object '' is: ' '

2022-01-15 18:16:09 - [MESSAGE][PASSED] - Attribute 'class' of object '' is: ' '

2022-01-15 18:16:09 - [MESSAGE][PASSED] - Attribute 'class' of object '' is: ' '

2022-01-15 18:16:09 - [MESSAGE][PASSED] - Attribute 'class' of object '' is: ' '

2022-01-15 18:16:09 - [MESSAGE][PASSED] - Attribute 'class' of object '' is: ' '

2022-01-15 18:16:09 - [MESSAGE][PASSED] - Attribute 'class' of object '' is: ' '

2022-01-15 18:16:09 - [MESSAGE][PASSED] - Attribute 'class' of object '' is: ' '

2022-01-15 18:16:09 - [MESSAGE][PASSED] - Attribute 'class' of object '' is: ' '

2022-01-15 18:16:09 - [MESSAGE][PASSED] - Attribute 'class' of object '' is: ' '

2022-01-15 18:16:09 - [MESSAGE][PASSED] - Attribute 'class' of object '' is: ' '

2022-01-15 18:16:09 - [MESSAGE][PASSED] - Attribute 'class' of object '' is: ' '

2022-01-15 18:16:09 - [MESSAGE][PASSED] - Attribute 'class' of object '' is: ' '

2022-01-15 18:16:09 - [MESSAGE][PASSED] - Attribute 'class' of object '' is: ' '

2022-01-15 18:16:09 - [MESSAGE][PASSED] - Attribute 'class' of object '' is: ' '

2022-01-15 18:16:09 - [MESSAGE][PASSED] - Attribute 'class' of object '' is: ' '

2022-01-15 18:16:09 - [MESSAGE][PASSED] - Attribute 'class' of object '' is: ' '

2022-01-15 18:16:09 - [MESSAGE][PASSED] - Attribute 'class' of object '' is: ' '

2022-01-15 18:16:09 - [MESSAGE][PASSED] - Attribute 'class' of object '' is: ' '

2022-01-15 18:16:09 - [MESSAGE][PASSED] - Attribute 'class' of object '' is: ' '

2022-01-15 18:16:09 - [MESSAGE][PASSED] - Attribute 'class' of object '' is: ' '

2022-01-15 18:16:09 - [MESSAGE][PASSED] - Attribute 'class' of object '' is: ' '

2022-01-15 18:16:09 - [MESSAGE][PASSED] - Attribute 'class' of object '' is: ' '

2022-01-15 18:16:09 - [MESSAGE][PASSED] - Attribute 'class' of object '' is: ' '

2022-01-15 18:16:09 - [MESSAGE][PASSED] - Attribute 'class' of object '' is: ' '

2022-01-15 18:16:09 - [MESSAGE][PASSED] - Attribute 'class' of object '' is: ' '

2022-01-15 18:16:09 - [MESSAGE][PASSED] - Attribute 'class' of object '' is: ' '

2022-01-15 18:16:09 - [MESSAGE][PASSED] - Attribute 'class' of object '' is: ' '

2022-01-15 18:16:09 - [MESSAGE][PASSED] - Attribute 'class' of object '' is: ' '

2022-01-15 18:16:09 - [MESSAGE][PASSED] - Attribute 'class' of object '' is: ' '

2022-01-15 18:16:09 - [MESSAGE][PASSED] - Attribute 'class' of object '' is: ' '

2022-01-15 18:16:09 - [MESSAGE][PASSED] - Attribute 'class' of object '' is: ' '

2022-01-15 18:16:09 - [MESSAGE][PASSED] - Attribute 'class' of object '' is: ' '

2022-01-15 18:16:09 - [MESSAGE][PASSED] - Attribute 'class' of object '' is: ' '

2022-01-15 18:16:09 - [MESSAGE][PASSED] - Attribute 'class' of object '' is: ' '

2022-01-15 18:16:09 - [MESSAGE][PASSED] - Attribute 'class' of object '' is: ' '

2022-01-15 18:16:09 - [MESSAGE][PASSED] - Attribute 'class' of object '' is: ' '

2022-01-15 18:16:09 - [MESSAGE][PASSED] - Attribute 'class' of object '' is: ' '

2022-01-15 18:16:09 - [MESSAGE][PASSED] - Attribute 'class' of object '' is: ' '

2022-01-15 18:16:09 - [MESSAGE][PASSED] - Attribute 'class' of object '' is: ' '

2022-01-15 18:16:09 - [MESSAGE][PASSED] - Attribute 'class' of object '' is: ' '

2022-01-15 18:16:09 - [MESSAGE][PASSED] - Attribute 'class' of object '' is: ' '

2022-01-15 18:16:09 - [MESSAGE][PASSED] - Attribute 'class' of object '' is: ' '

2022-01-15 18:16:09 - [MESSAGE][PASSED] - Attribute 'class' of object '' is: ' '

2022-01-15 18:16:09 - [MESSAGE][PASSED] - Attribute 'class' of object '' is: ' '

2022-01-15 18:16:09 - [MESSAGE][PASSED] - Attribute 'class' of object '' is: ' '

2022-01-15 18:16:09 - [MESSAGE][PASSED] - Attribute 'class' of object '' is: ' '

2022-01-15 18:16:09 - [MESSAGE][PASSED] - Attribute 'class' of object '' is: ' '

2022-01-15 18:16:09 - [MESSAGE][PASSED] - Attribute 'class' of object '' is: ' '

2022-01-15 18:16:10 - [MESSAGE][PASSED] - Attribute 'class' of object '' is: ' '

2022-01-15 18:16:10 - [MESSAGE][PASSED] - Attribute 'class' of object '' is: ' '

2022-01-15 18:16:10 - [MESSAGE][PASSED] - Attribute 'class' of object '' is: ' '

2022-01-15 18:16:10 - [MESSAGE][PASSED] - Attribute 'class' of object '' is: ' '

2022-01-15 18:16:10 - [MESSAGE][PASSED] - Attribute 'class' of object '' is: ' '

2022-01-15 18:16:10 - [MESSAGE][PASSED] - Attribute 'class' of object '' is: ' '

2022-01-15 18:16:10 - [MESSAGE][PASSED] - Attribute 'class' of object '' is: ' '

2022-01-15 18:16:10 - [MESSAGE][PASSED] - Attribute 'class' of object '' is: ' '

2022-01-15 18:16:10 - [MESSAGE][PASSED] - Attribute 'class' of object '' is: ' '

2022-01-15 18:16:10 - [MESSAGE][PASSED] - Attribute 'class' of object '' is: ' '

2022-01-15 18:16:10 - [MESSAGE][PASSED] - Attribute 'class' of object '' is: ' '

2022-01-15 18:16:10 - [MESSAGE][PASSED] - Attribute 'class' of object '' is: ' '

2022-01-15 18:16:10 - [MESSAGE][PASSED] - Attribute 'class' of object '' is: ' '

2022-01-15 18:16:10 - [MESSAGE][PASSED] - Attribute 'class' of object '' is: ' '

2022-01-15 18:16:10 - [MESSAGE][PASSED] - Attribute 'class' of object '' is: ' '

2022-01-15 18:16:10 - [MESSAGE][PASSED] - Attribute 'class' of object '' is: ' '

2022-01-15 18:16:10 - [MESSAGE][PASSED] - Attribute 'class' of object '' is: ' '

2022-01-15 18:16:10 - [MESSAGE][PASSED] - Attribute 'class' of object '' is: ' '

2022-01-15 18:16:10 - [MESSAGE][PASSED] - Attribute 'class' of object '' is: ' '

2022-01-15 18:16:10 - [MESSAGE][PASSED] - Attribute 'class' of object '' is: ' '

2022-01-15 18:16:10 - [MESSAGE][PASSED] - Attribute 'class' of object '' is: ' '

2022-01-15 18:16:10 - [MESSAGE][PASSED] - Attribute 'class' of object '' is: ' '

2022-01-15 18:16:10 - [MESSAGE][PASSED] - Attribute 'class' of object '' is: ' '

2022-01-15 18:16:10 - [MESSAGE][PASSED] - Attribute 'class' of object '' is: ' '

2022-01-15 18:16:10 - [MESSAGE][PASSED] - Attribute 'class' of object '' is: ' '

2022-01-15 18:16:10 - [MESSAGE][PASSED] - Attribute 'class' of object '' is: ' '

2022-01-15 18:16:10 - [MESSAGE][PASSED] - Attribute 'class' of object '' is: ' '

2022-01-15 18:16:10 - [MESSAGE][PASSED] - Attribute 'class' of object '' is: ' '

2022-01-15 18:16:10 - [MESSAGE][PASSED] - Attribute 'class' of object '' is: ' '

2022-01-15 18:16:10 - [MESSAGE][PASSED] - Attribute 'class' of object '' is: ' '

2022-01-15 18:16:10 - [MESSAGE][PASSED] - Attribute 'class' of object '' is: ' '

2022-01-15 18:16:10 - [MESSAGE][PASSED] - Attribute 'class' of object '' is: ' '

2022-01-15 18:16:10 - [MESSAGE][PASSED] - Attribute 'class' of object '' is: ' '

2022-01-15 18:16:10 - [MESSAGE][PASSED] - Attribute 'class' of object '' is: ' '

2022-01-15 18:16:10 - [MESSAGE][PASSED] - Attribute 'class' of object '' is: ' '

2022-01-15 18:16:10 - [MESSAGE][PASSED] - Attribute 'class' of object '' is: ' '

2022-01-15 18:16:10 - [MESSAGE][PASSED] - Attribute 'class' of object '' is: ' '

2022-01-15 18:16:10 - [MESSAGE][PASSED] - Attribute 'class' of object '' is: ' '

2022-01-15 18:16:10 - [MESSAGE][PASSED] - Attribute 'class' of object '' is: ' '

2022-01-15 18:16:10 - [MESSAGE][PASSED] - Attribute 'class' of object '' is: ' '

2022-01-15 18:16:10 - [MESSAGE][PASSED] - Attribute 'class' of object '' is: ' '

2022-01-15 18:16:10 - [MESSAGE][PASSED] - Attribute 'class' of object '' is: ' '

2022-01-15 18:16:10 - [MESSAGE][PASSED] - Attribute 'class' of object '' is: ' '

2022-01-15 18:16:10 - [MESSAGE][PASSED] - Attribute 'class' of object '' is: ' '

2022-01-15 18:16:10 - [MESSAGE][PASSED] - Attribute 'class' of object '' is: ' '

2022-01-15 18:16:10 - [MESSAGE][PASSED] - Attribute 'class' of object '' is: ' '

2022-01-15 18:16:10 - [MESSAGE][PASSED] - Attribute 'class' of object '' is: ' '

2022-01-15 18:16:10 - [MESSAGE][PASSED] - Attribute 'class' of object '' is: ' '

2022-01-15 18:16:10 - [MESSAGE][PASSED] - Attribute 'class' of object '' is: ' '

2022-01-15 18:16:10 - [MESSAGE][PASSED] - Attribute 'class' of object '' is: ' '

2022-01-15 18:16:10 - [MESSAGE][PASSED] - Attribute 'class' of object '' is: ' '

2022-01-15 18:16:10 - [MESSAGE][PASSED] - Attribute 'class' of object '' is: ' '

2022-01-15 18:16:10 - [MESSAGE][PASSED] - Attribute 'class' of object '' is: ' '

2022-01-15 18:16:10 - [MESSAGE][PASSED] - Attribute 'class' of object '' is: ' '

2022-01-15 18:16:10 - [MESSAGE][PASSED] - Attribute 'class' of object '' is: ' '

2022-01-15 18:16:10 - [MESSAGE][PASSED] - Attribute 'class' of object '' is: ' '

2022-01-15 18:16:10 - [MESSAGE][PASSED] - Attribute 'class' of object '' is: ' '

2022-01-15 18:16:10 - [MESSAGE][PASSED] - Attribute 'class' of object '' is: ' '

2022-01-15 18:16:10 - [MESSAGE][PASSED] - Attribute 'class' of object '' is: ' '

2022-01-15 18:16:10 - [MESSAGE][PASSED] - Attribute 'class' of object '' is: ' '

2022-01-15 18:16:10 - [MESSAGE][PASSED] - Attribute 'class' of object '' is: ' '

2022-01-15 18:16:10 - [MESSAGE][PASSED] - Attribute 'class' of object '' is: ' '

2022-01-15 18:16:10 - [MESSAGE][PASSED] - Attribute 'class' of object '' is: ' '

2022-01-15 18:16:10 - [MESSAGE][PASSED] - Attribute 'class' of object '' is: ' '

2022-01-15 18:16:10 - [MESSAGE][PASSED] - Attribute 'class' of object '' is: ' '

2022-01-15 18:16:10 - [MESSAGE][PASSED] - Attribute 'class' of object '' is: ' '

2022-01-15 18:16:10 - [MESSAGE][PASSED] - Attribute 'class' of object '' is: ' '

2022-01-15 18:16:10 - [MESSAGE][PASSED] - Attribute 'class' of object '' is: ' '

2022-01-15 18:16:10 - [MESSAGE][PASSED] - Attribute 'class' of object '' is: ' '

2022-01-15 18:16:10 - [MESSAGE][PASSED] - Attribute 'class' of object '' is: ' '

2022-01-15 18:16:10 - [MESSAGE][PASSED] - Attribute 'class' of object '' is: ' '

2022-01-15 18:16:10 - [MESSAGE][PASSED] - Attribute 'class' of object '' is: ' '

2022-01-15 18:16:10 - [MESSAGE][PASSED] - Attribute 'class' of object '' is: ' '

2022-01-15 18:16:10 - [MESSAGE][PASSED] - Attribute 'class' of object '' is: ' '

2022-01-15 18:16:10 - [MESSAGE][PASSED] - Attribute 'class' of object '' is: ' '

2022-01-15 18:16:10 - [MESSAGE][PASSED] - Attribute 'class' of object '' is: ' '

2022-01-15 18:16:10 - [MESSAGE][PASSED] - Attribute 'class' of object '' is: ' '

2022-01-15 18:16:10 - [MESSAGE][PASSED] - Attribute 'class' of object '' is: ' '

2022-01-15 18:16:10 - [MESSAGE][PASSED] - Attribute 'class' of object '' is: ' '

2022-01-15 18:16:10 - [MESSAGE][PASSED] - Attribute 'class' of object '' is: ' '

2022-01-15 18:16:10 - [MESSAGE][PASSED] - Attribute 'class' of object '' is: ' '

2022-01-15 18:16:10 - [MESSAGE][PASSED] - Attribute 'class' of object '' is: ' '

2022-01-15 18:16:10 - [MESSAGE][PASSED] - Attribute 'class' of object '' is: ' '

2022-01-15 18:16:10 - [MESSAGE][PASSED] - Attribute 'class' of object '' is: ' '

2022-01-15 18:16:10 - [MESSAGE][PASSED] - Attribute 'class' of object '' is: ' '

2022-01-15 18:16:10 - [MESSAGE][PASSED] - Attribute 'class' of object '' is: ' '

2022-01-15 18:16:10 - [MESSAGE][PASSED] - Attribute 'class' of object '' is: ' '

2022-01-15 18:16:10 - [MESSAGE][PASSED] - Attribute 'class' of object '' is: ' '

2022-01-15 18:16:10 - [MESSAGE][PASSED] - Attribute 'class' of object '' is: ' '

2022-01-15 18:16:10 - [MESSAGE][PASSED] - Attribute 'class' of object '' is: ' '

2022-01-15 18:16:11 - [MESSAGE][PASSED] - Attribute 'class' of object '' is: ' '

2022-01-15 18:16:11 - [MESSAGE][PASSED] - Attribute 'class' of object '' is: ' '

2022-01-15 18:16:11 - [MESSAGE][PASSED] - Attribute 'class' of object '' is: ' '

2022-01-15 18:16:11 - [MESSAGE][PASSED] - Attribute 'class' of object '' is: ' '

2022-01-15 18:16:11 - [MESSAGE][PASSED] - Attribute 'class' of object '' is: ' '

2022-01-15 18:16:11 - [MESSAGE][PASSED] - Attribute 'class' of object '' is: ' '

2022-01-15 18:16:11 - [MESSAGE][PASSED] - Attribute 'class' of object '' is: ' '

2022-01-15 18:16:11 - [MESSAGE][PASSED] - Attribute 'class' of object '' is: ' '

2022-01-15 18:16:11 - [MESSAGE][PASSED] - Attribute 'class' of object '' is: ' '

2022-01-15 18:16:11 - [MESSAGE][PASSED] - Attribute 'class' of object '' is: ' '

2022-01-15 18:16:11 - [MESSAGE][PASSED] - Attribute 'class' of object '' is: ' '

2022-01-15 18:16:11 - [MESSAGE][PASSED] - Attribute 'class' of object '' is: ' '

2022-01-15 18:16:11 - [MESSAGE][PASSED] - Attribute 'class' of object '' is: ' '

2022-01-15 18:16:11 - [MESSAGE][PASSED] - Attribute 'class' of object '' is: ' '

2022-01-15 18:16:11 - [MESSAGE][PASSED] - Attribute 'class' of object '' is: ' '

2022-01-15 18:16:11 - [MESSAGE][PASSED] - Attribute 'class' of object '' is: ' '

2022-01-15 18:16:11 - [MESSAGE][PASSED] - Attribute 'class' of object '' is: ' '

2022-01-15 18:16:11 - [MESSAGE][PASSED] - Attribute 'class' of object '' is: ' '

2022-01-15 18:16:11 - [MESSAGE][PASSED] - Attribute 'class' of object '' is: ' '

2022-01-15 18:16:11 - [MESSAGE][PASSED] - Attribute 'class' of object '' is: ' '

2022-01-15 18:16:11 - [MESSAGE][PASSED] - Attribute 'class' of object '' is: ' '

2022-01-15 18:16:11 - [MESSAGE][PASSED] - Attribute 'class' of object '' is: ' '

2022-01-15 18:16:11 - [MESSAGE][PASSED] - Attribute 'class' of object '' is: ' '

2022-01-15 18:16:11 - [MESSAGE][PASSED] - Attribute 'class' of object '' is: ' '

2022-01-15 18:16:11 - [MESSAGE][PASSED] - Attribute 'class' of object '' is: ' '

2022-01-15 18:16:11 - [MESSAGE][PASSED] - Attribute 'class' of object '' is: ' '

2022-01-15 18:16:11 - [MESSAGE][PASSED] - Attribute 'class' of object '' is: ' '

2022-01-15 18:16:11 - [MESSAGE][PASSED] - Attribute 'class' of object '' is: ' '

2022-01-15 18:16:11 - [MESSAGE][PASSED] - Attribute 'class' of object '' is: ' '

2022-01-15 18:16:11 - [MESSAGE][PASSED] - Attribute 'class' of object '' is: ' '

2022-01-15 18:16:11 - [MESSAGE][PASSED] - Attribute 'class' of object '' is: ' '

2022-01-15 18:16:11 - [MESSAGE][PASSED] - Attribute 'class' of object '' is: ' '

2022-01-15 18:16:11 - [MESSAGE][PASSED] - Attribute 'class' of object '' is: ' '

2022-01-15 18:16:11 - [MESSAGE][PASSED] - Attribute 'class' of object '' is: ' '

2022-01-15 18:16:11 - [MESSAGE][PASSED] - Attribute 'class' of object '' is: ' '

2022-01-15 18:16:11 - [MESSAGE][PASSED] - Attribute 'class' of object '' is: ' '

2022-01-15 18:16:11 - [MESSAGE][PASSED] - Attribute 'class' of object '' is: ' '

2022-01-15 18:16:11 - [MESSAGE][PASSED] - Attribute 'class' of object '' is: ' '

2022-01-15 18:16:11 - [MESSAGE][PASSED] - Attribute 'class' of object '' is: ' '

2022-01-15 18:16:11 - [MESSAGE][PASSED] - Attribute 'class' of object '' is: ' '

2022-01-15 18:16:11 - [MESSAGE][PASSED] - Attribute 'class' of object '' is: ' '

2022-01-15 18:16:11 - [MESSAGE][PASSED] - Attribute 'class' of object '' is: ' '

2022-01-15 18:16:11 - [MESSAGE][PASSED] - Attribute 'class' of object '' is: ' '

2022-01-15 18:16:11 - [MESSAGE][PASSED] - Attribute 'class' of object '' is: ' '

2022-01-15 18:16:11 - [MESSAGE][PASSED] - Attribute 'class' of object '' is: ' '

2022-01-15 18:16:11 - [MESSAGE][PASSED] - Attribute 'class' of object '' is: ' '

2022-01-15 18:16:11 - [MESSAGE][PASSED] - Attribute 'class' of object '' is: ' '

2022-01-15 18:16:11 - [MESSAGE][PASSED] - Attribute 'class' of object '' is: ' '

2022-01-15 18:16:11 - [MESSAGE][PASSED] - Attribute 'class' of object '' is: ' '

2022-01-15 18:16:11 - [TEST_STEP][PASSED] - SearchResultHelper.checkSearchPagePagination(): Get CSS 'color' value on 'Object Repository/Search Result/span_pagenationLeftArrow' successfully: 'rgba(220, 221, 222, 1)'.

2022-01-15 18:16:12 - [MESSAGE][PASSED] - Object 'Object Repository/Search Result/div.pagenationSection' is present

2022-01-15 18:16:12 - [MESSAGE][PASSED] - Get CSS 'background-color' value on 'Object Repository/Search Result/span_currentPagenation' successfully: 'rgba(82, 36, 127, 1)'.

2022-01-15 18:16:13 - [MESSAGE][PASSED] - Get CSS 'color' value on 'Object Repository/Search Result/span_currentPagenation' successfully: 'rgba(255, 255, 255, 1)'.

2022-01-15 18:16:13 - [MESSAGE][PASSED] - Attribute 'class' of object 'Object Repository/Search Result/span_pagenationLeftArrow' is: 'pagination-item pagination-navigation-item disabled'

2022-01-15 18:16:13 - [MESSAGE][PASSED] - Get CSS 'color' value on 'Object Repository/Search Result/span_pagenationLeftArrow' successfully: 'rgba(220, 221, 222, 1)'.

2022-01-15 18:16:13 - [TEST_STEP][PASSED] - SearchResultHelper.selectProductFilters(): Text of object 'Object Repository/Search Result/h2_productListHeading' is: 'RESULTS FOR "PLASTIC" (1)'

2022-01-15 18:16:14 - [MESSAGE][PASSED] - Object: 'Object Repository/Filter/a_packagingProduct' is clicked on

2022-01-15 18:16:16 - [MESSAGE][PASSED] - Web element with id: 'Object Repository/General/div_pagleLoader' located by 'By.cssSelector: div.page-overlay' is not present after '3' second(s)

2022-01-15 18:16:16 - [MESSAGE][PASSED] - Text of object 'Object Repository/Filter/li_packagingProduct' is: 'Packaging Products (58)'

2022-01-15 18:16:17 - [MESSAGE][PASSED] - Text of object 'Object Repository/Search Result/h2_productListHeading' is: 'RESULTS FOR "PLASTIC" (58)'

2022-01-15 18:16:18 - [MESSAGE][PASSED] - Attribute 'class' of object 'Object Repository/Filter/li_packagingProduct' is: 'selected '

2022-01-15 18:16:19 - [MESSAGE][PASSED] - Object: 'Object Repository/Filter/a_plasticBags' is clicked on

2022-01-15 18:16:20 - [MESSAGE][PASSED] - Web element with id: 'Object Repository/General/div_pagleLoader' located by 'By.cssSelector: div.page-overlay' is not present after '3' second(s)

2022-01-15 18:16:20 - [MESSAGE][PASSED] - Attribute 'class' of object 'Object Repository/Filter/li_plasticBags' is: 'selected '

2022-01-15 18:16:21 - [MESSAGE][PASSED] - Object: '' is clicked on

2022-01-15 18:16:22 - [MESSAGE][PASSED] - Attribute 'class' of object '' is: 'block-title'

2022-01-15 18:16:22 - [MESSAGE][PASSED] - Attribute 'class' of object '' is: 'block-content collapsed collapse in'

2022-01-15 18:16:23 - [MESSAGE][PASSED] - Object: 'Object Repository/Filter/a_greenColor' is clicked on

2022-01-15 18:16:23 - [MESSAGE][PASSED] - Web element with id: 'Object Repository/General/div_pagleLoader' located by 'By.cssSelector: div.page-overlay' is not present after '3' second(s)

2022-01-15 18:16:24 - [MESSAGE][PASSED] - Attribute 'class' of object 'Object Repository/Filter/li_greenColor' is: 'selected '

2022-01-15 18:16:25 - [MESSAGE][PASSED] - Text of object 'Object Repository/Filter/li_greenColor' is: 'Green (1)'

2022-01-15 18:16:25 - [MESSAGE][PASSED] - Text of object 'Object Repository/Search Result/h2_productListHeading' is: 'RESULTS FOR "PLASTIC" (1)'

2022-01-15 18:16:25 - [TEST_STEP][PASSED] - SearchResultPageActions.NavigateToProductDetailsPage(): Object: 'Object Repository/Product details/a_productItem' is clicked on

2022-01-15 18:16:26 - [MESSAGE][PASSED] - Attribute 'href' of object 'Object Repository/Search Result/a_productItemLink' is: 'https://www.cleanersupply.com/Bags/Plastic-Bags/Comforter/comforterblanket-bags-12pack/'

2022-01-15 18:16:26 - [MESSAGE][PASSED] - Text of object 'Object Repository/Search Result/h2_productName' is: 'COMFORTER/BLANKET BAGS - 12/PACK'

2022-01-15 18:16:26 - [MESSAGE][PASSED] - Text of object 'Object Repository/Search Result/div_priceRange' is: '$6.50 - $14.88
List $9.72 - $18.96'

2022-01-15 18:16:27 - [MESSAGE][PASSED] - Text of object 'Object Repository/Search Result/span_availability' is: 'Available in 5 colors'

2022-01-15 18:16:32 - [MESSAGE][PASSED] - Object: 'Object Repository/Product details/a_productItem' is clicked on

2022-01-15 18:16:32 - [TEST_STEP][PASSED] - ProductDetailsHelpers.initProductDetailsPage(): Object 'Object Repository/Product details/button_addToCart' is NOT visible

2022-01-15 18:16:32 - [MESSAGE][PASSED] - Current window's url is: 'https://www.cleanersupply.com/Bags/Plastic-Bags/Comforter/comforterblanket-bags-12pack/?sku=COMF3BK'

2022-01-15 18:16:33 - [MESSAGE][PASSED] - Text of object 'Object Repository/Product details/ul_breadcrumb' is: 'Bags Plastic Bags Comforter'

2022-01-15 18:16:34 - [MESSAGE][PASSED] - Attribute 'class' of object '' is: 'xlarge option-box selected'

2022-01-15 18:16:34 - [MESSAGE][PASSED] - Get CSS 'background-color' value on '' successfully: 'rgba(65, 64, 66, 1)'.

2022-01-15 18:16:34 - [MESSAGE][PASSED] - Get CSS 'color' value on '' successfully: 'rgba(255, 255, 255, 1)'.

2022-01-15 18:16:35 - [MESSAGE][PASSED] - Text of object 'Object Repository/Product details/div_stockNotifcations' is: 'Currently Unavailable.'

2022-01-15 18:16:35 - [MESSAGE][PASSED] - Get CSS 'color' value on 'Object Repository/Product details/div_stockNotifcations' successfully: 'rgba(237, 28, 36, 1)'.

2022-01-15 18:16:36 - [MESSAGE][PASSED] - Text of object 'Object Repository/Product details/span_skuNumber' is: 'COMF3BK'

2022-01-15 18:16:36 - [MESSAGE][PASSED] - Object 'Object Repository/Product details/h1_productName' is present

2022-01-15 18:16:36 - [MESSAGE][PASSED] - Text of object 'Object Repository/Product details/h1_productName' is: 'X-SMALL BLANKET BAG W/NON-WOVEN SIDES - 15" X 18" X 3" - 12/PACK - BLACK'

2022-01-15 18:16:37 - [MESSAGE][PASSED] - Text of object 'Object Repository/Product details/span_productPrice' is: '$8.64'

2022-01-15 18:16:38 - [MESSAGE][PASSED] - Object 'Object Repository/Product details/a_blackColor' is present

2022-01-15 18:16:38 - [MESSAGE][PASSED] - Attribute 'class' of object 'Object Repository/Product details/a_blackColor' is: 'option-box selected'

2022-01-15 18:16:38 - [MESSAGE][PASSED] - Text of object 'Object Repository/Product details/span_selectedColor' is: 'BLACK'

2022-01-15 18:16:39 - [MESSAGE][PASSED] - Object 'Object Repository/Product details/i_favorite' is NOT visible

2022-01-15 18:16:39 - [MESSAGE][PASSED] - Object 'Object Repository/Product details/button_addToCart' is NOT visible

2022-01-15 18:16:39 - [TEST_STEP][PASSED] - ProductDetailsHelpers.hoverEffectAndClickXLargeSizeLink(): Get CSS 'background-color' value on 'Object Repository/Product details/button_addToCart' successfully: 'rgba(82, 36, 127, 1)'.

2022-01-15 18:16:40 - [MESSAGE][PASSED] - Object: 'Object Repository/Product details/a_xLargeLink' is hovered

2022-01-15 18:16:40 - [MESSAGE][PASSED] - Get CSS 'background-color' value on 'Object Repository/Product details/a_xLargeLink' successfully: 'rgba(119, 120, 123, 1)'.

2022-01-15 18:16:40 - [MESSAGE][PASSED] - Get CSS 'color' value on 'Object Repository/Product details/a_xLargeLink' successfully: 'rgba(255, 255, 255, 1)'.

2022-01-15 18:16:41 - [MESSAGE][PASSED] - Object: 'Object Repository/Product details/a_xLargeLink' is clicked on

2022-01-15 18:16:42 - [MESSAGE][PASSED] - Object 'Object Repository/Product details/h1_productName' is present

2022-01-15 18:16:43 - [MESSAGE][PASSED] - Text of object 'Object Repository/Product details/h1_productName' is: 'X-LARGE COMFORTER BAG W/NON-WOVEN SIDES - 26" X 29" X 10" - 12/PACK - BLACK'

2022-01-15 18:16:43 - [MESSAGE][PASSED] - Attribute 'class' of object '' is: 'xlarge option-box selected'

2022-01-15 18:16:43 - [MESSAGE][PASSED] - Get CSS 'background-color' value on '' successfully: 'rgba(65, 64, 66, 1)'.

2022-01-15 18:16:44 - [MESSAGE][PASSED] - Get CSS 'color' value on '' successfully: 'rgba(255, 255, 255, 1)'.

2022-01-15 18:16:44 - [MESSAGE][PASSED] - Text of object 'Object Repository/Product details/div_stockNotifcations' is: 'In Stock!'

2022-01-15 18:16:44 - [MESSAGE][PASSED] - Get CSS 'color' value on 'Object Repository/Product details/div_stockNotifcations' successfully: 'rgba(0, 137, 63, 1)'.

2022-01-15 18:16:45 - [MESSAGE][PASSED] - Text of object 'Object Repository/Product details/span_skuNumber' is: 'COMF26BK'

2022-01-15 18:16:45 - [MESSAGE][PASSED] - Current window's url is: 'https://www.cleanersupply.com/Bags/Plastic-Bags/Comforter/comforterblanket-bags-12pack/?sku=COMF26BK'

2022-01-15 18:16:45 - [MESSAGE][PASSED] - Text of object 'Object Repository/Product details/span_productSpecSize' is: '26" L x 29" H x 10" W'

2022-01-15 18:16:46 - [MESSAGE][PASSED] - Keys 'BACK_SPACE + 5' sent to object: 'Object Repository/Product details/input_productQuantity'

2022-01-15 18:16:46 - [MESSAGE][PASSED] - Attribute 'value' of object 'Object Repository/Product details/input_productQuantity' is: '5'

2022-01-15 18:16:47 - [MESSAGE][PASSED] - Text of object 'Object Repository/Product details/span_productPrice' is: '$14.88'

2022-01-15 18:16:49 - [MESSAGE][PASSED] - Object 'Object Repository/Product details/i_favorite' is visible

2022-01-15 18:16:49 - [MESSAGE][PASSED] - Object 'Object Repository/Product details/button_addToCart' is visible

2022-01-15 18:16:50 - [MESSAGE][PASSED] - Get CSS 'background-color' value on 'Object Repository/Product details/button_addToCart' successfully: 'rgba(82, 36, 127, 1)'.

2022-01-15 18:16:50 - [TEST_STEP][PASSED] - ProductDetailsHelpers.selectGreenColor(): Current window's url is: 'https://www.cleanersupply.com/Bags/Plastic-Bags/Comforter/comforterblanket-bags-12pack/?sku=COMF26GN'

2022-01-15 18:16:50 - [MESSAGE][PASSED] - Object: 'Object Repository/Product details/a_greenColor' is clicked on

2022-01-15 18:16:52 - [MESSAGE][PASSED] - Object 'Object Repository/Product details/a_greenColor' is present

2022-01-15 18:16:52 - [MESSAGE][PASSED] - Attribute 'class' of object 'Object Repository/Product details/a_greenColor' is: 'option-box selected'

2022-01-15 18:16:53 - [MESSAGE][PASSED] - Text of object 'Object Repository/Product details/span_selectedColor' is: 'GREEN'

2022-01-15 18:16:53 - [MESSAGE][PASSED] - Object 'Object Repository/Product details/h1_productName' is present

2022-01-15 18:16:54 - [MESSAGE][PASSED] - Text of object 'Object Repository/Product details/h1_productName' is: 'X-LARGE COMFORTER BAG W/NON-WOVEN SIDES - 26" X 29" X 10" - 12/PACK - GREEN'

2022-01-15 18:16:54 - [MESSAGE][PASSED] - Text of object 'Object Repository/Product details/span_skuNumber' is: 'COMF26GN'

2022-01-15 18:16:54 - [MESSAGE][PASSED] - Current window's url is: 'https://www.cleanersupply.com/Bags/Plastic-Bags/Comforter/comforterblanket-bags-12pack/?sku=COMF26GN'

2022-01-15 18:16:54 - [TEST_STEP][PASSED] - ProductDetailsHelpers.addProductToCart(): Object: 'Object Repository/Product details/button_addToCart' is clicked on

2022-01-15 18:16:54 - [MESSAGE][PASSED] - Object: 'Object Repository/Product details/div_addToCartContainer' is hovered

2022-01-15 18:16:55 - [MESSAGE][PASSED] - Get CSS 'box-shadow' value on 'Object Repository/Product details/div_addToCartContainer' successfully: 'rgba(0, 0, 0, 0.3) 0px 0px 10px 2px'.

2022-01-15 18:16:55 - [MESSAGE][PASSED] - Text of object 'Object Repository/Product details/h1_productName' is: 'X-LARGE COMFORTER BAG W/NON-WOVEN SIDES - 26" X 29" X 10" - 12/PACK - GREEN'

2022-01-15 18:16:55 - [MESSAGE][PASSED] - Attribute 'value' of object 'Object Repository/Product details/input_productQuantity' is: '5'

2022-01-15 18:16:56 - [MESSAGE][PASSED] - Text of object 'Object Repository/Product details/span_skuNumber' is: 'COMF26GN'

2022-01-15 18:16:56 - [MESSAGE][PASSED] - Text of object 'Object Repository/Product details/span_productPrice' is: '$14.52'

2022-01-15 18:16:56 - [MESSAGE][PASSED] - Object: 'Object Repository/Product details/button_addToCart' is clicked on

2022-01-15 18:16:56 - [TEST_STEP][PASSED] - MiniCartHelpers.hoverOnMiniCartHeader(): Text of object 'Object Repository/Mini Cart/span_cartCounterPadge' is: '1'

2022-01-15 18:16:58 - [MESSAGE][PASSED] - Object: 'Object Repository/Mini Cart/a_miniCartLink' is hovered

2022-01-15 18:16:58 - [MESSAGE][PASSED] - Get CSS 'background-color' value on 'Object Repository/Mini Cart/a_miniCartLink' successfully: 'rgba(255, 255, 255, 1)'.

2022-01-15 18:16:59 - [MESSAGE][PASSED] - Get CSS 'color' value on 'Object Repository/Mini Cart/a_miniCartLink' successfully: 'rgba(82, 36, 127, 1)'.

2022-01-15 18:17:00 - [MESSAGE][PASSED] - Text of object 'Object Repository/Mini Cart/span_miniCartSubTotal' is: '$72.60'

2022-01-15 18:17:01 - [MESSAGE][PASSED] - Text of object 'Object Repository/Mini Cart/span_cartCounterPadge' is: '1'

2022-01-15 18:17:03 - [TEST_STEP][PASSED] - ProductDetailsHelpers.hoverEffectAndClickLargeSizeLink(): Get CSS 'background-color' value on 'Object Repository/Product details/button_addToCart' successfully: 'rgba(82, 36, 127, 1)'.

2022-01-15 18:17:04 - [MESSAGE][PASSED] - Object: 'Object Repository/Product details/a_largeLink' is hovered

2022-01-15 18:17:04 - [MESSAGE][PASSED] - Object: 'Object Repository/Product details/a_largeLink' is clicked on

2022-01-15 18:17:06 - [MESSAGE][PASSED] - Attribute 'class' of object '' is: 'xlarge option-box selected'

2022-01-15 18:17:07 - [MESSAGE][PASSED] - Get CSS 'background-color' value on '' successfully: 'rgba(65, 64, 66, 1)'.

2022-01-15 18:17:07 - [MESSAGE][PASSED] - Get CSS 'color' value on '' successfully: 'rgba(255, 255, 255, 1)'.

2022-01-15 18:17:07 - [MESSAGE][PASSED] - Object 'Object Repository/Product details/h1_productName' is present

2022-01-15 18:17:08 - [MESSAGE][PASSED] - Text of object 'Object Repository/Product details/h1_productName' is: 'LARGE COMFORTER BAG W/NON-WOVEN SIDES - 24" X 27" X 8" - 12/PACK - GREEN'

2022-01-15 18:17:08 - [MESSAGE][PASSED] - Text of object 'Object Repository/Product details/span_skuNumber' is: 'COMF24GN'

2022-01-15 18:17:08 - [MESSAGE][PASSED] - Current window's url is: 'https://www.cleanersupply.com/Bags/Plastic-Bags/Comforter/comforterblanket-bags-12pack/?sku=COMF24GN'

2022-01-15 18:17:09 - [MESSAGE][PASSED] - Text of object 'Object Repository/Product details/span_productSpecSize' is: '24" L x 27" H x 8" W'

2022-01-15 18:17:09 - [MESSAGE][PASSED] - Keys 'BACK_SPACE + 4' sent to object: 'Object Repository/Product details/input_productQuantity'

2022-01-15 18:17:10 - [MESSAGE][PASSED] - Attribute 'value' of object 'Object Repository/Product details/input_productQuantity' is: '4'

2022-01-15 18:17:10 - [MESSAGE][PASSED] - Text of object 'Object Repository/Product details/span_productPrice' is: '$13.56'

2022-01-15 18:17:13 - [MESSAGE][PASSED] - Object 'Object Repository/Product details/i_favorite' is visible

2022-01-15 18:17:13 - [MESSAGE][PASSED] - Object 'Object Repository/Product details/button_addToCart' is visible

2022-01-15 18:17:14 - [MESSAGE][PASSED] - Get CSS 'background-color' value on 'Object Repository/Product details/button_addToCart' successfully: 'rgba(82, 36, 127, 1)'.

2022-01-15 18:17:14 - [TEST_STEP][PASSED] - ProductDetailsHelpers.selectRoyalBlueColor(): Current window's url is: 'https://www.cleanersupply.com/Bags/Plastic-Bags/Comforter/comforterblanket-bags-12pack/?sku=COMF24RO'

2022-01-15 18:17:14 - [MESSAGE][PASSED] - Object: 'Object Repository/Product details/a_royalBlueColor' is clicked on

2022-01-15 18:17:15 - [MESSAGE][PASSED] - Object 'Object Repository/Product details/a_royalBlueColor' is present

2022-01-15 18:17:16 - [MESSAGE][PASSED] - Attribute 'class' of object 'Object Repository/Product details/a_royalBlueColor' is: 'option-box selected'

2022-01-15 18:17:16 - [MESSAGE][PASSED] - Text of object 'Object Repository/Product details/span_selectedColor' is: 'ROYAL BLUE'

2022-01-15 18:17:17 - [MESSAGE][PASSED] - Object 'Object Repository/Product details/h1_productName' is present

2022-01-15 18:17:17 - [MESSAGE][PASSED] - Text of object 'Object Repository/Product details/h1_productName' is: 'LARGE COMFORTER BAG W/NON-WOVEN SIDES - 24" X 27" X 8" - 12/PACK - ROYAL BLUE'

2022-01-15 18:17:17 - [MESSAGE][PASSED] - Text of object 'Object Repository/Product details/span_skuNumber' is: 'COMF24RO'

2022-01-15 18:17:17 - [MESSAGE][PASSED] - Current window's url is: 'https://www.cleanersupply.com/Bags/Plastic-Bags/Comforter/comforterblanket-bags-12pack/?sku=COMF24RO'

2022-01-15 18:17:17 - [TEST_STEP][PASSED] - ProductDetailsHelpers.addProductToCart(): Object: 'Object Repository/Product details/button_addToCart' is clicked on

2022-01-15 18:17:18 - [MESSAGE][PASSED] - Object: 'Object Repository/Product details/div_addToCartContainer' is hovered

2022-01-15 18:17:18 - [MESSAGE][PASSED] - Get CSS 'box-shadow' value on 'Object Repository/Product details/div_addToCartContainer' successfully: 'rgba(0, 0, 0, 0.3) 0px 0px 10px 2px'.

2022-01-15 18:17:19 - [MESSAGE][PASSED] - Text of object 'Object Repository/Product details/h1_productName' is: 'LARGE COMFORTER BAG W/NON-WOVEN SIDES - 24" X 27" X 8" - 12/PACK - ROYAL BLUE'

2022-01-15 18:17:19 - [MESSAGE][PASSED] - Attribute 'value' of object 'Object Repository/Product details/input_productQuantity' is: '4'

2022-01-15 18:17:19 - [MESSAGE][PASSED] - Text of object 'Object Repository/Product details/span_skuNumber' is: 'COMF24RO'

2022-01-15 18:17:20 - [MESSAGE][PASSED] - Text of object 'Object Repository/Product details/span_productPrice' is: '$12.72'

2022-01-15 18:17:20 - [MESSAGE][PASSED] - Object: 'Object Repository/Product details/button_addToCart' is clicked on

2022-01-15 18:17:20 - [TEST_STEP][PASSED] - MiniCartHelpers.hoverOnMiniCartHeader(): Text of object 'Object Repository/Mini Cart/span_cartCounterPadge' is: '2'

2022-01-15 18:17:22 - [MESSAGE][PASSED] - Object: 'Object Repository/Mini Cart/a_miniCartLink' is hovered

2022-01-15 18:17:22 - [MESSAGE][PASSED] - Get CSS 'background-color' value on 'Object Repository/Mini Cart/a_miniCartLink' successfully: 'rgba(255, 255, 255, 1)'.

2022-01-15 18:17:23 - [MESSAGE][PASSED] - Get CSS 'color' value on 'Object Repository/Mini Cart/a_miniCartLink' successfully: 'rgba(82, 36, 127, 1)'.

2022-01-15 18:17:25 - [MESSAGE][PASSED] - Text of object 'Object Repository/Mini Cart/span_miniCartSubTotal' is: '$123.48'

2022-01-15 18:17:25 - [MESSAGE][PASSED] - Text of object 'Object Repository/Mini Cart/span_cartCounterPadge' is: '2'

2022-01-15 18:17:27 - [TEST_STEP][PASSED] - MiniCartActions.navigateToCartPage(): Object: 'Object Repository/Mini Cart/a_miniCartLink' is clicked on

2022-01-15 18:17:32 - [MESSAGE][PASSED] - Object: 'Object Repository/Mini Cart/a_miniCartLink' is clicked on

2022-01-15 18:17:32 - [TEST_STEP][PASSED] - ShoppingCartHelpers.navigateToCartPage(): Text of object 'Object Repository/Shopping Cart/td_summaryTotalSubTotal' is: '$123.48'

2022-01-15 18:17:33 - [MESSAGE][PASSED] - Text of object 'Object Repository/Mini Cart/span_cartCounterPadge' is: '2'

2022-01-15 18:17:34 - [MESSAGE][PASSED] - Text of object 'Object Repository/Shopping Cart/td_summaryTableItemCount' is: 'SUBTOTAL (2 ITEMS)'

2022-01-15 18:17:36 - [MESSAGE][PASSED] - Text of object 'Object Repository/Shopping Cart/td_summaryTableTotal' is: '$123.48'

2022-01-15 18:17:36 - [MESSAGE][PASSED] - Text of object 'Object Repository/Shopping Cart/td_summaryTotalSubTotal' is: '$123.48'

2022-01-15 18:17:38 - [TEST_STEP][PASSED] - ShoppingCartHelpers.updateQuantities(): Text of object 'Object Repository/Shopping Cart/td_summaryTotalSubTotal' is: '$108.96'

2022-01-15 18:17:39 - [MESSAGE][PASSED] - Attribute 'value' of object '' is: '4'

2022-01-15 18:17:40 - [MESSAGE][PASSED] - Attribute 'value' of object '' is: '4'

2022-01-15 18:17:40 - [MESSAGE][PASSED] - Object: 'Object Repository/Shopping Cart/td_summaryTableItemCount' is clicked on

2022-01-15 18:17:43 - [MESSAGE][PASSED] - Text of object 'Object Repository/Shopping Cart/td_summaryTableTotal' is: '$108.96'

2022-01-15 18:17:44 - [MESSAGE][PASSED] - Text of object 'Object Repository/Shopping Cart/td_summaryTotalSubTotal' is: '$108.96'

2022-01-15 18:17:44 - [TEST_STEP][PASSED] - ShoppingCartHelpers.navigateToCheckoutPage(): Object: 'Object Repository/Shopping Cart/button_proceedToCheckout' is clicked on

2022-01-15 18:17:44 - [MESSAGE][PASSED] - Object: 'Object Repository/Shopping Cart/a_shoppingCartProductTitle' is hovered

2022-01-15 18:17:45 - [MESSAGE][PASSED] - Get CSS 'background-color' value on 'Object Repository/Shopping Cart/button_proceedToCheckout' successfully: 'rgba(82, 36, 127, 1)'.

2022-01-15 18:17:45 - [MESSAGE][PASSED] - Get CSS 'color' value on 'Object Repository/Shopping Cart/button_proceedToCheckout' successfully: 'rgba(255, 255, 255, 1)'.

2022-01-15 18:17:46 - [MESSAGE][PASSED] - Object: 'Object Repository/Shopping Cart/button_proceedToCheckout' is hovered

2022-01-15 18:17:46 - [MESSAGE][PASSED] - Get CSS 'box-shadow' value on 'Object Repository/Shopping Cart/button_proceedToCheckout' successfully: 'rgba(0, 0, 0, 0.3) 0px 0px 10px 2px'.

2022-01-15 18:17:48 - [MESSAGE][PASSED] - Object: 'Object Repository/Shopping Cart/button_proceedToCheckout' is clicked on

2022-01-15 18:17:48 - [TEST_STEP][PASSED] - CheckoutPageHelpers.initCheckoutPage(): Unable to find the element located by 'By.xpath: '. Please recheck the objects properties to make sure the desired element is located. 

2022-01-15 18:17:50 - [MESSAGE][PASSED] - Text of object 'Object Repository/CheckOut/span_checkoutTitleTotal' is: '$108.96'

2022-01-15 18:17:50 - [MESSAGE][PASSED] - Text of object 'Object Repository/CheckOut/td_summaryTableTotal' is: '$108.96'

2022-01-15 18:17:50 - [MESSAGE][PASSED] - Text of object 'Object Repository/CheckOut/td_summaryTotalSubTotal' is: '$108.96'

2022-01-15 18:17:51 - [MESSAGE][PASSED] - Text of object 'Object Repository/CheckOut/label_checkoutAsGuest' is: 'Checkout as Guest'

2022-01-15 18:17:51 - [MESSAGE][PASSED] - Object 'Object Repository/CheckOut/input_checkoutAsGuestRadioButton' is checked

2022-01-15 18:17:54 - [MESSAGE][INFO] - Unable to find the element located by 'By.cssSelector: table.product-table tbody tr td.product-table__price'. Please recheck the objects properties to make sure the desired element is located. 

2022-01-15 18:17:54 - [MESSAGE][WARNING] - [SELF-HEALING] Failed to find element with id 'Object Repository/Shopping Cart/td_shoppingCartProductPrice'. Try using Self-healing.

2022-01-15 18:17:54 - [MESSAGE][WARNING] - [SELF-HEALING] Cannot find elements when the XPath is null.

2022-01-15 18:17:55 - [MESSAGE][INFO] - Unable to find the element located by 'By.xpath: '. Please recheck the objects properties to make sure the desired element is located. 

2022-01-15 18:17:57 - [MESSAGE][INFO] - Unable to find the element located by 'By.cssSelector: table.product-table tbody tr td.product-table__quantity input[name="quantity"]'. Please recheck the objects properties to make sure the desired element is located. 

2022-01-15 18:17:57 - [MESSAGE][WARNING] - [SELF-HEALING] Failed to find element with id 'Object Repository/Shopping Cart/input_shoppingCartProductQuantity'. Try using Self-healing.

2022-01-15 18:17:57 - [MESSAGE][WARNING] - [SELF-HEALING] Cannot find elements when the XPath is null.

2022-01-15 18:17:58 - [MESSAGE][INFO] - Unable to find the element located by 'By.xpath: '. Please recheck the objects properties to make sure the desired element is located. 

2022-01-15 18:18:00 - [MESSAGE][INFO] - Unable to find the element located by 'By.cssSelector: table.product-table tbody tr td.product-table__total'. Please recheck the objects properties to make sure the desired element is located. 

2022-01-15 18:18:00 - [MESSAGE][WARNING] - [SELF-HEALING] Failed to find element with id 'Object Repository/Shopping Cart/td_shoppingCartProductTotal'. Try using Self-healing.

2022-01-15 18:18:00 - [MESSAGE][WARNING] - [SELF-HEALING] Cannot find elements when the XPath is null.

2022-01-15 18:18:01 - [MESSAGE][INFO] - Unable to find the element located by 'By.xpath: '. Please recheck the objects properties to make sure the desired element is located. 

2022-01-15 18:18:03 - [TEST_STEP][PASSED] - CheckoutPageHelpers.navigateToCheckoutInformationForm(): Object: 'Object Repository/CheckOut/button_continueButton' is clicked on

2022-01-15 18:18:05 - [MESSAGE][PASSED] - Object: 'Object Repository/CheckOut/button_continueButton' is clicked on

2022-01-15 18:18:05 - [TEST_STEP][PASSED] - checkOutFormHelper.fillCheckOutForm(): Object: 'Object Repository/CheckOutForm/a_reviewOrder' is clicked on

2022-01-15 18:18:06 - [MESSAGE][PASSED] - Current window's title is: 'Checkout - Cleaner's Supply'

2022-01-15 18:18:06 - [MESSAGE][PASSED] - Current window's url is: 'https://www.cleanersupply.com/checkout/'

2022-01-15 18:18:06 - [MESSAGE][PASSED] - Text of object 'Object Repository/CheckOutForm/h1_checkOutHeader' is: 'CHECKOUT'

2022-01-15 18:18:07 - [MESSAGE][PASSED] - Object: 'Object Repository/CheckOutForm/input_company' is focused

2022-01-15 18:18:08 - [MESSAGE][PASSED] - Get CSS 'box-shadow' value on 'Object Repository/CheckOutForm/input_company' successfully: 'rgb(99, 99, 99) 0px -3px 0px 0px inset'.

2022-01-15 18:18:08 - [MESSAGE][PASSED] - Get CSS 'border-color' value on 'Object Repository/CheckOutForm/input_company' successfully: 'rgb(99, 99, 99)'.

2022-01-15 18:18:08 - [MESSAGE][PASSED] - Actual object 'rgb(99, 99, 99) 0px -3px 0px 0px inset' and expected object 'rgb(99, 99, 99) 0px -3px 0px 0px inset' are equal

2022-01-15 18:18:08 - [MESSAGE][PASSED] - Actual object 'rgb(99, 99, 99)' and expected object 'rgb(99, 99, 99)' are equal

2022-01-15 18:18:09 - [MESSAGE][PASSED] - Text 'testCompany' is set on object 'Object Repository/CheckOutForm/input_company'

2022-01-15 18:18:10 - [MESSAGE][PASSED] - Object: 'Object Repository/CheckOutForm/input_fname' is focused

2022-01-15 18:18:10 - [MESSAGE][PASSED] - Get CSS 'box-shadow' value on 'Object Repository/CheckOutForm/input_fname' successfully: 'rgb(99, 99, 99) 0px -3px 0px 0px inset'.

2022-01-15 18:18:10 - [MESSAGE][PASSED] - Get CSS 'border-color' value on 'Object Repository/CheckOutForm/input_fname' successfully: 'rgb(99, 99, 99)'.

2022-01-15 18:18:10 - [MESSAGE][PASSED] - Actual object 'rgb(99, 99, 99) 0px -3px 0px 0px inset' and expected object 'rgb(99, 99, 99) 0px -3px 0px 0px inset' are equal

2022-01-15 18:18:10 - [MESSAGE][PASSED] - Actual object 'rgb(99, 99, 99)' and expected object 'rgb(99, 99, 99)' are equal

2022-01-15 18:18:11 - [MESSAGE][PASSED] - Text 'FNameTest' is set on object 'Object Repository/CheckOutForm/input_fname'

2022-01-15 18:18:12 - [MESSAGE][PASSED] - Object: 'Object Repository/CheckOutForm/input_lNAme' is focused

2022-01-15 18:18:12 - [MESSAGE][PASSED] - Get CSS 'box-shadow' value on 'Object Repository/CheckOutForm/input_lNAme' successfully: 'rgb(99, 99, 99) 0px -3px 0px 0px inset'.

2022-01-15 18:18:12 - [MESSAGE][PASSED] - Get CSS 'border-color' value on 'Object Repository/CheckOutForm/input_lNAme' successfully: 'rgb(99, 99, 99)'.

2022-01-15 18:18:12 - [MESSAGE][PASSED] - Actual object 'rgb(99, 99, 99) 0px -3px 0px 0px inset' and expected object 'rgb(99, 99, 99) 0px -3px 0px 0px inset' are equal

2022-01-15 18:18:12 - [MESSAGE][PASSED] - Actual object 'rgb(99, 99, 99)' and expected object 'rgb(99, 99, 99)' are equal

2022-01-15 18:18:13 - [MESSAGE][PASSED] - Text 'lnameValueTest' is set on object 'Object Repository/CheckOutForm/input_lNAme'

2022-01-15 18:18:14 - [MESSAGE][PASSED] - Object: 'Object Repository/CheckOutForm/input_address' is focused

2022-01-15 18:18:14 - [MESSAGE][PASSED] - Get CSS 'box-shadow' value on 'Object Repository/CheckOutForm/input_address' successfully: 'rgb(99, 99, 99) 0px -3px 0px 0px inset'.

2022-01-15 18:18:15 - [MESSAGE][PASSED] - Get CSS 'border-color' value on 'Object Repository/CheckOutForm/input_address' successfully: 'rgb(99, 99, 99)'.

2022-01-15 18:18:15 - [MESSAGE][PASSED] - Actual object 'rgb(99, 99, 99) 0px -3px 0px 0px inset' and expected object 'rgb(99, 99, 99) 0px -3px 0px 0px inset' are equal

2022-01-15 18:18:15 - [MESSAGE][PASSED] - Actual object 'rgb(99, 99, 99)' and expected object 'rgb(99, 99, 99)' are equal

2022-01-15 18:18:15 - [MESSAGE][PASSED] - Text 'addres1Test' is set on object 'Object Repository/CheckOutForm/input_address'

2022-01-15 18:18:16 - [MESSAGE][PASSED] - Object: 'Object Repository/CheckOutForm/input_address2' is focused

2022-01-15 18:18:16 - [MESSAGE][PASSED] - Get CSS 'box-shadow' value on 'Object Repository/CheckOutForm/input_address2' successfully: 'rgb(99, 99, 99) 0px -3px 0px 0px inset'.

2022-01-15 18:18:16 - [MESSAGE][PASSED] - Get CSS 'border-color' value on 'Object Repository/CheckOutForm/input_address2' successfully: 'rgb(99, 99, 99)'.

2022-01-15 18:18:16 - [MESSAGE][PASSED] - Actual object 'rgb(99, 99, 99) 0px -3px 0px 0px inset' and expected object 'rgb(99, 99, 99) 0px -3px 0px 0px inset' are equal

2022-01-15 18:18:16 - [MESSAGE][PASSED] - Actual object 'rgb(99, 99, 99)' and expected object 'rgb(99, 99, 99)' are equal

2022-01-15 18:18:17 - [MESSAGE][PASSED] - Text 'address2 test' is set on object 'Object Repository/CheckOutForm/input_address2'

2022-01-15 18:18:18 - [MESSAGE][PASSED] - Object: 'Object Repository/CheckOutForm/input_zipCode' is focused

2022-01-15 18:18:19 - [MESSAGE][PASSED] - Get CSS 'box-shadow' value on 'Object Repository/CheckOutForm/input_zipCode' successfully: 'rgb(99, 99, 99) 0px -3px 0px 0px inset'.

2022-01-15 18:18:19 - [MESSAGE][PASSED] - Get CSS 'border-color' value on 'Object Repository/CheckOutForm/input_zipCode' successfully: 'rgb(99, 99, 99)'.

2022-01-15 18:18:19 - [MESSAGE][PASSED] - Actual object 'rgb(99, 99, 99) 0px -3px 0px 0px inset' and expected object 'rgb(99, 99, 99) 0px -3px 0px 0px inset' are equal

2022-01-15 18:18:19 - [MESSAGE][PASSED] - Actual object 'rgb(99, 99, 99)' and expected object 'rgb(99, 99, 99)' are equal

2022-01-15 18:18:20 - [MESSAGE][PASSED] - Text '55555' is set on object 'Object Repository/CheckOutForm/input_zipCode'

2022-01-15 18:18:20 - [MESSAGE][PASSED] - Object: 'Object Repository/CheckOutForm/input_city' is focused

2022-01-15 18:18:21 - [MESSAGE][PASSED] - Get CSS 'box-shadow' value on 'Object Repository/CheckOutForm/input_city' successfully: 'rgb(99, 99, 99) 0px -3px 0px 0px inset'.

2022-01-15 18:18:22 - [MESSAGE][PASSED] - Get CSS 'border-color' value on 'Object Repository/CheckOutForm/input_city' successfully: 'rgb(99, 99, 99)'.

2022-01-15 18:18:22 - [MESSAGE][PASSED] - Actual object 'rgb(99, 99, 99) 0px -3px 0px 0px inset' and expected object 'rgb(99, 99, 99) 0px -3px 0px 0px inset' are equal

2022-01-15 18:18:22 - [MESSAGE][PASSED] - Actual object 'rgb(99, 99, 99)' and expected object 'rgb(99, 99, 99)' are equal

2022-01-15 18:18:23 - [MESSAGE][PASSED] - Text 'Palestine' is set on object 'Object Repository/CheckOutForm/input_city'

2022-01-15 18:18:23 - [MESSAGE][PASSED] - Object: 'Object Repository/CheckOutForm/input_phoneNum' is focused

2022-01-15 18:18:23 - [MESSAGE][PASSED] - Get CSS 'box-shadow' value on 'Object Repository/CheckOutForm/input_phoneNum' successfully: 'rgb(99, 99, 99) 0px -3px 0px 0px inset'.

2022-01-15 18:18:24 - [MESSAGE][PASSED] - Get CSS 'border-color' value on 'Object Repository/CheckOutForm/input_phoneNum' successfully: 'rgb(99, 99, 99)'.

2022-01-15 18:18:24 - [MESSAGE][PASSED] - Actual object 'rgb(99, 99, 99) 0px -3px 0px 0px inset' and expected object 'rgb(99, 99, 99) 0px -3px 0px 0px inset' are equal

2022-01-15 18:18:24 - [MESSAGE][PASSED] - Actual object 'rgb(99, 99, 99)' and expected object 'rgb(99, 99, 99)' are equal

2022-01-15 18:18:25 - [MESSAGE][PASSED] - Text '541-143-1030' is set on object 'Object Repository/CheckOutForm/input_phoneNum'

2022-01-15 18:18:25 - [MESSAGE][PASSED] - Object: 'Object Repository/CheckOutForm/input_phoneExt' is focused

2022-01-15 18:18:26 - [MESSAGE][PASSED] - Get CSS 'box-shadow' value on 'Object Repository/CheckOutForm/input_phoneExt' successfully: 'rgb(99, 99, 99) 0px -3px 0px 0px inset'.

2022-01-15 18:18:26 - [MESSAGE][PASSED] - Get CSS 'border-color' value on 'Object Repository/CheckOutForm/input_phoneExt' successfully: 'rgb(99, 99, 99)'.

2022-01-15 18:18:26 - [MESSAGE][PASSED] - Actual object 'rgb(99, 99, 99) 0px -3px 0px 0px inset' and expected object 'rgb(99, 99, 99) 0px -3px 0px 0px inset' are equal

2022-01-15 18:18:26 - [MESSAGE][PASSED] - Actual object 'rgb(99, 99, 99)' and expected object 'rgb(99, 99, 99)' are equal

2022-01-15 18:18:27 - [MESSAGE][PASSED] - Text '1' is set on object 'Object Repository/CheckOutForm/input_phoneExt'

2022-01-15 18:18:27 - [MESSAGE][PASSED] - Object: 'Object Repository/CheckOutForm/input_phoneExt' is focused

2022-01-15 18:18:28 - [MESSAGE][PASSED] - Get CSS 'box-shadow' value on 'Object Repository/CheckOutForm/input_phoneExt' successfully: 'rgb(99, 99, 99) 0px -3px 0px 0px inset'.

2022-01-15 18:18:29 - [MESSAGE][PASSED] - Get CSS 'border-color' value on 'Object Repository/CheckOutForm/input_phoneExt' successfully: 'rgb(99, 99, 99)'.

2022-01-15 18:18:29 - [MESSAGE][PASSED] - Actual object 'rgb(99, 99, 99) 0px -3px 0px 0px inset' and expected object 'rgb(99, 99, 99) 0px -3px 0px 0px inset' are equal

2022-01-15 18:18:29 - [MESSAGE][PASSED] - Actual object 'rgb(99, 99, 99)' and expected object 'rgb(99, 99, 99)' are equal

2022-01-15 18:18:30 - [MESSAGE][PASSED] - Text '1' is set on object 'Object Repository/CheckOutForm/input_phoneExt'

2022-01-15 18:18:30 - [MESSAGE][PASSED] - Object: 'Object Repository/CheckOutForm/input_email' is focused

2022-01-15 18:18:30 - [MESSAGE][PASSED] - Get CSS 'box-shadow' value on 'Object Repository/CheckOutForm/input_email' successfully: 'rgb(99, 99, 99) 0px -3px 0px 0px inset'.

2022-01-15 18:18:31 - [MESSAGE][PASSED] - Get CSS 'border-color' value on 'Object Repository/CheckOutForm/input_email' successfully: 'rgb(99, 99, 99)'.

2022-01-15 18:18:31 - [MESSAGE][PASSED] - Actual object 'rgb(99, 99, 99) 0px -3px 0px 0px inset' and expected object 'rgb(99, 99, 99) 0px -3px 0px 0px inset' are equal

2022-01-15 18:18:31 - [MESSAGE][PASSED] - Actual object 'rgb(99, 99, 99)' and expected object 'rgb(99, 99, 99)' are equal

2022-01-15 18:18:32 - [MESSAGE][PASSED] - Text 'test@test.com' is set on object 'Object Repository/CheckOutForm/input_email'

2022-01-15 18:18:33 - [MESSAGE][PASSED] - Object: 'Object Repository/CheckOutForm/button_state' is clicked on

2022-01-15 18:18:33 - [MESSAGE][PASSED] - Object 'Object Repository/CheckOutForm/button_state' has attribute 'aria-expanded' with value 'true'

2022-01-15 18:18:34 - [MESSAGE][PASSED] - Object: 'Object Repository/CheckOutForm/a_state' is clicked on

2022-01-15 18:18:36 - [MESSAGE][PASSED] - Text of object 'Object Repository/CheckOutForm/span_selectedState' is: 'Arizona'

2022-01-15 18:18:37 - [MESSAGE][PASSED] - Object: 'Object Repository/CheckOutForm/input_creditCardName' is focused

2022-01-15 18:18:37 - [MESSAGE][PASSED] - Get CSS 'box-shadow' value on 'Object Repository/CheckOutForm/input_creditCardName' successfully: 'rgb(99, 99, 99) 0px -3px 0px 0px inset'.

2022-01-15 18:18:38 - [MESSAGE][PASSED] - Get CSS 'border-color' value on 'Object Repository/CheckOutForm/input_creditCardName' successfully: 'rgb(99, 99, 99)'.

2022-01-15 18:18:38 - [MESSAGE][PASSED] - Actual object 'rgb(99, 99, 99) 0px -3px 0px 0px inset' and expected object 'rgb(99, 99, 99) 0px -3px 0px 0px inset' are equal

2022-01-15 18:18:38 - [MESSAGE][PASSED] - Actual object 'rgb(99, 99, 99)' and expected object 'rgb(99, 99, 99)' are equal

2022-01-15 18:18:39 - [MESSAGE][PASSED] - Text 'Razan' is set on object 'Object Repository/CheckOutForm/input_creditCardName'

2022-01-15 18:18:39 - [MESSAGE][PASSED] - Object: 'Object Repository/CheckOutForm/input_cardNumber' is focused

2022-01-15 18:18:40 - [MESSAGE][PASSED] - Get CSS 'box-shadow' value on 'Object Repository/CheckOutForm/input_cardNumber' successfully: 'rgb(99, 99, 99) 0px -3px 0px 0px inset'.

2022-01-15 18:18:40 - [MESSAGE][PASSED] - Get CSS 'border-color' value on 'Object Repository/CheckOutForm/input_cardNumber' successfully: 'rgb(99, 99, 99)'.

2022-01-15 18:18:40 - [MESSAGE][PASSED] - Actual object 'rgb(99, 99, 99) 0px -3px 0px 0px inset' and expected object 'rgb(99, 99, 99) 0px -3px 0px 0px inset' are equal

2022-01-15 18:18:40 - [MESSAGE][PASSED] - Actual object 'rgb(99, 99, 99)' and expected object 'rgb(99, 99, 99)' are equal

2022-01-15 18:18:41 - [MESSAGE][PASSED] - Text '379936489179273' is set on object 'Object Repository/CheckOutForm/input_cardNumber'

2022-01-15 18:18:42 - [MESSAGE][PASSED] - Object: 'Object Repository/CheckOutForm/input_cvv' is focused

2022-01-15 18:18:42 - [MESSAGE][PASSED] - Get CSS 'box-shadow' value on 'Object Repository/CheckOutForm/input_cvv' successfully: 'rgb(99, 99, 99) 0px -3px 0px 0px inset'.

2022-01-15 18:18:42 - [MESSAGE][PASSED] - Get CSS 'border-color' value on 'Object Repository/CheckOutForm/input_cvv' successfully: 'rgb(99, 99, 99)'.

2022-01-15 18:18:42 - [MESSAGE][PASSED] - Actual object 'rgb(99, 99, 99) 0px -3px 0px 0px inset' and expected object 'rgb(99, 99, 99) 0px -3px 0px 0px inset' are equal

2022-01-15 18:18:42 - [MESSAGE][PASSED] - Actual object 'rgb(99, 99, 99)' and expected object 'rgb(99, 99, 99)' are equal

2022-01-15 18:18:43 - [MESSAGE][PASSED] - Text '2222' is set on object 'Object Repository/CheckOutForm/input_cvv'

2022-01-15 18:18:44 - [MESSAGE][PASSED] - Object: 'Object Repository/CheckOutForm/button_expirationDate' is clicked on

2022-01-15 18:18:45 - [MESSAGE][PASSED] - Object: 'Object Repository/CheckOutForm/button_expirationYear' is clicked on

2022-01-15 18:18:46 - [MESSAGE][PASSED] - Object: 'Object Repository/CheckOutForm/input_PO' is focused

2022-01-15 18:18:46 - [MESSAGE][PASSED] - Get CSS 'box-shadow' value on 'Object Repository/CheckOutForm/input_PO' successfully: 'rgb(99, 99, 99) 0px -3px 0px 0px inset'.

2022-01-15 18:18:47 - [MESSAGE][PASSED] - Get CSS 'border-color' value on 'Object Repository/CheckOutForm/input_PO' successfully: 'rgb(99, 99, 99)'.

2022-01-15 18:18:47 - [MESSAGE][PASSED] - Actual object 'rgb(99, 99, 99) 0px -3px 0px 0px inset' and expected object 'rgb(99, 99, 99) 0px -3px 0px 0px inset' are equal

2022-01-15 18:18:47 - [MESSAGE][PASSED] - Actual object 'rgb(99, 99, 99)' and expected object 'rgb(99, 99, 99)' are equal

2022-01-15 18:18:48 - [MESSAGE][PASSED] - Text 'test1155' is set on object 'Object Repository/CheckOutForm/input_PO'

2022-01-15 18:18:49 - [MESSAGE][PASSED] - Text 'test comment' is set on object 'Object Repository/CheckOutForm/input_comments'

2022-01-15 18:18:49 - [MESSAGE][PASSED] - Object: 'Object Repository/CheckOutForm/a_reviewOrder' is clicked on

2022-01-15 18:18:49 - [TEST_STEP][PASSED] - CheckoutPageValidation.verifyNavigationToCheckoutDetails(): Text of object 'Object Repository/CheckOut Details/h1_checkoutHeader' is: 'CHECKOUT'

2022-01-15 18:18:49 - [MESSAGE][PASSED] - Current window's title is: 'Checkout - Cleaner's Supply'

2022-01-15 18:18:49 - [MESSAGE][PASSED] - Current window's url is: 'https://www.cleanersupply.com/checkout/'

2022-01-15 18:18:51 - [MESSAGE][PASSED] - Text of object 'Object Repository/CheckOut Details/h1_checkoutHeader' is: 'CHECKOUT'

2022-01-15 18:18:51 - [TEST_STEP][PASSED] - CheckoutPageHelpers.ShippingAddressDiv(): Text of object 'Object Repository/CheckOut Details/h2_shippingAddrDivHeader' is: 'SHIPPING ADDRESS'

2022-01-15 18:18:52 - [MESSAGE][PASSED] - Scroll to object 'Object Repository/CheckOut Details/div_shippingAddr' successfully

2022-01-15 18:18:52 - [MESSAGE][PASSED] - Object 'Object Repository/CheckOut Details/div_shippingAddr' is visible

2022-01-15 18:18:52 - [MESSAGE][PASSED] - Get CSS 'background-color' value on 'Object Repository/CheckOut Details/div_shippingAddr' successfully: 'rgba(241, 242, 242, 1)'.

2022-01-15 18:18:53 - [MESSAGE][PASSED] - Object 'Object Repository/CheckOut Details/h2_shippingAddrDivHeader' is visible

2022-01-15 18:18:53 - [MESSAGE][PASSED] - Text of object 'Object Repository/CheckOut Details/h2_shippingAddrDivHeader' is: 'SHIPPING ADDRESS'

2022-01-15 18:18:53 - [TEST_STEP][PASSED] - CheckoutPageHelpers.verifyShippingDetailsInCeckout(): Text of object 'Object Repository/CheckOut Details/span_shippingAddressDetails' is: 'testCompany
FNameTest lnameValueTest
addres1Test
address2 test
Palestine, AZ 55555
541-143-1030 x1
United States'

2022-01-15 18:18:54 - [MESSAGE][PASSED] - Text of object 'Object Repository/CheckOut Details/span_shippingAddressDetails' is: 'testCompany
FNameTest lnameValueTest
addres1Test
address2 test
Palestine, AZ 55555
541-143-1030 x1
United States'

2022-01-15 18:18:54 - [TEST_STEP][PASSED] - CheckoutPageHelpers.standardShippingAddress(): Object: 'Object Repository/CheckOut Details/a_shippingOptionLink' is clicked on

2022-01-15 18:18:55 - [MESSAGE][PASSED] - Object 'Object Repository/CheckOut Details/dic_standardShiping' is visible

2022-01-15 18:18:55 - [MESSAGE][PASSED] - Get CSS 'background-color' value on 'Object Repository/CheckOut Details/dic_standardShiping' successfully: 'rgba(241, 242, 242, 1)'.

2022-01-15 18:18:56 - [MESSAGE][PASSED] - Attribute 'class' of object 'Object Repository/CheckOut Details/a_shippingOptionLink' is: 'pull-right collapsed'

2022-01-15 18:18:56 - [MESSAGE][PASSED] - Object: 'Object Repository/CheckOut Details/a_shippingOptionLink' is clicked on

2022-01-15 18:18:56 - [MESSAGE][PASSED] - Attribute 'class' of object 'Object Repository/CheckOut Details/a_shippingOptionLink' is: 'pull-right'

2022-01-15 18:18:57 - [MESSAGE][PASSED] - Get CSS 'border-color' value on 'Object Repository/CheckOut Details/span_standard_Delivery' successfully: 'rgb(82, 36, 127)'.

2022-01-15 18:18:57 - [MESSAGE][PASSED] - Object: 'Object Repository/CheckOut Details/a_shippingOptionLink' is clicked on

2022-01-15 18:18:57 - [TEST_STEP][PASSED] - CheckoutPageHelpers.paymentMethodDiv(): Text of object 'Object Repository/CheckOut Details/h2_paymentMethodHeader' is: 'PAYMENT METHOD'

2022-01-15 18:18:58 - [MESSAGE][PASSED] - Object 'Object Repository/CheckOut Details/h2_paymentMethodHeader' is visible

2022-01-15 18:18:58 - [MESSAGE][PASSED] - Text of object 'Object Repository/CheckOut Details/h2_paymentMethodHeader' is: 'PAYMENT METHOD'

2022-01-15 18:18:58 - [TEST_STEP][PASSED] - CheckoutPageHelpers.verifyPaymentMethodDetails(): Attribute 'value' of object 'Object Repository/CheckOut Details/input_paymentMethodComment' is: 'test comment'

2022-01-15 18:18:59 - [MESSAGE][PASSED] - Text of object 'Object Repository/CheckOut Details/span_paymentMethodDetails' is: 'AmericanExpress **** 9273
Razan
Expires: 8/49'

2022-01-15 18:19:00 - [MESSAGE][PASSED] - Object 'Object Repository/CheckOut Details/div_PoNoDiv' is visible

2022-01-15 18:19:00 - [MESSAGE][PASSED] - Attribute 'value' of object 'Object Repository/CheckOut Details/input_paymentMethodPo' is: 'test1155'

2022-01-15 18:19:00 - [MESSAGE][PASSED] - Attribute 'value' of object 'Object Repository/CheckOut Details/input_paymentMethodComment' is: 'test comment'

2022-01-15 18:19:00 - [TEST_STEP][PASSED] - closeBrowser(): Browser is closed

2022-01-15 18:19:01 - [MESSAGE][PASSED] - Browser is closed

2022-01-15 18:19:14 - [TEST_STEP][PASSED] - Video: Video recording for test case 'Test Cases/Checkout Scenario/Product Details' .

2022-01-15 18:19:14 - [MESSAGE][INFO] - Video recording for test case 'Test Cases/Checkout Scenario/Product Details' .]]></system-out>
         <system-err><![CDATA[]]></system-err>
      </testcase>
      <testcase name="Test Cases/Checkout Scenario/Quick Order" time="27.527" classname="Test Cases/Checkout Scenario/Quick Order" status="FAILED">
         <failure type="FAILED" message="Test Cases/Checkout Scenario/Quick Order FAILED.
Reason:
Assertion failed: 

assert WebUI.getCSSValue(quickHeader, &quot;color&quot;).equals(&quot;#fff&quot;)
             |           |                     |
             |           |                     false
             |           TestObject - 'Object Repository/Quick Order/a_quickOrderHeader'
             rgba(255, 255, 255, 1)

	at validation.QuickOrderValidations.veriyHeaderStyle(QuickOrderValidations.groovy:69)
	at validation.QuickOrderValidations$veriyHeaderStyle$0.call(Unknown Source)
	at helpers.QuickOrderHelpers.headerAndTableStyle(QuickOrderHelpers.groovy:119)
	at helpers.QuickOrderHelpers$headerAndTableStyle$1.call(Unknown Source)
	at Quick Order.run(Quick Order:50)
	at com.kms.katalon.core.main.ScriptEngine.run(ScriptEngine.java:194)
	at com.kms.katalon.core.main.ScriptEngine.runScriptAsRawText(ScriptEngine.java:119)
	at com.kms.katalon.core.main.TestCaseExecutor.runScript(TestCaseExecutor.java:442)
	at com.kms.katalon.core.main.TestCaseExecutor.doExecute(TestCaseExecutor.java:433)
	at com.kms.katalon.core.main.TestCaseExecutor.processExecutionPhase(TestCaseExecutor.java:412)
	at com.kms.katalon.core.main.TestCaseExecutor.accessMainPhase(TestCaseExecutor.java:404)
	at com.kms.katalon.core.main.TestCaseExecutor.execute(TestCaseExecutor.java:281)
	at com.kms.katalon.core.main.TestSuiteExecutor.accessTestCaseMainPhase(TestSuiteExecutor.java:202)
	at com.kms.katalon.core.main.TestSuiteExecutor.accessTestSuiteMainPhase(TestSuiteExecutor.java:164)
	at com.kms.katalon.core.main.TestSuiteExecutor.execute(TestSuiteExecutor.java:105)
	at com.kms.katalon.core.main.TestCaseMain.startTestSuite(TestCaseMain.java:181)
	at com.kms.katalon.core.main.TestCaseMain$startTestSuite$0.call(Unknown Source)
	at TempTestSuite1642263244556.run(TempTestSuite1642263244556.groovy:36)
"/>
         <system-out><![CDATA[2022-01-15 18:19:14 - [TEST_CASE][FAILED] - Test Cases/Checkout Scenario/Quick Order: Test Cases/Checkout Scenario/Quick Order FAILED.
Reason:
Assertion failed: 

assert WebUI.getCSSValue(quickHeader, "color").equals("#fff")
             |           |                     |
             |           |                     false
             |           TestObject - 'Object Repository/Quick Order/a_quickOrderHeader'
             rgba(255, 255, 255, 1)

	at validation.QuickOrderValidations.veriyHeaderStyle(QuickOrderValidations.groovy:69)
	at validation.QuickOrderValidations$veriyHeaderStyle$0.call(Unknown Source)
	at helpers.QuickOrderHelpers.headerAndTableStyle(QuickOrderHelpers.groovy:119)
	at helpers.QuickOrderHelpers$headerAndTableStyle$1.call(Unknown Source)
	at Quick Order.run(Quick Order:50)
	at com.kms.katalon.core.main.ScriptEngine.run(ScriptEngine.java:194)
	at com.kms.katalon.core.main.ScriptEngine.runScriptAsRawText(ScriptEngine.java:119)
	at com.kms.katalon.core.main.TestCaseExecutor.runScript(TestCaseExecutor.java:442)
	at com.kms.katalon.core.main.TestCaseExecutor.doExecute(TestCaseExecutor.java:433)
	at com.kms.katalon.core.main.TestCaseExecutor.processExecutionPhase(TestCaseExecutor.java:412)
	at com.kms.katalon.core.main.TestCaseExecutor.accessMainPhase(TestCaseExecutor.java:404)
	at com.kms.katalon.core.main.TestCaseExecutor.execute(TestCaseExecutor.java:281)
	at com.kms.katalon.core.main.TestSuiteExecutor.accessTestCaseMainPhase(TestSuiteExecutor.java:202)
	at com.kms.katalon.core.main.TestSuiteExecutor.accessTestSuiteMainPhase(TestSuiteExecutor.java:164)
	at com.kms.katalon.core.main.TestSuiteExecutor.execute(TestSuiteExecutor.java:105)
	at com.kms.katalon.core.main.TestCaseMain.startTestSuite(TestCaseMain.java:181)
	at com.kms.katalon.core.main.TestCaseMain$startTestSuite$0.call(Unknown Source)
	at TempTestSuite1642263244556.run(TempTestSuite1642263244556.groovy:36)


2022-01-15 18:19:15 - [TEST_STEP][PASSED] - GeneralHelpers.initScenario(): Current window's url is: 'https://www.cleanersupply.com/'

2022-01-15 18:19:15 - [MESSAGE][INFO] - Starting 'Chrome' driver

2022-01-15 18:19:15 - [MESSAGE][INFO] - Action delay is set to 0 milliseconds

2022-01-15 18:19:19 - [MESSAGE][PASSED] - Browser is opened with url: ''

2022-01-15 18:19:19 - [MESSAGE][PASSED] - Current window maximized

2022-01-15 18:19:27 - [MESSAGE][PASSED] - Navigate to 'https://www.cleanersupply.com/' successfully

2022-01-15 18:19:30 - [MESSAGE][PASSED] - Wait for page load successfully

2022-01-15 18:19:30 - [MESSAGE][PASSED] - Current window's title is: 'Cleaner's Supply - Dry Cleaning Supplies'

2022-01-15 18:19:30 - [MESSAGE][PASSED] - Current window's title is: 'Cleaner's Supply - Dry Cleaning Supplies'

2022-01-15 18:19:30 - [MESSAGE][PASSED] - Current window's url is: 'https://www.cleanersupply.com/'

2022-01-15 18:19:30 - [TEST_STEP][PASSED] - QuickOrderHelpers.navigationAndVerifyToQuickOrder(): Text of object 'Object Repository/Quick Order/span_quickOrderHeader' is: 'QUICK
ORDER'

2022-01-15 18:19:33 - [MESSAGE][PASSED] - Object 'Object Repository/Quick Order/a_quickOrder' is visible

2022-01-15 18:19:34 - [MESSAGE][PASSED] - Object: 'Object Repository/Quick Order/a_quickOrder' is hovered

2022-01-15 18:19:34 - [MESSAGE][PASSED] - Get CSS 'color' value on 'Object Repository/Quick Order/i_quickOrderIcon' successfully: 'rgba(82, 36, 127, 1)'.

2022-01-15 18:19:38 - [MESSAGE][PASSED] - Object: 'Object Repository/Quick Order/a_quickOrder' is clicked on

2022-01-15 18:19:38 - [MESSAGE][PASSED] - Current window's title is: 'Quick Order - Cleaner's Supply'

2022-01-15 18:19:38 - [MESSAGE][PASSED] - Current window's url is: 'https://www.cleanersupply.com/quick-order/'

2022-01-15 18:19:39 - [MESSAGE][PASSED] - Text of object 'Object Repository/Quick Order/span_quickOrderHeader' is: 'QUICK
ORDER'

2022-01-15 18:19:39 - [TEST_STEP][PASSED] - QuickOrderValidations.verifyCartCounter("0"): Text of object 'Object Repository/Quick Order/span_cartCounter' is: '0'

2022-01-15 18:19:40 - [MESSAGE][PASSED] - Text of object 'Object Repository/Quick Order/span_cartCounter' is: '0'

2022-01-15 18:19:40 - [TEST_STEP][FAILED] - QuickOrderHelpers.headerAndTableStyle(): Test Cases/Checkout Scenario/Quick Order FAILED.
Reason:
Assertion failed: 

assert WebUI.getCSSValue(quickHeader, "color").equals("#fff")
             |           |                     |
             |           |                     false
             |           TestObject - 'Object Repository/Quick Order/a_quickOrderHeader'
             rgba(255, 255, 255, 1)

	at validation.QuickOrderValidations.veriyHeaderStyle(QuickOrderValidations.groovy:69)
	at validation.QuickOrderValidations$veriyHeaderStyle$0.call(Unknown Source)
	at helpers.QuickOrderHelpers.headerAndTableStyle(QuickOrderHelpers.groovy:119)
	at helpers.QuickOrderHelpers$headerAndTableStyle$1.call(Unknown Source)
	at Quick Order.run(Quick Order:50)
	at com.kms.katalon.core.main.ScriptEngine.run(ScriptEngine.java:194)
	at com.kms.katalon.core.main.ScriptEngine.runScriptAsRawText(ScriptEngine.java:119)
	at com.kms.katalon.core.main.TestCaseExecutor.runScript(TestCaseExecutor.java:442)
	at com.kms.katalon.core.main.TestCaseExecutor.doExecute(TestCaseExecutor.java:433)
	at com.kms.katalon.core.main.TestCaseExecutor.processExecutionPhase(TestCaseExecutor.java:412)
	at com.kms.katalon.core.main.TestCaseExecutor.accessMainPhase(TestCaseExecutor.java:404)
	at com.kms.katalon.core.main.TestCaseExecutor.execute(TestCaseExecutor.java:281)
	at com.kms.katalon.core.main.TestSuiteExecutor.accessTestCaseMainPhase(TestSuiteExecutor.java:202)
	at com.kms.katalon.core.main.TestSuiteExecutor.accessTestSuiteMainPhase(TestSuiteExecutor.java:164)
	at com.kms.katalon.core.main.TestSuiteExecutor.execute(TestSuiteExecutor.java:105)
	at com.kms.katalon.core.main.TestCaseMain.startTestSuite(TestCaseMain.java:181)
	at com.kms.katalon.core.main.TestCaseMain$startTestSuite$0.call(Unknown Source)
	at TempTestSuite1642263244556.run(TempTestSuite1642263244556.groovy:36)


2022-01-15 18:19:40 - [MESSAGE][PASSED] - Get CSS 'background-color' value on 'Object Repository/Quick Order/a_quickOrderHeader' successfully: 'rgba(82, 36, 127, 1)'.

2022-01-15 18:19:40 - [MESSAGE][PASSED] - Get CSS 'color' value on 'Object Repository/Quick Order/a_quickOrderHeader' successfully: 'rgba(255, 255, 255, 1)'.

2022-01-15 18:19:40 - [MESSAGE][FAILED] - Test Cases/Checkout Scenario/Quick Order FAILED.
Reason:
Assertion failed: 

assert WebUI.getCSSValue(quickHeader, "color").equals("#fff")
             |           |                     |
             |           |                     false
             |           TestObject - 'Object Repository/Quick Order/a_quickOrderHeader'
             rgba(255, 255, 255, 1)

	at validation.QuickOrderValidations.veriyHeaderStyle(QuickOrderValidations.groovy:69)
	at validation.QuickOrderValidations$veriyHeaderStyle$0.call(Unknown Source)
	at helpers.QuickOrderHelpers.headerAndTableStyle(QuickOrderHelpers.groovy:119)
	at helpers.QuickOrderHelpers$headerAndTableStyle$1.call(Unknown Source)
	at Quick Order.run(Quick Order:50)
	at com.kms.katalon.core.main.ScriptEngine.run(ScriptEngine.java:194)
	at com.kms.katalon.core.main.ScriptEngine.runScriptAsRawText(ScriptEngine.java:119)
	at com.kms.katalon.core.main.TestCaseExecutor.runScript(TestCaseExecutor.java:442)
	at com.kms.katalon.core.main.TestCaseExecutor.doExecute(TestCaseExecutor.java:433)
	at com.kms.katalon.core.main.TestCaseExecutor.processExecutionPhase(TestCaseExecutor.java:412)
	at com.kms.katalon.core.main.TestCaseExecutor.accessMainPhase(TestCaseExecutor.java:404)
	at com.kms.katalon.core.main.TestCaseExecutor.execute(TestCaseExecutor.java:281)
	at com.kms.katalon.core.main.TestSuiteExecutor.accessTestCaseMainPhase(TestSuiteExecutor.java:202)
	at com.kms.katalon.core.main.TestSuiteExecutor.accessTestSuiteMainPhase(TestSuiteExecutor.java:164)
	at com.kms.katalon.core.main.TestSuiteExecutor.execute(TestSuiteExecutor.java:105)
	at com.kms.katalon.core.main.TestCaseMain.startTestSuite(TestCaseMain.java:181)
	at com.kms.katalon.core.main.TestCaseMain$startTestSuite$0.call(Unknown Source)
	at TempTestSuite1642263244556.run(TempTestSuite1642263244556.groovy:36)


2022-01-15 18:19:42 - [TEST_STEP][PASSED] - Video: Video recording for test case 'Test Cases/Checkout Scenario/Quick Order' .

2022-01-15 18:19:42 - [MESSAGE][INFO] - Video recording for test case 'Test Cases/Checkout Scenario/Quick Order' .]]></system-out>
         <system-err><![CDATA[2022-01-15 18:19:14 - [TEST_CASE][FAILED] - Test Cases/Checkout Scenario/Quick Order: Test Cases/Checkout Scenario/Quick Order FAILED.
Reason:
Assertion failed: 

assert WebUI.getCSSValue(quickHeader, "color").equals("#fff")
             |           |                     |
             |           |                     false
             |           TestObject - 'Object Repository/Quick Order/a_quickOrderHeader'
             rgba(255, 255, 255, 1)

	at validation.QuickOrderValidations.veriyHeaderStyle(QuickOrderValidations.groovy:69)
	at validation.QuickOrderValidations$veriyHeaderStyle$0.call(Unknown Source)
	at helpers.QuickOrderHelpers.headerAndTableStyle(QuickOrderHelpers.groovy:119)
	at helpers.QuickOrderHelpers$headerAndTableStyle$1.call(Unknown Source)
	at Quick Order.run(Quick Order:50)
	at com.kms.katalon.core.main.ScriptEngine.run(ScriptEngine.java:194)
	at com.kms.katalon.core.main.ScriptEngine.runScriptAsRawText(ScriptEngine.java:119)
	at com.kms.katalon.core.main.TestCaseExecutor.runScript(TestCaseExecutor.java:442)
	at com.kms.katalon.core.main.TestCaseExecutor.doExecute(TestCaseExecutor.java:433)
	at com.kms.katalon.core.main.TestCaseExecutor.processExecutionPhase(TestCaseExecutor.java:412)
	at com.kms.katalon.core.main.TestCaseExecutor.accessMainPhase(TestCaseExecutor.java:404)
	at com.kms.katalon.core.main.TestCaseExecutor.execute(TestCaseExecutor.java:281)
	at com.kms.katalon.core.main.TestSuiteExecutor.accessTestCaseMainPhase(TestSuiteExecutor.java:202)
	at com.kms.katalon.core.main.TestSuiteExecutor.accessTestSuiteMainPhase(TestSuiteExecutor.java:164)
	at com.kms.katalon.core.main.TestSuiteExecutor.execute(TestSuiteExecutor.java:105)
	at com.kms.katalon.core.main.TestCaseMain.startTestSuite(TestCaseMain.java:181)
	at com.kms.katalon.core.main.TestCaseMain$startTestSuite$0.call(Unknown Source)
	at TempTestSuite1642263244556.run(TempTestSuite1642263244556.groovy:36)]]></system-err>
      </testcase>
      <testcase name="Test Cases/Checkout Scenario/Category" time="101.602" classname="Test Cases/Checkout Scenario/Category" status="PASSED">
         <system-out><![CDATA[2022-01-15 18:19:42 - [TEST_CASE][PASSED] - Test Cases/Checkout Scenario/Category: Test Cases/Checkout Scenario/Category

2022-01-15 18:19:42 - [TEST_STEP][PASSED] - GeneralHelpers.initScenario(): Current window's url is: 'https://www.cleanersupply.com/'

2022-01-15 18:19:42 - [MESSAGE][WARNING] - A browser is already opened. Closing browser and opening a new one

2022-01-15 18:19:42 - [MESSAGE][INFO] - Starting 'Chrome' driver

2022-01-15 18:19:42 - [MESSAGE][INFO] - Action delay is set to 0 milliseconds

2022-01-15 18:19:44 - [MESSAGE][PASSED] - Browser is opened with url: ''

2022-01-15 18:19:45 - [MESSAGE][PASSED] - Current window maximized

2022-01-15 18:19:54 - [MESSAGE][PASSED] - Navigate to 'https://www.cleanersupply.com/' successfully

2022-01-15 18:19:54 - [MESSAGE][PASSED] - Wait for page load successfully

2022-01-15 18:19:54 - [MESSAGE][PASSED] - Current window's title is: 'Cleaner's Supply - Dry Cleaning Supplies'

2022-01-15 18:19:54 - [MESSAGE][PASSED] - Current window's title is: 'Cleaner's Supply - Dry Cleaning Supplies'

2022-01-15 18:19:54 - [MESSAGE][PASSED] - Current window's url is: 'https://www.cleanersupply.com/'

2022-01-15 18:19:54 - [TEST_STEP][PASSED] - computerRegister = "Object Repository/Category/a_ComputerRegister": null

2022-01-15 18:19:54 - [TEST_STEP][PASSED] - CategoryScActions.hovertags(): Object: 'Object Repository/Category/a_tags' is hovered

2022-01-15 18:19:58 - [MESSAGE][PASSED] - Object: 'Object Repository/Category/a_tags' is hovered

2022-01-15 18:19:58 - [TEST_STEP][PASSED] - CategorySCHelpers.navigateComputerRegister(): Current window's url is: 'https://www.cleanersupply.com/Tags-Forms/Computer-Register/'

2022-01-15 18:19:58 - [MESSAGE][PASSED] - Object: 'Object Repository/Category/a_ComputerRegister' is hovered

2022-01-15 18:20:02 - [MESSAGE][PASSED] - Object: 'Object Repository/Category/a_ComputerRegister' is clicked on

2022-01-15 18:20:02 - [MESSAGE][PASSED] - Current window's url is: 'https://www.cleanersupply.com/Tags-Forms/Computer-Register/'

2022-01-15 18:20:02 - [TEST_STEP][PASSED] - CategoryValidations.validatespanText(computerRegisterspan): Text of object 'Object Repository/Category/span_omputerRegister' is: 'COMPUTER & REGISTER TAGS & FORMS'

2022-01-15 18:20:04 - [MESSAGE][PASSED] - Text of object 'Object Repository/Category/span_omputerRegister' is: 'COMPUTER & REGISTER TAGS & FORMS'

2022-01-15 18:20:04 - [TEST_STEP][PASSED] - CategoryScActions.getDefaultProjectCategoryFilter(expectedProductNum): Text of object 'Object Repository/Category/h2_productNum' is: '74 PRODUCTS'

2022-01-15 18:20:05 - [MESSAGE][PASSED] - Text of object 'Object Repository/Category/h2_productNum' is: '74 PRODUCTS'

2022-01-15 18:20:05 - [TEST_STEP][PASSED] - CategoryScActions.getDefaultValueOfSortBy(sortByDefault): Text of object 'Object Repository/Category/h2_productNum' is: '74 PRODUCTS'

2022-01-15 18:20:05 - [MESSAGE][PASSED] - Text of object 'Object Repository/Category/h2_productNum' is: '74 PRODUCTS'

2022-01-15 18:20:05 - [TEST_STEP][PASSED] - CategoryScActions.getDefaultManufacturar(manufacturarDefault): Text of object 'Object Repository/Category/span_manuDefault' is: 'Manufacturer'

2022-01-15 18:20:06 - [MESSAGE][PASSED] - Text of object 'Object Repository/Category/span_manuDefault' is: 'Manufacturer'

2022-01-15 18:20:06 - [TEST_STEP][PASSED] - CategoryScActions.getDefaultModal(defaultmodal): Text of object 'Object Repository/Category/span_defaultFilterModal' is: 'Model #'

2022-01-15 18:20:06 - [MESSAGE][PASSED] - Text of object 'Object Repository/Category/span_defaultFilterModal' is: 'Model #'

2022-01-15 18:20:06 - [TEST_STEP][PASSED] - CategoryScActions.clickOnManuWithassertOPened(menuExpandValue): Attribute 'aria-expanded' of object 'Object Repository/Category/span_manuDefault' is: 'null'

2022-01-15 18:20:07 - [MESSAGE][PASSED] - Object: 'Object Repository/Category/span_manuDefault' is clicked on

2022-01-15 18:20:07 - [MESSAGE][PASSED] - Attribute 'aria-expanded' of object 'Object Repository/Category/span_manuDefault' is: 'null'

2022-01-15 18:20:07 - [TEST_STEP][PASSED] - CategorySCHelpers.selectCasioManufacturar(): Text of object 'Object Repository/Category/h2_productNum' is: '2 PRODUCTS'

2022-01-15 18:20:08 - [MESSAGE][PASSED] - Object: 'Object Repository/Category/a_casio' is clicked on

2022-01-15 18:20:09 - [MESSAGE][PASSED] - Attribute 'title' of object 'Object Repository/Category/button_afterSelectCasio' is: 'Casio'

2022-01-15 18:20:09 - [MESSAGE][PASSED] - Text of object 'Object Repository/Category/a_casioSelectedFilter' is: 'Casio'

2022-01-15 18:20:10 - [MESSAGE][PASSED] - Text of object 'Object Repository/Category/h2_productNum' is: '2 PRODUCTS'

2022-01-15 18:20:10 - [TEST_STEP][PASSED] - CategorySCHelpers.selectModalsp1000(): Text of object 'Object Repository/Category/h2_productNum' is: '1 PRODUCT'

2022-01-15 18:20:10 - [MESSAGE][PASSED] - Object 'Object Repository/Category/div_collabse1' has attribute 'aria-expanded' with value 'true'

2022-01-15 18:20:11 - [MESSAGE][PASSED] - Object: 'Object Repository/Category/button_modalNum' is clicked on

2022-01-15 18:20:11 - [MESSAGE][PASSED] - Object: 'Object Repository/Category/a_sp001' is clicked on

2022-01-15 18:20:13 - [MESSAGE][PASSED] - Attribute 'title' of object 'Object Repository/Category/a_sp001' is: ''

2022-01-15 18:20:13 - [MESSAGE][PASSED] - Text of object 'Object Repository/Category/A_SP001selectedFilter' is: 'SP1000'

2022-01-15 18:20:14 - [MESSAGE][PASSED] - Text of object 'Object Repository/Category/h2_productNum' is: '1 PRODUCT'

2022-01-15 18:20:14 - [TEST_STEP][PASSED] - CategorySCHelpers.EnterCasioSP1000Product(): Object: 'Object Repository/Category/sp001Casiprodoct/a_product' is clicked on

2022-01-15 18:20:14 - [MESSAGE][PASSED] - Text of object 'Object Repository/Category/sp001Casiprodoct/h2_sp1000CasioTitle' is: 'EPSON PRINTER INDELIBOND INK RIBBONS #TM290, ERC27 - 6/BOX'

2022-01-15 18:20:14 - [MESSAGE][PASSED] - Actual object 'EPSON PRINTER INDELIBOND INK RIBBONS #TM290, ERC27 - 6/BOX' and expected object 'EPSON PRINTER INDELIBOND INK RIBBONS #TM290, ERC27 - 6/BOX' are equal

2022-01-15 18:20:15 - [MESSAGE][PASSED] - Text of object 'Object Repository/Category/sp001Casiprodoct/span_SP1000CasioProductMinPrice' is: '$15.54'

2022-01-15 18:20:15 - [MESSAGE][PASSED] - Actual object '$15.54' and expected object '$15.54' are equal

2022-01-15 18:20:15 - [MESSAGE][PASSED] - Text of object 'Object Repository/Category/sp001Casiprodoct/span_sp1000CasioProductMaxPrice' is: '$20.94'

2022-01-15 18:20:15 - [MESSAGE][PASSED] - Actual object '$20.94' and expected object '$20.94' are equal

2022-01-15 18:20:19 - [MESSAGE][PASSED] - Object: 'Object Repository/Category/sp001Casiprodoct/a_product' is clicked on

2022-01-15 18:20:19 - [TEST_STEP][PASSED] - CategorySCHelpers.ValidateCasioSP1000ProductDetails(): Actual object 'EPSON PRINTER INDELIBOND INK RIBBONS #TM290, ERC27 - 6/BOX' and expected object 'EPSON PRINTER INDELIBOND INK RIBBONS #TM290, ERC27 - 6/BOX' are equal

2022-01-15 18:20:21 - [MESSAGE][PASSED] - Text of object 'Object Repository/Category/sp1000CasioProductDetails/h1_sp1000CasioProduct' is: 'EPSON PRINTER INDELIBOND INK RIBBONS #TM290, ERC27 - 6/BOX'

2022-01-15 18:20:21 - [MESSAGE][PASSED] - Actual object 'EPSON PRINTER INDELIBOND INK RIBBONS #TM290, ERC27 - 6/BOX' and expected object 'EPSON PRINTER INDELIBOND INK RIBBONS #TM290, ERC27 - 6/BOX' are equal

2022-01-15 18:20:21 - [TEST_STEP][PASSED] - CategorySCHelpers.enterTenItemsFromProduct(): Current window's title is: 'Epson Printer Indelibond Ink Ribbons #TM290, ERC27 - 6/Box - Cleaner's Supply'

2022-01-15 18:20:22 - [MESSAGE][PASSED] - Text of object 'Object Repository/Category/span_badge' is: '0'

2022-01-15 18:20:22 - [MESSAGE][PASSED] - Actual object '0' and expected object '0' are equal

2022-01-15 18:20:22 - [MESSAGE][PASSED] - Text of object 'Object Repository/Category/sp1000CasioProductDetails/input_quantity' is cleared

2022-01-15 18:20:23 - [MESSAGE][PASSED] - Keys 'BACK_SPACE + ' sent to object: 'Object Repository/Category/sp1000CasioProductDetails/input_quantity'

2022-01-15 18:20:24 - [MESSAGE][PASSED] - Text '10' is set on object 'Object Repository/Category/sp1000CasioProductDetails/input_quantity'

2022-01-15 18:20:24 - [MESSAGE][PASSED] - Object: 'Object Repository/Category/sp1000CasioProductDetails/h1_sp1000CasioProduct' is clicked on

2022-01-15 18:20:25 - [MESSAGE][PASSED] - Object: 'Object Repository/Category/sp1000CasioProductDetails/button_addToCart' is clicked on

2022-01-15 18:20:26 - [MESSAGE][PASSED] - Text of object 'Object Repository/Category/span_badge' is: '1'

2022-01-15 18:20:26 - [MESSAGE][PASSED] - Actual object '1' and expected object '1' are equal

2022-01-15 18:20:26 - [MESSAGE][PASSED] - Current window's title is: 'Epson Printer Indelibond Ink Ribbons #TM290, ERC27 - 6/Box - Cleaner's Supply'

2022-01-15 18:20:26 - [TEST_STEP][PASSED] - CategorySCHelpers.checkMeniCartBadge(): Actual object '155.4' and expected object '155.4' are equal

2022-01-15 18:20:27 - [MESSAGE][PASSED] - Text of object 'Object Repository/Category/labelCart' is: '$155.40'

2022-01-15 18:20:27 - [MESSAGE][PASSED] - Actual object '155.4' and expected object '155.4' are equal

2022-01-15 18:20:27 - [TEST_STEP][PASSED] - CategorySCHelpers.navigateToCart(): Current window's title is: 'Shopping Cart - Cleaner's Supply'

2022-01-15 18:20:33 - [MESSAGE][PASSED] - Object: 'Object Repository/Category/a_cart' is clicked on

2022-01-15 18:20:33 - [MESSAGE][PASSED] - Current window's url is: 'https://www.cleanersupply.com/shopping-cart/'

2022-01-15 18:20:33 - [MESSAGE][PASSED] - Current window's title is: 'Shopping Cart - Cleaner's Supply'

2022-01-15 18:20:33 - [TEST_STEP][PASSED] - navigateToUrl("https://www.cleanersupply.com/checkout/"): Navigate to 'https://www.cleanersupply.com/checkout/' successfully

2022-01-15 18:20:35 - [MESSAGE][PASSED] - Navigate to 'https://www.cleanersupply.com/checkout/' successfully

2022-01-15 18:20:35 - [TEST_STEP][PASSED] - maximizeWindow(): Current window maximized

2022-01-15 18:20:36 - [MESSAGE][PASSED] - Current window maximized

2022-01-15 18:20:36 - [TEST_STEP][PASSED] - checkOutFormHelper.fillCheckOutForm(): Object: 'Object Repository/CheckOutForm/a_reviewOrder' is clicked on

2022-01-15 18:20:36 - [MESSAGE][PASSED] - Current window's title is: 'Checkout - Cleaner's Supply'

2022-01-15 18:20:36 - [MESSAGE][PASSED] - Current window's url is: 'https://www.cleanersupply.com/checkout/'

2022-01-15 18:20:37 - [MESSAGE][PASSED] - Text of object 'Object Repository/CheckOutForm/h1_checkOutHeader' is: 'CHECKOUT'

2022-01-15 18:20:38 - [MESSAGE][PASSED] - Object: 'Object Repository/CheckOutForm/input_company' is focused

2022-01-15 18:20:38 - [MESSAGE][PASSED] - Get CSS 'box-shadow' value on 'Object Repository/CheckOutForm/input_company' successfully: 'rgb(99, 99, 99) 0px -3px 0px 0px inset'.

2022-01-15 18:20:38 - [MESSAGE][PASSED] - Get CSS 'border-color' value on 'Object Repository/CheckOutForm/input_company' successfully: 'rgb(99, 99, 99)'.

2022-01-15 18:20:38 - [MESSAGE][PASSED] - Actual object 'rgb(99, 99, 99) 0px -3px 0px 0px inset' and expected object 'rgb(99, 99, 99) 0px -3px 0px 0px inset' are equal

2022-01-15 18:20:38 - [MESSAGE][PASSED] - Actual object 'rgb(99, 99, 99)' and expected object 'rgb(99, 99, 99)' are equal

2022-01-15 18:20:39 - [MESSAGE][PASSED] - Text 'testCompany' is set on object 'Object Repository/CheckOutForm/input_company'

2022-01-15 18:20:40 - [MESSAGE][PASSED] - Object: 'Object Repository/CheckOutForm/input_fname' is focused

2022-01-15 18:20:40 - [MESSAGE][PASSED] - Get CSS 'box-shadow' value on 'Object Repository/CheckOutForm/input_fname' successfully: 'rgb(99, 99, 99) 0px -3px 0px 0px inset'.

2022-01-15 18:20:40 - [MESSAGE][PASSED] - Get CSS 'border-color' value on 'Object Repository/CheckOutForm/input_fname' successfully: 'rgb(99, 99, 99)'.

2022-01-15 18:20:40 - [MESSAGE][PASSED] - Actual object 'rgb(99, 99, 99) 0px -3px 0px 0px inset' and expected object 'rgb(99, 99, 99) 0px -3px 0px 0px inset' are equal

2022-01-15 18:20:40 - [MESSAGE][PASSED] - Actual object 'rgb(99, 99, 99)' and expected object 'rgb(99, 99, 99)' are equal

2022-01-15 18:20:41 - [MESSAGE][PASSED] - Text 'FNameTest' is set on object 'Object Repository/CheckOutForm/input_fname'

2022-01-15 18:20:42 - [MESSAGE][PASSED] - Object: 'Object Repository/CheckOutForm/input_lNAme' is focused

2022-01-15 18:20:42 - [MESSAGE][PASSED] - Get CSS 'box-shadow' value on 'Object Repository/CheckOutForm/input_lNAme' successfully: 'rgb(99, 99, 99) 0px -3px 0px 0px inset'.

2022-01-15 18:20:42 - [MESSAGE][PASSED] - Get CSS 'border-color' value on 'Object Repository/CheckOutForm/input_lNAme' successfully: 'rgb(99, 99, 99)'.

2022-01-15 18:20:42 - [MESSAGE][PASSED] - Actual object 'rgb(99, 99, 99) 0px -3px 0px 0px inset' and expected object 'rgb(99, 99, 99) 0px -3px 0px 0px inset' are equal

2022-01-15 18:20:42 - [MESSAGE][PASSED] - Actual object 'rgb(99, 99, 99)' and expected object 'rgb(99, 99, 99)' are equal

2022-01-15 18:20:43 - [MESSAGE][PASSED] - Text 'lnameValueTest' is set on object 'Object Repository/CheckOutForm/input_lNAme'

2022-01-15 18:20:44 - [MESSAGE][PASSED] - Object: 'Object Repository/CheckOutForm/input_address' is focused

2022-01-15 18:20:44 - [MESSAGE][PASSED] - Get CSS 'box-shadow' value on 'Object Repository/CheckOutForm/input_address' successfully: 'rgb(99, 99, 99) 0px -3px 0px 0px inset'.

2022-01-15 18:20:44 - [MESSAGE][PASSED] - Get CSS 'border-color' value on 'Object Repository/CheckOutForm/input_address' successfully: 'rgb(99, 99, 99)'.

2022-01-15 18:20:44 - [MESSAGE][PASSED] - Actual object 'rgb(99, 99, 99) 0px -3px 0px 0px inset' and expected object 'rgb(99, 99, 99) 0px -3px 0px 0px inset' are equal

2022-01-15 18:20:44 - [MESSAGE][PASSED] - Actual object 'rgb(99, 99, 99)' and expected object 'rgb(99, 99, 99)' are equal

2022-01-15 18:20:45 - [MESSAGE][PASSED] - Text 'addres1Test' is set on object 'Object Repository/CheckOutForm/input_address'

2022-01-15 18:20:46 - [MESSAGE][PASSED] - Object: 'Object Repository/CheckOutForm/input_address2' is focused

2022-01-15 18:20:46 - [MESSAGE][PASSED] - Get CSS 'box-shadow' value on 'Object Repository/CheckOutForm/input_address2' successfully: 'rgb(99, 99, 99) 0px -3px 0px 0px inset'.

2022-01-15 18:20:47 - [MESSAGE][PASSED] - Get CSS 'border-color' value on 'Object Repository/CheckOutForm/input_address2' successfully: 'rgb(99, 99, 99)'.

2022-01-15 18:20:47 - [MESSAGE][PASSED] - Actual object 'rgb(99, 99, 99) 0px -3px 0px 0px inset' and expected object 'rgb(99, 99, 99) 0px -3px 0px 0px inset' are equal

2022-01-15 18:20:47 - [MESSAGE][PASSED] - Actual object 'rgb(99, 99, 99)' and expected object 'rgb(99, 99, 99)' are equal

2022-01-15 18:20:48 - [MESSAGE][PASSED] - Text 'address2 test' is set on object 'Object Repository/CheckOutForm/input_address2'

2022-01-15 18:20:49 - [MESSAGE][PASSED] - Object: 'Object Repository/CheckOutForm/input_zipCode' is focused

2022-01-15 18:20:49 - [MESSAGE][PASSED] - Get CSS 'box-shadow' value on 'Object Repository/CheckOutForm/input_zipCode' successfully: 'rgb(99, 99, 99) 0px -3px 0px 0px inset'.

2022-01-15 18:20:49 - [MESSAGE][PASSED] - Get CSS 'border-color' value on 'Object Repository/CheckOutForm/input_zipCode' successfully: 'rgb(99, 99, 99)'.

2022-01-15 18:20:49 - [MESSAGE][PASSED] - Actual object 'rgb(99, 99, 99) 0px -3px 0px 0px inset' and expected object 'rgb(99, 99, 99) 0px -3px 0px 0px inset' are equal

2022-01-15 18:20:49 - [MESSAGE][PASSED] - Actual object 'rgb(99, 99, 99)' and expected object 'rgb(99, 99, 99)' are equal

2022-01-15 18:20:50 - [MESSAGE][PASSED] - Text '55555' is set on object 'Object Repository/CheckOutForm/input_zipCode'

2022-01-15 18:20:51 - [MESSAGE][PASSED] - Object: 'Object Repository/CheckOutForm/input_city' is focused

2022-01-15 18:20:51 - [MESSAGE][PASSED] - Get CSS 'box-shadow' value on 'Object Repository/CheckOutForm/input_city' successfully: 'rgb(99, 99, 99) 0px -3px 0px 0px inset'.

2022-01-15 18:20:52 - [MESSAGE][PASSED] - Get CSS 'border-color' value on 'Object Repository/CheckOutForm/input_city' successfully: 'rgb(99, 99, 99)'.

2022-01-15 18:20:52 - [MESSAGE][PASSED] - Actual object 'rgb(99, 99, 99) 0px -3px 0px 0px inset' and expected object 'rgb(99, 99, 99) 0px -3px 0px 0px inset' are equal

2022-01-15 18:20:52 - [MESSAGE][PASSED] - Actual object 'rgb(99, 99, 99)' and expected object 'rgb(99, 99, 99)' are equal

2022-01-15 18:20:52 - [MESSAGE][PASSED] - Text 'Palestine' is set on object 'Object Repository/CheckOutForm/input_city'

2022-01-15 18:20:53 - [MESSAGE][PASSED] - Object: 'Object Repository/CheckOutForm/input_phoneNum' is focused

2022-01-15 18:20:53 - [MESSAGE][PASSED] - Get CSS 'box-shadow' value on 'Object Repository/CheckOutForm/input_phoneNum' successfully: 'rgb(99, 99, 99) 0px -3px 0px 0px inset'.

2022-01-15 18:20:53 - [MESSAGE][PASSED] - Get CSS 'border-color' value on 'Object Repository/CheckOutForm/input_phoneNum' successfully: 'rgb(99, 99, 99)'.

2022-01-15 18:20:53 - [MESSAGE][PASSED] - Actual object 'rgb(99, 99, 99) 0px -3px 0px 0px inset' and expected object 'rgb(99, 99, 99) 0px -3px 0px 0px inset' are equal

2022-01-15 18:20:53 - [MESSAGE][PASSED] - Actual object 'rgb(99, 99, 99)' and expected object 'rgb(99, 99, 99)' are equal

2022-01-15 18:20:54 - [MESSAGE][PASSED] - Text '541-143-1030' is set on object 'Object Repository/CheckOutForm/input_phoneNum'

2022-01-15 18:20:55 - [MESSAGE][PASSED] - Object: 'Object Repository/CheckOutForm/input_phoneExt' is focused

2022-01-15 18:20:55 - [MESSAGE][PASSED] - Get CSS 'box-shadow' value on 'Object Repository/CheckOutForm/input_phoneExt' successfully: 'rgb(99, 99, 99) 0px -3px 0px 0px inset'.

2022-01-15 18:20:55 - [MESSAGE][PASSED] - Get CSS 'border-color' value on 'Object Repository/CheckOutForm/input_phoneExt' successfully: 'rgb(99, 99, 99)'.

2022-01-15 18:20:55 - [MESSAGE][PASSED] - Actual object 'rgb(99, 99, 99) 0px -3px 0px 0px inset' and expected object 'rgb(99, 99, 99) 0px -3px 0px 0px inset' are equal

2022-01-15 18:20:55 - [MESSAGE][PASSED] - Actual object 'rgb(99, 99, 99)' and expected object 'rgb(99, 99, 99)' are equal

2022-01-15 18:20:56 - [MESSAGE][PASSED] - Text '1' is set on object 'Object Repository/CheckOutForm/input_phoneExt'

2022-01-15 18:20:57 - [MESSAGE][PASSED] - Object: 'Object Repository/CheckOutForm/input_phoneExt' is focused

2022-01-15 18:20:57 - [MESSAGE][PASSED] - Get CSS 'box-shadow' value on 'Object Repository/CheckOutForm/input_phoneExt' successfully: 'rgb(99, 99, 99) 0px -3px 0px 0px inset'.

2022-01-15 18:20:57 - [MESSAGE][PASSED] - Get CSS 'border-color' value on 'Object Repository/CheckOutForm/input_phoneExt' successfully: 'rgb(99, 99, 99)'.

2022-01-15 18:20:57 - [MESSAGE][PASSED] - Actual object 'rgb(99, 99, 99) 0px -3px 0px 0px inset' and expected object 'rgb(99, 99, 99) 0px -3px 0px 0px inset' are equal

2022-01-15 18:20:57 - [MESSAGE][PASSED] - Actual object 'rgb(99, 99, 99)' and expected object 'rgb(99, 99, 99)' are equal

2022-01-15 18:20:58 - [MESSAGE][PASSED] - Text '1' is set on object 'Object Repository/CheckOutForm/input_phoneExt'

2022-01-15 18:20:59 - [MESSAGE][PASSED] - Object: 'Object Repository/CheckOutForm/input_email' is focused

2022-01-15 18:20:59 - [MESSAGE][PASSED] - Get CSS 'box-shadow' value on 'Object Repository/CheckOutForm/input_email' successfully: 'rgb(99, 99, 99) 0px -3px 0px 0px inset'.

2022-01-15 18:21:00 - [MESSAGE][PASSED] - Get CSS 'border-color' value on 'Object Repository/CheckOutForm/input_email' successfully: 'rgb(99, 99, 99)'.

2022-01-15 18:21:00 - [MESSAGE][PASSED] - Actual object 'rgb(99, 99, 99) 0px -3px 0px 0px inset' and expected object 'rgb(99, 99, 99) 0px -3px 0px 0px inset' are equal

2022-01-15 18:21:00 - [MESSAGE][PASSED] - Actual object 'rgb(99, 99, 99)' and expected object 'rgb(99, 99, 99)' are equal

2022-01-15 18:21:00 - [MESSAGE][PASSED] - Text 'test@test.com' is set on object 'Object Repository/CheckOutForm/input_email'

2022-01-15 18:21:01 - [MESSAGE][PASSED] - Object: 'Object Repository/CheckOutForm/button_state' is clicked on

2022-01-15 18:21:01 - [MESSAGE][PASSED] - Object 'Object Repository/CheckOutForm/button_state' has attribute 'aria-expanded' with value 'true'

2022-01-15 18:21:02 - [MESSAGE][PASSED] - Object: 'Object Repository/CheckOutForm/a_state' is clicked on

2022-01-15 18:21:04 - [MESSAGE][PASSED] - Text of object 'Object Repository/CheckOutForm/span_selectedState' is: 'Arizona'

2022-01-15 18:21:04 - [MESSAGE][PASSED] - Object: 'Object Repository/CheckOutForm/input_creditCardName' is focused

2022-01-15 18:21:05 - [MESSAGE][PASSED] - Get CSS 'box-shadow' value on 'Object Repository/CheckOutForm/input_creditCardName' successfully: 'rgb(99, 99, 99) 0px -3px 0px 0px inset'.

2022-01-15 18:21:05 - [MESSAGE][PASSED] - Get CSS 'border-color' value on 'Object Repository/CheckOutForm/input_creditCardName' successfully: 'rgb(99, 99, 99)'.

2022-01-15 18:21:05 - [MESSAGE][PASSED] - Actual object 'rgb(99, 99, 99) 0px -3px 0px 0px inset' and expected object 'rgb(99, 99, 99) 0px -3px 0px 0px inset' are equal

2022-01-15 18:21:05 - [MESSAGE][PASSED] - Actual object 'rgb(99, 99, 99)' and expected object 'rgb(99, 99, 99)' are equal

2022-01-15 18:21:06 - [MESSAGE][PASSED] - Text 'Razan' is set on object 'Object Repository/CheckOutForm/input_creditCardName'

2022-01-15 18:21:06 - [MESSAGE][PASSED] - Object: 'Object Repository/CheckOutForm/input_cardNumber' is focused

2022-01-15 18:21:06 - [MESSAGE][PASSED] - Get CSS 'box-shadow' value on 'Object Repository/CheckOutForm/input_cardNumber' successfully: 'rgb(99, 99, 99) 0px -3px 0px 0px inset'.

2022-01-15 18:21:07 - [MESSAGE][PASSED] - Get CSS 'border-color' value on 'Object Repository/CheckOutForm/input_cardNumber' successfully: 'rgb(99, 99, 99)'.

2022-01-15 18:21:07 - [MESSAGE][PASSED] - Actual object 'rgb(99, 99, 99) 0px -3px 0px 0px inset' and expected object 'rgb(99, 99, 99) 0px -3px 0px 0px inset' are equal

2022-01-15 18:21:07 - [MESSAGE][PASSED] - Actual object 'rgb(99, 99, 99)' and expected object 'rgb(99, 99, 99)' are equal

2022-01-15 18:21:08 - [MESSAGE][PASSED] - Text '379936489179273' is set on object 'Object Repository/CheckOutForm/input_cardNumber'

2022-01-15 18:21:08 - [MESSAGE][PASSED] - Object: 'Object Repository/CheckOutForm/input_cvv' is focused

2022-01-15 18:21:09 - [MESSAGE][PASSED] - Get CSS 'box-shadow' value on 'Object Repository/CheckOutForm/input_cvv' successfully: 'rgb(99, 99, 99) 0px -3px 0px 0px inset'.

2022-01-15 18:21:09 - [MESSAGE][PASSED] - Get CSS 'border-color' value on 'Object Repository/CheckOutForm/input_cvv' successfully: 'rgb(99, 99, 99)'.

2022-01-15 18:21:09 - [MESSAGE][PASSED] - Actual object 'rgb(99, 99, 99) 0px -3px 0px 0px inset' and expected object 'rgb(99, 99, 99) 0px -3px 0px 0px inset' are equal

2022-01-15 18:21:09 - [MESSAGE][PASSED] - Actual object 'rgb(99, 99, 99)' and expected object 'rgb(99, 99, 99)' are equal

2022-01-15 18:21:10 - [MESSAGE][PASSED] - Text '2222' is set on object 'Object Repository/CheckOutForm/input_cvv'

2022-01-15 18:21:11 - [MESSAGE][PASSED] - Object: 'Object Repository/CheckOutForm/button_expirationDate' is clicked on

2022-01-15 18:21:12 - [MESSAGE][PASSED] - Object: 'Object Repository/CheckOutForm/button_expirationYear' is clicked on

2022-01-15 18:21:13 - [MESSAGE][PASSED] - Object: 'Object Repository/CheckOutForm/input_PO' is focused

2022-01-15 18:21:13 - [MESSAGE][PASSED] - Get CSS 'box-shadow' value on 'Object Repository/CheckOutForm/input_PO' successfully: 'rgb(99, 99, 99) 0px -3px 0px 0px inset'.

2022-01-15 18:21:14 - [MESSAGE][PASSED] - Get CSS 'border-color' value on 'Object Repository/CheckOutForm/input_PO' successfully: 'rgb(99, 99, 99)'.

2022-01-15 18:21:14 - [MESSAGE][PASSED] - Actual object 'rgb(99, 99, 99) 0px -3px 0px 0px inset' and expected object 'rgb(99, 99, 99) 0px -3px 0px 0px inset' are equal

2022-01-15 18:21:14 - [MESSAGE][PASSED] - Actual object 'rgb(99, 99, 99)' and expected object 'rgb(99, 99, 99)' are equal

2022-01-15 18:21:15 - [MESSAGE][PASSED] - Text 'test1155' is set on object 'Object Repository/CheckOutForm/input_PO'

2022-01-15 18:21:16 - [MESSAGE][PASSED] - Text 'test comment' is set on object 'Object Repository/CheckOutForm/input_comments'

2022-01-15 18:21:16 - [MESSAGE][PASSED] - Object: 'Object Repository/CheckOutForm/a_reviewOrder' is clicked on

2022-01-15 18:21:23 - [TEST_STEP][PASSED] - Video: Video recording for test case 'Test Cases/Checkout Scenario/Category' .

2022-01-15 18:21:23 - [MESSAGE][INFO] - Video recording for test case 'Test Cases/Checkout Scenario/Category' .]]></system-out>
         <system-err><![CDATA[]]></system-err>
      </testcase>
      <system-out><![CDATA[2022-01-15 18:15:26 - [TEST_SUITE][FAILED] - Checkout: Test Cases/Checkout Scenario/Quick Order FAILED.
Reason:
Assertion failed: 

assert WebUI.getCSSValue(quickHeader, "color").equals("#fff")
             |           |                     |
             |           |                     false
             |           TestObject - 'Object Repository/Quick Order/a_quickOrderHeader'
             rgba(255, 255, 255, 1)

	at validation.QuickOrderValidations.veriyHeaderStyle(QuickOrderValidations.groovy:69)
	at validation.QuickOrderValidations$veriyHeaderStyle$0.call(Unknown Source)
	at helpers.QuickOrderHelpers.headerAndTableStyle(QuickOrderHelpers.groovy:119)
	at helpers.QuickOrderHelpers$headerAndTableStyle$1.call(Unknown Source)
	at Quick Order.run(Quick Order:50)
	at com.kms.katalon.core.main.ScriptEngine.run(ScriptEngine.java:194)
	at com.kms.katalon.core.main.ScriptEngine.runScriptAsRawText(ScriptEngine.java:119)
	at com.kms.katalon.core.main.TestCaseExecutor.runScript(TestCaseExecutor.java:442)
	at com.kms.katalon.core.main.TestCaseExecutor.doExecute(TestCaseExecutor.java:433)
	at com.kms.katalon.core.main.TestCaseExecutor.processExecutionPhase(TestCaseExecutor.java:412)
	at com.kms.katalon.core.main.TestCaseExecutor.accessMainPhase(TestCaseExecutor.java:404)
	at com.kms.katalon.core.main.TestCaseExecutor.execute(TestCaseExecutor.java:281)
	at com.kms.katalon.core.main.TestSuiteExecutor.accessTestCaseMainPhase(TestSuiteExecutor.java:202)
	at com.kms.katalon.core.main.TestSuiteExecutor.accessTestSuiteMainPhase(TestSuiteExecutor.java:164)
	at com.kms.katalon.core.main.TestSuiteExecutor.execute(TestSuiteExecutor.java:105)
	at com.kms.katalon.core.main.TestCaseMain.startTestSuite(TestCaseMain.java:181)
	at com.kms.katalon.core.main.TestCaseMain$startTestSuite$0.call(Unknown Source)
	at TempTestSuite1642263244556.run(TempTestSuite1642263244556.groovy:36)]]></system-out>
      <system-err><![CDATA[2022-01-15 18:15:26 - [TEST_SUITE][FAILED] - Checkout: Test Cases/Checkout Scenario/Quick Order FAILED.
Reason:
Assertion failed: 

assert WebUI.getCSSValue(quickHeader, "color").equals("#fff")
             |           |                     |
             |           |                     false
             |           TestObject - 'Object Repository/Quick Order/a_quickOrderHeader'
             rgba(255, 255, 255, 1)

	at validation.QuickOrderValidations.veriyHeaderStyle(QuickOrderValidations.groovy:69)
	at validation.QuickOrderValidations$veriyHeaderStyle$0.call(Unknown Source)
	at helpers.QuickOrderHelpers.headerAndTableStyle(QuickOrderHelpers.groovy:119)
	at helpers.QuickOrderHelpers$headerAndTableStyle$1.call(Unknown Source)
	at Quick Order.run(Quick Order:50)
	at com.kms.katalon.core.main.ScriptEngine.run(ScriptEngine.java:194)
	at com.kms.katalon.core.main.ScriptEngine.runScriptAsRawText(ScriptEngine.java:119)
	at com.kms.katalon.core.main.TestCaseExecutor.runScript(TestCaseExecutor.java:442)
	at com.kms.katalon.core.main.TestCaseExecutor.doExecute(TestCaseExecutor.java:433)
	at com.kms.katalon.core.main.TestCaseExecutor.processExecutionPhase(TestCaseExecutor.java:412)
	at com.kms.katalon.core.main.TestCaseExecutor.accessMainPhase(TestCaseExecutor.java:404)
	at com.kms.katalon.core.main.TestCaseExecutor.execute(TestCaseExecutor.java:281)
	at com.kms.katalon.core.main.TestSuiteExecutor.accessTestCaseMainPhase(TestSuiteExecutor.java:202)
	at com.kms.katalon.core.main.TestSuiteExecutor.accessTestSuiteMainPhase(TestSuiteExecutor.java:164)
	at com.kms.katalon.core.main.TestSuiteExecutor.execute(TestSuiteExecutor.java:105)
	at com.kms.katalon.core.main.TestCaseMain.startTestSuite(TestCaseMain.java:181)
	at com.kms.katalon.core.main.TestCaseMain$startTestSuite$0.call(Unknown Source)
	at TempTestSuite1642263244556.run(TempTestSuite1642263244556.groovy:36)]]></system-err>
   </testsuite>
   <testsuite name="Footer" tests="1" failures="0" errors="0" time="22.858" skipped="0" timestamp="2022-01-15 18:21:33" hostname="waleedafifi - 192.168.1.104" id="Test Suites/Footer">
      <properties>
         <property name="deviceName" value=""/>
         <property name="devicePlatform" value=""/>
         <property name="logFolder" value="/Users/waleedafifi/git/cleanersupply/Reports/20220115_181400/Footer/20220115_181406"/>
         <property name="logFiles" value="/Users/waleedafifi/git/cleanersupply/Reports/20220115_181400/Footer/20220115_181406/execution0.log"/>
         <property name="attachments" value=""/>
         <property name="hostName" value="waleedafifi - 192.168.1.104"/>
         <property name="os" value="Mac OS X 64bit"/>
         <property name="katalonVersion" value="8.2.0.208"/>
         <property name="browser" value="Chrome 97.0.4692.71"/>
         <property name="hostAddress" value="192.168.1.104"/>
         <property name="sessionId" value="4e3364c0f4534f4582759316b0651749"/>
         <property name="seleniumVersion" value="3.141.59"/>
         <property name="proxyInformation" value="ProxyInformation { proxyOption=NO_PROXY, proxyServerType=HTTP, username=, password=********, proxyServerAddress=, proxyServerPort=0, executionList=&quot;&quot;, isApplyToDesiredCapabilities=true }"/>
         <property name="platform" value="Mac OS X"/>
      </properties>
      <testcase name="Test Cases/Footer/Footer TC" time="22.408" classname="Test Cases/Footer/Footer TC" status="PASSED">
         <system-out><![CDATA[2022-01-15 18:21:34 - [TEST_CASE][PASSED] - Test Cases/Footer/Footer TC: Test Cases/Footer/Footer TC

2022-01-15 18:21:34 - [TEST_STEP][PASSED] - GeneralHelpers.initScenario(): Current window's url is: 'https://www.cleanersupply.com/'

2022-01-15 18:21:34 - [MESSAGE][INFO] - Starting 'Chrome' driver

2022-01-15 18:21:34 - [MESSAGE][INFO] - Action delay is set to 0 milliseconds

2022-01-15 18:21:42 - [MESSAGE][PASSED] - Browser is opened with url: ''

2022-01-15 18:21:42 - [MESSAGE][PASSED] - Current window maximized

2022-01-15 18:21:55 - [MESSAGE][PASSED] - Navigate to 'https://www.cleanersupply.com/' successfully

2022-01-15 18:21:55 - [MESSAGE][PASSED] - Wait for page load successfully

2022-01-15 18:21:55 - [MESSAGE][PASSED] - Current window's title is: 'Cleaner's Supply - Dry Cleaning Supplies'

2022-01-15 18:21:55 - [MESSAGE][PASSED] - Current window's title is: 'Cleaner's Supply - Dry Cleaning Supplies'

2022-01-15 18:21:55 - [MESSAGE][PASSED] - Current window's url is: 'https://www.cleanersupply.com/'

2022-01-15 18:21:56 - [TEST_STEP][PASSED] - Video: Video recording for test case 'Test Cases/Footer/Footer TC' .

2022-01-15 18:21:56 - [MESSAGE][INFO] - Video recording for test case 'Test Cases/Footer/Footer TC' .]]></system-out>
         <system-err><![CDATA[]]></system-err>
      </testcase>
      <system-out><![CDATA[2022-01-15 18:21:33 - [TEST_SUITE][PASSED] - Footer: Test Cases/Footer/Footer TC]]></system-out>
      <system-err><![CDATA[]]></system-err>
   </testsuite>
   <testsuite name="Footer" tests="1" failures="0" errors="0" time="18.189" skipped="0" timestamp="2022-01-15 18:22:04" hostname="waleedafifi - 192.168.1.104" id="Test Suites/Footer">
      <properties>
         <property name="deviceName" value=""/>
         <property name="devicePlatform" value=""/>
         <property name="logFolder" value="/Users/waleedafifi/git/cleanersupply/Reports/20220115_181400/Footer/20220115_181408"/>
         <property name="logFiles" value="/Users/waleedafifi/git/cleanersupply/Reports/20220115_181400/Footer/20220115_181408/execution0.log"/>
         <property name="attachments" value=""/>
         <property name="hostName" value="waleedafifi - 192.168.1.104"/>
         <property name="os" value="Mac OS X 64bit"/>
         <property name="katalonVersion" value="8.2.0.208"/>
         <property name="browser" value="Firefox 95.0"/>
         <property name="hostAddress" value="192.168.1.104"/>
         <property name="sessionId" value="50e2d3e8-63f7-4d48-8910-71f6a11c4864"/>
         <property name="seleniumVersion" value="3.141.59"/>
         <property name="proxyInformation" value="ProxyInformation { proxyOption=NO_PROXY, proxyServerType=HTTP, username=, password=********, proxyServerAddress=, proxyServerPort=0, executionList=&quot;&quot;, isApplyToDesiredCapabilities=true }"/>
         <property name="platform" value="Mac OS X"/>
      </properties>
      <testcase name="Test Cases/Footer/Footer TC" time="17.758" classname="Test Cases/Footer/Footer TC" status="PASSED">
         <system-out><![CDATA[2022-01-15 18:22:05 - [TEST_CASE][PASSED] - Test Cases/Footer/Footer TC: Test Cases/Footer/Footer TC

2022-01-15 18:22:05 - [TEST_STEP][PASSED] - GeneralHelpers.initScenario(): Current window's url is: 'https://www.cleanersupply.com/'

2022-01-15 18:22:05 - [MESSAGE][INFO] - Starting 'Firefox' driver

2022-01-15 18:22:05 - [MESSAGE][INFO] - Action delay is set to 0 milliseconds

2022-01-15 18:22:12 - [MESSAGE][PASSED] - Browser is opened with url: ''

2022-01-15 18:22:13 - [MESSAGE][PASSED] - Current window maximized

2022-01-15 18:22:22 - [MESSAGE][PASSED] - Navigate to 'https://www.cleanersupply.com/' successfully

2022-01-15 18:22:22 - [MESSAGE][PASSED] - Wait for page load successfully

2022-01-15 18:22:22 - [MESSAGE][PASSED] - Current window's title is: 'Cleaner's Supply - Dry Cleaning Supplies'

2022-01-15 18:22:22 - [MESSAGE][PASSED] - Current window's title is: 'Cleaner's Supply - Dry Cleaning Supplies'

2022-01-15 18:22:22 - [MESSAGE][PASSED] - Current window's url is: 'https://www.cleanersupply.com/'

2022-01-15 18:22:22 - [TEST_STEP][PASSED] - Video: Video recording for test case 'Test Cases/Footer/Footer TC' .

2022-01-15 18:22:22 - [MESSAGE][INFO] - Video recording for test case 'Test Cases/Footer/Footer TC' .]]></system-out>
         <system-err><![CDATA[]]></system-err>
      </testcase>
      <system-out><![CDATA[2022-01-15 18:22:04 - [TEST_SUITE][PASSED] - Footer: Test Cases/Footer/Footer TC]]></system-out>
      <system-err><![CDATA[]]></system-err>
   </testsuite>
   <testsuite name="Checkout" tests="3" failures="3" errors="0" time="238.954" skipped="0" timestamp="2022-01-15 18:22:32" hostname="waleedafifi - 192.168.1.104" id="Test Suites/Checkout">
      <properties>
         <property name="deviceName" value=""/>
         <property name="devicePlatform" value=""/>
         <property name="logFolder" value="/Users/waleedafifi/git/cleanersupply/Reports/20220115_181400/Checkout/20220115_181410"/>
         <property name="logFiles" value="/Users/waleedafifi/git/cleanersupply/Reports/20220115_181400/Checkout/20220115_181410/execution0.log"/>
         <property name="attachments" value="/Users/waleedafifi/git/cleanersupply/Reports/20220115_181400/Checkout/20220115_181410/1642263884990.png, /Users/waleedafifi/git/cleanersupply/Reports/20220115_181400/Checkout/20220115_181410/1642263990785.png"/>
         <property name="hostName" value="waleedafifi - 192.168.1.104"/>
         <property name="os" value="Mac OS X 64bit"/>
         <property name="katalonVersion" value="8.2.0.208"/>
         <property name="browser" value="Firefox 95.0"/>
         <property name="hostAddress" value="192.168.1.104"/>
         <property name="sessionId" value="b1597ef7-9b31-4844-8917-7d5ece5e31ab"/>
         <property name="seleniumVersion" value="3.141.59"/>
         <property name="proxyInformation" value="ProxyInformation { proxyOption=NO_PROXY, proxyServerType=HTTP, username=, password=********, proxyServerAddress=, proxyServerPort=0, executionList=&quot;&quot;, isApplyToDesiredCapabilities=true }"/>
         <property name="platform" value="Mac OS X"/>
      </properties>
      <testcase name="Test Cases/Checkout Scenario/Product Details" time="132.67" classname="Test Cases/Checkout Scenario/Product Details" status="FAILED">
         <failure type="FAILED" message="Test Cases/Checkout Scenario/Product Details FAILED.
Reason:
com.kms.katalon.core.exception.StepFailedException: Cannot get CSS 'border-color' value on 'Object Repository/CheckOutForm/input_company'.
	at com.kms.katalon.core.webui.keyword.internal.WebUIKeywordMain.stepFailed(WebUIKeywordMain.groovy:64)
	at com.kms.katalon.core.webui.keyword.internal.WebUIKeywordMain.runKeyword(WebUIKeywordMain.groovy:26)
	at com.kms.katalon.core.webui.keyword.builtin.getCSSValueKeyword.getCSSValue(GetCSSValueKeyword.groovy:84)
	at com.kms.katalon.core.webui.keyword.builtin.getCSSValueKeyword.execute(GetCSSValueKeyword.groovy:68)
	at com.kms.katalon.core.keyword.internal.KeywordExecutor.executeKeywordForPlatform(KeywordExecutor.groovy:74)
	at com.kms.katalon.core.webui.keyword.WebUiBuiltInKeywords.getCSSValue(WebUiBuiltInKeywords.groovy:4594)
	at com.kms.katalon.core.webui.keyword.WebUiBuiltInKeywords$getCSSValue$9.call(Unknown Source)
	at validation.CheckOutFormValidation.validateBoxShadowBlaceHolderBorder(CheckOutFormValidation.groovy:30)
	at validation.CheckOutFormValidation$validateBoxShadowBlaceHolderBorder.call(Unknown Source)
	at helpers.checkOutFormHelper.sendCompanyValue(checkOutFormHelper.groovy:28)
	at helpers.checkOutFormHelper$sendCompanyValue$0.call(Unknown Source)
	at helpers.checkOutFormHelper.fillCheckOutForm(checkOutFormHelper.groovy:141)
	at helpers.checkOutFormHelper$fillCheckOutForm.call(Unknown Source)
	at Product Details.run(Product Details:64)
	at com.kms.katalon.core.main.ScriptEngine.run(ScriptEngine.java:194)
	at com.kms.katalon.core.main.ScriptEngine.runScriptAsRawText(ScriptEngine.java:119)
	at com.kms.katalon.core.main.TestCaseExecutor.runScript(TestCaseExecutor.java:442)
	at com.kms.katalon.core.main.TestCaseExecutor.doExecute(TestCaseExecutor.java:433)
	at com.kms.katalon.core.main.TestCaseExecutor.processExecutionPhase(TestCaseExecutor.java:412)
	at com.kms.katalon.core.main.TestCaseExecutor.accessMainPhase(TestCaseExecutor.java:404)
	at com.kms.katalon.core.main.TestCaseExecutor.execute(TestCaseExecutor.java:281)
	at com.kms.katalon.core.main.TestSuiteExecutor.accessTestCaseMainPhase(TestSuiteExecutor.java:202)
	at com.kms.katalon.core.main.TestSuiteExecutor.accessTestSuiteMainPhase(TestSuiteExecutor.java:164)
	at com.kms.katalon.core.main.TestSuiteExecutor.execute(TestSuiteExecutor.java:105)
	at com.kms.katalon.core.main.TestCaseMain.startTestSuite(TestCaseMain.java:181)
	at com.kms.katalon.core.main.TestCaseMain$startTestSuite$0.call(Unknown Source)
	at TempTestSuite1642263250402.run(TempTestSuite1642263250402.groovy:36)
Caused by: com.kms.katalon.core.exception.StepFailedException: Cannot get CSS 'border-color' value on 'Object Repository/CheckOutForm/input_company'.
	at com.kms.katalon.core.webui.keyword.internal.WebUIKeywordMain.stepFailed(WebUIKeywordMain.groovy:64)
	at com.kms.katalon.core.webui.keyword.builtin.getCSSValueKeyword$_getCSSValue_closure1.doCall(GetCSSValueKeyword.groovy:79)
	at com.kms.katalon.core.webui.keyword.builtin.getCSSValueKeyword$_getCSSValue_closure1.call(GetCSSValueKeyword.groovy)
	at com.kms.katalon.core.webui.keyword.internal.WebUIKeywordMain.runKeyword(WebUIKeywordMain.groovy:20)
	... 25 more
"/>
         <system-out><![CDATA[2022-01-15 18:22:32 - [TEST_CASE][FAILED] - Test Cases/Checkout Scenario/Product Details: Test Cases/Checkout Scenario/Product Details FAILED.
Reason:
com.kms.katalon.core.exception.StepFailedException: Cannot get CSS 'border-color' value on 'Object Repository/CheckOutForm/input_company'.
	at com.kms.katalon.core.webui.keyword.internal.WebUIKeywordMain.stepFailed(WebUIKeywordMain.groovy:64)
	at com.kms.katalon.core.webui.keyword.internal.WebUIKeywordMain.runKeyword(WebUIKeywordMain.groovy:26)
	at com.kms.katalon.core.webui.keyword.builtin.getCSSValueKeyword.getCSSValue(GetCSSValueKeyword.groovy:84)
	at com.kms.katalon.core.webui.keyword.builtin.getCSSValueKeyword.execute(GetCSSValueKeyword.groovy:68)
	at com.kms.katalon.core.keyword.internal.KeywordExecutor.executeKeywordForPlatform(KeywordExecutor.groovy:74)
	at com.kms.katalon.core.webui.keyword.WebUiBuiltInKeywords.getCSSValue(WebUiBuiltInKeywords.groovy:4594)
	at com.kms.katalon.core.webui.keyword.WebUiBuiltInKeywords$getCSSValue$9.call(Unknown Source)
	at validation.CheckOutFormValidation.validateBoxShadowBlaceHolderBorder(CheckOutFormValidation.groovy:30)
	at validation.CheckOutFormValidation$validateBoxShadowBlaceHolderBorder.call(Unknown Source)
	at helpers.checkOutFormHelper.sendCompanyValue(checkOutFormHelper.groovy:28)
	at helpers.checkOutFormHelper$sendCompanyValue$0.call(Unknown Source)
	at helpers.checkOutFormHelper.fillCheckOutForm(checkOutFormHelper.groovy:141)
	at helpers.checkOutFormHelper$fillCheckOutForm.call(Unknown Source)
	at Product Details.run(Product Details:64)
	at com.kms.katalon.core.main.ScriptEngine.run(ScriptEngine.java:194)
	at com.kms.katalon.core.main.ScriptEngine.runScriptAsRawText(ScriptEngine.java:119)
	at com.kms.katalon.core.main.TestCaseExecutor.runScript(TestCaseExecutor.java:442)
	at com.kms.katalon.core.main.TestCaseExecutor.doExecute(TestCaseExecutor.java:433)
	at com.kms.katalon.core.main.TestCaseExecutor.processExecutionPhase(TestCaseExecutor.java:412)
	at com.kms.katalon.core.main.TestCaseExecutor.accessMainPhase(TestCaseExecutor.java:404)
	at com.kms.katalon.core.main.TestCaseExecutor.execute(TestCaseExecutor.java:281)
	at com.kms.katalon.core.main.TestSuiteExecutor.accessTestCaseMainPhase(TestSuiteExecutor.java:202)
	at com.kms.katalon.core.main.TestSuiteExecutor.accessTestSuiteMainPhase(TestSuiteExecutor.java:164)
	at com.kms.katalon.core.main.TestSuiteExecutor.execute(TestSuiteExecutor.java:105)
	at com.kms.katalon.core.main.TestCaseMain.startTestSuite(TestCaseMain.java:181)
	at com.kms.katalon.core.main.TestCaseMain$startTestSuite$0.call(Unknown Source)
	at TempTestSuite1642263250402.run(TempTestSuite1642263250402.groovy:36)
Caused by: com.kms.katalon.core.exception.StepFailedException: Cannot get CSS 'border-color' value on 'Object Repository/CheckOutForm/input_company'.
	at com.kms.katalon.core.webui.keyword.internal.WebUIKeywordMain.stepFailed(WebUIKeywordMain.groovy:64)
	at com.kms.katalon.core.webui.keyword.builtin.getCSSValueKeyword$_getCSSValue_closure1.doCall(GetCSSValueKeyword.groovy:79)
	at com.kms.katalon.core.webui.keyword.builtin.getCSSValueKeyword$_getCSSValue_closure1.call(GetCSSValueKeyword.groovy)
	at com.kms.katalon.core.webui.keyword.internal.WebUIKeywordMain.runKeyword(WebUIKeywordMain.groovy:20)
	... 25 more


2022-01-15 18:22:33 - [TEST_STEP][PASSED] - GeneralHelpers.initScenario(): Current window's url is: 'https://www.cleanersupply.com/'

2022-01-15 18:22:33 - [MESSAGE][INFO] - Starting 'Firefox' driver

2022-01-15 18:22:33 - [MESSAGE][INFO] - Action delay is set to 0 milliseconds

2022-01-15 18:22:38 - [MESSAGE][PASSED] - Browser is opened with url: ''

2022-01-15 18:22:38 - [MESSAGE][PASSED] - Current window maximized

2022-01-15 18:22:48 - [MESSAGE][PASSED] - Navigate to 'https://www.cleanersupply.com/' successfully

2022-01-15 18:22:48 - [MESSAGE][PASSED] - Wait for page load successfully

2022-01-15 18:22:49 - [MESSAGE][PASSED] - Current window's title is: 'Cleaner's Supply - Dry Cleaning Supplies'

2022-01-15 18:22:49 - [MESSAGE][PASSED] - Current window's title is: 'Cleaner's Supply - Dry Cleaning Supplies'

2022-01-15 18:22:49 - [MESSAGE][PASSED] - Current window's url is: 'https://www.cleanersupply.com/'

2022-01-15 18:22:49 - [TEST_STEP][PASSED] - GeneralHelpers.headerSearchFillAndClick(): Object: 'Object Repository/Product details/btn_searchAction' is clicked on

2022-01-15 18:22:50 - [MESSAGE][PASSED] - Text 'Plastic' is set on object 'Object Repository/Product details/input_searchField'

2022-01-15 18:22:51 - [MESSAGE][PASSED] - Attribute 'value' of object 'Object Repository/Product details/input_searchField' is: 'Plastic'

2022-01-15 18:22:53 - [MESSAGE][PASSED] - Object 'Object Repository/Product details/div_searchAutocompleteBox' is visible

2022-01-15 18:22:55 - [MESSAGE][PASSED] - Attribute 'class' of object 'Object Repository/Product details/div_searchAutocompleteBox' is: 'search-autocomplete dropdown-menu open'

2022-01-15 18:22:55 - [MESSAGE][PASSED] - Text of object 'Object Repository/Product details/div_searchHeaderTopBar' is: 'Search for PLASTIC'

2022-01-15 18:22:56 - [MESSAGE][PASSED] - Get CSS 'background-color' value on 'Object Repository/Product details/div_searchHeaderTopBar' successfully: 'rgb(82, 36, 127)'.

2022-01-15 18:22:58 - [MESSAGE][PASSED] - Object: 'Object Repository/Product details/btn_searchAction' is clicked on

2022-01-15 18:22:58 - [TEST_STEP][PASSED] - GeneralHelpers.navigateToResultPage(): Text of object 'Object Repository/Product details/h1_sectionHeading' is: 'SEARCH RESULTS'

2022-01-15 18:22:58 - [MESSAGE][PASSED] - Current window's title is: 'Search Results - Cleaner's Supply'

2022-01-15 18:22:58 - [MESSAGE][PASSED] - Current window's url is: 'https://www.cleanersupply.com/search-results/?q=Plastic'

2022-01-15 18:23:01 - [MESSAGE][PASSED] - Text of object 'Object Repository/Product details/h1_sectionHeading' is: 'SEARCH RESULTS'

2022-01-15 18:23:01 - [TEST_STEP][PASSED] - SearchResultPageValidations.verifyDefaultValues(): Attribute 'class' of object '' is: ' '

2022-01-15 18:23:02 - [MESSAGE][PASSED] - Text of object 'Object Repository/Search Result/h2_productListHeading' is: 'RESULTS FOR "PLASTIC" (224)'

2022-01-15 18:23:02 - [MESSAGE][PASSED] - Text of object 'Object Repository/Search Result/h2_productListHeading' is: 'RESULTS FOR "PLASTIC" (224)'

2022-01-15 18:23:02 - [MESSAGE][PASSED] - Text of object 'Object Repository/Search Result/span_filterOption' is: 'Featured'

2022-01-15 18:23:03 - [MESSAGE][PASSED] - Web element with id: 'Object Repository/Search Result/ul_selectedFilters' located by 'By.cssSelector: ul.selected-filters' is not present after '5' second(s)

2022-01-15 18:23:03 - [MESSAGE][PASSED] - Attribute 'class' of object '' is: ' '

2022-01-15 18:23:03 - [MESSAGE][PASSED] - Attribute 'class' of object '' is: ' '

2022-01-15 18:23:03 - [MESSAGE][PASSED] - Attribute 'class' of object '' is: ' '

2022-01-15 18:23:03 - [MESSAGE][PASSED] - Attribute 'class' of object '' is: ' '

2022-01-15 18:23:03 - [MESSAGE][PASSED] - Attribute 'class' of object '' is: ' '

2022-01-15 18:23:03 - [MESSAGE][PASSED] - Attribute 'class' of object '' is: ' '

2022-01-15 18:23:03 - [MESSAGE][PASSED] - Attribute 'class' of object '' is: ' '

2022-01-15 18:23:03 - [MESSAGE][PASSED] - Attribute 'class' of object '' is: ' '

2022-01-15 18:23:03 - [MESSAGE][PASSED] - Attribute 'class' of object '' is: ' '

2022-01-15 18:23:03 - [MESSAGE][PASSED] - Attribute 'class' of object '' is: ' '

2022-01-15 18:23:03 - [MESSAGE][PASSED] - Attribute 'class' of object '' is: ' '

2022-01-15 18:23:03 - [MESSAGE][PASSED] - Attribute 'class' of object '' is: ' '

2022-01-15 18:23:03 - [MESSAGE][PASSED] - Attribute 'class' of object '' is: ' '

2022-01-15 18:23:03 - [MESSAGE][PASSED] - Attribute 'class' of object '' is: ' '

2022-01-15 18:23:03 - [MESSAGE][PASSED] - Attribute 'class' of object '' is: ' '

2022-01-15 18:23:03 - [MESSAGE][PASSED] - Attribute 'class' of object '' is: ' '

2022-01-15 18:23:03 - [MESSAGE][PASSED] - Attribute 'class' of object '' is: ' '

2022-01-15 18:23:03 - [MESSAGE][PASSED] - Attribute 'class' of object '' is: ' '

2022-01-15 18:23:03 - [MESSAGE][PASSED] - Attribute 'class' of object '' is: ' '

2022-01-15 18:23:04 - [MESSAGE][PASSED] - Attribute 'class' of object '' is: ' '

2022-01-15 18:23:04 - [MESSAGE][PASSED] - Attribute 'class' of object '' is: ' '

2022-01-15 18:23:04 - [MESSAGE][PASSED] - Attribute 'class' of object '' is: ' '

2022-01-15 18:23:04 - [MESSAGE][PASSED] - Attribute 'class' of object '' is: ' '

2022-01-15 18:23:04 - [MESSAGE][PASSED] - Attribute 'class' of object '' is: ' '

2022-01-15 18:23:04 - [MESSAGE][PASSED] - Attribute 'class' of object '' is: ' '

2022-01-15 18:23:04 - [MESSAGE][PASSED] - Attribute 'class' of object '' is: ' '

2022-01-15 18:23:04 - [MESSAGE][PASSED] - Attribute 'class' of object '' is: ' '

2022-01-15 18:23:04 - [MESSAGE][PASSED] - Attribute 'class' of object '' is: ' '

2022-01-15 18:23:04 - [MESSAGE][PASSED] - Attribute 'class' of object '' is: ' '

2022-01-15 18:23:04 - [MESSAGE][PASSED] - Attribute 'class' of object '' is: ' '

2022-01-15 18:23:04 - [MESSAGE][PASSED] - Attribute 'class' of object '' is: ' '

2022-01-15 18:23:04 - [MESSAGE][PASSED] - Attribute 'class' of object '' is: ' '

2022-01-15 18:23:04 - [MESSAGE][PASSED] - Attribute 'class' of object '' is: ' '

2022-01-15 18:23:04 - [MESSAGE][PASSED] - Attribute 'class' of object '' is: ' '

2022-01-15 18:23:04 - [MESSAGE][PASSED] - Attribute 'class' of object '' is: ' '

2022-01-15 18:23:04 - [MESSAGE][PASSED] - Attribute 'class' of object '' is: ' '

2022-01-15 18:23:04 - [MESSAGE][PASSED] - Attribute 'class' of object '' is: ' '

2022-01-15 18:23:04 - [MESSAGE][PASSED] - Attribute 'class' of object '' is: ' '

2022-01-15 18:23:04 - [MESSAGE][PASSED] - Attribute 'class' of object '' is: ' '

2022-01-15 18:23:04 - [MESSAGE][PASSED] - Attribute 'class' of object '' is: ' '

2022-01-15 18:23:04 - [MESSAGE][PASSED] - Attribute 'class' of object '' is: ' '

2022-01-15 18:23:04 - [MESSAGE][PASSED] - Attribute 'class' of object '' is: ' '

2022-01-15 18:23:04 - [MESSAGE][PASSED] - Attribute 'class' of object '' is: ' '

2022-01-15 18:23:04 - [MESSAGE][PASSED] - Attribute 'class' of object '' is: ' '

2022-01-15 18:23:04 - [MESSAGE][PASSED] - Attribute 'class' of object '' is: ' '

2022-01-15 18:23:04 - [MESSAGE][PASSED] - Attribute 'class' of object '' is: ' '

2022-01-15 18:23:04 - [MESSAGE][PASSED] - Attribute 'class' of object '' is: ' '

2022-01-15 18:23:04 - [MESSAGE][PASSED] - Attribute 'class' of object '' is: ' '

2022-01-15 18:23:04 - [MESSAGE][PASSED] - Attribute 'class' of object '' is: ' '

2022-01-15 18:23:04 - [MESSAGE][PASSED] - Attribute 'class' of object '' is: ' '

2022-01-15 18:23:04 - [MESSAGE][PASSED] - Attribute 'class' of object '' is: ' '

2022-01-15 18:23:04 - [MESSAGE][PASSED] - Attribute 'class' of object '' is: ' '

2022-01-15 18:23:04 - [MESSAGE][PASSED] - Attribute 'class' of object '' is: ' '

2022-01-15 18:23:04 - [MESSAGE][PASSED] - Attribute 'class' of object '' is: ' '

2022-01-15 18:23:04 - [MESSAGE][PASSED] - Attribute 'class' of object '' is: ' '

2022-01-15 18:23:04 - [MESSAGE][PASSED] - Attribute 'class' of object '' is: ' '

2022-01-15 18:23:04 - [MESSAGE][PASSED] - Attribute 'class' of object '' is: ' '

2022-01-15 18:23:04 - [MESSAGE][PASSED] - Attribute 'class' of object '' is: ' '

2022-01-15 18:23:04 - [MESSAGE][PASSED] - Attribute 'class' of object '' is: ' '

2022-01-15 18:23:04 - [MESSAGE][PASSED] - Attribute 'class' of object '' is: ' '

2022-01-15 18:23:04 - [MESSAGE][PASSED] - Attribute 'class' of object '' is: ' '

2022-01-15 18:23:04 - [MESSAGE][PASSED] - Attribute 'class' of object '' is: ' '

2022-01-15 18:23:04 - [MESSAGE][PASSED] - Attribute 'class' of object '' is: ' '

2022-01-15 18:23:04 - [MESSAGE][PASSED] - Attribute 'class' of object '' is: ' '

2022-01-15 18:23:04 - [MESSAGE][PASSED] - Attribute 'class' of object '' is: ' '

2022-01-15 18:23:04 - [MESSAGE][PASSED] - Attribute 'class' of object '' is: ' '

2022-01-15 18:23:04 - [MESSAGE][PASSED] - Attribute 'class' of object '' is: ' '

2022-01-15 18:23:04 - [MESSAGE][PASSED] - Attribute 'class' of object '' is: ' '

2022-01-15 18:23:04 - [MESSAGE][PASSED] - Attribute 'class' of object '' is: ' '

2022-01-15 18:23:04 - [MESSAGE][PASSED] - Attribute 'class' of object '' is: ' '

2022-01-15 18:23:04 - [MESSAGE][PASSED] - Attribute 'class' of object '' is: ' '

2022-01-15 18:23:04 - [MESSAGE][PASSED] - Attribute 'class' of object '' is: ' '

2022-01-15 18:23:04 - [MESSAGE][PASSED] - Attribute 'class' of object '' is: ' '

2022-01-15 18:23:04 - [MESSAGE][PASSED] - Attribute 'class' of object '' is: ' '

2022-01-15 18:23:04 - [MESSAGE][PASSED] - Attribute 'class' of object '' is: ' '

2022-01-15 18:23:04 - [MESSAGE][PASSED] - Attribute 'class' of object '' is: ' '

2022-01-15 18:23:04 - [MESSAGE][PASSED] - Attribute 'class' of object '' is: ' '

2022-01-15 18:23:04 - [MESSAGE][PASSED] - Attribute 'class' of object '' is: ' '

2022-01-15 18:23:04 - [MESSAGE][PASSED] - Attribute 'class' of object '' is: ' '

2022-01-15 18:23:05 - [MESSAGE][PASSED] - Attribute 'class' of object '' is: ' '

2022-01-15 18:23:05 - [MESSAGE][PASSED] - Attribute 'class' of object '' is: ' '

2022-01-15 18:23:05 - [MESSAGE][PASSED] - Attribute 'class' of object '' is: ' '

2022-01-15 18:23:05 - [MESSAGE][PASSED] - Attribute 'class' of object '' is: ' '

2022-01-15 18:23:05 - [MESSAGE][PASSED] - Attribute 'class' of object '' is: ' '

2022-01-15 18:23:05 - [MESSAGE][PASSED] - Attribute 'class' of object '' is: ' '

2022-01-15 18:23:05 - [MESSAGE][PASSED] - Attribute 'class' of object '' is: ' '

2022-01-15 18:23:05 - [MESSAGE][PASSED] - Attribute 'class' of object '' is: ' '

2022-01-15 18:23:05 - [MESSAGE][PASSED] - Attribute 'class' of object '' is: ' '

2022-01-15 18:23:05 - [MESSAGE][PASSED] - Attribute 'class' of object '' is: ' '

2022-01-15 18:23:05 - [MESSAGE][PASSED] - Attribute 'class' of object '' is: ' '

2022-01-15 18:23:05 - [MESSAGE][PASSED] - Attribute 'class' of object '' is: ' '

2022-01-15 18:23:05 - [MESSAGE][PASSED] - Attribute 'class' of object '' is: ' '

2022-01-15 18:23:05 - [MESSAGE][PASSED] - Attribute 'class' of object '' is: ' '

2022-01-15 18:23:05 - [MESSAGE][PASSED] - Attribute 'class' of object '' is: ' '

2022-01-15 18:23:05 - [MESSAGE][PASSED] - Attribute 'class' of object '' is: ' '

2022-01-15 18:23:05 - [MESSAGE][PASSED] - Attribute 'class' of object '' is: ' '

2022-01-15 18:23:05 - [MESSAGE][PASSED] - Attribute 'class' of object '' is: ' '

2022-01-15 18:23:05 - [MESSAGE][PASSED] - Attribute 'class' of object '' is: ' '

2022-01-15 18:23:05 - [MESSAGE][PASSED] - Attribute 'class' of object '' is: ' '

2022-01-15 18:23:05 - [MESSAGE][PASSED] - Attribute 'class' of object '' is: ' '

2022-01-15 18:23:05 - [MESSAGE][PASSED] - Attribute 'class' of object '' is: ' '

2022-01-15 18:23:05 - [MESSAGE][PASSED] - Attribute 'class' of object '' is: ' '

2022-01-15 18:23:05 - [MESSAGE][PASSED] - Attribute 'class' of object '' is: ' '

2022-01-15 18:23:05 - [MESSAGE][PASSED] - Attribute 'class' of object '' is: ' '

2022-01-15 18:23:05 - [MESSAGE][PASSED] - Attribute 'class' of object '' is: ' '

2022-01-15 18:23:05 - [MESSAGE][PASSED] - Attribute 'class' of object '' is: ' '

2022-01-15 18:23:05 - [MESSAGE][PASSED] - Attribute 'class' of object '' is: ' '

2022-01-15 18:23:05 - [MESSAGE][PASSED] - Attribute 'class' of object '' is: ' '

2022-01-15 18:23:05 - [MESSAGE][PASSED] - Attribute 'class' of object '' is: ' '

2022-01-15 18:23:05 - [MESSAGE][PASSED] - Attribute 'class' of object '' is: ' '

2022-01-15 18:23:05 - [MESSAGE][PASSED] - Attribute 'class' of object '' is: ' '

2022-01-15 18:23:05 - [MESSAGE][PASSED] - Attribute 'class' of object '' is: ' '

2022-01-15 18:23:05 - [MESSAGE][PASSED] - Attribute 'class' of object '' is: ' '

2022-01-15 18:23:05 - [MESSAGE][PASSED] - Attribute 'class' of object '' is: ' '

2022-01-15 18:23:05 - [MESSAGE][PASSED] - Attribute 'class' of object '' is: ' '

2022-01-15 18:23:05 - [MESSAGE][PASSED] - Attribute 'class' of object '' is: ' '

2022-01-15 18:23:05 - [MESSAGE][PASSED] - Attribute 'class' of object '' is: ' '

2022-01-15 18:23:05 - [MESSAGE][PASSED] - Attribute 'class' of object '' is: ' '

2022-01-15 18:23:05 - [MESSAGE][PASSED] - Attribute 'class' of object '' is: ' '

2022-01-15 18:23:05 - [MESSAGE][PASSED] - Attribute 'class' of object '' is: ' '

2022-01-15 18:23:05 - [MESSAGE][PASSED] - Attribute 'class' of object '' is: ' '

2022-01-15 18:23:05 - [MESSAGE][PASSED] - Attribute 'class' of object '' is: ' '

2022-01-15 18:23:05 - [MESSAGE][PASSED] - Attribute 'class' of object '' is: ' '

2022-01-15 18:23:05 - [MESSAGE][PASSED] - Attribute 'class' of object '' is: ' '

2022-01-15 18:23:05 - [MESSAGE][PASSED] - Attribute 'class' of object '' is: ' '

2022-01-15 18:23:05 - [MESSAGE][PASSED] - Attribute 'class' of object '' is: ' '

2022-01-15 18:23:05 - [MESSAGE][PASSED] - Attribute 'class' of object '' is: ' '

2022-01-15 18:23:05 - [MESSAGE][PASSED] - Attribute 'class' of object '' is: ' '

2022-01-15 18:23:05 - [MESSAGE][PASSED] - Attribute 'class' of object '' is: ' '

2022-01-15 18:23:05 - [MESSAGE][PASSED] - Attribute 'class' of object '' is: ' '

2022-01-15 18:23:05 - [MESSAGE][PASSED] - Attribute 'class' of object '' is: ' '

2022-01-15 18:23:05 - [MESSAGE][PASSED] - Attribute 'class' of object '' is: ' '

2022-01-15 18:23:05 - [MESSAGE][PASSED] - Attribute 'class' of object '' is: ' '

2022-01-15 18:23:05 - [MESSAGE][PASSED] - Attribute 'class' of object '' is: ' '

2022-01-15 18:23:05 - [MESSAGE][PASSED] - Attribute 'class' of object '' is: ' '

2022-01-15 18:23:05 - [MESSAGE][PASSED] - Attribute 'class' of object '' is: ' '

2022-01-15 18:23:05 - [MESSAGE][PASSED] - Attribute 'class' of object '' is: ' '

2022-01-15 18:23:05 - [MESSAGE][PASSED] - Attribute 'class' of object '' is: ' '

2022-01-15 18:23:05 - [MESSAGE][PASSED] - Attribute 'class' of object '' is: ' '

2022-01-15 18:23:05 - [MESSAGE][PASSED] - Attribute 'class' of object '' is: ' '

2022-01-15 18:23:05 - [MESSAGE][PASSED] - Attribute 'class' of object '' is: ' '

2022-01-15 18:23:05 - [MESSAGE][PASSED] - Attribute 'class' of object '' is: ' '

2022-01-15 18:23:05 - [MESSAGE][PASSED] - Attribute 'class' of object '' is: ' '

2022-01-15 18:23:05 - [MESSAGE][PASSED] - Attribute 'class' of object '' is: ' '

2022-01-15 18:23:05 - [MESSAGE][PASSED] - Attribute 'class' of object '' is: ' '

2022-01-15 18:23:05 - [MESSAGE][PASSED] - Attribute 'class' of object '' is: ' '

2022-01-15 18:23:05 - [MESSAGE][PASSED] - Attribute 'class' of object '' is: ' '

2022-01-15 18:23:05 - [MESSAGE][PASSED] - Attribute 'class' of object '' is: ' '

2022-01-15 18:23:05 - [MESSAGE][PASSED] - Attribute 'class' of object '' is: ' '

2022-01-15 18:23:05 - [MESSAGE][PASSED] - Attribute 'class' of object '' is: ' '

2022-01-15 18:23:05 - [MESSAGE][PASSED] - Attribute 'class' of object '' is: ' '

2022-01-15 18:23:05 - [MESSAGE][PASSED] - Attribute 'class' of object '' is: ' '

2022-01-15 18:23:05 - [MESSAGE][PASSED] - Attribute 'class' of object '' is: ' '

2022-01-15 18:23:05 - [MESSAGE][PASSED] - Attribute 'class' of object '' is: ' '

2022-01-15 18:23:05 - [MESSAGE][PASSED] - Attribute 'class' of object '' is: ' '

2022-01-15 18:23:05 - [MESSAGE][PASSED] - Attribute 'class' of object '' is: ' '

2022-01-15 18:23:05 - [MESSAGE][PASSED] - Attribute 'class' of object '' is: ' '

2022-01-15 18:23:05 - [MESSAGE][PASSED] - Attribute 'class' of object '' is: ' '

2022-01-15 18:23:06 - [MESSAGE][PASSED] - Attribute 'class' of object '' is: ' '

2022-01-15 18:23:06 - [MESSAGE][PASSED] - Attribute 'class' of object '' is: ' '

2022-01-15 18:23:06 - [MESSAGE][PASSED] - Attribute 'class' of object '' is: ' '

2022-01-15 18:23:06 - [MESSAGE][PASSED] - Attribute 'class' of object '' is: ' '

2022-01-15 18:23:06 - [MESSAGE][PASSED] - Attribute 'class' of object '' is: ' '

2022-01-15 18:23:06 - [MESSAGE][PASSED] - Attribute 'class' of object '' is: ' '

2022-01-15 18:23:06 - [MESSAGE][PASSED] - Attribute 'class' of object '' is: ' '

2022-01-15 18:23:06 - [MESSAGE][PASSED] - Attribute 'class' of object '' is: ' '

2022-01-15 18:23:06 - [MESSAGE][PASSED] - Attribute 'class' of object '' is: ' '

2022-01-15 18:23:06 - [MESSAGE][PASSED] - Attribute 'class' of object '' is: ' '

2022-01-15 18:23:06 - [MESSAGE][PASSED] - Attribute 'class' of object '' is: ' '

2022-01-15 18:23:06 - [MESSAGE][PASSED] - Attribute 'class' of object '' is: ' '

2022-01-15 18:23:06 - [MESSAGE][PASSED] - Attribute 'class' of object '' is: ' '

2022-01-15 18:23:06 - [MESSAGE][PASSED] - Attribute 'class' of object '' is: ' '

2022-01-15 18:23:06 - [MESSAGE][PASSED] - Attribute 'class' of object '' is: ' '

2022-01-15 18:23:06 - [MESSAGE][PASSED] - Attribute 'class' of object '' is: ' '

2022-01-15 18:23:06 - [MESSAGE][PASSED] - Attribute 'class' of object '' is: ' '

2022-01-15 18:23:06 - [MESSAGE][PASSED] - Attribute 'class' of object '' is: ' '

2022-01-15 18:23:06 - [MESSAGE][PASSED] - Attribute 'class' of object '' is: ' '

2022-01-15 18:23:06 - [MESSAGE][PASSED] - Attribute 'class' of object '' is: ' '

2022-01-15 18:23:06 - [MESSAGE][PASSED] - Attribute 'class' of object '' is: ' '

2022-01-15 18:23:06 - [MESSAGE][PASSED] - Attribute 'class' of object '' is: ' '

2022-01-15 18:23:06 - [MESSAGE][PASSED] - Attribute 'class' of object '' is: ' '

2022-01-15 18:23:06 - [MESSAGE][PASSED] - Attribute 'class' of object '' is: ' '

2022-01-15 18:23:06 - [MESSAGE][PASSED] - Attribute 'class' of object '' is: ' '

2022-01-15 18:23:06 - [MESSAGE][PASSED] - Attribute 'class' of object '' is: ' '

2022-01-15 18:23:06 - [MESSAGE][PASSED] - Attribute 'class' of object '' is: ' '

2022-01-15 18:23:06 - [MESSAGE][PASSED] - Attribute 'class' of object '' is: ' '

2022-01-15 18:23:06 - [MESSAGE][PASSED] - Attribute 'class' of object '' is: ' '

2022-01-15 18:23:06 - [MESSAGE][PASSED] - Attribute 'class' of object '' is: ' '

2022-01-15 18:23:06 - [MESSAGE][PASSED] - Attribute 'class' of object '' is: ' '

2022-01-15 18:23:06 - [MESSAGE][PASSED] - Attribute 'class' of object '' is: ' '

2022-01-15 18:23:06 - [MESSAGE][PASSED] - Attribute 'class' of object '' is: ' '

2022-01-15 18:23:06 - [MESSAGE][PASSED] - Attribute 'class' of object '' is: ' '

2022-01-15 18:23:06 - [MESSAGE][PASSED] - Attribute 'class' of object '' is: ' '

2022-01-15 18:23:06 - [MESSAGE][PASSED] - Attribute 'class' of object '' is: ' '

2022-01-15 18:23:06 - [MESSAGE][PASSED] - Attribute 'class' of object '' is: ' '

2022-01-15 18:23:06 - [MESSAGE][PASSED] - Attribute 'class' of object '' is: ' '

2022-01-15 18:23:06 - [MESSAGE][PASSED] - Attribute 'class' of object '' is: ' '

2022-01-15 18:23:06 - [MESSAGE][PASSED] - Attribute 'class' of object '' is: ' '

2022-01-15 18:23:06 - [MESSAGE][PASSED] - Attribute 'class' of object '' is: ' '

2022-01-15 18:23:06 - [MESSAGE][PASSED] - Attribute 'class' of object '' is: ' '

2022-01-15 18:23:06 - [MESSAGE][PASSED] - Attribute 'class' of object '' is: ' '

2022-01-15 18:23:06 - [MESSAGE][PASSED] - Attribute 'class' of object '' is: ' '

2022-01-15 18:23:06 - [MESSAGE][PASSED] - Attribute 'class' of object '' is: ' '

2022-01-15 18:23:06 - [MESSAGE][PASSED] - Attribute 'class' of object '' is: ' '

2022-01-15 18:23:06 - [MESSAGE][PASSED] - Attribute 'class' of object '' is: ' '

2022-01-15 18:23:06 - [MESSAGE][PASSED] - Attribute 'class' of object '' is: ' '

2022-01-15 18:23:06 - [MESSAGE][PASSED] - Attribute 'class' of object '' is: ' '

2022-01-15 18:23:06 - [MESSAGE][PASSED] - Attribute 'class' of object '' is: ' '

2022-01-15 18:23:06 - [MESSAGE][PASSED] - Attribute 'class' of object '' is: ' '

2022-01-15 18:23:06 - [MESSAGE][PASSED] - Attribute 'class' of object '' is: ' '

2022-01-15 18:23:06 - [MESSAGE][PASSED] - Attribute 'class' of object '' is: ' '

2022-01-15 18:23:06 - [MESSAGE][PASSED] - Attribute 'class' of object '' is: ' '

2022-01-15 18:23:06 - [MESSAGE][PASSED] - Attribute 'class' of object '' is: ' '

2022-01-15 18:23:06 - [MESSAGE][PASSED] - Attribute 'class' of object '' is: ' '

2022-01-15 18:23:06 - [MESSAGE][PASSED] - Attribute 'class' of object '' is: ' '

2022-01-15 18:23:06 - [MESSAGE][PASSED] - Attribute 'class' of object '' is: ' '

2022-01-15 18:23:06 - [MESSAGE][PASSED] - Attribute 'class' of object '' is: ' '

2022-01-15 18:23:06 - [MESSAGE][PASSED] - Attribute 'class' of object '' is: ' '

2022-01-15 18:23:06 - [MESSAGE][PASSED] - Attribute 'class' of object '' is: ' '

2022-01-15 18:23:06 - [MESSAGE][PASSED] - Attribute 'class' of object '' is: ' '

2022-01-15 18:23:06 - [MESSAGE][PASSED] - Attribute 'class' of object '' is: ' '

2022-01-15 18:23:06 - [MESSAGE][PASSED] - Attribute 'class' of object '' is: ' '

2022-01-15 18:23:06 - [MESSAGE][PASSED] - Attribute 'class' of object '' is: ' '

2022-01-15 18:23:06 - [MESSAGE][PASSED] - Attribute 'class' of object '' is: ' '

2022-01-15 18:23:06 - [MESSAGE][PASSED] - Attribute 'class' of object '' is: ' '

2022-01-15 18:23:06 - [MESSAGE][PASSED] - Attribute 'class' of object '' is: ' '

2022-01-15 18:23:06 - [MESSAGE][PASSED] - Attribute 'class' of object '' is: ' '

2022-01-15 18:23:06 - [MESSAGE][PASSED] - Attribute 'class' of object '' is: ' '

2022-01-15 18:23:06 - [MESSAGE][PASSED] - Attribute 'class' of object '' is: ' '

2022-01-15 18:23:06 - [MESSAGE][PASSED] - Attribute 'class' of object '' is: ' '

2022-01-15 18:23:06 - [MESSAGE][PASSED] - Attribute 'class' of object '' is: ' '

2022-01-15 18:23:06 - [MESSAGE][PASSED] - Attribute 'class' of object '' is: ' '

2022-01-15 18:23:06 - [MESSAGE][PASSED] - Attribute 'class' of object '' is: ' '

2022-01-15 18:23:07 - [MESSAGE][PASSED] - Attribute 'class' of object '' is: ' '

2022-01-15 18:23:07 - [MESSAGE][PASSED] - Attribute 'class' of object '' is: ' '

2022-01-15 18:23:07 - [MESSAGE][PASSED] - Attribute 'class' of object '' is: ' '

2022-01-15 18:23:07 - [MESSAGE][PASSED] - Attribute 'class' of object '' is: ' '

2022-01-15 18:23:07 - [MESSAGE][PASSED] - Attribute 'class' of object '' is: ' '

2022-01-15 18:23:07 - [MESSAGE][PASSED] - Attribute 'class' of object '' is: ' '

2022-01-15 18:23:07 - [MESSAGE][PASSED] - Attribute 'class' of object '' is: ' '

2022-01-15 18:23:07 - [MESSAGE][PASSED] - Attribute 'class' of object '' is: ' '

2022-01-15 18:23:07 - [MESSAGE][PASSED] - Attribute 'class' of object '' is: ' '

2022-01-15 18:23:07 - [MESSAGE][PASSED] - Attribute 'class' of object '' is: ' '

2022-01-15 18:23:07 - [MESSAGE][PASSED] - Attribute 'class' of object '' is: ' '

2022-01-15 18:23:07 - [MESSAGE][PASSED] - Attribute 'class' of object '' is: ' '

2022-01-15 18:23:07 - [MESSAGE][PASSED] - Attribute 'class' of object '' is: ' '

2022-01-15 18:23:07 - [MESSAGE][PASSED] - Attribute 'class' of object '' is: ' '

2022-01-15 18:23:07 - [MESSAGE][PASSED] - Attribute 'class' of object '' is: ' '

2022-01-15 18:23:07 - [MESSAGE][PASSED] - Attribute 'class' of object '' is: ' '

2022-01-15 18:23:07 - [MESSAGE][PASSED] - Attribute 'class' of object '' is: ' '

2022-01-15 18:23:07 - [MESSAGE][PASSED] - Attribute 'class' of object '' is: ' '

2022-01-15 18:23:07 - [MESSAGE][PASSED] - Attribute 'class' of object '' is: ' '

2022-01-15 18:23:07 - [MESSAGE][PASSED] - Attribute 'class' of object '' is: ' '

2022-01-15 18:23:07 - [MESSAGE][PASSED] - Attribute 'class' of object '' is: ' '

2022-01-15 18:23:07 - [MESSAGE][PASSED] - Attribute 'class' of object '' is: ' '

2022-01-15 18:23:07 - [MESSAGE][PASSED] - Attribute 'class' of object '' is: ' '

2022-01-15 18:23:07 - [MESSAGE][PASSED] - Attribute 'class' of object '' is: ' '

2022-01-15 18:23:07 - [MESSAGE][PASSED] - Attribute 'class' of object '' is: ' '

2022-01-15 18:23:07 - [MESSAGE][PASSED] - Attribute 'class' of object '' is: ' '

2022-01-15 18:23:07 - [MESSAGE][PASSED] - Attribute 'class' of object '' is: ' '

2022-01-15 18:23:07 - [MESSAGE][PASSED] - Attribute 'class' of object '' is: ' '

2022-01-15 18:23:07 - [MESSAGE][PASSED] - Attribute 'class' of object '' is: ' '

2022-01-15 18:23:07 - [MESSAGE][PASSED] - Attribute 'class' of object '' is: ' '

2022-01-15 18:23:07 - [MESSAGE][PASSED] - Attribute 'class' of object '' is: ' '

2022-01-15 18:23:07 - [MESSAGE][PASSED] - Attribute 'class' of object '' is: ' '

2022-01-15 18:23:07 - [MESSAGE][PASSED] - Attribute 'class' of object '' is: ' '

2022-01-15 18:23:07 - [MESSAGE][PASSED] - Attribute 'class' of object '' is: ' '

2022-01-15 18:23:07 - [MESSAGE][PASSED] - Attribute 'class' of object '' is: ' '

2022-01-15 18:23:07 - [MESSAGE][PASSED] - Attribute 'class' of object '' is: ' '

2022-01-15 18:23:07 - [MESSAGE][PASSED] - Attribute 'class' of object '' is: ' '

2022-01-15 18:23:07 - [MESSAGE][PASSED] - Attribute 'class' of object '' is: ' '

2022-01-15 18:23:07 - [MESSAGE][PASSED] - Attribute 'class' of object '' is: ' '

2022-01-15 18:23:07 - [MESSAGE][PASSED] - Attribute 'class' of object '' is: ' '

2022-01-15 18:23:07 - [MESSAGE][PASSED] - Attribute 'class' of object '' is: ' '

2022-01-15 18:23:07 - [MESSAGE][PASSED] - Attribute 'class' of object '' is: ' '

2022-01-15 18:23:07 - [MESSAGE][PASSED] - Attribute 'class' of object '' is: ' '

2022-01-15 18:23:07 - [MESSAGE][PASSED] - Attribute 'class' of object '' is: ' '

2022-01-15 18:23:07 - [MESSAGE][PASSED] - Attribute 'class' of object '' is: ' '

2022-01-15 18:23:07 - [MESSAGE][PASSED] - Attribute 'class' of object '' is: ' '

2022-01-15 18:23:07 - [MESSAGE][PASSED] - Attribute 'class' of object '' is: ' '

2022-01-15 18:23:07 - [MESSAGE][PASSED] - Attribute 'class' of object '' is: ' '

2022-01-15 18:23:07 - [MESSAGE][PASSED] - Attribute 'class' of object '' is: ' '

2022-01-15 18:23:07 - [MESSAGE][PASSED] - Attribute 'class' of object '' is: ' '

2022-01-15 18:23:07 - [MESSAGE][PASSED] - Attribute 'class' of object '' is: ' '

2022-01-15 18:23:07 - [MESSAGE][PASSED] - Attribute 'class' of object '' is: ' '

2022-01-15 18:23:07 - [MESSAGE][PASSED] - Attribute 'class' of object '' is: ' '

2022-01-15 18:23:07 - [MESSAGE][PASSED] - Attribute 'class' of object '' is: ' '

2022-01-15 18:23:07 - [MESSAGE][PASSED] - Attribute 'class' of object '' is: ' '

2022-01-15 18:23:07 - [MESSAGE][PASSED] - Attribute 'class' of object '' is: ' '

2022-01-15 18:23:07 - [MESSAGE][PASSED] - Attribute 'class' of object '' is: ' '

2022-01-15 18:23:07 - [MESSAGE][PASSED] - Attribute 'class' of object '' is: ' '

2022-01-15 18:23:07 - [MESSAGE][PASSED] - Attribute 'class' of object '' is: ' '

2022-01-15 18:23:07 - [MESSAGE][PASSED] - Attribute 'class' of object '' is: ' '

2022-01-15 18:23:07 - [MESSAGE][PASSED] - Attribute 'class' of object '' is: ' '

2022-01-15 18:23:07 - [MESSAGE][PASSED] - Attribute 'class' of object '' is: ' '

2022-01-15 18:23:07 - [MESSAGE][PASSED] - Attribute 'class' of object '' is: ' '

2022-01-15 18:23:07 - [MESSAGE][PASSED] - Attribute 'class' of object '' is: ' '

2022-01-15 18:23:07 - [MESSAGE][PASSED] - Attribute 'class' of object '' is: ' '

2022-01-15 18:23:07 - [MESSAGE][PASSED] - Attribute 'class' of object '' is: ' '

2022-01-15 18:23:07 - [MESSAGE][PASSED] - Attribute 'class' of object '' is: ' '

2022-01-15 18:23:07 - [MESSAGE][PASSED] - Attribute 'class' of object '' is: ' '

2022-01-15 18:23:07 - [MESSAGE][PASSED] - Attribute 'class' of object '' is: ' '

2022-01-15 18:23:07 - [MESSAGE][PASSED] - Attribute 'class' of object '' is: ' '

2022-01-15 18:23:07 - [MESSAGE][PASSED] - Attribute 'class' of object '' is: ' '

2022-01-15 18:23:07 - [MESSAGE][PASSED] - Attribute 'class' of object '' is: ' '

2022-01-15 18:23:07 - [MESSAGE][PASSED] - Attribute 'class' of object '' is: ' '

2022-01-15 18:23:07 - [MESSAGE][PASSED] - Attribute 'class' of object '' is: ' '

2022-01-15 18:23:07 - [MESSAGE][PASSED] - Attribute 'class' of object '' is: ' '

2022-01-15 18:23:07 - [MESSAGE][PASSED] - Attribute 'class' of object '' is: ' '

2022-01-15 18:23:07 - [MESSAGE][PASSED] - Attribute 'class' of object '' is: ' '

2022-01-15 18:23:07 - [MESSAGE][PASSED] - Attribute 'class' of object '' is: ' '

2022-01-15 18:23:07 - [MESSAGE][PASSED] - Attribute 'class' of object '' is: ' '

2022-01-15 18:23:07 - [MESSAGE][PASSED] - Attribute 'class' of object '' is: ' '

2022-01-15 18:23:07 - [MESSAGE][PASSED] - Attribute 'class' of object '' is: ' '

2022-01-15 18:23:07 - [MESSAGE][PASSED] - Attribute 'class' of object '' is: ' '

2022-01-15 18:23:07 - [MESSAGE][PASSED] - Attribute 'class' of object '' is: ' '

2022-01-15 18:23:07 - [MESSAGE][PASSED] - Attribute 'class' of object '' is: ' '

2022-01-15 18:23:07 - [MESSAGE][PASSED] - Attribute 'class' of object '' is: ' '

2022-01-15 18:23:07 - [MESSAGE][PASSED] - Attribute 'class' of object '' is: ' '

2022-01-15 18:23:07 - [MESSAGE][PASSED] - Attribute 'class' of object '' is: ' '

2022-01-15 18:23:07 - [MESSAGE][PASSED] - Attribute 'class' of object '' is: ' '

2022-01-15 18:23:07 - [MESSAGE][PASSED] - Attribute 'class' of object '' is: ' '

2022-01-15 18:23:07 - [MESSAGE][PASSED] - Attribute 'class' of object '' is: ' '

2022-01-15 18:23:08 - [MESSAGE][PASSED] - Attribute 'class' of object '' is: ' '

2022-01-15 18:23:08 - [MESSAGE][PASSED] - Attribute 'class' of object '' is: ' '

2022-01-15 18:23:08 - [MESSAGE][PASSED] - Attribute 'class' of object '' is: ' '

2022-01-15 18:23:08 - [MESSAGE][PASSED] - Attribute 'class' of object '' is: ' '

2022-01-15 18:23:08 - [MESSAGE][PASSED] - Attribute 'class' of object '' is: ' '

2022-01-15 18:23:08 - [MESSAGE][PASSED] - Attribute 'class' of object '' is: ' '

2022-01-15 18:23:08 - [MESSAGE][PASSED] - Attribute 'class' of object '' is: ' '

2022-01-15 18:23:08 - [MESSAGE][PASSED] - Attribute 'class' of object '' is: ' '

2022-01-15 18:23:08 - [MESSAGE][PASSED] - Attribute 'class' of object '' is: ' '

2022-01-15 18:23:08 - [MESSAGE][PASSED] - Attribute 'class' of object '' is: ' '

2022-01-15 18:23:08 - [MESSAGE][PASSED] - Attribute 'class' of object '' is: ' '

2022-01-15 18:23:08 - [MESSAGE][PASSED] - Attribute 'class' of object '' is: ' '

2022-01-15 18:23:08 - [MESSAGE][PASSED] - Attribute 'class' of object '' is: ' '

2022-01-15 18:23:08 - [MESSAGE][PASSED] - Attribute 'class' of object '' is: ' '

2022-01-15 18:23:08 - [MESSAGE][PASSED] - Attribute 'class' of object '' is: ' '

2022-01-15 18:23:08 - [MESSAGE][PASSED] - Attribute 'class' of object '' is: ' '

2022-01-15 18:23:08 - [MESSAGE][PASSED] - Attribute 'class' of object '' is: ' '

2022-01-15 18:23:08 - [MESSAGE][PASSED] - Attribute 'class' of object '' is: ' '

2022-01-15 18:23:08 - [MESSAGE][PASSED] - Attribute 'class' of object '' is: ' '

2022-01-15 18:23:08 - [MESSAGE][PASSED] - Attribute 'class' of object '' is: ' '

2022-01-15 18:23:08 - [MESSAGE][PASSED] - Attribute 'class' of object '' is: ' '

2022-01-15 18:23:08 - [MESSAGE][PASSED] - Attribute 'class' of object '' is: ' '

2022-01-15 18:23:08 - [MESSAGE][PASSED] - Attribute 'class' of object '' is: ' '

2022-01-15 18:23:08 - [MESSAGE][PASSED] - Attribute 'class' of object '' is: ' '

2022-01-15 18:23:08 - [MESSAGE][PASSED] - Attribute 'class' of object '' is: ' '

2022-01-15 18:23:08 - [MESSAGE][PASSED] - Attribute 'class' of object '' is: ' '

2022-01-15 18:23:08 - [MESSAGE][PASSED] - Attribute 'class' of object '' is: ' '

2022-01-15 18:23:08 - [MESSAGE][PASSED] - Attribute 'class' of object '' is: ' '

2022-01-15 18:23:08 - [MESSAGE][PASSED] - Attribute 'class' of object '' is: ' '

2022-01-15 18:23:08 - [MESSAGE][PASSED] - Attribute 'class' of object '' is: ' '

2022-01-15 18:23:08 - [MESSAGE][PASSED] - Attribute 'class' of object '' is: ' '

2022-01-15 18:23:08 - [MESSAGE][PASSED] - Attribute 'class' of object '' is: ' '

2022-01-15 18:23:08 - [MESSAGE][PASSED] - Attribute 'class' of object '' is: ' '

2022-01-15 18:23:08 - [MESSAGE][PASSED] - Attribute 'class' of object '' is: ' '

2022-01-15 18:23:08 - [MESSAGE][PASSED] - Attribute 'class' of object '' is: ' '

2022-01-15 18:23:08 - [MESSAGE][PASSED] - Attribute 'class' of object '' is: ' '

2022-01-15 18:23:08 - [MESSAGE][PASSED] - Attribute 'class' of object '' is: ' '

2022-01-15 18:23:08 - [MESSAGE][PASSED] - Attribute 'class' of object '' is: ' '

2022-01-15 18:23:08 - [MESSAGE][PASSED] - Attribute 'class' of object '' is: ' '

2022-01-15 18:23:08 - [MESSAGE][PASSED] - Attribute 'class' of object '' is: ' '

2022-01-15 18:23:08 - [MESSAGE][PASSED] - Attribute 'class' of object '' is: ' '

2022-01-15 18:23:08 - [MESSAGE][PASSED] - Attribute 'class' of object '' is: ' '

2022-01-15 18:23:08 - [MESSAGE][PASSED] - Attribute 'class' of object '' is: ' '

2022-01-15 18:23:08 - [MESSAGE][PASSED] - Attribute 'class' of object '' is: ' '

2022-01-15 18:23:08 - [MESSAGE][PASSED] - Attribute 'class' of object '' is: ' '

2022-01-15 18:23:08 - [MESSAGE][PASSED] - Attribute 'class' of object '' is: ' '

2022-01-15 18:23:08 - [MESSAGE][PASSED] - Attribute 'class' of object '' is: ' '

2022-01-15 18:23:08 - [MESSAGE][PASSED] - Attribute 'class' of object '' is: ' '

2022-01-15 18:23:08 - [MESSAGE][PASSED] - Attribute 'class' of object '' is: ' '

2022-01-15 18:23:08 - [MESSAGE][PASSED] - Attribute 'class' of object '' is: ' '

2022-01-15 18:23:08 - [MESSAGE][PASSED] - Attribute 'class' of object '' is: ' '

2022-01-15 18:23:08 - [MESSAGE][PASSED] - Attribute 'class' of object '' is: ' '

2022-01-15 18:23:08 - [MESSAGE][PASSED] - Attribute 'class' of object '' is: ' '

2022-01-15 18:23:08 - [MESSAGE][PASSED] - Attribute 'class' of object '' is: ' '

2022-01-15 18:23:08 - [MESSAGE][PASSED] - Attribute 'class' of object '' is: ' '

2022-01-15 18:23:08 - [MESSAGE][PASSED] - Attribute 'class' of object '' is: ' '

2022-01-15 18:23:08 - [MESSAGE][PASSED] - Attribute 'class' of object '' is: ' '

2022-01-15 18:23:08 - [MESSAGE][PASSED] - Attribute 'class' of object '' is: ' '

2022-01-15 18:23:08 - [MESSAGE][PASSED] - Attribute 'class' of object '' is: ' '

2022-01-15 18:23:08 - [MESSAGE][PASSED] - Attribute 'class' of object '' is: ' '

2022-01-15 18:23:08 - [MESSAGE][PASSED] - Attribute 'class' of object '' is: ' '

2022-01-15 18:23:08 - [MESSAGE][PASSED] - Attribute 'class' of object '' is: ' '

2022-01-15 18:23:08 - [MESSAGE][PASSED] - Attribute 'class' of object '' is: ' '

2022-01-15 18:23:08 - [MESSAGE][PASSED] - Attribute 'class' of object '' is: ' '

2022-01-15 18:23:08 - [MESSAGE][PASSED] - Attribute 'class' of object '' is: ' '

2022-01-15 18:23:08 - [MESSAGE][PASSED] - Attribute 'class' of object '' is: ' '

2022-01-15 18:23:08 - [MESSAGE][PASSED] - Attribute 'class' of object '' is: ' '

2022-01-15 18:23:08 - [MESSAGE][PASSED] - Attribute 'class' of object '' is: ' '

2022-01-15 18:23:08 - [MESSAGE][PASSED] - Attribute 'class' of object '' is: ' '

2022-01-15 18:23:08 - [MESSAGE][PASSED] - Attribute 'class' of object '' is: ' '

2022-01-15 18:23:08 - [MESSAGE][PASSED] - Attribute 'class' of object '' is: ' '

2022-01-15 18:23:08 - [MESSAGE][PASSED] - Attribute 'class' of object '' is: ' '

2022-01-15 18:23:08 - [MESSAGE][PASSED] - Attribute 'class' of object '' is: ' '

2022-01-15 18:23:08 - [MESSAGE][PASSED] - Attribute 'class' of object '' is: ' '

2022-01-15 18:23:08 - [MESSAGE][PASSED] - Attribute 'class' of object '' is: ' '

2022-01-15 18:23:08 - [MESSAGE][PASSED] - Attribute 'class' of object '' is: ' '

2022-01-15 18:23:08 - [MESSAGE][PASSED] - Attribute 'class' of object '' is: ' '

2022-01-15 18:23:08 - [MESSAGE][PASSED] - Attribute 'class' of object '' is: ' '

2022-01-15 18:23:08 - [MESSAGE][PASSED] - Attribute 'class' of object '' is: ' '

2022-01-15 18:23:08 - [MESSAGE][PASSED] - Attribute 'class' of object '' is: ' '

2022-01-15 18:23:08 - [MESSAGE][PASSED] - Attribute 'class' of object '' is: ' '

2022-01-15 18:23:08 - [MESSAGE][PASSED] - Attribute 'class' of object '' is: ' '

2022-01-15 18:23:08 - [MESSAGE][PASSED] - Attribute 'class' of object '' is: ' '

2022-01-15 18:23:08 - [MESSAGE][PASSED] - Attribute 'class' of object '' is: ' '

2022-01-15 18:23:08 - [MESSAGE][PASSED] - Attribute 'class' of object '' is: ' '

2022-01-15 18:23:08 - [MESSAGE][PASSED] - Attribute 'class' of object '' is: ' '

2022-01-15 18:23:08 - [MESSAGE][PASSED] - Attribute 'class' of object '' is: ' '

2022-01-15 18:23:08 - [MESSAGE][PASSED] - Attribute 'class' of object '' is: ' '

2022-01-15 18:23:08 - [MESSAGE][PASSED] - Attribute 'class' of object '' is: ' '

2022-01-15 18:23:08 - [MESSAGE][PASSED] - Attribute 'class' of object '' is: ' '

2022-01-15 18:23:08 - [MESSAGE][PASSED] - Attribute 'class' of object '' is: ' '

2022-01-15 18:23:09 - [MESSAGE][PASSED] - Attribute 'class' of object '' is: ' '

2022-01-15 18:23:09 - [MESSAGE][PASSED] - Attribute 'class' of object '' is: ' '

2022-01-15 18:23:09 - [MESSAGE][PASSED] - Attribute 'class' of object '' is: ' '

2022-01-15 18:23:09 - [MESSAGE][PASSED] - Attribute 'class' of object '' is: ' '

2022-01-15 18:23:09 - [MESSAGE][PASSED] - Attribute 'class' of object '' is: ' '

2022-01-15 18:23:09 - [MESSAGE][PASSED] - Attribute 'class' of object '' is: ' '

2022-01-15 18:23:09 - [MESSAGE][PASSED] - Attribute 'class' of object '' is: ' '

2022-01-15 18:23:09 - [MESSAGE][PASSED] - Attribute 'class' of object '' is: ' '

2022-01-15 18:23:09 - [MESSAGE][PASSED] - Attribute 'class' of object '' is: ' '

2022-01-15 18:23:09 - [MESSAGE][PASSED] - Attribute 'class' of object '' is: ' '

2022-01-15 18:23:09 - [MESSAGE][PASSED] - Attribute 'class' of object '' is: ' '

2022-01-15 18:23:09 - [MESSAGE][PASSED] - Attribute 'class' of object '' is: ' '

2022-01-15 18:23:09 - [MESSAGE][PASSED] - Attribute 'class' of object '' is: ' '

2022-01-15 18:23:09 - [MESSAGE][PASSED] - Attribute 'class' of object '' is: ' '

2022-01-15 18:23:09 - [MESSAGE][PASSED] - Attribute 'class' of object '' is: ' '

2022-01-15 18:23:09 - [MESSAGE][PASSED] - Attribute 'class' of object '' is: ' '

2022-01-15 18:23:09 - [MESSAGE][PASSED] - Attribute 'class' of object '' is: ' '

2022-01-15 18:23:09 - [MESSAGE][PASSED] - Attribute 'class' of object '' is: ' '

2022-01-15 18:23:09 - [MESSAGE][PASSED] - Attribute 'class' of object '' is: ' '

2022-01-15 18:23:09 - [MESSAGE][PASSED] - Attribute 'class' of object '' is: ' '

2022-01-15 18:23:09 - [MESSAGE][PASSED] - Attribute 'class' of object '' is: ' '

2022-01-15 18:23:09 - [MESSAGE][PASSED] - Attribute 'class' of object '' is: ' '

2022-01-15 18:23:09 - [MESSAGE][PASSED] - Attribute 'class' of object '' is: ' '

2022-01-15 18:23:09 - [MESSAGE][PASSED] - Attribute 'class' of object '' is: ' '

2022-01-15 18:23:09 - [MESSAGE][PASSED] - Attribute 'class' of object '' is: ' '

2022-01-15 18:23:09 - [MESSAGE][PASSED] - Attribute 'class' of object '' is: ' '

2022-01-15 18:23:09 - [MESSAGE][PASSED] - Attribute 'class' of object '' is: ' '

2022-01-15 18:23:09 - [MESSAGE][PASSED] - Attribute 'class' of object '' is: ' '

2022-01-15 18:23:09 - [MESSAGE][PASSED] - Attribute 'class' of object '' is: ' '

2022-01-15 18:23:09 - [MESSAGE][PASSED] - Attribute 'class' of object '' is: ' '

2022-01-15 18:23:09 - [MESSAGE][PASSED] - Attribute 'class' of object '' is: ' '

2022-01-15 18:23:09 - [MESSAGE][PASSED] - Attribute 'class' of object '' is: ' '

2022-01-15 18:23:09 - [MESSAGE][PASSED] - Attribute 'class' of object '' is: ' '

2022-01-15 18:23:09 - [MESSAGE][PASSED] - Attribute 'class' of object '' is: ' '

2022-01-15 18:23:09 - [MESSAGE][PASSED] - Attribute 'class' of object '' is: ' '

2022-01-15 18:23:09 - [MESSAGE][PASSED] - Attribute 'class' of object '' is: ' '

2022-01-15 18:23:09 - [MESSAGE][PASSED] - Attribute 'class' of object '' is: ' '

2022-01-15 18:23:09 - [MESSAGE][PASSED] - Attribute 'class' of object '' is: ' '

2022-01-15 18:23:09 - [MESSAGE][PASSED] - Attribute 'class' of object '' is: ' '

2022-01-15 18:23:09 - [MESSAGE][PASSED] - Attribute 'class' of object '' is: ' '

2022-01-15 18:23:09 - [MESSAGE][PASSED] - Attribute 'class' of object '' is: ' '

2022-01-15 18:23:09 - [MESSAGE][PASSED] - Attribute 'class' of object '' is: ' '

2022-01-15 18:23:09 - [MESSAGE][PASSED] - Attribute 'class' of object '' is: ' '

2022-01-15 18:23:09 - [MESSAGE][PASSED] - Attribute 'class' of object '' is: ' '

2022-01-15 18:23:09 - [MESSAGE][PASSED] - Attribute 'class' of object '' is: ' '

2022-01-15 18:23:09 - [MESSAGE][PASSED] - Attribute 'class' of object '' is: ' '

2022-01-15 18:23:09 - [MESSAGE][PASSED] - Attribute 'class' of object '' is: ' '

2022-01-15 18:23:09 - [MESSAGE][PASSED] - Attribute 'class' of object '' is: ' '

2022-01-15 18:23:09 - [MESSAGE][PASSED] - Attribute 'class' of object '' is: ' '

2022-01-15 18:23:09 - [MESSAGE][PASSED] - Attribute 'class' of object '' is: ' '

2022-01-15 18:23:09 - [MESSAGE][PASSED] - Attribute 'class' of object '' is: ' '

2022-01-15 18:23:09 - [MESSAGE][PASSED] - Attribute 'class' of object '' is: ' '

2022-01-15 18:23:09 - [MESSAGE][PASSED] - Attribute 'class' of object '' is: ' '

2022-01-15 18:23:09 - [MESSAGE][PASSED] - Attribute 'class' of object '' is: ' '

2022-01-15 18:23:09 - [MESSAGE][PASSED] - Attribute 'class' of object '' is: ' '

2022-01-15 18:23:09 - [MESSAGE][PASSED] - Attribute 'class' of object '' is: ' '

2022-01-15 18:23:09 - [MESSAGE][PASSED] - Attribute 'class' of object '' is: ' '

2022-01-15 18:23:09 - [MESSAGE][PASSED] - Attribute 'class' of object '' is: ' '

2022-01-15 18:23:09 - [MESSAGE][PASSED] - Attribute 'class' of object '' is: ' '

2022-01-15 18:23:09 - [MESSAGE][PASSED] - Attribute 'class' of object '' is: ' '

2022-01-15 18:23:09 - [MESSAGE][PASSED] - Attribute 'class' of object '' is: ' '

2022-01-15 18:23:09 - [MESSAGE][PASSED] - Attribute 'class' of object '' is: ' '

2022-01-15 18:23:09 - [MESSAGE][PASSED] - Attribute 'class' of object '' is: ' '

2022-01-15 18:23:09 - [MESSAGE][PASSED] - Attribute 'class' of object '' is: ' '

2022-01-15 18:23:09 - [MESSAGE][PASSED] - Attribute 'class' of object '' is: ' '

2022-01-15 18:23:09 - [MESSAGE][PASSED] - Attribute 'class' of object '' is: ' '

2022-01-15 18:23:09 - [MESSAGE][PASSED] - Attribute 'class' of object '' is: ' '

2022-01-15 18:23:09 - [MESSAGE][PASSED] - Attribute 'class' of object '' is: ' '

2022-01-15 18:23:09 - [MESSAGE][PASSED] - Attribute 'class' of object '' is: ' '

2022-01-15 18:23:09 - [MESSAGE][PASSED] - Attribute 'class' of object '' is: ' '

2022-01-15 18:23:09 - [MESSAGE][PASSED] - Attribute 'class' of object '' is: ' '

2022-01-15 18:23:09 - [MESSAGE][PASSED] - Attribute 'class' of object '' is: ' '

2022-01-15 18:23:09 - [TEST_STEP][PASSED] - SearchResultHelper.checkSearchPagePagination(): Get CSS 'color' value on 'Object Repository/Search Result/span_pagenationLeftArrow' successfully: 'rgb(220, 221, 222)'.

2022-01-15 18:23:10 - [MESSAGE][PASSED] - Object 'Object Repository/Search Result/div.pagenationSection' is present

2022-01-15 18:23:11 - [MESSAGE][PASSED] - Get CSS 'background-color' value on 'Object Repository/Search Result/span_currentPagenation' successfully: 'rgb(82, 36, 127)'.

2022-01-15 18:23:11 - [MESSAGE][PASSED] - Get CSS 'color' value on 'Object Repository/Search Result/span_currentPagenation' successfully: 'rgb(255, 255, 255)'.

2022-01-15 18:23:11 - [MESSAGE][PASSED] - Attribute 'class' of object 'Object Repository/Search Result/span_pagenationLeftArrow' is: 'pagination-item pagination-navigation-item disabled'

2022-01-15 18:23:11 - [MESSAGE][PASSED] - Get CSS 'color' value on 'Object Repository/Search Result/span_pagenationLeftArrow' successfully: 'rgb(220, 221, 222)'.

2022-01-15 18:23:11 - [TEST_STEP][PASSED] - SearchResultHelper.selectProductFilters(): Text of object 'Object Repository/Search Result/h2_productListHeading' is: 'RESULTS FOR "PLASTIC" (1)'

2022-01-15 18:23:12 - [MESSAGE][PASSED] - Object: 'Object Repository/Filter/a_packagingProduct' is clicked on

2022-01-15 18:23:13 - [MESSAGE][PASSED] - Web element with id: 'Object Repository/General/div_pagleLoader' located by 'By.cssSelector: div.page-overlay' is not present after '3' second(s)

2022-01-15 18:23:13 - [MESSAGE][PASSED] - Text of object 'Object Repository/Filter/li_packagingProduct' is: 'Packaging Products (58)'

2022-01-15 18:23:14 - [MESSAGE][PASSED] - Text of object 'Object Repository/Search Result/h2_productListHeading' is: 'RESULTS FOR "PLASTIC" (58)'

2022-01-15 18:23:14 - [MESSAGE][PASSED] - Attribute 'class' of object 'Object Repository/Filter/li_packagingProduct' is: 'selected '

2022-01-15 18:23:15 - [MESSAGE][PASSED] - Object: 'Object Repository/Filter/a_plasticBags' is clicked on

2022-01-15 18:23:16 - [MESSAGE][PASSED] - Web element with id: 'Object Repository/General/div_pagleLoader' located by 'By.cssSelector: div.page-overlay' is not present after '3' second(s)

2022-01-15 18:23:17 - [MESSAGE][PASSED] - Attribute 'class' of object 'Object Repository/Filter/li_plasticBags' is: 'selected '

2022-01-15 18:23:17 - [MESSAGE][PASSED] - Object: '' is clicked on

2022-01-15 18:23:18 - [MESSAGE][PASSED] - Attribute 'class' of object '' is: 'block-title'

2022-01-15 18:23:18 - [MESSAGE][PASSED] - Attribute 'class' of object '' is: 'block-content collapsed collapse in'

2022-01-15 18:23:19 - [MESSAGE][PASSED] - Object: 'Object Repository/Filter/a_greenColor' is clicked on

2022-01-15 18:23:19 - [MESSAGE][PASSED] - Web element with id: 'Object Repository/General/div_pagleLoader' located by 'By.cssSelector: div.page-overlay' is not present after '3' second(s)

2022-01-15 18:23:20 - [MESSAGE][PASSED] - Attribute 'class' of object 'Object Repository/Filter/li_greenColor' is: 'selected '

2022-01-15 18:23:20 - [MESSAGE][PASSED] - Text of object 'Object Repository/Filter/li_greenColor' is: 'Green (1)'

2022-01-15 18:23:21 - [MESSAGE][PASSED] - Text of object 'Object Repository/Search Result/h2_productListHeading' is: 'RESULTS FOR "PLASTIC" (1)'

2022-01-15 18:23:21 - [TEST_STEP][PASSED] - SearchResultPageActions.NavigateToProductDetailsPage(): Object: 'Object Repository/Product details/a_productItem' is clicked on

2022-01-15 18:23:21 - [MESSAGE][PASSED] - Attribute 'href' of object 'Object Repository/Search Result/a_productItemLink' is: 'https://www.cleanersupply.com/Bags/Plastic-Bags/Comforter/comforterblanket-bags-12pack/'

2022-01-15 18:23:21 - [MESSAGE][PASSED] - Text of object 'Object Repository/Search Result/h2_productName' is: 'COMFORTER/BLANKET BAGS - 12/PACK'

2022-01-15 18:23:22 - [MESSAGE][PASSED] - Text of object 'Object Repository/Search Result/div_priceRange' is: '$6.50 - $14.88
List $9.72 - $18.96'

2022-01-15 18:23:22 - [MESSAGE][PASSED] - Text of object 'Object Repository/Search Result/span_availability' is: 'Available in 5 colors'

2022-01-15 18:23:25 - [MESSAGE][PASSED] - Object: 'Object Repository/Product details/a_productItem' is clicked on

2022-01-15 18:23:25 - [TEST_STEP][PASSED] - ProductDetailsHelpers.initProductDetailsPage(): Object 'Object Repository/Product details/button_addToCart' is NOT visible

2022-01-15 18:23:25 - [MESSAGE][PASSED] - Current window's url is: 'https://www.cleanersupply.com/Bags/Plastic-Bags/Comforter/comforterblanket-bags-12pack/?sku=COMF3BK'

2022-01-15 18:23:28 - [MESSAGE][PASSED] - Text of object 'Object Repository/Product details/ul_breadcrumb' is: 'Bags Plastic Bags Comforter'

2022-01-15 18:23:28 - [MESSAGE][PASSED] - Attribute 'class' of object '' is: 'xlarge option-box selected'

2022-01-15 18:23:28 - [MESSAGE][PASSED] - Get CSS 'background-color' value on '' successfully: 'rgb(65, 64, 66)'.

2022-01-15 18:23:28 - [MESSAGE][PASSED] - Get CSS 'color' value on '' successfully: 'rgb(255, 255, 255)'.

2022-01-15 18:23:29 - [MESSAGE][PASSED] - Text of object 'Object Repository/Product details/div_stockNotifcations' is: 'Currently Unavailable.'

2022-01-15 18:23:29 - [MESSAGE][PASSED] - Get CSS 'color' value on 'Object Repository/Product details/div_stockNotifcations' successfully: 'rgb(237, 28, 36)'.

2022-01-15 18:23:29 - [MESSAGE][PASSED] - Text of object 'Object Repository/Product details/span_skuNumber' is: 'COMF3BK'

2022-01-15 18:23:30 - [MESSAGE][PASSED] - Object 'Object Repository/Product details/h1_productName' is present

2022-01-15 18:23:30 - [MESSAGE][PASSED] - Text of object 'Object Repository/Product details/h1_productName' is: 'X-SMALL BLANKET BAG W/NON-WOVEN SIDES - 15" X 18" X 3" - 12/PACK - BLACK'

2022-01-15 18:23:30 - [MESSAGE][PASSED] - Text of object 'Object Repository/Product details/span_productPrice' is: '$8.64'

2022-01-15 18:23:31 - [MESSAGE][PASSED] - Object 'Object Repository/Product details/a_blackColor' is present

2022-01-15 18:23:31 - [MESSAGE][PASSED] - Attribute 'class' of object 'Object Repository/Product details/a_blackColor' is: 'option-box selected'

2022-01-15 18:23:31 - [MESSAGE][PASSED] - Text of object 'Object Repository/Product details/span_selectedColor' is: 'BLACK'

2022-01-15 18:23:32 - [MESSAGE][PASSED] - Object 'Object Repository/Product details/i_favorite' is NOT visible

2022-01-15 18:23:32 - [MESSAGE][PASSED] - Object 'Object Repository/Product details/button_addToCart' is NOT visible

2022-01-15 18:23:32 - [TEST_STEP][PASSED] - ProductDetailsHelpers.hoverEffectAndClickXLargeSizeLink(): Get CSS 'background-color' value on 'Object Repository/Product details/button_addToCart' successfully: 'rgb(82, 36, 127)'.

2022-01-15 18:23:32 - [MESSAGE][PASSED] - Object: 'Object Repository/Product details/a_xLargeLink' is hovered

2022-01-15 18:23:33 - [MESSAGE][PASSED] - Get CSS 'background-color' value on 'Object Repository/Product details/a_xLargeLink' successfully: 'rgb(119, 120, 123)'.

2022-01-15 18:23:33 - [MESSAGE][PASSED] - Get CSS 'color' value on 'Object Repository/Product details/a_xLargeLink' successfully: 'rgb(255, 255, 255)'.

2022-01-15 18:23:33 - [MESSAGE][PASSED] - Object: 'Object Repository/Product details/a_xLargeLink' is clicked on

2022-01-15 18:23:35 - [MESSAGE][PASSED] - Object 'Object Repository/Product details/h1_productName' is present

2022-01-15 18:23:35 - [MESSAGE][PASSED] - Text of object 'Object Repository/Product details/h1_productName' is: 'X-LARGE COMFORTER BAG W/NON-WOVEN SIDES - 26" X 29" X 10" - 12/PACK - BLACK'

2022-01-15 18:23:35 - [MESSAGE][PASSED] - Attribute 'class' of object '' is: 'xlarge option-box selected'

2022-01-15 18:23:36 - [MESSAGE][PASSED] - Get CSS 'background-color' value on '' successfully: 'rgb(65, 64, 66)'.

2022-01-15 18:23:36 - [MESSAGE][PASSED] - Get CSS 'color' value on '' successfully: 'rgb(255, 255, 255)'.

2022-01-15 18:23:37 - [MESSAGE][PASSED] - Text of object 'Object Repository/Product details/div_stockNotifcations' is: 'In Stock!'

2022-01-15 18:23:37 - [MESSAGE][PASSED] - Get CSS 'color' value on 'Object Repository/Product details/div_stockNotifcations' successfully: 'rgb(0, 137, 63)'.

2022-01-15 18:23:37 - [MESSAGE][PASSED] - Text of object 'Object Repository/Product details/span_skuNumber' is: 'COMF26BK'

2022-01-15 18:23:37 - [MESSAGE][PASSED] - Current window's url is: 'https://www.cleanersupply.com/Bags/Plastic-Bags/Comforter/comforterblanket-bags-12pack/?sku=COMF26BK'

2022-01-15 18:23:37 - [MESSAGE][PASSED] - Text of object 'Object Repository/Product details/span_productSpecSize' is: '26" L x 29" H x 10" W'

2022-01-15 18:23:38 - [MESSAGE][PASSED] - Keys 'BACK_SPACE + 5' sent to object: 'Object Repository/Product details/input_productQuantity'

2022-01-15 18:23:38 - [MESSAGE][PASSED] - Attribute 'value' of object 'Object Repository/Product details/input_productQuantity' is: '5'

2022-01-15 18:23:38 - [MESSAGE][PASSED] - Text of object 'Object Repository/Product details/span_productPrice' is: '$14.88'

2022-01-15 18:23:40 - [MESSAGE][PASSED] - Object 'Object Repository/Product details/i_favorite' is visible

2022-01-15 18:23:40 - [MESSAGE][PASSED] - Object 'Object Repository/Product details/button_addToCart' is visible

2022-01-15 18:23:40 - [MESSAGE][PASSED] - Get CSS 'background-color' value on 'Object Repository/Product details/button_addToCart' successfully: 'rgb(82, 36, 127)'.

2022-01-15 18:23:40 - [TEST_STEP][PASSED] - ProductDetailsHelpers.selectGreenColor(): Current window's url is: 'https://www.cleanersupply.com/Bags/Plastic-Bags/Comforter/comforterblanket-bags-12pack/?sku=COMF26GN'

2022-01-15 18:23:41 - [MESSAGE][PASSED] - Object: 'Object Repository/Product details/a_greenColor' is clicked on

2022-01-15 18:23:42 - [MESSAGE][PASSED] - Object 'Object Repository/Product details/a_greenColor' is present

2022-01-15 18:23:42 - [MESSAGE][PASSED] - Attribute 'class' of object 'Object Repository/Product details/a_greenColor' is: 'option-box selected'

2022-01-15 18:23:43 - [MESSAGE][PASSED] - Text of object 'Object Repository/Product details/span_selectedColor' is: 'GREEN'

2022-01-15 18:23:43 - [MESSAGE][PASSED] - Object 'Object Repository/Product details/h1_productName' is present

2022-01-15 18:23:43 - [MESSAGE][PASSED] - Text of object 'Object Repository/Product details/h1_productName' is: 'X-LARGE COMFORTER BAG W/NON-WOVEN SIDES - 26" X 29" X 10" - 12/PACK - GREEN'

2022-01-15 18:23:43 - [MESSAGE][PASSED] - Text of object 'Object Repository/Product details/span_skuNumber' is: 'COMF26GN'

2022-01-15 18:23:43 - [MESSAGE][PASSED] - Current window's url is: 'https://www.cleanersupply.com/Bags/Plastic-Bags/Comforter/comforterblanket-bags-12pack/?sku=COMF26GN'

2022-01-15 18:23:43 - [TEST_STEP][PASSED] - ProductDetailsHelpers.addProductToCart(): Object: 'Object Repository/Product details/button_addToCart' is clicked on

2022-01-15 18:23:44 - [MESSAGE][PASSED] - Object: 'Object Repository/Product details/div_addToCartContainer' is hovered

2022-01-15 18:23:44 - [MESSAGE][PASSED] - Get CSS 'box-shadow' value on 'Object Repository/Product details/div_addToCartContainer' successfully: 'rgba(0, 0, 0, 0.3) 0px 0px 10px 2px'.

2022-01-15 18:23:45 - [MESSAGE][PASSED] - Text of object 'Object Repository/Product details/h1_productName' is: 'X-LARGE COMFORTER BAG W/NON-WOVEN SIDES - 26" X 29" X 10" - 12/PACK - GREEN'

2022-01-15 18:23:45 - [MESSAGE][PASSED] - Attribute 'value' of object 'Object Repository/Product details/input_productQuantity' is: '5'

2022-01-15 18:23:45 - [MESSAGE][PASSED] - Text of object 'Object Repository/Product details/span_skuNumber' is: 'COMF26GN'

2022-01-15 18:23:45 - [MESSAGE][PASSED] - Text of object 'Object Repository/Product details/span_productPrice' is: '$14.52'

2022-01-15 18:23:46 - [MESSAGE][PASSED] - Object: 'Object Repository/Product details/button_addToCart' is clicked on

2022-01-15 18:23:46 - [TEST_STEP][PASSED] - MiniCartHelpers.hoverOnMiniCartHeader(): Text of object 'Object Repository/Mini Cart/span_cartCounterPadge' is: '1'

2022-01-15 18:23:47 - [MESSAGE][PASSED] - Object: 'Object Repository/Mini Cart/a_miniCartLink' is hovered

2022-01-15 18:23:48 - [MESSAGE][PASSED] - Get CSS 'background-color' value on 'Object Repository/Mini Cart/a_miniCartLink' successfully: 'rgb(255, 255, 255)'.

2022-01-15 18:23:48 - [MESSAGE][PASSED] - Get CSS 'color' value on 'Object Repository/Mini Cart/a_miniCartLink' successfully: 'rgb(82, 36, 127)'.

2022-01-15 18:23:49 - [MESSAGE][PASSED] - Text of object 'Object Repository/Mini Cart/span_miniCartSubTotal' is: '$72.60'

2022-01-15 18:23:50 - [MESSAGE][PASSED] - Text of object 'Object Repository/Mini Cart/span_cartCounterPadge' is: '1'

2022-01-15 18:23:51 - [TEST_STEP][PASSED] - ProductDetailsHelpers.hoverEffectAndClickLargeSizeLink(): Get CSS 'background-color' value on 'Object Repository/Product details/button_addToCart' successfully: 'rgb(82, 36, 127)'.

2022-01-15 18:23:51 - [MESSAGE][PASSED] - Object: 'Object Repository/Product details/a_largeLink' is hovered

2022-01-15 18:23:52 - [MESSAGE][PASSED] - Object: 'Object Repository/Product details/a_largeLink' is clicked on

2022-01-15 18:23:53 - [MESSAGE][PASSED] - Attribute 'class' of object '' is: 'xlarge option-box selected'

2022-01-15 18:23:53 - [MESSAGE][PASSED] - Get CSS 'background-color' value on '' successfully: 'rgb(65, 64, 66)'.

2022-01-15 18:23:53 - [MESSAGE][PASSED] - Get CSS 'color' value on '' successfully: 'rgb(255, 255, 255)'.

2022-01-15 18:23:54 - [MESSAGE][PASSED] - Object 'Object Repository/Product details/h1_productName' is present

2022-01-15 18:23:54 - [MESSAGE][PASSED] - Text of object 'Object Repository/Product details/h1_productName' is: 'LARGE COMFORTER BAG W/NON-WOVEN SIDES - 24" X 27" X 8" - 12/PACK - GREEN'

2022-01-15 18:23:54 - [MESSAGE][PASSED] - Text of object 'Object Repository/Product details/span_skuNumber' is: 'COMF24GN'

2022-01-15 18:23:54 - [MESSAGE][PASSED] - Current window's url is: 'https://www.cleanersupply.com/Bags/Plastic-Bags/Comforter/comforterblanket-bags-12pack/?sku=COMF24GN'

2022-01-15 18:23:55 - [MESSAGE][PASSED] - Text of object 'Object Repository/Product details/span_productSpecSize' is: '24" L x 27" H x 8" W'

2022-01-15 18:23:55 - [MESSAGE][PASSED] - Keys 'BACK_SPACE + 4' sent to object: 'Object Repository/Product details/input_productQuantity'

2022-01-15 18:23:55 - [MESSAGE][PASSED] - Attribute 'value' of object 'Object Repository/Product details/input_productQuantity' is: '4'

2022-01-15 18:23:56 - [MESSAGE][PASSED] - Text of object 'Object Repository/Product details/span_productPrice' is: '$13.56'

2022-01-15 18:23:57 - [MESSAGE][PASSED] - Object 'Object Repository/Product details/i_favorite' is visible

2022-01-15 18:23:58 - [MESSAGE][PASSED] - Object 'Object Repository/Product details/button_addToCart' is visible

2022-01-15 18:23:58 - [MESSAGE][PASSED] - Get CSS 'background-color' value on 'Object Repository/Product details/button_addToCart' successfully: 'rgb(82, 36, 127)'.

2022-01-15 18:23:58 - [TEST_STEP][PASSED] - ProductDetailsHelpers.selectRoyalBlueColor(): Current window's url is: 'https://www.cleanersupply.com/Bags/Plastic-Bags/Comforter/comforterblanket-bags-12pack/?sku=COMF24RO'

2022-01-15 18:23:58 - [MESSAGE][PASSED] - Object: 'Object Repository/Product details/a_royalBlueColor' is clicked on

2022-01-15 18:23:59 - [MESSAGE][PASSED] - Object 'Object Repository/Product details/a_royalBlueColor' is present

2022-01-15 18:23:59 - [MESSAGE][PASSED] - Attribute 'class' of object 'Object Repository/Product details/a_royalBlueColor' is: 'option-box selected'

2022-01-15 18:24:00 - [MESSAGE][PASSED] - Text of object 'Object Repository/Product details/span_selectedColor' is: 'ROYAL BLUE'

2022-01-15 18:24:00 - [MESSAGE][PASSED] - Object 'Object Repository/Product details/h1_productName' is present

2022-01-15 18:24:00 - [MESSAGE][PASSED] - Text of object 'Object Repository/Product details/h1_productName' is: 'LARGE COMFORTER BAG W/NON-WOVEN SIDES - 24" X 27" X 8" - 12/PACK - ROYAL BLUE'

2022-01-15 18:24:01 - [MESSAGE][PASSED] - Text of object 'Object Repository/Product details/span_skuNumber' is: 'COMF24RO'

2022-01-15 18:24:01 - [MESSAGE][PASSED] - Current window's url is: 'https://www.cleanersupply.com/Bags/Plastic-Bags/Comforter/comforterblanket-bags-12pack/?sku=COMF24RO'

2022-01-15 18:24:01 - [TEST_STEP][PASSED] - ProductDetailsHelpers.addProductToCart(): Object: 'Object Repository/Product details/button_addToCart' is clicked on

2022-01-15 18:24:01 - [MESSAGE][PASSED] - Object: 'Object Repository/Product details/div_addToCartContainer' is hovered

2022-01-15 18:24:01 - [MESSAGE][PASSED] - Get CSS 'box-shadow' value on 'Object Repository/Product details/div_addToCartContainer' successfully: 'rgba(0, 0, 0, 0.3) 0px 0px 10px 2px'.

2022-01-15 18:24:02 - [MESSAGE][PASSED] - Text of object 'Object Repository/Product details/h1_productName' is: 'LARGE COMFORTER BAG W/NON-WOVEN SIDES - 24" X 27" X 8" - 12/PACK - ROYAL BLUE'

2022-01-15 18:24:02 - [MESSAGE][PASSED] - Attribute 'value' of object 'Object Repository/Product details/input_productQuantity' is: '4'

2022-01-15 18:24:02 - [MESSAGE][PASSED] - Text of object 'Object Repository/Product details/span_skuNumber' is: 'COMF24RO'

2022-01-15 18:24:02 - [MESSAGE][PASSED] - Text of object 'Object Repository/Product details/span_productPrice' is: '$12.72'

2022-01-15 18:24:03 - [MESSAGE][PASSED] - Object: 'Object Repository/Product details/button_addToCart' is clicked on

2022-01-15 18:24:03 - [TEST_STEP][PASSED] - MiniCartHelpers.hoverOnMiniCartHeader(): Text of object 'Object Repository/Mini Cart/span_cartCounterPadge' is: '2'

2022-01-15 18:24:04 - [MESSAGE][PASSED] - Object: 'Object Repository/Mini Cart/a_miniCartLink' is hovered

2022-01-15 18:24:05 - [MESSAGE][PASSED] - Get CSS 'background-color' value on 'Object Repository/Mini Cart/a_miniCartLink' successfully: 'rgb(255, 255, 255)'.

2022-01-15 18:24:05 - [MESSAGE][PASSED] - Get CSS 'color' value on 'Object Repository/Mini Cart/a_miniCartLink' successfully: 'rgb(82, 36, 127)'.

2022-01-15 18:24:06 - [MESSAGE][PASSED] - Text of object 'Object Repository/Mini Cart/span_miniCartSubTotal' is: '$123.48'

2022-01-15 18:24:07 - [MESSAGE][PASSED] - Text of object 'Object Repository/Mini Cart/span_cartCounterPadge' is: '2'

2022-01-15 18:24:09 - [TEST_STEP][PASSED] - MiniCartActions.navigateToCartPage(): Object: 'Object Repository/Mini Cart/a_miniCartLink' is clicked on

2022-01-15 18:24:11 - [MESSAGE][PASSED] - Object: 'Object Repository/Mini Cart/a_miniCartLink' is clicked on

2022-01-15 18:24:11 - [TEST_STEP][PASSED] - ShoppingCartHelpers.navigateToCartPage(): Text of object 'Object Repository/Shopping Cart/td_summaryTotalSubTotal' is: '$123.48'

2022-01-15 18:24:14 - [MESSAGE][PASSED] - Text of object 'Object Repository/Mini Cart/span_cartCounterPadge' is: '2'

2022-01-15 18:24:15 - [MESSAGE][PASSED] - Text of object 'Object Repository/Shopping Cart/td_summaryTableItemCount' is: 'SUBTOTAL (2 ITEMS)'

2022-01-15 18:24:16 - [MESSAGE][PASSED] - Text of object 'Object Repository/Shopping Cart/td_summaryTableTotal' is: '$123.48'

2022-01-15 18:24:16 - [MESSAGE][PASSED] - Text of object 'Object Repository/Shopping Cart/td_summaryTotalSubTotal' is: '$123.48'

2022-01-15 18:24:17 - [TEST_STEP][PASSED] - ShoppingCartHelpers.updateQuantities(): Text of object 'Object Repository/Shopping Cart/td_summaryTotalSubTotal' is: '$108.96'

2022-01-15 18:24:19 - [MESSAGE][PASSED] - Attribute 'value' of object '' is: '4'

2022-01-15 18:24:19 - [MESSAGE][PASSED] - Attribute 'value' of object '' is: '4'

2022-01-15 18:24:19 - [MESSAGE][PASSED] - Object: 'Object Repository/Shopping Cart/td_summaryTableItemCount' is clicked on

2022-01-15 18:24:21 - [MESSAGE][PASSED] - Text of object 'Object Repository/Shopping Cart/td_summaryTableTotal' is: '$108.96'

2022-01-15 18:24:22 - [MESSAGE][PASSED] - Text of object 'Object Repository/Shopping Cart/td_summaryTotalSubTotal' is: '$108.96'

2022-01-15 18:24:22 - [TEST_STEP][PASSED] - ShoppingCartHelpers.navigateToCheckoutPage(): Object: 'Object Repository/Shopping Cart/button_proceedToCheckout' is clicked on

2022-01-15 18:24:22 - [MESSAGE][PASSED] - Object: 'Object Repository/Shopping Cart/a_shoppingCartProductTitle' is hovered

2022-01-15 18:24:23 - [MESSAGE][PASSED] - Get CSS 'background-color' value on 'Object Repository/Shopping Cart/button_proceedToCheckout' successfully: 'rgb(82, 36, 127)'.

2022-01-15 18:24:23 - [MESSAGE][PASSED] - Get CSS 'color' value on 'Object Repository/Shopping Cart/button_proceedToCheckout' successfully: 'rgb(255, 255, 255)'.

2022-01-15 18:24:23 - [MESSAGE][PASSED] - Object: 'Object Repository/Shopping Cart/button_proceedToCheckout' is hovered

2022-01-15 18:24:24 - [MESSAGE][PASSED] - Get CSS 'box-shadow' value on 'Object Repository/Shopping Cart/button_proceedToCheckout' successfully: 'rgba(0, 0, 0, 0.3) 0px 0px 10px 2px'.

2022-01-15 18:24:25 - [MESSAGE][PASSED] - Object: 'Object Repository/Shopping Cart/button_proceedToCheckout' is clicked on

2022-01-15 18:24:25 - [TEST_STEP][PASSED] - CheckoutPageHelpers.initCheckoutPage(): Unable to find the element located by 'By.xpath: '. Please recheck the objects properties to make sure the desired element is located. 

2022-01-15 18:24:27 - [MESSAGE][PASSED] - Text of object 'Object Repository/CheckOut/span_checkoutTitleTotal' is: '$108.96'

2022-01-15 18:24:27 - [MESSAGE][PASSED] - Text of object 'Object Repository/CheckOut/td_summaryTableTotal' is: '$108.96'

2022-01-15 18:24:27 - [MESSAGE][PASSED] - Text of object 'Object Repository/CheckOut/td_summaryTotalSubTotal' is: '$108.96'

2022-01-15 18:24:28 - [MESSAGE][PASSED] - Text of object 'Object Repository/CheckOut/label_checkoutAsGuest' is: 'Checkout as Guest'

2022-01-15 18:24:28 - [MESSAGE][PASSED] - Object 'Object Repository/CheckOut/input_checkoutAsGuestRadioButton' is checked

2022-01-15 18:24:30 - [MESSAGE][INFO] - Unable to find the element located by 'By.cssSelector: table.product-table tbody tr td.product-table__price'. Please recheck the objects properties to make sure the desired element is located. 

2022-01-15 18:24:30 - [MESSAGE][WARNING] - [SELF-HEALING] Failed to find element with id 'Object Repository/Shopping Cart/td_shoppingCartProductPrice'. Try using Self-healing.

2022-01-15 18:24:30 - [MESSAGE][WARNING] - [SELF-HEALING] Cannot find elements when the XPath is null.

2022-01-15 18:24:31 - [MESSAGE][INFO] - Unable to find the element located by 'By.xpath: '. Please recheck the objects properties to make sure the desired element is located. 

2022-01-15 18:24:34 - [MESSAGE][INFO] - Unable to find the element located by 'By.cssSelector: table.product-table tbody tr td.product-table__quantity input[name="quantity"]'. Please recheck the objects properties to make sure the desired element is located. 

2022-01-15 18:24:34 - [MESSAGE][WARNING] - [SELF-HEALING] Failed to find element with id 'Object Repository/Shopping Cart/input_shoppingCartProductQuantity'. Try using Self-healing.

2022-01-15 18:24:34 - [MESSAGE][WARNING] - [SELF-HEALING] Cannot find elements when the XPath is null.

2022-01-15 18:24:35 - [MESSAGE][INFO] - Unable to find the element located by 'By.xpath: '. Please recheck the objects properties to make sure the desired element is located. 

2022-01-15 18:24:37 - [MESSAGE][INFO] - Unable to find the element located by 'By.cssSelector: table.product-table tbody tr td.product-table__total'. Please recheck the objects properties to make sure the desired element is located. 

2022-01-15 18:24:37 - [MESSAGE][WARNING] - [SELF-HEALING] Failed to find element with id 'Object Repository/Shopping Cart/td_shoppingCartProductTotal'. Try using Self-healing.

2022-01-15 18:24:37 - [MESSAGE][WARNING] - [SELF-HEALING] Cannot find elements when the XPath is null.

2022-01-15 18:24:38 - [MESSAGE][INFO] - Unable to find the element located by 'By.xpath: '. Please recheck the objects properties to make sure the desired element is located. 

2022-01-15 18:24:40 - [TEST_STEP][PASSED] - CheckoutPageHelpers.navigateToCheckoutInformationForm(): Object: 'Object Repository/CheckOut/button_continueButton' is clicked on

2022-01-15 18:24:42 - [MESSAGE][PASSED] - Object: 'Object Repository/CheckOut/button_continueButton' is clicked on

2022-01-15 18:24:42 - [TEST_STEP][FAILED] - checkOutFormHelper.fillCheckOutForm(): Cannot get CSS 'border-color' value on 'Object Repository/CheckOutForm/input_company'. (Root cause: com.kms.katalon.core.exception.StepFailedException: Cannot get CSS 'border-color' value on 'Object Repository/CheckOutForm/input_company'.
	at com.kms.katalon.core.webui.keyword.internal.WebUIKeywordMain.stepFailed(WebUIKeywordMain.groovy:64)
	at com.kms.katalon.core.webui.keyword.internal.WebUIKeywordMain.runKeyword(WebUIKeywordMain.groovy:26)
	at com.kms.katalon.core.webui.keyword.builtin.getCSSValueKeyword.getCSSValue(GetCSSValueKeyword.groovy:84)
	at com.kms.katalon.core.webui.keyword.builtin.getCSSValueKeyword.execute(GetCSSValueKeyword.groovy:68)
	at com.kms.katalon.core.keyword.internal.KeywordExecutor.executeKeywordForPlatform(KeywordExecutor.groovy:74)
	at com.kms.katalon.core.webui.keyword.WebUiBuiltInKeywords.getCSSValue(WebUiBuiltInKeywords.groovy:4594)
	at com.kms.katalon.core.webui.keyword.WebUiBuiltInKeywords$getCSSValue$9.call(Unknown Source)
	at validation.CheckOutFormValidation.validateBoxShadowBlaceHolderBorder(CheckOutFormValidation.groovy:30)
	at validation.CheckOutFormValidation$validateBoxShadowBlaceHolderBorder.call(Unknown Source)
	at helpers.checkOutFormHelper.sendCompanyValue(checkOutFormHelper.groovy:28)
	at helpers.checkOutFormHelper$sendCompanyValue$0.call(Unknown Source)
	at helpers.checkOutFormHelper.fillCheckOutForm(checkOutFormHelper.groovy:141)
	at helpers.checkOutFormHelper$fillCheckOutForm.call(Unknown Source)
	at Product Details.run(Product Details:64)
	at com.kms.katalon.core.main.ScriptEngine.run(ScriptEngine.java:194)
	at com.kms.katalon.core.main.ScriptEngine.runScriptAsRawText(ScriptEngine.java:119)
	at com.kms.katalon.core.main.TestCaseExecutor.runScript(TestCaseExecutor.java:442)
	at com.kms.katalon.core.main.TestCaseExecutor.doExecute(TestCaseExecutor.java:433)
	at com.kms.katalon.core.main.TestCaseExecutor.processExecutionPhase(TestCaseExecutor.java:412)
	at com.kms.katalon.core.main.TestCaseExecutor.accessMainPhase(TestCaseExecutor.java:404)
	at com.kms.katalon.core.main.TestCaseExecutor.execute(TestCaseExecutor.java:281)
	at com.kms.katalon.core.main.TestSuiteExecutor.accessTestCaseMainPhase(TestSuiteExecutor.java:202)
	at com.kms.katalon.core.main.TestSuiteExecutor.accessTestSuiteMainPhase(TestSuiteExecutor.java:164)
	at com.kms.katalon.core.main.TestSuiteExecutor.execute(TestSuiteExecutor.java:105)
	at com.kms.katalon.core.main.TestCaseMain.startTestSuite(TestCaseMain.java:181)
	at com.kms.katalon.core.main.TestCaseMain$startTestSuite$0.call(Unknown Source)
	at TempTestSuite1642263250402.run(TempTestSuite1642263250402.groovy:36)
Caused by: com.kms.katalon.core.exception.StepFailedException: Cannot get CSS 'border-color' value on 'Object Repository/CheckOutForm/input_company'.
	at com.kms.katalon.core.webui.keyword.internal.WebUIKeywordMain.stepFailed(WebUIKeywordMain.groovy:64)
	at com.kms.katalon.core.webui.keyword.builtin.getCSSValueKeyword$_getCSSValue_closure1.doCall(GetCSSValueKeyword.groovy:79)
	at com.kms.katalon.core.webui.keyword.builtin.getCSSValueKeyword$_getCSSValue_closure1.call(GetCSSValueKeyword.groovy)
	at com.kms.katalon.core.webui.keyword.internal.WebUIKeywordMain.runKeyword(WebUIKeywordMain.groovy:20)
	... 25 more
)

2022-01-15 18:24:42 - [MESSAGE][PASSED] - Current window's title is: 'Checkout - Cleaner's Supply'

2022-01-15 18:24:42 - [MESSAGE][PASSED] - Current window's url is: 'https://www.cleanersupply.com/checkout/'

2022-01-15 18:24:44 - [MESSAGE][PASSED] - Text of object 'Object Repository/CheckOutForm/h1_checkOutHeader' is: 'CHECKOUT'

2022-01-15 18:24:44 - [MESSAGE][PASSED] - Object: 'Object Repository/CheckOutForm/input_company' is focused

2022-01-15 18:24:44 - [MESSAGE][PASSED] - Get CSS 'box-shadow' value on 'Object Repository/CheckOutForm/input_company' successfully: 'rgb(99, 99, 99) 0px -3px 0px 0px inset'.

2022-01-15 18:24:44 - [MESSAGE][FAILED] - Cannot get CSS 'border-color' value on 'Object Repository/CheckOutForm/input_company'. (Root cause: com.kms.katalon.core.exception.StepFailedException: Cannot get CSS 'border-color' value on 'Object Repository/CheckOutForm/input_company'.
	at com.kms.katalon.core.webui.keyword.internal.WebUIKeywordMain.stepFailed(WebUIKeywordMain.groovy:64)
	at com.kms.katalon.core.webui.keyword.builtin.getCSSValueKeyword$_getCSSValue_closure1.doCall(GetCSSValueKeyword.groovy:79)
	at com.kms.katalon.core.webui.keyword.builtin.getCSSValueKeyword$_getCSSValue_closure1.call(GetCSSValueKeyword.groovy)
	at com.kms.katalon.core.webui.keyword.internal.WebUIKeywordMain.runKeyword(WebUIKeywordMain.groovy:20)
	at com.kms.katalon.core.webui.keyword.builtin.getCSSValueKeyword.getCSSValue(GetCSSValueKeyword.groovy:84)
	at com.kms.katalon.core.webui.keyword.builtin.getCSSValueKeyword.execute(GetCSSValueKeyword.groovy:68)
	at com.kms.katalon.core.keyword.internal.KeywordExecutor.executeKeywordForPlatform(KeywordExecutor.groovy:74)
	at com.kms.katalon.core.webui.keyword.WebUiBuiltInKeywords.getCSSValue(WebUiBuiltInKeywords.groovy:4594)
	at com.kms.katalon.core.webui.keyword.WebUiBuiltInKeywords$getCSSValue$9.call(Unknown Source)
	at validation.CheckOutFormValidation.validateBoxShadowBlaceHolderBorder(CheckOutFormValidation.groovy:30)
	at validation.CheckOutFormValidation$validateBoxShadowBlaceHolderBorder.call(Unknown Source)
	at helpers.checkOutFormHelper.sendCompanyValue(checkOutFormHelper.groovy:28)
	at helpers.checkOutFormHelper$sendCompanyValue$0.call(Unknown Source)
	at helpers.checkOutFormHelper.fillCheckOutForm(checkOutFormHelper.groovy:141)
	at helpers.checkOutFormHelper$fillCheckOutForm.call(Unknown Source)
	at Product Details.run(Product Details:64)
	at com.kms.katalon.core.main.ScriptEngine.run(ScriptEngine.java:194)
	at com.kms.katalon.core.main.ScriptEngine.runScriptAsRawText(ScriptEngine.java:119)
	at com.kms.katalon.core.main.TestCaseExecutor.runScript(TestCaseExecutor.java:442)
	at com.kms.katalon.core.main.TestCaseExecutor.doExecute(TestCaseExecutor.java:433)
	at com.kms.katalon.core.main.TestCaseExecutor.processExecutionPhase(TestCaseExecutor.java:412)
	at com.kms.katalon.core.main.TestCaseExecutor.accessMainPhase(TestCaseExecutor.java:404)
	at com.kms.katalon.core.main.TestCaseExecutor.execute(TestCaseExecutor.java:281)
	at com.kms.katalon.core.main.TestSuiteExecutor.accessTestCaseMainPhase(TestSuiteExecutor.java:202)
	at com.kms.katalon.core.main.TestSuiteExecutor.accessTestSuiteMainPhase(TestSuiteExecutor.java:164)
	at com.kms.katalon.core.main.TestSuiteExecutor.execute(TestSuiteExecutor.java:105)
	at com.kms.katalon.core.main.TestCaseMain.startTestSuite(TestCaseMain.java:181)
	at com.kms.katalon.core.main.TestCaseMain$startTestSuite$0.call(Unknown Source)
	at TempTestSuite1642263250402.run(TempTestSuite1642263250402.groovy:36)
)

2022-01-15 18:24:45 - [MESSAGE][FAILED] - Cannot get CSS 'border-color' value on 'Object Repository/CheckOutForm/input_company'. (Root cause: com.kms.katalon.core.exception.StepFailedException: Cannot get CSS 'border-color' value on 'Object Repository/CheckOutForm/input_company'.
	at com.kms.katalon.core.webui.keyword.internal.WebUIKeywordMain.stepFailed(WebUIKeywordMain.groovy:64)
	at com.kms.katalon.core.webui.keyword.internal.WebUIKeywordMain.runKeyword(WebUIKeywordMain.groovy:26)
	at com.kms.katalon.core.webui.keyword.builtin.getCSSValueKeyword.getCSSValue(GetCSSValueKeyword.groovy:84)
	at com.kms.katalon.core.webui.keyword.builtin.getCSSValueKeyword.execute(GetCSSValueKeyword.groovy:68)
	at com.kms.katalon.core.keyword.internal.KeywordExecutor.executeKeywordForPlatform(KeywordExecutor.groovy:74)
	at com.kms.katalon.core.webui.keyword.WebUiBuiltInKeywords.getCSSValue(WebUiBuiltInKeywords.groovy:4594)
	at com.kms.katalon.core.webui.keyword.WebUiBuiltInKeywords$getCSSValue$9.call(Unknown Source)
	at validation.CheckOutFormValidation.validateBoxShadowBlaceHolderBorder(CheckOutFormValidation.groovy:30)
	at validation.CheckOutFormValidation$validateBoxShadowBlaceHolderBorder.call(Unknown Source)
	at helpers.checkOutFormHelper.sendCompanyValue(checkOutFormHelper.groovy:28)
	at helpers.checkOutFormHelper$sendCompanyValue$0.call(Unknown Source)
	at helpers.checkOutFormHelper.fillCheckOutForm(checkOutFormHelper.groovy:141)
	at helpers.checkOutFormHelper$fillCheckOutForm.call(Unknown Source)
	at Product Details.run(Product Details:64)
	at com.kms.katalon.core.main.ScriptEngine.run(ScriptEngine.java:194)
	at com.kms.katalon.core.main.ScriptEngine.runScriptAsRawText(ScriptEngine.java:119)
	at com.kms.katalon.core.main.TestCaseExecutor.runScript(TestCaseExecutor.java:442)
	at com.kms.katalon.core.main.TestCaseExecutor.doExecute(TestCaseExecutor.java:433)
	at com.kms.katalon.core.main.TestCaseExecutor.processExecutionPhase(TestCaseExecutor.java:412)
	at com.kms.katalon.core.main.TestCaseExecutor.accessMainPhase(TestCaseExecutor.java:404)
	at com.kms.katalon.core.main.TestCaseExecutor.execute(TestCaseExecutor.java:281)
	at com.kms.katalon.core.main.TestSuiteExecutor.accessTestCaseMainPhase(TestSuiteExecutor.java:202)
	at com.kms.katalon.core.main.TestSuiteExecutor.accessTestSuiteMainPhase(TestSuiteExecutor.java:164)
	at com.kms.katalon.core.main.TestSuiteExecutor.execute(TestSuiteExecutor.java:105)
	at com.kms.katalon.core.main.TestCaseMain.startTestSuite(TestCaseMain.java:181)
	at com.kms.katalon.core.main.TestCaseMain$startTestSuite$0.call(Unknown Source)
	at TempTestSuite1642263250402.run(TempTestSuite1642263250402.groovy:36)
Caused by: com.kms.katalon.core.exception.StepFailedException: Cannot get CSS 'border-color' value on 'Object Repository/CheckOutForm/input_company'.
	at com.kms.katalon.core.webui.keyword.internal.WebUIKeywordMain.stepFailed(WebUIKeywordMain.groovy:64)
	at com.kms.katalon.core.webui.keyword.builtin.getCSSValueKeyword$_getCSSValue_closure1.doCall(GetCSSValueKeyword.groovy:79)
	at com.kms.katalon.core.webui.keyword.builtin.getCSSValueKeyword$_getCSSValue_closure1.call(GetCSSValueKeyword.groovy)
	at com.kms.katalon.core.webui.keyword.internal.WebUIKeywordMain.runKeyword(WebUIKeywordMain.groovy:20)
	... 25 more
)
[[ATTACHMENT|/Users/waleedafifi/git/cleanersupply/Reports/20220115_181400/Checkout/20220115_181410/1642263884990.png]]

2022-01-15 18:24:45 - [TEST_STEP][PASSED] - Video: Video recording for test case 'Test Cases/Checkout Scenario/Product Details' .

2022-01-15 18:24:45 - [MESSAGE][INFO] - Video recording for test case 'Test Cases/Checkout Scenario/Product Details' .]]></system-out>
         <system-err><![CDATA[2022-01-15 18:22:32 - [TEST_CASE][FAILED] - Test Cases/Checkout Scenario/Product Details: Test Cases/Checkout Scenario/Product Details FAILED.
Reason:
com.kms.katalon.core.exception.StepFailedException: Cannot get CSS 'border-color' value on 'Object Repository/CheckOutForm/input_company'.
	at com.kms.katalon.core.webui.keyword.internal.WebUIKeywordMain.stepFailed(WebUIKeywordMain.groovy:64)
	at com.kms.katalon.core.webui.keyword.internal.WebUIKeywordMain.runKeyword(WebUIKeywordMain.groovy:26)
	at com.kms.katalon.core.webui.keyword.builtin.getCSSValueKeyword.getCSSValue(GetCSSValueKeyword.groovy:84)
	at com.kms.katalon.core.webui.keyword.builtin.getCSSValueKeyword.execute(GetCSSValueKeyword.groovy:68)
	at com.kms.katalon.core.keyword.internal.KeywordExecutor.executeKeywordForPlatform(KeywordExecutor.groovy:74)
	at com.kms.katalon.core.webui.keyword.WebUiBuiltInKeywords.getCSSValue(WebUiBuiltInKeywords.groovy:4594)
	at com.kms.katalon.core.webui.keyword.WebUiBuiltInKeywords$getCSSValue$9.call(Unknown Source)
	at validation.CheckOutFormValidation.validateBoxShadowBlaceHolderBorder(CheckOutFormValidation.groovy:30)
	at validation.CheckOutFormValidation$validateBoxShadowBlaceHolderBorder.call(Unknown Source)
	at helpers.checkOutFormHelper.sendCompanyValue(checkOutFormHelper.groovy:28)
	at helpers.checkOutFormHelper$sendCompanyValue$0.call(Unknown Source)
	at helpers.checkOutFormHelper.fillCheckOutForm(checkOutFormHelper.groovy:141)
	at helpers.checkOutFormHelper$fillCheckOutForm.call(Unknown Source)
	at Product Details.run(Product Details:64)
	at com.kms.katalon.core.main.ScriptEngine.run(ScriptEngine.java:194)
	at com.kms.katalon.core.main.ScriptEngine.runScriptAsRawText(ScriptEngine.java:119)
	at com.kms.katalon.core.main.TestCaseExecutor.runScript(TestCaseExecutor.java:442)
	at com.kms.katalon.core.main.TestCaseExecutor.doExecute(TestCaseExecutor.java:433)
	at com.kms.katalon.core.main.TestCaseExecutor.processExecutionPhase(TestCaseExecutor.java:412)
	at com.kms.katalon.core.main.TestCaseExecutor.accessMainPhase(TestCaseExecutor.java:404)
	at com.kms.katalon.core.main.TestCaseExecutor.execute(TestCaseExecutor.java:281)
	at com.kms.katalon.core.main.TestSuiteExecutor.accessTestCaseMainPhase(TestSuiteExecutor.java:202)
	at com.kms.katalon.core.main.TestSuiteExecutor.accessTestSuiteMainPhase(TestSuiteExecutor.java:164)
	at com.kms.katalon.core.main.TestSuiteExecutor.execute(TestSuiteExecutor.java:105)
	at com.kms.katalon.core.main.TestCaseMain.startTestSuite(TestCaseMain.java:181)
	at com.kms.katalon.core.main.TestCaseMain$startTestSuite$0.call(Unknown Source)
	at TempTestSuite1642263250402.run(TempTestSuite1642263250402.groovy:36)
Caused by: com.kms.katalon.core.exception.StepFailedException: Cannot get CSS 'border-color' value on 'Object Repository/CheckOutForm/input_company'.
	at com.kms.katalon.core.webui.keyword.internal.WebUIKeywordMain.stepFailed(WebUIKeywordMain.groovy:64)
	at com.kms.katalon.core.webui.keyword.builtin.getCSSValueKeyword$_getCSSValue_closure1.doCall(GetCSSValueKeyword.groovy:79)
	at com.kms.katalon.core.webui.keyword.builtin.getCSSValueKeyword$_getCSSValue_closure1.call(GetCSSValueKeyword.groovy)
	at com.kms.katalon.core.webui.keyword.internal.WebUIKeywordMain.runKeyword(WebUIKeywordMain.groovy:20)
	... 25 more]]></system-err>
      </testcase>
      <testcase name="Test Cases/Checkout Scenario/Quick Order" time="22.558" classname="Test Cases/Checkout Scenario/Quick Order" status="FAILED">
         <failure type="FAILED" message="Test Cases/Checkout Scenario/Quick Order FAILED.
Reason:
Assertion failed: 

assert WebUI.getCSSValue(quickHeader, &quot;color&quot;).equals(&quot;#fff&quot;)
             |           |                     |
             |           |                     false
             |           TestObject - 'Object Repository/Quick Order/a_quickOrderHeader'
             rgb(255, 255, 255)

	at validation.QuickOrderValidations.veriyHeaderStyle(QuickOrderValidations.groovy:69)
	at validation.QuickOrderValidations$veriyHeaderStyle$0.call(Unknown Source)
	at helpers.QuickOrderHelpers.headerAndTableStyle(QuickOrderHelpers.groovy:119)
	at helpers.QuickOrderHelpers$headerAndTableStyle$1.call(Unknown Source)
	at Quick Order.run(Quick Order:50)
	at com.kms.katalon.core.main.ScriptEngine.run(ScriptEngine.java:194)
	at com.kms.katalon.core.main.ScriptEngine.runScriptAsRawText(ScriptEngine.java:119)
	at com.kms.katalon.core.main.TestCaseExecutor.runScript(TestCaseExecutor.java:442)
	at com.kms.katalon.core.main.TestCaseExecutor.doExecute(TestCaseExecutor.java:433)
	at com.kms.katalon.core.main.TestCaseExecutor.processExecutionPhase(TestCaseExecutor.java:412)
	at com.kms.katalon.core.main.TestCaseExecutor.accessMainPhase(TestCaseExecutor.java:404)
	at com.kms.katalon.core.main.TestCaseExecutor.execute(TestCaseExecutor.java:281)
	at com.kms.katalon.core.main.TestSuiteExecutor.accessTestCaseMainPhase(TestSuiteExecutor.java:202)
	at com.kms.katalon.core.main.TestSuiteExecutor.accessTestSuiteMainPhase(TestSuiteExecutor.java:164)
	at com.kms.katalon.core.main.TestSuiteExecutor.execute(TestSuiteExecutor.java:105)
	at com.kms.katalon.core.main.TestCaseMain.startTestSuite(TestCaseMain.java:181)
	at com.kms.katalon.core.main.TestCaseMain$startTestSuite$0.call(Unknown Source)
	at TempTestSuite1642263250402.run(TempTestSuite1642263250402.groovy:36)
"/>
         <system-out><![CDATA[2022-01-15 18:24:45 - [TEST_CASE][FAILED] - Test Cases/Checkout Scenario/Quick Order: Test Cases/Checkout Scenario/Quick Order FAILED.
Reason:
Assertion failed: 

assert WebUI.getCSSValue(quickHeader, "color").equals("#fff")
             |           |                     |
             |           |                     false
             |           TestObject - 'Object Repository/Quick Order/a_quickOrderHeader'
             rgb(255, 255, 255)

	at validation.QuickOrderValidations.veriyHeaderStyle(QuickOrderValidations.groovy:69)
	at validation.QuickOrderValidations$veriyHeaderStyle$0.call(Unknown Source)
	at helpers.QuickOrderHelpers.headerAndTableStyle(QuickOrderHelpers.groovy:119)
	at helpers.QuickOrderHelpers$headerAndTableStyle$1.call(Unknown Source)
	at Quick Order.run(Quick Order:50)
	at com.kms.katalon.core.main.ScriptEngine.run(ScriptEngine.java:194)
	at com.kms.katalon.core.main.ScriptEngine.runScriptAsRawText(ScriptEngine.java:119)
	at com.kms.katalon.core.main.TestCaseExecutor.runScript(TestCaseExecutor.java:442)
	at com.kms.katalon.core.main.TestCaseExecutor.doExecute(TestCaseExecutor.java:433)
	at com.kms.katalon.core.main.TestCaseExecutor.processExecutionPhase(TestCaseExecutor.java:412)
	at com.kms.katalon.core.main.TestCaseExecutor.accessMainPhase(TestCaseExecutor.java:404)
	at com.kms.katalon.core.main.TestCaseExecutor.execute(TestCaseExecutor.java:281)
	at com.kms.katalon.core.main.TestSuiteExecutor.accessTestCaseMainPhase(TestSuiteExecutor.java:202)
	at com.kms.katalon.core.main.TestSuiteExecutor.accessTestSuiteMainPhase(TestSuiteExecutor.java:164)
	at com.kms.katalon.core.main.TestSuiteExecutor.execute(TestSuiteExecutor.java:105)
	at com.kms.katalon.core.main.TestCaseMain.startTestSuite(TestCaseMain.java:181)
	at com.kms.katalon.core.main.TestCaseMain$startTestSuite$0.call(Unknown Source)
	at TempTestSuite1642263250402.run(TempTestSuite1642263250402.groovy:36)


2022-01-15 18:24:45 - [TEST_STEP][PASSED] - GeneralHelpers.initScenario(): Current window's url is: 'https://www.cleanersupply.com/'

2022-01-15 18:24:45 - [MESSAGE][WARNING] - A browser is already opened. Closing browser and opening a new one

2022-01-15 18:24:46 - [MESSAGE][INFO] - Starting 'Firefox' driver

2022-01-15 18:24:46 - [MESSAGE][INFO] - Action delay is set to 0 milliseconds

2022-01-15 18:24:50 - [MESSAGE][PASSED] - Browser is opened with url: ''

2022-01-15 18:24:50 - [MESSAGE][PASSED] - Current window maximized

2022-01-15 18:24:58 - [MESSAGE][PASSED] - Navigate to 'https://www.cleanersupply.com/' successfully

2022-01-15 18:24:58 - [MESSAGE][PASSED] - Wait for page load successfully

2022-01-15 18:24:58 - [MESSAGE][PASSED] - Current window's title is: 'Cleaner's Supply - Dry Cleaning Supplies'

2022-01-15 18:24:58 - [MESSAGE][PASSED] - Current window's title is: 'Cleaner's Supply - Dry Cleaning Supplies'

2022-01-15 18:24:58 - [MESSAGE][PASSED] - Current window's url is: 'https://www.cleanersupply.com/'

2022-01-15 18:24:58 - [TEST_STEP][PASSED] - QuickOrderHelpers.navigationAndVerifyToQuickOrder(): Text of object 'Object Repository/Quick Order/span_quickOrderHeader' is: 'QUICK
ORDER'

2022-01-15 18:25:00 - [MESSAGE][PASSED] - Object 'Object Repository/Quick Order/a_quickOrder' is visible

2022-01-15 18:25:00 - [MESSAGE][PASSED] - Object: 'Object Repository/Quick Order/a_quickOrder' is hovered

2022-01-15 18:25:02 - [MESSAGE][PASSED] - Get CSS 'color' value on 'Object Repository/Quick Order/i_quickOrderIcon' successfully: 'rgb(82, 36, 127)'.

2022-01-15 18:25:04 - [MESSAGE][PASSED] - Object: 'Object Repository/Quick Order/a_quickOrder' is clicked on

2022-01-15 18:25:04 - [MESSAGE][PASSED] - Current window's title is: 'Quick Order - Cleaner's Supply'

2022-01-15 18:25:04 - [MESSAGE][PASSED] - Current window's url is: 'https://www.cleanersupply.com/quick-order/'

2022-01-15 18:25:07 - [MESSAGE][PASSED] - Text of object 'Object Repository/Quick Order/span_quickOrderHeader' is: 'QUICK
ORDER'

2022-01-15 18:25:07 - [TEST_STEP][PASSED] - QuickOrderValidations.verifyCartCounter("0"): Text of object 'Object Repository/Quick Order/span_cartCounter' is: '0'

2022-01-15 18:25:07 - [MESSAGE][PASSED] - Text of object 'Object Repository/Quick Order/span_cartCounter' is: '0'

2022-01-15 18:25:07 - [TEST_STEP][FAILED] - QuickOrderHelpers.headerAndTableStyle(): Test Cases/Checkout Scenario/Quick Order FAILED.
Reason:
Assertion failed: 

assert WebUI.getCSSValue(quickHeader, "color").equals("#fff")
             |           |                     |
             |           |                     false
             |           TestObject - 'Object Repository/Quick Order/a_quickOrderHeader'
             rgb(255, 255, 255)

	at validation.QuickOrderValidations.veriyHeaderStyle(QuickOrderValidations.groovy:69)
	at validation.QuickOrderValidations$veriyHeaderStyle$0.call(Unknown Source)
	at helpers.QuickOrderHelpers.headerAndTableStyle(QuickOrderHelpers.groovy:119)
	at helpers.QuickOrderHelpers$headerAndTableStyle$1.call(Unknown Source)
	at Quick Order.run(Quick Order:50)
	at com.kms.katalon.core.main.ScriptEngine.run(ScriptEngine.java:194)
	at com.kms.katalon.core.main.ScriptEngine.runScriptAsRawText(ScriptEngine.java:119)
	at com.kms.katalon.core.main.TestCaseExecutor.runScript(TestCaseExecutor.java:442)
	at com.kms.katalon.core.main.TestCaseExecutor.doExecute(TestCaseExecutor.java:433)
	at com.kms.katalon.core.main.TestCaseExecutor.processExecutionPhase(TestCaseExecutor.java:412)
	at com.kms.katalon.core.main.TestCaseExecutor.accessMainPhase(TestCaseExecutor.java:404)
	at com.kms.katalon.core.main.TestCaseExecutor.execute(TestCaseExecutor.java:281)
	at com.kms.katalon.core.main.TestSuiteExecutor.accessTestCaseMainPhase(TestSuiteExecutor.java:202)
	at com.kms.katalon.core.main.TestSuiteExecutor.accessTestSuiteMainPhase(TestSuiteExecutor.java:164)
	at com.kms.katalon.core.main.TestSuiteExecutor.execute(TestSuiteExecutor.java:105)
	at com.kms.katalon.core.main.TestCaseMain.startTestSuite(TestCaseMain.java:181)
	at com.kms.katalon.core.main.TestCaseMain$startTestSuite$0.call(Unknown Source)
	at TempTestSuite1642263250402.run(TempTestSuite1642263250402.groovy:36)


2022-01-15 18:25:07 - [MESSAGE][PASSED] - Get CSS 'background-color' value on 'Object Repository/Quick Order/a_quickOrderHeader' successfully: 'rgb(82, 36, 127)'.

2022-01-15 18:25:07 - [MESSAGE][PASSED] - Get CSS 'color' value on 'Object Repository/Quick Order/a_quickOrderHeader' successfully: 'rgb(255, 255, 255)'.

2022-01-15 18:25:07 - [MESSAGE][FAILED] - Test Cases/Checkout Scenario/Quick Order FAILED.
Reason:
Assertion failed: 

assert WebUI.getCSSValue(quickHeader, "color").equals("#fff")
             |           |                     |
             |           |                     false
             |           TestObject - 'Object Repository/Quick Order/a_quickOrderHeader'
             rgb(255, 255, 255)

	at validation.QuickOrderValidations.veriyHeaderStyle(QuickOrderValidations.groovy:69)
	at validation.QuickOrderValidations$veriyHeaderStyle$0.call(Unknown Source)
	at helpers.QuickOrderHelpers.headerAndTableStyle(QuickOrderHelpers.groovy:119)
	at helpers.QuickOrderHelpers$headerAndTableStyle$1.call(Unknown Source)
	at Quick Order.run(Quick Order:50)
	at com.kms.katalon.core.main.ScriptEngine.run(ScriptEngine.java:194)
	at com.kms.katalon.core.main.ScriptEngine.runScriptAsRawText(ScriptEngine.java:119)
	at com.kms.katalon.core.main.TestCaseExecutor.runScript(TestCaseExecutor.java:442)
	at com.kms.katalon.core.main.TestCaseExecutor.doExecute(TestCaseExecutor.java:433)
	at com.kms.katalon.core.main.TestCaseExecutor.processExecutionPhase(TestCaseExecutor.java:412)
	at com.kms.katalon.core.main.TestCaseExecutor.accessMainPhase(TestCaseExecutor.java:404)
	at com.kms.katalon.core.main.TestCaseExecutor.execute(TestCaseExecutor.java:281)
	at com.kms.katalon.core.main.TestSuiteExecutor.accessTestCaseMainPhase(TestSuiteExecutor.java:202)
	at com.kms.katalon.core.main.TestSuiteExecutor.accessTestSuiteMainPhase(TestSuiteExecutor.java:164)
	at com.kms.katalon.core.main.TestSuiteExecutor.execute(TestSuiteExecutor.java:105)
	at com.kms.katalon.core.main.TestCaseMain.startTestSuite(TestCaseMain.java:181)
	at com.kms.katalon.core.main.TestCaseMain$startTestSuite$0.call(Unknown Source)
	at TempTestSuite1642263250402.run(TempTestSuite1642263250402.groovy:36)


2022-01-15 18:25:07 - [TEST_STEP][PASSED] - Video: Video recording for test case 'Test Cases/Checkout Scenario/Quick Order' .

2022-01-15 18:25:07 - [MESSAGE][INFO] - Video recording for test case 'Test Cases/Checkout Scenario/Quick Order' .]]></system-out>
         <system-err><![CDATA[2022-01-15 18:24:45 - [TEST_CASE][FAILED] - Test Cases/Checkout Scenario/Quick Order: Test Cases/Checkout Scenario/Quick Order FAILED.
Reason:
Assertion failed: 

assert WebUI.getCSSValue(quickHeader, "color").equals("#fff")
             |           |                     |
             |           |                     false
             |           TestObject - 'Object Repository/Quick Order/a_quickOrderHeader'
             rgb(255, 255, 255)

	at validation.QuickOrderValidations.veriyHeaderStyle(QuickOrderValidations.groovy:69)
	at validation.QuickOrderValidations$veriyHeaderStyle$0.call(Unknown Source)
	at helpers.QuickOrderHelpers.headerAndTableStyle(QuickOrderHelpers.groovy:119)
	at helpers.QuickOrderHelpers$headerAndTableStyle$1.call(Unknown Source)
	at Quick Order.run(Quick Order:50)
	at com.kms.katalon.core.main.ScriptEngine.run(ScriptEngine.java:194)
	at com.kms.katalon.core.main.ScriptEngine.runScriptAsRawText(ScriptEngine.java:119)
	at com.kms.katalon.core.main.TestCaseExecutor.runScript(TestCaseExecutor.java:442)
	at com.kms.katalon.core.main.TestCaseExecutor.doExecute(TestCaseExecutor.java:433)
	at com.kms.katalon.core.main.TestCaseExecutor.processExecutionPhase(TestCaseExecutor.java:412)
	at com.kms.katalon.core.main.TestCaseExecutor.accessMainPhase(TestCaseExecutor.java:404)
	at com.kms.katalon.core.main.TestCaseExecutor.execute(TestCaseExecutor.java:281)
	at com.kms.katalon.core.main.TestSuiteExecutor.accessTestCaseMainPhase(TestSuiteExecutor.java:202)
	at com.kms.katalon.core.main.TestSuiteExecutor.accessTestSuiteMainPhase(TestSuiteExecutor.java:164)
	at com.kms.katalon.core.main.TestSuiteExecutor.execute(TestSuiteExecutor.java:105)
	at com.kms.katalon.core.main.TestCaseMain.startTestSuite(TestCaseMain.java:181)
	at com.kms.katalon.core.main.TestCaseMain$startTestSuite$0.call(Unknown Source)
	at TempTestSuite1642263250402.run(TempTestSuite1642263250402.groovy:36)]]></system-err>
      </testcase>
      <testcase name="Test Cases/Checkout Scenario/Category" time="83.253" classname="Test Cases/Checkout Scenario/Category" status="FAILED">
         <failure type="FAILED" message="Test Cases/Checkout Scenario/Category FAILED.
Reason:
com.kms.katalon.core.exception.StepFailedException: Cannot get CSS 'border-color' value on 'Object Repository/CheckOutForm/input_company'.
	at com.kms.katalon.core.webui.keyword.internal.WebUIKeywordMain.stepFailed(WebUIKeywordMain.groovy:64)
	at com.kms.katalon.core.webui.keyword.internal.WebUIKeywordMain.runKeyword(WebUIKeywordMain.groovy:26)
	at com.kms.katalon.core.webui.keyword.builtin.getCSSValueKeyword.getCSSValue(GetCSSValueKeyword.groovy:84)
	at com.kms.katalon.core.webui.keyword.builtin.getCSSValueKeyword.execute(GetCSSValueKeyword.groovy:68)
	at com.kms.katalon.core.keyword.internal.KeywordExecutor.executeKeywordForPlatform(KeywordExecutor.groovy:74)
	at com.kms.katalon.core.webui.keyword.WebUiBuiltInKeywords.getCSSValue(WebUiBuiltInKeywords.groovy:4594)
	at com.kms.katalon.core.webui.keyword.WebUiBuiltInKeywords$getCSSValue$9.call(Unknown Source)
	at validation.CheckOutFormValidation.validateBoxShadowBlaceHolderBorder(CheckOutFormValidation.groovy:30)
	at validation.CheckOutFormValidation$validateBoxShadowBlaceHolderBorder.call(Unknown Source)
	at helpers.checkOutFormHelper.sendCompanyValue(checkOutFormHelper.groovy:28)
	at helpers.checkOutFormHelper$sendCompanyValue$0.call(Unknown Source)
	at helpers.checkOutFormHelper.fillCheckOutForm(checkOutFormHelper.groovy:141)
	at helpers.checkOutFormHelper$fillCheckOutForm.call(Unknown Source)
	at Category.run(Category:41)
	at com.kms.katalon.core.main.ScriptEngine.run(ScriptEngine.java:194)
	at com.kms.katalon.core.main.ScriptEngine.runScriptAsRawText(ScriptEngine.java:119)
	at com.kms.katalon.core.main.TestCaseExecutor.runScript(TestCaseExecutor.java:442)
	at com.kms.katalon.core.main.TestCaseExecutor.doExecute(TestCaseExecutor.java:433)
	at com.kms.katalon.core.main.TestCaseExecutor.processExecutionPhase(TestCaseExecutor.java:412)
	at com.kms.katalon.core.main.TestCaseExecutor.accessMainPhase(TestCaseExecutor.java:404)
	at com.kms.katalon.core.main.TestCaseExecutor.execute(TestCaseExecutor.java:281)
	at com.kms.katalon.core.main.TestSuiteExecutor.accessTestCaseMainPhase(TestSuiteExecutor.java:202)
	at com.kms.katalon.core.main.TestSuiteExecutor.accessTestSuiteMainPhase(TestSuiteExecutor.java:164)
	at com.kms.katalon.core.main.TestSuiteExecutor.execute(TestSuiteExecutor.java:105)
	at com.kms.katalon.core.main.TestCaseMain.startTestSuite(TestCaseMain.java:181)
	at com.kms.katalon.core.main.TestCaseMain$startTestSuite$0.call(Unknown Source)
	at TempTestSuite1642263250402.run(TempTestSuite1642263250402.groovy:36)
Caused by: com.kms.katalon.core.exception.StepFailedException: Cannot get CSS 'border-color' value on 'Object Repository/CheckOutForm/input_company'.
	at com.kms.katalon.core.webui.keyword.internal.WebUIKeywordMain.stepFailed(WebUIKeywordMain.groovy:64)
	at com.kms.katalon.core.webui.keyword.builtin.getCSSValueKeyword$_getCSSValue_closure1.doCall(GetCSSValueKeyword.groovy:79)
	at com.kms.katalon.core.webui.keyword.builtin.getCSSValueKeyword$_getCSSValue_closure1.call(GetCSSValueKeyword.groovy)
	at com.kms.katalon.core.webui.keyword.internal.WebUIKeywordMain.runKeyword(WebUIKeywordMain.groovy:20)
	... 25 more
"/>
         <system-out><![CDATA[2022-01-15 18:25:07 - [TEST_CASE][FAILED] - Test Cases/Checkout Scenario/Category: Test Cases/Checkout Scenario/Category FAILED.
Reason:
com.kms.katalon.core.exception.StepFailedException: Cannot get CSS 'border-color' value on 'Object Repository/CheckOutForm/input_company'.
	at com.kms.katalon.core.webui.keyword.internal.WebUIKeywordMain.stepFailed(WebUIKeywordMain.groovy:64)
	at com.kms.katalon.core.webui.keyword.internal.WebUIKeywordMain.runKeyword(WebUIKeywordMain.groovy:26)
	at com.kms.katalon.core.webui.keyword.builtin.getCSSValueKeyword.getCSSValue(GetCSSValueKeyword.groovy:84)
	at com.kms.katalon.core.webui.keyword.builtin.getCSSValueKeyword.execute(GetCSSValueKeyword.groovy:68)
	at com.kms.katalon.core.keyword.internal.KeywordExecutor.executeKeywordForPlatform(KeywordExecutor.groovy:74)
	at com.kms.katalon.core.webui.keyword.WebUiBuiltInKeywords.getCSSValue(WebUiBuiltInKeywords.groovy:4594)
	at com.kms.katalon.core.webui.keyword.WebUiBuiltInKeywords$getCSSValue$9.call(Unknown Source)
	at validation.CheckOutFormValidation.validateBoxShadowBlaceHolderBorder(CheckOutFormValidation.groovy:30)
	at validation.CheckOutFormValidation$validateBoxShadowBlaceHolderBorder.call(Unknown Source)
	at helpers.checkOutFormHelper.sendCompanyValue(checkOutFormHelper.groovy:28)
	at helpers.checkOutFormHelper$sendCompanyValue$0.call(Unknown Source)
	at helpers.checkOutFormHelper.fillCheckOutForm(checkOutFormHelper.groovy:141)
	at helpers.checkOutFormHelper$fillCheckOutForm.call(Unknown Source)
	at Category.run(Category:41)
	at com.kms.katalon.core.main.ScriptEngine.run(ScriptEngine.java:194)
	at com.kms.katalon.core.main.ScriptEngine.runScriptAsRawText(ScriptEngine.java:119)
	at com.kms.katalon.core.main.TestCaseExecutor.runScript(TestCaseExecutor.java:442)
	at com.kms.katalon.core.main.TestCaseExecutor.doExecute(TestCaseExecutor.java:433)
	at com.kms.katalon.core.main.TestCaseExecutor.processExecutionPhase(TestCaseExecutor.java:412)
	at com.kms.katalon.core.main.TestCaseExecutor.accessMainPhase(TestCaseExecutor.java:404)
	at com.kms.katalon.core.main.TestCaseExecutor.execute(TestCaseExecutor.java:281)
	at com.kms.katalon.core.main.TestSuiteExecutor.accessTestCaseMainPhase(TestSuiteExecutor.java:202)
	at com.kms.katalon.core.main.TestSuiteExecutor.accessTestSuiteMainPhase(TestSuiteExecutor.java:164)
	at com.kms.katalon.core.main.TestSuiteExecutor.execute(TestSuiteExecutor.java:105)
	at com.kms.katalon.core.main.TestCaseMain.startTestSuite(TestCaseMain.java:181)
	at com.kms.katalon.core.main.TestCaseMain$startTestSuite$0.call(Unknown Source)
	at TempTestSuite1642263250402.run(TempTestSuite1642263250402.groovy:36)
Caused by: com.kms.katalon.core.exception.StepFailedException: Cannot get CSS 'border-color' value on 'Object Repository/CheckOutForm/input_company'.
	at com.kms.katalon.core.webui.keyword.internal.WebUIKeywordMain.stepFailed(WebUIKeywordMain.groovy:64)
	at com.kms.katalon.core.webui.keyword.builtin.getCSSValueKeyword$_getCSSValue_closure1.doCall(GetCSSValueKeyword.groovy:79)
	at com.kms.katalon.core.webui.keyword.builtin.getCSSValueKeyword$_getCSSValue_closure1.call(GetCSSValueKeyword.groovy)
	at com.kms.katalon.core.webui.keyword.internal.WebUIKeywordMain.runKeyword(WebUIKeywordMain.groovy:20)
	... 25 more


2022-01-15 18:25:08 - [TEST_STEP][PASSED] - GeneralHelpers.initScenario(): Current window's url is: 'https://www.cleanersupply.com/'

2022-01-15 18:25:08 - [MESSAGE][WARNING] - A browser is already opened. Closing browser and opening a new one

2022-01-15 18:25:08 - [MESSAGE][INFO] - Starting 'Firefox' driver

2022-01-15 18:25:08 - [MESSAGE][INFO] - Action delay is set to 0 milliseconds

2022-01-15 18:25:12 - [MESSAGE][PASSED] - Browser is opened with url: ''

2022-01-15 18:25:12 - [MESSAGE][PASSED] - Current window maximized

2022-01-15 18:25:26 - [MESSAGE][PASSED] - Navigate to 'https://www.cleanersupply.com/' successfully

2022-01-15 18:25:26 - [MESSAGE][PASSED] - Wait for page load successfully

2022-01-15 18:25:26 - [MESSAGE][PASSED] - Current window's title is: 'Cleaner's Supply - Dry Cleaning Supplies'

2022-01-15 18:25:26 - [MESSAGE][PASSED] - Current window's title is: 'Cleaner's Supply - Dry Cleaning Supplies'

2022-01-15 18:25:26 - [MESSAGE][PASSED] - Current window's url is: 'https://www.cleanersupply.com/'

2022-01-15 18:25:26 - [TEST_STEP][PASSED] - computerRegister = "Object Repository/Category/a_ComputerRegister": null

2022-01-15 18:25:26 - [TEST_STEP][PASSED] - CategoryScActions.hovertags(): Object: 'Object Repository/Category/a_tags' is hovered

2022-01-15 18:25:29 - [MESSAGE][PASSED] - Object: 'Object Repository/Category/a_tags' is hovered

2022-01-15 18:25:29 - [TEST_STEP][PASSED] - CategorySCHelpers.navigateComputerRegister(): Current window's url is: 'https://www.cleanersupply.com/Tags-Forms/Computer-Register/'

2022-01-15 18:25:31 - [MESSAGE][PASSED] - Object: 'Object Repository/Category/a_ComputerRegister' is hovered

2022-01-15 18:25:34 - [MESSAGE][PASSED] - Object: 'Object Repository/Category/a_ComputerRegister' is clicked on

2022-01-15 18:25:34 - [MESSAGE][PASSED] - Current window's url is: 'https://www.cleanersupply.com/Tags-Forms/Computer-Register/'

2022-01-15 18:25:34 - [TEST_STEP][PASSED] - CategoryValidations.validatespanText(computerRegisterspan): Text of object 'Object Repository/Category/span_omputerRegister' is: 'COMPUTER & REGISTER TAGS & FORMS'

2022-01-15 18:25:48 - [MESSAGE][PASSED] - Text of object 'Object Repository/Category/span_omputerRegister' is: 'COMPUTER & REGISTER TAGS & FORMS'

2022-01-15 18:25:48 - [TEST_STEP][PASSED] - CategoryScActions.getDefaultProjectCategoryFilter(expectedProductNum): Text of object 'Object Repository/Category/h2_productNum' is: '74 PRODUCTS'

2022-01-15 18:25:48 - [MESSAGE][PASSED] - Text of object 'Object Repository/Category/h2_productNum' is: '74 PRODUCTS'

2022-01-15 18:25:48 - [TEST_STEP][PASSED] - CategoryScActions.getDefaultValueOfSortBy(sortByDefault): Text of object 'Object Repository/Category/h2_productNum' is: '74 PRODUCTS'

2022-01-15 18:25:49 - [MESSAGE][PASSED] - Text of object 'Object Repository/Category/h2_productNum' is: '74 PRODUCTS'

2022-01-15 18:25:49 - [TEST_STEP][PASSED] - CategoryScActions.getDefaultManufacturar(manufacturarDefault): Text of object 'Object Repository/Category/span_manuDefault' is: 'Manufacturer'

2022-01-15 18:25:49 - [MESSAGE][PASSED] - Text of object 'Object Repository/Category/span_manuDefault' is: 'Manufacturer'

2022-01-15 18:25:49 - [TEST_STEP][PASSED] - CategoryScActions.getDefaultModal(defaultmodal): Text of object 'Object Repository/Category/span_defaultFilterModal' is: 'Model #'

2022-01-15 18:25:49 - [MESSAGE][PASSED] - Text of object 'Object Repository/Category/span_defaultFilterModal' is: 'Model #'

2022-01-15 18:25:49 - [TEST_STEP][PASSED] - CategoryScActions.clickOnManuWithassertOPened(menuExpandValue): Attribute 'aria-expanded' of object 'Object Repository/Category/span_manuDefault' is: 'null'

2022-01-15 18:25:50 - [MESSAGE][PASSED] - Object: 'Object Repository/Category/span_manuDefault' is clicked on

2022-01-15 18:25:51 - [MESSAGE][PASSED] - Attribute 'aria-expanded' of object 'Object Repository/Category/span_manuDefault' is: 'null'

2022-01-15 18:25:51 - [TEST_STEP][PASSED] - CategorySCHelpers.selectCasioManufacturar(): Text of object 'Object Repository/Category/h2_productNum' is: '2 PRODUCTS'

2022-01-15 18:25:51 - [MESSAGE][PASSED] - Object: 'Object Repository/Category/a_casio' is clicked on

2022-01-15 18:25:52 - [MESSAGE][PASSED] - Attribute 'title' of object 'Object Repository/Category/button_afterSelectCasio' is: 'Casio'

2022-01-15 18:25:52 - [MESSAGE][PASSED] - Text of object 'Object Repository/Category/a_casioSelectedFilter' is: 'Casio'

2022-01-15 18:25:53 - [MESSAGE][PASSED] - Text of object 'Object Repository/Category/h2_productNum' is: '2 PRODUCTS'

2022-01-15 18:25:53 - [TEST_STEP][PASSED] - CategorySCHelpers.selectModalsp1000(): Text of object 'Object Repository/Category/h2_productNum' is: '1 PRODUCT'

2022-01-15 18:25:53 - [MESSAGE][PASSED] - Object 'Object Repository/Category/div_collabse1' has attribute 'aria-expanded' with value 'true'

2022-01-15 18:25:54 - [MESSAGE][PASSED] - Object: 'Object Repository/Category/button_modalNum' is clicked on

2022-01-15 18:25:55 - [MESSAGE][PASSED] - Object: 'Object Repository/Category/a_sp001' is clicked on

2022-01-15 18:25:55 - [MESSAGE][PASSED] - Attribute 'title' of object 'Object Repository/Category/a_sp001' is: ''

2022-01-15 18:25:56 - [MESSAGE][PASSED] - Text of object 'Object Repository/Category/A_SP001selectedFilter' is: 'SP1000'

2022-01-15 18:25:57 - [MESSAGE][PASSED] - Text of object 'Object Repository/Category/h2_productNum' is: '1 PRODUCT'

2022-01-15 18:25:57 - [TEST_STEP][PASSED] - CategorySCHelpers.EnterCasioSP1000Product(): Object: 'Object Repository/Category/sp001Casiprodoct/a_product' is clicked on

2022-01-15 18:25:57 - [MESSAGE][PASSED] - Text of object 'Object Repository/Category/sp001Casiprodoct/h2_sp1000CasioTitle' is: 'EPSON PRINTER INDELIBOND INK RIBBONS #TM290, ERC27 - 6/BOX'

2022-01-15 18:25:57 - [MESSAGE][PASSED] - Actual object 'EPSON PRINTER INDELIBOND INK RIBBONS #TM290, ERC27 - 6/BOX' and expected object 'EPSON PRINTER INDELIBOND INK RIBBONS #TM290, ERC27 - 6/BOX' are equal

2022-01-15 18:25:57 - [MESSAGE][PASSED] - Text of object 'Object Repository/Category/sp001Casiprodoct/span_SP1000CasioProductMinPrice' is: '$15.54'

2022-01-15 18:25:57 - [MESSAGE][PASSED] - Actual object '$15.54' and expected object '$15.54' are equal

2022-01-15 18:25:58 - [MESSAGE][PASSED] - Text of object 'Object Repository/Category/sp001Casiprodoct/span_sp1000CasioProductMaxPrice' is: '$20.94'

2022-01-15 18:25:58 - [MESSAGE][PASSED] - Actual object '$20.94' and expected object '$20.94' are equal

2022-01-15 18:26:06 - [MESSAGE][PASSED] - Object: 'Object Repository/Category/sp001Casiprodoct/a_product' is clicked on

2022-01-15 18:26:06 - [TEST_STEP][PASSED] - CategorySCHelpers.ValidateCasioSP1000ProductDetails(): Actual object 'EPSON PRINTER INDELIBOND INK RIBBONS #TM290, ERC27 - 6/BOX' and expected object 'EPSON PRINTER INDELIBOND INK RIBBONS #TM290, ERC27 - 6/BOX' are equal

2022-01-15 18:26:12 - [MESSAGE][PASSED] - Text of object 'Object Repository/Category/sp1000CasioProductDetails/h1_sp1000CasioProduct' is: 'EPSON PRINTER INDELIBOND INK RIBBONS #TM290, ERC27 - 6/BOX'

2022-01-15 18:26:12 - [MESSAGE][PASSED] - Actual object 'EPSON PRINTER INDELIBOND INK RIBBONS #TM290, ERC27 - 6/BOX' and expected object 'EPSON PRINTER INDELIBOND INK RIBBONS #TM290, ERC27 - 6/BOX' are equal

2022-01-15 18:26:12 - [TEST_STEP][PASSED] - CategorySCHelpers.enterTenItemsFromProduct(): Current window's title is: 'Epson Printer Indelibond Ink Ribbons #TM290, ERC27 - 6/Box - Cleaner's Supply'

2022-01-15 18:26:12 - [MESSAGE][PASSED] - Text of object 'Object Repository/Category/span_badge' is: '0'

2022-01-15 18:26:12 - [MESSAGE][PASSED] - Actual object '0' and expected object '0' are equal

2022-01-15 18:26:13 - [MESSAGE][PASSED] - Text of object 'Object Repository/Category/sp1000CasioProductDetails/input_quantity' is cleared

2022-01-15 18:26:13 - [MESSAGE][PASSED] - Keys 'BACK_SPACE + ' sent to object: 'Object Repository/Category/sp1000CasioProductDetails/input_quantity'

2022-01-15 18:26:14 - [MESSAGE][PASSED] - Text '10' is set on object 'Object Repository/Category/sp1000CasioProductDetails/input_quantity'

2022-01-15 18:26:14 - [MESSAGE][PASSED] - Object: 'Object Repository/Category/sp1000CasioProductDetails/h1_sp1000CasioProduct' is clicked on

2022-01-15 18:26:15 - [MESSAGE][PASSED] - Object: 'Object Repository/Category/sp1000CasioProductDetails/button_addToCart' is clicked on

2022-01-15 18:26:16 - [MESSAGE][PASSED] - Text of object 'Object Repository/Category/span_badge' is: '1'

2022-01-15 18:26:16 - [MESSAGE][PASSED] - Actual object '1' and expected object '1' are equal

2022-01-15 18:26:16 - [MESSAGE][PASSED] - Current window's title is: 'Epson Printer Indelibond Ink Ribbons #TM290, ERC27 - 6/Box - Cleaner's Supply'

2022-01-15 18:26:16 - [TEST_STEP][PASSED] - CategorySCHelpers.checkMeniCartBadge(): Actual object '155.4' and expected object '155.4' are equal

2022-01-15 18:26:17 - [MESSAGE][PASSED] - Text of object 'Object Repository/Category/labelCart' is: '$155.40'

2022-01-15 18:26:17 - [MESSAGE][PASSED] - Actual object '155.4' and expected object '155.4' are equal

2022-01-15 18:26:17 - [TEST_STEP][PASSED] - CategorySCHelpers.navigateToCart(): Current window's title is: 'Shopping Cart - Cleaner's Supply'

2022-01-15 18:26:25 - [MESSAGE][PASSED] - Object: 'Object Repository/Category/a_cart' is clicked on

2022-01-15 18:26:25 - [MESSAGE][PASSED] - Current window's url is: 'https://www.cleanersupply.com/shopping-cart/'

2022-01-15 18:26:25 - [MESSAGE][PASSED] - Current window's title is: 'Shopping Cart - Cleaner's Supply'

2022-01-15 18:26:25 - [TEST_STEP][PASSED] - navigateToUrl("https://www.cleanersupply.com/checkout/"): Navigate to 'https://www.cleanersupply.com/checkout/' successfully

2022-01-15 18:26:28 - [MESSAGE][PASSED] - Navigate to 'https://www.cleanersupply.com/checkout/' successfully

2022-01-15 18:26:28 - [TEST_STEP][PASSED] - maximizeWindow(): Current window maximized

2022-01-15 18:26:28 - [MESSAGE][PASSED] - Current window maximized

2022-01-15 18:26:28 - [TEST_STEP][FAILED] - checkOutFormHelper.fillCheckOutForm(): Cannot get CSS 'border-color' value on 'Object Repository/CheckOutForm/input_company'. (Root cause: com.kms.katalon.core.exception.StepFailedException: Cannot get CSS 'border-color' value on 'Object Repository/CheckOutForm/input_company'.
	at com.kms.katalon.core.webui.keyword.internal.WebUIKeywordMain.stepFailed(WebUIKeywordMain.groovy:64)
	at com.kms.katalon.core.webui.keyword.internal.WebUIKeywordMain.runKeyword(WebUIKeywordMain.groovy:26)
	at com.kms.katalon.core.webui.keyword.builtin.getCSSValueKeyword.getCSSValue(GetCSSValueKeyword.groovy:84)
	at com.kms.katalon.core.webui.keyword.builtin.getCSSValueKeyword.execute(GetCSSValueKeyword.groovy:68)
	at com.kms.katalon.core.keyword.internal.KeywordExecutor.executeKeywordForPlatform(KeywordExecutor.groovy:74)
	at com.kms.katalon.core.webui.keyword.WebUiBuiltInKeywords.getCSSValue(WebUiBuiltInKeywords.groovy:4594)
	at com.kms.katalon.core.webui.keyword.WebUiBuiltInKeywords$getCSSValue$9.call(Unknown Source)
	at validation.CheckOutFormValidation.validateBoxShadowBlaceHolderBorder(CheckOutFormValidation.groovy:30)
	at validation.CheckOutFormValidation$validateBoxShadowBlaceHolderBorder.call(Unknown Source)
	at helpers.checkOutFormHelper.sendCompanyValue(checkOutFormHelper.groovy:28)
	at helpers.checkOutFormHelper$sendCompanyValue$0.call(Unknown Source)
	at helpers.checkOutFormHelper.fillCheckOutForm(checkOutFormHelper.groovy:141)
	at helpers.checkOutFormHelper$fillCheckOutForm.call(Unknown Source)
	at Category.run(Category:41)
	at com.kms.katalon.core.main.ScriptEngine.run(ScriptEngine.java:194)
	at com.kms.katalon.core.main.ScriptEngine.runScriptAsRawText(ScriptEngine.java:119)
	at com.kms.katalon.core.main.TestCaseExecutor.runScript(TestCaseExecutor.java:442)
	at com.kms.katalon.core.main.TestCaseExecutor.doExecute(TestCaseExecutor.java:433)
	at com.kms.katalon.core.main.TestCaseExecutor.processExecutionPhase(TestCaseExecutor.java:412)
	at com.kms.katalon.core.main.TestCaseExecutor.accessMainPhase(TestCaseExecutor.java:404)
	at com.kms.katalon.core.main.TestCaseExecutor.execute(TestCaseExecutor.java:281)
	at com.kms.katalon.core.main.TestSuiteExecutor.accessTestCaseMainPhase(TestSuiteExecutor.java:202)
	at com.kms.katalon.core.main.TestSuiteExecutor.accessTestSuiteMainPhase(TestSuiteExecutor.java:164)
	at com.kms.katalon.core.main.TestSuiteExecutor.execute(TestSuiteExecutor.java:105)
	at com.kms.katalon.core.main.TestCaseMain.startTestSuite(TestCaseMain.java:181)
	at com.kms.katalon.core.main.TestCaseMain$startTestSuite$0.call(Unknown Source)
	at TempTestSuite1642263250402.run(TempTestSuite1642263250402.groovy:36)
Caused by: com.kms.katalon.core.exception.StepFailedException: Cannot get CSS 'border-color' value on 'Object Repository/CheckOutForm/input_company'.
	at com.kms.katalon.core.webui.keyword.internal.WebUIKeywordMain.stepFailed(WebUIKeywordMain.groovy:64)
	at com.kms.katalon.core.webui.keyword.builtin.getCSSValueKeyword$_getCSSValue_closure1.doCall(GetCSSValueKeyword.groovy:79)
	at com.kms.katalon.core.webui.keyword.builtin.getCSSValueKeyword$_getCSSValue_closure1.call(GetCSSValueKeyword.groovy)
	at com.kms.katalon.core.webui.keyword.internal.WebUIKeywordMain.runKeyword(WebUIKeywordMain.groovy:20)
	... 25 more
)

2022-01-15 18:26:28 - [MESSAGE][PASSED] - Current window's title is: 'Checkout - Cleaner's Supply'

2022-01-15 18:26:28 - [MESSAGE][PASSED] - Current window's url is: 'https://www.cleanersupply.com/checkout/'

2022-01-15 18:26:29 - [MESSAGE][PASSED] - Text of object 'Object Repository/CheckOutForm/h1_checkOutHeader' is: 'CHECKOUT'

2022-01-15 18:26:30 - [MESSAGE][PASSED] - Object: 'Object Repository/CheckOutForm/input_company' is focused

2022-01-15 18:26:30 - [MESSAGE][PASSED] - Get CSS 'box-shadow' value on 'Object Repository/CheckOutForm/input_company' successfully: 'rgb(99, 99, 99) 0px -3px 0px 0px inset'.

2022-01-15 18:26:30 - [MESSAGE][FAILED] - Cannot get CSS 'border-color' value on 'Object Repository/CheckOutForm/input_company'. (Root cause: com.kms.katalon.core.exception.StepFailedException: Cannot get CSS 'border-color' value on 'Object Repository/CheckOutForm/input_company'.
	at com.kms.katalon.core.webui.keyword.internal.WebUIKeywordMain.stepFailed(WebUIKeywordMain.groovy:64)
	at com.kms.katalon.core.webui.keyword.builtin.getCSSValueKeyword$_getCSSValue_closure1.doCall(GetCSSValueKeyword.groovy:79)
	at com.kms.katalon.core.webui.keyword.builtin.getCSSValueKeyword$_getCSSValue_closure1.call(GetCSSValueKeyword.groovy)
	at com.kms.katalon.core.webui.keyword.internal.WebUIKeywordMain.runKeyword(WebUIKeywordMain.groovy:20)
	at com.kms.katalon.core.webui.keyword.builtin.getCSSValueKeyword.getCSSValue(GetCSSValueKeyword.groovy:84)
	at com.kms.katalon.core.webui.keyword.builtin.getCSSValueKeyword.execute(GetCSSValueKeyword.groovy:68)
	at com.kms.katalon.core.keyword.internal.KeywordExecutor.executeKeywordForPlatform(KeywordExecutor.groovy:74)
	at com.kms.katalon.core.webui.keyword.WebUiBuiltInKeywords.getCSSValue(WebUiBuiltInKeywords.groovy:4594)
	at com.kms.katalon.core.webui.keyword.WebUiBuiltInKeywords$getCSSValue$9.call(Unknown Source)
	at validation.CheckOutFormValidation.validateBoxShadowBlaceHolderBorder(CheckOutFormValidation.groovy:30)
	at validation.CheckOutFormValidation$validateBoxShadowBlaceHolderBorder.call(Unknown Source)
	at helpers.checkOutFormHelper.sendCompanyValue(checkOutFormHelper.groovy:28)
	at helpers.checkOutFormHelper$sendCompanyValue$0.call(Unknown Source)
	at helpers.checkOutFormHelper.fillCheckOutForm(checkOutFormHelper.groovy:141)
	at helpers.checkOutFormHelper$fillCheckOutForm.call(Unknown Source)
	at Category.run(Category:41)
	at com.kms.katalon.core.main.ScriptEngine.run(ScriptEngine.java:194)
	at com.kms.katalon.core.main.ScriptEngine.runScriptAsRawText(ScriptEngine.java:119)
	at com.kms.katalon.core.main.TestCaseExecutor.runScript(TestCaseExecutor.java:442)
	at com.kms.katalon.core.main.TestCaseExecutor.doExecute(TestCaseExecutor.java:433)
	at com.kms.katalon.core.main.TestCaseExecutor.processExecutionPhase(TestCaseExecutor.java:412)
	at com.kms.katalon.core.main.TestCaseExecutor.accessMainPhase(TestCaseExecutor.java:404)
	at com.kms.katalon.core.main.TestCaseExecutor.execute(TestCaseExecutor.java:281)
	at com.kms.katalon.core.main.TestSuiteExecutor.accessTestCaseMainPhase(TestSuiteExecutor.java:202)
	at com.kms.katalon.core.main.TestSuiteExecutor.accessTestSuiteMainPhase(TestSuiteExecutor.java:164)
	at com.kms.katalon.core.main.TestSuiteExecutor.execute(TestSuiteExecutor.java:105)
	at com.kms.katalon.core.main.TestCaseMain.startTestSuite(TestCaseMain.java:181)
	at com.kms.katalon.core.main.TestCaseMain$startTestSuite$0.call(Unknown Source)
	at TempTestSuite1642263250402.run(TempTestSuite1642263250402.groovy:36)
)

2022-01-15 18:26:31 - [MESSAGE][FAILED] - Cannot get CSS 'border-color' value on 'Object Repository/CheckOutForm/input_company'. (Root cause: com.kms.katalon.core.exception.StepFailedException: Cannot get CSS 'border-color' value on 'Object Repository/CheckOutForm/input_company'.
	at com.kms.katalon.core.webui.keyword.internal.WebUIKeywordMain.stepFailed(WebUIKeywordMain.groovy:64)
	at com.kms.katalon.core.webui.keyword.internal.WebUIKeywordMain.runKeyword(WebUIKeywordMain.groovy:26)
	at com.kms.katalon.core.webui.keyword.builtin.getCSSValueKeyword.getCSSValue(GetCSSValueKeyword.groovy:84)
	at com.kms.katalon.core.webui.keyword.builtin.getCSSValueKeyword.execute(GetCSSValueKeyword.groovy:68)
	at com.kms.katalon.core.keyword.internal.KeywordExecutor.executeKeywordForPlatform(KeywordExecutor.groovy:74)
	at com.kms.katalon.core.webui.keyword.WebUiBuiltInKeywords.getCSSValue(WebUiBuiltInKeywords.groovy:4594)
	at com.kms.katalon.core.webui.keyword.WebUiBuiltInKeywords$getCSSValue$9.call(Unknown Source)
	at validation.CheckOutFormValidation.validateBoxShadowBlaceHolderBorder(CheckOutFormValidation.groovy:30)
	at validation.CheckOutFormValidation$validateBoxShadowBlaceHolderBorder.call(Unknown Source)
	at helpers.checkOutFormHelper.sendCompanyValue(checkOutFormHelper.groovy:28)
	at helpers.checkOutFormHelper$sendCompanyValue$0.call(Unknown Source)
	at helpers.checkOutFormHelper.fillCheckOutForm(checkOutFormHelper.groovy:141)
	at helpers.checkOutFormHelper$fillCheckOutForm.call(Unknown Source)
	at Category.run(Category:41)
	at com.kms.katalon.core.main.ScriptEngine.run(ScriptEngine.java:194)
	at com.kms.katalon.core.main.ScriptEngine.runScriptAsRawText(ScriptEngine.java:119)
	at com.kms.katalon.core.main.TestCaseExecutor.runScript(TestCaseExecutor.java:442)
	at com.kms.katalon.core.main.TestCaseExecutor.doExecute(TestCaseExecutor.java:433)
	at com.kms.katalon.core.main.TestCaseExecutor.processExecutionPhase(TestCaseExecutor.java:412)
	at com.kms.katalon.core.main.TestCaseExecutor.accessMainPhase(TestCaseExecutor.java:404)
	at com.kms.katalon.core.main.TestCaseExecutor.execute(TestCaseExecutor.java:281)
	at com.kms.katalon.core.main.TestSuiteExecutor.accessTestCaseMainPhase(TestSuiteExecutor.java:202)
	at com.kms.katalon.core.main.TestSuiteExecutor.accessTestSuiteMainPhase(TestSuiteExecutor.java:164)
	at com.kms.katalon.core.main.TestSuiteExecutor.execute(TestSuiteExecutor.java:105)
	at com.kms.katalon.core.main.TestCaseMain.startTestSuite(TestCaseMain.java:181)
	at com.kms.katalon.core.main.TestCaseMain$startTestSuite$0.call(Unknown Source)
	at TempTestSuite1642263250402.run(TempTestSuite1642263250402.groovy:36)
Caused by: com.kms.katalon.core.exception.StepFailedException: Cannot get CSS 'border-color' value on 'Object Repository/CheckOutForm/input_company'.
	at com.kms.katalon.core.webui.keyword.internal.WebUIKeywordMain.stepFailed(WebUIKeywordMain.groovy:64)
	at com.kms.katalon.core.webui.keyword.builtin.getCSSValueKeyword$_getCSSValue_closure1.doCall(GetCSSValueKeyword.groovy:79)
	at com.kms.katalon.core.webui.keyword.builtin.getCSSValueKeyword$_getCSSValue_closure1.call(GetCSSValueKeyword.groovy)
	at com.kms.katalon.core.webui.keyword.internal.WebUIKeywordMain.runKeyword(WebUIKeywordMain.groovy:20)
	... 25 more
)
[[ATTACHMENT|/Users/waleedafifi/git/cleanersupply/Reports/20220115_181400/Checkout/20220115_181410/1642263990785.png]]

2022-01-15 18:26:31 - [TEST_STEP][PASSED] - Video: Video recording for test case 'Test Cases/Checkout Scenario/Category' .

2022-01-15 18:26:31 - [MESSAGE][INFO] - Video recording for test case 'Test Cases/Checkout Scenario/Category' .]]></system-out>
         <system-err><![CDATA[2022-01-15 18:25:07 - [TEST_CASE][FAILED] - Test Cases/Checkout Scenario/Category: Test Cases/Checkout Scenario/Category FAILED.
Reason:
com.kms.katalon.core.exception.StepFailedException: Cannot get CSS 'border-color' value on 'Object Repository/CheckOutForm/input_company'.
	at com.kms.katalon.core.webui.keyword.internal.WebUIKeywordMain.stepFailed(WebUIKeywordMain.groovy:64)
	at com.kms.katalon.core.webui.keyword.internal.WebUIKeywordMain.runKeyword(WebUIKeywordMain.groovy:26)
	at com.kms.katalon.core.webui.keyword.builtin.getCSSValueKeyword.getCSSValue(GetCSSValueKeyword.groovy:84)
	at com.kms.katalon.core.webui.keyword.builtin.getCSSValueKeyword.execute(GetCSSValueKeyword.groovy:68)
	at com.kms.katalon.core.keyword.internal.KeywordExecutor.executeKeywordForPlatform(KeywordExecutor.groovy:74)
	at com.kms.katalon.core.webui.keyword.WebUiBuiltInKeywords.getCSSValue(WebUiBuiltInKeywords.groovy:4594)
	at com.kms.katalon.core.webui.keyword.WebUiBuiltInKeywords$getCSSValue$9.call(Unknown Source)
	at validation.CheckOutFormValidation.validateBoxShadowBlaceHolderBorder(CheckOutFormValidation.groovy:30)
	at validation.CheckOutFormValidation$validateBoxShadowBlaceHolderBorder.call(Unknown Source)
	at helpers.checkOutFormHelper.sendCompanyValue(checkOutFormHelper.groovy:28)
	at helpers.checkOutFormHelper$sendCompanyValue$0.call(Unknown Source)
	at helpers.checkOutFormHelper.fillCheckOutForm(checkOutFormHelper.groovy:141)
	at helpers.checkOutFormHelper$fillCheckOutForm.call(Unknown Source)
	at Category.run(Category:41)
	at com.kms.katalon.core.main.ScriptEngine.run(ScriptEngine.java:194)
	at com.kms.katalon.core.main.ScriptEngine.runScriptAsRawText(ScriptEngine.java:119)
	at com.kms.katalon.core.main.TestCaseExecutor.runScript(TestCaseExecutor.java:442)
	at com.kms.katalon.core.main.TestCaseExecutor.doExecute(TestCaseExecutor.java:433)
	at com.kms.katalon.core.main.TestCaseExecutor.processExecutionPhase(TestCaseExecutor.java:412)
	at com.kms.katalon.core.main.TestCaseExecutor.accessMainPhase(TestCaseExecutor.java:404)
	at com.kms.katalon.core.main.TestCaseExecutor.execute(TestCaseExecutor.java:281)
	at com.kms.katalon.core.main.TestSuiteExecutor.accessTestCaseMainPhase(TestSuiteExecutor.java:202)
	at com.kms.katalon.core.main.TestSuiteExecutor.accessTestSuiteMainPhase(TestSuiteExecutor.java:164)
	at com.kms.katalon.core.main.TestSuiteExecutor.execute(TestSuiteExecutor.java:105)
	at com.kms.katalon.core.main.TestCaseMain.startTestSuite(TestCaseMain.java:181)
	at com.kms.katalon.core.main.TestCaseMain$startTestSuite$0.call(Unknown Source)
	at TempTestSuite1642263250402.run(TempTestSuite1642263250402.groovy:36)
Caused by: com.kms.katalon.core.exception.StepFailedException: Cannot get CSS 'border-color' value on 'Object Repository/CheckOutForm/input_company'.
	at com.kms.katalon.core.webui.keyword.internal.WebUIKeywordMain.stepFailed(WebUIKeywordMain.groovy:64)
	at com.kms.katalon.core.webui.keyword.builtin.getCSSValueKeyword$_getCSSValue_closure1.doCall(GetCSSValueKeyword.groovy:79)
	at com.kms.katalon.core.webui.keyword.builtin.getCSSValueKeyword$_getCSSValue_closure1.call(GetCSSValueKeyword.groovy)
	at com.kms.katalon.core.webui.keyword.internal.WebUIKeywordMain.runKeyword(WebUIKeywordMain.groovy:20)
	... 25 more]]></system-err>
      </testcase>
      <system-out><![CDATA[2022-01-15 18:22:32 - [TEST_SUITE][FAILED] - Checkout: Test Cases/Checkout Scenario/Product Details FAILED.
Reason:
com.kms.katalon.core.exception.StepFailedException: Cannot get CSS 'border-color' value on 'Object Repository/CheckOutForm/input_company'.
	at com.kms.katalon.core.webui.keyword.internal.WebUIKeywordMain.stepFailed(WebUIKeywordMain.groovy:64)
	at com.kms.katalon.core.webui.keyword.internal.WebUIKeywordMain.runKeyword(WebUIKeywordMain.groovy:26)
	at com.kms.katalon.core.webui.keyword.builtin.getCSSValueKeyword.getCSSValue(GetCSSValueKeyword.groovy:84)
	at com.kms.katalon.core.webui.keyword.builtin.getCSSValueKeyword.execute(GetCSSValueKeyword.groovy:68)
	at com.kms.katalon.core.keyword.internal.KeywordExecutor.executeKeywordForPlatform(KeywordExecutor.groovy:74)
	at com.kms.katalon.core.webui.keyword.WebUiBuiltInKeywords.getCSSValue(WebUiBuiltInKeywords.groovy:4594)
	at com.kms.katalon.core.webui.keyword.WebUiBuiltInKeywords$getCSSValue$9.call(Unknown Source)
	at validation.CheckOutFormValidation.validateBoxShadowBlaceHolderBorder(CheckOutFormValidation.groovy:30)
	at validation.CheckOutFormValidation$validateBoxShadowBlaceHolderBorder.call(Unknown Source)
	at helpers.checkOutFormHelper.sendCompanyValue(checkOutFormHelper.groovy:28)
	at helpers.checkOutFormHelper$sendCompanyValue$0.call(Unknown Source)
	at helpers.checkOutFormHelper.fillCheckOutForm(checkOutFormHelper.groovy:141)
	at helpers.checkOutFormHelper$fillCheckOutForm.call(Unknown Source)
	at Product Details.run(Product Details:64)
	at com.kms.katalon.core.main.ScriptEngine.run(ScriptEngine.java:194)
	at com.kms.katalon.core.main.ScriptEngine.runScriptAsRawText(ScriptEngine.java:119)
	at com.kms.katalon.core.main.TestCaseExecutor.runScript(TestCaseExecutor.java:442)
	at com.kms.katalon.core.main.TestCaseExecutor.doExecute(TestCaseExecutor.java:433)
	at com.kms.katalon.core.main.TestCaseExecutor.processExecutionPhase(TestCaseExecutor.java:412)
	at com.kms.katalon.core.main.TestCaseExecutor.accessMainPhase(TestCaseExecutor.java:404)
	at com.kms.katalon.core.main.TestCaseExecutor.execute(TestCaseExecutor.java:281)
	at com.kms.katalon.core.main.TestSuiteExecutor.accessTestCaseMainPhase(TestSuiteExecutor.java:202)
	at com.kms.katalon.core.main.TestSuiteExecutor.accessTestSuiteMainPhase(TestSuiteExecutor.java:164)
	at com.kms.katalon.core.main.TestSuiteExecutor.execute(TestSuiteExecutor.java:105)
	at com.kms.katalon.core.main.TestCaseMain.startTestSuite(TestCaseMain.java:181)
	at com.kms.katalon.core.main.TestCaseMain$startTestSuite$0.call(Unknown Source)
	at TempTestSuite1642263250402.run(TempTestSuite1642263250402.groovy:36)
Caused by: com.kms.katalon.core.exception.StepFailedException: Cannot get CSS 'border-color' value on 'Object Repository/CheckOutForm/input_company'.
	at com.kms.katalon.core.webui.keyword.internal.WebUIKeywordMain.stepFailed(WebUIKeywordMain.groovy:64)
	at com.kms.katalon.core.webui.keyword.builtin.getCSSValueKeyword$_getCSSValue_closure1.doCall(GetCSSValueKeyword.groovy:79)
	at com.kms.katalon.core.webui.keyword.builtin.getCSSValueKeyword$_getCSSValue_closure1.call(GetCSSValueKeyword.groovy)
	at com.kms.katalon.core.webui.keyword.internal.WebUIKeywordMain.runKeyword(WebUIKeywordMain.groovy:20)
	... 25 more]]></system-out>
      <system-err><![CDATA[2022-01-15 18:22:32 - [TEST_SUITE][FAILED] - Checkout: Test Cases/Checkout Scenario/Product Details FAILED.
Reason:
com.kms.katalon.core.exception.StepFailedException: Cannot get CSS 'border-color' value on 'Object Repository/CheckOutForm/input_company'.
	at com.kms.katalon.core.webui.keyword.internal.WebUIKeywordMain.stepFailed(WebUIKeywordMain.groovy:64)
	at com.kms.katalon.core.webui.keyword.internal.WebUIKeywordMain.runKeyword(WebUIKeywordMain.groovy:26)
	at com.kms.katalon.core.webui.keyword.builtin.getCSSValueKeyword.getCSSValue(GetCSSValueKeyword.groovy:84)
	at com.kms.katalon.core.webui.keyword.builtin.getCSSValueKeyword.execute(GetCSSValueKeyword.groovy:68)
	at com.kms.katalon.core.keyword.internal.KeywordExecutor.executeKeywordForPlatform(KeywordExecutor.groovy:74)
	at com.kms.katalon.core.webui.keyword.WebUiBuiltInKeywords.getCSSValue(WebUiBuiltInKeywords.groovy:4594)
	at com.kms.katalon.core.webui.keyword.WebUiBuiltInKeywords$getCSSValue$9.call(Unknown Source)
	at validation.CheckOutFormValidation.validateBoxShadowBlaceHolderBorder(CheckOutFormValidation.groovy:30)
	at validation.CheckOutFormValidation$validateBoxShadowBlaceHolderBorder.call(Unknown Source)
	at helpers.checkOutFormHelper.sendCompanyValue(checkOutFormHelper.groovy:28)
	at helpers.checkOutFormHelper$sendCompanyValue$0.call(Unknown Source)
	at helpers.checkOutFormHelper.fillCheckOutForm(checkOutFormHelper.groovy:141)
	at helpers.checkOutFormHelper$fillCheckOutForm.call(Unknown Source)
	at Product Details.run(Product Details:64)
	at com.kms.katalon.core.main.ScriptEngine.run(ScriptEngine.java:194)
	at com.kms.katalon.core.main.ScriptEngine.runScriptAsRawText(ScriptEngine.java:119)
	at com.kms.katalon.core.main.TestCaseExecutor.runScript(TestCaseExecutor.java:442)
	at com.kms.katalon.core.main.TestCaseExecutor.doExecute(TestCaseExecutor.java:433)
	at com.kms.katalon.core.main.TestCaseExecutor.processExecutionPhase(TestCaseExecutor.java:412)
	at com.kms.katalon.core.main.TestCaseExecutor.accessMainPhase(TestCaseExecutor.java:404)
	at com.kms.katalon.core.main.TestCaseExecutor.execute(TestCaseExecutor.java:281)
	at com.kms.katalon.core.main.TestSuiteExecutor.accessTestCaseMainPhase(TestSuiteExecutor.java:202)
	at com.kms.katalon.core.main.TestSuiteExecutor.accessTestSuiteMainPhase(TestSuiteExecutor.java:164)
	at com.kms.katalon.core.main.TestSuiteExecutor.execute(TestSuiteExecutor.java:105)
	at com.kms.katalon.core.main.TestCaseMain.startTestSuite(TestCaseMain.java:181)
	at com.kms.katalon.core.main.TestCaseMain$startTestSuite$0.call(Unknown Source)
	at TempTestSuite1642263250402.run(TempTestSuite1642263250402.groovy:36)
Caused by: com.kms.katalon.core.exception.StepFailedException: Cannot get CSS 'border-color' value on 'Object Repository/CheckOutForm/input_company'.
	at com.kms.katalon.core.webui.keyword.internal.WebUIKeywordMain.stepFailed(WebUIKeywordMain.groovy:64)
	at com.kms.katalon.core.webui.keyword.builtin.getCSSValueKeyword$_getCSSValue_closure1.doCall(GetCSSValueKeyword.groovy:79)
	at com.kms.katalon.core.webui.keyword.builtin.getCSSValueKeyword$_getCSSValue_closure1.call(GetCSSValueKeyword.groovy)
	at com.kms.katalon.core.webui.keyword.internal.WebUIKeywordMain.runKeyword(WebUIKeywordMain.groovy:20)
	... 25 more]]></system-err>
   </testsuite>
   <testsuite name="Header" tests="1" failures="0" errors="0" time="35.835" skipped="0" timestamp="2022-01-15 18:26:53" hostname="waleedafifi - 192.168.1.104" id="Test Suites/Header">
      <properties>
         <property name="deviceName" value=""/>
         <property name="devicePlatform" value=""/>
         <property name="logFolder" value="/Users/waleedafifi/git/cleanersupply/Reports/20220115_181400/Header/20220115_181412"/>
         <property name="logFiles" value="/Users/waleedafifi/git/cleanersupply/Reports/20220115_181400/Header/20220115_181412/execution0.log"/>
         <property name="attachments" value=""/>
         <property name="hostName" value="waleedafifi - 192.168.1.104"/>
         <property name="os" value="Mac OS X 64bit"/>
         <property name="katalonVersion" value="8.2.0.208"/>
         <property name="browser" value="Firefox 95.0"/>
         <property name="hostAddress" value="192.168.1.104"/>
         <property name="sessionId" value="d4d77982-7a73-43e9-ad93-c21cf9d5be1c"/>
         <property name="seleniumVersion" value="3.141.59"/>
         <property name="proxyInformation" value="ProxyInformation { proxyOption=NO_PROXY, proxyServerType=HTTP, username=, password=********, proxyServerAddress=, proxyServerPort=0, executionList=&quot;&quot;, isApplyToDesiredCapabilities=true }"/>
         <property name="platform" value="Mac OS X"/>
      </properties>
      <testcase name="Test Cases/Header/Primary Header TC" time="35.398" classname="Test Cases/Header/Primary Header TC" status="PASSED">
         <system-out><![CDATA[2022-01-15 18:26:53 - [TEST_CASE][PASSED] - Test Cases/Header/Primary Header TC: Test Cases/Header/Primary Header TC

2022-01-15 18:26:54 - [TEST_STEP][PASSED] - GeneralHelpers.initScenario(): Current window's url is: 'https://www.cleanersupply.com/'

2022-01-15 18:26:54 - [MESSAGE][INFO] - Starting 'Firefox' driver

2022-01-15 18:26:54 - [MESSAGE][INFO] - Action delay is set to 0 milliseconds

2022-01-15 18:26:59 - [MESSAGE][PASSED] - Browser is opened with url: ''

2022-01-15 18:27:00 - [MESSAGE][PASSED] - Current window maximized

2022-01-15 18:27:09 - [MESSAGE][PASSED] - Navigate to 'https://www.cleanersupply.com/' successfully

2022-01-15 18:27:09 - [MESSAGE][PASSED] - Wait for page load successfully

2022-01-15 18:27:09 - [MESSAGE][PASSED] - Current window's title is: 'Cleaner's Supply - Dry Cleaning Supplies'

2022-01-15 18:27:09 - [MESSAGE][PASSED] - Current window's title is: 'Cleaner's Supply - Dry Cleaning Supplies'

2022-01-15 18:27:09 - [MESSAGE][PASSED] - Current window's url is: 'https://www.cleanersupply.com/'

2022-01-15 18:27:09 - [TEST_STEP][PASSED] - PrimaryHeaderHelpers.topNav(): Object 'Object Repository/Primary Header/button_myAccount' is present

2022-01-15 18:27:11 - [MESSAGE][PASSED] - Get CSS 'background-color' value on 'Object Repository/Primary Header/div_navTop' successfully: 'rgb(255, 200, 11)'.

2022-01-15 18:27:13 - [MESSAGE][PASSED] - Object 'Object Repository/Primary Header/div_navTop' is present

2022-01-15 18:27:14 - [MESSAGE][PASSED] - Object 'Object Repository/Primary Header/div_headerSearch' is present

2022-01-15 18:27:14 - [MESSAGE][PASSED] - Object 'Object Repository/Primary Header/a_quickOrder' is present

2022-01-15 18:27:14 - [MESSAGE][PASSED] - Object 'Object Repository/Primary Header/img_logo' is present

2022-01-15 18:27:14 - [MESSAGE][PASSED] - Get CSS 'width' value on 'Object Repository/Primary Header/img_logo' successfully: '121px'.

2022-01-15 18:27:15 - [MESSAGE][PASSED] - Object 'Object Repository/Primary Header/header' is present

2022-01-15 18:27:15 - [MESSAGE][PASSED] - Object 'Object Repository/Primary Header/a_cart' is present

2022-01-15 18:27:16 - [MESSAGE][PASSED] - Object 'Object Repository/Primary Header/button_myAccount' is present

2022-01-15 18:27:16 - [TEST_STEP][PASSED] - PrimaryHeaderHelpers.rightLinkehoverEffect(): Get CSS 'color' value on 'Object Repository/Primary Header/i_iconReOrder' successfully: 'rgb(82, 36, 127)'.

2022-01-15 18:27:16 - [MESSAGE][PASSED] - Object: 'Object Repository/Primary Header/button_myAccount' is hovered

2022-01-15 18:27:17 - [MESSAGE][PASSED] - Get CSS 'color' value on 'Object Repository/Primary Header/i_iconMyAccount' successfully: 'rgb(82, 36, 127)'.

2022-01-15 18:27:17 - [MESSAGE][PASSED] - Object: 'Object Repository/Primary Header/a_quickOrder' is hovered

2022-01-15 18:27:17 - [MESSAGE][PASSED] - Get CSS 'color' value on 'Object Repository/Primary Header/i_iconQuickOrder' successfully: 'rgb(82, 36, 127)'.

2022-01-15 18:27:18 - [MESSAGE][PASSED] - Object: 'Object Repository/Primary Header/a_reOrder' is hovered

2022-01-15 18:27:18 - [MESSAGE][PASSED] - Get CSS 'color' value on 'Object Repository/Primary Header/i_iconReOrder' successfully: 'rgb(82, 36, 127)'.

2022-01-15 18:27:18 - [TEST_STEP][PASSED] - PrimaryHeaderHelpers.cartLinkHover(): Text of object 'Object Repository/Primary Header/span_emptCart' is: 'YOUR CART IS EMPTY
AND VERY SAD'

2022-01-15 18:27:19 - [MESSAGE][PASSED] - Object: 'Object Repository/Primary Header/a_cart' is hovered

2022-01-15 18:27:19 - [MESSAGE][PASSED] - Get CSS 'background-color' value on 'Object Repository/Mini Cart/a_miniCartLink' successfully: 'rgb(255, 255, 255)'.

2022-01-15 18:27:19 - [MESSAGE][PASSED] - Get CSS 'color' value on 'Object Repository/Mini Cart/a_miniCartLink' successfully: 'rgb(82, 36, 127)'.

2022-01-15 18:27:20 - [MESSAGE][PASSED] - Object 'Object Repository/Mini Cart/div_miniCartDropDown' is present

2022-01-15 18:27:20 - [MESSAGE][PASSED] - Text of object 'Object Repository/Primary Header/span_emptCart' is: 'YOUR CART IS EMPTY
AND VERY SAD'

2022-01-15 18:27:20 - [TEST_STEP][PASSED] - PrimaryHeaderHelpers.myAccountButton(): Object 'Object Repository/Primary Header/My Account/div.accountDropDown' is present

2022-01-15 18:27:21 - [MESSAGE][PASSED] - Object: 'Object Repository/Primary Header/button_myAccount' is clicked on

2022-01-15 18:27:21 - [MESSAGE][PASSED] - Attribute 'class' of object 'Object Repository/Primary Header/li_myAccount' is: 'dropdown hidden-mobile account-container open'

2022-01-15 18:27:21 - [MESSAGE][PASSED] - Object 'Object Repository/Primary Header/My Account/div.accountDropDown' is present

2022-01-15 18:27:21 - [TEST_STEP][PASSED] - PrimaryHeaderHelpers.headerTopBar(): Get CSS 'font-family' value on 'Object Repository/Primary Header/TobBar/a_headerShippingDetails' successfully: '"Nunito Sans", sans-serif'.

2022-01-15 18:27:21 - [MESSAGE][PASSED] - Object 'Object Repository/Primary Header/TobBar/div_topBarHeader' is present

2022-01-15 18:27:22 - [MESSAGE][PASSED] - Get CSS 'background-color' value on 'Object Repository/Primary Header/TobBar/div_topBarHeader' successfully: 'rgb(243, 243, 244)'.

2022-01-15 18:27:22 - [MESSAGE][PASSED] - Get CSS 'text-align' value on 'Object Repository/Primary Header/TobBar/div_infoHolder' successfully: 'center'.

2022-01-15 18:27:23 - [MESSAGE][PASSED] - Text of object 'Object Repository/Primary Header/TobBar/span_headerShippingInfo' is: 'FREE SHIPPING & RETURNS ON ORDERS OVER $99'

2022-01-15 18:27:23 - [MESSAGE][PASSED] - Get CSS 'font-weight' value on 'Object Repository/Primary Header/TobBar/span_headerShippingInfo' successfully: '900'.

2022-01-15 18:27:23 - [MESSAGE][PASSED] - Get CSS 'color' value on 'Object Repository/Primary Header/TobBar/span_headerShippingInfo' successfully: 'rgb(0, 0, 0)'.

2022-01-15 18:27:24 - [MESSAGE][PASSED] - Get CSS 'font-family' value on 'Object Repository/Primary Header/TobBar/span_headerShippingInfo' successfully: '"Nunito Sans", sans-serif'.

2022-01-15 18:27:24 - [MESSAGE][PASSED] - Get CSS 'font-weight' value on 'Object Repository/Primary Header/TobBar/a_headerShippingDetails' successfully: '400'.

2022-01-15 18:27:24 - [MESSAGE][PASSED] - Get CSS 'color' value on 'Object Repository/Primary Header/TobBar/a_headerShippingDetails' successfully: 'rgb(0, 0, 0)'.

2022-01-15 18:27:24 - [MESSAGE][PASSED] - Get CSS 'font-family' value on 'Object Repository/Primary Header/TobBar/a_headerShippingDetails' successfully: '"Nunito Sans", sans-serif'.

2022-01-15 18:27:24 - [TEST_STEP][PASSED] - PrimaryHeaderHelpers.shippingDetailsAction(): Get CSS 'text-decoration' value on 'Object Repository/Primary Header/TobBar/a_headerShippingDetails' successfully: 'underline rgb(0, 0, 0)'.

2022-01-15 18:27:25 - [MESSAGE][PASSED] - Object: 'Object Repository/Primary Header/TobBar/a_headerShippingDetails' is hovered

2022-01-15 18:27:25 - [MESSAGE][PASSED] - Get CSS 'text-decoration' value on 'Object Repository/Primary Header/TobBar/a_headerShippingDetails' successfully: 'underline rgb(0, 0, 0)'.

2022-01-15 18:27:25 - [TEST_STEP][PASSED] - PrimaryHeaderHelpers.customerService(): Get CSS 'font-family' value on 'Object Repository/Primary Header/TobBar/a_customerServiceLink' successfully: '"Nunito Sans", sans-serif'.

2022-01-15 18:27:26 - [MESSAGE][PASSED] - Object 'Object Repository/Primary Header/TobBar/div_customerServicesArea' is present

2022-01-15 18:27:26 - [MESSAGE][PASSED] - Get CSS 'font-weight' value on 'Object Repository/Primary Header/TobBar/span_customerAreaPhone' successfully: '700'.

2022-01-15 18:27:26 - [MESSAGE][PASSED] - Get CSS 'color' value on 'Object Repository/Primary Header/TobBar/span_customerAreaPhone' successfully: 'rgb(0, 0, 0)'.

2022-01-15 18:27:26 - [MESSAGE][PASSED] - Get CSS 'font-family' value on 'Object Repository/Primary Header/TobBar/span_customerAreaPhone' successfully: '"Nunito Sans", sans-serif'.

2022-01-15 18:27:27 - [MESSAGE][PASSED] - Get CSS 'font-weight' value on 'Object Repository/Primary Header/TobBar/a_customerServiceLink' successfully: '700'.

2022-01-15 18:27:27 - [MESSAGE][PASSED] - Get CSS 'color' value on 'Object Repository/Primary Header/TobBar/a_customerServiceLink' successfully: 'rgb(0, 0, 0)'.

2022-01-15 18:27:27 - [MESSAGE][PASSED] - Get CSS 'font-family' value on 'Object Repository/Primary Header/TobBar/a_customerServiceLink' successfully: '"Nunito Sans", sans-serif'.

2022-01-15 18:27:27 - [TEST_STEP][PASSED] - PrimaryHeaderHelpers.customerServiceLinkAction(): Get CSS 'text-decoration' value on 'Object Repository/Primary Header/TobBar/a_customerServiceLink' successfully: 'underline rgb(0, 0, 0)'.

2022-01-15 18:27:28 - [MESSAGE][PASSED] - Object: 'Object Repository/Primary Header/TobBar/a_customerServiceLink' is hovered

2022-01-15 18:27:28 - [MESSAGE][PASSED] - Get CSS 'text-decoration' value on 'Object Repository/Primary Header/TobBar/a_customerServiceLink' successfully: 'underline rgb(0, 0, 0)'.

2022-01-15 18:27:28 - [TEST_STEP][PASSED] - closeBrowser(): Browser is closed

2022-01-15 18:27:29 - [MESSAGE][PASSED] - Browser is closed

2022-01-15 18:27:29 - [TEST_STEP][PASSED] - Video: Video recording for test case 'Test Cases/Header/Primary Header TC' .

2022-01-15 18:27:29 - [MESSAGE][INFO] - Video recording for test case 'Test Cases/Header/Primary Header TC' .]]></system-out>
         <system-err><![CDATA[]]></system-err>
      </testcase>
      <system-out><![CDATA[2022-01-15 18:26:53 - [TEST_SUITE][PASSED] - Header: Test Cases/Header/Primary Header TC]]></system-out>
      <system-err><![CDATA[]]></system-err>
   </testsuite>
</testsuites>
