<?xml version="1.0" encoding="UTF-8"?>
<testsuites name="Checkout" time="401.321" tests="3" failures="0" errors="0">
   <testsuite name="Checkout" tests="3" failures="0" errors="0" time="401.321" skipped="0" timestamp="2022-01-16 00:24:52" hostname="waleedafifi - localhost" id="Test Suites/Checkout">
      <properties>
         <property name="deviceName" value=""/>
         <property name="devicePlatform" value=""/>
         <property name="logFolder" value="/Users/waleedafifi/git/cleanersupply/Reports/20220116_001143/Checkout/20220116_001152"/>
         <property name="logFiles" value="/Users/waleedafifi/git/cleanersupply/Reports/20220116_001143/Checkout/20220116_001152/execution0.log"/>
         <property name="attachments" value=""/>
         <property name="hostName" value="waleedafifi - localhost"/>
         <property name="os" value="Mac OS X 64bit"/>
         <property name="katalonVersion" value="8.2.0.208"/>
         <property name="browser" value="Firefox 95.0"/>
         <property name="hostAddress" value="127.0.0.1"/>
         <property name="sessionId" value="fde5df44-2cd1-4141-981e-ffc1e77acd72"/>
         <property name="seleniumVersion" value="3.141.59"/>
         <property name="proxyInformation" value="ProxyInformation { proxyOption=NO_PROXY, proxyServerType=HTTP, username=, password=********, proxyServerAddress=, proxyServerPort=0, executionList=&quot;&quot;, isApplyToDesiredCapabilities=true }"/>
         <property name="platform" value="Mac OS X"/>
      </properties>
      <testcase name="Test Cases/Checkout Scenario/Product Details" time="172.475" classname="Test Cases/Checkout Scenario/Product Details" status="PASSED">
         <system-out><![CDATA[2022-01-16 00:24:52 - [TEST_CASE][PASSED] - Test Cases/Checkout Scenario/Product Details: Test Cases/Checkout Scenario/Product Details

2022-01-16 00:24:52 - [TEST_STEP][PASSED] - GeneralHelpers.initScenario(): Current window's url is: 'https://www.cleanersupply.com/'

2022-01-16 00:24:53 - [MESSAGE][INFO] - Starting 'Firefox' driver

2022-01-16 00:24:53 - [MESSAGE][INFO] - Action delay is set to 0 milliseconds

2022-01-16 00:24:58 - [MESSAGE][PASSED] - Browser is opened with url: ''

2022-01-16 00:24:58 - [MESSAGE][PASSED] - Current window maximized

2022-01-16 00:25:08 - [MESSAGE][PASSED] - Navigate to 'https://www.cleanersupply.com/' successfully

2022-01-16 00:25:08 - [MESSAGE][PASSED] - Wait for page load successfully

2022-01-16 00:25:08 - [MESSAGE][PASSED] - Current window's title is: 'Cleaner's Supply - Dry Cleaning Supplies'

2022-01-16 00:25:08 - [MESSAGE][PASSED] - Current window's title is: 'Cleaner's Supply - Dry Cleaning Supplies'

2022-01-16 00:25:08 - [MESSAGE][PASSED] - Current window's url is: 'https://www.cleanersupply.com/'

2022-01-16 00:25:08 - [TEST_STEP][PASSED] - GeneralHelpers.headerSearchFillAndClick(): Object: 'Object Repository/Product details/btn_searchAction' is clicked on

2022-01-16 00:25:12 - [MESSAGE][PASSED] - Text 'Plastic' is set on object 'Object Repository/Product details/input_searchField'

2022-01-16 00:25:13 - [MESSAGE][PASSED] - Attribute 'value' of object 'Object Repository/Product details/input_searchField' is: 'Plastic'

2022-01-16 00:25:14 - [MESSAGE][PASSED] - Object 'Object Repository/Product details/div_searchAutocompleteBox' is visible

2022-01-16 00:25:14 - [MESSAGE][PASSED] - Attribute 'class' of object 'Object Repository/Product details/div_searchAutocompleteBox' is: 'search-autocomplete dropdown-menu open'

2022-01-16 00:25:14 - [MESSAGE][PASSED] - Text of object 'Object Repository/Product details/div_searchHeaderTopBar' is: 'Search for PLASTIC'

2022-01-16 00:25:14 - [MESSAGE][PASSED] - Get CSS 'background-color' value on 'Object Repository/Product details/div_searchHeaderTopBar' successfully: 'rgb(82, 36, 127)'.

2022-01-16 00:25:17 - [MESSAGE][PASSED] - Object: 'Object Repository/Product details/btn_searchAction' is clicked on

2022-01-16 00:25:17 - [TEST_STEP][PASSED] - GeneralHelpers.navigateToResultPage(): Text of object 'Object Repository/Product details/h1_sectionHeading' is: 'SEARCH RESULTS'

2022-01-16 00:25:17 - [MESSAGE][PASSED] - Current window's title is: 'Search Results - Cleaner's Supply'

2022-01-16 00:25:17 - [MESSAGE][PASSED] - Current window's url is: 'https://www.cleanersupply.com/search-results/?q=Plastic'

2022-01-16 00:25:21 - [MESSAGE][PASSED] - Text of object 'Object Repository/Product details/h1_sectionHeading' is: 'SEARCH RESULTS'

2022-01-16 00:25:21 - [TEST_STEP][PASSED] - SearchResultPageValidations.verifyDefaultValues(): Attribute 'class' of object '' is: ' '

2022-01-16 00:25:21 - [MESSAGE][PASSED] - Text of object 'Object Repository/Search Result/h2_productListHeading' is: 'RESULTS FOR "PLASTIC" (224)'

2022-01-16 00:25:21 - [MESSAGE][PASSED] - Text of object 'Object Repository/Search Result/h2_productListHeading' is: 'RESULTS FOR "PLASTIC" (224)'

2022-01-16 00:25:22 - [MESSAGE][PASSED] - Text of object 'Object Repository/Search Result/span_filterOption' is: 'Featured'

2022-01-16 00:25:22 - [MESSAGE][PASSED] - Web element with id: 'Object Repository/Search Result/ul_selectedFilters' located by 'By.cssSelector: ul.selected-filters' is not present after '5' second(s)

2022-01-16 00:25:22 - [MESSAGE][PASSED] - Attribute 'class' of object '' is: ' '

2022-01-16 00:25:22 - [MESSAGE][PASSED] - Attribute 'class' of object '' is: ' '

2022-01-16 00:25:22 - [MESSAGE][PASSED] - Attribute 'class' of object '' is: ' '

2022-01-16 00:25:22 - [MESSAGE][PASSED] - Attribute 'class' of object '' is: ' '

2022-01-16 00:25:22 - [MESSAGE][PASSED] - Attribute 'class' of object '' is: ' '

2022-01-16 00:25:22 - [MESSAGE][PASSED] - Attribute 'class' of object '' is: ' '

2022-01-16 00:25:22 - [MESSAGE][PASSED] - Attribute 'class' of object '' is: ' '

2022-01-16 00:25:22 - [MESSAGE][PASSED] - Attribute 'class' of object '' is: ' '

2022-01-16 00:25:22 - [MESSAGE][PASSED] - Attribute 'class' of object '' is: ' '

2022-01-16 00:25:22 - [MESSAGE][PASSED] - Attribute 'class' of object '' is: ' '

2022-01-16 00:25:22 - [MESSAGE][PASSED] - Attribute 'class' of object '' is: ' '

2022-01-16 00:25:22 - [MESSAGE][PASSED] - Attribute 'class' of object '' is: ' '

2022-01-16 00:25:23 - [MESSAGE][PASSED] - Attribute 'class' of object '' is: ' '

2022-01-16 00:25:23 - [MESSAGE][PASSED] - Attribute 'class' of object '' is: ' '

2022-01-16 00:25:23 - [MESSAGE][PASSED] - Attribute 'class' of object '' is: ' '

2022-01-16 00:25:23 - [MESSAGE][PASSED] - Attribute 'class' of object '' is: ' '

2022-01-16 00:25:23 - [MESSAGE][PASSED] - Attribute 'class' of object '' is: ' '

2022-01-16 00:25:23 - [MESSAGE][PASSED] - Attribute 'class' of object '' is: ' '

2022-01-16 00:25:23 - [MESSAGE][PASSED] - Attribute 'class' of object '' is: ' '

2022-01-16 00:25:23 - [MESSAGE][PASSED] - Attribute 'class' of object '' is: ' '

2022-01-16 00:25:23 - [MESSAGE][PASSED] - Attribute 'class' of object '' is: ' '

2022-01-16 00:25:23 - [MESSAGE][PASSED] - Attribute 'class' of object '' is: ' '

2022-01-16 00:25:23 - [MESSAGE][PASSED] - Attribute 'class' of object '' is: ' '

2022-01-16 00:25:23 - [MESSAGE][PASSED] - Attribute 'class' of object '' is: ' '

2022-01-16 00:25:23 - [MESSAGE][PASSED] - Attribute 'class' of object '' is: ' '

2022-01-16 00:25:23 - [MESSAGE][PASSED] - Attribute 'class' of object '' is: ' '

2022-01-16 00:25:23 - [MESSAGE][PASSED] - Attribute 'class' of object '' is: ' '

2022-01-16 00:25:23 - [MESSAGE][PASSED] - Attribute 'class' of object '' is: ' '

2022-01-16 00:25:23 - [MESSAGE][PASSED] - Attribute 'class' of object '' is: ' '

2022-01-16 00:25:23 - [MESSAGE][PASSED] - Attribute 'class' of object '' is: ' '

2022-01-16 00:25:23 - [MESSAGE][PASSED] - Attribute 'class' of object '' is: ' '

2022-01-16 00:25:23 - [MESSAGE][PASSED] - Attribute 'class' of object '' is: ' '

2022-01-16 00:25:23 - [MESSAGE][PASSED] - Attribute 'class' of object '' is: ' '

2022-01-16 00:25:23 - [MESSAGE][PASSED] - Attribute 'class' of object '' is: ' '

2022-01-16 00:25:23 - [MESSAGE][PASSED] - Attribute 'class' of object '' is: ' '

2022-01-16 00:25:23 - [MESSAGE][PASSED] - Attribute 'class' of object '' is: ' '

2022-01-16 00:25:23 - [MESSAGE][PASSED] - Attribute 'class' of object '' is: ' '

2022-01-16 00:25:23 - [MESSAGE][PASSED] - Attribute 'class' of object '' is: ' '

2022-01-16 00:25:23 - [MESSAGE][PASSED] - Attribute 'class' of object '' is: ' '

2022-01-16 00:25:23 - [MESSAGE][PASSED] - Attribute 'class' of object '' is: ' '

2022-01-16 00:25:23 - [MESSAGE][PASSED] - Attribute 'class' of object '' is: ' '

2022-01-16 00:25:23 - [MESSAGE][PASSED] - Attribute 'class' of object '' is: ' '

2022-01-16 00:25:23 - [MESSAGE][PASSED] - Attribute 'class' of object '' is: ' '

2022-01-16 00:25:23 - [MESSAGE][PASSED] - Attribute 'class' of object '' is: ' '

2022-01-16 00:25:23 - [MESSAGE][PASSED] - Attribute 'class' of object '' is: ' '

2022-01-16 00:25:23 - [MESSAGE][PASSED] - Attribute 'class' of object '' is: ' '

2022-01-16 00:25:23 - [MESSAGE][PASSED] - Attribute 'class' of object '' is: ' '

2022-01-16 00:25:23 - [MESSAGE][PASSED] - Attribute 'class' of object '' is: ' '

2022-01-16 00:25:23 - [MESSAGE][PASSED] - Attribute 'class' of object '' is: ' '

2022-01-16 00:25:23 - [MESSAGE][PASSED] - Attribute 'class' of object '' is: ' '

2022-01-16 00:25:23 - [MESSAGE][PASSED] - Attribute 'class' of object '' is: ' '

2022-01-16 00:25:23 - [MESSAGE][PASSED] - Attribute 'class' of object '' is: ' '

2022-01-16 00:25:23 - [MESSAGE][PASSED] - Attribute 'class' of object '' is: ' '

2022-01-16 00:25:23 - [MESSAGE][PASSED] - Attribute 'class' of object '' is: ' '

2022-01-16 00:25:23 - [MESSAGE][PASSED] - Attribute 'class' of object '' is: ' '

2022-01-16 00:25:23 - [MESSAGE][PASSED] - Attribute 'class' of object '' is: ' '

2022-01-16 00:25:23 - [MESSAGE][PASSED] - Attribute 'class' of object '' is: ' '

2022-01-16 00:25:23 - [MESSAGE][PASSED] - Attribute 'class' of object '' is: ' '

2022-01-16 00:25:23 - [MESSAGE][PASSED] - Attribute 'class' of object '' is: ' '

2022-01-16 00:25:23 - [MESSAGE][PASSED] - Attribute 'class' of object '' is: ' '

2022-01-16 00:25:23 - [MESSAGE][PASSED] - Attribute 'class' of object '' is: ' '

2022-01-16 00:25:23 - [MESSAGE][PASSED] - Attribute 'class' of object '' is: ' '

2022-01-16 00:25:23 - [MESSAGE][PASSED] - Attribute 'class' of object '' is: ' '

2022-01-16 00:25:23 - [MESSAGE][PASSED] - Attribute 'class' of object '' is: ' '

2022-01-16 00:25:23 - [MESSAGE][PASSED] - Attribute 'class' of object '' is: ' '

2022-01-16 00:25:23 - [MESSAGE][PASSED] - Attribute 'class' of object '' is: ' '

2022-01-16 00:25:23 - [MESSAGE][PASSED] - Attribute 'class' of object '' is: ' '

2022-01-16 00:25:23 - [MESSAGE][PASSED] - Attribute 'class' of object '' is: ' '

2022-01-16 00:25:23 - [MESSAGE][PASSED] - Attribute 'class' of object '' is: ' '

2022-01-16 00:25:23 - [MESSAGE][PASSED] - Attribute 'class' of object '' is: ' '

2022-01-16 00:25:23 - [MESSAGE][PASSED] - Attribute 'class' of object '' is: ' '

2022-01-16 00:25:23 - [MESSAGE][PASSED] - Attribute 'class' of object '' is: ' '

2022-01-16 00:25:23 - [MESSAGE][PASSED] - Attribute 'class' of object '' is: ' '

2022-01-16 00:25:23 - [MESSAGE][PASSED] - Attribute 'class' of object '' is: ' '

2022-01-16 00:25:23 - [MESSAGE][PASSED] - Attribute 'class' of object '' is: ' '

2022-01-16 00:25:23 - [MESSAGE][PASSED] - Attribute 'class' of object '' is: ' '

2022-01-16 00:25:23 - [MESSAGE][PASSED] - Attribute 'class' of object '' is: ' '

2022-01-16 00:25:24 - [MESSAGE][PASSED] - Attribute 'class' of object '' is: ' '

2022-01-16 00:25:24 - [MESSAGE][PASSED] - Attribute 'class' of object '' is: ' '

2022-01-16 00:25:24 - [MESSAGE][PASSED] - Attribute 'class' of object '' is: ' '

2022-01-16 00:25:24 - [MESSAGE][PASSED] - Attribute 'class' of object '' is: ' '

2022-01-16 00:25:24 - [MESSAGE][PASSED] - Attribute 'class' of object '' is: ' '

2022-01-16 00:25:24 - [MESSAGE][PASSED] - Attribute 'class' of object '' is: ' '

2022-01-16 00:25:24 - [MESSAGE][PASSED] - Attribute 'class' of object '' is: ' '

2022-01-16 00:25:24 - [MESSAGE][PASSED] - Attribute 'class' of object '' is: ' '

2022-01-16 00:25:24 - [MESSAGE][PASSED] - Attribute 'class' of object '' is: ' '

2022-01-16 00:25:24 - [MESSAGE][PASSED] - Attribute 'class' of object '' is: ' '

2022-01-16 00:25:24 - [MESSAGE][PASSED] - Attribute 'class' of object '' is: ' '

2022-01-16 00:25:24 - [MESSAGE][PASSED] - Attribute 'class' of object '' is: ' '

2022-01-16 00:25:24 - [MESSAGE][PASSED] - Attribute 'class' of object '' is: ' '

2022-01-16 00:25:24 - [MESSAGE][PASSED] - Attribute 'class' of object '' is: ' '

2022-01-16 00:25:24 - [MESSAGE][PASSED] - Attribute 'class' of object '' is: ' '

2022-01-16 00:25:24 - [MESSAGE][PASSED] - Attribute 'class' of object '' is: ' '

2022-01-16 00:25:24 - [MESSAGE][PASSED] - Attribute 'class' of object '' is: ' '

2022-01-16 00:25:24 - [MESSAGE][PASSED] - Attribute 'class' of object '' is: ' '

2022-01-16 00:25:24 - [MESSAGE][PASSED] - Attribute 'class' of object '' is: ' '

2022-01-16 00:25:24 - [MESSAGE][PASSED] - Attribute 'class' of object '' is: ' '

2022-01-16 00:25:24 - [MESSAGE][PASSED] - Attribute 'class' of object '' is: ' '

2022-01-16 00:25:24 - [MESSAGE][PASSED] - Attribute 'class' of object '' is: ' '

2022-01-16 00:25:24 - [MESSAGE][PASSED] - Attribute 'class' of object '' is: ' '

2022-01-16 00:25:24 - [MESSAGE][PASSED] - Attribute 'class' of object '' is: ' '

2022-01-16 00:25:24 - [MESSAGE][PASSED] - Attribute 'class' of object '' is: ' '

2022-01-16 00:25:24 - [MESSAGE][PASSED] - Attribute 'class' of object '' is: ' '

2022-01-16 00:25:24 - [MESSAGE][PASSED] - Attribute 'class' of object '' is: ' '

2022-01-16 00:25:24 - [MESSAGE][PASSED] - Attribute 'class' of object '' is: ' '

2022-01-16 00:25:24 - [MESSAGE][PASSED] - Attribute 'class' of object '' is: ' '

2022-01-16 00:25:24 - [MESSAGE][PASSED] - Attribute 'class' of object '' is: ' '

2022-01-16 00:25:24 - [MESSAGE][PASSED] - Attribute 'class' of object '' is: ' '

2022-01-16 00:25:24 - [MESSAGE][PASSED] - Attribute 'class' of object '' is: ' '

2022-01-16 00:25:24 - [MESSAGE][PASSED] - Attribute 'class' of object '' is: ' '

2022-01-16 00:25:24 - [MESSAGE][PASSED] - Attribute 'class' of object '' is: ' '

2022-01-16 00:25:24 - [MESSAGE][PASSED] - Attribute 'class' of object '' is: ' '

2022-01-16 00:25:24 - [MESSAGE][PASSED] - Attribute 'class' of object '' is: ' '

2022-01-16 00:25:24 - [MESSAGE][PASSED] - Attribute 'class' of object '' is: ' '

2022-01-16 00:25:24 - [MESSAGE][PASSED] - Attribute 'class' of object '' is: ' '

2022-01-16 00:25:24 - [MESSAGE][PASSED] - Attribute 'class' of object '' is: ' '

2022-01-16 00:25:24 - [MESSAGE][PASSED] - Attribute 'class' of object '' is: ' '

2022-01-16 00:25:24 - [MESSAGE][PASSED] - Attribute 'class' of object '' is: ' '

2022-01-16 00:25:24 - [MESSAGE][PASSED] - Attribute 'class' of object '' is: ' '

2022-01-16 00:25:24 - [MESSAGE][PASSED] - Attribute 'class' of object '' is: ' '

2022-01-16 00:25:24 - [MESSAGE][PASSED] - Attribute 'class' of object '' is: ' '

2022-01-16 00:25:24 - [MESSAGE][PASSED] - Attribute 'class' of object '' is: ' '

2022-01-16 00:25:24 - [MESSAGE][PASSED] - Attribute 'class' of object '' is: ' '

2022-01-16 00:25:24 - [MESSAGE][PASSED] - Attribute 'class' of object '' is: ' '

2022-01-16 00:25:24 - [MESSAGE][PASSED] - Attribute 'class' of object '' is: ' '

2022-01-16 00:25:24 - [MESSAGE][PASSED] - Attribute 'class' of object '' is: ' '

2022-01-16 00:25:24 - [MESSAGE][PASSED] - Attribute 'class' of object '' is: ' '

2022-01-16 00:25:24 - [MESSAGE][PASSED] - Attribute 'class' of object '' is: ' '

2022-01-16 00:25:24 - [MESSAGE][PASSED] - Attribute 'class' of object '' is: ' '

2022-01-16 00:25:24 - [MESSAGE][PASSED] - Attribute 'class' of object '' is: ' '

2022-01-16 00:25:24 - [MESSAGE][PASSED] - Attribute 'class' of object '' is: ' '

2022-01-16 00:25:24 - [MESSAGE][PASSED] - Attribute 'class' of object '' is: ' '

2022-01-16 00:25:24 - [MESSAGE][PASSED] - Attribute 'class' of object '' is: ' '

2022-01-16 00:25:24 - [MESSAGE][PASSED] - Attribute 'class' of object '' is: ' '

2022-01-16 00:25:24 - [MESSAGE][PASSED] - Attribute 'class' of object '' is: ' '

2022-01-16 00:25:24 - [MESSAGE][PASSED] - Attribute 'class' of object '' is: ' '

2022-01-16 00:25:24 - [MESSAGE][PASSED] - Attribute 'class' of object '' is: ' '

2022-01-16 00:25:24 - [MESSAGE][PASSED] - Attribute 'class' of object '' is: ' '

2022-01-16 00:25:24 - [MESSAGE][PASSED] - Attribute 'class' of object '' is: ' '

2022-01-16 00:25:24 - [MESSAGE][PASSED] - Attribute 'class' of object '' is: ' '

2022-01-16 00:25:24 - [MESSAGE][PASSED] - Attribute 'class' of object '' is: ' '

2022-01-16 00:25:24 - [MESSAGE][PASSED] - Attribute 'class' of object '' is: ' '

2022-01-16 00:25:24 - [MESSAGE][PASSED] - Attribute 'class' of object '' is: ' '

2022-01-16 00:25:24 - [MESSAGE][PASSED] - Attribute 'class' of object '' is: ' '

2022-01-16 00:25:24 - [MESSAGE][PASSED] - Attribute 'class' of object '' is: ' '

2022-01-16 00:25:24 - [MESSAGE][PASSED] - Attribute 'class' of object '' is: ' '

2022-01-16 00:25:24 - [MESSAGE][PASSED] - Attribute 'class' of object '' is: ' '

2022-01-16 00:25:24 - [MESSAGE][PASSED] - Attribute 'class' of object '' is: ' '

2022-01-16 00:25:24 - [MESSAGE][PASSED] - Attribute 'class' of object '' is: ' '

2022-01-16 00:25:24 - [MESSAGE][PASSED] - Attribute 'class' of object '' is: ' '

2022-01-16 00:25:24 - [MESSAGE][PASSED] - Attribute 'class' of object '' is: ' '

2022-01-16 00:25:24 - [MESSAGE][PASSED] - Attribute 'class' of object '' is: ' '

2022-01-16 00:25:24 - [MESSAGE][PASSED] - Attribute 'class' of object '' is: ' '

2022-01-16 00:25:24 - [MESSAGE][PASSED] - Attribute 'class' of object '' is: ' '

2022-01-16 00:25:24 - [MESSAGE][PASSED] - Attribute 'class' of object '' is: ' '

2022-01-16 00:25:24 - [MESSAGE][PASSED] - Attribute 'class' of object '' is: ' '

2022-01-16 00:25:24 - [MESSAGE][PASSED] - Attribute 'class' of object '' is: ' '

2022-01-16 00:25:24 - [MESSAGE][PASSED] - Attribute 'class' of object '' is: ' '

2022-01-16 00:25:24 - [MESSAGE][PASSED] - Attribute 'class' of object '' is: ' '

2022-01-16 00:25:25 - [MESSAGE][PASSED] - Attribute 'class' of object '' is: ' '

2022-01-16 00:25:25 - [MESSAGE][PASSED] - Attribute 'class' of object '' is: ' '

2022-01-16 00:25:25 - [MESSAGE][PASSED] - Attribute 'class' of object '' is: ' '

2022-01-16 00:25:25 - [MESSAGE][PASSED] - Attribute 'class' of object '' is: ' '

2022-01-16 00:25:25 - [MESSAGE][PASSED] - Attribute 'class' of object '' is: ' '

2022-01-16 00:25:25 - [MESSAGE][PASSED] - Attribute 'class' of object '' is: ' '

2022-01-16 00:25:25 - [MESSAGE][PASSED] - Attribute 'class' of object '' is: ' '

2022-01-16 00:25:25 - [MESSAGE][PASSED] - Attribute 'class' of object '' is: ' '

2022-01-16 00:25:25 - [MESSAGE][PASSED] - Attribute 'class' of object '' is: ' '

2022-01-16 00:25:25 - [MESSAGE][PASSED] - Attribute 'class' of object '' is: ' '

2022-01-16 00:25:25 - [MESSAGE][PASSED] - Attribute 'class' of object '' is: ' '

2022-01-16 00:25:25 - [MESSAGE][PASSED] - Attribute 'class' of object '' is: ' '

2022-01-16 00:25:25 - [MESSAGE][PASSED] - Attribute 'class' of object '' is: ' '

2022-01-16 00:25:25 - [MESSAGE][PASSED] - Attribute 'class' of object '' is: ' '

2022-01-16 00:25:25 - [MESSAGE][PASSED] - Attribute 'class' of object '' is: ' '

2022-01-16 00:25:25 - [MESSAGE][PASSED] - Attribute 'class' of object '' is: ' '

2022-01-16 00:25:25 - [MESSAGE][PASSED] - Attribute 'class' of object '' is: ' '

2022-01-16 00:25:25 - [MESSAGE][PASSED] - Attribute 'class' of object '' is: ' '

2022-01-16 00:25:25 - [MESSAGE][PASSED] - Attribute 'class' of object '' is: ' '

2022-01-16 00:25:25 - [MESSAGE][PASSED] - Attribute 'class' of object '' is: ' '

2022-01-16 00:25:25 - [MESSAGE][PASSED] - Attribute 'class' of object '' is: ' '

2022-01-16 00:25:25 - [MESSAGE][PASSED] - Attribute 'class' of object '' is: ' '

2022-01-16 00:25:25 - [MESSAGE][PASSED] - Attribute 'class' of object '' is: ' '

2022-01-16 00:25:25 - [MESSAGE][PASSED] - Attribute 'class' of object '' is: ' '

2022-01-16 00:25:25 - [MESSAGE][PASSED] - Attribute 'class' of object '' is: ' '

2022-01-16 00:25:25 - [MESSAGE][PASSED] - Attribute 'class' of object '' is: ' '

2022-01-16 00:25:25 - [MESSAGE][PASSED] - Attribute 'class' of object '' is: ' '

2022-01-16 00:25:25 - [MESSAGE][PASSED] - Attribute 'class' of object '' is: ' '

2022-01-16 00:25:25 - [MESSAGE][PASSED] - Attribute 'class' of object '' is: ' '

2022-01-16 00:25:25 - [MESSAGE][PASSED] - Attribute 'class' of object '' is: ' '

2022-01-16 00:25:25 - [MESSAGE][PASSED] - Attribute 'class' of object '' is: ' '

2022-01-16 00:25:25 - [MESSAGE][PASSED] - Attribute 'class' of object '' is: ' '

2022-01-16 00:25:25 - [MESSAGE][PASSED] - Attribute 'class' of object '' is: ' '

2022-01-16 00:25:25 - [MESSAGE][PASSED] - Attribute 'class' of object '' is: ' '

2022-01-16 00:25:25 - [MESSAGE][PASSED] - Attribute 'class' of object '' is: ' '

2022-01-16 00:25:25 - [MESSAGE][PASSED] - Attribute 'class' of object '' is: ' '

2022-01-16 00:25:25 - [MESSAGE][PASSED] - Attribute 'class' of object '' is: ' '

2022-01-16 00:25:25 - [MESSAGE][PASSED] - Attribute 'class' of object '' is: ' '

2022-01-16 00:25:25 - [MESSAGE][PASSED] - Attribute 'class' of object '' is: ' '

2022-01-16 00:25:25 - [MESSAGE][PASSED] - Attribute 'class' of object '' is: ' '

2022-01-16 00:25:25 - [MESSAGE][PASSED] - Attribute 'class' of object '' is: ' '

2022-01-16 00:25:25 - [MESSAGE][PASSED] - Attribute 'class' of object '' is: ' '

2022-01-16 00:25:25 - [MESSAGE][PASSED] - Attribute 'class' of object '' is: ' '

2022-01-16 00:25:25 - [MESSAGE][PASSED] - Attribute 'class' of object '' is: ' '

2022-01-16 00:25:25 - [MESSAGE][PASSED] - Attribute 'class' of object '' is: ' '

2022-01-16 00:25:25 - [MESSAGE][PASSED] - Attribute 'class' of object '' is: ' '

2022-01-16 00:25:25 - [MESSAGE][PASSED] - Attribute 'class' of object '' is: ' '

2022-01-16 00:25:25 - [MESSAGE][PASSED] - Attribute 'class' of object '' is: ' '

2022-01-16 00:25:25 - [MESSAGE][PASSED] - Attribute 'class' of object '' is: ' '

2022-01-16 00:25:25 - [MESSAGE][PASSED] - Attribute 'class' of object '' is: ' '

2022-01-16 00:25:25 - [MESSAGE][PASSED] - Attribute 'class' of object '' is: ' '

2022-01-16 00:25:25 - [MESSAGE][PASSED] - Attribute 'class' of object '' is: ' '

2022-01-16 00:25:25 - [MESSAGE][PASSED] - Attribute 'class' of object '' is: ' '

2022-01-16 00:25:25 - [MESSAGE][PASSED] - Attribute 'class' of object '' is: ' '

2022-01-16 00:25:25 - [MESSAGE][PASSED] - Attribute 'class' of object '' is: ' '

2022-01-16 00:25:25 - [MESSAGE][PASSED] - Attribute 'class' of object '' is: ' '

2022-01-16 00:25:25 - [MESSAGE][PASSED] - Attribute 'class' of object '' is: ' '

2022-01-16 00:25:25 - [MESSAGE][PASSED] - Attribute 'class' of object '' is: ' '

2022-01-16 00:25:25 - [MESSAGE][PASSED] - Attribute 'class' of object '' is: ' '

2022-01-16 00:25:25 - [MESSAGE][PASSED] - Attribute 'class' of object '' is: ' '

2022-01-16 00:25:25 - [MESSAGE][PASSED] - Attribute 'class' of object '' is: ' '

2022-01-16 00:25:25 - [MESSAGE][PASSED] - Attribute 'class' of object '' is: ' '

2022-01-16 00:25:25 - [MESSAGE][PASSED] - Attribute 'class' of object '' is: ' '

2022-01-16 00:25:25 - [MESSAGE][PASSED] - Attribute 'class' of object '' is: ' '

2022-01-16 00:25:25 - [MESSAGE][PASSED] - Attribute 'class' of object '' is: ' '

2022-01-16 00:25:25 - [MESSAGE][PASSED] - Attribute 'class' of object '' is: ' '

2022-01-16 00:25:25 - [MESSAGE][PASSED] - Attribute 'class' of object '' is: ' '

2022-01-16 00:25:25 - [MESSAGE][PASSED] - Attribute 'class' of object '' is: ' '

2022-01-16 00:25:25 - [MESSAGE][PASSED] - Attribute 'class' of object '' is: ' '

2022-01-16 00:25:25 - [MESSAGE][PASSED] - Attribute 'class' of object '' is: ' '

2022-01-16 00:25:25 - [MESSAGE][PASSED] - Attribute 'class' of object '' is: ' '

2022-01-16 00:25:25 - [MESSAGE][PASSED] - Attribute 'class' of object '' is: ' '

2022-01-16 00:25:25 - [MESSAGE][PASSED] - Attribute 'class' of object '' is: ' '

2022-01-16 00:25:25 - [MESSAGE][PASSED] - Attribute 'class' of object '' is: ' '

2022-01-16 00:25:25 - [MESSAGE][PASSED] - Attribute 'class' of object '' is: ' '

2022-01-16 00:25:25 - [MESSAGE][PASSED] - Attribute 'class' of object '' is: ' '

2022-01-16 00:25:25 - [MESSAGE][PASSED] - Attribute 'class' of object '' is: ' '

2022-01-16 00:25:25 - [MESSAGE][PASSED] - Attribute 'class' of object '' is: ' '

2022-01-16 00:25:25 - [MESSAGE][PASSED] - Attribute 'class' of object '' is: ' '

2022-01-16 00:25:25 - [MESSAGE][PASSED] - Attribute 'class' of object '' is: ' '

2022-01-16 00:25:25 - [MESSAGE][PASSED] - Attribute 'class' of object '' is: ' '

2022-01-16 00:25:25 - [MESSAGE][PASSED] - Attribute 'class' of object '' is: ' '

2022-01-16 00:25:25 - [MESSAGE][PASSED] - Attribute 'class' of object '' is: ' '

2022-01-16 00:25:25 - [MESSAGE][PASSED] - Attribute 'class' of object '' is: ' '

2022-01-16 00:25:25 - [MESSAGE][PASSED] - Attribute 'class' of object '' is: ' '

2022-01-16 00:25:25 - [MESSAGE][PASSED] - Attribute 'class' of object '' is: ' '

2022-01-16 00:25:26 - [MESSAGE][PASSED] - Attribute 'class' of object '' is: ' '

2022-01-16 00:25:26 - [MESSAGE][PASSED] - Attribute 'class' of object '' is: ' '

2022-01-16 00:25:26 - [MESSAGE][PASSED] - Attribute 'class' of object '' is: ' '

2022-01-16 00:25:26 - [MESSAGE][PASSED] - Attribute 'class' of object '' is: ' '

2022-01-16 00:25:26 - [MESSAGE][PASSED] - Attribute 'class' of object '' is: ' '

2022-01-16 00:25:26 - [MESSAGE][PASSED] - Attribute 'class' of object '' is: ' '

2022-01-16 00:25:26 - [MESSAGE][PASSED] - Attribute 'class' of object '' is: ' '

2022-01-16 00:25:26 - [MESSAGE][PASSED] - Attribute 'class' of object '' is: ' '

2022-01-16 00:25:26 - [MESSAGE][PASSED] - Attribute 'class' of object '' is: ' '

2022-01-16 00:25:26 - [MESSAGE][PASSED] - Attribute 'class' of object '' is: ' '

2022-01-16 00:25:26 - [MESSAGE][PASSED] - Attribute 'class' of object '' is: ' '

2022-01-16 00:25:26 - [MESSAGE][PASSED] - Attribute 'class' of object '' is: ' '

2022-01-16 00:25:26 - [MESSAGE][PASSED] - Attribute 'class' of object '' is: ' '

2022-01-16 00:25:26 - [MESSAGE][PASSED] - Attribute 'class' of object '' is: ' '

2022-01-16 00:25:26 - [MESSAGE][PASSED] - Attribute 'class' of object '' is: ' '

2022-01-16 00:25:26 - [MESSAGE][PASSED] - Attribute 'class' of object '' is: ' '

2022-01-16 00:25:26 - [MESSAGE][PASSED] - Attribute 'class' of object '' is: ' '

2022-01-16 00:25:26 - [MESSAGE][PASSED] - Attribute 'class' of object '' is: ' '

2022-01-16 00:25:26 - [MESSAGE][PASSED] - Attribute 'class' of object '' is: ' '

2022-01-16 00:25:26 - [MESSAGE][PASSED] - Attribute 'class' of object '' is: ' '

2022-01-16 00:25:26 - [MESSAGE][PASSED] - Attribute 'class' of object '' is: ' '

2022-01-16 00:25:26 - [MESSAGE][PASSED] - Attribute 'class' of object '' is: ' '

2022-01-16 00:25:26 - [MESSAGE][PASSED] - Attribute 'class' of object '' is: ' '

2022-01-16 00:25:26 - [MESSAGE][PASSED] - Attribute 'class' of object '' is: ' '

2022-01-16 00:25:26 - [MESSAGE][PASSED] - Attribute 'class' of object '' is: ' '

2022-01-16 00:25:26 - [MESSAGE][PASSED] - Attribute 'class' of object '' is: ' '

2022-01-16 00:25:26 - [MESSAGE][PASSED] - Attribute 'class' of object '' is: ' '

2022-01-16 00:25:26 - [MESSAGE][PASSED] - Attribute 'class' of object '' is: ' '

2022-01-16 00:25:26 - [MESSAGE][PASSED] - Attribute 'class' of object '' is: ' '

2022-01-16 00:25:26 - [MESSAGE][PASSED] - Attribute 'class' of object '' is: ' '

2022-01-16 00:25:26 - [MESSAGE][PASSED] - Attribute 'class' of object '' is: ' '

2022-01-16 00:25:26 - [MESSAGE][PASSED] - Attribute 'class' of object '' is: ' '

2022-01-16 00:25:26 - [MESSAGE][PASSED] - Attribute 'class' of object '' is: ' '

2022-01-16 00:25:26 - [MESSAGE][PASSED] - Attribute 'class' of object '' is: ' '

2022-01-16 00:25:26 - [MESSAGE][PASSED] - Attribute 'class' of object '' is: ' '

2022-01-16 00:25:26 - [MESSAGE][PASSED] - Attribute 'class' of object '' is: ' '

2022-01-16 00:25:26 - [MESSAGE][PASSED] - Attribute 'class' of object '' is: ' '

2022-01-16 00:25:26 - [MESSAGE][PASSED] - Attribute 'class' of object '' is: ' '

2022-01-16 00:25:26 - [MESSAGE][PASSED] - Attribute 'class' of object '' is: ' '

2022-01-16 00:25:26 - [MESSAGE][PASSED] - Attribute 'class' of object '' is: ' '

2022-01-16 00:25:26 - [MESSAGE][PASSED] - Attribute 'class' of object '' is: ' '

2022-01-16 00:25:26 - [MESSAGE][PASSED] - Attribute 'class' of object '' is: ' '

2022-01-16 00:25:26 - [MESSAGE][PASSED] - Attribute 'class' of object '' is: ' '

2022-01-16 00:25:26 - [MESSAGE][PASSED] - Attribute 'class' of object '' is: ' '

2022-01-16 00:25:26 - [MESSAGE][PASSED] - Attribute 'class' of object '' is: ' '

2022-01-16 00:25:26 - [MESSAGE][PASSED] - Attribute 'class' of object '' is: ' '

2022-01-16 00:25:26 - [MESSAGE][PASSED] - Attribute 'class' of object '' is: ' '

2022-01-16 00:25:26 - [MESSAGE][PASSED] - Attribute 'class' of object '' is: ' '

2022-01-16 00:25:26 - [MESSAGE][PASSED] - Attribute 'class' of object '' is: ' '

2022-01-16 00:25:26 - [MESSAGE][PASSED] - Attribute 'class' of object '' is: ' '

2022-01-16 00:25:26 - [MESSAGE][PASSED] - Attribute 'class' of object '' is: ' '

2022-01-16 00:25:26 - [MESSAGE][PASSED] - Attribute 'class' of object '' is: ' '

2022-01-16 00:25:26 - [MESSAGE][PASSED] - Attribute 'class' of object '' is: ' '

2022-01-16 00:25:26 - [MESSAGE][PASSED] - Attribute 'class' of object '' is: ' '

2022-01-16 00:25:26 - [MESSAGE][PASSED] - Attribute 'class' of object '' is: ' '

2022-01-16 00:25:26 - [MESSAGE][PASSED] - Attribute 'class' of object '' is: ' '

2022-01-16 00:25:26 - [MESSAGE][PASSED] - Attribute 'class' of object '' is: ' '

2022-01-16 00:25:26 - [MESSAGE][PASSED] - Attribute 'class' of object '' is: ' '

2022-01-16 00:25:26 - [MESSAGE][PASSED] - Attribute 'class' of object '' is: ' '

2022-01-16 00:25:26 - [MESSAGE][PASSED] - Attribute 'class' of object '' is: ' '

2022-01-16 00:25:26 - [MESSAGE][PASSED] - Attribute 'class' of object '' is: ' '

2022-01-16 00:25:26 - [MESSAGE][PASSED] - Attribute 'class' of object '' is: ' '

2022-01-16 00:25:26 - [MESSAGE][PASSED] - Attribute 'class' of object '' is: ' '

2022-01-16 00:25:26 - [MESSAGE][PASSED] - Attribute 'class' of object '' is: ' '

2022-01-16 00:25:26 - [MESSAGE][PASSED] - Attribute 'class' of object '' is: ' '

2022-01-16 00:25:26 - [MESSAGE][PASSED] - Attribute 'class' of object '' is: ' '

2022-01-16 00:25:26 - [MESSAGE][PASSED] - Attribute 'class' of object '' is: ' '

2022-01-16 00:25:26 - [MESSAGE][PASSED] - Attribute 'class' of object '' is: ' '

2022-01-16 00:25:26 - [MESSAGE][PASSED] - Attribute 'class' of object '' is: ' '

2022-01-16 00:25:26 - [MESSAGE][PASSED] - Attribute 'class' of object '' is: ' '

2022-01-16 00:25:26 - [MESSAGE][PASSED] - Attribute 'class' of object '' is: ' '

2022-01-16 00:25:26 - [MESSAGE][PASSED] - Attribute 'class' of object '' is: ' '

2022-01-16 00:25:26 - [MESSAGE][PASSED] - Attribute 'class' of object '' is: ' '

2022-01-16 00:25:26 - [MESSAGE][PASSED] - Attribute 'class' of object '' is: ' '

2022-01-16 00:25:26 - [MESSAGE][PASSED] - Attribute 'class' of object '' is: ' '

2022-01-16 00:25:26 - [MESSAGE][PASSED] - Attribute 'class' of object '' is: ' '

2022-01-16 00:25:26 - [MESSAGE][PASSED] - Attribute 'class' of object '' is: ' '

2022-01-16 00:25:26 - [MESSAGE][PASSED] - Attribute 'class' of object '' is: ' '

2022-01-16 00:25:26 - [MESSAGE][PASSED] - Attribute 'class' of object '' is: ' '

2022-01-16 00:25:26 - [MESSAGE][PASSED] - Attribute 'class' of object '' is: ' '

2022-01-16 00:25:26 - [MESSAGE][PASSED] - Attribute 'class' of object '' is: ' '

2022-01-16 00:25:27 - [MESSAGE][PASSED] - Attribute 'class' of object '' is: ' '

2022-01-16 00:25:27 - [MESSAGE][PASSED] - Attribute 'class' of object '' is: ' '

2022-01-16 00:25:27 - [MESSAGE][PASSED] - Attribute 'class' of object '' is: ' '

2022-01-16 00:25:27 - [MESSAGE][PASSED] - Attribute 'class' of object '' is: ' '

2022-01-16 00:25:27 - [MESSAGE][PASSED] - Attribute 'class' of object '' is: ' '

2022-01-16 00:25:27 - [MESSAGE][PASSED] - Attribute 'class' of object '' is: ' '

2022-01-16 00:25:27 - [MESSAGE][PASSED] - Attribute 'class' of object '' is: ' '

2022-01-16 00:25:27 - [MESSAGE][PASSED] - Attribute 'class' of object '' is: ' '

2022-01-16 00:25:27 - [MESSAGE][PASSED] - Attribute 'class' of object '' is: ' '

2022-01-16 00:25:27 - [MESSAGE][PASSED] - Attribute 'class' of object '' is: ' '

2022-01-16 00:25:27 - [MESSAGE][PASSED] - Attribute 'class' of object '' is: ' '

2022-01-16 00:25:27 - [MESSAGE][PASSED] - Attribute 'class' of object '' is: ' '

2022-01-16 00:25:27 - [MESSAGE][PASSED] - Attribute 'class' of object '' is: ' '

2022-01-16 00:25:27 - [MESSAGE][PASSED] - Attribute 'class' of object '' is: ' '

2022-01-16 00:25:27 - [MESSAGE][PASSED] - Attribute 'class' of object '' is: ' '

2022-01-16 00:25:27 - [MESSAGE][PASSED] - Attribute 'class' of object '' is: ' '

2022-01-16 00:25:27 - [MESSAGE][PASSED] - Attribute 'class' of object '' is: ' '

2022-01-16 00:25:27 - [MESSAGE][PASSED] - Attribute 'class' of object '' is: ' '

2022-01-16 00:25:27 - [MESSAGE][PASSED] - Attribute 'class' of object '' is: ' '

2022-01-16 00:25:27 - [MESSAGE][PASSED] - Attribute 'class' of object '' is: ' '

2022-01-16 00:25:27 - [MESSAGE][PASSED] - Attribute 'class' of object '' is: ' '

2022-01-16 00:25:27 - [MESSAGE][PASSED] - Attribute 'class' of object '' is: ' '

2022-01-16 00:25:27 - [MESSAGE][PASSED] - Attribute 'class' of object '' is: ' '

2022-01-16 00:25:27 - [MESSAGE][PASSED] - Attribute 'class' of object '' is: ' '

2022-01-16 00:25:27 - [MESSAGE][PASSED] - Attribute 'class' of object '' is: ' '

2022-01-16 00:25:27 - [MESSAGE][PASSED] - Attribute 'class' of object '' is: ' '

2022-01-16 00:25:27 - [MESSAGE][PASSED] - Attribute 'class' of object '' is: ' '

2022-01-16 00:25:27 - [MESSAGE][PASSED] - Attribute 'class' of object '' is: ' '

2022-01-16 00:25:27 - [MESSAGE][PASSED] - Attribute 'class' of object '' is: ' '

2022-01-16 00:25:27 - [MESSAGE][PASSED] - Attribute 'class' of object '' is: ' '

2022-01-16 00:25:27 - [MESSAGE][PASSED] - Attribute 'class' of object '' is: ' '

2022-01-16 00:25:27 - [MESSAGE][PASSED] - Attribute 'class' of object '' is: ' '

2022-01-16 00:25:27 - [MESSAGE][PASSED] - Attribute 'class' of object '' is: ' '

2022-01-16 00:25:27 - [MESSAGE][PASSED] - Attribute 'class' of object '' is: ' '

2022-01-16 00:25:27 - [MESSAGE][PASSED] - Attribute 'class' of object '' is: ' '

2022-01-16 00:25:27 - [MESSAGE][PASSED] - Attribute 'class' of object '' is: ' '

2022-01-16 00:25:27 - [MESSAGE][PASSED] - Attribute 'class' of object '' is: ' '

2022-01-16 00:25:27 - [MESSAGE][PASSED] - Attribute 'class' of object '' is: ' '

2022-01-16 00:25:27 - [MESSAGE][PASSED] - Attribute 'class' of object '' is: ' '

2022-01-16 00:25:27 - [MESSAGE][PASSED] - Attribute 'class' of object '' is: ' '

2022-01-16 00:25:27 - [MESSAGE][PASSED] - Attribute 'class' of object '' is: ' '

2022-01-16 00:25:27 - [MESSAGE][PASSED] - Attribute 'class' of object '' is: ' '

2022-01-16 00:25:27 - [MESSAGE][PASSED] - Attribute 'class' of object '' is: ' '

2022-01-16 00:25:27 - [MESSAGE][PASSED] - Attribute 'class' of object '' is: ' '

2022-01-16 00:25:27 - [MESSAGE][PASSED] - Attribute 'class' of object '' is: ' '

2022-01-16 00:25:27 - [MESSAGE][PASSED] - Attribute 'class' of object '' is: ' '

2022-01-16 00:25:27 - [MESSAGE][PASSED] - Attribute 'class' of object '' is: ' '

2022-01-16 00:25:27 - [MESSAGE][PASSED] - Attribute 'class' of object '' is: ' '

2022-01-16 00:25:27 - [MESSAGE][PASSED] - Attribute 'class' of object '' is: ' '

2022-01-16 00:25:27 - [MESSAGE][PASSED] - Attribute 'class' of object '' is: ' '

2022-01-16 00:25:27 - [MESSAGE][PASSED] - Attribute 'class' of object '' is: ' '

2022-01-16 00:25:27 - [MESSAGE][PASSED] - Attribute 'class' of object '' is: ' '

2022-01-16 00:25:27 - [MESSAGE][PASSED] - Attribute 'class' of object '' is: ' '

2022-01-16 00:25:27 - [MESSAGE][PASSED] - Attribute 'class' of object '' is: ' '

2022-01-16 00:25:27 - [MESSAGE][PASSED] - Attribute 'class' of object '' is: ' '

2022-01-16 00:25:27 - [MESSAGE][PASSED] - Attribute 'class' of object '' is: ' '

2022-01-16 00:25:27 - [MESSAGE][PASSED] - Attribute 'class' of object '' is: ' '

2022-01-16 00:25:27 - [MESSAGE][PASSED] - Attribute 'class' of object '' is: ' '

2022-01-16 00:25:27 - [MESSAGE][PASSED] - Attribute 'class' of object '' is: ' '

2022-01-16 00:25:27 - [MESSAGE][PASSED] - Attribute 'class' of object '' is: ' '

2022-01-16 00:25:27 - [MESSAGE][PASSED] - Attribute 'class' of object '' is: ' '

2022-01-16 00:25:27 - [MESSAGE][PASSED] - Attribute 'class' of object '' is: ' '

2022-01-16 00:25:27 - [MESSAGE][PASSED] - Attribute 'class' of object '' is: ' '

2022-01-16 00:25:27 - [MESSAGE][PASSED] - Attribute 'class' of object '' is: ' '

2022-01-16 00:25:27 - [MESSAGE][PASSED] - Attribute 'class' of object '' is: ' '

2022-01-16 00:25:27 - [MESSAGE][PASSED] - Attribute 'class' of object '' is: ' '

2022-01-16 00:25:27 - [MESSAGE][PASSED] - Attribute 'class' of object '' is: ' '

2022-01-16 00:25:27 - [MESSAGE][PASSED] - Attribute 'class' of object '' is: ' '

2022-01-16 00:25:27 - [MESSAGE][PASSED] - Attribute 'class' of object '' is: ' '

2022-01-16 00:25:27 - [MESSAGE][PASSED] - Attribute 'class' of object '' is: ' '

2022-01-16 00:25:27 - [MESSAGE][PASSED] - Attribute 'class' of object '' is: ' '

2022-01-16 00:25:27 - [MESSAGE][PASSED] - Attribute 'class' of object '' is: ' '

2022-01-16 00:25:27 - [MESSAGE][PASSED] - Attribute 'class' of object '' is: ' '

2022-01-16 00:25:27 - [MESSAGE][PASSED] - Attribute 'class' of object '' is: ' '

2022-01-16 00:25:27 - [MESSAGE][PASSED] - Attribute 'class' of object '' is: ' '

2022-01-16 00:25:27 - [MESSAGE][PASSED] - Attribute 'class' of object '' is: ' '

2022-01-16 00:25:27 - [MESSAGE][PASSED] - Attribute 'class' of object '' is: ' '

2022-01-16 00:25:27 - [MESSAGE][PASSED] - Attribute 'class' of object '' is: ' '

2022-01-16 00:25:27 - [MESSAGE][PASSED] - Attribute 'class' of object '' is: ' '

2022-01-16 00:25:27 - [MESSAGE][PASSED] - Attribute 'class' of object '' is: ' '

2022-01-16 00:25:27 - [MESSAGE][PASSED] - Attribute 'class' of object '' is: ' '

2022-01-16 00:25:27 - [MESSAGE][PASSED] - Attribute 'class' of object '' is: ' '

2022-01-16 00:25:27 - [MESSAGE][PASSED] - Attribute 'class' of object '' is: ' '

2022-01-16 00:25:27 - [MESSAGE][PASSED] - Attribute 'class' of object '' is: ' '

2022-01-16 00:25:27 - [MESSAGE][PASSED] - Attribute 'class' of object '' is: ' '

2022-01-16 00:25:27 - [MESSAGE][PASSED] - Attribute 'class' of object '' is: ' '

2022-01-16 00:25:27 - [MESSAGE][PASSED] - Attribute 'class' of object '' is: ' '

2022-01-16 00:25:27 - [MESSAGE][PASSED] - Attribute 'class' of object '' is: ' '

2022-01-16 00:25:27 - [MESSAGE][PASSED] - Attribute 'class' of object '' is: ' '

2022-01-16 00:25:27 - [MESSAGE][PASSED] - Attribute 'class' of object '' is: ' '

2022-01-16 00:25:27 - [MESSAGE][PASSED] - Attribute 'class' of object '' is: ' '

2022-01-16 00:25:27 - [MESSAGE][PASSED] - Attribute 'class' of object '' is: ' '

2022-01-16 00:25:27 - [MESSAGE][PASSED] - Attribute 'class' of object '' is: ' '

2022-01-16 00:25:27 - [MESSAGE][PASSED] - Attribute 'class' of object '' is: ' '

2022-01-16 00:25:28 - [MESSAGE][PASSED] - Attribute 'class' of object '' is: ' '

2022-01-16 00:25:28 - [MESSAGE][PASSED] - Attribute 'class' of object '' is: ' '

2022-01-16 00:25:28 - [MESSAGE][PASSED] - Attribute 'class' of object '' is: ' '

2022-01-16 00:25:28 - [MESSAGE][PASSED] - Attribute 'class' of object '' is: ' '

2022-01-16 00:25:28 - [MESSAGE][PASSED] - Attribute 'class' of object '' is: ' '

2022-01-16 00:25:28 - [MESSAGE][PASSED] - Attribute 'class' of object '' is: ' '

2022-01-16 00:25:28 - [MESSAGE][PASSED] - Attribute 'class' of object '' is: ' '

2022-01-16 00:25:28 - [MESSAGE][PASSED] - Attribute 'class' of object '' is: ' '

2022-01-16 00:25:28 - [MESSAGE][PASSED] - Attribute 'class' of object '' is: ' '

2022-01-16 00:25:28 - [MESSAGE][PASSED] - Attribute 'class' of object '' is: ' '

2022-01-16 00:25:28 - [MESSAGE][PASSED] - Attribute 'class' of object '' is: ' '

2022-01-16 00:25:28 - [MESSAGE][PASSED] - Attribute 'class' of object '' is: ' '

2022-01-16 00:25:28 - [MESSAGE][PASSED] - Attribute 'class' of object '' is: ' '

2022-01-16 00:25:28 - [MESSAGE][PASSED] - Attribute 'class' of object '' is: ' '

2022-01-16 00:25:28 - [MESSAGE][PASSED] - Attribute 'class' of object '' is: ' '

2022-01-16 00:25:28 - [MESSAGE][PASSED] - Attribute 'class' of object '' is: ' '

2022-01-16 00:25:28 - [MESSAGE][PASSED] - Attribute 'class' of object '' is: ' '

2022-01-16 00:25:28 - [MESSAGE][PASSED] - Attribute 'class' of object '' is: ' '

2022-01-16 00:25:28 - [MESSAGE][PASSED] - Attribute 'class' of object '' is: ' '

2022-01-16 00:25:28 - [MESSAGE][PASSED] - Attribute 'class' of object '' is: ' '

2022-01-16 00:25:28 - [MESSAGE][PASSED] - Attribute 'class' of object '' is: ' '

2022-01-16 00:25:28 - [MESSAGE][PASSED] - Attribute 'class' of object '' is: ' '

2022-01-16 00:25:28 - [MESSAGE][PASSED] - Attribute 'class' of object '' is: ' '

2022-01-16 00:25:28 - [MESSAGE][PASSED] - Attribute 'class' of object '' is: ' '

2022-01-16 00:25:28 - [MESSAGE][PASSED] - Attribute 'class' of object '' is: ' '

2022-01-16 00:25:28 - [MESSAGE][PASSED] - Attribute 'class' of object '' is: ' '

2022-01-16 00:25:28 - [MESSAGE][PASSED] - Attribute 'class' of object '' is: ' '

2022-01-16 00:25:28 - [MESSAGE][PASSED] - Attribute 'class' of object '' is: ' '

2022-01-16 00:25:28 - [MESSAGE][PASSED] - Attribute 'class' of object '' is: ' '

2022-01-16 00:25:28 - [MESSAGE][PASSED] - Attribute 'class' of object '' is: ' '

2022-01-16 00:25:28 - [MESSAGE][PASSED] - Attribute 'class' of object '' is: ' '

2022-01-16 00:25:28 - [MESSAGE][PASSED] - Attribute 'class' of object '' is: ' '

2022-01-16 00:25:28 - [MESSAGE][PASSED] - Attribute 'class' of object '' is: ' '

2022-01-16 00:25:28 - [MESSAGE][PASSED] - Attribute 'class' of object '' is: ' '

2022-01-16 00:25:28 - [MESSAGE][PASSED] - Attribute 'class' of object '' is: ' '

2022-01-16 00:25:28 - [MESSAGE][PASSED] - Attribute 'class' of object '' is: ' '

2022-01-16 00:25:28 - [MESSAGE][PASSED] - Attribute 'class' of object '' is: ' '

2022-01-16 00:25:28 - [MESSAGE][PASSED] - Attribute 'class' of object '' is: ' '

2022-01-16 00:25:28 - [MESSAGE][PASSED] - Attribute 'class' of object '' is: ' '

2022-01-16 00:25:28 - [MESSAGE][PASSED] - Attribute 'class' of object '' is: ' '

2022-01-16 00:25:28 - [MESSAGE][PASSED] - Attribute 'class' of object '' is: ' '

2022-01-16 00:25:28 - [MESSAGE][PASSED] - Attribute 'class' of object '' is: ' '

2022-01-16 00:25:28 - [MESSAGE][PASSED] - Attribute 'class' of object '' is: ' '

2022-01-16 00:25:28 - [MESSAGE][PASSED] - Attribute 'class' of object '' is: ' '

2022-01-16 00:25:28 - [MESSAGE][PASSED] - Attribute 'class' of object '' is: ' '

2022-01-16 00:25:28 - [MESSAGE][PASSED] - Attribute 'class' of object '' is: ' '

2022-01-16 00:25:28 - [MESSAGE][PASSED] - Attribute 'class' of object '' is: ' '

2022-01-16 00:25:28 - [MESSAGE][PASSED] - Attribute 'class' of object '' is: ' '

2022-01-16 00:25:28 - [MESSAGE][PASSED] - Attribute 'class' of object '' is: ' '

2022-01-16 00:25:28 - [MESSAGE][PASSED] - Attribute 'class' of object '' is: ' '

2022-01-16 00:25:28 - [MESSAGE][PASSED] - Attribute 'class' of object '' is: ' '

2022-01-16 00:25:28 - [MESSAGE][PASSED] - Attribute 'class' of object '' is: ' '

2022-01-16 00:25:28 - [MESSAGE][PASSED] - Attribute 'class' of object '' is: ' '

2022-01-16 00:25:28 - [MESSAGE][PASSED] - Attribute 'class' of object '' is: ' '

2022-01-16 00:25:28 - [MESSAGE][PASSED] - Attribute 'class' of object '' is: ' '

2022-01-16 00:25:28 - [MESSAGE][PASSED] - Attribute 'class' of object '' is: ' '

2022-01-16 00:25:28 - [MESSAGE][PASSED] - Attribute 'class' of object '' is: ' '

2022-01-16 00:25:28 - [MESSAGE][PASSED] - Attribute 'class' of object '' is: ' '

2022-01-16 00:25:28 - [MESSAGE][PASSED] - Attribute 'class' of object '' is: ' '

2022-01-16 00:25:28 - [MESSAGE][PASSED] - Attribute 'class' of object '' is: ' '

2022-01-16 00:25:28 - [MESSAGE][PASSED] - Attribute 'class' of object '' is: ' '

2022-01-16 00:25:28 - [MESSAGE][PASSED] - Attribute 'class' of object '' is: ' '

2022-01-16 00:25:28 - [MESSAGE][PASSED] - Attribute 'class' of object '' is: ' '

2022-01-16 00:25:28 - [MESSAGE][PASSED] - Attribute 'class' of object '' is: ' '

2022-01-16 00:25:28 - [MESSAGE][PASSED] - Attribute 'class' of object '' is: ' '

2022-01-16 00:25:28 - [MESSAGE][PASSED] - Attribute 'class' of object '' is: ' '

2022-01-16 00:25:28 - [TEST_STEP][PASSED] - SearchResultHelper.checkSearchPagePagination(): Get CSS 'color' value on 'Object Repository/Search Result/span_pagenationLeftArrow' successfully: 'rgb(220, 221, 222)'.

2022-01-16 00:25:29 - [MESSAGE][PASSED] - Object 'Object Repository/Search Result/div.pagenationSection' is present

2022-01-16 00:25:29 - [MESSAGE][PASSED] - Get CSS 'background-color' value on 'Object Repository/Search Result/span_currentPagenation' successfully: 'rgb(82, 36, 127)'.

2022-01-16 00:25:29 - [MESSAGE][PASSED] - Get CSS 'color' value on 'Object Repository/Search Result/span_currentPagenation' successfully: 'rgb(255, 255, 255)'.

2022-01-16 00:25:30 - [MESSAGE][PASSED] - Attribute 'class' of object 'Object Repository/Search Result/span_pagenationLeftArrow' is: 'pagination-item pagination-navigation-item disabled'

2022-01-16 00:25:30 - [MESSAGE][PASSED] - Get CSS 'color' value on 'Object Repository/Search Result/span_pagenationLeftArrow' successfully: 'rgb(220, 221, 222)'.

2022-01-16 00:25:30 - [TEST_STEP][PASSED] - SearchResultHelper.selectProductFilters(): Text of object 'Object Repository/Search Result/h2_productListHeading' is: 'RESULTS FOR "PLASTIC" (1)'

2022-01-16 00:25:31 - [MESSAGE][PASSED] - Object: 'Object Repository/Filter/a_packagingProduct' is clicked on

2022-01-16 00:25:32 - [MESSAGE][PASSED] - Web element with id: 'Object Repository/General/div_pagleLoader' located by 'By.cssSelector: div.page-overlay' is not present after '3' second(s)

2022-01-16 00:25:32 - [MESSAGE][PASSED] - Text of object 'Object Repository/Filter/li_packagingProduct' is: 'Packaging Products (58)'

2022-01-16 00:25:33 - [MESSAGE][PASSED] - Text of object 'Object Repository/Search Result/h2_productListHeading' is: 'RESULTS FOR "PLASTIC" (58)'

2022-01-16 00:25:34 - [MESSAGE][PASSED] - Attribute 'class' of object 'Object Repository/Filter/li_packagingProduct' is: 'selected '

2022-01-16 00:25:34 - [MESSAGE][PASSED] - Object: 'Object Repository/Filter/a_plasticBags' is clicked on

2022-01-16 00:25:35 - [MESSAGE][PASSED] - Web element with id: 'Object Repository/General/div_pagleLoader' located by 'By.cssSelector: div.page-overlay' is not present after '3' second(s)

2022-01-16 00:25:35 - [MESSAGE][PASSED] - Attribute 'class' of object 'Object Repository/Filter/li_plasticBags' is: 'selected '

2022-01-16 00:25:36 - [MESSAGE][PASSED] - Object: '' is clicked on

2022-01-16 00:25:37 - [MESSAGE][PASSED] - Attribute 'class' of object '' is: 'block-title'

2022-01-16 00:25:37 - [MESSAGE][PASSED] - Attribute 'class' of object '' is: 'block-content collapsed collapse in'

2022-01-16 00:25:38 - [MESSAGE][PASSED] - Object: 'Object Repository/Filter/a_greenColor' is clicked on

2022-01-16 00:25:38 - [MESSAGE][PASSED] - Web element with id: 'Object Repository/General/div_pagleLoader' located by 'By.cssSelector: div.page-overlay' is not present after '3' second(s)

2022-01-16 00:25:39 - [MESSAGE][PASSED] - Attribute 'class' of object 'Object Repository/Filter/li_greenColor' is: 'selected '

2022-01-16 00:25:39 - [MESSAGE][PASSED] - Text of object 'Object Repository/Filter/li_greenColor' is: 'Green (1)'

2022-01-16 00:25:40 - [MESSAGE][PASSED] - Text of object 'Object Repository/Search Result/h2_productListHeading' is: 'RESULTS FOR "PLASTIC" (1)'

2022-01-16 00:25:40 - [TEST_STEP][PASSED] - SearchResultPageActions.NavigateToProductDetailsPage(): Object: 'Object Repository/Product details/a_productItem' is clicked on

2022-01-16 00:25:40 - [MESSAGE][PASSED] - Attribute 'href' of object 'Object Repository/Search Result/a_productItemLink' is: 'https://www.cleanersupply.com/Bags/Plastic-Bags/Comforter/comforterblanket-bags-12pack/'

2022-01-16 00:25:40 - [MESSAGE][PASSED] - Text of object 'Object Repository/Search Result/h2_productName' is: 'COMFORTER/BLANKET BAGS - 12/PACK'

2022-01-16 00:25:41 - [MESSAGE][PASSED] - Text of object 'Object Repository/Search Result/div_priceRange' is: '$6.50 - $14.88
List $9.72 - $18.96'

2022-01-16 00:25:41 - [MESSAGE][PASSED] - Text of object 'Object Repository/Search Result/span_availability' is: 'Available in 5 colors'

2022-01-16 00:25:47 - [MESSAGE][PASSED] - Object: 'Object Repository/Product details/a_productItem' is clicked on

2022-01-16 00:25:47 - [TEST_STEP][PASSED] - ProductDetailsHelpers.initProductDetailsPage(): Object 'Object Repository/Product details/button_addToCart' is NOT visible

2022-01-16 00:25:47 - [MESSAGE][PASSED] - Current window's title is: 'Comforter/Blanket Bags - 12/Pack - Cleaner's Supply'

2022-01-16 00:25:47 - [MESSAGE][PASSED] - Current window's url is: 'https://www.cleanersupply.com/Bags/Plastic-Bags/Comforter/comforterblanket-bags-12pack/?sku=COMF3BK'

2022-01-16 00:25:48 - [MESSAGE][PASSED] - Text of object 'Object Repository/Product details/ul_breadcrumb' is: 'Bags Plastic Bags Comforter'

2022-01-16 00:25:49 - [MESSAGE][PASSED] - Attribute 'class' of object '' is: 'xlarge option-box selected'

2022-01-16 00:25:49 - [MESSAGE][PASSED] - Get CSS 'background-color' value on '' successfully: 'rgb(65, 64, 66)'.

2022-01-16 00:25:49 - [MESSAGE][PASSED] - Get CSS 'color' value on '' successfully: 'rgb(255, 255, 255)'.

2022-01-16 00:25:49 - [MESSAGE][PASSED] - Text of object 'Object Repository/Product details/div_stockNotifcations' is: 'Currently Unavailable.'

2022-01-16 00:25:50 - [MESSAGE][PASSED] - Get CSS 'color' value on 'Object Repository/Product details/div_stockNotifcations' successfully: 'rgb(237, 28, 36)'.

2022-01-16 00:25:50 - [MESSAGE][PASSED] - Text of object 'Object Repository/Product details/span_skuNumber' is: 'COMF3BK'

2022-01-16 00:25:50 - [MESSAGE][PASSED] - Object 'Object Repository/Product details/h1_productName' is present

2022-01-16 00:25:51 - [MESSAGE][PASSED] - Text of object 'Object Repository/Product details/h1_productName' is: 'X-SMALL BLANKET BAG W/NON-WOVEN SIDES - 15" X 18" X 3" - 12/PACK - BLACK'

2022-01-16 00:25:51 - [MESSAGE][PASSED] - Text of object 'Object Repository/Product details/span_productPrice' is: '$8.64'

2022-01-16 00:25:51 - [MESSAGE][PASSED] - Object 'Object Repository/Product details/a_blackColor' is present

2022-01-16 00:25:52 - [MESSAGE][PASSED] - Attribute 'class' of object 'Object Repository/Product details/a_blackColor' is: 'option-box selected'

2022-01-16 00:25:52 - [MESSAGE][PASSED] - Text of object 'Object Repository/Product details/span_selectedColor' is: 'BLACK'

2022-01-16 00:25:52 - [MESSAGE][PASSED] - Object 'Object Repository/Product details/i_favorite' is NOT visible

2022-01-16 00:25:53 - [MESSAGE][PASSED] - Object 'Object Repository/Product details/button_addToCart' is NOT visible

2022-01-16 00:25:53 - [TEST_STEP][PASSED] - ProductDetailsHelpers.hoverEffectAndClickXLargeSizeLink(): Get CSS 'background-color' value on 'Object Repository/Product details/button_addToCart' successfully: 'rgb(82, 36, 127)'.

2022-01-16 00:25:53 - [MESSAGE][PASSED] - Object: 'Object Repository/Product details/a_xLargeLink' is hovered

2022-01-16 00:25:53 - [MESSAGE][PASSED] - Get CSS 'background-color' value on 'Object Repository/Product details/a_xLargeLink' successfully: 'rgb(119, 120, 123)'.

2022-01-16 00:25:54 - [MESSAGE][PASSED] - Get CSS 'color' value on 'Object Repository/Product details/a_xLargeLink' successfully: 'rgb(255, 255, 255)'.

2022-01-16 00:25:54 - [MESSAGE][PASSED] - Object: 'Object Repository/Product details/a_xLargeLink' is clicked on

2022-01-16 00:25:55 - [MESSAGE][PASSED] - Object 'Object Repository/Product details/h1_productName' is present

2022-01-16 00:25:56 - [MESSAGE][PASSED] - Text of object 'Object Repository/Product details/h1_productName' is: 'X-LARGE COMFORTER BAG W/NON-WOVEN SIDES - 26" X 29" X 10" - 12/PACK - BLACK'

2022-01-16 00:25:56 - [MESSAGE][PASSED] - Attribute 'class' of object '' is: 'xlarge option-box selected'

2022-01-16 00:25:56 - [MESSAGE][PASSED] - Get CSS 'background-color' value on '' successfully: 'rgb(65, 64, 66)'.

2022-01-16 00:25:57 - [MESSAGE][PASSED] - Get CSS 'color' value on '' successfully: 'rgb(255, 255, 255)'.

2022-01-16 00:25:57 - [MESSAGE][PASSED] - Text of object 'Object Repository/Product details/div_stockNotifcations' is: 'In Stock!'

2022-01-16 00:25:57 - [MESSAGE][PASSED] - Get CSS 'color' value on 'Object Repository/Product details/div_stockNotifcations' successfully: 'rgb(0, 137, 63)'.

2022-01-16 00:25:57 - [MESSAGE][PASSED] - Text of object 'Object Repository/Product details/span_skuNumber' is: 'COMF26BK'

2022-01-16 00:25:57 - [MESSAGE][PASSED] - Current window's url is: 'https://www.cleanersupply.com/Bags/Plastic-Bags/Comforter/comforterblanket-bags-12pack/?sku=COMF26BK'

2022-01-16 00:25:58 - [MESSAGE][PASSED] - Text of object 'Object Repository/Product details/span_productSpecSize' is: '26" L x 29" H x 10" W'

2022-01-16 00:25:58 - [MESSAGE][PASSED] - Keys 'BACK_SPACE + 5' sent to object: 'Object Repository/Product details/input_productQuantity'

2022-01-16 00:25:58 - [MESSAGE][PASSED] - Attribute 'value' of object 'Object Repository/Product details/input_productQuantity' is: '5'

2022-01-16 00:25:59 - [MESSAGE][PASSED] - Text of object 'Object Repository/Product details/span_productPrice' is: '$14.88'

2022-01-16 00:26:00 - [MESSAGE][PASSED] - Object 'Object Repository/Product details/i_favorite' is visible

2022-01-16 00:26:00 - [MESSAGE][PASSED] - Object 'Object Repository/Product details/button_addToCart' is visible

2022-01-16 00:26:01 - [MESSAGE][PASSED] - Get CSS 'background-color' value on 'Object Repository/Product details/button_addToCart' successfully: 'rgb(82, 36, 127)'.

2022-01-16 00:26:01 - [TEST_STEP][PASSED] - ProductDetailsHelpers.selectGreenColor(): Current window's url is: 'https://www.cleanersupply.com/Bags/Plastic-Bags/Comforter/comforterblanket-bags-12pack/?sku=COMF26GN'

2022-01-16 00:26:01 - [MESSAGE][PASSED] - Object: 'Object Repository/Product details/a_greenColor' is clicked on

2022-01-16 00:26:02 - [MESSAGE][PASSED] - Object 'Object Repository/Product details/a_greenColor' is present

2022-01-16 00:26:03 - [MESSAGE][PASSED] - Attribute 'class' of object 'Object Repository/Product details/a_greenColor' is: 'option-box selected'

2022-01-16 00:26:03 - [MESSAGE][PASSED] - Text of object 'Object Repository/Product details/span_selectedColor' is: 'GREEN'

2022-01-16 00:26:03 - [MESSAGE][PASSED] - Object 'Object Repository/Product details/h1_productName' is present

2022-01-16 00:26:04 - [MESSAGE][PASSED] - Text of object 'Object Repository/Product details/h1_productName' is: 'X-LARGE COMFORTER BAG W/NON-WOVEN SIDES - 26" X 29" X 10" - 12/PACK - GREEN'

2022-01-16 00:26:04 - [MESSAGE][PASSED] - Text of object 'Object Repository/Product details/span_skuNumber' is: 'COMF26GN'

2022-01-16 00:26:04 - [MESSAGE][PASSED] - Current window's url is: 'https://www.cleanersupply.com/Bags/Plastic-Bags/Comforter/comforterblanket-bags-12pack/?sku=COMF26GN'

2022-01-16 00:26:04 - [TEST_STEP][PASSED] - ProductDetailsHelpers.addProductToCart(): Object: 'Object Repository/Product details/button_addToCart' is clicked on

2022-01-16 00:26:04 - [MESSAGE][PASSED] - Object: 'Object Repository/Product details/div_addToCartContainer' is hovered

2022-01-16 00:26:05 - [MESSAGE][PASSED] - Get CSS 'box-shadow' value on 'Object Repository/Product details/div_addToCartContainer' successfully: 'rgba(0, 0, 0, 0.3) 0px 0px 10px 2px'.

2022-01-16 00:26:05 - [MESSAGE][PASSED] - Text of object 'Object Repository/Product details/h1_productName' is: 'X-LARGE COMFORTER BAG W/NON-WOVEN SIDES - 26" X 29" X 10" - 12/PACK - GREEN'

2022-01-16 00:26:05 - [MESSAGE][PASSED] - Attribute 'value' of object 'Object Repository/Product details/input_productQuantity' is: '5'

2022-01-16 00:26:06 - [MESSAGE][PASSED] - Text of object 'Object Repository/Product details/span_skuNumber' is: 'COMF26GN'

2022-01-16 00:26:06 - [MESSAGE][PASSED] - Text of object 'Object Repository/Product details/span_productPrice' is: '$14.52'

2022-01-16 00:26:07 - [MESSAGE][PASSED] - Object: 'Object Repository/Product details/button_addToCart' is clicked on

2022-01-16 00:26:07 - [TEST_STEP][PASSED] - MiniCartHelpers.hoverOnMiniCartHeader(): Text of object 'Object Repository/Mini Cart/span_cartCounterPadge' is: '1'

2022-01-16 00:26:08 - [MESSAGE][PASSED] - Object: 'Object Repository/Mini Cart/a_miniCartLink' is hovered

2022-01-16 00:26:09 - [MESSAGE][PASSED] - Get CSS 'background-color' value on 'Object Repository/Mini Cart/a_miniCartLink' successfully: 'rgb(255, 255, 255)'.

2022-01-16 00:26:09 - [MESSAGE][PASSED] - Get CSS 'color' value on 'Object Repository/Mini Cart/a_miniCartLink' successfully: 'rgb(82, 36, 127)'.

2022-01-16 00:26:10 - [MESSAGE][PASSED] - Text of object 'Object Repository/Mini Cart/span_miniCartSubTotal' is: '$72.60'

2022-01-16 00:26:11 - [MESSAGE][PASSED] - Text of object 'Object Repository/Mini Cart/span_cartCounterPadge' is: '1'

2022-01-16 00:26:12 - [TEST_STEP][PASSED] - ProductDetailsHelpers.hoverEffectAndClickLargeSizeLink(): Get CSS 'background-color' value on 'Object Repository/Product details/button_addToCart' successfully: 'rgb(82, 36, 127)'.

2022-01-16 00:26:12 - [MESSAGE][PASSED] - Object: 'Object Repository/Product details/a_largeLink' is hovered

2022-01-16 00:26:13 - [MESSAGE][PASSED] - Object: 'Object Repository/Product details/a_largeLink' is clicked on

2022-01-16 00:26:14 - [MESSAGE][PASSED] - Attribute 'class' of object '' is: 'xlarge option-box selected'

2022-01-16 00:26:14 - [MESSAGE][PASSED] - Get CSS 'background-color' value on '' successfully: 'rgb(65, 64, 66)'.

2022-01-16 00:26:14 - [MESSAGE][PASSED] - Get CSS 'color' value on '' successfully: 'rgb(255, 255, 255)'.

2022-01-16 00:26:15 - [MESSAGE][PASSED] - Object 'Object Repository/Product details/h1_productName' is present

2022-01-16 00:26:15 - [MESSAGE][PASSED] - Text of object 'Object Repository/Product details/h1_productName' is: 'LARGE COMFORTER BAG W/NON-WOVEN SIDES - 24" X 27" X 8" - 12/PACK - GREEN'

2022-01-16 00:26:15 - [MESSAGE][PASSED] - Text of object 'Object Repository/Product details/span_skuNumber' is: 'COMF24GN'

2022-01-16 00:26:15 - [MESSAGE][PASSED] - Current window's url is: 'https://www.cleanersupply.com/Bags/Plastic-Bags/Comforter/comforterblanket-bags-12pack/?sku=COMF24GN'

2022-01-16 00:26:15 - [MESSAGE][PASSED] - Text of object 'Object Repository/Product details/span_productSpecSize' is: '24" L x 27" H x 8" W'

2022-01-16 00:26:16 - [MESSAGE][PASSED] - Keys 'BACK_SPACE + 4' sent to object: 'Object Repository/Product details/input_productQuantity'

2022-01-16 00:26:17 - [MESSAGE][PASSED] - Attribute 'value' of object 'Object Repository/Product details/input_productQuantity' is: '4'

2022-01-16 00:26:17 - [MESSAGE][PASSED] - Text of object 'Object Repository/Product details/span_productPrice' is: '$13.56'

2022-01-16 00:26:18 - [MESSAGE][PASSED] - Object 'Object Repository/Product details/i_favorite' is visible

2022-01-16 00:26:18 - [MESSAGE][PASSED] - Object 'Object Repository/Product details/button_addToCart' is visible

2022-01-16 00:26:19 - [MESSAGE][PASSED] - Get CSS 'background-color' value on 'Object Repository/Product details/button_addToCart' successfully: 'rgb(82, 36, 127)'.

2022-01-16 00:26:19 - [TEST_STEP][PASSED] - ProductDetailsHelpers.selectRoyalBlueColor(): Current window's url is: 'https://www.cleanersupply.com/Bags/Plastic-Bags/Comforter/comforterblanket-bags-12pack/?sku=COMF24RO'

2022-01-16 00:26:19 - [MESSAGE][PASSED] - Object: 'Object Repository/Product details/a_royalBlueColor' is clicked on

2022-01-16 00:26:21 - [MESSAGE][PASSED] - Object 'Object Repository/Product details/a_royalBlueColor' is present

2022-01-16 00:26:21 - [MESSAGE][PASSED] - Attribute 'class' of object 'Object Repository/Product details/a_royalBlueColor' is: 'option-box selected'

2022-01-16 00:26:21 - [MESSAGE][PASSED] - Text of object 'Object Repository/Product details/span_selectedColor' is: 'ROYAL BLUE'

2022-01-16 00:26:21 - [MESSAGE][PASSED] - Object 'Object Repository/Product details/h1_productName' is present

2022-01-16 00:26:22 - [MESSAGE][PASSED] - Text of object 'Object Repository/Product details/h1_productName' is: 'LARGE COMFORTER BAG W/NON-WOVEN SIDES - 24" X 27" X 8" - 12/PACK - ROYAL BLUE'

2022-01-16 00:26:22 - [MESSAGE][PASSED] - Text of object 'Object Repository/Product details/span_skuNumber' is: 'COMF24RO'

2022-01-16 00:26:22 - [MESSAGE][PASSED] - Current window's url is: 'https://www.cleanersupply.com/Bags/Plastic-Bags/Comforter/comforterblanket-bags-12pack/?sku=COMF24RO'

2022-01-16 00:26:22 - [TEST_STEP][PASSED] - ProductDetailsHelpers.addProductToCart(): Object: 'Object Repository/Product details/button_addToCart' is clicked on

2022-01-16 00:26:23 - [MESSAGE][PASSED] - Object: 'Object Repository/Product details/div_addToCartContainer' is hovered

2022-01-16 00:26:23 - [MESSAGE][PASSED] - Get CSS 'box-shadow' value on 'Object Repository/Product details/div_addToCartContainer' successfully: 'rgba(0, 0, 0, 0.3) 0px 0px 10px 2px'.

2022-01-16 00:26:24 - [MESSAGE][PASSED] - Text of object 'Object Repository/Product details/h1_productName' is: 'LARGE COMFORTER BAG W/NON-WOVEN SIDES - 24" X 27" X 8" - 12/PACK - ROYAL BLUE'

2022-01-16 00:26:24 - [MESSAGE][PASSED] - Attribute 'value' of object 'Object Repository/Product details/input_productQuantity' is: '4'

2022-01-16 00:26:24 - [MESSAGE][PASSED] - Text of object 'Object Repository/Product details/span_skuNumber' is: 'COMF24RO'

2022-01-16 00:26:24 - [MESSAGE][PASSED] - Text of object 'Object Repository/Product details/span_productPrice' is: '$12.72'

2022-01-16 00:26:25 - [MESSAGE][PASSED] - Object: 'Object Repository/Product details/button_addToCart' is clicked on

2022-01-16 00:26:25 - [TEST_STEP][PASSED] - MiniCartHelpers.hoverOnMiniCartHeader(): Text of object 'Object Repository/Mini Cart/span_cartCounterPadge' is: '2'

2022-01-16 00:26:26 - [MESSAGE][PASSED] - Object: 'Object Repository/Mini Cart/a_miniCartLink' is hovered

2022-01-16 00:26:27 - [MESSAGE][PASSED] - Get CSS 'background-color' value on 'Object Repository/Mini Cart/a_miniCartLink' successfully: 'rgb(255, 255, 255)'.

2022-01-16 00:26:27 - [MESSAGE][PASSED] - Get CSS 'color' value on 'Object Repository/Mini Cart/a_miniCartLink' successfully: 'rgb(82, 36, 127)'.

2022-01-16 00:26:29 - [MESSAGE][PASSED] - Text of object 'Object Repository/Mini Cart/span_miniCartSubTotal' is: '$123.48'

2022-01-16 00:26:29 - [MESSAGE][PASSED] - Text of object 'Object Repository/Mini Cart/span_cartCounterPadge' is: '2'

2022-01-16 00:26:30 - [TEST_STEP][PASSED] - MiniCartActions.navigateToCartPage(): Object: 'Object Repository/Mini Cart/a_miniCartLink' is clicked on

2022-01-16 00:26:33 - [MESSAGE][PASSED] - Object: 'Object Repository/Mini Cart/a_miniCartLink' is clicked on

2022-01-16 00:26:33 - [TEST_STEP][PASSED] - ShoppingCartHelpers.navigateToCartPage(): Text of object 'Object Repository/Shopping Cart/td_summaryTotalSubTotal' is: '$123.48'

2022-01-16 00:26:36 - [MESSAGE][PASSED] - Text of object 'Object Repository/Mini Cart/span_cartCounterPadge' is: '2'

2022-01-16 00:26:37 - [MESSAGE][PASSED] - Text of object 'Object Repository/Shopping Cart/td_summaryTableItemCount' is: 'SUBTOTAL (2 ITEMS)'

2022-01-16 00:26:38 - [MESSAGE][PASSED] - Text of object 'Object Repository/Shopping Cart/td_summaryTableTotal' is: '$123.48'

2022-01-16 00:26:38 - [MESSAGE][PASSED] - Text of object 'Object Repository/Shopping Cart/td_summaryTotalSubTotal' is: '$123.48'

2022-01-16 00:26:39 - [TEST_STEP][PASSED] - ShoppingCartHelpers.updateQuantities(): Text of object 'Object Repository/Shopping Cart/td_summaryTotalSubTotal' is: '$108.96'

2022-01-16 00:26:41 - [MESSAGE][PASSED] - Attribute 'value' of object '' is: '4'

2022-01-16 00:26:41 - [MESSAGE][PASSED] - Attribute 'value' of object '' is: '4'

2022-01-16 00:26:42 - [MESSAGE][PASSED] - Object: 'Object Repository/Shopping Cart/td_summaryTableItemCount' is clicked on

2022-01-16 00:26:44 - [MESSAGE][PASSED] - Text of object 'Object Repository/Shopping Cart/td_summaryTableTotal' is: '$108.96'

2022-01-16 00:26:44 - [MESSAGE][PASSED] - Text of object 'Object Repository/Shopping Cart/td_summaryTotalSubTotal' is: '$108.96'

2022-01-16 00:26:44 - [TEST_STEP][PASSED] - ShoppingCartHelpers.navigateToCheckoutPage(): Object: 'Object Repository/Shopping Cart/button_proceedToCheckout' is clicked on

2022-01-16 00:26:45 - [MESSAGE][PASSED] - Object: 'Object Repository/Shopping Cart/a_shoppingCartProductTitle' is hovered

2022-01-16 00:26:45 - [MESSAGE][PASSED] - Get CSS 'background-color' value on 'Object Repository/Shopping Cart/button_proceedToCheckout' successfully: 'rgb(82, 36, 127)'.

2022-01-16 00:26:45 - [MESSAGE][PASSED] - Get CSS 'color' value on 'Object Repository/Shopping Cart/button_proceedToCheckout' successfully: 'rgb(255, 255, 255)'.

2022-01-16 00:26:46 - [MESSAGE][PASSED] - Object: 'Object Repository/Shopping Cart/button_proceedToCheckout' is hovered

2022-01-16 00:26:46 - [MESSAGE][PASSED] - Get CSS 'box-shadow' value on 'Object Repository/Shopping Cart/button_proceedToCheckout' successfully: 'rgba(0, 0, 0, 0.3) 0px 0px 10px 2px'.

2022-01-16 00:26:47 - [MESSAGE][PASSED] - Object: 'Object Repository/Shopping Cart/button_proceedToCheckout' is clicked on

2022-01-16 00:26:47 - [TEST_STEP][PASSED] - CheckoutPageHelpers.initCheckoutPage(): Unable to find the element located by 'By.xpath: '. Please recheck the objects properties to make sure the desired element is located. 

2022-01-16 00:26:50 - [MESSAGE][PASSED] - Text of object 'Object Repository/CheckOut/span_checkoutTitleTotal' is: '$108.96'

2022-01-16 00:26:50 - [MESSAGE][PASSED] - Text of object 'Object Repository/CheckOut/td_summaryTableTotal' is: '$108.96'

2022-01-16 00:26:50 - [MESSAGE][PASSED] - Text of object 'Object Repository/CheckOut/td_summaryTotalSubTotal' is: '$108.96'

2022-01-16 00:26:51 - [MESSAGE][PASSED] - Text of object 'Object Repository/CheckOut/label_checkoutAsGuest' is: 'Checkout as Guest'

2022-01-16 00:26:51 - [MESSAGE][PASSED] - Object 'Object Repository/CheckOut/input_checkoutAsGuestRadioButton' is checked

2022-01-16 00:26:53 - [MESSAGE][INFO] - Unable to find the element located by 'By.cssSelector: table.product-table tbody tr td.product-table__price'. Please recheck the objects properties to make sure the desired element is located. 

2022-01-16 00:26:53 - [MESSAGE][WARNING] - [SELF-HEALING] Failed to find element with id 'Object Repository/Shopping Cart/td_shoppingCartProductPrice'. Try using Self-healing.

2022-01-16 00:26:53 - [MESSAGE][WARNING] - [SELF-HEALING] Cannot find elements when the XPath is null.

2022-01-16 00:26:54 - [MESSAGE][INFO] - Unable to find the element located by 'By.xpath: '. Please recheck the objects properties to make sure the desired element is located. 

2022-01-16 00:26:57 - [MESSAGE][INFO] - Unable to find the element located by 'By.cssSelector: table.product-table tbody tr td.product-table__quantity input[name="quantity"]'. Please recheck the objects properties to make sure the desired element is located. 

2022-01-16 00:26:57 - [MESSAGE][WARNING] - [SELF-HEALING] Failed to find element with id 'Object Repository/Shopping Cart/input_shoppingCartProductQuantity'. Try using Self-healing.

2022-01-16 00:26:57 - [MESSAGE][WARNING] - [SELF-HEALING] Cannot find elements when the XPath is null.

2022-01-16 00:26:58 - [MESSAGE][INFO] - Unable to find the element located by 'By.xpath: '. Please recheck the objects properties to make sure the desired element is located. 

2022-01-16 00:27:00 - [MESSAGE][INFO] - Unable to find the element located by 'By.cssSelector: table.product-table tbody tr td.product-table__total'. Please recheck the objects properties to make sure the desired element is located. 

2022-01-16 00:27:00 - [MESSAGE][WARNING] - [SELF-HEALING] Failed to find element with id 'Object Repository/Shopping Cart/td_shoppingCartProductTotal'. Try using Self-healing.

2022-01-16 00:27:00 - [MESSAGE][WARNING] - [SELF-HEALING] Cannot find elements when the XPath is null.

2022-01-16 00:27:01 - [MESSAGE][INFO] - Unable to find the element located by 'By.xpath: '. Please recheck the objects properties to make sure the desired element is located. 

2022-01-16 00:27:03 - [TEST_STEP][PASSED] - CheckoutPageHelpers.navigateToCheckoutInformationForm(): Object: 'Object Repository/CheckOut/button_continueButton' is clicked on

2022-01-16 00:27:05 - [MESSAGE][PASSED] - Object: 'Object Repository/CheckOut/button_continueButton' is clicked on

2022-01-16 00:27:05 - [TEST_STEP][PASSED] - checkOutFormHelper.fillCheckOutForm(): Object: 'Object Repository/CheckOutForm/a_reviewOrder' is clicked on

2022-01-16 00:27:05 - [MESSAGE][PASSED] - Current window's title is: 'Checkout - Cleaner's Supply'

2022-01-16 00:27:05 - [MESSAGE][PASSED] - Current window's url is: 'https://www.cleanersupply.com/checkout/'

2022-01-16 00:27:07 - [MESSAGE][PASSED] - Text of object 'Object Repository/CheckOutForm/h1_checkOutHeader' is: 'CHECKOUT'

2022-01-16 00:27:07 - [MESSAGE][PASSED] - Object: 'Object Repository/CheckOutForm/input_company' is focused

2022-01-16 00:27:07 - [MESSAGE][PASSED] - Get CSS 'box-shadow' value on 'Object Repository/CheckOutForm/input_company' successfully: 'rgb(99, 99, 99) 0px -3px 0px 0px inset'.

2022-01-16 00:27:07 - [MESSAGE][PASSED] - Actual object 'rgb(99, 99, 99) 0px -3px 0px 0px inset' and expected object 'rgb(99, 99, 99) 0px -3px 0px 0px inset' are equal

2022-01-16 00:27:08 - [MESSAGE][PASSED] - Text 'testCompany' is set on object 'Object Repository/CheckOutForm/input_company'

2022-01-16 00:27:09 - [MESSAGE][PASSED] - Object: 'Object Repository/CheckOutForm/input_fname' is focused

2022-01-16 00:27:09 - [MESSAGE][PASSED] - Get CSS 'box-shadow' value on 'Object Repository/CheckOutForm/input_fname' successfully: 'rgb(99, 99, 99) 0px -3px 0px 0px inset'.

2022-01-16 00:27:09 - [MESSAGE][PASSED] - Actual object 'rgb(99, 99, 99) 0px -3px 0px 0px inset' and expected object 'rgb(99, 99, 99) 0px -3px 0px 0px inset' are equal

2022-01-16 00:27:09 - [MESSAGE][PASSED] - Text 'FNameTest' is set on object 'Object Repository/CheckOutForm/input_fname'

2022-01-16 00:27:10 - [MESSAGE][PASSED] - Object: 'Object Repository/CheckOutForm/input_lNAme' is focused

2022-01-16 00:27:10 - [MESSAGE][PASSED] - Get CSS 'box-shadow' value on 'Object Repository/CheckOutForm/input_lNAme' successfully: 'rgb(99, 99, 99) 0px -3px 0px 0px inset'.

2022-01-16 00:27:10 - [MESSAGE][PASSED] - Actual object 'rgb(99, 99, 99) 0px -3px 0px 0px inset' and expected object 'rgb(99, 99, 99) 0px -3px 0px 0px inset' are equal

2022-01-16 00:27:11 - [MESSAGE][PASSED] - Text 'lnameValueTest' is set on object 'Object Repository/CheckOutForm/input_lNAme'

2022-01-16 00:27:11 - [MESSAGE][PASSED] - Object: 'Object Repository/CheckOutForm/input_address' is focused

2022-01-16 00:27:12 - [MESSAGE][PASSED] - Get CSS 'box-shadow' value on 'Object Repository/CheckOutForm/input_address' successfully: 'rgb(99, 99, 99) 0px -3px 0px 0px inset'.

2022-01-16 00:27:12 - [MESSAGE][PASSED] - Actual object 'rgb(99, 99, 99) 0px -3px 0px 0px inset' and expected object 'rgb(99, 99, 99) 0px -3px 0px 0px inset' are equal

2022-01-16 00:27:13 - [MESSAGE][PASSED] - Text 'addres1Test' is set on object 'Object Repository/CheckOutForm/input_address'

2022-01-16 00:27:13 - [MESSAGE][PASSED] - Object: 'Object Repository/CheckOutForm/input_address2' is focused

2022-01-16 00:27:14 - [MESSAGE][PASSED] - Get CSS 'box-shadow' value on 'Object Repository/CheckOutForm/input_address2' successfully: 'rgb(99, 99, 99) 0px -3px 0px 0px inset'.

2022-01-16 00:27:14 - [MESSAGE][PASSED] - Actual object 'rgb(99, 99, 99) 0px -3px 0px 0px inset' and expected object 'rgb(99, 99, 99) 0px -3px 0px 0px inset' are equal

2022-01-16 00:27:14 - [MESSAGE][PASSED] - Text 'address2 test' is set on object 'Object Repository/CheckOutForm/input_address2'

2022-01-16 00:27:15 - [MESSAGE][PASSED] - Object: 'Object Repository/CheckOutForm/input_zipCode' is focused

2022-01-16 00:27:15 - [MESSAGE][PASSED] - Get CSS 'box-shadow' value on 'Object Repository/CheckOutForm/input_zipCode' successfully: 'rgb(99, 99, 99) 0px -3px 0px 0px inset'.

2022-01-16 00:27:15 - [MESSAGE][PASSED] - Actual object 'rgb(99, 99, 99) 0px -3px 0px 0px inset' and expected object 'rgb(99, 99, 99) 0px -3px 0px 0px inset' are equal

2022-01-16 00:27:16 - [MESSAGE][PASSED] - Text '55555' is set on object 'Object Repository/CheckOutForm/input_zipCode'

2022-01-16 00:27:17 - [MESSAGE][PASSED] - Object: 'Object Repository/CheckOutForm/input_city' is focused

2022-01-16 00:27:17 - [MESSAGE][PASSED] - Get CSS 'box-shadow' value on 'Object Repository/CheckOutForm/input_city' successfully: 'rgb(99, 99, 99) 0px -3px 0px 0px inset'.

2022-01-16 00:27:17 - [MESSAGE][PASSED] - Actual object 'rgb(99, 99, 99) 0px -3px 0px 0px inset' and expected object 'rgb(99, 99, 99) 0px -3px 0px 0px inset' are equal

2022-01-16 00:27:18 - [MESSAGE][PASSED] - Text 'Palestine' is set on object 'Object Repository/CheckOutForm/input_city'

2022-01-16 00:27:18 - [MESSAGE][PASSED] - Object: 'Object Repository/CheckOutForm/input_phoneNum' is focused

2022-01-16 00:27:19 - [MESSAGE][PASSED] - Get CSS 'box-shadow' value on 'Object Repository/CheckOutForm/input_phoneNum' successfully: 'rgb(99, 99, 99) 0px -3px 0px 0px inset'.

2022-01-16 00:27:19 - [MESSAGE][PASSED] - Actual object 'rgb(99, 99, 99) 0px -3px 0px 0px inset' and expected object 'rgb(99, 99, 99) 0px -3px 0px 0px inset' are equal

2022-01-16 00:27:19 - [MESSAGE][PASSED] - Text '541-143-1030' is set on object 'Object Repository/CheckOutForm/input_phoneNum'

2022-01-16 00:27:20 - [MESSAGE][PASSED] - Object: 'Object Repository/CheckOutForm/input_phoneExt' is focused

2022-01-16 00:27:21 - [MESSAGE][PASSED] - Get CSS 'box-shadow' value on 'Object Repository/CheckOutForm/input_phoneExt' successfully: 'rgb(99, 99, 99) 0px -3px 0px 0px inset'.

2022-01-16 00:27:21 - [MESSAGE][PASSED] - Actual object 'rgb(99, 99, 99) 0px -3px 0px 0px inset' and expected object 'rgb(99, 99, 99) 0px -3px 0px 0px inset' are equal

2022-01-16 00:27:21 - [MESSAGE][PASSED] - Text '1' is set on object 'Object Repository/CheckOutForm/input_phoneExt'

2022-01-16 00:27:22 - [MESSAGE][PASSED] - Object: 'Object Repository/CheckOutForm/input_phoneExt' is focused

2022-01-16 00:27:22 - [MESSAGE][PASSED] - Get CSS 'box-shadow' value on 'Object Repository/CheckOutForm/input_phoneExt' successfully: 'rgb(99, 99, 99) 0px -3px 0px 0px inset'.

2022-01-16 00:27:22 - [MESSAGE][PASSED] - Actual object 'rgb(99, 99, 99) 0px -3px 0px 0px inset' and expected object 'rgb(99, 99, 99) 0px -3px 0px 0px inset' are equal

2022-01-16 00:27:23 - [MESSAGE][PASSED] - Text '1' is set on object 'Object Repository/CheckOutForm/input_phoneExt'

2022-01-16 00:27:23 - [MESSAGE][PASSED] - Object: 'Object Repository/CheckOutForm/input_email' is focused

2022-01-16 00:27:23 - [MESSAGE][PASSED] - Get CSS 'box-shadow' value on 'Object Repository/CheckOutForm/input_email' successfully: 'rgb(99, 99, 99) 0px -3px 0px 0px inset'.

2022-01-16 00:27:23 - [MESSAGE][PASSED] - Actual object 'rgb(99, 99, 99) 0px -3px 0px 0px inset' and expected object 'rgb(99, 99, 99) 0px -3px 0px 0px inset' are equal

2022-01-16 00:27:24 - [MESSAGE][PASSED] - Text 'test@test.com' is set on object 'Object Repository/CheckOutForm/input_email'

2022-01-16 00:27:25 - [MESSAGE][PASSED] - Object: 'Object Repository/CheckOutForm/button_state' is clicked on

2022-01-16 00:27:25 - [MESSAGE][PASSED] - Object 'Object Repository/CheckOutForm/button_state' has attribute 'aria-expanded' with value 'true'

2022-01-16 00:27:25 - [MESSAGE][PASSED] - Object: 'Object Repository/CheckOutForm/a_state' is clicked on

2022-01-16 00:27:27 - [MESSAGE][PASSED] - Text of object 'Object Repository/CheckOutForm/span_selectedState' is: 'Arizona'

2022-01-16 00:27:28 - [MESSAGE][PASSED] - Object: 'Object Repository/CheckOutForm/input_creditCardName' is focused

2022-01-16 00:27:28 - [MESSAGE][PASSED] - Get CSS 'box-shadow' value on 'Object Repository/CheckOutForm/input_creditCardName' successfully: 'rgb(99, 99, 99) 0px -3px 0px 0px inset'.

2022-01-16 00:27:28 - [MESSAGE][PASSED] - Actual object 'rgb(99, 99, 99) 0px -3px 0px 0px inset' and expected object 'rgb(99, 99, 99) 0px -3px 0px 0px inset' are equal

2022-01-16 00:27:28 - [MESSAGE][PASSED] - Text 'Razan' is set on object 'Object Repository/CheckOutForm/input_creditCardName'

2022-01-16 00:27:29 - [MESSAGE][PASSED] - Object: 'Object Repository/CheckOutForm/input_cardNumber' is focused

2022-01-16 00:27:29 - [MESSAGE][PASSED] - Get CSS 'box-shadow' value on 'Object Repository/CheckOutForm/input_cardNumber' successfully: 'rgb(99, 99, 99) 0px -3px 0px 0px inset'.

2022-01-16 00:27:29 - [MESSAGE][PASSED] - Actual object 'rgb(99, 99, 99) 0px -3px 0px 0px inset' and expected object 'rgb(99, 99, 99) 0px -3px 0px 0px inset' are equal

2022-01-16 00:27:30 - [MESSAGE][PASSED] - Text '379936489179273' is set on object 'Object Repository/CheckOutForm/input_cardNumber'

2022-01-16 00:27:30 - [MESSAGE][PASSED] - Object: 'Object Repository/CheckOutForm/input_cvv' is focused

2022-01-16 00:27:30 - [MESSAGE][PASSED] - Get CSS 'box-shadow' value on 'Object Repository/CheckOutForm/input_cvv' successfully: 'rgb(99, 99, 99) 0px -3px 0px 0px inset'.

2022-01-16 00:27:30 - [MESSAGE][PASSED] - Actual object 'rgb(99, 99, 99) 0px -3px 0px 0px inset' and expected object 'rgb(99, 99, 99) 0px -3px 0px 0px inset' are equal

2022-01-16 00:27:31 - [MESSAGE][PASSED] - Text '2222' is set on object 'Object Repository/CheckOutForm/input_cvv'

2022-01-16 00:27:32 - [MESSAGE][PASSED] - Object: 'Object Repository/CheckOutForm/button_expirationDate' is clicked on

2022-01-16 00:27:33 - [MESSAGE][PASSED] - Object: 'Object Repository/CheckOutForm/button_expirationYear' is clicked on

2022-01-16 00:27:34 - [MESSAGE][PASSED] - Object: 'Object Repository/CheckOutForm/input_PO' is focused

2022-01-16 00:27:34 - [MESSAGE][PASSED] - Get CSS 'box-shadow' value on 'Object Repository/CheckOutForm/input_PO' successfully: 'rgb(99, 99, 99) 0px -3px 0px 0px inset'.

2022-01-16 00:27:34 - [MESSAGE][PASSED] - Actual object 'rgb(99, 99, 99) 0px -3px 0px 0px inset' and expected object 'rgb(99, 99, 99) 0px -3px 0px 0px inset' are equal

2022-01-16 00:27:35 - [MESSAGE][PASSED] - Text 'test1155' is set on object 'Object Repository/CheckOutForm/input_PO'

2022-01-16 00:27:35 - [MESSAGE][PASSED] - Text 'test comment' is set on object 'Object Repository/CheckOutForm/input_comments'

2022-01-16 00:27:36 - [MESSAGE][PASSED] - Object: 'Object Repository/CheckOutForm/a_reviewOrder' is clicked on

2022-01-16 00:27:36 - [TEST_STEP][PASSED] - CheckoutPageValidation.verifyNavigationToCheckoutDetails(): Text of object 'Object Repository/CheckOut Details/h1_checkoutHeader' is: 'CHECKOUT'

2022-01-16 00:27:36 - [MESSAGE][PASSED] - Current window's title is: 'Checkout - Cleaner's Supply'

2022-01-16 00:27:36 - [MESSAGE][PASSED] - Current window's url is: 'https://www.cleanersupply.com/checkout/'

2022-01-16 00:27:37 - [MESSAGE][PASSED] - Text of object 'Object Repository/CheckOut Details/h1_checkoutHeader' is: 'CHECKOUT'

2022-01-16 00:27:37 - [TEST_STEP][PASSED] - CheckoutPageHelpers.ShippingAddressDiv(): Text of object 'Object Repository/CheckOut Details/h2_shippingAddrDivHeader' is: 'SHIPPING ADDRESS'

2022-01-16 00:27:38 - [MESSAGE][PASSED] - Scroll to object 'Object Repository/CheckOut Details/div_shippingAddr' successfully

2022-01-16 00:27:38 - [MESSAGE][PASSED] - Object 'Object Repository/CheckOut Details/div_shippingAddr' is visible

2022-01-16 00:27:38 - [MESSAGE][PASSED] - Get CSS 'background-color' value on 'Object Repository/CheckOut Details/div_shippingAddr' successfully: 'rgb(241, 242, 242)'.

2022-01-16 00:27:39 - [MESSAGE][PASSED] - Object 'Object Repository/CheckOut Details/h2_shippingAddrDivHeader' is visible

2022-01-16 00:27:39 - [MESSAGE][PASSED] - Text of object 'Object Repository/CheckOut Details/h2_shippingAddrDivHeader' is: 'SHIPPING ADDRESS'

2022-01-16 00:27:39 - [TEST_STEP][PASSED] - CheckoutPageHelpers.verifyShippingDetailsInCeckout(): Text of object 'Object Repository/CheckOut Details/span_shippingAddressDetails' is: 'testCompany
FNameTest lnameValueTest
addres1Test
address2 test
Palestine, AZ 55555
541-143-1030 x1
United States'

2022-01-16 00:27:39 - [MESSAGE][PASSED] - Text of object 'Object Repository/CheckOut Details/span_shippingAddressDetails' is: 'testCompany
FNameTest lnameValueTest
addres1Test
address2 test
Palestine, AZ 55555
541-143-1030 x1
United States'

2022-01-16 00:27:39 - [TEST_STEP][PASSED] - CheckoutPageHelpers.standardShippingAddress(): Object: 'Object Repository/CheckOut Details/a_shippingOptionLink' is clicked on

2022-01-16 00:27:39 - [MESSAGE][PASSED] - Object 'Object Repository/CheckOut Details/dic_standardShiping' is visible

2022-01-16 00:27:40 - [MESSAGE][PASSED] - Get CSS 'background-color' value on 'Object Repository/CheckOut Details/dic_standardShiping' successfully: 'rgb(241, 242, 242)'.

2022-01-16 00:27:40 - [MESSAGE][PASSED] - Attribute 'class' of object 'Object Repository/CheckOut Details/a_shippingOptionLink' is: 'pull-right collapsed'

2022-01-16 00:27:40 - [MESSAGE][PASSED] - Object: 'Object Repository/CheckOut Details/a_shippingOptionLink' is clicked on

2022-01-16 00:27:41 - [MESSAGE][PASSED] - Attribute 'class' of object 'Object Repository/CheckOut Details/a_shippingOptionLink' is: 'pull-right'

2022-01-16 00:27:42 - [MESSAGE][PASSED] - Object: 'Object Repository/CheckOut Details/a_shippingOptionLink' is clicked on

2022-01-16 00:27:42 - [TEST_STEP][PASSED] - CheckoutPageHelpers.paymentMethodDiv(): Text of object 'Object Repository/CheckOut Details/h2_paymentMethodHeader' is: 'PAYMENT METHOD'

2022-01-16 00:27:42 - [MESSAGE][PASSED] - Object 'Object Repository/CheckOut Details/h2_paymentMethodHeader' is visible

2022-01-16 00:27:42 - [MESSAGE][PASSED] - Text of object 'Object Repository/CheckOut Details/h2_paymentMethodHeader' is: 'PAYMENT METHOD'

2022-01-16 00:27:42 - [TEST_STEP][PASSED] - CheckoutPageHelpers.verifyPaymentMethodDetails(): Attribute 'value' of object 'Object Repository/CheckOut Details/input_paymentMethodComment' is: 'test comment'

2022-01-16 00:27:43 - [MESSAGE][PASSED] - Text of object 'Object Repository/CheckOut Details/span_paymentMethodDetails' is: 'AmericanExpress **** 9273
Razan
Expires: 7/33'

2022-01-16 00:27:43 - [MESSAGE][PASSED] - Object 'Object Repository/CheckOut Details/div_PoNoDiv' is visible

2022-01-16 00:27:43 - [MESSAGE][PASSED] - Attribute 'value' of object 'Object Repository/CheckOut Details/input_paymentMethodPo' is: 'test1155'

2022-01-16 00:27:44 - [MESSAGE][PASSED] - Attribute 'value' of object 'Object Repository/CheckOut Details/input_paymentMethodComment' is: 'test comment'

2022-01-16 00:27:44 - [TEST_STEP][PASSED] - closeBrowser(): Browser is closed

2022-01-16 00:27:44 - [MESSAGE][PASSED] - Browser is closed

2022-01-16 00:27:44 - [TEST_STEP][PASSED] - Video: Video recording for test case 'Test Cases/Checkout Scenario/Product Details' .

2022-01-16 00:27:44 - [MESSAGE][INFO] - Video recording for test case 'Test Cases/Checkout Scenario/Product Details' .]]></system-out>
         <system-err><![CDATA[]]></system-err>
      </testcase>
      <testcase name="Test Cases/Checkout Scenario/Quick Order" time="118.55" classname="Test Cases/Checkout Scenario/Quick Order" status="PASSED">
         <system-out><![CDATA[2022-01-16 00:27:44 - [TEST_CASE][PASSED] - Test Cases/Checkout Scenario/Quick Order: Test Cases/Checkout Scenario/Quick Order

2022-01-16 00:27:45 - [TEST_STEP][PASSED] - GeneralHelpers.initScenario(): Current window's url is: 'https://www.cleanersupply.com/'

2022-01-16 00:27:45 - [MESSAGE][INFO] - Starting 'Firefox' driver

2022-01-16 00:27:45 - [MESSAGE][INFO] - Action delay is set to 0 milliseconds

2022-01-16 00:27:49 - [MESSAGE][PASSED] - Browser is opened with url: ''

2022-01-16 00:27:49 - [MESSAGE][PASSED] - Current window maximized

2022-01-16 00:27:59 - [MESSAGE][PASSED] - Navigate to 'https://www.cleanersupply.com/' successfully

2022-01-16 00:27:59 - [MESSAGE][PASSED] - Wait for page load successfully

2022-01-16 00:27:59 - [MESSAGE][PASSED] - Current window's title is: 'Cleaner's Supply - Dry Cleaning Supplies'

2022-01-16 00:27:59 - [MESSAGE][PASSED] - Current window's title is: 'Cleaner's Supply - Dry Cleaning Supplies'

2022-01-16 00:27:59 - [MESSAGE][PASSED] - Current window's url is: 'https://www.cleanersupply.com/'

2022-01-16 00:27:59 - [TEST_STEP][PASSED] - QuickOrderHelpers.navigationAndVerifyToQuickOrder(): Text of object 'Object Repository/Quick Order/span_quickOrderHeader' is: 'QUICK
ORDER'

2022-01-16 00:28:01 - [MESSAGE][PASSED] - Object 'Object Repository/Quick Order/a_quickOrder' is visible

2022-01-16 00:28:01 - [MESSAGE][PASSED] - Object: 'Object Repository/Quick Order/a_quickOrder' is hovered

2022-01-16 00:28:03 - [MESSAGE][PASSED] - Get CSS 'color' value on 'Object Repository/Quick Order/i_quickOrderIcon' successfully: 'rgb(82, 36, 127)'.

2022-01-16 00:28:06 - [MESSAGE][PASSED] - Object: 'Object Repository/Quick Order/a_quickOrder' is clicked on

2022-01-16 00:28:06 - [MESSAGE][PASSED] - Current window's title is: 'Quick Order - Cleaner's Supply'

2022-01-16 00:28:06 - [MESSAGE][PASSED] - Current window's url is: 'https://www.cleanersupply.com/quick-order/'

2022-01-16 00:28:08 - [MESSAGE][PASSED] - Text of object 'Object Repository/Quick Order/span_quickOrderHeader' is: 'QUICK
ORDER'

2022-01-16 00:28:08 - [TEST_STEP][PASSED] - QuickOrderValidations.verifyCartCounter("0"): Text of object 'Object Repository/Quick Order/span_cartCounter' is: '0'

2022-01-16 00:28:09 - [MESSAGE][PASSED] - Text of object 'Object Repository/Quick Order/span_cartCounter' is: '0'

2022-01-16 00:28:09 - [TEST_STEP][PASSED] - QuickOrderHelpers.headerAndTableStyle(): Web element with id: 'Object Repository/Quick Order/button_addToCart' located by 'By.cssSelector: .button-holder .pull-right' is not present after '1' second(s)

2022-01-16 00:28:09 - [MESSAGE][PASSED] - Get CSS 'background-color' value on 'Object Repository/Quick Order/a_quickOrderHeader' successfully: 'rgb(82, 36, 127)'.

2022-01-16 00:28:09 - [MESSAGE][PASSED] - Get CSS 'color' value on 'Object Repository/Quick Order/a_quickOrderHeader' successfully: 'rgb(255, 255, 255)'.

2022-01-16 00:28:10 - [MESSAGE][PASSED] - Object 'Object Repository/Quick Order/span_quickOrderIcon' is visible

2022-01-16 00:28:10 - [MESSAGE][PASSED] - Get CSS 'background-color' value on 'Object Repository/Quick Order/tr_allQuickOrderRows' successfully: 'rgb(241, 242, 242)'.

2022-01-16 00:28:10 - [MESSAGE][PASSED] - Web element with id: 'Object Repository/Quick Order/button_addToCart' located by 'By.cssSelector: .button-holder .pull-right' is not present after '1' second(s)

2022-01-16 00:28:10 - [TEST_STEP][PASSED] - QuickOrderHelpers.fillingVerifyingStockNo(): Attribute 'value' of object 'Object Repository/Quick Order/input_4quickOrderStock' is: 'SP4005'

2022-01-16 00:28:11 - [MESSAGE][PASSED] - Object 'Object Repository/Quick Order/input_0quickOrderStock' is present

2022-01-16 00:28:11 - [MESSAGE][PASSED] - Attribute 'placeholder' of object 'Object Repository/Quick Order/input_0quickOrderStock' is: 'Enter Stock #'

2022-01-16 00:28:11 - [MESSAGE][PASSED] - Attribute 'value' of object 'Object Repository/Quick Order/input_0quickOrderStock' is: ''

2022-01-16 00:28:12 - [MESSAGE][PASSED] - Object: 'Object Repository/Quick Order/input_0quickOrderStock' is focused

2022-01-16 00:28:12 - [MESSAGE][PASSED] - Keys 'ENTER + PRT381' sent to object: 'Object Repository/Quick Order/input_0quickOrderStock'

2022-01-16 00:28:13 - [MESSAGE][PASSED] - Attribute 'value' of object 'Object Repository/Quick Order/input_0quickOrderStock' is: 'PRT381'

2022-01-16 00:28:14 - [MESSAGE][PASSED] - Object 'Object Repository/Quick Order/button_addToCart' is visible

2022-01-16 00:28:14 - [MESSAGE][PASSED] - Attribute 'placeholder' of object 'Object Repository/Quick Order/input_1quickOrderStock' is: 'Enter Stock #'

2022-01-16 00:28:14 - [MESSAGE][PASSED] - Attribute 'value' of object 'Object Repository/Quick Order/input_1quickOrderStock' is: ''

2022-01-16 00:28:15 - [MESSAGE][PASSED] - Object: 'Object Repository/Quick Order/input_1quickOrderStock' is focused

2022-01-16 00:28:15 - [MESSAGE][PASSED] - Keys 'ENTER + GTDCA700C' sent to object: 'Object Repository/Quick Order/input_1quickOrderStock'

2022-01-16 00:28:16 - [MESSAGE][PASSED] - Attribute 'value' of object 'Object Repository/Quick Order/input_1quickOrderStock' is: 'GTDCA700C'

2022-01-16 00:28:16 - [MESSAGE][PASSED] - Attribute 'placeholder' of object 'Object Repository/Quick Order/input_2quickOrderStock' is: 'Enter Stock #'

2022-01-16 00:28:17 - [MESSAGE][PASSED] - Attribute 'value' of object 'Object Repository/Quick Order/input_2quickOrderStock' is: ''

2022-01-16 00:28:17 - [MESSAGE][PASSED] - Object: 'Object Repository/Quick Order/input_2quickOrderStock' is focused

2022-01-16 00:28:18 - [MESSAGE][PASSED] - Keys 'ENTER + PP30' sent to object: 'Object Repository/Quick Order/input_2quickOrderStock'

2022-01-16 00:28:20 - [MESSAGE][PASSED] - Attribute 'value' of object 'Object Repository/Quick Order/input_2quickOrderStock' is: 'PP30'

2022-01-16 00:28:20 - [MESSAGE][PASSED] - Attribute 'placeholder' of object 'Object Repository/Quick Order/input_3quickOrderStock' is: 'Enter Stock #'

2022-01-16 00:28:20 - [MESSAGE][PASSED] - Attribute 'value' of object 'Object Repository/Quick Order/input_3quickOrderStock' is: ''

2022-01-16 00:28:20 - [MESSAGE][PASSED] - Object: 'Object Repository/Quick Order/input_3quickOrderStock' is focused

2022-01-16 00:28:21 - [MESSAGE][PASSED] - Keys 'ENTER + ZB400' sent to object: 'Object Repository/Quick Order/input_3quickOrderStock'

2022-01-16 00:28:22 - [MESSAGE][PASSED] - Attribute 'value' of object 'Object Repository/Quick Order/input_3quickOrderStock' is: 'ZB400'

2022-01-16 00:28:22 - [MESSAGE][PASSED] - Attribute 'placeholder' of object 'Object Repository/Quick Order/input_4quickOrderStock' is: 'Enter Stock #'

2022-01-16 00:28:22 - [MESSAGE][PASSED] - Attribute 'value' of object 'Object Repository/Quick Order/input_4quickOrderStock' is: ''

2022-01-16 00:28:23 - [MESSAGE][PASSED] - Object: 'Object Repository/Quick Order/input_4quickOrderStock' is focused

2022-01-16 00:28:23 - [MESSAGE][PASSED] - Keys 'ENTER + SP4005' sent to object: 'Object Repository/Quick Order/input_4quickOrderStock'

2022-01-16 00:28:24 - [MESSAGE][PASSED] - Attribute 'value' of object 'Object Repository/Quick Order/input_4quickOrderStock' is: 'SP4005'

2022-01-16 00:28:24 - [TEST_STEP][PASSED] - QuickOrderHelpers.fillingQuanitiesInputs(): Actual text and expected text of test object '' are matched.

2022-01-16 00:28:26 - [MESSAGE][PASSED] - Keys 'BACK_SPACE + TAB + 46' sent to object: ''

2022-01-16 00:28:26 - [MESSAGE][PASSED] - Attribute 'value' of object '' is: '46'

2022-01-16 00:28:26 - [MESSAGE][PASSED] - Object '' is present

2022-01-16 00:28:26 - [MESSAGE][PASSED] - Actual text and expected text of test object '' are matched.

2022-01-16 00:28:26 - [MESSAGE][PASSED] - Keys 'BACK_SPACE + TAB + 6' sent to object: ''

2022-01-16 00:28:26 - [MESSAGE][PASSED] - Attribute 'value' of object '' is: '6'

2022-01-16 00:28:26 - [MESSAGE][PASSED] - Object '' is present

2022-01-16 00:28:26 - [MESSAGE][PASSED] - Actual text and expected text of test object '' are matched.

2022-01-16 00:28:26 - [MESSAGE][PASSED] - Keys 'BACK_SPACE + TAB + 46' sent to object: ''

2022-01-16 00:28:26 - [MESSAGE][PASSED] - Attribute 'value' of object '' is: '46'

2022-01-16 00:28:26 - [MESSAGE][PASSED] - Object '' is present

2022-01-16 00:28:26 - [MESSAGE][PASSED] - Actual text and expected text of test object '' are matched.

2022-01-16 00:28:26 - [MESSAGE][PASSED] - Keys 'BACK_SPACE + TAB + 9' sent to object: ''

2022-01-16 00:28:26 - [MESSAGE][PASSED] - Attribute 'value' of object '' is: '9'

2022-01-16 00:28:26 - [MESSAGE][PASSED] - Object '' is present

2022-01-16 00:28:26 - [MESSAGE][PASSED] - Actual text and expected text of test object '' are matched.

2022-01-16 00:28:26 - [MESSAGE][PASSED] - Keys 'BACK_SPACE + TAB + 49' sent to object: ''

2022-01-16 00:28:26 - [MESSAGE][PASSED] - Attribute 'value' of object '' is: '49'

2022-01-16 00:28:26 - [MESSAGE][PASSED] - Object '' is present

2022-01-16 00:28:26 - [MESSAGE][PASSED] - Actual text and expected text of test object '' are matched.

2022-01-16 00:28:26 - [TEST_STEP][PASSED] - QuickOrderHelpers.storeProductsDetailsAndVerifyTotal(): Text of object '' is: '$126.91'

2022-01-16 00:28:26 - [MESSAGE][PASSED] - Attribute 'value' of object '' is: '46'

2022-01-16 00:28:26 - [MESSAGE][PASSED] - Text of object '' is: '$9.35'

2022-01-16 00:28:26 - [MESSAGE][PASSED] - Text of object '' is: '$430.10'

2022-01-16 00:28:26 - [MESSAGE][PASSED] - Text of object '' is: 'GREEN BUTTON FOR AJAX #DCH18, DCH446, DCH45, DCH446 & HOU45'

2022-01-16 00:28:26 - [MESSAGE][PASSED] - Attribute 'src' of object '' is: 'https://www.cleanersupply.com/4ad6b3/globalassets/catalogs/prt3/prt381_p/prt381_paren/prt381_parent/prt381-1-main-prt381_parent.jpg?width=80&height=80&quality=85&mode=crop'

2022-01-16 00:28:26 - [MESSAGE][PASSED] - Text of object '' is: 'In Stock!'

2022-01-16 00:28:26 - [MESSAGE][PASSED] - Text of object '' is: 'GREEN BUTTON FOR AJAX #DCH18, DCH446, DCH45, DCH446 & HOU45'

2022-01-16 00:28:26 - [MESSAGE][PASSED] - Attribute 'value' of object '' is: '46'

2022-01-16 00:28:26 - [MESSAGE][PASSED] - Text of object '' is: '$9.35'

2022-01-16 00:28:26 - [MESSAGE][PASSED] - Attribute 'value' of object '' is: '46'

2022-01-16 00:28:26 - [MESSAGE][PASSED] - Text of object '' is: '$9.35'

2022-01-16 00:28:26 - [MESSAGE][PASSED] - Text of object '' is: '$430.10'

2022-01-16 00:28:26 - [MESSAGE][PASSED] - Attribute 'value' of object '' is: '6'

2022-01-16 00:28:26 - [MESSAGE][PASSED] - Text of object '' is: '$27.85'

2022-01-16 00:28:26 - [MESSAGE][PASSED] - Text of object '' is: '$167.10'

2022-01-16 00:28:26 - [MESSAGE][PASSED] - Text of object '' is: 'GUTERMANN 700-COLOR THREAD CHART'

2022-01-16 00:28:26 - [MESSAGE][PASSED] - Attribute 'src' of object '' is: 'https://www.cleanersupply.com/4ae3b9/globalassets/catalogs/gtdc/gtdca700/gtdca700c_pa/gtdca700c_parent/gtdca700c-1-main-gtdca700c_parent.jpg?width=80&height=80&quality=85&mode=crop'

2022-01-16 00:28:26 - [MESSAGE][PASSED] - Text of object '' is: 'In Stock!'

2022-01-16 00:28:26 - [MESSAGE][PASSED] - Text of object '' is: 'GUTERMANN 700-COLOR THREAD CHART'

2022-01-16 00:28:26 - [MESSAGE][PASSED] - Attribute 'value' of object '' is: '6'

2022-01-16 00:28:26 - [MESSAGE][PASSED] - Text of object '' is: '$27.85'

2022-01-16 00:28:26 - [MESSAGE][PASSED] - Attribute 'value' of object '' is: '6'

2022-01-16 00:28:26 - [MESSAGE][PASSED] - Text of object '' is: '$27.85'

2022-01-16 00:28:26 - [MESSAGE][PASSED] - Text of object '' is: '$167.10'

2022-01-16 00:28:26 - [MESSAGE][PASSED] - Attribute 'value' of object '' is: '46'

2022-01-16 00:28:26 - [MESSAGE][PASSED] - Text of object '' is: '$24.35'

2022-01-16 00:28:26 - [MESSAGE][PASSED] - Text of object '' is: '$1,120.10'

2022-01-16 00:28:26 - [MESSAGE][PASSED] - Text of object '' is: 'SUPERFAST MUSHROOM PRESS PAD FOR AJAX, CISSELL, FORENTA/FORSE, HOFFMAN/NEW YORKER & UNIPRESS'

2022-01-16 00:28:26 - [MESSAGE][PASSED] - Attribute 'src' of object '' is: 'https://www.cleanersupply.com/4ae26e/globalassets/catalogs/pp30/pp30_par/pp30_parent/pp30-1-main-pp30_parent.jpg?width=80&height=80&quality=85&mode=crop'

2022-01-16 00:28:26 - [MESSAGE][PASSED] - Text of object '' is: 'In Stock!'

2022-01-16 00:28:26 - [MESSAGE][PASSED] - Text of object '' is: 'SUPERFAST MUSHROOM PRESS PAD FOR AJAX, CISSELL, FORENTA/FORSE, HOFFMAN/NEW YORKER & UNIPRESS'

2022-01-16 00:28:26 - [MESSAGE][PASSED] - Attribute 'value' of object '' is: '46'

2022-01-16 00:28:26 - [MESSAGE][PASSED] - Text of object '' is: '$24.35'

2022-01-16 00:28:26 - [MESSAGE][PASSED] - Attribute 'value' of object '' is: '46'

2022-01-16 00:28:26 - [MESSAGE][PASSED] - Text of object '' is: '$24.35'

2022-01-16 00:28:26 - [MESSAGE][PASSED] - Text of object '' is: '$1,120.10'

2022-01-16 00:28:26 - [MESSAGE][PASSED] - Attribute 'value' of object '' is: '9'

2022-01-16 00:28:27 - [MESSAGE][PASSED] - Text of object '' is: '$6.29'

2022-01-16 00:28:27 - [MESSAGE][PASSED] - Text of object '' is: '$56.61'

2022-01-16 00:28:27 - [MESSAGE][PASSED] - Text of object '' is: 'ZIP NET BAG - 15" X 19" OPEN MESH'

2022-01-16 00:28:27 - [MESSAGE][PASSED] - Attribute 'src' of object '' is: 'https://www.cleanersupply.com/4ae088/globalassets/catalogs/zb40/zb400_pa/zb400_parent/zb400-1-main-zb400_parent.jpg?width=80&height=80&quality=85&mode=crop'

2022-01-16 00:28:27 - [MESSAGE][PASSED] - Text of object '' is: 'In Stock!'

2022-01-16 00:28:27 - [MESSAGE][PASSED] - Text of object '' is: 'ZIP NET BAG - 15" X 19" OPEN MESH'

2022-01-16 00:28:27 - [MESSAGE][PASSED] - Attribute 'value' of object '' is: '9'

2022-01-16 00:28:27 - [MESSAGE][PASSED] - Text of object '' is: '$6.29'

2022-01-16 00:28:27 - [MESSAGE][PASSED] - Attribute 'value' of object '' is: '9'

2022-01-16 00:28:27 - [MESSAGE][PASSED] - Text of object '' is: '$6.29'

2022-01-16 00:28:27 - [MESSAGE][PASSED] - Text of object '' is: '$56.61'

2022-01-16 00:28:27 - [MESSAGE][PASSED] - Attribute 'value' of object '' is: '49'

2022-01-16 00:28:27 - [MESSAGE][PASSED] - Text of object '' is: '$2.59'

2022-01-16 00:28:27 - [MESSAGE][PASSED] - Text of object '' is: '$126.91'

2022-01-16 00:28:27 - [MESSAGE][PASSED] - Text of object '' is: 'CLOSED BRASS/QUILTER SAFETY PINS - #3 - 2" - 20/BOX'

2022-01-16 00:28:27 - [MESSAGE][PASSED] - Attribute 'src' of object '' is: 'https://www.cleanersupply.com/4adae3/globalassets/catalogs/sp40/sp4005_p/sp4005_paren/sp4005_parent/sp4005-1-main-sp4005_parent.jpg?width=80&height=80&quality=85&mode=crop'

2022-01-16 00:28:27 - [MESSAGE][PASSED] - Text of object '' is: 'In Stock!'

2022-01-16 00:28:27 - [MESSAGE][PASSED] - Text of object '' is: 'CLOSED BRASS/QUILTER SAFETY PINS - #3 - 2" - 20/BOX'

2022-01-16 00:28:27 - [MESSAGE][PASSED] - Attribute 'value' of object '' is: '49'

2022-01-16 00:28:27 - [MESSAGE][PASSED] - Text of object '' is: '$2.59'

2022-01-16 00:28:27 - [MESSAGE][PASSED] - Attribute 'value' of object '' is: '49'

2022-01-16 00:28:27 - [MESSAGE][PASSED] - Text of object '' is: '$2.59'

2022-01-16 00:28:27 - [MESSAGE][PASSED] - Text of object '' is: '$126.91'

2022-01-16 00:28:27 - [TEST_STEP][PASSED] - QuickOrderHelpers.navigationAndVerifyingShoppingCart(): Text of object 'Object Repository/Shopping Cart/h1_shopCartHeader' is: 'SHOPPING CART CONTINUE SHOPPING'

2022-01-16 00:28:27 - [MESSAGE][PASSED] - Object: 'Object Repository/Quick Order/button_addToCart' is clicked on

2022-01-16 00:28:32 - [MESSAGE][PASSED] - Object 'Object Repository/Shopping Cart/h1_shopCartHeader' is present

2022-01-16 00:28:32 - [MESSAGE][PASSED] - Current window's title is: 'Shopping Cart - Cleaner's Supply'

2022-01-16 00:28:32 - [MESSAGE][PASSED] - Current window's url is: 'https://www.cleanersupply.com/shopping-cart/'

2022-01-16 00:28:33 - [MESSAGE][PASSED] - Text of object 'Object Repository/Shopping Cart/h1_shopCartHeader' is: 'SHOPPING CART CONTINUE SHOPPING'

2022-01-16 00:28:33 - [TEST_STEP][PASSED] - QuickOrderValidations.verifyCartCounter("5"): Text of object 'Object Repository/Quick Order/span_cartCounter' is: '5'

2022-01-16 00:28:33 - [MESSAGE][PASSED] - Text of object 'Object Repository/Quick Order/span_cartCounter' is: '5'

2022-01-16 00:28:33 - [TEST_STEP][PASSED] - QuickOrderHelpers.verifyCartTotalAndRowsNo(5): Text of object 'Object Repository/Quick Order/span_cartLabel' is: '$1,900.82'

2022-01-16 00:28:36 - [MESSAGE][PASSED] - Text of object 'Object Repository/Quick Order/span_cartLabel' is: '$1,900.82'

2022-01-16 00:28:36 - [TEST_STEP][PASSED] - MiniCartActions.hoverOnMiniCartLink(): Object: 'Object Repository/Mini Cart/a_miniCartLink' is hovered

2022-01-16 00:28:36 - [MESSAGE][PASSED] - Object: 'Object Repository/Mini Cart/a_miniCartLink' is hovered

2022-01-16 00:28:36 - [TEST_STEP][PASSED] - MiniCartValidations.verifyHoverStyleOnMiniCartLink(): Get CSS 'color' value on 'Object Repository/Mini Cart/a_miniCartLink' successfully: 'rgb(82, 36, 127)'.

2022-01-16 00:28:36 - [MESSAGE][PASSED] - Get CSS 'background-color' value on 'Object Repository/Mini Cart/a_miniCartLink' successfully: 'rgb(255, 255, 255)'.

2022-01-16 00:28:37 - [MESSAGE][PASSED] - Get CSS 'color' value on 'Object Repository/Mini Cart/a_miniCartLink' successfully: 'rgb(82, 36, 127)'.

2022-01-16 00:28:37 - [TEST_STEP][PASSED] - MiniCartValidations.verifyMiniCartTotals(): Text of object 'Object Repository/Mini Cart/span_miniCartSubTotal' is: '$1,900.82'

2022-01-16 00:28:39 - [MESSAGE][PASSED] - Text of object 'Object Repository/Mini Cart/span_miniCartSubTotal' is: '$1,900.82'

2022-01-16 00:28:39 - [TEST_STEP][PASSED] - MiniCartValidations.miniCartItemCount(): Text of object 'Object Repository/Mini Cart/span_cartCounterPadge' is: '5'

2022-01-16 00:28:39 - [MESSAGE][PASSED] - Text of object 'Object Repository/Mini Cart/span_cartCounterPadge' is: '5'

2022-01-16 00:28:39 - [TEST_STEP][PASSED] - ShoppingCartValidations.verifyShoppingCartItemEqualMiniCartBadge(): Text of object 'Object Repository/Mini Cart/span_cartCounterPadge' is: '5'

2022-01-16 00:28:40 - [MESSAGE][PASSED] - Text of object 'Object Repository/Mini Cart/span_cartCounterPadge' is: '5'

2022-01-16 00:28:40 - [TEST_STEP][PASSED] - ShoppingCartValidations.verifyShoppingCartItemEqualToSummaryItem(): Text of object 'Object Repository/Shopping Cart/td_summaryTableItemCount' is: 'SUBTOTAL (5 ITEMS)'

2022-01-16 00:28:40 - [MESSAGE][PASSED] - Text of object 'Object Repository/Shopping Cart/td_summaryTableItemCount' is: 'SUBTOTAL (5 ITEMS)'

2022-01-16 00:28:40 - [TEST_STEP][PASSED] - ShoppingCartValidations.verifyTotalPriceForProductTable(): null

2022-01-16 00:28:41 - [TEST_STEP][PASSED] - ShoppingCartValidations.verifyTotalPriceInSummaryTable(): Text of object 'Object Repository/Shopping Cart/td_summaryTotalSubTotal' is: '$1,900.82'

2022-01-16 00:28:42 - [MESSAGE][PASSED] - Text of object 'Object Repository/Shopping Cart/td_summaryTableTotal' is: '$1,900.82'

2022-01-16 00:28:42 - [MESSAGE][PASSED] - Text of object 'Object Repository/Shopping Cart/td_summaryTotalSubTotal' is: '$1,900.82'

2022-01-16 00:28:42 - [TEST_STEP][PASSED] - QuickOrderHelpers.verifyShoppingCartProductsSameWithStoredProducts(): Attribute 'src' of object '' is: 'https://www.cleanersupply.com/4ad6b3/globalassets/catalogs/prt3/prt381_p/prt381_paren/prt381_parent/prt381-1-main-prt381_parent.jpg?width=120&height=120&quality=85'

2022-01-16 00:28:44 - [MESSAGE][PASSED] - Attribute 'value' of object '' is: '49'

2022-01-16 00:28:44 - [MESSAGE][PASSED] - Text of object '' is: '$2.59'

2022-01-16 00:28:44 - [MESSAGE][PASSED] - Text of object '' is: '$126.91'

2022-01-16 00:28:44 - [MESSAGE][PASSED] - Text of object '' is: 'CLOSED BRASS/QUILTER SAFETY PINS - #3 - 2" - 20/BOX'

2022-01-16 00:28:44 - [MESSAGE][PASSED] - Text of object '' is: 'In Stock!'

2022-01-16 00:28:44 - [MESSAGE][PASSED] - Attribute 'src' of object '' is: 'https://www.cleanersupply.com/4adae3/globalassets/catalogs/sp40/sp4005_p/sp4005_paren/sp4005_parent/sp4005-1-main-sp4005_parent.jpg?width=120&height=120&quality=85'

2022-01-16 00:28:44 - [MESSAGE][PASSED] - Attribute 'value' of object '' is: '9'

2022-01-16 00:28:44 - [MESSAGE][PASSED] - Text of object '' is: '$6.29'

2022-01-16 00:28:44 - [MESSAGE][PASSED] - Text of object '' is: '$56.61'

2022-01-16 00:28:44 - [MESSAGE][PASSED] - Text of object '' is: 'ZIP NET BAG - 15" X 19" OPEN MESH'

2022-01-16 00:28:44 - [MESSAGE][PASSED] - Text of object '' is: 'In Stock!'

2022-01-16 00:28:44 - [MESSAGE][PASSED] - Attribute 'src' of object '' is: 'https://www.cleanersupply.com/4ae088/globalassets/catalogs/zb40/zb400_pa/zb400_parent/zb400-1-main-zb400_parent.jpg?width=120&height=120&quality=85'

2022-01-16 00:28:44 - [MESSAGE][PASSED] - Attribute 'value' of object '' is: '46'

2022-01-16 00:28:44 - [MESSAGE][PASSED] - Text of object '' is: '$24.35'

2022-01-16 00:28:44 - [MESSAGE][PASSED] - Text of object '' is: '$1,120.10'

2022-01-16 00:28:44 - [MESSAGE][PASSED] - Text of object '' is: 'SUPERFAST MUSHROOM PRESS PAD FOR AJAX, CISSELL, FORENTA/FORSE, HOFFMAN/NEW YORKER & UNIPRESS'

2022-01-16 00:28:44 - [MESSAGE][PASSED] - Text of object '' is: 'In Stock!'

2022-01-16 00:28:44 - [MESSAGE][PASSED] - Attribute 'src' of object '' is: 'https://www.cleanersupply.com/4ae26e/globalassets/catalogs/pp30/pp30_par/pp30_parent/pp30-1-main-pp30_parent.jpg?width=120&height=120&quality=85'

2022-01-16 00:28:44 - [MESSAGE][PASSED] - Attribute 'value' of object '' is: '6'

2022-01-16 00:28:44 - [MESSAGE][PASSED] - Text of object '' is: '$27.85'

2022-01-16 00:28:44 - [MESSAGE][PASSED] - Text of object '' is: '$167.10'

2022-01-16 00:28:44 - [MESSAGE][PASSED] - Text of object '' is: 'GUTERMANN 700-COLOR THREAD CHART'

2022-01-16 00:28:44 - [MESSAGE][PASSED] - Text of object '' is: 'In Stock!'

2022-01-16 00:28:44 - [MESSAGE][PASSED] - Attribute 'src' of object '' is: 'https://www.cleanersupply.com/4ae3b9/globalassets/catalogs/gtdc/gtdca700/gtdca700c_pa/gtdca700c_parent/gtdca700c-1-main-gtdca700c_parent.jpg?width=120&height=120&quality=85'

2022-01-16 00:28:44 - [MESSAGE][PASSED] - Attribute 'value' of object '' is: '46'

2022-01-16 00:28:44 - [MESSAGE][PASSED] - Text of object '' is: '$9.35'

2022-01-16 00:28:44 - [MESSAGE][PASSED] - Text of object '' is: '$430.10'

2022-01-16 00:28:44 - [MESSAGE][PASSED] - Text of object '' is: 'GREEN BUTTON FOR AJAX #DCH18, DCH446, DCH45, DCH446 & HOU45'

2022-01-16 00:28:44 - [MESSAGE][PASSED] - Text of object '' is: 'In Stock!'

2022-01-16 00:28:44 - [MESSAGE][PASSED] - Attribute 'src' of object '' is: 'https://www.cleanersupply.com/4ad6b3/globalassets/catalogs/prt3/prt381_p/prt381_paren/prt381_parent/prt381-1-main-prt381_parent.jpg?width=120&height=120&quality=85'

2022-01-16 00:28:44 - [TEST_STEP][PASSED] - ShoppingCartHelpers.navigateToCheckoutPage(): Object: 'Object Repository/Shopping Cart/button_proceedToCheckout' is clicked on

2022-01-16 00:28:45 - [MESSAGE][PASSED] - Object: 'Object Repository/Shopping Cart/a_shoppingCartProductTitle' is hovered

2022-01-16 00:28:45 - [MESSAGE][PASSED] - Get CSS 'background-color' value on 'Object Repository/Shopping Cart/button_proceedToCheckout' successfully: 'rgb(82, 36, 127)'.

2022-01-16 00:28:46 - [MESSAGE][PASSED] - Get CSS 'color' value on 'Object Repository/Shopping Cart/button_proceedToCheckout' successfully: 'rgb(255, 255, 255)'.

2022-01-16 00:28:46 - [MESSAGE][PASSED] - Object: 'Object Repository/Shopping Cart/button_proceedToCheckout' is hovered

2022-01-16 00:28:47 - [MESSAGE][PASSED] - Get CSS 'box-shadow' value on 'Object Repository/Shopping Cart/button_proceedToCheckout' successfully: 'rgba(0, 0, 0, 0.3) 0px 0px 10px 2px'.

2022-01-16 00:28:48 - [MESSAGE][PASSED] - Object: 'Object Repository/Shopping Cart/button_proceedToCheckout' is clicked on

2022-01-16 00:28:48 - [TEST_STEP][PASSED] - CheckoutPageValidation.verifyNaigationTOCheckOut(): Text of object 'Object Repository/CheckOut/div_checkoutHeader' is: 'SECURE CHECKOUT'

2022-01-16 00:28:48 - [MESSAGE][PASSED] - Current window's title is: 'Checkout Interstitial - Cleaner's Supply'

2022-01-16 00:28:48 - [MESSAGE][PASSED] - Current window's url is: 'https://www.cleanersupply.com/checkout-interstitial/'

2022-01-16 00:28:50 - [MESSAGE][PASSED] - Text of object 'Object Repository/CheckOut/div_checkoutHeader' is: 'SECURE CHECKOUT'

2022-01-16 00:28:50 - [TEST_STEP][PASSED] - CheckoutPageValidation.verifyTotalPrice(): Text of object 'Object Repository/CheckOut/td_summaryTotalSubTotal' is: '$1,900.82'

2022-01-16 00:28:50 - [MESSAGE][PASSED] - Text of object 'Object Repository/CheckOut/span_checkoutTitleTotal' is: '$1,900.82'

2022-01-16 00:28:51 - [MESSAGE][PASSED] - Text of object 'Object Repository/CheckOut/td_summaryTableTotal' is: '$1,900.82'

2022-01-16 00:28:51 - [MESSAGE][PASSED] - Text of object 'Object Repository/CheckOut/td_summaryTotalSubTotal' is: '$1,900.82'

2022-01-16 00:28:51 - [TEST_STEP][PASSED] - CheckoutPageValidation.verifyCheckoutAsGuest(): Text of object 'Object Repository/CheckOut/label_checkoutAsGuest' is: 'Checkout as Guest'

2022-01-16 00:28:51 - [MESSAGE][PASSED] - Text of object 'Object Repository/CheckOut/label_checkoutAsGuest' is: 'Checkout as Guest'

2022-01-16 00:28:51 - [TEST_STEP][PASSED] - CheckoutPageValidation.verifyCheckoutAsGuestSelected(): Object 'Object Repository/CheckOut/input_checkoutAsGuestRadioButton' is checked

2022-01-16 00:28:52 - [MESSAGE][PASSED] - Object 'Object Repository/CheckOut/input_checkoutAsGuestRadioButton' is checked

2022-01-16 00:28:52 - [TEST_STEP][PASSED] - CheckoutPageValidation.verifyProductSummaryItemQountityTotal(): Unable to find the element located by 'By.xpath: '. Please recheck the objects properties to make sure the desired element is located. 

2022-01-16 00:28:54 - [MESSAGE][INFO] - Unable to find the element located by 'By.cssSelector: table.product-table tbody tr td.product-table__price'. Please recheck the objects properties to make sure the desired element is located. 

2022-01-16 00:28:54 - [MESSAGE][WARNING] - [SELF-HEALING] Failed to find element with id 'Object Repository/Shopping Cart/td_shoppingCartProductPrice'. Try using Self-healing.

2022-01-16 00:28:54 - [MESSAGE][WARNING] - [SELF-HEALING] Cannot find elements when the XPath is null.

2022-01-16 00:28:55 - [MESSAGE][INFO] - Unable to find the element located by 'By.xpath: '. Please recheck the objects properties to make sure the desired element is located. 

2022-01-16 00:28:57 - [MESSAGE][INFO] - Unable to find the element located by 'By.cssSelector: table.product-table tbody tr td.product-table__quantity input[name="quantity"]'. Please recheck the objects properties to make sure the desired element is located. 

2022-01-16 00:28:57 - [MESSAGE][WARNING] - [SELF-HEALING] Failed to find element with id 'Object Repository/Shopping Cart/input_shoppingCartProductQuantity'. Try using Self-healing.

2022-01-16 00:28:57 - [MESSAGE][WARNING] - [SELF-HEALING] Cannot find elements when the XPath is null.

2022-01-16 00:28:58 - [MESSAGE][INFO] - Unable to find the element located by 'By.xpath: '. Please recheck the objects properties to make sure the desired element is located. 

2022-01-16 00:29:01 - [MESSAGE][INFO] - Unable to find the element located by 'By.cssSelector: table.product-table tbody tr td.product-table__total'. Please recheck the objects properties to make sure the desired element is located. 

2022-01-16 00:29:01 - [MESSAGE][WARNING] - [SELF-HEALING] Failed to find element with id 'Object Repository/Shopping Cart/td_shoppingCartProductTotal'. Try using Self-healing.

2022-01-16 00:29:01 - [MESSAGE][WARNING] - [SELF-HEALING] Cannot find elements when the XPath is null.

2022-01-16 00:29:02 - [MESSAGE][INFO] - Unable to find the element located by 'By.xpath: '. Please recheck the objects properties to make sure the desired element is located. 

2022-01-16 00:29:02 - [TEST_STEP][PASSED] - CheckoutPageHelpers.navigateToCheckoutInformationForm(): Object: 'Object Repository/CheckOut/button_continueButton' is clicked on

2022-01-16 00:29:05 - [MESSAGE][PASSED] - Object: 'Object Repository/CheckOut/button_continueButton' is clicked on

2022-01-16 00:29:05 - [TEST_STEP][PASSED] - checkOutFormHelper.fillCheckOutForm(): Object: 'Object Repository/CheckOutForm/a_reviewOrder' is clicked on

2022-01-16 00:29:05 - [MESSAGE][PASSED] - Current window's title is: 'Checkout - Cleaner's Supply'

2022-01-16 00:29:05 - [MESSAGE][PASSED] - Current window's url is: 'https://www.cleanersupply.com/checkout/'

2022-01-16 00:29:06 - [MESSAGE][PASSED] - Text of object 'Object Repository/CheckOutForm/h1_checkOutHeader' is: 'CHECKOUT'

2022-01-16 00:29:07 - [MESSAGE][PASSED] - Object: 'Object Repository/CheckOutForm/input_company' is focused

2022-01-16 00:29:07 - [MESSAGE][PASSED] - Get CSS 'box-shadow' value on 'Object Repository/CheckOutForm/input_company' successfully: 'rgb(99, 99, 99) 0px -3px 0px 0px inset'.

2022-01-16 00:29:07 - [MESSAGE][PASSED] - Actual object 'rgb(99, 99, 99) 0px -3px 0px 0px inset' and expected object 'rgb(99, 99, 99) 0px -3px 0px 0px inset' are equal

2022-01-16 00:29:08 - [MESSAGE][PASSED] - Text 'testCompany' is set on object 'Object Repository/CheckOutForm/input_company'

2022-01-16 00:29:08 - [MESSAGE][PASSED] - Object: 'Object Repository/CheckOutForm/input_fname' is focused

2022-01-16 00:29:08 - [MESSAGE][PASSED] - Get CSS 'box-shadow' value on 'Object Repository/CheckOutForm/input_fname' successfully: 'rgb(99, 99, 99) 0px -3px 0px 0px inset'.

2022-01-16 00:29:08 - [MESSAGE][PASSED] - Actual object 'rgb(99, 99, 99) 0px -3px 0px 0px inset' and expected object 'rgb(99, 99, 99) 0px -3px 0px 0px inset' are equal

2022-01-16 00:29:09 - [MESSAGE][PASSED] - Text 'FNameTest' is set on object 'Object Repository/CheckOutForm/input_fname'

2022-01-16 00:29:10 - [MESSAGE][PASSED] - Object: 'Object Repository/CheckOutForm/input_lNAme' is focused

2022-01-16 00:29:10 - [MESSAGE][PASSED] - Get CSS 'box-shadow' value on 'Object Repository/CheckOutForm/input_lNAme' successfully: 'rgb(99, 99, 99) 0px -3px 0px 0px inset'.

2022-01-16 00:29:10 - [MESSAGE][PASSED] - Actual object 'rgb(99, 99, 99) 0px -3px 0px 0px inset' and expected object 'rgb(99, 99, 99) 0px -3px 0px 0px inset' are equal

2022-01-16 00:29:11 - [MESSAGE][PASSED] - Text 'lnameValueTest' is set on object 'Object Repository/CheckOutForm/input_lNAme'

2022-01-16 00:29:11 - [MESSAGE][PASSED] - Object: 'Object Repository/CheckOutForm/input_address' is focused

2022-01-16 00:29:12 - [MESSAGE][PASSED] - Get CSS 'box-shadow' value on 'Object Repository/CheckOutForm/input_address' successfully: 'rgb(99, 99, 99) 0px -3px 0px 0px inset'.

2022-01-16 00:29:12 - [MESSAGE][PASSED] - Actual object 'rgb(99, 99, 99) 0px -3px 0px 0px inset' and expected object 'rgb(99, 99, 99) 0px -3px 0px 0px inset' are equal

2022-01-16 00:29:12 - [MESSAGE][PASSED] - Text 'addres1Test' is set on object 'Object Repository/CheckOutForm/input_address'

2022-01-16 00:29:13 - [MESSAGE][PASSED] - Object: 'Object Repository/CheckOutForm/input_address2' is focused

2022-01-16 00:29:13 - [MESSAGE][PASSED] - Get CSS 'box-shadow' value on 'Object Repository/CheckOutForm/input_address2' successfully: 'rgb(99, 99, 99) 0px -3px 0px 0px inset'.

2022-01-16 00:29:13 - [MESSAGE][PASSED] - Actual object 'rgb(99, 99, 99) 0px -3px 0px 0px inset' and expected object 'rgb(99, 99, 99) 0px -3px 0px 0px inset' are equal

2022-01-16 00:29:14 - [MESSAGE][PASSED] - Text 'address2 test' is set on object 'Object Repository/CheckOutForm/input_address2'

2022-01-16 00:29:14 - [MESSAGE][PASSED] - Object: 'Object Repository/CheckOutForm/input_zipCode' is focused

2022-01-16 00:29:14 - [MESSAGE][PASSED] - Get CSS 'box-shadow' value on 'Object Repository/CheckOutForm/input_zipCode' successfully: 'rgb(99, 99, 99) 0px -3px 0px 0px inset'.

2022-01-16 00:29:15 - [MESSAGE][PASSED] - Actual object 'rgb(99, 99, 99) 0px -3px 0px 0px inset' and expected object 'rgb(99, 99, 99) 0px -3px 0px 0px inset' are equal

2022-01-16 00:29:15 - [MESSAGE][PASSED] - Text '55555' is set on object 'Object Repository/CheckOutForm/input_zipCode'

2022-01-16 00:29:16 - [MESSAGE][PASSED] - Object: 'Object Repository/CheckOutForm/input_city' is focused

2022-01-16 00:29:16 - [MESSAGE][PASSED] - Get CSS 'box-shadow' value on 'Object Repository/CheckOutForm/input_city' successfully: 'rgb(99, 99, 99) 0px -3px 0px 0px inset'.

2022-01-16 00:29:16 - [MESSAGE][PASSED] - Actual object 'rgb(99, 99, 99) 0px -3px 0px 0px inset' and expected object 'rgb(99, 99, 99) 0px -3px 0px 0px inset' are equal

2022-01-16 00:29:17 - [MESSAGE][PASSED] - Text 'Palestine' is set on object 'Object Repository/CheckOutForm/input_city'

2022-01-16 00:29:17 - [MESSAGE][PASSED] - Object: 'Object Repository/CheckOutForm/input_phoneNum' is focused

2022-01-16 00:29:18 - [MESSAGE][PASSED] - Get CSS 'box-shadow' value on 'Object Repository/CheckOutForm/input_phoneNum' successfully: 'rgb(99, 99, 99) 0px -3px 0px 0px inset'.

2022-01-16 00:29:18 - [MESSAGE][PASSED] - Actual object 'rgb(99, 99, 99) 0px -3px 0px 0px inset' and expected object 'rgb(99, 99, 99) 0px -3px 0px 0px inset' are equal

2022-01-16 00:29:19 - [MESSAGE][PASSED] - Text '541-143-1030' is set on object 'Object Repository/CheckOutForm/input_phoneNum'

2022-01-16 00:29:19 - [MESSAGE][PASSED] - Object: 'Object Repository/CheckOutForm/input_phoneExt' is focused

2022-01-16 00:29:19 - [MESSAGE][PASSED] - Get CSS 'box-shadow' value on 'Object Repository/CheckOutForm/input_phoneExt' successfully: 'rgb(99, 99, 99) 0px -3px 0px 0px inset'.

2022-01-16 00:29:19 - [MESSAGE][PASSED] - Actual object 'rgb(99, 99, 99) 0px -3px 0px 0px inset' and expected object 'rgb(99, 99, 99) 0px -3px 0px 0px inset' are equal

2022-01-16 00:29:21 - [MESSAGE][PASSED] - Text '1' is set on object 'Object Repository/CheckOutForm/input_phoneExt'

2022-01-16 00:29:21 - [MESSAGE][PASSED] - Object: 'Object Repository/CheckOutForm/input_phoneExt' is focused

2022-01-16 00:29:21 - [MESSAGE][PASSED] - Get CSS 'box-shadow' value on 'Object Repository/CheckOutForm/input_phoneExt' successfully: 'rgb(99, 99, 99) 0px -3px 0px 0px inset'.

2022-01-16 00:29:21 - [MESSAGE][PASSED] - Actual object 'rgb(99, 99, 99) 0px -3px 0px 0px inset' and expected object 'rgb(99, 99, 99) 0px -3px 0px 0px inset' are equal

2022-01-16 00:29:22 - [MESSAGE][PASSED] - Text '1' is set on object 'Object Repository/CheckOutForm/input_phoneExt'

2022-01-16 00:29:22 - [MESSAGE][PASSED] - Object: 'Object Repository/CheckOutForm/input_email' is focused

2022-01-16 00:29:22 - [MESSAGE][PASSED] - Get CSS 'box-shadow' value on 'Object Repository/CheckOutForm/input_email' successfully: 'rgb(99, 99, 99) 0px -3px 0px 0px inset'.

2022-01-16 00:29:22 - [MESSAGE][PASSED] - Actual object 'rgb(99, 99, 99) 0px -3px 0px 0px inset' and expected object 'rgb(99, 99, 99) 0px -3px 0px 0px inset' are equal

2022-01-16 00:29:23 - [MESSAGE][PASSED] - Text 'test@test.com' is set on object 'Object Repository/CheckOutForm/input_email'

2022-01-16 00:29:24 - [MESSAGE][PASSED] - Object: 'Object Repository/CheckOutForm/button_state' is clicked on

2022-01-16 00:29:24 - [MESSAGE][PASSED] - Object 'Object Repository/CheckOutForm/button_state' has attribute 'aria-expanded' with value 'true'

2022-01-16 00:29:25 - [MESSAGE][PASSED] - Object: 'Object Repository/CheckOutForm/a_state' is clicked on

2022-01-16 00:29:26 - [MESSAGE][PASSED] - Text of object 'Object Repository/CheckOutForm/span_selectedState' is: 'Arizona'

2022-01-16 00:29:26 - [MESSAGE][PASSED] - Object: 'Object Repository/CheckOutForm/input_creditCardName' is focused

2022-01-16 00:29:27 - [MESSAGE][PASSED] - Get CSS 'box-shadow' value on 'Object Repository/CheckOutForm/input_creditCardName' successfully: 'rgb(99, 99, 99) 0px -3px 0px 0px inset'.

2022-01-16 00:29:27 - [MESSAGE][PASSED] - Actual object 'rgb(99, 99, 99) 0px -3px 0px 0px inset' and expected object 'rgb(99, 99, 99) 0px -3px 0px 0px inset' are equal

2022-01-16 00:29:27 - [MESSAGE][PASSED] - Text 'Razan' is set on object 'Object Repository/CheckOutForm/input_creditCardName'

2022-01-16 00:29:28 - [MESSAGE][PASSED] - Object: 'Object Repository/CheckOutForm/input_cardNumber' is focused

2022-01-16 00:29:28 - [MESSAGE][PASSED] - Get CSS 'box-shadow' value on 'Object Repository/CheckOutForm/input_cardNumber' successfully: 'rgb(99, 99, 99) 0px -3px 0px 0px inset'.

2022-01-16 00:29:28 - [MESSAGE][PASSED] - Actual object 'rgb(99, 99, 99) 0px -3px 0px 0px inset' and expected object 'rgb(99, 99, 99) 0px -3px 0px 0px inset' are equal

2022-01-16 00:29:28 - [MESSAGE][PASSED] - Text '379936489179273' is set on object 'Object Repository/CheckOutForm/input_cardNumber'

2022-01-16 00:29:29 - [MESSAGE][PASSED] - Object: 'Object Repository/CheckOutForm/input_cvv' is focused

2022-01-16 00:29:29 - [MESSAGE][PASSED] - Get CSS 'box-shadow' value on 'Object Repository/CheckOutForm/input_cvv' successfully: 'rgb(99, 99, 99) 0px -3px 0px 0px inset'.

2022-01-16 00:29:29 - [MESSAGE][PASSED] - Actual object 'rgb(99, 99, 99) 0px -3px 0px 0px inset' and expected object 'rgb(99, 99, 99) 0px -3px 0px 0px inset' are equal

2022-01-16 00:29:30 - [MESSAGE][PASSED] - Text '2222' is set on object 'Object Repository/CheckOutForm/input_cvv'

2022-01-16 00:29:31 - [MESSAGE][PASSED] - Object: 'Object Repository/CheckOutForm/button_expirationDate' is clicked on

2022-01-16 00:29:32 - [MESSAGE][PASSED] - Object: 'Object Repository/CheckOutForm/button_expirationYear' is clicked on

2022-01-16 00:29:33 - [MESSAGE][PASSED] - Object: 'Object Repository/CheckOutForm/input_PO' is focused

2022-01-16 00:29:33 - [MESSAGE][PASSED] - Get CSS 'box-shadow' value on 'Object Repository/CheckOutForm/input_PO' successfully: 'rgb(99, 99, 99) 0px -3px 0px 0px inset'.

2022-01-16 00:29:33 - [MESSAGE][PASSED] - Actual object 'rgb(99, 99, 99) 0px -3px 0px 0px inset' and expected object 'rgb(99, 99, 99) 0px -3px 0px 0px inset' are equal

2022-01-16 00:29:33 - [MESSAGE][PASSED] - Text 'test1155' is set on object 'Object Repository/CheckOutForm/input_PO'

2022-01-16 00:29:34 - [MESSAGE][PASSED] - Text 'test comment' is set on object 'Object Repository/CheckOutForm/input_comments'

2022-01-16 00:29:35 - [MESSAGE][PASSED] - Object: 'Object Repository/CheckOutForm/a_reviewOrder' is clicked on

2022-01-16 00:29:35 - [TEST_STEP][PASSED] - CheckoutPageValidation.verifyNavigationToCheckoutDetails(): Text of object 'Object Repository/CheckOut Details/h1_checkoutHeader' is: 'CHECKOUT'

2022-01-16 00:29:35 - [MESSAGE][PASSED] - Current window's title is: 'Checkout - Cleaner's Supply'

2022-01-16 00:29:35 - [MESSAGE][PASSED] - Current window's url is: 'https://www.cleanersupply.com/checkout/'

2022-01-16 00:29:36 - [MESSAGE][PASSED] - Text of object 'Object Repository/CheckOut Details/h1_checkoutHeader' is: 'CHECKOUT'

2022-01-16 00:29:36 - [TEST_STEP][PASSED] - CheckoutPageHelpers.ShippingAddressDiv(): Text of object 'Object Repository/CheckOut Details/h2_shippingAddrDivHeader' is: 'SHIPPING ADDRESS'

2022-01-16 00:29:36 - [MESSAGE][PASSED] - Scroll to object 'Object Repository/CheckOut Details/div_shippingAddr' successfully

2022-01-16 00:29:37 - [MESSAGE][PASSED] - Object 'Object Repository/CheckOut Details/div_shippingAddr' is visible

2022-01-16 00:29:37 - [MESSAGE][PASSED] - Get CSS 'background-color' value on 'Object Repository/CheckOut Details/div_shippingAddr' successfully: 'rgb(241, 242, 242)'.

2022-01-16 00:29:37 - [MESSAGE][PASSED] - Object 'Object Repository/CheckOut Details/h2_shippingAddrDivHeader' is visible

2022-01-16 00:29:38 - [MESSAGE][PASSED] - Text of object 'Object Repository/CheckOut Details/h2_shippingAddrDivHeader' is: 'SHIPPING ADDRESS'

2022-01-16 00:29:38 - [TEST_STEP][PASSED] - CheckoutPageHelpers.ShippingDetailsInCeckout(): Text of object 'Object Repository/CheckOut Details/span_shippingAddressDetails' is: 'testCompany
FNameTest lnameValueTest
addres1Test
address2 test
Palestine, AZ 55555
541-143-1030 x1
United States'

2022-01-16 00:29:38 - [MESSAGE][PASSED] - Text of object 'Object Repository/CheckOut Details/span_shippingAddressDetails' is: 'testCompany
FNameTest lnameValueTest
addres1Test
address2 test
Palestine, AZ 55555
541-143-1030 x1
United States'

2022-01-16 00:29:38 - [TEST_STEP][PASSED] - CheckoutPageHelpers.standardShippingAddress(): Object: 'Object Repository/CheckOut Details/a_shippingOptionLink' is clicked on

2022-01-16 00:29:38 - [MESSAGE][PASSED] - Object 'Object Repository/CheckOut Details/dic_standardShiping' is visible

2022-01-16 00:29:38 - [MESSAGE][PASSED] - Get CSS 'background-color' value on 'Object Repository/CheckOut Details/dic_standardShiping' successfully: 'rgb(241, 242, 242)'.

2022-01-16 00:29:39 - [MESSAGE][PASSED] - Attribute 'class' of object 'Object Repository/CheckOut Details/a_shippingOptionLink' is: 'pull-right collapsed'

2022-01-16 00:29:39 - [MESSAGE][PASSED] - Object: 'Object Repository/CheckOut Details/a_shippingOptionLink' is clicked on

2022-01-16 00:29:39 - [MESSAGE][PASSED] - Attribute 'class' of object 'Object Repository/CheckOut Details/a_shippingOptionLink' is: 'pull-right'

2022-01-16 00:29:40 - [MESSAGE][PASSED] - Object: 'Object Repository/CheckOut Details/a_shippingOptionLink' is clicked on

2022-01-16 00:29:40 - [TEST_STEP][PASSED] - CheckoutPageHelpers.paymentMethodDiv(): Text of object 'Object Repository/CheckOut Details/h2_paymentMethodHeader' is: 'PAYMENT METHOD'

2022-01-16 00:29:42 - [MESSAGE][PASSED] - Object 'Object Repository/CheckOut Details/h2_paymentMethodHeader' is visible

2022-01-16 00:29:42 - [MESSAGE][PASSED] - Text of object 'Object Repository/CheckOut Details/h2_paymentMethodHeader' is: 'PAYMENT METHOD'

2022-01-16 00:29:42 - [TEST_STEP][PASSED] - CheckoutPageHelpers.verifyPaymentMethodDetails(): Attribute 'value' of object 'Object Repository/CheckOut Details/input_paymentMethodComment' is: 'test comment'

2022-01-16 00:29:42 - [MESSAGE][PASSED] - Text of object 'Object Repository/CheckOut Details/span_paymentMethodDetails' is: 'AmericanExpress **** 9273
Razan
Expires: 1/30'

2022-01-16 00:29:42 - [MESSAGE][PASSED] - Object 'Object Repository/CheckOut Details/div_PoNoDiv' is visible

2022-01-16 00:29:43 - [MESSAGE][PASSED] - Attribute 'value' of object 'Object Repository/CheckOut Details/input_paymentMethodPo' is: 'test1155'

2022-01-16 00:29:43 - [MESSAGE][PASSED] - Attribute 'value' of object 'Object Repository/CheckOut Details/input_paymentMethodComment' is: 'test comment'

2022-01-16 00:29:43 - [TEST_STEP][PASSED] - Video: Video recording for test case 'Test Cases/Checkout Scenario/Quick Order' .

2022-01-16 00:29:43 - [MESSAGE][INFO] - Video recording for test case 'Test Cases/Checkout Scenario/Quick Order' .]]></system-out>
         <system-err><![CDATA[]]></system-err>
      </testcase>
      <testcase name="Test Cases/Checkout Scenario/Category" time="109.819" classname="Test Cases/Checkout Scenario/Category" status="PASSED">
         <system-out><![CDATA[2022-01-16 00:29:43 - [TEST_CASE][PASSED] - Test Cases/Checkout Scenario/Category: Test Cases/Checkout Scenario/Category

2022-01-16 00:29:43 - [TEST_STEP][PASSED] - GeneralHelpers.initScenario(): Current window's url is: 'https://www.cleanersupply.com/'

2022-01-16 00:29:43 - [MESSAGE][WARNING] - A browser is already opened. Closing browser and opening a new one

2022-01-16 00:29:44 - [MESSAGE][INFO] - Starting 'Firefox' driver

2022-01-16 00:29:44 - [MESSAGE][INFO] - Action delay is set to 0 milliseconds

2022-01-16 00:29:48 - [MESSAGE][PASSED] - Browser is opened with url: ''

2022-01-16 00:29:48 - [MESSAGE][PASSED] - Current window maximized

2022-01-16 00:29:56 - [MESSAGE][PASSED] - Navigate to 'https://www.cleanersupply.com/' successfully

2022-01-16 00:29:56 - [MESSAGE][PASSED] - Wait for page load successfully

2022-01-16 00:29:56 - [MESSAGE][PASSED] - Current window's title is: 'Cleaner's Supply - Dry Cleaning Supplies'

2022-01-16 00:29:57 - [MESSAGE][PASSED] - Current window's title is: 'Cleaner's Supply - Dry Cleaning Supplies'

2022-01-16 00:29:57 - [MESSAGE][PASSED] - Current window's url is: 'https://www.cleanersupply.com/'

2022-01-16 00:29:57 - [TEST_STEP][PASSED] - computerRegister = "Object Repository/Category/a_ComputerRegister": null

2022-01-16 00:29:57 - [TEST_STEP][PASSED] - CategoryScActions.hovertags(): Object: 'Object Repository/Category/a_tags' is hovered

2022-01-16 00:29:58 - [MESSAGE][PASSED] - Object: 'Object Repository/Category/a_tags' is hovered

2022-01-16 00:29:58 - [TEST_STEP][PASSED] - tags = "Object Repository/Category/a_tags": null

2022-01-16 00:29:58 - [TEST_STEP][PASSED] - CategoryValidations.checkanchorHoverColorBackground(tags, moveColr, whiteColor): Get CSS 'background-color' value on 'Object Repository/Category/a_tags' successfully: 'rgb(255, 255, 255)'.

2022-01-16 00:29:59 - [MESSAGE][PASSED] - Get CSS 'color' value on 'Object Repository/Category/a_tags' successfully: 'rgb(82, 36, 127)'.

2022-01-16 00:30:00 - [MESSAGE][PASSED] - Get CSS 'background-color' value on 'Object Repository/Category/a_tags' successfully: 'rgb(255, 255, 255)'.

2022-01-16 00:30:00 - [TEST_STEP][PASSED] - CategoryValidations.checkHoverFlyMenuVisibility(): Attribute 'class' of object 'Object Repository/Category/ul_flyMenu' is: 'nav navbar-nav navbar-left open-desktop'

2022-01-16 00:30:00 - [MESSAGE][PASSED] - Object 'Object Repository/Category/ul_flyMenu' is visible

2022-01-16 00:30:00 - [MESSAGE][PASSED] - Attribute 'class' of object 'Object Repository/Category/ul_flyMenu' is: 'nav navbar-nav navbar-left open-desktop'

2022-01-16 00:30:00 - [TEST_STEP][PASSED] - CategorySCHelpers.navigateComputerRegister(): Current window's title is: 'Computer & Register - Cleaner's Supply'

2022-01-16 00:30:02 - [MESSAGE][PASSED] - Object: 'Object Repository/Category/a_ComputerRegister' is hovered

2022-01-16 00:30:03 - [MESSAGE][PASSED] - Get CSS 'color' value on 'Object Repository/Category/a_ComputerRegister' successfully: 'rgb(82, 36, 127)'.

2022-01-16 00:30:03 - [MESSAGE][PASSED] - Get CSS 'text-transform' value on 'Object Repository/Category/a_ComputerRegister' successfully: 'uppercase'.

2022-01-16 00:30:06 - [MESSAGE][PASSED] - Object: 'Object Repository/Category/a_ComputerRegister' is clicked on

2022-01-16 00:30:06 - [MESSAGE][PASSED] - Current window's url is: 'https://www.cleanersupply.com/Tags-Forms/Computer-Register/'

2022-01-16 00:30:06 - [MESSAGE][PASSED] - Current window's title is: 'Computer & Register - Cleaner's Supply'

2022-01-16 00:30:06 - [TEST_STEP][PASSED] - CategoryValidations.validatespanText(computerRegisterspan): Text of object 'Object Repository/Category/span_omputerRegister' is: 'COMPUTER & REGISTER TAGS & FORMS'

2022-01-16 00:30:07 - [MESSAGE][PASSED] - Text of object 'Object Repository/Category/span_omputerRegister' is: 'COMPUTER & REGISTER TAGS & FORMS'

2022-01-16 00:30:07 - [TEST_STEP][PASSED] - CategoryScActions.getDefaultProjectCategoryFilter(expectedProductNum): Text of object 'Object Repository/Category/h2_productNum' is: '74 PRODUCTS'

2022-01-16 00:30:09 - [MESSAGE][PASSED] - Text of object 'Object Repository/Category/h2_productNum' is: '74 PRODUCTS'

2022-01-16 00:30:09 - [TEST_STEP][PASSED] - CategoryScActions.getDefaultValueOfSortBy(sortByDefault): Text of object 'Object Repository/Category/span_featuredDefault' is: 'Featured'

2022-01-16 00:30:10 - [MESSAGE][PASSED] - Text of object 'Object Repository/Category/span_featuredDefault' is: 'Featured'

2022-01-16 00:30:10 - [TEST_STEP][PASSED] - CategoryScActions.getDefaultManufacturar(manufacturarDefault): Text of object 'Object Repository/Category/span_manuDefault' is: 'Manufacturer'

2022-01-16 00:30:10 - [MESSAGE][PASSED] - Text of object 'Object Repository/Category/span_manuDefault' is: 'Manufacturer'

2022-01-16 00:30:10 - [TEST_STEP][PASSED] - CategoryScActions.getDefaultModal(defaultmodal): Text of object 'Object Repository/Category/span_defaultFilterModal' is: 'Model #'

2022-01-16 00:30:10 - [MESSAGE][PASSED] - Text of object 'Object Repository/Category/span_defaultFilterModal' is: 'Model #'

2022-01-16 00:30:10 - [TEST_STEP][PASSED] - CategoryScActions.clickOnManuWithassertOPened(menuExpandValue): Attribute 'aria-expanded' of object 'Object Repository/Category/sp001Casiprodoct/ul_manufature' is: 'true'

2022-01-16 00:30:11 - [MESSAGE][PASSED] - Object: 'Object Repository/Category/span_manuDefault' is clicked on

2022-01-16 00:30:11 - [MESSAGE][PASSED] - Attribute 'aria-expanded' of object 'Object Repository/Category/sp001Casiprodoct/ul_manufature' is: 'true'

2022-01-16 00:30:11 - [TEST_STEP][PASSED] - CategorySCHelpers.selectCasioManufacturar(): Text of object 'Object Repository/Category/h2_productNum' is: '2 PRODUCTS'

2022-01-16 00:30:12 - [MESSAGE][PASSED] - Object: 'Object Repository/Category/a_casio' is clicked on

2022-01-16 00:30:13 - [MESSAGE][PASSED] - Attribute 'title' of object 'Object Repository/Category/button_afterSelectCasio' is: 'Casio'

2022-01-16 00:30:13 - [MESSAGE][PASSED] - Text of object 'Object Repository/Category/a_casioSelectedFilter' is: 'Casio'

2022-01-16 00:30:14 - [MESSAGE][PASSED] - Text of object 'Object Repository/Category/h2_productNum' is: '2 PRODUCTS'

2022-01-16 00:30:14 - [TEST_STEP][PASSED] - CategorySCHelpers.selectModalsp1000(): Text of object 'Object Repository/Category/A_SP001selectedFilter' is: 'SP1000'

2022-01-16 00:30:14 - [MESSAGE][PASSED] - Object 'Object Repository/Category/div_collabse1' has attribute 'aria-expanded' with value 'true'

2022-01-16 00:30:14 - [MESSAGE][PASSED] - Object: 'Object Repository/Category/button_modalNum' is clicked on

2022-01-16 00:30:15 - [MESSAGE][PASSED] - Object: 'Object Repository/Category/a_sp001' is clicked on

2022-01-16 00:30:16 - [MESSAGE][PASSED] - Attribute 'title' of object 'Object Repository/Category/a_sp001' is: ''

2022-01-16 00:30:16 - [MESSAGE][PASSED] - Text of object 'Object Repository/Category/A_SP001selectedFilter' is: 'SP1000'

2022-01-16 00:30:16 - [TEST_STEP][PASSED] - CategorySCHelpers.EnterCasioSP1000Product(): Object: 'Object Repository/Category/sp001Casiprodoct/a_product' is clicked on

2022-01-16 00:30:16 - [MESSAGE][PASSED] - Text of object 'Object Repository/Category/sp001Casiprodoct/h2_sp1000CasioTitle' is: 'EPSON PRINTER INDELIBOND INK RIBBONS #TM290, ERC27 - 6/BOX'

2022-01-16 00:30:16 - [MESSAGE][PASSED] - Actual object 'EPSON PRINTER INDELIBOND INK RIBBONS #TM290, ERC27 - 6/BOX' and expected object 'EPSON PRINTER INDELIBOND INK RIBBONS #TM290, ERC27 - 6/BOX' are equal

2022-01-16 00:30:17 - [MESSAGE][PASSED] - Text of object 'Object Repository/Category/sp001Casiprodoct/span_SP1000CasioProductMinPrice' is: '$15.54'

2022-01-16 00:30:17 - [MESSAGE][PASSED] - Actual object '$15.54' and expected object '$15.54' are equal

2022-01-16 00:30:17 - [MESSAGE][PASSED] - Text of object 'Object Repository/Category/sp001Casiprodoct/span_sp1000CasioProductMaxPrice' is: '$20.94'

2022-01-16 00:30:17 - [MESSAGE][PASSED] - Actual object '$20.94' and expected object '$20.94' are equal

2022-01-16 00:30:20 - [MESSAGE][PASSED] - Object: 'Object Repository/Category/sp001Casiprodoct/a_product' is clicked on

2022-01-16 00:30:20 - [TEST_STEP][PASSED] - CategorySCHelpers.ValidateCasioSP1000ProductDetails(): Actual object 'EPSON PRINTER INDELIBOND INK RIBBONS #TM290, ERC27 - 6/BOX' and expected object 'EPSON PRINTER INDELIBOND INK RIBBONS #TM290, ERC27 - 6/BOX' are equal

2022-01-16 00:30:21 - [MESSAGE][PASSED] - Text of object 'Object Repository/Category/sp1000CasioProductDetails/h1_sp1000CasioProduct' is: 'EPSON PRINTER INDELIBOND INK RIBBONS #TM290, ERC27 - 6/BOX'

2022-01-16 00:30:21 - [MESSAGE][PASSED] - Actual object 'EPSON PRINTER INDELIBOND INK RIBBONS #TM290, ERC27 - 6/BOX' and expected object 'EPSON PRINTER INDELIBOND INK RIBBONS #TM290, ERC27 - 6/BOX' are equal

2022-01-16 00:30:21 - [TEST_STEP][PASSED] - CategorySCHelpers.enterTenItemsFromProduct(): Current window's title is: 'Epson Printer Indelibond Ink Ribbons #TM290, ERC27 - 6/Box - Cleaner's Supply'

2022-01-16 00:30:23 - [MESSAGE][PASSED] - Text of object 'Object Repository/Category/span_badge' is: '0'

2022-01-16 00:30:23 - [MESSAGE][PASSED] - Actual object '0' and expected object '0' are equal

2022-01-16 00:30:24 - [MESSAGE][PASSED] - Text of object 'Object Repository/Category/sp1000CasioProductDetails/input_quantity' is cleared

2022-01-16 00:30:24 - [MESSAGE][PASSED] - Keys 'BACK_SPACE + ' sent to object: 'Object Repository/Category/sp1000CasioProductDetails/input_quantity'

2022-01-16 00:30:25 - [MESSAGE][PASSED] - Text '10' is set on object 'Object Repository/Category/sp1000CasioProductDetails/input_quantity'

2022-01-16 00:30:26 - [MESSAGE][PASSED] - Object: 'Object Repository/Category/sp1000CasioProductDetails/h1_sp1000CasioProduct' is clicked on

2022-01-16 00:30:26 - [MESSAGE][PASSED] - Text of object 'Object Repository/Product details/h1_productName' is: 'EPSON PRINTER INDELIBOND INK RIBBONS #TM290, ERC27 - 6/BOX'

2022-01-16 00:30:27 - [MESSAGE][PASSED] - Attribute 'value' of object 'Object Repository/Product details/input_productQuantity' is: '10'

2022-01-16 00:30:27 - [MESSAGE][PASSED] - Text of object 'Object Repository/Product details/span_skuNumber' is: 'RIB290'

2022-01-16 00:30:27 - [MESSAGE][PASSED] - Text of object 'Object Repository/Product details/span_productPrice' is: '$15.54'

2022-01-16 00:30:28 - [MESSAGE][PASSED] - Object: 'Object Repository/Product details/button_addToCart' is clicked on

2022-01-16 00:30:28 - [MESSAGE][PASSED] - Current window's title is: 'Epson Printer Indelibond Ink Ribbons #TM290, ERC27 - 6/Box - Cleaner's Supply'

2022-01-16 00:30:28 - [TEST_STEP][PASSED] - MiniCartHelpers.hoverOnMiniCartHeader(): Text of object 'Object Repository/Mini Cart/span_cartCounterPadge' is: '1'

2022-01-16 00:30:29 - [MESSAGE][PASSED] - Object: 'Object Repository/Mini Cart/a_miniCartLink' is hovered

2022-01-16 00:30:29 - [MESSAGE][PASSED] - Get CSS 'background-color' value on 'Object Repository/Mini Cart/a_miniCartLink' successfully: 'rgb(255, 255, 255)'.

2022-01-16 00:30:30 - [MESSAGE][PASSED] - Get CSS 'color' value on 'Object Repository/Mini Cart/a_miniCartLink' successfully: 'rgb(82, 36, 127)'.

2022-01-16 00:30:31 - [MESSAGE][PASSED] - Text of object 'Object Repository/Mini Cart/span_miniCartSubTotal' is: '$155.40'

2022-01-16 00:30:32 - [MESSAGE][PASSED] - Text of object 'Object Repository/Mini Cart/span_cartCounterPadge' is: '1'

2022-01-16 00:30:33 - [TEST_STEP][PASSED] - MiniCartActions.navigateToCartPage(): Object: 'Object Repository/Mini Cart/a_miniCartLink' is clicked on

2022-01-16 00:30:35 - [MESSAGE][PASSED] - Object: 'Object Repository/Mini Cart/a_miniCartLink' is clicked on

2022-01-16 00:30:35 - [TEST_STEP][PASSED] - ShoppingCartHelpers.navigateToCartPage(): Text of object 'Object Repository/Shopping Cart/td_summaryTotalSubTotal' is: '$155.40'

2022-01-16 00:30:40 - [MESSAGE][PASSED] - Text of object 'Object Repository/Mini Cart/span_cartCounterPadge' is: '1'

2022-01-16 00:30:40 - [MESSAGE][PASSED] - Text of object 'Object Repository/Shopping Cart/td_summaryTableItemCount' is: 'SUBTOTAL (1 ITEM)'

2022-01-16 00:30:41 - [MESSAGE][PASSED] - Text of object 'Object Repository/Shopping Cart/td_summaryTableTotal' is: '$155.40'

2022-01-16 00:30:42 - [MESSAGE][PASSED] - Text of object 'Object Repository/Shopping Cart/td_summaryTotalSubTotal' is: '$155.40'

2022-01-16 00:30:43 - [TEST_STEP][PASSED] - ShoppingCartHelpers.navigateToCheckoutPage(): Object: 'Object Repository/Shopping Cart/button_proceedToCheckout' is clicked on

2022-01-16 00:30:43 - [MESSAGE][PASSED] - Object: 'Object Repository/Shopping Cart/a_shoppingCartProductTitle' is hovered

2022-01-16 00:30:43 - [MESSAGE][PASSED] - Get CSS 'background-color' value on 'Object Repository/Shopping Cart/button_proceedToCheckout' successfully: 'rgb(82, 36, 127)'.

2022-01-16 00:30:44 - [MESSAGE][PASSED] - Get CSS 'color' value on 'Object Repository/Shopping Cart/button_proceedToCheckout' successfully: 'rgb(255, 255, 255)'.

2022-01-16 00:30:44 - [MESSAGE][PASSED] - Object: 'Object Repository/Shopping Cart/button_proceedToCheckout' is hovered

2022-01-16 00:30:44 - [MESSAGE][PASSED] - Get CSS 'box-shadow' value on 'Object Repository/Shopping Cart/button_proceedToCheckout' successfully: 'rgba(0, 0, 0, 0.3) 0px 0px 10px 2px'.

2022-01-16 00:30:46 - [MESSAGE][PASSED] - Object: 'Object Repository/Shopping Cart/button_proceedToCheckout' is clicked on

2022-01-16 00:30:46 - [TEST_STEP][PASSED] - CheckoutPageHelpers.initCheckoutPage(): Unable to find the element located by 'By.xpath: '. Please recheck the objects properties to make sure the desired element is located. 

2022-01-16 00:30:47 - [MESSAGE][PASSED] - Text of object 'Object Repository/CheckOut/span_checkoutTitleTotal' is: '$155.40'

2022-01-16 00:30:48 - [MESSAGE][PASSED] - Text of object 'Object Repository/CheckOut/td_summaryTableTotal' is: '$155.40'

2022-01-16 00:30:48 - [MESSAGE][PASSED] - Text of object 'Object Repository/CheckOut/td_summaryTotalSubTotal' is: '$155.40'

2022-01-16 00:30:48 - [MESSAGE][PASSED] - Text of object 'Object Repository/CheckOut/label_checkoutAsGuest' is: 'Checkout as Guest'

2022-01-16 00:30:48 - [MESSAGE][PASSED] - Object 'Object Repository/CheckOut/input_checkoutAsGuestRadioButton' is checked

2022-01-16 00:30:50 - [MESSAGE][INFO] - Unable to find the element located by 'By.cssSelector: table.product-table tbody tr td.product-table__price'. Please recheck the objects properties to make sure the desired element is located. 

2022-01-16 00:30:50 - [MESSAGE][WARNING] - [SELF-HEALING] Failed to find element with id 'Object Repository/Shopping Cart/td_shoppingCartProductPrice'. Try using Self-healing.

2022-01-16 00:30:51 - [MESSAGE][WARNING] - [SELF-HEALING] Cannot find elements when the XPath is null.

2022-01-16 00:30:52 - [MESSAGE][INFO] - Unable to find the element located by 'By.xpath: '. Please recheck the objects properties to make sure the desired element is located. 

2022-01-16 00:30:54 - [MESSAGE][INFO] - Unable to find the element located by 'By.cssSelector: table.product-table tbody tr td.product-table__quantity input[name="quantity"]'. Please recheck the objects properties to make sure the desired element is located. 

2022-01-16 00:30:54 - [MESSAGE][WARNING] - [SELF-HEALING] Failed to find element with id 'Object Repository/Shopping Cart/input_shoppingCartProductQuantity'. Try using Self-healing.

2022-01-16 00:30:54 - [MESSAGE][WARNING] - [SELF-HEALING] Cannot find elements when the XPath is null.

2022-01-16 00:30:55 - [MESSAGE][INFO] - Unable to find the element located by 'By.xpath: '. Please recheck the objects properties to make sure the desired element is located. 

2022-01-16 00:30:57 - [MESSAGE][INFO] - Unable to find the element located by 'By.cssSelector: table.product-table tbody tr td.product-table__total'. Please recheck the objects properties to make sure the desired element is located. 

2022-01-16 00:30:57 - [MESSAGE][WARNING] - [SELF-HEALING] Failed to find element with id 'Object Repository/Shopping Cart/td_shoppingCartProductTotal'. Try using Self-healing.

2022-01-16 00:30:57 - [MESSAGE][WARNING] - [SELF-HEALING] Cannot find elements when the XPath is null.

2022-01-16 00:30:58 - [MESSAGE][INFO] - Unable to find the element located by 'By.xpath: '. Please recheck the objects properties to make sure the desired element is located. 

2022-01-16 00:31:00 - [TEST_STEP][PASSED] - CheckoutPageHelpers.navigateToCheckoutInformationForm(): Object: 'Object Repository/CheckOut/button_continueButton' is clicked on

2022-01-16 00:31:02 - [MESSAGE][PASSED] - Object: 'Object Repository/CheckOut/button_continueButton' is clicked on

2022-01-16 00:31:02 - [TEST_STEP][PASSED] - checkOutFormHelper.fillCheckOutForm(): Object: 'Object Repository/CheckOutForm/a_reviewOrder' is clicked on

2022-01-16 00:31:03 - [MESSAGE][PASSED] - Current window's title is: 'Checkout - Cleaner's Supply'

2022-01-16 00:31:03 - [MESSAGE][PASSED] - Current window's url is: 'https://www.cleanersupply.com/checkout/'

2022-01-16 00:31:04 - [MESSAGE][PASSED] - Text of object 'Object Repository/CheckOutForm/h1_checkOutHeader' is: 'CHECKOUT'

2022-01-16 00:31:05 - [MESSAGE][PASSED] - Object: 'Object Repository/CheckOutForm/input_company' is focused

2022-01-16 00:31:05 - [MESSAGE][PASSED] - Get CSS 'box-shadow' value on 'Object Repository/CheckOutForm/input_company' successfully: 'rgb(99, 99, 99) 0px -3px 0px 0px inset'.

2022-01-16 00:31:05 - [MESSAGE][PASSED] - Actual object 'rgb(99, 99, 99) 0px -3px 0px 0px inset' and expected object 'rgb(99, 99, 99) 0px -3px 0px 0px inset' are equal

2022-01-16 00:31:06 - [MESSAGE][PASSED] - Text 'testCompany' is set on object 'Object Repository/CheckOutForm/input_company'

2022-01-16 00:31:06 - [MESSAGE][PASSED] - Object: 'Object Repository/CheckOutForm/input_fname' is focused

2022-01-16 00:31:06 - [MESSAGE][PASSED] - Get CSS 'box-shadow' value on 'Object Repository/CheckOutForm/input_fname' successfully: 'rgb(99, 99, 99) 0px -3px 0px 0px inset'.

2022-01-16 00:31:06 - [MESSAGE][PASSED] - Actual object 'rgb(99, 99, 99) 0px -3px 0px 0px inset' and expected object 'rgb(99, 99, 99) 0px -3px 0px 0px inset' are equal

2022-01-16 00:31:07 - [MESSAGE][PASSED] - Text 'FNameTest' is set on object 'Object Repository/CheckOutForm/input_fname'

2022-01-16 00:31:08 - [MESSAGE][PASSED] - Object: 'Object Repository/CheckOutForm/input_lNAme' is focused

2022-01-16 00:31:08 - [MESSAGE][PASSED] - Get CSS 'box-shadow' value on 'Object Repository/CheckOutForm/input_lNAme' successfully: 'rgb(99, 99, 99) 0px -3px 0px 0px inset'.

2022-01-16 00:31:08 - [MESSAGE][PASSED] - Actual object 'rgb(99, 99, 99) 0px -3px 0px 0px inset' and expected object 'rgb(99, 99, 99) 0px -3px 0px 0px inset' are equal

2022-01-16 00:31:09 - [MESSAGE][PASSED] - Text 'lnameValueTest' is set on object 'Object Repository/CheckOutForm/input_lNAme'

2022-01-16 00:31:09 - [MESSAGE][PASSED] - Object: 'Object Repository/CheckOutForm/input_address' is focused

2022-01-16 00:31:10 - [MESSAGE][PASSED] - Get CSS 'box-shadow' value on 'Object Repository/CheckOutForm/input_address' successfully: 'rgb(99, 99, 99) 0px -3px 0px 0px inset'.

2022-01-16 00:31:10 - [MESSAGE][PASSED] - Actual object 'rgb(99, 99, 99) 0px -3px 0px 0px inset' and expected object 'rgb(99, 99, 99) 0px -3px 0px 0px inset' are equal

2022-01-16 00:31:10 - [MESSAGE][PASSED] - Text 'addres1Test' is set on object 'Object Repository/CheckOutForm/input_address'

2022-01-16 00:31:11 - [MESSAGE][PASSED] - Object: 'Object Repository/CheckOutForm/input_address2' is focused

2022-01-16 00:31:11 - [MESSAGE][PASSED] - Get CSS 'box-shadow' value on 'Object Repository/CheckOutForm/input_address2' successfully: 'rgb(99, 99, 99) 0px -3px 0px 0px inset'.

2022-01-16 00:31:11 - [MESSAGE][PASSED] - Actual object 'rgb(99, 99, 99) 0px -3px 0px 0px inset' and expected object 'rgb(99, 99, 99) 0px -3px 0px 0px inset' are equal

2022-01-16 00:31:12 - [MESSAGE][PASSED] - Text 'address2 test' is set on object 'Object Repository/CheckOutForm/input_address2'

2022-01-16 00:31:12 - [MESSAGE][PASSED] - Object: 'Object Repository/CheckOutForm/input_zipCode' is focused

2022-01-16 00:31:13 - [MESSAGE][PASSED] - Get CSS 'box-shadow' value on 'Object Repository/CheckOutForm/input_zipCode' successfully: 'rgb(99, 99, 99) 0px -3px 0px 0px inset'.

2022-01-16 00:31:13 - [MESSAGE][PASSED] - Actual object 'rgb(99, 99, 99) 0px -3px 0px 0px inset' and expected object 'rgb(99, 99, 99) 0px -3px 0px 0px inset' are equal

2022-01-16 00:31:14 - [MESSAGE][PASSED] - Text '55555' is set on object 'Object Repository/CheckOutForm/input_zipCode'

2022-01-16 00:31:14 - [MESSAGE][PASSED] - Object: 'Object Repository/CheckOutForm/input_city' is focused

2022-01-16 00:31:15 - [MESSAGE][PASSED] - Get CSS 'box-shadow' value on 'Object Repository/CheckOutForm/input_city' successfully: 'rgb(99, 99, 99) 0px -3px 0px 0px inset'.

2022-01-16 00:31:15 - [MESSAGE][PASSED] - Actual object 'rgb(99, 99, 99) 0px -3px 0px 0px inset' and expected object 'rgb(99, 99, 99) 0px -3px 0px 0px inset' are equal

2022-01-16 00:31:15 - [MESSAGE][PASSED] - Text 'Palestine' is set on object 'Object Repository/CheckOutForm/input_city'

2022-01-16 00:31:16 - [MESSAGE][PASSED] - Object: 'Object Repository/CheckOutForm/input_phoneNum' is focused

2022-01-16 00:31:16 - [MESSAGE][PASSED] - Get CSS 'box-shadow' value on 'Object Repository/CheckOutForm/input_phoneNum' successfully: 'rgb(99, 99, 99) 0px -3px 0px 0px inset'.

2022-01-16 00:31:16 - [MESSAGE][PASSED] - Actual object 'rgb(99, 99, 99) 0px -3px 0px 0px inset' and expected object 'rgb(99, 99, 99) 0px -3px 0px 0px inset' are equal

2022-01-16 00:31:17 - [MESSAGE][PASSED] - Text '541-143-1030' is set on object 'Object Repository/CheckOutForm/input_phoneNum'

2022-01-16 00:31:17 - [MESSAGE][PASSED] - Object: 'Object Repository/CheckOutForm/input_phoneExt' is focused

2022-01-16 00:31:18 - [MESSAGE][PASSED] - Get CSS 'box-shadow' value on 'Object Repository/CheckOutForm/input_phoneExt' successfully: 'rgb(99, 99, 99) 0px -3px 0px 0px inset'.

2022-01-16 00:31:18 - [MESSAGE][PASSED] - Actual object 'rgb(99, 99, 99) 0px -3px 0px 0px inset' and expected object 'rgb(99, 99, 99) 0px -3px 0px 0px inset' are equal

2022-01-16 00:31:18 - [MESSAGE][PASSED] - Text '1' is set on object 'Object Repository/CheckOutForm/input_phoneExt'

2022-01-16 00:31:19 - [MESSAGE][PASSED] - Object: 'Object Repository/CheckOutForm/input_phoneExt' is focused

2022-01-16 00:31:19 - [MESSAGE][PASSED] - Get CSS 'box-shadow' value on 'Object Repository/CheckOutForm/input_phoneExt' successfully: 'rgb(99, 99, 99) 0px -3px 0px 0px inset'.

2022-01-16 00:31:19 - [MESSAGE][PASSED] - Actual object 'rgb(99, 99, 99) 0px -3px 0px 0px inset' and expected object 'rgb(99, 99, 99) 0px -3px 0px 0px inset' are equal

2022-01-16 00:31:20 - [MESSAGE][PASSED] - Text '1' is set on object 'Object Repository/CheckOutForm/input_phoneExt'

2022-01-16 00:31:20 - [MESSAGE][PASSED] - Object: 'Object Repository/CheckOutForm/input_email' is focused

2022-01-16 00:31:20 - [MESSAGE][PASSED] - Get CSS 'box-shadow' value on 'Object Repository/CheckOutForm/input_email' successfully: 'rgb(99, 99, 99) 0px -3px 0px 0px inset'.

2022-01-16 00:31:20 - [MESSAGE][PASSED] - Actual object 'rgb(99, 99, 99) 0px -3px 0px 0px inset' and expected object 'rgb(99, 99, 99) 0px -3px 0px 0px inset' are equal

2022-01-16 00:31:21 - [MESSAGE][PASSED] - Text 'test@test.com' is set on object 'Object Repository/CheckOutForm/input_email'

2022-01-16 00:31:21 - [MESSAGE][PASSED] - Object: 'Object Repository/CheckOutForm/button_state' is clicked on

2022-01-16 00:31:22 - [MESSAGE][PASSED] - Object 'Object Repository/CheckOutForm/button_state' has attribute 'aria-expanded' with value 'true'

2022-01-16 00:31:22 - [MESSAGE][PASSED] - Object: 'Object Repository/CheckOutForm/a_state' is clicked on

2022-01-16 00:31:24 - [MESSAGE][PASSED] - Text of object 'Object Repository/CheckOutForm/span_selectedState' is: 'Arizona'

2022-01-16 00:31:24 - [MESSAGE][PASSED] - Object: 'Object Repository/CheckOutForm/input_creditCardName' is focused

2022-01-16 00:31:25 - [MESSAGE][PASSED] - Get CSS 'box-shadow' value on 'Object Repository/CheckOutForm/input_creditCardName' successfully: 'rgb(99, 99, 99) 0px -3px 0px 0px inset'.

2022-01-16 00:31:25 - [MESSAGE][PASSED] - Actual object 'rgb(99, 99, 99) 0px -3px 0px 0px inset' and expected object 'rgb(99, 99, 99) 0px -3px 0px 0px inset' are equal

2022-01-16 00:31:25 - [MESSAGE][PASSED] - Text 'Razan' is set on object 'Object Repository/CheckOutForm/input_creditCardName'

2022-01-16 00:31:26 - [MESSAGE][PASSED] - Object: 'Object Repository/CheckOutForm/input_cardNumber' is focused

2022-01-16 00:31:26 - [MESSAGE][PASSED] - Get CSS 'box-shadow' value on 'Object Repository/CheckOutForm/input_cardNumber' successfully: 'rgb(99, 99, 99) 0px -3px 0px 0px inset'.

2022-01-16 00:31:26 - [MESSAGE][PASSED] - Actual object 'rgb(99, 99, 99) 0px -3px 0px 0px inset' and expected object 'rgb(99, 99, 99) 0px -3px 0px 0px inset' are equal

2022-01-16 00:31:27 - [MESSAGE][PASSED] - Text '379936489179273' is set on object 'Object Repository/CheckOutForm/input_cardNumber'

2022-01-16 00:31:27 - [MESSAGE][PASSED] - Object: 'Object Repository/CheckOutForm/input_cvv' is focused

2022-01-16 00:31:28 - [MESSAGE][PASSED] - Get CSS 'box-shadow' value on 'Object Repository/CheckOutForm/input_cvv' successfully: 'rgb(99, 99, 99) 0px -3px 0px 0px inset'.

2022-01-16 00:31:28 - [MESSAGE][PASSED] - Actual object 'rgb(99, 99, 99) 0px -3px 0px 0px inset' and expected object 'rgb(99, 99, 99) 0px -3px 0px 0px inset' are equal

2022-01-16 00:31:28 - [MESSAGE][PASSED] - Text '2222' is set on object 'Object Repository/CheckOutForm/input_cvv'

2022-01-16 00:31:29 - [MESSAGE][PASSED] - Object: 'Object Repository/CheckOutForm/button_expirationDate' is clicked on

2022-01-16 00:31:30 - [MESSAGE][PASSED] - Object: 'Object Repository/CheckOutForm/button_expirationYear' is clicked on

2022-01-16 00:31:31 - [MESSAGE][PASSED] - Object: 'Object Repository/CheckOutForm/input_PO' is focused

2022-01-16 00:31:31 - [MESSAGE][PASSED] - Get CSS 'box-shadow' value on 'Object Repository/CheckOutForm/input_PO' successfully: 'rgb(99, 99, 99) 0px -3px 0px 0px inset'.

2022-01-16 00:31:31 - [MESSAGE][PASSED] - Actual object 'rgb(99, 99, 99) 0px -3px 0px 0px inset' and expected object 'rgb(99, 99, 99) 0px -3px 0px 0px inset' are equal

2022-01-16 00:31:32 - [MESSAGE][PASSED] - Text 'test1155' is set on object 'Object Repository/CheckOutForm/input_PO'

2022-01-16 00:31:32 - [MESSAGE][PASSED] - Text 'test comment' is set on object 'Object Repository/CheckOutForm/input_comments'

2022-01-16 00:31:33 - [MESSAGE][PASSED] - Object: 'Object Repository/CheckOutForm/a_reviewOrder' is clicked on

2022-01-16 00:31:33 - [TEST_STEP][PASSED] - Video: Video recording for test case 'Test Cases/Checkout Scenario/Category' .

2022-01-16 00:31:33 - [MESSAGE][INFO] - Video recording for test case 'Test Cases/Checkout Scenario/Category' .]]></system-out>
         <system-err><![CDATA[]]></system-err>
      </testcase>
      <system-out><![CDATA[2022-01-16 00:24:52 - [TEST_SUITE][PASSED] - Checkout: Test Cases/Checkout Scenario/Category]]></system-out>
      <system-err><![CDATA[]]></system-err>
   </testsuite>
</testsuites>
