<?xml version="1.0" encoding="UTF-8"?>
<testsuites name="Header" time="76.424" tests="1" failures="0" errors="0">
   <testsuite name="Header" tests="1" failures="0" errors="0" time="76.424" skipped="0" timestamp="2022-01-16 00:12:00" hostname="waleedafifi - localhost" id="Test Suites/Header">
      <properties>
         <property name="deviceName" value=""/>
         <property name="devicePlatform" value=""/>
         <property name="logFolder" value="/Users/waleedafifi/git/cleanersupply/Reports/20220116_001143/Header/20220116_001144"/>
         <property name="logFiles" value="/Users/waleedafifi/git/cleanersupply/Reports/20220116_001143/Header/20220116_001144/execution0.log"/>
         <property name="attachments" value=""/>
         <property name="hostName" value="waleedafifi - localhost"/>
         <property name="os" value="Mac OS X 64bit"/>
         <property name="katalonVersion" value="8.2.0.208"/>
         <property name="browser" value="Chrome 97.0.4692.71"/>
         <property name="hostAddress" value="127.0.0.1"/>
         <property name="sessionId" value="925250bcbe3d6442d0b58fd44bf083b4"/>
         <property name="seleniumVersion" value="3.141.59"/>
         <property name="proxyInformation" value="ProxyInformation { proxyOption=NO_PROXY, proxyServerType=HTTP, username=, password=********, proxyServerAddress=, proxyServerPort=0, executionList=&quot;&quot;, isApplyToDesiredCapabilities=true }"/>
         <property name="platform" value="Mac OS X"/>
      </properties>
      <testcase name="Test Cases/Header/Primary Header TC" time="76.013" classname="Test Cases/Header/Primary Header TC" status="PASSED">
         <system-out><![CDATA[2022-01-16 00:12:00 - [TEST_CASE][PASSED] - Test Cases/Header/Primary Header TC: Test Cases/Header/Primary Header TC

2022-01-16 00:12:01 - [TEST_STEP][PASSED] - GeneralHelpers.initScenario(): Current window's url is: 'https://www.cleanersupply.com/'

2022-01-16 00:12:01 - [MESSAGE][INFO] - Starting 'Chrome' driver

2022-01-16 00:12:01 - [MESSAGE][INFO] - Action delay is set to 0 milliseconds

2022-01-16 00:12:09 - [MESSAGE][PASSED] - Browser is opened with url: ''

2022-01-16 00:12:12 - [MESSAGE][PASSED] - Current window maximized

2022-01-16 00:12:50 - [MESSAGE][PASSED] - Navigate to 'https://www.cleanersupply.com/' successfully

2022-01-16 00:12:50 - [MESSAGE][PASSED] - Wait for page load successfully

2022-01-16 00:12:50 - [MESSAGE][PASSED] - Current window's title is: 'Cleaner's Supply - Dry Cleaning Supplies'

2022-01-16 00:12:50 - [MESSAGE][PASSED] - Current window's title is: 'Cleaner's Supply - Dry Cleaning Supplies'

2022-01-16 00:12:50 - [MESSAGE][PASSED] - Current window's url is: 'https://www.cleanersupply.com/'

2022-01-16 00:12:50 - [TEST_STEP][PASSED] - PrimaryHeaderHelpers.topNav(): Object 'Object Repository/Primary Header/button_myAccount' is present

2022-01-16 00:12:53 - [MESSAGE][PASSED] - Get CSS 'background-color' value on 'Object Repository/Primary Header/div_navTop' successfully: 'rgba(255, 200, 11, 1)'.

2022-01-16 00:12:53 - [MESSAGE][PASSED] - Object 'Object Repository/Primary Header/div_navTop' is present

2022-01-16 00:12:54 - [MESSAGE][PASSED] - Object 'Object Repository/Primary Header/div_headerSearch' is present

2022-01-16 00:12:54 - [MESSAGE][PASSED] - Object 'Object Repository/Primary Header/a_quickOrder' is present

2022-01-16 00:12:54 - [MESSAGE][PASSED] - Object 'Object Repository/Primary Header/img_logo' is present

2022-01-16 00:12:55 - [MESSAGE][PASSED] - Get CSS 'width' value on 'Object Repository/Primary Header/img_logo' successfully: '121px'.

2022-01-16 00:12:55 - [MESSAGE][PASSED] - Object 'Object Repository/Primary Header/header' is present

2022-01-16 00:12:55 - [MESSAGE][PASSED] - Object 'Object Repository/Primary Header/a_cart' is present

2022-01-16 00:12:56 - [MESSAGE][PASSED] - Object 'Object Repository/Primary Header/button_myAccount' is present

2022-01-16 00:12:56 - [TEST_STEP][PASSED] - PrimaryHeaderHelpers.rightLinkehoverEffect(): Get CSS 'color' value on 'Object Repository/Primary Header/i_iconReOrder' successfully: 'rgba(82, 36, 127, 1)'.

2022-01-16 00:12:56 - [MESSAGE][PASSED] - Object: 'Object Repository/Primary Header/button_myAccount' is hovered

2022-01-16 00:12:57 - [MESSAGE][PASSED] - Get CSS 'color' value on 'Object Repository/Primary Header/i_iconMyAccount' successfully: 'rgba(82, 36, 127, 1)'.

2022-01-16 00:12:57 - [MESSAGE][PASSED] - Object: 'Object Repository/Primary Header/a_quickOrder' is hovered

2022-01-16 00:12:58 - [MESSAGE][PASSED] - Get CSS 'color' value on 'Object Repository/Primary Header/i_iconQuickOrder' successfully: 'rgba(82, 36, 127, 1)'.

2022-01-16 00:12:58 - [MESSAGE][PASSED] - Object: 'Object Repository/Primary Header/a_reOrder' is hovered

2022-01-16 00:12:59 - [MESSAGE][PASSED] - Get CSS 'color' value on 'Object Repository/Primary Header/i_iconReOrder' successfully: 'rgba(82, 36, 127, 1)'.

2022-01-16 00:12:59 - [TEST_STEP][PASSED] - PrimaryHeaderHelpers.cartLinkHover(): Text of object 'Object Repository/Primary Header/span_emptCart' is: 'YOUR CART IS EMPTY
AND VERY SAD'

2022-01-16 00:13:00 - [MESSAGE][PASSED] - Object: 'Object Repository/Primary Header/a_cart' is hovered

2022-01-16 00:13:00 - [MESSAGE][PASSED] - Get CSS 'background-color' value on 'Object Repository/Mini Cart/a_miniCartLink' successfully: 'rgba(255, 255, 255, 1)'.

2022-01-16 00:13:01 - [MESSAGE][PASSED] - Get CSS 'color' value on 'Object Repository/Mini Cart/a_miniCartLink' successfully: 'rgba(82, 36, 127, 1)'.

2022-01-16 00:13:01 - [MESSAGE][PASSED] - Object 'Object Repository/Mini Cart/div_miniCartDropDown' is present

2022-01-16 00:13:01 - [MESSAGE][PASSED] - Text of object 'Object Repository/Primary Header/span_emptCart' is: 'YOUR CART IS EMPTY
AND VERY SAD'

2022-01-16 00:13:01 - [TEST_STEP][PASSED] - PrimaryHeaderHelpers.myAccountButton(): Object 'Object Repository/Primary Header/My Account/div.accountDropDown' is present

2022-01-16 00:13:02 - [MESSAGE][PASSED] - Object: 'Object Repository/Primary Header/button_myAccount' is clicked on

2022-01-16 00:13:03 - [MESSAGE][PASSED] - Attribute 'class' of object 'Object Repository/Primary Header/li_myAccount' is: 'dropdown hidden-mobile account-container open'

2022-01-16 00:13:03 - [MESSAGE][PASSED] - Object 'Object Repository/Primary Header/My Account/div.accountDropDown' is present

2022-01-16 00:13:03 - [TEST_STEP][PASSED] - PrimaryHeaderHelpers.headerTopBar(): Get CSS 'font-family' value on 'Object Repository/Primary Header/TobBar/a_headerShippingDetails' successfully: '"Nunito Sans", sans-serif'.

2022-01-16 00:13:04 - [MESSAGE][PASSED] - Object 'Object Repository/Primary Header/TobBar/div_topBarHeader' is present

2022-01-16 00:13:04 - [MESSAGE][PASSED] - Get CSS 'background-color' value on 'Object Repository/Primary Header/TobBar/div_topBarHeader' successfully: 'rgba(243, 243, 244, 1)'.

2022-01-16 00:13:04 - [MESSAGE][PASSED] - Get CSS 'text-align' value on 'Object Repository/Primary Header/TobBar/div_infoHolder' successfully: 'center'.

2022-01-16 00:13:05 - [MESSAGE][PASSED] - Text of object 'Object Repository/Primary Header/TobBar/span_headerShippingInfo' is: 'FREE SHIPPING & RETURNS ON ORDERS OVER $99'

2022-01-16 00:13:05 - [MESSAGE][PASSED] - Get CSS 'font-weight' value on 'Object Repository/Primary Header/TobBar/span_headerShippingInfo' successfully: '900'.

2022-01-16 00:13:05 - [MESSAGE][PASSED] - Get CSS 'color' value on 'Object Repository/Primary Header/TobBar/span_headerShippingInfo' successfully: 'rgba(0, 0, 0, 1)'.

2022-01-16 00:13:06 - [MESSAGE][PASSED] - Get CSS 'font-family' value on 'Object Repository/Primary Header/TobBar/span_headerShippingInfo' successfully: '"Nunito Sans", sans-serif'.

2022-01-16 00:13:06 - [MESSAGE][PASSED] - Get CSS 'font-weight' value on 'Object Repository/Primary Header/TobBar/a_headerShippingDetails' successfully: '400'.

2022-01-16 00:13:07 - [MESSAGE][PASSED] - Get CSS 'color' value on 'Object Repository/Primary Header/TobBar/a_headerShippingDetails' successfully: 'rgba(0, 0, 0, 1)'.

2022-01-16 00:13:07 - [MESSAGE][PASSED] - Get CSS 'font-family' value on 'Object Repository/Primary Header/TobBar/a_headerShippingDetails' successfully: '"Nunito Sans", sans-serif'.

2022-01-16 00:13:07 - [TEST_STEP][PASSED] - PrimaryHeaderHelpers.shippingDetailsAction(): Get CSS 'text-decoration' value on 'Object Repository/Primary Header/TobBar/a_headerShippingDetails' successfully: 'underline solid rgb(0, 0, 0)'.

2022-01-16 00:13:08 - [MESSAGE][PASSED] - Object: 'Object Repository/Primary Header/TobBar/a_headerShippingDetails' is hovered

2022-01-16 00:13:08 - [MESSAGE][PASSED] - Get CSS 'text-decoration' value on 'Object Repository/Primary Header/TobBar/a_headerShippingDetails' successfully: 'underline solid rgb(0, 0, 0)'.

2022-01-16 00:13:08 - [TEST_STEP][PASSED] - PrimaryHeaderHelpers.customerService(): Get CSS 'font-family' value on 'Object Repository/Primary Header/TobBar/a_customerServiceLink' successfully: '"Nunito Sans", sans-serif'.

2022-01-16 00:13:08 - [MESSAGE][PASSED] - Object 'Object Repository/Primary Header/TobBar/div_customerServicesArea' is present

2022-01-16 00:13:09 - [MESSAGE][PASSED] - Get CSS 'font-weight' value on 'Object Repository/Primary Header/TobBar/span_customerAreaPhone' successfully: '700'.

2022-01-16 00:13:10 - [MESSAGE][PASSED] - Get CSS 'color' value on 'Object Repository/Primary Header/TobBar/span_customerAreaPhone' successfully: 'rgba(0, 0, 0, 1)'.

2022-01-16 00:13:10 - [MESSAGE][PASSED] - Get CSS 'font-family' value on 'Object Repository/Primary Header/TobBar/span_customerAreaPhone' successfully: '"Nunito Sans", sans-serif'.

2022-01-16 00:13:11 - [MESSAGE][PASSED] - Get CSS 'font-weight' value on 'Object Repository/Primary Header/TobBar/a_customerServiceLink' successfully: '700'.

2022-01-16 00:13:11 - [MESSAGE][PASSED] - Get CSS 'color' value on 'Object Repository/Primary Header/TobBar/a_customerServiceLink' successfully: 'rgba(0, 0, 0, 1)'.

2022-01-16 00:13:11 - [MESSAGE][PASSED] - Get CSS 'font-family' value on 'Object Repository/Primary Header/TobBar/a_customerServiceLink' successfully: '"Nunito Sans", sans-serif'.

2022-01-16 00:13:11 - [TEST_STEP][PASSED] - PrimaryHeaderHelpers.customerServiceLinkAction(): Get CSS 'text-decoration' value on 'Object Repository/Primary Header/TobBar/a_customerServiceLink' successfully: 'underline solid rgb(0, 0, 0)'.

2022-01-16 00:13:12 - [MESSAGE][PASSED] - Object: 'Object Repository/Primary Header/TobBar/a_customerServiceLink' is hovered

2022-01-16 00:13:13 - [MESSAGE][PASSED] - Get CSS 'text-decoration' value on 'Object Repository/Primary Header/TobBar/a_customerServiceLink' successfully: 'underline solid rgb(0, 0, 0)'.

2022-01-16 00:13:13 - [TEST_STEP][PASSED] - closeBrowser(): Browser is closed

2022-01-16 00:13:13 - [MESSAGE][PASSED] - Browser is closed

2022-01-16 00:13:16 - [TEST_STEP][PASSED] - Video: Video recording for test case 'Test Cases/Header/Primary Header TC' .

2022-01-16 00:13:16 - [MESSAGE][INFO] - Video recording for test case 'Test Cases/Header/Primary Header TC' .]]></system-out>
         <system-err><![CDATA[]]></system-err>
      </testcase>
      <system-out><![CDATA[2022-01-16 00:12:00 - [TEST_SUITE][PASSED] - Header: Test Cases/Header/Primary Header TC]]></system-out>
      <system-err><![CDATA[]]></system-err>
   </testsuite>
</testsuites>
