<?xml version="1.0" encoding="UTF-8"?>
<testsuites name="Checkout" time="423.31" tests="3" failures="1" errors="0">
   <testsuite name="Checkout" tests="3" failures="1" errors="0" time="423.31" skipped="0" timestamp="2022-01-15 19:33:57" hostname="Hp - DESKTOP-KJ1I4K3" id="Test Suites/Checkout">
      <properties>
         <property name="deviceName" value=""/>
         <property name="devicePlatform" value=""/>
         <property name="logFolder" value="F:\\cleanersupply\\Reports\\20220115_193346\\Checkout\\20220115_193346"/>
         <property name="logFiles" value="F:\\cleanersupply\\Reports\\20220115_193346\\Checkout\\20220115_193346\\execution0.log"/>
         <property name="attachments" value="F:\\cleanersupply\\Reports\\20220115_193346\\Checkout\\20220115_193346\\1642268196381.png"/>
         <property name="hostName" value="Hp - DESKTOP-KJ1I4K3"/>
         <property name="os" value="Windows 10 64bit"/>
         <property name="katalonVersion" value="8.2.0.208"/>
         <property name="browser" value="Chrome 97.0.4692.71"/>
         <property name="hostAddress" value="172.22.80.1"/>
         <property name="sessionId" value="0ad7416f3156433ded93786878d052c5"/>
         <property name="seleniumVersion" value="3.141.59"/>
         <property name="proxyInformation" value="ProxyInformation { proxyOption=NO_PROXY, proxyServerType=HTTP, username=, password=********, proxyServerAddress=, proxyServerPort=0, executionList=&quot;&quot;, isApplyToDesiredCapabilities=true }"/>
         <property name="platform" value="Windows 10"/>
      </properties>
      <testcase name="Test Cases/Checkout Scenario/Product Details" time="158.159" classname="Test Cases/Checkout Scenario/Product Details" status="FAILED">
         <failure type="FAILED" message="Test Cases/Checkout Scenario/Product Details FAILED.
Reason:
com.kms.katalon.core.exception.StepFailedException: Unable to click on object 'Object Repository/Product details/a_largeLink'
	at com.kms.katalon.core.webui.keyword.internal.WebUIKeywordMain.stepFailed(WebUIKeywordMain.groovy:64)
	at com.kms.katalon.core.webui.keyword.internal.WebUIKeywordMain.runKeyword(WebUIKeywordMain.groovy:26)
	at com.kms.katalon.core.webui.keyword.builtin.ClickKeyword.click(ClickKeyword.groovy:74)
	at com.kms.katalon.core.webui.keyword.builtin.ClickKeyword.execute(ClickKeyword.groovy:40)
	at com.kms.katalon.core.keyword.internal.KeywordExecutor.executeKeywordForPlatform(KeywordExecutor.groovy:74)
	at com.kms.katalon.core.webui.keyword.WebUiBuiltInKeywords.click(WebUiBuiltInKeywords.groovy:620)
	at com.kms.katalon.core.webui.keyword.WebUiBuiltInKeywords$click$10.call(Unknown Source)
	at actions.ProductDetailsActions.largeSizeLinkClickAction(ProductDetailsActions.groovy:65)
	at actions.ProductDetailsActions$largeSizeLinkClickAction$7.call(Unknown Source)
	at helpers.ProductDetailsHelpers.hoverEffectAndClickLargeSizeLink(ProductDetailsHelpers.groovy:88)
	at helpers.ProductDetailsHelpers$hoverEffectAndClickLargeSizeLink$3.call(Unknown Source)
	at Product Details.run(Product Details:51)
	at com.kms.katalon.core.main.ScriptEngine.run(ScriptEngine.java:194)
	at com.kms.katalon.core.main.ScriptEngine.runScriptAsRawText(ScriptEngine.java:119)
	at com.kms.katalon.core.main.TestCaseExecutor.runScript(TestCaseExecutor.java:442)
	at com.kms.katalon.core.main.TestCaseExecutor.doExecute(TestCaseExecutor.java:433)
	at com.kms.katalon.core.main.TestCaseExecutor.processExecutionPhase(TestCaseExecutor.java:412)
	at com.kms.katalon.core.main.TestCaseExecutor.accessMainPhase(TestCaseExecutor.java:404)
	at com.kms.katalon.core.main.TestCaseExecutor.execute(TestCaseExecutor.java:281)
	at com.kms.katalon.core.main.TestSuiteExecutor.accessTestCaseMainPhase(TestSuiteExecutor.java:202)
	at com.kms.katalon.core.main.TestSuiteExecutor.accessTestSuiteMainPhase(TestSuiteExecutor.java:164)
	at com.kms.katalon.core.main.TestSuiteExecutor.execute(TestSuiteExecutor.java:105)
	at com.kms.katalon.core.main.TestCaseMain.startTestSuite(TestCaseMain.java:181)
	at com.kms.katalon.core.main.TestCaseMain$startTestSuite$0.call(Unknown Source)
	at TempTestSuite1642268026798.run(TempTestSuite1642268026798.groovy:36)
Caused by: org.openqa.selenium.ElementClickInterceptedException: element click intercepted: Element &lt;a href=&quot;#&quot; title=&quot;Large - 24&amp;quot; x 27&amp;quot; x 8&amp;quot;&quot; class=&quot;xlarge option-box&quot;>...&lt;/a> is not clickable at point (1013, 92). Other element would receive the click: &lt;div class=&quot;dropdown-menu cart-dropdown hidden-md&quot;>...&lt;/div>
  (Session info: chrome=97.0.4692.71)
Build info: version: '3.141.59', revision: 'e82be7d358', time: '2018-11-14T08:25:53'
System info: host: 'DESKTOP-KJ1I4K3', ip: '172.22.80.1', os.name: 'Windows 10', os.arch: 'amd64', os.version: '10.0', java.version: '1.8.0_282'
Driver info: com.kms.katalon.selenium.driver.CChromeDriver
Capabilities {acceptInsecureCerts: false, browserName: chrome, browserVersion: 97.0.4692.71, chrome: {chromedriverVersion: 97.0.4692.71 (adefa7837d02a..., userDataDir: C:\Users\Hp\AppData\Local\T...}, goog:chromeOptions: {debuggerAddress: localhost:59184}, javascriptEnabled: true, networkConnectionEnabled: false, pageLoadStrategy: normal, platform: WINDOWS, platformName: WINDOWS, proxy: Proxy(), setWindowRect: true, strictFileInteractability: false, timeouts: {implicit: 0, pageLoad: 300000, script: 30000}, unhandledPromptBehavior: dismiss and notify, webauthn:extension:credBlob: true, webauthn:extension:largeBlob: true, webauthn:virtualAuthenticators: true}
Session ID: 2cc79fa14e674c4ca11ca59123964d3f
	at org.openqa.selenium.remote.http.W3CHttpResponseCodec.createException(W3CHttpResponseCodec.java:187)
	at org.openqa.selenium.remote.http.W3CHttpResponseCodec.decode(W3CHttpResponseCodec.java:122)
	at org.openqa.selenium.remote.http.W3CHttpResponseCodec.decode(W3CHttpResponseCodec.java:49)
	at org.openqa.selenium.remote.HttpCommandExecutor.execute(HttpCommandExecutor.java:158)
	at org.openqa.selenium.remote.service.DriverCommandExecutor.execute(DriverCommandExecutor.java:83)
	at org.openqa.selenium.remote.RemoteWebDriver.execute(RemoteWebDriver.java:552)
	at com.kms.katalon.selenium.driver.CChromeDriver.execute(CChromeDriver.java:19)
	at org.openqa.selenium.remote.RemoteWebElement.execute(RemoteWebElement.java:285)
	at org.openqa.selenium.remote.RemoteWebElement.click(RemoteWebElement.java:84)
	at org.openqa.selenium.support.events.EventFiringWebDriver$EventFiringWebElement.lambda$new$0(EventFiringWebDriver.java:404)
	at com.sun.proxy.$Proxy11.click(Unknown Source)
	at org.openqa.selenium.support.events.EventFiringWebDriver$EventFiringWebElement.click(EventFiringWebDriver.java:417)
	at org.openqa.selenium.WebElement$click.call(Unknown Source)
	at com.kms.katalon.core.webui.keyword.builtin.ClickKeyword.clickUntilSuccessWithTimeout(ClickKeyword.groovy:81)
	at com.kms.katalon.core.webui.keyword.builtin.ClickKeyword.clickUntilSuccessWithTimeout(ClickKeyword.groovy)
	at com.kms.katalon.core.webui.keyword.builtin.ClickKeyword$_click_closure1.doCall(ClickKeyword.groovy:67)
	at com.kms.katalon.core.webui.keyword.builtin.ClickKeyword$_click_closure1.call(ClickKeyword.groovy)
	at com.kms.katalon.core.webui.keyword.internal.WebUIKeywordMain.runKeyword(WebUIKeywordMain.groovy:20)
	... 23 more
"/>
         <system-out><![CDATA[2022-01-15 19:33:58 - [TEST_CASE][FAILED] - Test Cases/Checkout Scenario/Product Details: Test Cases/Checkout Scenario/Product Details FAILED.
Reason:
com.kms.katalon.core.exception.StepFailedException: Unable to click on object 'Object Repository/Product details/a_largeLink'
	at com.kms.katalon.core.webui.keyword.internal.WebUIKeywordMain.stepFailed(WebUIKeywordMain.groovy:64)
	at com.kms.katalon.core.webui.keyword.internal.WebUIKeywordMain.runKeyword(WebUIKeywordMain.groovy:26)
	at com.kms.katalon.core.webui.keyword.builtin.ClickKeyword.click(ClickKeyword.groovy:74)
	at com.kms.katalon.core.webui.keyword.builtin.ClickKeyword.execute(ClickKeyword.groovy:40)
	at com.kms.katalon.core.keyword.internal.KeywordExecutor.executeKeywordForPlatform(KeywordExecutor.groovy:74)
	at com.kms.katalon.core.webui.keyword.WebUiBuiltInKeywords.click(WebUiBuiltInKeywords.groovy:620)
	at com.kms.katalon.core.webui.keyword.WebUiBuiltInKeywords$click$10.call(Unknown Source)
	at actions.ProductDetailsActions.largeSizeLinkClickAction(ProductDetailsActions.groovy:65)
	at actions.ProductDetailsActions$largeSizeLinkClickAction$7.call(Unknown Source)
	at helpers.ProductDetailsHelpers.hoverEffectAndClickLargeSizeLink(ProductDetailsHelpers.groovy:88)
	at helpers.ProductDetailsHelpers$hoverEffectAndClickLargeSizeLink$3.call(Unknown Source)
	at Product Details.run(Product Details:51)
	at com.kms.katalon.core.main.ScriptEngine.run(ScriptEngine.java:194)
	at com.kms.katalon.core.main.ScriptEngine.runScriptAsRawText(ScriptEngine.java:119)
	at com.kms.katalon.core.main.TestCaseExecutor.runScript(TestCaseExecutor.java:442)
	at com.kms.katalon.core.main.TestCaseExecutor.doExecute(TestCaseExecutor.java:433)
	at com.kms.katalon.core.main.TestCaseExecutor.processExecutionPhase(TestCaseExecutor.java:412)
	at com.kms.katalon.core.main.TestCaseExecutor.accessMainPhase(TestCaseExecutor.java:404)
	at com.kms.katalon.core.main.TestCaseExecutor.execute(TestCaseExecutor.java:281)
	at com.kms.katalon.core.main.TestSuiteExecutor.accessTestCaseMainPhase(TestSuiteExecutor.java:202)
	at com.kms.katalon.core.main.TestSuiteExecutor.accessTestSuiteMainPhase(TestSuiteExecutor.java:164)
	at com.kms.katalon.core.main.TestSuiteExecutor.execute(TestSuiteExecutor.java:105)
	at com.kms.katalon.core.main.TestCaseMain.startTestSuite(TestCaseMain.java:181)
	at com.kms.katalon.core.main.TestCaseMain$startTestSuite$0.call(Unknown Source)
	at TempTestSuite1642268026798.run(TempTestSuite1642268026798.groovy:36)
Caused by: org.openqa.selenium.ElementClickInterceptedException: element click intercepted: Element <a href="#" title="Large - 24&quot; x 27&quot; x 8&quot;" class="xlarge option-box">...</a> is not clickable at point (1013, 92). Other element would receive the click: <div class="dropdown-menu cart-dropdown hidden-md">...</div>
  (Session info: chrome=97.0.4692.71)
Build info: version: '3.141.59', revision: 'e82be7d358', time: '2018-11-14T08:25:53'
System info: host: 'DESKTOP-KJ1I4K3', ip: '172.22.80.1', os.name: 'Windows 10', os.arch: 'amd64', os.version: '10.0', java.version: '1.8.0_282'
Driver info: com.kms.katalon.selenium.driver.CChromeDriver
Capabilities {acceptInsecureCerts: false, browserName: chrome, browserVersion: 97.0.4692.71, chrome: {chromedriverVersion: 97.0.4692.71 (adefa7837d02a..., userDataDir: C:\Users\Hp\AppData\Local\T...}, goog:chromeOptions: {debuggerAddress: localhost:59184}, javascriptEnabled: true, networkConnectionEnabled: false, pageLoadStrategy: normal, platform: WINDOWS, platformName: WINDOWS, proxy: Proxy(), setWindowRect: true, strictFileInteractability: false, timeouts: {implicit: 0, pageLoad: 300000, script: 30000}, unhandledPromptBehavior: dismiss and notify, webauthn:extension:credBlob: true, webauthn:extension:largeBlob: true, webauthn:virtualAuthenticators: true}
Session ID: 2cc79fa14e674c4ca11ca59123964d3f
	at org.openqa.selenium.remote.http.W3CHttpResponseCodec.createException(W3CHttpResponseCodec.java:187)
	at org.openqa.selenium.remote.http.W3CHttpResponseCodec.decode(W3CHttpResponseCodec.java:122)
	at org.openqa.selenium.remote.http.W3CHttpResponseCodec.decode(W3CHttpResponseCodec.java:49)
	at org.openqa.selenium.remote.HttpCommandExecutor.execute(HttpCommandExecutor.java:158)
	at org.openqa.selenium.remote.service.DriverCommandExecutor.execute(DriverCommandExecutor.java:83)
	at org.openqa.selenium.remote.RemoteWebDriver.execute(RemoteWebDriver.java:552)
	at com.kms.katalon.selenium.driver.CChromeDriver.execute(CChromeDriver.java:19)
	at org.openqa.selenium.remote.RemoteWebElement.execute(RemoteWebElement.java:285)
	at org.openqa.selenium.remote.RemoteWebElement.click(RemoteWebElement.java:84)
	at org.openqa.selenium.support.events.EventFiringWebDriver$EventFiringWebElement.lambda$new$0(EventFiringWebDriver.java:404)
	at com.sun.proxy.$Proxy11.click(Unknown Source)
	at org.openqa.selenium.support.events.EventFiringWebDriver$EventFiringWebElement.click(EventFiringWebDriver.java:417)
	at org.openqa.selenium.WebElement$click.call(Unknown Source)
	at com.kms.katalon.core.webui.keyword.builtin.ClickKeyword.clickUntilSuccessWithTimeout(ClickKeyword.groovy:81)
	at com.kms.katalon.core.webui.keyword.builtin.ClickKeyword.clickUntilSuccessWithTimeout(ClickKeyword.groovy)
	at com.kms.katalon.core.webui.keyword.builtin.ClickKeyword$_click_closure1.doCall(ClickKeyword.groovy:67)
	at com.kms.katalon.core.webui.keyword.builtin.ClickKeyword$_click_closure1.call(ClickKeyword.groovy)
	at com.kms.katalon.core.webui.keyword.internal.WebUIKeywordMain.runKeyword(WebUIKeywordMain.groovy:20)
	... 23 more


2022-01-15 19:33:59 - [TEST_STEP][PASSED] - GeneralHelpers.initScenario(): Current window's url is: 'https://www.cleanersupply.com/'

2022-01-15 19:34:01 - [MESSAGE][INFO] - Starting 'Chrome' driver

2022-01-15 19:34:01 - [MESSAGE][INFO] - Action delay is set to 0 milliseconds

2022-01-15 19:34:09 - [MESSAGE][PASSED] - Browser is opened with url: ''

2022-01-15 19:34:09 - [MESSAGE][PASSED] - Current window maximized

2022-01-15 19:34:31 - [MESSAGE][PASSED] - Navigate to 'https://www.cleanersupply.com/' successfully

2022-01-15 19:34:31 - [MESSAGE][PASSED] - Wait for page load successfully

2022-01-15 19:34:31 - [MESSAGE][PASSED] - Current window's title is: 'Cleaner's Supply - Dry Cleaning Supplies'

2022-01-15 19:34:31 - [MESSAGE][PASSED] - Current window's title is: 'Cleaner's Supply - Dry Cleaning Supplies'

2022-01-15 19:34:31 - [MESSAGE][PASSED] - Current window's url is: 'https://www.cleanersupply.com/'

2022-01-15 19:34:31 - [TEST_STEP][PASSED] - GeneralHelpers.headerSearchFillAndClick(): Object: 'Object Repository/Product details/btn_searchAction' is clicked on

2022-01-15 19:34:33 - [MESSAGE][PASSED] - Text 'Plastic' is set on object 'Object Repository/Product details/input_searchField'

2022-01-15 19:34:34 - [MESSAGE][PASSED] - Attribute 'value' of object 'Object Repository/Product details/input_searchField' is: 'Plastic'

2022-01-15 19:34:35 - [MESSAGE][PASSED] - Object 'Object Repository/Product details/div_searchAutocompleteBox' is visible

2022-01-15 19:34:35 - [MESSAGE][PASSED] - Attribute 'class' of object 'Object Repository/Product details/div_searchAutocompleteBox' is: 'search-autocomplete dropdown-menu open'

2022-01-15 19:34:36 - [MESSAGE][PASSED] - Text of object 'Object Repository/Product details/div_searchHeaderTopBar' is: 'Search for PLASTIC'

2022-01-15 19:34:36 - [MESSAGE][PASSED] - Get CSS 'background-color' value on 'Object Repository/Product details/div_searchHeaderTopBar' successfully: 'rgba(82, 36, 127, 1)'.

2022-01-15 19:34:41 - [MESSAGE][PASSED] - Object: 'Object Repository/Product details/btn_searchAction' is clicked on

2022-01-15 19:34:41 - [TEST_STEP][PASSED] - GeneralHelpers.navigateToResultPage(): Text of object 'Object Repository/Product details/h1_sectionHeading' is: 'SEARCH RESULTS'

2022-01-15 19:34:41 - [MESSAGE][PASSED] - Current window's title is: 'Search Results - Cleaner's Supply'

2022-01-15 19:34:41 - [MESSAGE][PASSED] - Current window's url is: 'https://www.cleanersupply.com/search-results/?q=Plastic'

2022-01-15 19:34:46 - [MESSAGE][PASSED] - Text of object 'Object Repository/Product details/h1_sectionHeading' is: 'SEARCH RESULTS'

2022-01-15 19:34:46 - [TEST_STEP][PASSED] - SearchResultPageValidations.verifyDefaultValues(): Attribute 'class' of object '' is: ' '

2022-01-15 19:34:47 - [MESSAGE][PASSED] - Text of object 'Object Repository/Search Result/h2_productListHeading' is: 'RESULTS FOR "PLASTIC" (224)'

2022-01-15 19:34:47 - [MESSAGE][PASSED] - Text of object 'Object Repository/Search Result/h2_productListHeading' is: 'RESULTS FOR "PLASTIC" (224)'

2022-01-15 19:34:48 - [MESSAGE][PASSED] - Text of object 'Object Repository/Search Result/span_filterOption' is: 'Featured'

2022-01-15 19:34:48 - [MESSAGE][PASSED] - Web element with id: 'Object Repository/Search Result/ul_selectedFilters' located by 'By.cssSelector: ul.selected-filters' is not present after '5' second(s)

2022-01-15 19:34:49 - [MESSAGE][PASSED] - Attribute 'class' of object '' is: ' '

2022-01-15 19:34:49 - [MESSAGE][PASSED] - Attribute 'class' of object '' is: ' '

2022-01-15 19:34:49 - [MESSAGE][PASSED] - Attribute 'class' of object '' is: ' '

2022-01-15 19:34:49 - [MESSAGE][PASSED] - Attribute 'class' of object '' is: ' '

2022-01-15 19:34:49 - [MESSAGE][PASSED] - Attribute 'class' of object '' is: ' '

2022-01-15 19:34:49 - [MESSAGE][PASSED] - Attribute 'class' of object '' is: ' '

2022-01-15 19:34:49 - [MESSAGE][PASSED] - Attribute 'class' of object '' is: ' '

2022-01-15 19:34:49 - [MESSAGE][PASSED] - Attribute 'class' of object '' is: ' '

2022-01-15 19:34:49 - [MESSAGE][PASSED] - Attribute 'class' of object '' is: ' '

2022-01-15 19:34:49 - [MESSAGE][PASSED] - Attribute 'class' of object '' is: ' '

2022-01-15 19:34:49 - [MESSAGE][PASSED] - Attribute 'class' of object '' is: ' '

2022-01-15 19:34:49 - [MESSAGE][PASSED] - Attribute 'class' of object '' is: ' '

2022-01-15 19:34:49 - [MESSAGE][PASSED] - Attribute 'class' of object '' is: ' '

2022-01-15 19:34:49 - [MESSAGE][PASSED] - Attribute 'class' of object '' is: ' '

2022-01-15 19:34:50 - [MESSAGE][PASSED] - Attribute 'class' of object '' is: ' '

2022-01-15 19:34:50 - [MESSAGE][PASSED] - Attribute 'class' of object '' is: ' '

2022-01-15 19:34:50 - [MESSAGE][PASSED] - Attribute 'class' of object '' is: ' '

2022-01-15 19:34:50 - [MESSAGE][PASSED] - Attribute 'class' of object '' is: ' '

2022-01-15 19:34:50 - [MESSAGE][PASSED] - Attribute 'class' of object '' is: ' '

2022-01-15 19:34:50 - [MESSAGE][PASSED] - Attribute 'class' of object '' is: ' '

2022-01-15 19:34:50 - [MESSAGE][PASSED] - Attribute 'class' of object '' is: ' '

2022-01-15 19:34:50 - [MESSAGE][PASSED] - Attribute 'class' of object '' is: ' '

2022-01-15 19:34:50 - [MESSAGE][PASSED] - Attribute 'class' of object '' is: ' '

2022-01-15 19:34:50 - [MESSAGE][PASSED] - Attribute 'class' of object '' is: ' '

2022-01-15 19:34:50 - [MESSAGE][PASSED] - Attribute 'class' of object '' is: ' '

2022-01-15 19:34:50 - [MESSAGE][PASSED] - Attribute 'class' of object '' is: ' '

2022-01-15 19:34:50 - [MESSAGE][PASSED] - Attribute 'class' of object '' is: ' '

2022-01-15 19:34:50 - [MESSAGE][PASSED] - Attribute 'class' of object '' is: ' '

2022-01-15 19:34:50 - [MESSAGE][PASSED] - Attribute 'class' of object '' is: ' '

2022-01-15 19:34:50 - [MESSAGE][PASSED] - Attribute 'class' of object '' is: ' '

2022-01-15 19:34:50 - [MESSAGE][PASSED] - Attribute 'class' of object '' is: ' '

2022-01-15 19:34:50 - [MESSAGE][PASSED] - Attribute 'class' of object '' is: ' '

2022-01-15 19:34:50 - [MESSAGE][PASSED] - Attribute 'class' of object '' is: ' '

2022-01-15 19:34:50 - [MESSAGE][PASSED] - Attribute 'class' of object '' is: ' '

2022-01-15 19:34:50 - [MESSAGE][PASSED] - Attribute 'class' of object '' is: ' '

2022-01-15 19:34:50 - [MESSAGE][PASSED] - Attribute 'class' of object '' is: ' '

2022-01-15 19:34:50 - [MESSAGE][PASSED] - Attribute 'class' of object '' is: ' '

2022-01-15 19:34:50 - [MESSAGE][PASSED] - Attribute 'class' of object '' is: ' '

2022-01-15 19:34:51 - [MESSAGE][PASSED] - Attribute 'class' of object '' is: ' '

2022-01-15 19:34:51 - [MESSAGE][PASSED] - Attribute 'class' of object '' is: ' '

2022-01-15 19:34:51 - [MESSAGE][PASSED] - Attribute 'class' of object '' is: ' '

2022-01-15 19:34:51 - [MESSAGE][PASSED] - Attribute 'class' of object '' is: ' '

2022-01-15 19:34:51 - [MESSAGE][PASSED] - Attribute 'class' of object '' is: ' '

2022-01-15 19:34:51 - [MESSAGE][PASSED] - Attribute 'class' of object '' is: ' '

2022-01-15 19:34:51 - [MESSAGE][PASSED] - Attribute 'class' of object '' is: ' '

2022-01-15 19:34:51 - [MESSAGE][PASSED] - Attribute 'class' of object '' is: ' '

2022-01-15 19:34:51 - [MESSAGE][PASSED] - Attribute 'class' of object '' is: ' '

2022-01-15 19:34:51 - [MESSAGE][PASSED] - Attribute 'class' of object '' is: ' '

2022-01-15 19:34:51 - [MESSAGE][PASSED] - Attribute 'class' of object '' is: ' '

2022-01-15 19:34:51 - [MESSAGE][PASSED] - Attribute 'class' of object '' is: ' '

2022-01-15 19:34:51 - [MESSAGE][PASSED] - Attribute 'class' of object '' is: ' '

2022-01-15 19:34:51 - [MESSAGE][PASSED] - Attribute 'class' of object '' is: ' '

2022-01-15 19:34:51 - [MESSAGE][PASSED] - Attribute 'class' of object '' is: ' '

2022-01-15 19:34:51 - [MESSAGE][PASSED] - Attribute 'class' of object '' is: ' '

2022-01-15 19:34:51 - [MESSAGE][PASSED] - Attribute 'class' of object '' is: ' '

2022-01-15 19:34:51 - [MESSAGE][PASSED] - Attribute 'class' of object '' is: ' '

2022-01-15 19:34:51 - [MESSAGE][PASSED] - Attribute 'class' of object '' is: ' '

2022-01-15 19:34:51 - [MESSAGE][PASSED] - Attribute 'class' of object '' is: ' '

2022-01-15 19:34:52 - [MESSAGE][PASSED] - Attribute 'class' of object '' is: ' '

2022-01-15 19:34:52 - [MESSAGE][PASSED] - Attribute 'class' of object '' is: ' '

2022-01-15 19:34:52 - [MESSAGE][PASSED] - Attribute 'class' of object '' is: ' '

2022-01-15 19:34:52 - [MESSAGE][PASSED] - Attribute 'class' of object '' is: ' '

2022-01-15 19:34:52 - [MESSAGE][PASSED] - Attribute 'class' of object '' is: ' '

2022-01-15 19:34:52 - [MESSAGE][PASSED] - Attribute 'class' of object '' is: ' '

2022-01-15 19:34:52 - [MESSAGE][PASSED] - Attribute 'class' of object '' is: ' '

2022-01-15 19:34:52 - [MESSAGE][PASSED] - Attribute 'class' of object '' is: ' '

2022-01-15 19:34:52 - [MESSAGE][PASSED] - Attribute 'class' of object '' is: ' '

2022-01-15 19:34:52 - [MESSAGE][PASSED] - Attribute 'class' of object '' is: ' '

2022-01-15 19:34:52 - [MESSAGE][PASSED] - Attribute 'class' of object '' is: ' '

2022-01-15 19:34:52 - [MESSAGE][PASSED] - Attribute 'class' of object '' is: ' '

2022-01-15 19:34:52 - [MESSAGE][PASSED] - Attribute 'class' of object '' is: ' '

2022-01-15 19:34:52 - [MESSAGE][PASSED] - Attribute 'class' of object '' is: ' '

2022-01-15 19:34:52 - [MESSAGE][PASSED] - Attribute 'class' of object '' is: ' '

2022-01-15 19:34:52 - [MESSAGE][PASSED] - Attribute 'class' of object '' is: ' '

2022-01-15 19:34:52 - [MESSAGE][PASSED] - Attribute 'class' of object '' is: ' '

2022-01-15 19:34:52 - [MESSAGE][PASSED] - Attribute 'class' of object '' is: ' '

2022-01-15 19:34:52 - [MESSAGE][PASSED] - Attribute 'class' of object '' is: ' '

2022-01-15 19:34:52 - [MESSAGE][PASSED] - Attribute 'class' of object '' is: ' '

2022-01-15 19:34:52 - [MESSAGE][PASSED] - Attribute 'class' of object '' is: ' '

2022-01-15 19:34:52 - [MESSAGE][PASSED] - Attribute 'class' of object '' is: ' '

2022-01-15 19:34:52 - [MESSAGE][PASSED] - Attribute 'class' of object '' is: ' '

2022-01-15 19:34:52 - [MESSAGE][PASSED] - Attribute 'class' of object '' is: ' '

2022-01-15 19:34:53 - [MESSAGE][PASSED] - Attribute 'class' of object '' is: ' '

2022-01-15 19:34:53 - [MESSAGE][PASSED] - Attribute 'class' of object '' is: ' '

2022-01-15 19:34:53 - [MESSAGE][PASSED] - Attribute 'class' of object '' is: ' '

2022-01-15 19:34:53 - [MESSAGE][PASSED] - Attribute 'class' of object '' is: ' '

2022-01-15 19:34:53 - [MESSAGE][PASSED] - Attribute 'class' of object '' is: ' '

2022-01-15 19:34:53 - [MESSAGE][PASSED] - Attribute 'class' of object '' is: ' '

2022-01-15 19:34:53 - [MESSAGE][PASSED] - Attribute 'class' of object '' is: ' '

2022-01-15 19:34:53 - [MESSAGE][PASSED] - Attribute 'class' of object '' is: ' '

2022-01-15 19:34:53 - [MESSAGE][PASSED] - Attribute 'class' of object '' is: ' '

2022-01-15 19:34:53 - [MESSAGE][PASSED] - Attribute 'class' of object '' is: ' '

2022-01-15 19:34:53 - [MESSAGE][PASSED] - Attribute 'class' of object '' is: ' '

2022-01-15 19:34:53 - [MESSAGE][PASSED] - Attribute 'class' of object '' is: ' '

2022-01-15 19:34:53 - [MESSAGE][PASSED] - Attribute 'class' of object '' is: ' '

2022-01-15 19:34:53 - [MESSAGE][PASSED] - Attribute 'class' of object '' is: ' '

2022-01-15 19:34:53 - [MESSAGE][PASSED] - Attribute 'class' of object '' is: ' '

2022-01-15 19:34:53 - [MESSAGE][PASSED] - Attribute 'class' of object '' is: ' '

2022-01-15 19:34:53 - [MESSAGE][PASSED] - Attribute 'class' of object '' is: ' '

2022-01-15 19:34:53 - [MESSAGE][PASSED] - Attribute 'class' of object '' is: ' '

2022-01-15 19:34:53 - [MESSAGE][PASSED] - Attribute 'class' of object '' is: ' '

2022-01-15 19:34:53 - [MESSAGE][PASSED] - Attribute 'class' of object '' is: ' '

2022-01-15 19:34:53 - [MESSAGE][PASSED] - Attribute 'class' of object '' is: ' '

2022-01-15 19:34:53 - [MESSAGE][PASSED] - Attribute 'class' of object '' is: ' '

2022-01-15 19:34:53 - [MESSAGE][PASSED] - Attribute 'class' of object '' is: ' '

2022-01-15 19:34:53 - [MESSAGE][PASSED] - Attribute 'class' of object '' is: ' '

2022-01-15 19:34:53 - [MESSAGE][PASSED] - Attribute 'class' of object '' is: ' '

2022-01-15 19:34:53 - [MESSAGE][PASSED] - Attribute 'class' of object '' is: ' '

2022-01-15 19:34:53 - [MESSAGE][PASSED] - Attribute 'class' of object '' is: ' '

2022-01-15 19:34:54 - [MESSAGE][PASSED] - Attribute 'class' of object '' is: ' '

2022-01-15 19:34:54 - [MESSAGE][PASSED] - Attribute 'class' of object '' is: ' '

2022-01-15 19:34:54 - [MESSAGE][PASSED] - Attribute 'class' of object '' is: ' '

2022-01-15 19:34:54 - [MESSAGE][PASSED] - Attribute 'class' of object '' is: ' '

2022-01-15 19:34:54 - [MESSAGE][PASSED] - Attribute 'class' of object '' is: ' '

2022-01-15 19:34:54 - [MESSAGE][PASSED] - Attribute 'class' of object '' is: ' '

2022-01-15 19:34:54 - [MESSAGE][PASSED] - Attribute 'class' of object '' is: ' '

2022-01-15 19:34:54 - [MESSAGE][PASSED] - Attribute 'class' of object '' is: ' '

2022-01-15 19:34:54 - [MESSAGE][PASSED] - Attribute 'class' of object '' is: ' '

2022-01-15 19:34:54 - [MESSAGE][PASSED] - Attribute 'class' of object '' is: ' '

2022-01-15 19:34:54 - [MESSAGE][PASSED] - Attribute 'class' of object '' is: ' '

2022-01-15 19:34:54 - [MESSAGE][PASSED] - Attribute 'class' of object '' is: ' '

2022-01-15 19:34:54 - [MESSAGE][PASSED] - Attribute 'class' of object '' is: ' '

2022-01-15 19:34:54 - [MESSAGE][PASSED] - Attribute 'class' of object '' is: ' '

2022-01-15 19:34:54 - [MESSAGE][PASSED] - Attribute 'class' of object '' is: ' '

2022-01-15 19:34:54 - [MESSAGE][PASSED] - Attribute 'class' of object '' is: ' '

2022-01-15 19:34:54 - [MESSAGE][PASSED] - Attribute 'class' of object '' is: ' '

2022-01-15 19:34:54 - [MESSAGE][PASSED] - Attribute 'class' of object '' is: ' '

2022-01-15 19:34:54 - [MESSAGE][PASSED] - Attribute 'class' of object '' is: ' '

2022-01-15 19:34:54 - [MESSAGE][PASSED] - Attribute 'class' of object '' is: ' '

2022-01-15 19:34:54 - [MESSAGE][PASSED] - Attribute 'class' of object '' is: ' '

2022-01-15 19:34:54 - [MESSAGE][PASSED] - Attribute 'class' of object '' is: ' '

2022-01-15 19:34:54 - [MESSAGE][PASSED] - Attribute 'class' of object '' is: ' '

2022-01-15 19:34:54 - [MESSAGE][PASSED] - Attribute 'class' of object '' is: ' '

2022-01-15 19:34:54 - [MESSAGE][PASSED] - Attribute 'class' of object '' is: ' '

2022-01-15 19:34:55 - [MESSAGE][PASSED] - Attribute 'class' of object '' is: ' '

2022-01-15 19:34:55 - [MESSAGE][PASSED] - Attribute 'class' of object '' is: ' '

2022-01-15 19:34:55 - [MESSAGE][PASSED] - Attribute 'class' of object '' is: ' '

2022-01-15 19:34:55 - [MESSAGE][PASSED] - Attribute 'class' of object '' is: ' '

2022-01-15 19:34:55 - [MESSAGE][PASSED] - Attribute 'class' of object '' is: ' '

2022-01-15 19:34:55 - [MESSAGE][PASSED] - Attribute 'class' of object '' is: ' '

2022-01-15 19:34:55 - [MESSAGE][PASSED] - Attribute 'class' of object '' is: ' '

2022-01-15 19:34:55 - [MESSAGE][PASSED] - Attribute 'class' of object '' is: ' '

2022-01-15 19:34:55 - [MESSAGE][PASSED] - Attribute 'class' of object '' is: ' '

2022-01-15 19:34:55 - [MESSAGE][PASSED] - Attribute 'class' of object '' is: ' '

2022-01-15 19:34:55 - [MESSAGE][PASSED] - Attribute 'class' of object '' is: ' '

2022-01-15 19:34:55 - [MESSAGE][PASSED] - Attribute 'class' of object '' is: ' '

2022-01-15 19:34:55 - [MESSAGE][PASSED] - Attribute 'class' of object '' is: ' '

2022-01-15 19:34:55 - [MESSAGE][PASSED] - Attribute 'class' of object '' is: ' '

2022-01-15 19:34:55 - [MESSAGE][PASSED] - Attribute 'class' of object '' is: ' '

2022-01-15 19:34:55 - [MESSAGE][PASSED] - Attribute 'class' of object '' is: ' '

2022-01-15 19:34:55 - [MESSAGE][PASSED] - Attribute 'class' of object '' is: ' '

2022-01-15 19:34:55 - [MESSAGE][PASSED] - Attribute 'class' of object '' is: ' '

2022-01-15 19:34:55 - [MESSAGE][PASSED] - Attribute 'class' of object '' is: ' '

2022-01-15 19:34:55 - [MESSAGE][PASSED] - Attribute 'class' of object '' is: ' '

2022-01-15 19:34:55 - [MESSAGE][PASSED] - Attribute 'class' of object '' is: ' '

2022-01-15 19:34:55 - [MESSAGE][PASSED] - Attribute 'class' of object '' is: ' '

2022-01-15 19:34:55 - [MESSAGE][PASSED] - Attribute 'class' of object '' is: ' '

2022-01-15 19:34:55 - [MESSAGE][PASSED] - Attribute 'class' of object '' is: ' '

2022-01-15 19:34:55 - [MESSAGE][PASSED] - Attribute 'class' of object '' is: ' '

2022-01-15 19:34:55 - [MESSAGE][PASSED] - Attribute 'class' of object '' is: ' '

2022-01-15 19:34:55 - [MESSAGE][PASSED] - Attribute 'class' of object '' is: ' '

2022-01-15 19:34:55 - [MESSAGE][PASSED] - Attribute 'class' of object '' is: ' '

2022-01-15 19:34:56 - [MESSAGE][PASSED] - Attribute 'class' of object '' is: ' '

2022-01-15 19:34:56 - [MESSAGE][PASSED] - Attribute 'class' of object '' is: ' '

2022-01-15 19:34:56 - [MESSAGE][PASSED] - Attribute 'class' of object '' is: ' '

2022-01-15 19:34:56 - [MESSAGE][PASSED] - Attribute 'class' of object '' is: ' '

2022-01-15 19:34:56 - [MESSAGE][PASSED] - Attribute 'class' of object '' is: ' '

2022-01-15 19:34:56 - [MESSAGE][PASSED] - Attribute 'class' of object '' is: ' '

2022-01-15 19:34:56 - [MESSAGE][PASSED] - Attribute 'class' of object '' is: ' '

2022-01-15 19:34:56 - [MESSAGE][PASSED] - Attribute 'class' of object '' is: ' '

2022-01-15 19:34:56 - [MESSAGE][PASSED] - Attribute 'class' of object '' is: ' '

2022-01-15 19:34:56 - [MESSAGE][PASSED] - Attribute 'class' of object '' is: ' '

2022-01-15 19:34:56 - [MESSAGE][PASSED] - Attribute 'class' of object '' is: ' '

2022-01-15 19:34:56 - [MESSAGE][PASSED] - Attribute 'class' of object '' is: ' '

2022-01-15 19:34:56 - [MESSAGE][PASSED] - Attribute 'class' of object '' is: ' '

2022-01-15 19:34:56 - [MESSAGE][PASSED] - Attribute 'class' of object '' is: ' '

2022-01-15 19:34:56 - [MESSAGE][PASSED] - Attribute 'class' of object '' is: ' '

2022-01-15 19:34:56 - [MESSAGE][PASSED] - Attribute 'class' of object '' is: ' '

2022-01-15 19:34:56 - [MESSAGE][PASSED] - Attribute 'class' of object '' is: ' '

2022-01-15 19:34:56 - [MESSAGE][PASSED] - Attribute 'class' of object '' is: ' '

2022-01-15 19:34:56 - [MESSAGE][PASSED] - Attribute 'class' of object '' is: ' '

2022-01-15 19:34:56 - [MESSAGE][PASSED] - Attribute 'class' of object '' is: ' '

2022-01-15 19:34:56 - [MESSAGE][PASSED] - Attribute 'class' of object '' is: ' '

2022-01-15 19:34:56 - [MESSAGE][PASSED] - Attribute 'class' of object '' is: ' '

2022-01-15 19:34:56 - [MESSAGE][PASSED] - Attribute 'class' of object '' is: ' '

2022-01-15 19:34:56 - [MESSAGE][PASSED] - Attribute 'class' of object '' is: ' '

2022-01-15 19:34:56 - [MESSAGE][PASSED] - Attribute 'class' of object '' is: ' '

2022-01-15 19:34:56 - [MESSAGE][PASSED] - Attribute 'class' of object '' is: ' '

2022-01-15 19:34:56 - [MESSAGE][PASSED] - Attribute 'class' of object '' is: ' '

2022-01-15 19:34:57 - [MESSAGE][PASSED] - Attribute 'class' of object '' is: ' '

2022-01-15 19:34:57 - [MESSAGE][PASSED] - Attribute 'class' of object '' is: ' '

2022-01-15 19:34:57 - [MESSAGE][PASSED] - Attribute 'class' of object '' is: ' '

2022-01-15 19:34:57 - [MESSAGE][PASSED] - Attribute 'class' of object '' is: ' '

2022-01-15 19:34:57 - [MESSAGE][PASSED] - Attribute 'class' of object '' is: ' '

2022-01-15 19:34:57 - [MESSAGE][PASSED] - Attribute 'class' of object '' is: ' '

2022-01-15 19:34:57 - [MESSAGE][PASSED] - Attribute 'class' of object '' is: ' '

2022-01-15 19:34:57 - [MESSAGE][PASSED] - Attribute 'class' of object '' is: ' '

2022-01-15 19:34:57 - [MESSAGE][PASSED] - Attribute 'class' of object '' is: ' '

2022-01-15 19:34:57 - [MESSAGE][PASSED] - Attribute 'class' of object '' is: ' '

2022-01-15 19:34:57 - [MESSAGE][PASSED] - Attribute 'class' of object '' is: ' '

2022-01-15 19:34:57 - [MESSAGE][PASSED] - Attribute 'class' of object '' is: ' '

2022-01-15 19:34:57 - [MESSAGE][PASSED] - Attribute 'class' of object '' is: ' '

2022-01-15 19:34:57 - [MESSAGE][PASSED] - Attribute 'class' of object '' is: ' '

2022-01-15 19:34:57 - [MESSAGE][PASSED] - Attribute 'class' of object '' is: ' '

2022-01-15 19:34:57 - [MESSAGE][PASSED] - Attribute 'class' of object '' is: ' '

2022-01-15 19:34:57 - [MESSAGE][PASSED] - Attribute 'class' of object '' is: ' '

2022-01-15 19:34:57 - [MESSAGE][PASSED] - Attribute 'class' of object '' is: ' '

2022-01-15 19:34:57 - [MESSAGE][PASSED] - Attribute 'class' of object '' is: ' '

2022-01-15 19:34:57 - [MESSAGE][PASSED] - Attribute 'class' of object '' is: ' '

2022-01-15 19:34:57 - [MESSAGE][PASSED] - Attribute 'class' of object '' is: ' '

2022-01-15 19:34:57 - [MESSAGE][PASSED] - Attribute 'class' of object '' is: ' '

2022-01-15 19:34:57 - [MESSAGE][PASSED] - Attribute 'class' of object '' is: ' '

2022-01-15 19:34:57 - [MESSAGE][PASSED] - Attribute 'class' of object '' is: ' '

2022-01-15 19:34:58 - [MESSAGE][PASSED] - Attribute 'class' of object '' is: ' '

2022-01-15 19:34:58 - [MESSAGE][PASSED] - Attribute 'class' of object '' is: ' '

2022-01-15 19:34:58 - [MESSAGE][PASSED] - Attribute 'class' of object '' is: ' '

2022-01-15 19:34:58 - [MESSAGE][PASSED] - Attribute 'class' of object '' is: ' '

2022-01-15 19:34:58 - [MESSAGE][PASSED] - Attribute 'class' of object '' is: ' '

2022-01-15 19:34:58 - [MESSAGE][PASSED] - Attribute 'class' of object '' is: ' '

2022-01-15 19:34:58 - [MESSAGE][PASSED] - Attribute 'class' of object '' is: ' '

2022-01-15 19:34:58 - [MESSAGE][PASSED] - Attribute 'class' of object '' is: ' '

2022-01-15 19:34:58 - [MESSAGE][PASSED] - Attribute 'class' of object '' is: ' '

2022-01-15 19:34:58 - [MESSAGE][PASSED] - Attribute 'class' of object '' is: ' '

2022-01-15 19:34:58 - [MESSAGE][PASSED] - Attribute 'class' of object '' is: ' '

2022-01-15 19:34:58 - [MESSAGE][PASSED] - Attribute 'class' of object '' is: ' '

2022-01-15 19:34:58 - [MESSAGE][PASSED] - Attribute 'class' of object '' is: ' '

2022-01-15 19:34:58 - [MESSAGE][PASSED] - Attribute 'class' of object '' is: ' '

2022-01-15 19:34:58 - [MESSAGE][PASSED] - Attribute 'class' of object '' is: ' '

2022-01-15 19:34:58 - [MESSAGE][PASSED] - Attribute 'class' of object '' is: ' '

2022-01-15 19:34:58 - [MESSAGE][PASSED] - Attribute 'class' of object '' is: ' '

2022-01-15 19:34:58 - [MESSAGE][PASSED] - Attribute 'class' of object '' is: ' '

2022-01-15 19:34:58 - [MESSAGE][PASSED] - Attribute 'class' of object '' is: ' '

2022-01-15 19:34:58 - [MESSAGE][PASSED] - Attribute 'class' of object '' is: ' '

2022-01-15 19:34:58 - [MESSAGE][PASSED] - Attribute 'class' of object '' is: ' '

2022-01-15 19:34:59 - [MESSAGE][PASSED] - Attribute 'class' of object '' is: ' '

2022-01-15 19:34:59 - [MESSAGE][PASSED] - Attribute 'class' of object '' is: ' '

2022-01-15 19:34:59 - [MESSAGE][PASSED] - Attribute 'class' of object '' is: ' '

2022-01-15 19:34:59 - [MESSAGE][PASSED] - Attribute 'class' of object '' is: ' '

2022-01-15 19:34:59 - [MESSAGE][PASSED] - Attribute 'class' of object '' is: ' '

2022-01-15 19:34:59 - [MESSAGE][PASSED] - Attribute 'class' of object '' is: ' '

2022-01-15 19:34:59 - [MESSAGE][PASSED] - Attribute 'class' of object '' is: ' '

2022-01-15 19:34:59 - [MESSAGE][PASSED] - Attribute 'class' of object '' is: ' '

2022-01-15 19:34:59 - [MESSAGE][PASSED] - Attribute 'class' of object '' is: ' '

2022-01-15 19:34:59 - [MESSAGE][PASSED] - Attribute 'class' of object '' is: ' '

2022-01-15 19:34:59 - [MESSAGE][PASSED] - Attribute 'class' of object '' is: ' '

2022-01-15 19:34:59 - [MESSAGE][PASSED] - Attribute 'class' of object '' is: ' '

2022-01-15 19:34:59 - [MESSAGE][PASSED] - Attribute 'class' of object '' is: ' '

2022-01-15 19:34:59 - [MESSAGE][PASSED] - Attribute 'class' of object '' is: ' '

2022-01-15 19:34:59 - [MESSAGE][PASSED] - Attribute 'class' of object '' is: ' '

2022-01-15 19:34:59 - [MESSAGE][PASSED] - Attribute 'class' of object '' is: ' '

2022-01-15 19:34:59 - [MESSAGE][PASSED] - Attribute 'class' of object '' is: ' '

2022-01-15 19:34:59 - [MESSAGE][PASSED] - Attribute 'class' of object '' is: ' '

2022-01-15 19:34:59 - [MESSAGE][PASSED] - Attribute 'class' of object '' is: ' '

2022-01-15 19:34:59 - [MESSAGE][PASSED] - Attribute 'class' of object '' is: ' '

2022-01-15 19:34:59 - [MESSAGE][PASSED] - Attribute 'class' of object '' is: ' '

2022-01-15 19:34:59 - [MESSAGE][PASSED] - Attribute 'class' of object '' is: ' '

2022-01-15 19:34:59 - [MESSAGE][PASSED] - Attribute 'class' of object '' is: ' '

2022-01-15 19:34:59 - [MESSAGE][PASSED] - Attribute 'class' of object '' is: ' '

2022-01-15 19:34:59 - [MESSAGE][PASSED] - Attribute 'class' of object '' is: ' '

2022-01-15 19:34:59 - [MESSAGE][PASSED] - Attribute 'class' of object '' is: ' '

2022-01-15 19:35:00 - [MESSAGE][PASSED] - Attribute 'class' of object '' is: ' '

2022-01-15 19:35:00 - [MESSAGE][PASSED] - Attribute 'class' of object '' is: ' '

2022-01-15 19:35:00 - [MESSAGE][PASSED] - Attribute 'class' of object '' is: ' '

2022-01-15 19:35:00 - [MESSAGE][PASSED] - Attribute 'class' of object '' is: ' '

2022-01-15 19:35:00 - [MESSAGE][PASSED] - Attribute 'class' of object '' is: ' '

2022-01-15 19:35:00 - [MESSAGE][PASSED] - Attribute 'class' of object '' is: ' '

2022-01-15 19:35:00 - [MESSAGE][PASSED] - Attribute 'class' of object '' is: ' '

2022-01-15 19:35:00 - [MESSAGE][PASSED] - Attribute 'class' of object '' is: ' '

2022-01-15 19:35:00 - [MESSAGE][PASSED] - Attribute 'class' of object '' is: ' '

2022-01-15 19:35:00 - [MESSAGE][PASSED] - Attribute 'class' of object '' is: ' '

2022-01-15 19:35:00 - [MESSAGE][PASSED] - Attribute 'class' of object '' is: ' '

2022-01-15 19:35:00 - [MESSAGE][PASSED] - Attribute 'class' of object '' is: ' '

2022-01-15 19:35:00 - [MESSAGE][PASSED] - Attribute 'class' of object '' is: ' '

2022-01-15 19:35:00 - [MESSAGE][PASSED] - Attribute 'class' of object '' is: ' '

2022-01-15 19:35:00 - [MESSAGE][PASSED] - Attribute 'class' of object '' is: ' '

2022-01-15 19:35:00 - [MESSAGE][PASSED] - Attribute 'class' of object '' is: ' '

2022-01-15 19:35:00 - [MESSAGE][PASSED] - Attribute 'class' of object '' is: ' '

2022-01-15 19:35:00 - [MESSAGE][PASSED] - Attribute 'class' of object '' is: ' '

2022-01-15 19:35:00 - [MESSAGE][PASSED] - Attribute 'class' of object '' is: ' '

2022-01-15 19:35:00 - [MESSAGE][PASSED] - Attribute 'class' of object '' is: ' '

2022-01-15 19:35:00 - [MESSAGE][PASSED] - Attribute 'class' of object '' is: ' '

2022-01-15 19:35:00 - [MESSAGE][PASSED] - Attribute 'class' of object '' is: ' '

2022-01-15 19:35:00 - [MESSAGE][PASSED] - Attribute 'class' of object '' is: ' '

2022-01-15 19:35:00 - [MESSAGE][PASSED] - Attribute 'class' of object '' is: ' '

2022-01-15 19:35:00 - [MESSAGE][PASSED] - Attribute 'class' of object '' is: ' '

2022-01-15 19:35:00 - [MESSAGE][PASSED] - Attribute 'class' of object '' is: ' '

2022-01-15 19:35:00 - [MESSAGE][PASSED] - Attribute 'class' of object '' is: ' '

2022-01-15 19:35:00 - [MESSAGE][PASSED] - Attribute 'class' of object '' is: ' '

2022-01-15 19:35:00 - [MESSAGE][PASSED] - Attribute 'class' of object '' is: ' '

2022-01-15 19:35:00 - [MESSAGE][PASSED] - Attribute 'class' of object '' is: ' '

2022-01-15 19:35:01 - [MESSAGE][PASSED] - Attribute 'class' of object '' is: ' '

2022-01-15 19:35:01 - [MESSAGE][PASSED] - Attribute 'class' of object '' is: ' '

2022-01-15 19:35:01 - [MESSAGE][PASSED] - Attribute 'class' of object '' is: ' '

2022-01-15 19:35:01 - [MESSAGE][PASSED] - Attribute 'class' of object '' is: ' '

2022-01-15 19:35:01 - [MESSAGE][PASSED] - Attribute 'class' of object '' is: ' '

2022-01-15 19:35:01 - [MESSAGE][PASSED] - Attribute 'class' of object '' is: ' '

2022-01-15 19:35:01 - [MESSAGE][PASSED] - Attribute 'class' of object '' is: ' '

2022-01-15 19:35:01 - [MESSAGE][PASSED] - Attribute 'class' of object '' is: ' '

2022-01-15 19:35:01 - [MESSAGE][PASSED] - Attribute 'class' of object '' is: ' '

2022-01-15 19:35:01 - [MESSAGE][PASSED] - Attribute 'class' of object '' is: ' '

2022-01-15 19:35:01 - [MESSAGE][PASSED] - Attribute 'class' of object '' is: ' '

2022-01-15 19:35:01 - [MESSAGE][PASSED] - Attribute 'class' of object '' is: ' '

2022-01-15 19:35:01 - [MESSAGE][PASSED] - Attribute 'class' of object '' is: ' '

2022-01-15 19:35:01 - [MESSAGE][PASSED] - Attribute 'class' of object '' is: ' '

2022-01-15 19:35:01 - [MESSAGE][PASSED] - Attribute 'class' of object '' is: ' '

2022-01-15 19:35:01 - [MESSAGE][PASSED] - Attribute 'class' of object '' is: ' '

2022-01-15 19:35:01 - [MESSAGE][PASSED] - Attribute 'class' of object '' is: ' '

2022-01-15 19:35:01 - [MESSAGE][PASSED] - Attribute 'class' of object '' is: ' '

2022-01-15 19:35:01 - [MESSAGE][PASSED] - Attribute 'class' of object '' is: ' '

2022-01-15 19:35:01 - [MESSAGE][PASSED] - Attribute 'class' of object '' is: ' '

2022-01-15 19:35:01 - [MESSAGE][PASSED] - Attribute 'class' of object '' is: ' '

2022-01-15 19:35:01 - [MESSAGE][PASSED] - Attribute 'class' of object '' is: ' '

2022-01-15 19:35:01 - [MESSAGE][PASSED] - Attribute 'class' of object '' is: ' '

2022-01-15 19:35:01 - [MESSAGE][PASSED] - Attribute 'class' of object '' is: ' '

2022-01-15 19:35:01 - [MESSAGE][PASSED] - Attribute 'class' of object '' is: ' '

2022-01-15 19:35:01 - [MESSAGE][PASSED] - Attribute 'class' of object '' is: ' '

2022-01-15 19:35:01 - [MESSAGE][PASSED] - Attribute 'class' of object '' is: ' '

2022-01-15 19:35:01 - [MESSAGE][PASSED] - Attribute 'class' of object '' is: ' '

2022-01-15 19:35:01 - [MESSAGE][PASSED] - Attribute 'class' of object '' is: ' '

2022-01-15 19:35:01 - [MESSAGE][PASSED] - Attribute 'class' of object '' is: ' '

2022-01-15 19:35:02 - [MESSAGE][PASSED] - Attribute 'class' of object '' is: ' '

2022-01-15 19:35:02 - [MESSAGE][PASSED] - Attribute 'class' of object '' is: ' '

2022-01-15 19:35:02 - [MESSAGE][PASSED] - Attribute 'class' of object '' is: ' '

2022-01-15 19:35:02 - [MESSAGE][PASSED] - Attribute 'class' of object '' is: ' '

2022-01-15 19:35:02 - [MESSAGE][PASSED] - Attribute 'class' of object '' is: ' '

2022-01-15 19:35:02 - [MESSAGE][PASSED] - Attribute 'class' of object '' is: ' '

2022-01-15 19:35:02 - [MESSAGE][PASSED] - Attribute 'class' of object '' is: ' '

2022-01-15 19:35:02 - [MESSAGE][PASSED] - Attribute 'class' of object '' is: ' '

2022-01-15 19:35:02 - [MESSAGE][PASSED] - Attribute 'class' of object '' is: ' '

2022-01-15 19:35:02 - [MESSAGE][PASSED] - Attribute 'class' of object '' is: ' '

2022-01-15 19:35:02 - [MESSAGE][PASSED] - Attribute 'class' of object '' is: ' '

2022-01-15 19:35:02 - [MESSAGE][PASSED] - Attribute 'class' of object '' is: ' '

2022-01-15 19:35:02 - [MESSAGE][PASSED] - Attribute 'class' of object '' is: ' '

2022-01-15 19:35:02 - [MESSAGE][PASSED] - Attribute 'class' of object '' is: ' '

2022-01-15 19:35:02 - [MESSAGE][PASSED] - Attribute 'class' of object '' is: ' '

2022-01-15 19:35:02 - [MESSAGE][PASSED] - Attribute 'class' of object '' is: ' '

2022-01-15 19:35:02 - [MESSAGE][PASSED] - Attribute 'class' of object '' is: ' '

2022-01-15 19:35:02 - [MESSAGE][PASSED] - Attribute 'class' of object '' is: ' '

2022-01-15 19:35:02 - [MESSAGE][PASSED] - Attribute 'class' of object '' is: ' '

2022-01-15 19:35:02 - [MESSAGE][PASSED] - Attribute 'class' of object '' is: ' '

2022-01-15 19:35:02 - [MESSAGE][PASSED] - Attribute 'class' of object '' is: ' '

2022-01-15 19:35:02 - [MESSAGE][PASSED] - Attribute 'class' of object '' is: ' '

2022-01-15 19:35:02 - [MESSAGE][PASSED] - Attribute 'class' of object '' is: ' '

2022-01-15 19:35:02 - [MESSAGE][PASSED] - Attribute 'class' of object '' is: ' '

2022-01-15 19:35:02 - [MESSAGE][PASSED] - Attribute 'class' of object '' is: ' '

2022-01-15 19:35:02 - [MESSAGE][PASSED] - Attribute 'class' of object '' is: ' '

2022-01-15 19:35:02 - [MESSAGE][PASSED] - Attribute 'class' of object '' is: ' '

2022-01-15 19:35:02 - [MESSAGE][PASSED] - Attribute 'class' of object '' is: ' '

2022-01-15 19:35:02 - [MESSAGE][PASSED] - Attribute 'class' of object '' is: ' '

2022-01-15 19:35:02 - [MESSAGE][PASSED] - Attribute 'class' of object '' is: ' '

2022-01-15 19:35:03 - [MESSAGE][PASSED] - Attribute 'class' of object '' is: ' '

2022-01-15 19:35:03 - [MESSAGE][PASSED] - Attribute 'class' of object '' is: ' '

2022-01-15 19:35:03 - [MESSAGE][PASSED] - Attribute 'class' of object '' is: ' '

2022-01-15 19:35:03 - [MESSAGE][PASSED] - Attribute 'class' of object '' is: ' '

2022-01-15 19:35:03 - [MESSAGE][PASSED] - Attribute 'class' of object '' is: ' '

2022-01-15 19:35:03 - [MESSAGE][PASSED] - Attribute 'class' of object '' is: ' '

2022-01-15 19:35:03 - [MESSAGE][PASSED] - Attribute 'class' of object '' is: ' '

2022-01-15 19:35:03 - [MESSAGE][PASSED] - Attribute 'class' of object '' is: ' '

2022-01-15 19:35:03 - [MESSAGE][PASSED] - Attribute 'class' of object '' is: ' '

2022-01-15 19:35:03 - [MESSAGE][PASSED] - Attribute 'class' of object '' is: ' '

2022-01-15 19:35:03 - [MESSAGE][PASSED] - Attribute 'class' of object '' is: ' '

2022-01-15 19:35:03 - [MESSAGE][PASSED] - Attribute 'class' of object '' is: ' '

2022-01-15 19:35:03 - [MESSAGE][PASSED] - Attribute 'class' of object '' is: ' '

2022-01-15 19:35:03 - [MESSAGE][PASSED] - Attribute 'class' of object '' is: ' '

2022-01-15 19:35:03 - [MESSAGE][PASSED] - Attribute 'class' of object '' is: ' '

2022-01-15 19:35:03 - [MESSAGE][PASSED] - Attribute 'class' of object '' is: ' '

2022-01-15 19:35:03 - [MESSAGE][PASSED] - Attribute 'class' of object '' is: ' '

2022-01-15 19:35:03 - [MESSAGE][PASSED] - Attribute 'class' of object '' is: ' '

2022-01-15 19:35:03 - [MESSAGE][PASSED] - Attribute 'class' of object '' is: ' '

2022-01-15 19:35:03 - [MESSAGE][PASSED] - Attribute 'class' of object '' is: ' '

2022-01-15 19:35:03 - [MESSAGE][PASSED] - Attribute 'class' of object '' is: ' '

2022-01-15 19:35:03 - [MESSAGE][PASSED] - Attribute 'class' of object '' is: ' '

2022-01-15 19:35:03 - [MESSAGE][PASSED] - Attribute 'class' of object '' is: ' '

2022-01-15 19:35:03 - [MESSAGE][PASSED] - Attribute 'class' of object '' is: ' '

2022-01-15 19:35:03 - [MESSAGE][PASSED] - Attribute 'class' of object '' is: ' '

2022-01-15 19:35:03 - [MESSAGE][PASSED] - Attribute 'class' of object '' is: ' '

2022-01-15 19:35:03 - [MESSAGE][PASSED] - Attribute 'class' of object '' is: ' '

2022-01-15 19:35:03 - [MESSAGE][PASSED] - Attribute 'class' of object '' is: ' '

2022-01-15 19:35:03 - [MESSAGE][PASSED] - Attribute 'class' of object '' is: ' '

2022-01-15 19:35:03 - [MESSAGE][PASSED] - Attribute 'class' of object '' is: ' '

2022-01-15 19:35:03 - [MESSAGE][PASSED] - Attribute 'class' of object '' is: ' '

2022-01-15 19:35:04 - [MESSAGE][PASSED] - Attribute 'class' of object '' is: ' '

2022-01-15 19:35:04 - [MESSAGE][PASSED] - Attribute 'class' of object '' is: ' '

2022-01-15 19:35:04 - [MESSAGE][PASSED] - Attribute 'class' of object '' is: ' '

2022-01-15 19:35:04 - [MESSAGE][PASSED] - Attribute 'class' of object '' is: ' '

2022-01-15 19:35:04 - [MESSAGE][PASSED] - Attribute 'class' of object '' is: ' '

2022-01-15 19:35:04 - [MESSAGE][PASSED] - Attribute 'class' of object '' is: ' '

2022-01-15 19:35:04 - [MESSAGE][PASSED] - Attribute 'class' of object '' is: ' '

2022-01-15 19:35:04 - [MESSAGE][PASSED] - Attribute 'class' of object '' is: ' '

2022-01-15 19:35:04 - [MESSAGE][PASSED] - Attribute 'class' of object '' is: ' '

2022-01-15 19:35:04 - [MESSAGE][PASSED] - Attribute 'class' of object '' is: ' '

2022-01-15 19:35:04 - [MESSAGE][PASSED] - Attribute 'class' of object '' is: ' '

2022-01-15 19:35:04 - [MESSAGE][PASSED] - Attribute 'class' of object '' is: ' '

2022-01-15 19:35:04 - [MESSAGE][PASSED] - Attribute 'class' of object '' is: ' '

2022-01-15 19:35:04 - [MESSAGE][PASSED] - Attribute 'class' of object '' is: ' '

2022-01-15 19:35:04 - [MESSAGE][PASSED] - Attribute 'class' of object '' is: ' '

2022-01-15 19:35:04 - [MESSAGE][PASSED] - Attribute 'class' of object '' is: ' '

2022-01-15 19:35:04 - [MESSAGE][PASSED] - Attribute 'class' of object '' is: ' '

2022-01-15 19:35:04 - [MESSAGE][PASSED] - Attribute 'class' of object '' is: ' '

2022-01-15 19:35:04 - [MESSAGE][PASSED] - Attribute 'class' of object '' is: ' '

2022-01-15 19:35:04 - [MESSAGE][PASSED] - Attribute 'class' of object '' is: ' '

2022-01-15 19:35:04 - [MESSAGE][PASSED] - Attribute 'class' of object '' is: ' '

2022-01-15 19:35:04 - [MESSAGE][PASSED] - Attribute 'class' of object '' is: ' '

2022-01-15 19:35:04 - [MESSAGE][PASSED] - Attribute 'class' of object '' is: ' '

2022-01-15 19:35:04 - [MESSAGE][PASSED] - Attribute 'class' of object '' is: ' '

2022-01-15 19:35:04 - [MESSAGE][PASSED] - Attribute 'class' of object '' is: ' '

2022-01-15 19:35:04 - [MESSAGE][PASSED] - Attribute 'class' of object '' is: ' '

2022-01-15 19:35:04 - [MESSAGE][PASSED] - Attribute 'class' of object '' is: ' '

2022-01-15 19:35:05 - [MESSAGE][PASSED] - Attribute 'class' of object '' is: ' '

2022-01-15 19:35:05 - [MESSAGE][PASSED] - Attribute 'class' of object '' is: ' '

2022-01-15 19:35:05 - [MESSAGE][PASSED] - Attribute 'class' of object '' is: ' '

2022-01-15 19:35:05 - [MESSAGE][PASSED] - Attribute 'class' of object '' is: ' '

2022-01-15 19:35:05 - [MESSAGE][PASSED] - Attribute 'class' of object '' is: ' '

2022-01-15 19:35:05 - [MESSAGE][PASSED] - Attribute 'class' of object '' is: ' '

2022-01-15 19:35:05 - [MESSAGE][PASSED] - Attribute 'class' of object '' is: ' '

2022-01-15 19:35:05 - [MESSAGE][PASSED] - Attribute 'class' of object '' is: ' '

2022-01-15 19:35:05 - [MESSAGE][PASSED] - Attribute 'class' of object '' is: ' '

2022-01-15 19:35:05 - [MESSAGE][PASSED] - Attribute 'class' of object '' is: ' '

2022-01-15 19:35:05 - [MESSAGE][PASSED] - Attribute 'class' of object '' is: ' '

2022-01-15 19:35:05 - [MESSAGE][PASSED] - Attribute 'class' of object '' is: ' '

2022-01-15 19:35:05 - [MESSAGE][PASSED] - Attribute 'class' of object '' is: ' '

2022-01-15 19:35:05 - [MESSAGE][PASSED] - Attribute 'class' of object '' is: ' '

2022-01-15 19:35:05 - [MESSAGE][PASSED] - Attribute 'class' of object '' is: ' '

2022-01-15 19:35:05 - [MESSAGE][PASSED] - Attribute 'class' of object '' is: ' '

2022-01-15 19:35:05 - [MESSAGE][PASSED] - Attribute 'class' of object '' is: ' '

2022-01-15 19:35:05 - [MESSAGE][PASSED] - Attribute 'class' of object '' is: ' '

2022-01-15 19:35:05 - [MESSAGE][PASSED] - Attribute 'class' of object '' is: ' '

2022-01-15 19:35:05 - [MESSAGE][PASSED] - Attribute 'class' of object '' is: ' '

2022-01-15 19:35:05 - [MESSAGE][PASSED] - Attribute 'class' of object '' is: ' '

2022-01-15 19:35:05 - [MESSAGE][PASSED] - Attribute 'class' of object '' is: ' '

2022-01-15 19:35:05 - [MESSAGE][PASSED] - Attribute 'class' of object '' is: ' '

2022-01-15 19:35:05 - [MESSAGE][PASSED] - Attribute 'class' of object '' is: ' '

2022-01-15 19:35:05 - [MESSAGE][PASSED] - Attribute 'class' of object '' is: ' '

2022-01-15 19:35:05 - [MESSAGE][PASSED] - Attribute 'class' of object '' is: ' '

2022-01-15 19:35:05 - [MESSAGE][PASSED] - Attribute 'class' of object '' is: ' '

2022-01-15 19:35:05 - [MESSAGE][PASSED] - Attribute 'class' of object '' is: ' '

2022-01-15 19:35:05 - [MESSAGE][PASSED] - Attribute 'class' of object '' is: ' '

2022-01-15 19:35:05 - [MESSAGE][PASSED] - Attribute 'class' of object '' is: ' '

2022-01-15 19:35:06 - [MESSAGE][PASSED] - Attribute 'class' of object '' is: ' '

2022-01-15 19:35:06 - [MESSAGE][PASSED] - Attribute 'class' of object '' is: ' '

2022-01-15 19:35:06 - [MESSAGE][PASSED] - Attribute 'class' of object '' is: ' '

2022-01-15 19:35:06 - [MESSAGE][PASSED] - Attribute 'class' of object '' is: ' '

2022-01-15 19:35:06 - [MESSAGE][PASSED] - Attribute 'class' of object '' is: ' '

2022-01-15 19:35:06 - [MESSAGE][PASSED] - Attribute 'class' of object '' is: ' '

2022-01-15 19:35:06 - [MESSAGE][PASSED] - Attribute 'class' of object '' is: ' '

2022-01-15 19:35:06 - [MESSAGE][PASSED] - Attribute 'class' of object '' is: ' '

2022-01-15 19:35:06 - [MESSAGE][PASSED] - Attribute 'class' of object '' is: ' '

2022-01-15 19:35:06 - [MESSAGE][PASSED] - Attribute 'class' of object '' is: ' '

2022-01-15 19:35:06 - [MESSAGE][PASSED] - Attribute 'class' of object '' is: ' '

2022-01-15 19:35:06 - [MESSAGE][PASSED] - Attribute 'class' of object '' is: ' '

2022-01-15 19:35:06 - [MESSAGE][PASSED] - Attribute 'class' of object '' is: ' '

2022-01-15 19:35:06 - [MESSAGE][PASSED] - Attribute 'class' of object '' is: ' '

2022-01-15 19:35:06 - [MESSAGE][PASSED] - Attribute 'class' of object '' is: ' '

2022-01-15 19:35:06 - [MESSAGE][PASSED] - Attribute 'class' of object '' is: ' '

2022-01-15 19:35:06 - [MESSAGE][PASSED] - Attribute 'class' of object '' is: ' '

2022-01-15 19:35:06 - [MESSAGE][PASSED] - Attribute 'class' of object '' is: ' '

2022-01-15 19:35:06 - [MESSAGE][PASSED] - Attribute 'class' of object '' is: ' '

2022-01-15 19:35:06 - [MESSAGE][PASSED] - Attribute 'class' of object '' is: ' '

2022-01-15 19:35:06 - [MESSAGE][PASSED] - Attribute 'class' of object '' is: ' '

2022-01-15 19:35:06 - [MESSAGE][PASSED] - Attribute 'class' of object '' is: ' '

2022-01-15 19:35:06 - [MESSAGE][PASSED] - Attribute 'class' of object '' is: ' '

2022-01-15 19:35:07 - [MESSAGE][PASSED] - Attribute 'class' of object '' is: ' '

2022-01-15 19:35:07 - [MESSAGE][PASSED] - Attribute 'class' of object '' is: ' '

2022-01-15 19:35:07 - [MESSAGE][PASSED] - Attribute 'class' of object '' is: ' '

2022-01-15 19:35:07 - [MESSAGE][PASSED] - Attribute 'class' of object '' is: ' '

2022-01-15 19:35:07 - [MESSAGE][PASSED] - Attribute 'class' of object '' is: ' '

2022-01-15 19:35:07 - [MESSAGE][PASSED] - Attribute 'class' of object '' is: ' '

2022-01-15 19:35:07 - [MESSAGE][PASSED] - Attribute 'class' of object '' is: ' '

2022-01-15 19:35:07 - [MESSAGE][PASSED] - Attribute 'class' of object '' is: ' '

2022-01-15 19:35:07 - [MESSAGE][PASSED] - Attribute 'class' of object '' is: ' '

2022-01-15 19:35:07 - [MESSAGE][PASSED] - Attribute 'class' of object '' is: ' '

2022-01-15 19:35:07 - [MESSAGE][PASSED] - Attribute 'class' of object '' is: ' '

2022-01-15 19:35:07 - [MESSAGE][PASSED] - Attribute 'class' of object '' is: ' '

2022-01-15 19:35:07 - [MESSAGE][PASSED] - Attribute 'class' of object '' is: ' '

2022-01-15 19:35:07 - [MESSAGE][PASSED] - Attribute 'class' of object '' is: ' '

2022-01-15 19:35:07 - [MESSAGE][PASSED] - Attribute 'class' of object '' is: ' '

2022-01-15 19:35:07 - [MESSAGE][PASSED] - Attribute 'class' of object '' is: ' '

2022-01-15 19:35:07 - [MESSAGE][PASSED] - Attribute 'class' of object '' is: ' '

2022-01-15 19:35:07 - [MESSAGE][PASSED] - Attribute 'class' of object '' is: ' '

2022-01-15 19:35:07 - [MESSAGE][PASSED] - Attribute 'class' of object '' is: ' '

2022-01-15 19:35:07 - [MESSAGE][PASSED] - Attribute 'class' of object '' is: ' '

2022-01-15 19:35:07 - [MESSAGE][PASSED] - Attribute 'class' of object '' is: ' '

2022-01-15 19:35:07 - [MESSAGE][PASSED] - Attribute 'class' of object '' is: ' '

2022-01-15 19:35:08 - [MESSAGE][PASSED] - Attribute 'class' of object '' is: ' '

2022-01-15 19:35:08 - [MESSAGE][PASSED] - Attribute 'class' of object '' is: ' '

2022-01-15 19:35:08 - [MESSAGE][PASSED] - Attribute 'class' of object '' is: ' '

2022-01-15 19:35:08 - [TEST_STEP][PASSED] - SearchResultHelper.checkSearchPagePagination(): Get CSS 'color' value on 'Object Repository/Search Result/span_pagenationLeftArrow' successfully: 'rgba(220, 221, 222, 1)'.

2022-01-15 19:35:08 - [MESSAGE][PASSED] - Object 'Object Repository/Search Result/div.pagenationSection' is present

2022-01-15 19:35:09 - [MESSAGE][PASSED] - Get CSS 'background-color' value on 'Object Repository/Search Result/span_currentPagenation' successfully: 'rgba(82, 36, 127, 1)'.

2022-01-15 19:35:09 - [MESSAGE][PASSED] - Get CSS 'color' value on 'Object Repository/Search Result/span_currentPagenation' successfully: 'rgba(255, 255, 255, 1)'.

2022-01-15 19:35:09 - [MESSAGE][PASSED] - Attribute 'class' of object 'Object Repository/Search Result/span_pagenationLeftArrow' is: 'pagination-item pagination-navigation-item disabled'

2022-01-15 19:35:10 - [MESSAGE][PASSED] - Get CSS 'color' value on 'Object Repository/Search Result/span_pagenationLeftArrow' successfully: 'rgba(220, 221, 222, 1)'.

2022-01-15 19:35:10 - [TEST_STEP][PASSED] - SearchResultHelper.selectProductFilters(): Text of object 'Object Repository/Search Result/h2_productListHeading' is: 'RESULTS FOR "PLASTIC" (1)'

2022-01-15 19:35:10 - [MESSAGE][PASSED] - Object: 'Object Repository/Filter/a_packagingProduct' is clicked on

2022-01-15 19:35:11 - [MESSAGE][PASSED] - Web element with id: 'Object Repository/General/div_pagleLoader' located by 'By.cssSelector: div.page-overlay' is not present after '3' second(s)

2022-01-15 19:35:12 - [MESSAGE][PASSED] - Text of object 'Object Repository/Filter/li_packagingProduct' is: 'Packaging Products (58)'

2022-01-15 19:35:12 - [MESSAGE][PASSED] - Text of object 'Object Repository/Search Result/h2_productListHeading' is: 'RESULTS FOR "PLASTIC" (58)'

2022-01-15 19:35:13 - [MESSAGE][PASSED] - Attribute 'class' of object 'Object Repository/Filter/li_packagingProduct' is: 'selected '

2022-01-15 19:35:14 - [MESSAGE][PASSED] - Object: 'Object Repository/Filter/a_plasticBags' is clicked on

2022-01-15 19:35:15 - [MESSAGE][PASSED] - Web element with id: 'Object Repository/General/div_pagleLoader' located by 'By.cssSelector: div.page-overlay' is not present after '3' second(s)

2022-01-15 19:35:15 - [MESSAGE][PASSED] - Attribute 'class' of object 'Object Repository/Filter/li_plasticBags' is: 'selected '

2022-01-15 19:35:16 - [MESSAGE][PASSED] - Object: '' is clicked on

2022-01-15 19:35:17 - [MESSAGE][PASSED] - Attribute 'class' of object '' is: 'block-title'

2022-01-15 19:35:17 - [MESSAGE][PASSED] - Attribute 'class' of object '' is: 'block-content collapsed collapse in'

2022-01-15 19:35:18 - [MESSAGE][PASSED] - Object: 'Object Repository/Filter/a_greenColor' is clicked on

2022-01-15 19:35:19 - [MESSAGE][PASSED] - Web element with id: 'Object Repository/General/div_pagleLoader' located by 'By.cssSelector: div.page-overlay' is not present after '3' second(s)

2022-01-15 19:35:19 - [MESSAGE][PASSED] - Attribute 'class' of object 'Object Repository/Filter/li_greenColor' is: 'selected '

2022-01-15 19:35:20 - [MESSAGE][PASSED] - Text of object 'Object Repository/Filter/li_greenColor' is: 'Green (1)'

2022-01-15 19:35:20 - [MESSAGE][PASSED] - Text of object 'Object Repository/Search Result/h2_productListHeading' is: 'RESULTS FOR "PLASTIC" (1)'

2022-01-15 19:35:20 - [TEST_STEP][PASSED] - SearchResultPageActions.NavigateToProductDetailsPage(): Object: 'Object Repository/Product details/a_productItem' is clicked on

2022-01-15 19:35:21 - [MESSAGE][PASSED] - Attribute 'href' of object 'Object Repository/Search Result/a_productItemLink' is: 'https://www.cleanersupply.com/Bags/Plastic-Bags/Comforter/comforterblanket-bags-12pack/'

2022-01-15 19:35:22 - [MESSAGE][PASSED] - Text of object 'Object Repository/Search Result/h2_productName' is: 'COMFORTER/BLANKET BAGS - 12/PACK'

2022-01-15 19:35:22 - [MESSAGE][PASSED] - Text of object 'Object Repository/Search Result/div_priceRange' is: '$6.50 - $14.88
List $9.72 - $18.96'

2022-01-15 19:35:22 - [MESSAGE][PASSED] - Text of object 'Object Repository/Search Result/span_availability' is: 'Available in 5 colors'

2022-01-15 19:35:29 - [MESSAGE][PASSED] - Object: 'Object Repository/Product details/a_productItem' is clicked on

2022-01-15 19:35:29 - [TEST_STEP][PASSED] - ProductDetailsHelpers.initProductDetailsPage(): Object 'Object Repository/Product details/button_addToCart' is NOT visible

2022-01-15 19:35:29 - [MESSAGE][PASSED] - Current window's url is: 'https://www.cleanersupply.com/Bags/Plastic-Bags/Comforter/comforterblanket-bags-12pack/?sku=COMF3BK'

2022-01-15 19:35:31 - [MESSAGE][PASSED] - Text of object 'Object Repository/Product details/ul_breadcrumb' is: 'Bags Plastic Bags Comforter'

2022-01-15 19:35:31 - [MESSAGE][PASSED] - Attribute 'class' of object '' is: 'xlarge option-box selected'

2022-01-15 19:35:31 - [MESSAGE][PASSED] - Get CSS 'background-color' value on '' successfully: 'rgba(65, 64, 66, 1)'.

2022-01-15 19:35:32 - [MESSAGE][PASSED] - Get CSS 'color' value on '' successfully: 'rgba(255, 255, 255, 1)'.

2022-01-15 19:35:32 - [MESSAGE][PASSED] - Text of object 'Object Repository/Product details/div_stockNotifcations' is: 'Currently Unavailable.'

2022-01-15 19:35:32 - [MESSAGE][PASSED] - Get CSS 'color' value on 'Object Repository/Product details/div_stockNotifcations' successfully: 'rgba(237, 28, 36, 1)'.

2022-01-15 19:35:33 - [MESSAGE][PASSED] - Text of object 'Object Repository/Product details/span_skuNumber' is: 'COMF3BK'

2022-01-15 19:35:33 - [MESSAGE][PASSED] - Object 'Object Repository/Product details/h1_productName' is present

2022-01-15 19:35:33 - [MESSAGE][PASSED] - Text of object 'Object Repository/Product details/h1_productName' is: 'X-SMALL BLANKET BAG W/NON-WOVEN SIDES - 15" X 18" X 3" - 12/PACK - BLACK'

2022-01-15 19:35:34 - [MESSAGE][PASSED] - Text of object 'Object Repository/Product details/span_productPrice' is: '$8.64'

2022-01-15 19:35:35 - [MESSAGE][PASSED] - Object 'Object Repository/Product details/a_blackColor' is present

2022-01-15 19:35:35 - [MESSAGE][PASSED] - Attribute 'class' of object 'Object Repository/Product details/a_blackColor' is: 'option-box selected'

2022-01-15 19:35:35 - [MESSAGE][PASSED] - Text of object 'Object Repository/Product details/span_selectedColor' is: 'BLACK'

2022-01-15 19:35:36 - [MESSAGE][PASSED] - Object 'Object Repository/Product details/i_favorite' is NOT visible

2022-01-15 19:35:36 - [MESSAGE][PASSED] - Object 'Object Repository/Product details/button_addToCart' is NOT visible

2022-01-15 19:35:36 - [TEST_STEP][PASSED] - ProductDetailsHelpers.hoverEffectAndClickXLargeSizeLink(): Get CSS 'background-color' value on 'Object Repository/Product details/button_addToCart' successfully: 'rgba(82, 36, 127, 1)'.

2022-01-15 19:35:37 - [MESSAGE][PASSED] - Object: 'Object Repository/Product details/a_xLargeLink' is hovered

2022-01-15 19:35:37 - [MESSAGE][PASSED] - Get CSS 'background-color' value on 'Object Repository/Product details/a_xLargeLink' successfully: 'rgba(119, 120, 123, 1)'.

2022-01-15 19:35:37 - [MESSAGE][PASSED] - Get CSS 'color' value on 'Object Repository/Product details/a_xLargeLink' successfully: 'rgba(255, 255, 255, 1)'.

2022-01-15 19:35:38 - [MESSAGE][PASSED] - Object: 'Object Repository/Product details/a_xLargeLink' is clicked on

2022-01-15 19:35:39 - [MESSAGE][PASSED] - Object 'Object Repository/Product details/h1_productName' is present

2022-01-15 19:35:39 - [MESSAGE][PASSED] - Text of object 'Object Repository/Product details/h1_productName' is: 'X-LARGE COMFORTER BAG W/NON-WOVEN SIDES - 26" X 29" X 10" - 12/PACK - BLACK'

2022-01-15 19:35:40 - [MESSAGE][PASSED] - Attribute 'class' of object '' is: 'xlarge option-box selected'

2022-01-15 19:35:40 - [MESSAGE][PASSED] - Get CSS 'background-color' value on '' successfully: 'rgba(65, 64, 66, 1)'.

2022-01-15 19:35:40 - [MESSAGE][PASSED] - Get CSS 'color' value on '' successfully: 'rgba(255, 255, 255, 1)'.

2022-01-15 19:35:41 - [MESSAGE][PASSED] - Text of object 'Object Repository/Product details/div_stockNotifcations' is: 'In Stock!'

2022-01-15 19:35:41 - [MESSAGE][PASSED] - Get CSS 'color' value on 'Object Repository/Product details/div_stockNotifcations' successfully: 'rgba(0, 137, 63, 1)'.

2022-01-15 19:35:41 - [MESSAGE][PASSED] - Text of object 'Object Repository/Product details/span_skuNumber' is: 'COMF26BK'

2022-01-15 19:35:41 - [MESSAGE][PASSED] - Current window's url is: 'https://www.cleanersupply.com/Bags/Plastic-Bags/Comforter/comforterblanket-bags-12pack/?sku=COMF26BK'

2022-01-15 19:35:42 - [MESSAGE][PASSED] - Text of object 'Object Repository/Product details/span_productSpecSize' is: '26" L x 29" H x 10" W'

2022-01-15 19:35:42 - [MESSAGE][PASSED] - Keys 'BACK_SPACE + 5' sent to object: 'Object Repository/Product details/input_productQuantity'

2022-01-15 19:35:43 - [MESSAGE][PASSED] - Attribute 'value' of object 'Object Repository/Product details/input_productQuantity' is: '5'

2022-01-15 19:35:43 - [MESSAGE][PASSED] - Text of object 'Object Repository/Product details/span_productPrice' is: '$14.88'

2022-01-15 19:35:46 - [MESSAGE][PASSED] - Object 'Object Repository/Product details/i_favorite' is visible

2022-01-15 19:35:47 - [MESSAGE][PASSED] - Object 'Object Repository/Product details/button_addToCart' is visible

2022-01-15 19:35:47 - [MESSAGE][PASSED] - Get CSS 'background-color' value on 'Object Repository/Product details/button_addToCart' successfully: 'rgba(82, 36, 127, 1)'.

2022-01-15 19:35:47 - [TEST_STEP][PASSED] - ProductDetailsHelpers.selectGreenColor(): Current window's url is: 'https://www.cleanersupply.com/Bags/Plastic-Bags/Comforter/comforterblanket-bags-12pack/?sku=COMF26GN'

2022-01-15 19:35:48 - [MESSAGE][PASSED] - Object: 'Object Repository/Product details/a_greenColor' is clicked on

2022-01-15 19:35:49 - [MESSAGE][PASSED] - Object 'Object Repository/Product details/a_greenColor' is present

2022-01-15 19:35:50 - [MESSAGE][PASSED] - Attribute 'class' of object 'Object Repository/Product details/a_greenColor' is: 'option-box selected'

2022-01-15 19:35:50 - [MESSAGE][PASSED] - Text of object 'Object Repository/Product details/span_selectedColor' is: 'GREEN'

2022-01-15 19:35:50 - [MESSAGE][PASSED] - Object 'Object Repository/Product details/h1_productName' is present

2022-01-15 19:35:51 - [MESSAGE][PASSED] - Text of object 'Object Repository/Product details/h1_productName' is: 'X-LARGE COMFORTER BAG W/NON-WOVEN SIDES - 26" X 29" X 10" - 12/PACK - GREEN'

2022-01-15 19:35:51 - [MESSAGE][PASSED] - Text of object 'Object Repository/Product details/span_skuNumber' is: 'COMF26GN'

2022-01-15 19:35:51 - [MESSAGE][PASSED] - Current window's url is: 'https://www.cleanersupply.com/Bags/Plastic-Bags/Comforter/comforterblanket-bags-12pack/?sku=COMF26GN'

2022-01-15 19:35:51 - [TEST_STEP][PASSED] - ProductDetailsHelpers.addProductToCart(): Object: 'Object Repository/Product details/button_addToCart' is clicked on

2022-01-15 19:35:52 - [MESSAGE][PASSED] - Object: 'Object Repository/Product details/div_addToCartContainer' is hovered

2022-01-15 19:35:52 - [MESSAGE][PASSED] - Get CSS 'box-shadow' value on 'Object Repository/Product details/div_addToCartContainer' successfully: 'rgba(0, 0, 0, 0.3) 0px 0px 10px 2px'.

2022-01-15 19:35:53 - [MESSAGE][PASSED] - Text of object 'Object Repository/Product details/h1_productName' is: 'X-LARGE COMFORTER BAG W/NON-WOVEN SIDES - 26" X 29" X 10" - 12/PACK - GREEN'

2022-01-15 19:35:53 - [MESSAGE][PASSED] - Attribute 'value' of object 'Object Repository/Product details/input_productQuantity' is: '5'

2022-01-15 19:35:54 - [MESSAGE][PASSED] - Text of object 'Object Repository/Product details/span_skuNumber' is: 'COMF26GN'

2022-01-15 19:35:54 - [MESSAGE][PASSED] - Text of object 'Object Repository/Product details/span_productPrice' is: '$14.52'

2022-01-15 19:35:55 - [MESSAGE][PASSED] - Object: 'Object Repository/Product details/button_addToCart' is clicked on

2022-01-15 19:35:55 - [TEST_STEP][PASSED] - MiniCartHelpers.hoverOnMiniCartHeader(): Text of object 'Object Repository/Mini Cart/span_cartCounterPadge' is: '1'

2022-01-15 19:35:56 - [MESSAGE][PASSED] - Object: 'Object Repository/Mini Cart/a_miniCartLink' is hovered

2022-01-15 19:35:56 - [MESSAGE][PASSED] - Get CSS 'background-color' value on 'Object Repository/Mini Cart/a_miniCartLink' successfully: 'rgba(255, 255, 255, 1)'.

2022-01-15 19:35:57 - [MESSAGE][PASSED] - Get CSS 'color' value on 'Object Repository/Mini Cart/a_miniCartLink' successfully: 'rgba(82, 36, 127, 1)'.

2022-01-15 19:35:59 - [MESSAGE][PASSED] - Text of object 'Object Repository/Mini Cart/span_miniCartSubTotal' is: '$72.60'

2022-01-15 19:36:00 - [MESSAGE][PASSED] - Text of object 'Object Repository/Mini Cart/span_cartCounterPadge' is: '1'

2022-01-15 19:36:02 - [TEST_STEP][FAILED] - ProductDetailsHelpers.hoverEffectAndClickLargeSizeLink(): Unable to click on object 'Object Repository/Product details/a_largeLink' (Root cause: com.kms.katalon.core.exception.StepFailedException: Unable to click on object 'Object Repository/Product details/a_largeLink'
	at com.kms.katalon.core.webui.keyword.internal.WebUIKeywordMain.stepFailed(WebUIKeywordMain.groovy:64)
	at com.kms.katalon.core.webui.keyword.internal.WebUIKeywordMain.runKeyword(WebUIKeywordMain.groovy:26)
	at com.kms.katalon.core.webui.keyword.builtin.ClickKeyword.click(ClickKeyword.groovy:74)
	at com.kms.katalon.core.webui.keyword.builtin.ClickKeyword.execute(ClickKeyword.groovy:40)
	at com.kms.katalon.core.keyword.internal.KeywordExecutor.executeKeywordForPlatform(KeywordExecutor.groovy:74)
	at com.kms.katalon.core.webui.keyword.WebUiBuiltInKeywords.click(WebUiBuiltInKeywords.groovy:620)
	at com.kms.katalon.core.webui.keyword.WebUiBuiltInKeywords$click$10.call(Unknown Source)
	at actions.ProductDetailsActions.largeSizeLinkClickAction(ProductDetailsActions.groovy:65)
	at actions.ProductDetailsActions$largeSizeLinkClickAction$7.call(Unknown Source)
	at helpers.ProductDetailsHelpers.hoverEffectAndClickLargeSizeLink(ProductDetailsHelpers.groovy:88)
	at helpers.ProductDetailsHelpers$hoverEffectAndClickLargeSizeLink$3.call(Unknown Source)
	at Product Details.run(Product Details:51)
	at com.kms.katalon.core.main.ScriptEngine.run(ScriptEngine.java:194)
	at com.kms.katalon.core.main.ScriptEngine.runScriptAsRawText(ScriptEngine.java:119)
	at com.kms.katalon.core.main.TestCaseExecutor.runScript(TestCaseExecutor.java:442)
	at com.kms.katalon.core.main.TestCaseExecutor.doExecute(TestCaseExecutor.java:433)
	at com.kms.katalon.core.main.TestCaseExecutor.processExecutionPhase(TestCaseExecutor.java:412)
	at com.kms.katalon.core.main.TestCaseExecutor.accessMainPhase(TestCaseExecutor.java:404)
	at com.kms.katalon.core.main.TestCaseExecutor.execute(TestCaseExecutor.java:281)
	at com.kms.katalon.core.main.TestSuiteExecutor.accessTestCaseMainPhase(TestSuiteExecutor.java:202)
	at com.kms.katalon.core.main.TestSuiteExecutor.accessTestSuiteMainPhase(TestSuiteExecutor.java:164)
	at com.kms.katalon.core.main.TestSuiteExecutor.execute(TestSuiteExecutor.java:105)
	at com.kms.katalon.core.main.TestCaseMain.startTestSuite(TestCaseMain.java:181)
	at com.kms.katalon.core.main.TestCaseMain$startTestSuite$0.call(Unknown Source)
	at TempTestSuite1642268026798.run(TempTestSuite1642268026798.groovy:36)
Caused by: org.openqa.selenium.ElementClickInterceptedException: element click intercepted: Element <a href="#" title="Large - 24&quot; x 27&quot; x 8&quot;" class="xlarge option-box">...</a> is not clickable at point (1013, 92). Other element would receive the click: <div class="dropdown-menu cart-dropdown hidden-md">...</div>
  (Session info: chrome=97.0.4692.71)
Build info: version: '3.141.59', revision: 'e82be7d358', time: '2018-11-14T08:25:53'
System info: host: 'DESKTOP-KJ1I4K3', ip: '172.22.80.1', os.name: 'Windows 10', os.arch: 'amd64', os.version: '10.0', java.version: '1.8.0_282'
Driver info: com.kms.katalon.selenium.driver.CChromeDriver
Capabilities {acceptInsecureCerts: false, browserName: chrome, browserVersion: 97.0.4692.71, chrome: {chromedriverVersion: 97.0.4692.71 (adefa7837d02a..., userDataDir: C:\Users\Hp\AppData\Local\T...}, goog:chromeOptions: {debuggerAddress: localhost:59184}, javascriptEnabled: true, networkConnectionEnabled: false, pageLoadStrategy: normal, platform: WINDOWS, platformName: WINDOWS, proxy: Proxy(), setWindowRect: true, strictFileInteractability: false, timeouts: {implicit: 0, pageLoad: 300000, script: 30000}, unhandledPromptBehavior: dismiss and notify, webauthn:extension:credBlob: true, webauthn:extension:largeBlob: true, webauthn:virtualAuthenticators: true}
Session ID: 2cc79fa14e674c4ca11ca59123964d3f
	at org.openqa.selenium.remote.http.W3CHttpResponseCodec.createException(W3CHttpResponseCodec.java:187)
	at org.openqa.selenium.remote.http.W3CHttpResponseCodec.decode(W3CHttpResponseCodec.java:122)
	at org.openqa.selenium.remote.http.W3CHttpResponseCodec.decode(W3CHttpResponseCodec.java:49)
	at org.openqa.selenium.remote.HttpCommandExecutor.execute(HttpCommandExecutor.java:158)
	at org.openqa.selenium.remote.service.DriverCommandExecutor.execute(DriverCommandExecutor.java:83)
	at org.openqa.selenium.remote.RemoteWebDriver.execute(RemoteWebDriver.java:552)
	at com.kms.katalon.selenium.driver.CChromeDriver.execute(CChromeDriver.java:19)
	at org.openqa.selenium.remote.RemoteWebElement.execute(RemoteWebElement.java:285)
	at org.openqa.selenium.remote.RemoteWebElement.click(RemoteWebElement.java:84)
	at org.openqa.selenium.support.events.EventFiringWebDriver$EventFiringWebElement.lambda$new$0(EventFiringWebDriver.java:404)
	at com.sun.proxy.$Proxy11.click(Unknown Source)
	at org.openqa.selenium.support.events.EventFiringWebDriver$EventFiringWebElement.click(EventFiringWebDriver.java:417)
	at org.openqa.selenium.WebElement$click.call(Unknown Source)
	at com.kms.katalon.core.webui.keyword.builtin.ClickKeyword.clickUntilSuccessWithTimeout(ClickKeyword.groovy:81)
	at com.kms.katalon.core.webui.keyword.builtin.ClickKeyword.clickUntilSuccessWithTimeout(ClickKeyword.groovy)
	at com.kms.katalon.core.webui.keyword.builtin.ClickKeyword$_click_closure1.doCall(ClickKeyword.groovy:67)
	at com.kms.katalon.core.webui.keyword.builtin.ClickKeyword$_click_closure1.call(ClickKeyword.groovy)
	at com.kms.katalon.core.webui.keyword.internal.WebUIKeywordMain.runKeyword(WebUIKeywordMain.groovy:20)
	at com.kms.katalon.core.webui.keyword.builtin.ClickKeyword.click(ClickKeyword.groovy:74)
	at com.kms.katalon.core.webui.keyword.builtin.ClickKeyword.execute(ClickKeyword.groovy:40)
	at com.kms.katalon.core.keyword.internal.KeywordExecutor.executeKeywordForPlatform(KeywordExecutor.groovy:74)
	at com.kms.katalon.core.webui.keyword.WebUiBuiltInKeywords.click(WebUiBuiltInKeywords.groovy:620)
	at com.kms.katalon.core.webui.keyword.WebUiBuiltInKeywords$click$10.call(Unknown Source)
	at actions.ProductDetailsActions.largeSizeLinkClickAction(ProductDetailsActions.groovy:65)
	at actions.ProductDetailsActions$largeSizeLinkClickAction$7.call(Unknown Source)
	at helpers.ProductDetailsHelpers.hoverEffectAndClickLargeSizeLink(ProductDetailsHelpers.groovy:88)
	at helpers.ProductDetailsHelpers$hoverEffectAndClickLargeSizeLink$3.call(Unknown Source)
	at Script1641903262768.run(Script1641903262768.groovy:51)
	... 13 more
)

2022-01-15 19:36:02 - [MESSAGE][PASSED] - Object: 'Object Repository/Product details/a_largeLink' is hovered

2022-01-15 19:36:36 - [MESSAGE][FAILED] - Unable to click on object 'Object Repository/Product details/a_largeLink' (Root cause: com.kms.katalon.core.exception.StepFailedException: Unable to click on object 'Object Repository/Product details/a_largeLink'
	at com.kms.katalon.core.webui.keyword.internal.WebUIKeywordMain.stepFailed(WebUIKeywordMain.groovy:64)
	at com.kms.katalon.core.webui.keyword.internal.WebUIKeywordMain.runKeyword(WebUIKeywordMain.groovy:26)
	at com.kms.katalon.core.webui.keyword.builtin.ClickKeyword.click(ClickKeyword.groovy:74)
	at com.kms.katalon.core.webui.keyword.builtin.ClickKeyword.execute(ClickKeyword.groovy:40)
	at com.kms.katalon.core.keyword.internal.KeywordExecutor.executeKeywordForPlatform(KeywordExecutor.groovy:74)
	at com.kms.katalon.core.webui.keyword.WebUiBuiltInKeywords.click(WebUiBuiltInKeywords.groovy:620)
	at com.kms.katalon.core.webui.keyword.WebUiBuiltInKeywords$click$10.call(Unknown Source)
	at actions.ProductDetailsActions.largeSizeLinkClickAction(ProductDetailsActions.groovy:65)
	at actions.ProductDetailsActions$largeSizeLinkClickAction$7.call(Unknown Source)
	at helpers.ProductDetailsHelpers.hoverEffectAndClickLargeSizeLink(ProductDetailsHelpers.groovy:88)
	at helpers.ProductDetailsHelpers$hoverEffectAndClickLargeSizeLink$3.call(Unknown Source)
	at Product Details.run(Product Details:51)
	at com.kms.katalon.core.main.ScriptEngine.run(ScriptEngine.java:194)
	at com.kms.katalon.core.main.ScriptEngine.runScriptAsRawText(ScriptEngine.java:119)
	at com.kms.katalon.core.main.TestCaseExecutor.runScript(TestCaseExecutor.java:442)
	at com.kms.katalon.core.main.TestCaseExecutor.doExecute(TestCaseExecutor.java:433)
	at com.kms.katalon.core.main.TestCaseExecutor.processExecutionPhase(TestCaseExecutor.java:412)
	at com.kms.katalon.core.main.TestCaseExecutor.accessMainPhase(TestCaseExecutor.java:404)
	at com.kms.katalon.core.main.TestCaseExecutor.execute(TestCaseExecutor.java:281)
	at com.kms.katalon.core.main.TestSuiteExecutor.accessTestCaseMainPhase(TestSuiteExecutor.java:202)
	at com.kms.katalon.core.main.TestSuiteExecutor.accessTestSuiteMainPhase(TestSuiteExecutor.java:164)
	at com.kms.katalon.core.main.TestSuiteExecutor.execute(TestSuiteExecutor.java:105)
	at com.kms.katalon.core.main.TestCaseMain.startTestSuite(TestCaseMain.java:181)
	at com.kms.katalon.core.main.TestCaseMain$startTestSuite$0.call(Unknown Source)
	at TempTestSuite1642268026798.run(TempTestSuite1642268026798.groovy:36)
Caused by: org.openqa.selenium.ElementClickInterceptedException: element click intercepted: Element <a href="#" title="Large - 24&quot; x 27&quot; x 8&quot;" class="xlarge option-box">...</a> is not clickable at point (1013, 92). Other element would receive the click: <div class="dropdown-menu cart-dropdown hidden-md">...</div>
  (Session info: chrome=97.0.4692.71)
Build info: version: '3.141.59', revision: 'e82be7d358', time: '2018-11-14T08:25:53'
System info: host: 'DESKTOP-KJ1I4K3', ip: '172.22.80.1', os.name: 'Windows 10', os.arch: 'amd64', os.version: '10.0', java.version: '1.8.0_282'
Driver info: com.kms.katalon.selenium.driver.CChromeDriver
Capabilities {acceptInsecureCerts: false, browserName: chrome, browserVersion: 97.0.4692.71, chrome: {chromedriverVersion: 97.0.4692.71 (adefa7837d02a..., userDataDir: C:\Users\Hp\AppData\Local\T...}, goog:chromeOptions: {debuggerAddress: localhost:59184}, javascriptEnabled: true, networkConnectionEnabled: false, pageLoadStrategy: normal, platform: WINDOWS, platformName: WINDOWS, proxy: Proxy(), setWindowRect: true, strictFileInteractability: false, timeouts: {implicit: 0, pageLoad: 300000, script: 30000}, unhandledPromptBehavior: dismiss and notify, webauthn:extension:credBlob: true, webauthn:extension:largeBlob: true, webauthn:virtualAuthenticators: true}
Session ID: 2cc79fa14e674c4ca11ca59123964d3f
	at org.openqa.selenium.remote.http.W3CHttpResponseCodec.createException(W3CHttpResponseCodec.java:187)
	at org.openqa.selenium.remote.http.W3CHttpResponseCodec.decode(W3CHttpResponseCodec.java:122)
	at org.openqa.selenium.remote.http.W3CHttpResponseCodec.decode(W3CHttpResponseCodec.java:49)
	at org.openqa.selenium.remote.HttpCommandExecutor.execute(HttpCommandExecutor.java:158)
	at org.openqa.selenium.remote.service.DriverCommandExecutor.execute(DriverCommandExecutor.java:83)
	at org.openqa.selenium.remote.RemoteWebDriver.execute(RemoteWebDriver.java:552)
	at com.kms.katalon.selenium.driver.CChromeDriver.execute(CChromeDriver.java:19)
	at org.openqa.selenium.remote.RemoteWebElement.execute(RemoteWebElement.java:285)
	at org.openqa.selenium.remote.RemoteWebElement.click(RemoteWebElement.java:84)
	at org.openqa.selenium.support.events.EventFiringWebDriver$EventFiringWebElement.lambda$new$0(EventFiringWebDriver.java:404)
	at com.sun.proxy.$Proxy11.click(Unknown Source)
	at org.openqa.selenium.support.events.EventFiringWebDriver$EventFiringWebElement.click(EventFiringWebDriver.java:417)
	at org.openqa.selenium.WebElement$click.call(Unknown Source)
	at com.kms.katalon.core.webui.keyword.builtin.ClickKeyword.clickUntilSuccessWithTimeout(ClickKeyword.groovy:81)
	at com.kms.katalon.core.webui.keyword.builtin.ClickKeyword.clickUntilSuccessWithTimeout(ClickKeyword.groovy)
	at com.kms.katalon.core.webui.keyword.builtin.ClickKeyword$_click_closure1.doCall(ClickKeyword.groovy:67)
	at com.kms.katalon.core.webui.keyword.builtin.ClickKeyword$_click_closure1.call(ClickKeyword.groovy)
	at com.kms.katalon.core.webui.keyword.internal.WebUIKeywordMain.runKeyword(WebUIKeywordMain.groovy:20)
	at com.kms.katalon.core.webui.keyword.builtin.ClickKeyword.click(ClickKeyword.groovy:74)
	at com.kms.katalon.core.webui.keyword.builtin.ClickKeyword.execute(ClickKeyword.groovy:40)
	at com.kms.katalon.core.keyword.internal.KeywordExecutor.executeKeywordForPlatform(KeywordExecutor.groovy:74)
	at com.kms.katalon.core.webui.keyword.WebUiBuiltInKeywords.click(WebUiBuiltInKeywords.groovy:620)
	at com.kms.katalon.core.webui.keyword.WebUiBuiltInKeywords$click$10.call(Unknown Source)
	at actions.ProductDetailsActions.largeSizeLinkClickAction(ProductDetailsActions.groovy:65)
	at actions.ProductDetailsActions$largeSizeLinkClickAction$7.call(Unknown Source)
	at helpers.ProductDetailsHelpers.hoverEffectAndClickLargeSizeLink(ProductDetailsHelpers.groovy:88)
	at helpers.ProductDetailsHelpers$hoverEffectAndClickLargeSizeLink$3.call(Unknown Source)
	at Script1641903262768.run(Script1641903262768.groovy:51)
	... 13 more
)
[[ATTACHMENT|F:\\cleanersupply\\Reports\\20220115_193346\\Checkout\\20220115_193346\\1642268196381.png]]]]></system-out>
         <system-err><![CDATA[2022-01-15 19:33:58 - [TEST_CASE][FAILED] - Test Cases/Checkout Scenario/Product Details: Test Cases/Checkout Scenario/Product Details FAILED.
Reason:
com.kms.katalon.core.exception.StepFailedException: Unable to click on object 'Object Repository/Product details/a_largeLink'
	at com.kms.katalon.core.webui.keyword.internal.WebUIKeywordMain.stepFailed(WebUIKeywordMain.groovy:64)
	at com.kms.katalon.core.webui.keyword.internal.WebUIKeywordMain.runKeyword(WebUIKeywordMain.groovy:26)
	at com.kms.katalon.core.webui.keyword.builtin.ClickKeyword.click(ClickKeyword.groovy:74)
	at com.kms.katalon.core.webui.keyword.builtin.ClickKeyword.execute(ClickKeyword.groovy:40)
	at com.kms.katalon.core.keyword.internal.KeywordExecutor.executeKeywordForPlatform(KeywordExecutor.groovy:74)
	at com.kms.katalon.core.webui.keyword.WebUiBuiltInKeywords.click(WebUiBuiltInKeywords.groovy:620)
	at com.kms.katalon.core.webui.keyword.WebUiBuiltInKeywords$click$10.call(Unknown Source)
	at actions.ProductDetailsActions.largeSizeLinkClickAction(ProductDetailsActions.groovy:65)
	at actions.ProductDetailsActions$largeSizeLinkClickAction$7.call(Unknown Source)
	at helpers.ProductDetailsHelpers.hoverEffectAndClickLargeSizeLink(ProductDetailsHelpers.groovy:88)
	at helpers.ProductDetailsHelpers$hoverEffectAndClickLargeSizeLink$3.call(Unknown Source)
	at Product Details.run(Product Details:51)
	at com.kms.katalon.core.main.ScriptEngine.run(ScriptEngine.java:194)
	at com.kms.katalon.core.main.ScriptEngine.runScriptAsRawText(ScriptEngine.java:119)
	at com.kms.katalon.core.main.TestCaseExecutor.runScript(TestCaseExecutor.java:442)
	at com.kms.katalon.core.main.TestCaseExecutor.doExecute(TestCaseExecutor.java:433)
	at com.kms.katalon.core.main.TestCaseExecutor.processExecutionPhase(TestCaseExecutor.java:412)
	at com.kms.katalon.core.main.TestCaseExecutor.accessMainPhase(TestCaseExecutor.java:404)
	at com.kms.katalon.core.main.TestCaseExecutor.execute(TestCaseExecutor.java:281)
	at com.kms.katalon.core.main.TestSuiteExecutor.accessTestCaseMainPhase(TestSuiteExecutor.java:202)
	at com.kms.katalon.core.main.TestSuiteExecutor.accessTestSuiteMainPhase(TestSuiteExecutor.java:164)
	at com.kms.katalon.core.main.TestSuiteExecutor.execute(TestSuiteExecutor.java:105)
	at com.kms.katalon.core.main.TestCaseMain.startTestSuite(TestCaseMain.java:181)
	at com.kms.katalon.core.main.TestCaseMain$startTestSuite$0.call(Unknown Source)
	at TempTestSuite1642268026798.run(TempTestSuite1642268026798.groovy:36)
Caused by: org.openqa.selenium.ElementClickInterceptedException: element click intercepted: Element <a href="#" title="Large - 24&quot; x 27&quot; x 8&quot;" class="xlarge option-box">...</a> is not clickable at point (1013, 92). Other element would receive the click: <div class="dropdown-menu cart-dropdown hidden-md">...</div>
  (Session info: chrome=97.0.4692.71)
Build info: version: '3.141.59', revision: 'e82be7d358', time: '2018-11-14T08:25:53'
System info: host: 'DESKTOP-KJ1I4K3', ip: '172.22.80.1', os.name: 'Windows 10', os.arch: 'amd64', os.version: '10.0', java.version: '1.8.0_282'
Driver info: com.kms.katalon.selenium.driver.CChromeDriver
Capabilities {acceptInsecureCerts: false, browserName: chrome, browserVersion: 97.0.4692.71, chrome: {chromedriverVersion: 97.0.4692.71 (adefa7837d02a..., userDataDir: C:\Users\Hp\AppData\Local\T...}, goog:chromeOptions: {debuggerAddress: localhost:59184}, javascriptEnabled: true, networkConnectionEnabled: false, pageLoadStrategy: normal, platform: WINDOWS, platformName: WINDOWS, proxy: Proxy(), setWindowRect: true, strictFileInteractability: false, timeouts: {implicit: 0, pageLoad: 300000, script: 30000}, unhandledPromptBehavior: dismiss and notify, webauthn:extension:credBlob: true, webauthn:extension:largeBlob: true, webauthn:virtualAuthenticators: true}
Session ID: 2cc79fa14e674c4ca11ca59123964d3f
	at org.openqa.selenium.remote.http.W3CHttpResponseCodec.createException(W3CHttpResponseCodec.java:187)
	at org.openqa.selenium.remote.http.W3CHttpResponseCodec.decode(W3CHttpResponseCodec.java:122)
	at org.openqa.selenium.remote.http.W3CHttpResponseCodec.decode(W3CHttpResponseCodec.java:49)
	at org.openqa.selenium.remote.HttpCommandExecutor.execute(HttpCommandExecutor.java:158)
	at org.openqa.selenium.remote.service.DriverCommandExecutor.execute(DriverCommandExecutor.java:83)
	at org.openqa.selenium.remote.RemoteWebDriver.execute(RemoteWebDriver.java:552)
	at com.kms.katalon.selenium.driver.CChromeDriver.execute(CChromeDriver.java:19)
	at org.openqa.selenium.remote.RemoteWebElement.execute(RemoteWebElement.java:285)
	at org.openqa.selenium.remote.RemoteWebElement.click(RemoteWebElement.java:84)
	at org.openqa.selenium.support.events.EventFiringWebDriver$EventFiringWebElement.lambda$new$0(EventFiringWebDriver.java:404)
	at com.sun.proxy.$Proxy11.click(Unknown Source)
	at org.openqa.selenium.support.events.EventFiringWebDriver$EventFiringWebElement.click(EventFiringWebDriver.java:417)
	at org.openqa.selenium.WebElement$click.call(Unknown Source)
	at com.kms.katalon.core.webui.keyword.builtin.ClickKeyword.clickUntilSuccessWithTimeout(ClickKeyword.groovy:81)
	at com.kms.katalon.core.webui.keyword.builtin.ClickKeyword.clickUntilSuccessWithTimeout(ClickKeyword.groovy)
	at com.kms.katalon.core.webui.keyword.builtin.ClickKeyword$_click_closure1.doCall(ClickKeyword.groovy:67)
	at com.kms.katalon.core.webui.keyword.builtin.ClickKeyword$_click_closure1.call(ClickKeyword.groovy)
	at com.kms.katalon.core.webui.keyword.internal.WebUIKeywordMain.runKeyword(WebUIKeywordMain.groovy:20)
	... 23 more]]></system-err>
      </testcase>
      <testcase name="Test Cases/Checkout Scenario/Category" time="106.597" classname="Test Cases/Checkout Scenario/Category" status="PASSED">
         <system-out><![CDATA[2022-01-15 19:36:36 - [TEST_CASE][PASSED] - Test Cases/Checkout Scenario/Category: Test Cases/Checkout Scenario/Category

2022-01-15 19:36:37 - [TEST_STEP][PASSED] - GeneralHelpers.initScenario(): Current window's url is: 'https://www.cleanersupply.com/'

2022-01-15 19:36:37 - [MESSAGE][WARNING] - A browser is already opened. Closing browser and opening a new one

2022-01-15 19:36:38 - [MESSAGE][INFO] - Starting 'Chrome' driver

2022-01-15 19:36:38 - [MESSAGE][INFO] - Action delay is set to 0 milliseconds

2022-01-15 19:36:43 - [MESSAGE][PASSED] - Browser is opened with url: ''

2022-01-15 19:36:43 - [MESSAGE][PASSED] - Current window maximized

2022-01-15 19:36:56 - [MESSAGE][PASSED] - Navigate to 'https://www.cleanersupply.com/' successfully

2022-01-15 19:36:56 - [MESSAGE][PASSED] - Wait for page load successfully

2022-01-15 19:36:56 - [MESSAGE][PASSED] - Current window's title is: 'Cleaner's Supply - Dry Cleaning Supplies'

2022-01-15 19:36:56 - [MESSAGE][PASSED] - Current window's title is: 'Cleaner's Supply - Dry Cleaning Supplies'

2022-01-15 19:36:56 - [MESSAGE][PASSED] - Current window's url is: 'https://www.cleanersupply.com/'

2022-01-15 19:36:56 - [TEST_STEP][PASSED] - computerRegister = "Object Repository/Category/a_ComputerRegister": null

2022-01-15 19:36:56 - [TEST_STEP][PASSED] - CategoryScActions.hovertags(): Object: 'Object Repository/Category/a_tags' is hovered

2022-01-15 19:36:58 - [MESSAGE][PASSED] - Object: 'Object Repository/Category/a_tags' is hovered

2022-01-15 19:36:58 - [TEST_STEP][PASSED] - CategorySCHelpers.navigateComputerRegister(): Current window's url is: 'https://www.cleanersupply.com/Tags-Forms/Computer-Register/'

2022-01-15 19:36:59 - [MESSAGE][PASSED] - Object: 'Object Repository/Category/a_ComputerRegister' is hovered

2022-01-15 19:37:03 - [MESSAGE][PASSED] - Object: 'Object Repository/Category/a_ComputerRegister' is clicked on

2022-01-15 19:37:03 - [MESSAGE][PASSED] - Current window's url is: 'https://www.cleanersupply.com/Tags-Forms/Computer-Register/'

2022-01-15 19:37:03 - [TEST_STEP][PASSED] - CategoryValidations.validatespanText(computerRegisterspan): Text of object 'Object Repository/Category/span_omputerRegister' is: 'COMPUTER & REGISTER TAGS & FORMS'

2022-01-15 19:37:05 - [MESSAGE][PASSED] - Text of object 'Object Repository/Category/span_omputerRegister' is: 'COMPUTER & REGISTER TAGS & FORMS'

2022-01-15 19:37:05 - [TEST_STEP][PASSED] - CategoryScActions.getDefaultProjectCategoryFilter(expectedProductNum): Text of object 'Object Repository/Category/h2_productNum' is: '74 PRODUCTS'

2022-01-15 19:37:07 - [MESSAGE][PASSED] - Text of object 'Object Repository/Category/h2_productNum' is: '74 PRODUCTS'

2022-01-15 19:37:07 - [TEST_STEP][PASSED] - CategoryScActions.getDefaultValueOfSortBy(sortByDefault): Text of object 'Object Repository/Category/h2_productNum' is: '74 PRODUCTS'

2022-01-15 19:37:07 - [MESSAGE][PASSED] - Text of object 'Object Repository/Category/h2_productNum' is: '74 PRODUCTS'

2022-01-15 19:37:07 - [TEST_STEP][PASSED] - CategoryScActions.getDefaultManufacturar(manufacturarDefault): Text of object 'Object Repository/Category/span_manuDefault' is: 'Manufacturer'

2022-01-15 19:37:08 - [MESSAGE][PASSED] - Text of object 'Object Repository/Category/span_manuDefault' is: 'Manufacturer'

2022-01-15 19:37:08 - [TEST_STEP][PASSED] - CategoryScActions.getDefaultModal(defaultmodal): Text of object 'Object Repository/Category/span_defaultFilterModal' is: 'Model #'

2022-01-15 19:37:08 - [MESSAGE][PASSED] - Text of object 'Object Repository/Category/span_defaultFilterModal' is: 'Model #'

2022-01-15 19:37:08 - [TEST_STEP][PASSED] - CategoryScActions.clickOnManuWithassertOPened(menuExpandValue): Attribute 'aria-expanded' of object 'Object Repository/Category/span_manuDefault' is: 'null'

2022-01-15 19:37:08 - [MESSAGE][PASSED] - Object: 'Object Repository/Category/span_manuDefault' is clicked on

2022-01-15 19:37:09 - [MESSAGE][PASSED] - Attribute 'aria-expanded' of object 'Object Repository/Category/span_manuDefault' is: 'null'

2022-01-15 19:37:09 - [TEST_STEP][PASSED] - CategorySCHelpers.selectCasioManufacturar(): Text of object 'Object Repository/Category/h2_productNum' is: '2 PRODUCTS'

2022-01-15 19:37:10 - [MESSAGE][PASSED] - Object: 'Object Repository/Category/a_casio' is clicked on

2022-01-15 19:37:11 - [MESSAGE][PASSED] - Attribute 'title' of object 'Object Repository/Category/button_afterSelectCasio' is: 'Casio'

2022-01-15 19:37:11 - [MESSAGE][PASSED] - Text of object 'Object Repository/Category/a_casioSelectedFilter' is: 'Casio'

2022-01-15 19:37:11 - [MESSAGE][PASSED] - Text of object 'Object Repository/Category/h2_productNum' is: '2 PRODUCTS'

2022-01-15 19:37:11 - [TEST_STEP][PASSED] - CategorySCHelpers.selectModalsp1000(): Text of object 'Object Repository/Category/h2_productNum' is: '1 PRODUCT'

2022-01-15 19:37:12 - [MESSAGE][PASSED] - Object 'Object Repository/Category/div_collabse1' has attribute 'aria-expanded' with value 'true'

2022-01-15 19:37:13 - [MESSAGE][PASSED] - Object: 'Object Repository/Category/button_modalNum' is clicked on

2022-01-15 19:37:13 - [MESSAGE][PASSED] - Object: 'Object Repository/Category/a_sp001' is clicked on

2022-01-15 19:37:14 - [MESSAGE][PASSED] - Attribute 'title' of object 'Object Repository/Category/a_sp001' is: ''

2022-01-15 19:37:15 - [MESSAGE][PASSED] - Text of object 'Object Repository/Category/A_SP001selectedFilter' is: 'SP1000'

2022-01-15 19:37:16 - [MESSAGE][PASSED] - Text of object 'Object Repository/Category/h2_productNum' is: '1 PRODUCT'

2022-01-15 19:37:16 - [TEST_STEP][PASSED] - CategorySCHelpers.EnterCasioSP1000Product(): Object: 'Object Repository/Category/sp001Casiprodoct/a_product' is clicked on

2022-01-15 19:37:16 - [MESSAGE][PASSED] - Text of object 'Object Repository/Category/sp001Casiprodoct/h2_sp1000CasioTitle' is: 'EPSON PRINTER INDELIBOND INK RIBBONS #TM290, ERC27 - 6/BOX'

2022-01-15 19:37:16 - [MESSAGE][PASSED] - Actual object 'EPSON PRINTER INDELIBOND INK RIBBONS #TM290, ERC27 - 6/BOX' and expected object 'EPSON PRINTER INDELIBOND INK RIBBONS #TM290, ERC27 - 6/BOX' are equal

2022-01-15 19:37:17 - [MESSAGE][PASSED] - Text of object 'Object Repository/Category/sp001Casiprodoct/span_SP1000CasioProductMinPrice' is: '$15.54'

2022-01-15 19:37:17 - [MESSAGE][PASSED] - Actual object '$15.54' and expected object '$15.54' are equal

2022-01-15 19:37:17 - [MESSAGE][PASSED] - Text of object 'Object Repository/Category/sp001Casiprodoct/span_sp1000CasioProductMaxPrice' is: '$20.94'

2022-01-15 19:37:17 - [MESSAGE][PASSED] - Actual object '$20.94' and expected object '$20.94' are equal

2022-01-15 19:37:24 - [MESSAGE][PASSED] - Object: 'Object Repository/Category/sp001Casiprodoct/a_product' is clicked on

2022-01-15 19:37:24 - [TEST_STEP][PASSED] - CategorySCHelpers.ValidateCasioSP1000ProductDetails(): Actual object 'EPSON PRINTER INDELIBOND INK RIBBONS #TM290, ERC27 - 6/BOX' and expected object 'EPSON PRINTER INDELIBOND INK RIBBONS #TM290, ERC27 - 6/BOX' are equal

2022-01-15 19:37:25 - [MESSAGE][PASSED] - Text of object 'Object Repository/Category/sp1000CasioProductDetails/h1_sp1000CasioProduct' is: 'EPSON PRINTER INDELIBOND INK RIBBONS #TM290, ERC27 - 6/BOX'

2022-01-15 19:37:25 - [MESSAGE][PASSED] - Actual object 'EPSON PRINTER INDELIBOND INK RIBBONS #TM290, ERC27 - 6/BOX' and expected object 'EPSON PRINTER INDELIBOND INK RIBBONS #TM290, ERC27 - 6/BOX' are equal

2022-01-15 19:37:25 - [TEST_STEP][PASSED] - CategorySCHelpers.enterTenItemsFromProduct(): Current window's title is: 'Epson Printer Indelibond Ink Ribbons #TM290, ERC27 - 6/Box - Cleaner's Supply'

2022-01-15 19:37:25 - [MESSAGE][PASSED] - Text of object 'Object Repository/Category/span_badge' is: '0'

2022-01-15 19:37:25 - [MESSAGE][PASSED] - Actual object '0' and expected object '0' are equal

2022-01-15 19:37:26 - [MESSAGE][PASSED] - Text of object 'Object Repository/Category/sp1000CasioProductDetails/input_quantity' is cleared

2022-01-15 19:37:26 - [MESSAGE][PASSED] - Keys 'BACK_SPACE + ' sent to object: 'Object Repository/Category/sp1000CasioProductDetails/input_quantity'

2022-01-15 19:37:27 - [MESSAGE][PASSED] - Text '10' is set on object 'Object Repository/Category/sp1000CasioProductDetails/input_quantity'

2022-01-15 19:37:28 - [MESSAGE][PASSED] - Object: 'Object Repository/Category/sp1000CasioProductDetails/h1_sp1000CasioProduct' is clicked on

2022-01-15 19:37:29 - [MESSAGE][PASSED] - Object: 'Object Repository/Category/sp1000CasioProductDetails/button_addToCart' is clicked on

2022-01-15 19:37:31 - [MESSAGE][PASSED] - Text of object 'Object Repository/Category/span_badge' is: '1'

2022-01-15 19:37:31 - [MESSAGE][PASSED] - Actual object '1' and expected object '1' are equal

2022-01-15 19:37:31 - [MESSAGE][PASSED] - Current window's title is: 'Epson Printer Indelibond Ink Ribbons #TM290, ERC27 - 6/Box - Cleaner's Supply'

2022-01-15 19:37:31 - [TEST_STEP][PASSED] - CategorySCHelpers.checkMeniCartBadge(): Actual object '155.4' and expected object '155.4' are equal

2022-01-15 19:37:31 - [MESSAGE][PASSED] - Text of object 'Object Repository/Category/labelCart' is: '$155.40'

2022-01-15 19:37:31 - [MESSAGE][PASSED] - Actual object '155.4' and expected object '155.4' are equal

2022-01-15 19:37:31 - [TEST_STEP][PASSED] - CategorySCHelpers.navigateToCart(): Current window's title is: 'Shopping Cart - Cleaner's Supply'

2022-01-15 19:37:37 - [MESSAGE][PASSED] - Object: 'Object Repository/Category/a_cart' is clicked on

2022-01-15 19:37:37 - [MESSAGE][PASSED] - Current window's url is: 'https://www.cleanersupply.com/shopping-cart/'

2022-01-15 19:37:37 - [MESSAGE][PASSED] - Current window's title is: 'Shopping Cart - Cleaner's Supply'

2022-01-15 19:37:37 - [TEST_STEP][PASSED] - navigateToUrl("https://www.cleanersupply.com/checkout/"): Navigate to 'https://www.cleanersupply.com/checkout/' successfully

2022-01-15 19:37:38 - [MESSAGE][PASSED] - Navigate to 'https://www.cleanersupply.com/checkout/' successfully

2022-01-15 19:37:38 - [TEST_STEP][PASSED] - maximizeWindow(): Current window maximized

2022-01-15 19:37:38 - [MESSAGE][PASSED] - Current window maximized

2022-01-15 19:37:38 - [TEST_STEP][PASSED] - checkOutFormHelper.fillCheckOutForm(): Object: 'Object Repository/CheckOutForm/a_reviewOrder' is clicked on

2022-01-15 19:37:39 - [MESSAGE][PASSED] - Current window's title is: 'Checkout - Cleaner's Supply'

2022-01-15 19:37:39 - [MESSAGE][PASSED] - Current window's url is: 'https://www.cleanersupply.com/checkout/'

2022-01-15 19:37:40 - [MESSAGE][PASSED] - Text of object 'Object Repository/CheckOutForm/h1_checkOutHeader' is: 'CHECKOUT'

2022-01-15 19:37:40 - [MESSAGE][PASSED] - Object: 'Object Repository/CheckOutForm/input_company' is focused

2022-01-15 19:37:41 - [MESSAGE][PASSED] - Get CSS 'box-shadow' value on 'Object Repository/CheckOutForm/input_company' successfully: 'rgb(99, 99, 99) 0px -3px 0px 0px inset'.

2022-01-15 19:37:41 - [MESSAGE][PASSED] - Get CSS 'border-color' value on 'Object Repository/CheckOutForm/input_company' successfully: 'rgb(99, 99, 99)'.

2022-01-15 19:37:41 - [MESSAGE][PASSED] - Actual object 'rgb(99, 99, 99) 0px -3px 0px 0px inset' and expected object 'rgb(99, 99, 99) 0px -3px 0px 0px inset' are equal

2022-01-15 19:37:41 - [MESSAGE][PASSED] - Actual object 'rgb(99, 99, 99)' and expected object 'rgb(99, 99, 99)' are equal

2022-01-15 19:37:42 - [MESSAGE][PASSED] - Text 'testCompany' is set on object 'Object Repository/CheckOutForm/input_company'

2022-01-15 19:37:43 - [MESSAGE][PASSED] - Object: 'Object Repository/CheckOutForm/input_fname' is focused

2022-01-15 19:37:43 - [MESSAGE][PASSED] - Get CSS 'box-shadow' value on 'Object Repository/CheckOutForm/input_fname' successfully: 'rgb(99, 99, 99) 0px -3px 0px 0px inset'.

2022-01-15 19:37:43 - [MESSAGE][PASSED] - Get CSS 'border-color' value on 'Object Repository/CheckOutForm/input_fname' successfully: 'rgb(99, 99, 99)'.

2022-01-15 19:37:43 - [MESSAGE][PASSED] - Actual object 'rgb(99, 99, 99) 0px -3px 0px 0px inset' and expected object 'rgb(99, 99, 99) 0px -3px 0px 0px inset' are equal

2022-01-15 19:37:43 - [MESSAGE][PASSED] - Actual object 'rgb(99, 99, 99)' and expected object 'rgb(99, 99, 99)' are equal

2022-01-15 19:37:44 - [MESSAGE][PASSED] - Text 'FNameTest' is set on object 'Object Repository/CheckOutForm/input_fname'

2022-01-15 19:37:45 - [MESSAGE][PASSED] - Object: 'Object Repository/CheckOutForm/input_lNAme' is focused

2022-01-15 19:37:45 - [MESSAGE][PASSED] - Get CSS 'box-shadow' value on 'Object Repository/CheckOutForm/input_lNAme' successfully: 'rgb(99, 99, 99) 0px -3px 0px 0px inset'.

2022-01-15 19:37:45 - [MESSAGE][PASSED] - Get CSS 'border-color' value on 'Object Repository/CheckOutForm/input_lNAme' successfully: 'rgb(99, 99, 99)'.

2022-01-15 19:37:45 - [MESSAGE][PASSED] - Actual object 'rgb(99, 99, 99) 0px -3px 0px 0px inset' and expected object 'rgb(99, 99, 99) 0px -3px 0px 0px inset' are equal

2022-01-15 19:37:45 - [MESSAGE][PASSED] - Actual object 'rgb(99, 99, 99)' and expected object 'rgb(99, 99, 99)' are equal

2022-01-15 19:37:46 - [MESSAGE][PASSED] - Text 'lnameValueTest' is set on object 'Object Repository/CheckOutForm/input_lNAme'

2022-01-15 19:37:47 - [MESSAGE][PASSED] - Object: 'Object Repository/CheckOutForm/input_address' is focused

2022-01-15 19:37:47 - [MESSAGE][PASSED] - Get CSS 'box-shadow' value on 'Object Repository/CheckOutForm/input_address' successfully: 'rgb(99, 99, 99) 0px -3px 0px 0px inset'.

2022-01-15 19:37:47 - [MESSAGE][PASSED] - Get CSS 'border-color' value on 'Object Repository/CheckOutForm/input_address' successfully: 'rgb(99, 99, 99)'.

2022-01-15 19:37:47 - [MESSAGE][PASSED] - Actual object 'rgb(99, 99, 99) 0px -3px 0px 0px inset' and expected object 'rgb(99, 99, 99) 0px -3px 0px 0px inset' are equal

2022-01-15 19:37:47 - [MESSAGE][PASSED] - Actual object 'rgb(99, 99, 99)' and expected object 'rgb(99, 99, 99)' are equal

2022-01-15 19:37:48 - [MESSAGE][PASSED] - Text 'addres1Test' is set on object 'Object Repository/CheckOutForm/input_address'

2022-01-15 19:37:49 - [MESSAGE][PASSED] - Object: 'Object Repository/CheckOutForm/input_address2' is focused

2022-01-15 19:37:49 - [MESSAGE][PASSED] - Get CSS 'box-shadow' value on 'Object Repository/CheckOutForm/input_address2' successfully: 'rgb(99, 99, 99) 0px -3px 0px 0px inset'.

2022-01-15 19:37:50 - [MESSAGE][PASSED] - Get CSS 'border-color' value on 'Object Repository/CheckOutForm/input_address2' successfully: 'rgb(99, 99, 99)'.

2022-01-15 19:37:50 - [MESSAGE][PASSED] - Actual object 'rgb(99, 99, 99) 0px -3px 0px 0px inset' and expected object 'rgb(99, 99, 99) 0px -3px 0px 0px inset' are equal

2022-01-15 19:37:50 - [MESSAGE][PASSED] - Actual object 'rgb(99, 99, 99)' and expected object 'rgb(99, 99, 99)' are equal

2022-01-15 19:37:51 - [MESSAGE][PASSED] - Text 'address2 test' is set on object 'Object Repository/CheckOutForm/input_address2'

2022-01-15 19:37:51 - [MESSAGE][PASSED] - Object: 'Object Repository/CheckOutForm/input_zipCode' is focused

2022-01-15 19:37:52 - [MESSAGE][PASSED] - Get CSS 'box-shadow' value on 'Object Repository/CheckOutForm/input_zipCode' successfully: 'rgb(99, 99, 99) 0px -3px 0px 0px inset'.

2022-01-15 19:37:52 - [MESSAGE][PASSED] - Get CSS 'border-color' value on 'Object Repository/CheckOutForm/input_zipCode' successfully: 'rgb(99, 99, 99)'.

2022-01-15 19:37:52 - [MESSAGE][PASSED] - Actual object 'rgb(99, 99, 99) 0px -3px 0px 0px inset' and expected object 'rgb(99, 99, 99) 0px -3px 0px 0px inset' are equal

2022-01-15 19:37:52 - [MESSAGE][PASSED] - Actual object 'rgb(99, 99, 99)' and expected object 'rgb(99, 99, 99)' are equal

2022-01-15 19:37:53 - [MESSAGE][PASSED] - Text '55555' is set on object 'Object Repository/CheckOutForm/input_zipCode'

2022-01-15 19:37:53 - [MESSAGE][PASSED] - Object: 'Object Repository/CheckOutForm/input_city' is focused

2022-01-15 19:37:54 - [MESSAGE][PASSED] - Get CSS 'box-shadow' value on 'Object Repository/CheckOutForm/input_city' successfully: 'rgb(99, 99, 99) 0px -3px 0px 0px inset'.

2022-01-15 19:37:55 - [MESSAGE][PASSED] - Get CSS 'border-color' value on 'Object Repository/CheckOutForm/input_city' successfully: 'rgb(99, 99, 99)'.

2022-01-15 19:37:55 - [MESSAGE][PASSED] - Actual object 'rgb(99, 99, 99) 0px -3px 0px 0px inset' and expected object 'rgb(99, 99, 99) 0px -3px 0px 0px inset' are equal

2022-01-15 19:37:55 - [MESSAGE][PASSED] - Actual object 'rgb(99, 99, 99)' and expected object 'rgb(99, 99, 99)' are equal

2022-01-15 19:37:56 - [MESSAGE][PASSED] - Text 'Palestine' is set on object 'Object Repository/CheckOutForm/input_city'

2022-01-15 19:37:56 - [MESSAGE][PASSED] - Object: 'Object Repository/CheckOutForm/input_phoneNum' is focused

2022-01-15 19:37:57 - [MESSAGE][PASSED] - Get CSS 'box-shadow' value on 'Object Repository/CheckOutForm/input_phoneNum' successfully: 'rgb(99, 99, 99) 0px -3px 0px 0px inset'.

2022-01-15 19:37:57 - [MESSAGE][PASSED] - Get CSS 'border-color' value on 'Object Repository/CheckOutForm/input_phoneNum' successfully: 'rgb(99, 99, 99)'.

2022-01-15 19:37:57 - [MESSAGE][PASSED] - Actual object 'rgb(99, 99, 99) 0px -3px 0px 0px inset' and expected object 'rgb(99, 99, 99) 0px -3px 0px 0px inset' are equal

2022-01-15 19:37:57 - [MESSAGE][PASSED] - Actual object 'rgb(99, 99, 99)' and expected object 'rgb(99, 99, 99)' are equal

2022-01-15 19:37:58 - [MESSAGE][PASSED] - Text '541-143-1030' is set on object 'Object Repository/CheckOutForm/input_phoneNum'

2022-01-15 19:37:59 - [MESSAGE][PASSED] - Object: 'Object Repository/CheckOutForm/input_phoneExt' is focused

2022-01-15 19:37:59 - [MESSAGE][PASSED] - Get CSS 'box-shadow' value on 'Object Repository/CheckOutForm/input_phoneExt' successfully: 'rgb(99, 99, 99) 0px -3px 0px 0px inset'.

2022-01-15 19:37:59 - [MESSAGE][PASSED] - Get CSS 'border-color' value on 'Object Repository/CheckOutForm/input_phoneExt' successfully: 'rgb(99, 99, 99)'.

2022-01-15 19:37:59 - [MESSAGE][PASSED] - Actual object 'rgb(99, 99, 99) 0px -3px 0px 0px inset' and expected object 'rgb(99, 99, 99) 0px -3px 0px 0px inset' are equal

2022-01-15 19:37:59 - [MESSAGE][PASSED] - Actual object 'rgb(99, 99, 99)' and expected object 'rgb(99, 99, 99)' are equal

2022-01-15 19:38:01 - [MESSAGE][PASSED] - Text '1' is set on object 'Object Repository/CheckOutForm/input_phoneExt'

2022-01-15 19:38:01 - [MESSAGE][PASSED] - Object: 'Object Repository/CheckOutForm/input_phoneExt' is focused

2022-01-15 19:38:02 - [MESSAGE][PASSED] - Get CSS 'box-shadow' value on 'Object Repository/CheckOutForm/input_phoneExt' successfully: 'rgb(99, 99, 99) 0px -3px 0px 0px inset'.

2022-01-15 19:38:02 - [MESSAGE][PASSED] - Get CSS 'border-color' value on 'Object Repository/CheckOutForm/input_phoneExt' successfully: 'rgb(99, 99, 99)'.

2022-01-15 19:38:02 - [MESSAGE][PASSED] - Actual object 'rgb(99, 99, 99) 0px -3px 0px 0px inset' and expected object 'rgb(99, 99, 99) 0px -3px 0px 0px inset' are equal

2022-01-15 19:38:02 - [MESSAGE][PASSED] - Actual object 'rgb(99, 99, 99)' and expected object 'rgb(99, 99, 99)' are equal

2022-01-15 19:38:03 - [MESSAGE][PASSED] - Text '1' is set on object 'Object Repository/CheckOutForm/input_phoneExt'

2022-01-15 19:38:03 - [MESSAGE][PASSED] - Object: 'Object Repository/CheckOutForm/input_email' is focused

2022-01-15 19:38:04 - [MESSAGE][PASSED] - Get CSS 'box-shadow' value on 'Object Repository/CheckOutForm/input_email' successfully: 'rgb(99, 99, 99) 0px -3px 0px 0px inset'.

2022-01-15 19:38:04 - [MESSAGE][PASSED] - Get CSS 'border-color' value on 'Object Repository/CheckOutForm/input_email' successfully: 'rgb(99, 99, 99)'.

2022-01-15 19:38:04 - [MESSAGE][PASSED] - Actual object 'rgb(99, 99, 99) 0px -3px 0px 0px inset' and expected object 'rgb(99, 99, 99) 0px -3px 0px 0px inset' are equal

2022-01-15 19:38:04 - [MESSAGE][PASSED] - Actual object 'rgb(99, 99, 99)' and expected object 'rgb(99, 99, 99)' are equal

2022-01-15 19:38:05 - [MESSAGE][PASSED] - Text 'test@test.com' is set on object 'Object Repository/CheckOutForm/input_email'

2022-01-15 19:38:06 - [MESSAGE][PASSED] - Object: 'Object Repository/CheckOutForm/button_state' is clicked on

2022-01-15 19:38:06 - [MESSAGE][PASSED] - Object 'Object Repository/CheckOutForm/button_state' has attribute 'aria-expanded' with value 'true'

2022-01-15 19:38:07 - [MESSAGE][PASSED] - Object: 'Object Repository/CheckOutForm/a_state' is clicked on

2022-01-15 19:38:10 - [MESSAGE][PASSED] - Text of object 'Object Repository/CheckOutForm/span_selectedState' is: 'Arizona'

2022-01-15 19:38:10 - [MESSAGE][PASSED] - Object: 'Object Repository/CheckOutForm/input_creditCardName' is focused

2022-01-15 19:38:11 - [MESSAGE][PASSED] - Get CSS 'box-shadow' value on 'Object Repository/CheckOutForm/input_creditCardName' successfully: 'rgb(99, 99, 99) 0px -3px 0px 0px inset'.

2022-01-15 19:38:11 - [MESSAGE][PASSED] - Get CSS 'border-color' value on 'Object Repository/CheckOutForm/input_creditCardName' successfully: 'rgb(99, 99, 99)'.

2022-01-15 19:38:11 - [MESSAGE][PASSED] - Actual object 'rgb(99, 99, 99) 0px -3px 0px 0px inset' and expected object 'rgb(99, 99, 99) 0px -3px 0px 0px inset' are equal

2022-01-15 19:38:11 - [MESSAGE][PASSED] - Actual object 'rgb(99, 99, 99)' and expected object 'rgb(99, 99, 99)' are equal

2022-01-15 19:38:12 - [MESSAGE][PASSED] - Text 'Razan' is set on object 'Object Repository/CheckOutForm/input_creditCardName'

2022-01-15 19:38:13 - [MESSAGE][PASSED] - Object: 'Object Repository/CheckOutForm/input_cardNumber' is focused

2022-01-15 19:38:13 - [MESSAGE][PASSED] - Get CSS 'box-shadow' value on 'Object Repository/CheckOutForm/input_cardNumber' successfully: 'rgb(99, 99, 99) 0px -3px 0px 0px inset'.

2022-01-15 19:38:13 - [MESSAGE][PASSED] - Get CSS 'border-color' value on 'Object Repository/CheckOutForm/input_cardNumber' successfully: 'rgb(99, 99, 99)'.

2022-01-15 19:38:13 - [MESSAGE][PASSED] - Actual object 'rgb(99, 99, 99) 0px -3px 0px 0px inset' and expected object 'rgb(99, 99, 99) 0px -3px 0px 0px inset' are equal

2022-01-15 19:38:13 - [MESSAGE][PASSED] - Actual object 'rgb(99, 99, 99)' and expected object 'rgb(99, 99, 99)' are equal

2022-01-15 19:38:14 - [MESSAGE][PASSED] - Text '379936489179273' is set on object 'Object Repository/CheckOutForm/input_cardNumber'

2022-01-15 19:38:15 - [MESSAGE][PASSED] - Object: 'Object Repository/CheckOutForm/input_cvv' is focused

2022-01-15 19:38:15 - [MESSAGE][PASSED] - Get CSS 'box-shadow' value on 'Object Repository/CheckOutForm/input_cvv' successfully: 'rgb(99, 99, 99) 0px -3px 0px 0px inset'.

2022-01-15 19:38:16 - [MESSAGE][PASSED] - Get CSS 'border-color' value on 'Object Repository/CheckOutForm/input_cvv' successfully: 'rgb(99, 99, 99)'.

2022-01-15 19:38:16 - [MESSAGE][PASSED] - Actual object 'rgb(99, 99, 99) 0px -3px 0px 0px inset' and expected object 'rgb(99, 99, 99) 0px -3px 0px 0px inset' are equal

2022-01-15 19:38:16 - [MESSAGE][PASSED] - Actual object 'rgb(99, 99, 99)' and expected object 'rgb(99, 99, 99)' are equal

2022-01-15 19:38:16 - [MESSAGE][PASSED] - Text '2222' is set on object 'Object Repository/CheckOutForm/input_cvv'

2022-01-15 19:38:17 - [MESSAGE][PASSED] - Object: 'Object Repository/CheckOutForm/button_expirationDate' is clicked on

2022-01-15 19:38:18 - [MESSAGE][PASSED] - Object: 'Object Repository/CheckOutForm/button_expirationYear' is clicked on

2022-01-15 19:38:19 - [MESSAGE][PASSED] - Object: 'Object Repository/CheckOutForm/input_PO' is focused

2022-01-15 19:38:20 - [MESSAGE][PASSED] - Get CSS 'box-shadow' value on 'Object Repository/CheckOutForm/input_PO' successfully: 'rgb(99, 99, 99) 0px -3px 0px 0px inset'.

2022-01-15 19:38:20 - [MESSAGE][PASSED] - Get CSS 'border-color' value on 'Object Repository/CheckOutForm/input_PO' successfully: 'rgb(99, 99, 99)'.

2022-01-15 19:38:20 - [MESSAGE][PASSED] - Actual object 'rgb(99, 99, 99) 0px -3px 0px 0px inset' and expected object 'rgb(99, 99, 99) 0px -3px 0px 0px inset' are equal

2022-01-15 19:38:20 - [MESSAGE][PASSED] - Actual object 'rgb(99, 99, 99)' and expected object 'rgb(99, 99, 99)' are equal

2022-01-15 19:38:21 - [MESSAGE][PASSED] - Text 'test1155' is set on object 'Object Repository/CheckOutForm/input_PO'

2022-01-15 19:38:22 - [MESSAGE][PASSED] - Text 'test comment' is set on object 'Object Repository/CheckOutForm/input_comments'

2022-01-15 19:38:23 - [MESSAGE][PASSED] - Object: 'Object Repository/CheckOutForm/a_reviewOrder' is clicked on]]></system-out>
         <system-err><![CDATA[]]></system-err>
      </testcase>
      <testcase name="Test Cases/Checkout Scenario/Quick Order" time="157.876" classname="Test Cases/Checkout Scenario/Quick Order" status="PASSED">
         <system-out><![CDATA[2022-01-15 19:38:23 - [TEST_CASE][PASSED] - Test Cases/Checkout Scenario/Quick Order: Test Cases/Checkout Scenario/Quick Order

2022-01-15 19:38:24 - [TEST_STEP][PASSED] - GeneralHelpers.initScenario(): Current window's url is: 'https://www.cleanersupply.com/'

2022-01-15 19:38:24 - [MESSAGE][WARNING] - A browser is already opened. Closing browser and opening a new one

2022-01-15 19:38:26 - [MESSAGE][INFO] - Starting 'Chrome' driver

2022-01-15 19:38:26 - [MESSAGE][INFO] - Action delay is set to 0 milliseconds

2022-01-15 19:38:31 - [MESSAGE][PASSED] - Browser is opened with url: ''

2022-01-15 19:38:31 - [MESSAGE][PASSED] - Current window maximized

2022-01-15 19:38:42 - [MESSAGE][PASSED] - Navigate to 'https://www.cleanersupply.com/' successfully

2022-01-15 19:38:42 - [MESSAGE][PASSED] - Wait for page load successfully

2022-01-15 19:38:42 - [MESSAGE][PASSED] - Current window's title is: 'Cleaner's Supply - Dry Cleaning Supplies'

2022-01-15 19:38:42 - [MESSAGE][PASSED] - Current window's title is: 'Cleaner's Supply - Dry Cleaning Supplies'

2022-01-15 19:38:42 - [MESSAGE][PASSED] - Current window's url is: 'https://www.cleanersupply.com/'

2022-01-15 19:38:42 - [TEST_STEP][PASSED] - QuickOrderHelpers.navigationAndVerifyToQuickOrder(): Text of object 'Object Repository/Quick Order/span_quickOrderHeader' is: 'QUICK
ORDER'

2022-01-15 19:38:44 - [MESSAGE][PASSED] - Object 'Object Repository/Quick Order/a_quickOrder' is visible

2022-01-15 19:38:44 - [MESSAGE][PASSED] - Object: 'Object Repository/Quick Order/a_quickOrder' is hovered

2022-01-15 19:38:45 - [MESSAGE][PASSED] - Get CSS 'color' value on 'Object Repository/Quick Order/i_quickOrderIcon' successfully: 'rgba(82, 36, 127, 1)'.

2022-01-15 19:38:50 - [MESSAGE][PASSED] - Object: 'Object Repository/Quick Order/a_quickOrder' is clicked on

2022-01-15 19:38:50 - [MESSAGE][PASSED] - Current window's title is: 'Quick Order - Cleaner's Supply'

2022-01-15 19:38:50 - [MESSAGE][PASSED] - Current window's url is: 'https://www.cleanersupply.com/quick-order/'

2022-01-15 19:38:52 - [MESSAGE][PASSED] - Text of object 'Object Repository/Quick Order/span_quickOrderHeader' is: 'QUICK
ORDER'

2022-01-15 19:38:52 - [TEST_STEP][PASSED] - QuickOrderValidations.verifyCartCounter("0"): Text of object 'Object Repository/Quick Order/span_cartCounter' is: '0'

2022-01-15 19:38:52 - [MESSAGE][PASSED] - Text of object 'Object Repository/Quick Order/span_cartCounter' is: '0'

2022-01-15 19:38:52 - [TEST_STEP][PASSED] - QuickOrderHelpers.headerAndTableStyle(): Web element with id: 'Object Repository/Quick Order/button_addToCart' located by 'By.cssSelector: .button-holder .pull-right' is not present after '2' second(s)

2022-01-15 19:38:53 - [MESSAGE][PASSED] - Get CSS 'background-color' value on 'Object Repository/Quick Order/a_quickOrderHeader' successfully: 'rgba(82, 36, 127, 1)'.

2022-01-15 19:38:53 - [MESSAGE][PASSED] - Get CSS 'color' value on 'Object Repository/Quick Order/a_quickOrderHeader' successfully: 'rgba(255, 255, 255, 1)'.

2022-01-15 19:38:53 - [MESSAGE][PASSED] - Object 'Object Repository/Quick Order/span_quickOrderIcon' is visible

2022-01-15 19:38:54 - [MESSAGE][PASSED] - Get CSS 'background-color' value on 'Object Repository/Quick Order/tr_allQuickOrderRows' successfully: 'rgba(241, 242, 242, 1)'.

2022-01-15 19:38:54 - [MESSAGE][PASSED] - Web element with id: 'Object Repository/Quick Order/button_addToCart' located by 'By.cssSelector: .button-holder .pull-right' is not present after '2' second(s)

2022-01-15 19:38:54 - [TEST_STEP][PASSED] - QuickOrderHelpers.fillingVerifyingStockNo(): Attribute 'value' of object 'Object Repository/Quick Order/input_4quickOrderStock' is: 'SP4005'

2022-01-15 19:38:54 - [MESSAGE][PASSED] - Object 'Object Repository/Quick Order/input_0quickOrderStock' is present

2022-01-15 19:38:55 - [MESSAGE][PASSED] - Attribute 'placeholder' of object 'Object Repository/Quick Order/input_0quickOrderStock' is: 'Enter Stock #'

2022-01-15 19:38:55 - [MESSAGE][PASSED] - Attribute 'value' of object 'Object Repository/Quick Order/input_0quickOrderStock' is: ''

2022-01-15 19:38:56 - [MESSAGE][PASSED] - Object: 'Object Repository/Quick Order/input_0quickOrderStock' is focused

2022-01-15 19:38:56 - [MESSAGE][PASSED] - Keys 'ENTER + PRT381' sent to object: 'Object Repository/Quick Order/input_0quickOrderStock'

2022-01-15 19:38:57 - [MESSAGE][PASSED] - Attribute 'value' of object 'Object Repository/Quick Order/input_0quickOrderStock' is: 'PRT381'

2022-01-15 19:38:58 - [MESSAGE][PASSED] - Object 'Object Repository/Quick Order/button_addToCart' is visible

2022-01-15 19:38:58 - [MESSAGE][PASSED] - Attribute 'placeholder' of object 'Object Repository/Quick Order/input_1quickOrderStock' is: 'Enter Stock #'

2022-01-15 19:38:58 - [MESSAGE][PASSED] - Attribute 'value' of object 'Object Repository/Quick Order/input_1quickOrderStock' is: ''

2022-01-15 19:38:59 - [MESSAGE][PASSED] - Object: 'Object Repository/Quick Order/input_1quickOrderStock' is focused

2022-01-15 19:39:00 - [MESSAGE][PASSED] - Keys 'ENTER + GTDCA700C' sent to object: 'Object Repository/Quick Order/input_1quickOrderStock'

2022-01-15 19:39:01 - [MESSAGE][PASSED] - Attribute 'value' of object 'Object Repository/Quick Order/input_1quickOrderStock' is: 'GTDCA700C'

2022-01-15 19:39:02 - [MESSAGE][PASSED] - Attribute 'placeholder' of object 'Object Repository/Quick Order/input_2quickOrderStock' is: 'Enter Stock #'

2022-01-15 19:39:02 - [MESSAGE][PASSED] - Attribute 'value' of object 'Object Repository/Quick Order/input_2quickOrderStock' is: ''

2022-01-15 19:39:03 - [MESSAGE][PASSED] - Object: 'Object Repository/Quick Order/input_2quickOrderStock' is focused

2022-01-15 19:39:03 - [MESSAGE][PASSED] - Keys 'ENTER + PP30' sent to object: 'Object Repository/Quick Order/input_2quickOrderStock'

2022-01-15 19:39:04 - [MESSAGE][PASSED] - Attribute 'value' of object 'Object Repository/Quick Order/input_2quickOrderStock' is: 'PP30'

2022-01-15 19:39:04 - [MESSAGE][PASSED] - Attribute 'placeholder' of object 'Object Repository/Quick Order/input_3quickOrderStock' is: 'Enter Stock #'

2022-01-15 19:39:05 - [MESSAGE][PASSED] - Attribute 'value' of object 'Object Repository/Quick Order/input_3quickOrderStock' is: ''

2022-01-15 19:39:05 - [MESSAGE][PASSED] - Object: 'Object Repository/Quick Order/input_3quickOrderStock' is focused

2022-01-15 19:39:06 - [MESSAGE][PASSED] - Keys 'ENTER + ZB400' sent to object: 'Object Repository/Quick Order/input_3quickOrderStock'

2022-01-15 19:39:07 - [MESSAGE][PASSED] - Attribute 'value' of object 'Object Repository/Quick Order/input_3quickOrderStock' is: 'ZB400'

2022-01-15 19:39:07 - [MESSAGE][PASSED] - Attribute 'placeholder' of object 'Object Repository/Quick Order/input_4quickOrderStock' is: 'Enter Stock #'

2022-01-15 19:39:07 - [MESSAGE][PASSED] - Attribute 'value' of object 'Object Repository/Quick Order/input_4quickOrderStock' is: ''

2022-01-15 19:39:08 - [MESSAGE][PASSED] - Object: 'Object Repository/Quick Order/input_4quickOrderStock' is focused

2022-01-15 19:39:08 - [MESSAGE][PASSED] - Keys 'ENTER + SP4005' sent to object: 'Object Repository/Quick Order/input_4quickOrderStock'

2022-01-15 19:39:09 - [MESSAGE][PASSED] - Attribute 'value' of object 'Object Repository/Quick Order/input_4quickOrderStock' is: 'SP4005'

2022-01-15 19:39:09 - [TEST_STEP][PASSED] - QuickOrderHelpers.fillingQuanitiesInputs(): Actual text and expected text of test object '' are matched.

2022-01-15 19:39:12 - [MESSAGE][PASSED] - Keys 'BACK_SPACE + TAB + 6' sent to object: ''

2022-01-15 19:39:12 - [MESSAGE][PASSED] - Attribute 'value' of object '' is: '6'

2022-01-15 19:39:12 - [MESSAGE][PASSED] - Object '' is present

2022-01-15 19:39:13 - [MESSAGE][PASSED] - Actual text and expected text of test object '' are matched.

2022-01-15 19:39:13 - [MESSAGE][PASSED] - Keys 'BACK_SPACE + TAB + 8' sent to object: ''

2022-01-15 19:39:13 - [MESSAGE][PASSED] - Attribute 'value' of object '' is: '8'

2022-01-15 19:39:13 - [MESSAGE][PASSED] - Object '' is present

2022-01-15 19:39:13 - [MESSAGE][PASSED] - Actual text and expected text of test object '' are matched.

2022-01-15 19:39:13 - [MESSAGE][PASSED] - Keys 'BACK_SPACE + TAB + 12' sent to object: ''

2022-01-15 19:39:13 - [MESSAGE][PASSED] - Attribute 'value' of object '' is: '12'

2022-01-15 19:39:13 - [MESSAGE][PASSED] - Object '' is present

2022-01-15 19:39:13 - [MESSAGE][PASSED] - Actual text and expected text of test object '' are matched.

2022-01-15 19:39:13 - [MESSAGE][PASSED] - Keys 'BACK_SPACE + TAB + 32' sent to object: ''

2022-01-15 19:39:13 - [MESSAGE][PASSED] - Attribute 'value' of object '' is: '32'

2022-01-15 19:39:13 - [MESSAGE][PASSED] - Object '' is present

2022-01-15 19:39:13 - [MESSAGE][PASSED] - Actual text and expected text of test object '' are matched.

2022-01-15 19:39:13 - [MESSAGE][PASSED] - Keys 'BACK_SPACE + TAB + 35' sent to object: ''

2022-01-15 19:39:13 - [MESSAGE][PASSED] - Attribute 'value' of object '' is: '35'

2022-01-15 19:39:13 - [MESSAGE][PASSED] - Object '' is present

2022-01-15 19:39:13 - [MESSAGE][PASSED] - Actual text and expected text of test object '' are matched.

2022-01-15 19:39:13 - [TEST_STEP][PASSED] - QuickOrderHelpers.storeProductsDetailsAndVerifyTotal(): Text of object '' is: '$90.65'

2022-01-15 19:39:13 - [MESSAGE][PASSED] - Attribute 'value' of object '' is: '6'

2022-01-15 19:39:14 - [MESSAGE][PASSED] - Text of object '' is: '$9.35'

2022-01-15 19:39:14 - [MESSAGE][PASSED] - Text of object '' is: '$56.10'

2022-01-15 19:39:14 - [MESSAGE][PASSED] - Text of object '' is: 'GREEN BUTTON FOR AJAX #DCH18, DCH446, DCH45, DCH446 & HOU45'

2022-01-15 19:39:14 - [MESSAGE][PASSED] - Attribute 'src' of object '' is: 'https://www.cleanersupply.com/4ad6b3/globalassets/catalogs/prt3/prt381_p/prt381_paren/prt381_parent/prt381-1-main-prt381_parent.jpg?width=80&height=80&quality=85&mode=crop'

2022-01-15 19:39:14 - [MESSAGE][PASSED] - Text of object '' is: 'In Stock!'

2022-01-15 19:39:14 - [MESSAGE][PASSED] - Text of object '' is: 'GREEN BUTTON FOR AJAX #DCH18, DCH446, DCH45, DCH446 & HOU45'

2022-01-15 19:39:14 - [MESSAGE][PASSED] - Attribute 'value' of object '' is: '6'

2022-01-15 19:39:14 - [MESSAGE][PASSED] - Text of object '' is: '$9.35'

2022-01-15 19:39:14 - [MESSAGE][PASSED] - Attribute 'value' of object '' is: '6'

2022-01-15 19:39:14 - [MESSAGE][PASSED] - Text of object '' is: '$9.35'

2022-01-15 19:39:14 - [MESSAGE][PASSED] - Text of object '' is: '$56.10'

2022-01-15 19:39:14 - [MESSAGE][PASSED] - Attribute 'value' of object '' is: '8'

2022-01-15 19:39:14 - [MESSAGE][PASSED] - Text of object '' is: '$27.85'

2022-01-15 19:39:14 - [MESSAGE][PASSED] - Text of object '' is: '$222.80'

2022-01-15 19:39:14 - [MESSAGE][PASSED] - Text of object '' is: 'GUTERMANN 700-COLOR THREAD CHART'

2022-01-15 19:39:14 - [MESSAGE][PASSED] - Attribute 'src' of object '' is: 'https://www.cleanersupply.com/4ae3b9/globalassets/catalogs/gtdc/gtdca700/gtdca700c_pa/gtdca700c_parent/gtdca700c-1-main-gtdca700c_parent.jpg?width=80&height=80&quality=85&mode=crop'

2022-01-15 19:39:14 - [MESSAGE][PASSED] - Text of object '' is: 'In Stock!'

2022-01-15 19:39:14 - [MESSAGE][PASSED] - Text of object '' is: 'GUTERMANN 700-COLOR THREAD CHART'

2022-01-15 19:39:14 - [MESSAGE][PASSED] - Attribute 'value' of object '' is: '8'

2022-01-15 19:39:14 - [MESSAGE][PASSED] - Text of object '' is: '$27.85'

2022-01-15 19:39:14 - [MESSAGE][PASSED] - Attribute 'value' of object '' is: '8'

2022-01-15 19:39:14 - [MESSAGE][PASSED] - Text of object '' is: '$27.85'

2022-01-15 19:39:14 - [MESSAGE][PASSED] - Text of object '' is: '$222.80'

2022-01-15 19:39:14 - [MESSAGE][PASSED] - Attribute 'value' of object '' is: '12'

2022-01-15 19:39:14 - [MESSAGE][PASSED] - Text of object '' is: '$24.35'

2022-01-15 19:39:14 - [MESSAGE][PASSED] - Text of object '' is: '$292.20'

2022-01-15 19:39:14 - [MESSAGE][PASSED] - Text of object '' is: 'SUPERFAST MUSHROOM PRESS PAD FOR AJAX, CISSELL, FORENTA/FORSE, HOFFMAN/NEW YORKER & UNIPRESS'

2022-01-15 19:39:14 - [MESSAGE][PASSED] - Attribute 'src' of object '' is: 'https://www.cleanersupply.com/4ae26e/globalassets/catalogs/pp30/pp30_par/pp30_parent/pp30-1-main-pp30_parent.jpg?width=80&height=80&quality=85&mode=crop'

2022-01-15 19:39:14 - [MESSAGE][PASSED] - Text of object '' is: 'In Stock!'

2022-01-15 19:39:14 - [MESSAGE][PASSED] - Text of object '' is: 'SUPERFAST MUSHROOM PRESS PAD FOR AJAX, CISSELL, FORENTA/FORSE, HOFFMAN/NEW YORKER & UNIPRESS'

2022-01-15 19:39:14 - [MESSAGE][PASSED] - Attribute 'value' of object '' is: '12'

2022-01-15 19:39:14 - [MESSAGE][PASSED] - Text of object '' is: '$24.35'

2022-01-15 19:39:14 - [MESSAGE][PASSED] - Attribute 'value' of object '' is: '12'

2022-01-15 19:39:14 - [MESSAGE][PASSED] - Text of object '' is: '$24.35'

2022-01-15 19:39:14 - [MESSAGE][PASSED] - Text of object '' is: '$292.20'

2022-01-15 19:39:14 - [MESSAGE][PASSED] - Attribute 'value' of object '' is: '32'

2022-01-15 19:39:14 - [MESSAGE][PASSED] - Text of object '' is: '$5.99'

2022-01-15 19:39:15 - [MESSAGE][PASSED] - Text of object '' is: '$191.68'

2022-01-15 19:39:15 - [MESSAGE][PASSED] - Text of object '' is: 'ZIP NET BAG - 15" X 19" OPEN MESH'

2022-01-15 19:39:15 - [MESSAGE][PASSED] - Attribute 'src' of object '' is: 'https://www.cleanersupply.com/4ae088/globalassets/catalogs/zb40/zb400_pa/zb400_parent/zb400-1-main-zb400_parent.jpg?width=80&height=80&quality=85&mode=crop'

2022-01-15 19:39:15 - [MESSAGE][PASSED] - Text of object '' is: 'In Stock!'

2022-01-15 19:39:15 - [MESSAGE][PASSED] - Text of object '' is: 'ZIP NET BAG - 15" X 19" OPEN MESH'

2022-01-15 19:39:15 - [MESSAGE][PASSED] - Attribute 'value' of object '' is: '32'

2022-01-15 19:39:15 - [MESSAGE][PASSED] - Text of object '' is: '$5.99'

2022-01-15 19:39:15 - [MESSAGE][PASSED] - Attribute 'value' of object '' is: '32'

2022-01-15 19:39:15 - [MESSAGE][PASSED] - Text of object '' is: '$5.99'

2022-01-15 19:39:15 - [MESSAGE][PASSED] - Text of object '' is: '$191.68'

2022-01-15 19:39:15 - [MESSAGE][PASSED] - Attribute 'value' of object '' is: '35'

2022-01-15 19:39:15 - [MESSAGE][PASSED] - Text of object '' is: '$2.59'

2022-01-15 19:39:15 - [MESSAGE][PASSED] - Text of object '' is: '$90.65'

2022-01-15 19:39:15 - [MESSAGE][PASSED] - Text of object '' is: 'CLOSED BRASS/QUILTER SAFETY PINS - #3 - 2" - 20/BOX'

2022-01-15 19:39:15 - [MESSAGE][PASSED] - Attribute 'src' of object '' is: 'https://www.cleanersupply.com/4adae3/globalassets/catalogs/sp40/sp4005_p/sp4005_paren/sp4005_parent/sp4005-1-main-sp4005_parent.jpg?width=80&height=80&quality=85&mode=crop'

2022-01-15 19:39:15 - [MESSAGE][PASSED] - Text of object '' is: 'In Stock!'

2022-01-15 19:39:15 - [MESSAGE][PASSED] - Text of object '' is: 'CLOSED BRASS/QUILTER SAFETY PINS - #3 - 2" - 20/BOX'

2022-01-15 19:39:15 - [MESSAGE][PASSED] - Attribute 'value' of object '' is: '35'

2022-01-15 19:39:15 - [MESSAGE][PASSED] - Text of object '' is: '$2.59'

2022-01-15 19:39:15 - [MESSAGE][PASSED] - Attribute 'value' of object '' is: '35'

2022-01-15 19:39:15 - [MESSAGE][PASSED] - Text of object '' is: '$2.59'

2022-01-15 19:39:15 - [MESSAGE][PASSED] - Text of object '' is: '$90.65'

2022-01-15 19:39:15 - [TEST_STEP][PASSED] - QuickOrderHelpers.navigationAndVerifyingShoppingCart(): Text of object 'Object Repository/Shopping Cart/h1_shopCartHeader' is: 'SHOPPING CART CONTINUE SHOPPING'

2022-01-15 19:39:16 - [MESSAGE][PASSED] - Object: 'Object Repository/Quick Order/button_addToCart' is hovered

2022-01-15 19:39:16 - [MESSAGE][PASSED] - Object: 'Object Repository/Quick Order/button_addToCart' is clicked on

2022-01-15 19:39:24 - [MESSAGE][PASSED] - Object 'Object Repository/Shopping Cart/h1_shopCartHeader' is present

2022-01-15 19:39:24 - [MESSAGE][PASSED] - Current window's title is: 'Shopping Cart - Cleaner's Supply'

2022-01-15 19:39:24 - [MESSAGE][PASSED] - Current window's url is: 'https://www.cleanersupply.com/shopping-cart/'

2022-01-15 19:39:24 - [MESSAGE][PASSED] - Text of object 'Object Repository/Shopping Cart/h1_shopCartHeader' is: 'SHOPPING CART CONTINUE SHOPPING'

2022-01-15 19:39:24 - [TEST_STEP][PASSED] - QuickOrderValidations.verifyCartCounter("5"): Text of object 'Object Repository/Quick Order/span_cartCounter' is: '5'

2022-01-15 19:39:25 - [MESSAGE][PASSED] - Text of object 'Object Repository/Quick Order/span_cartCounter' is: '5'

2022-01-15 19:39:25 - [TEST_STEP][PASSED] - QuickOrderHelpers.verifyCartTotalAndRowsNo(5): Text of object 'Object Repository/Quick Order/span_cartLabel' is: '$853.43'

2022-01-15 19:39:25 - [MESSAGE][PASSED] - Text of object 'Object Repository/Quick Order/span_cartLabel' is: '$853.43'

2022-01-15 19:39:26 - [TEST_STEP][PASSED] - MiniCartActions.hoverOnMiniCartLink(): Object: 'Object Repository/Mini Cart/a_miniCartLink' is hovered

2022-01-15 19:39:26 - [MESSAGE][PASSED] - Object: 'Object Repository/Mini Cart/a_miniCartLink' is hovered

2022-01-15 19:39:26 - [TEST_STEP][PASSED] - MiniCartValidations.verifyHoverStyleOnMiniCartLink(): Get CSS 'color' value on 'Object Repository/Mini Cart/a_miniCartLink' successfully: 'rgba(82, 36, 127, 1)'.

2022-01-15 19:39:27 - [MESSAGE][PASSED] - Get CSS 'background-color' value on 'Object Repository/Mini Cart/a_miniCartLink' successfully: 'rgba(255, 255, 255, 1)'.

2022-01-15 19:39:27 - [MESSAGE][PASSED] - Get CSS 'color' value on 'Object Repository/Mini Cart/a_miniCartLink' successfully: 'rgba(82, 36, 127, 1)'.

2022-01-15 19:39:27 - [TEST_STEP][PASSED] - MiniCartValidations.verifyMiniCartTotals(): Text of object 'Object Repository/Mini Cart/span_miniCartSubTotal' is: '$853.43'

2022-01-15 19:39:29 - [MESSAGE][PASSED] - Text of object 'Object Repository/Mini Cart/span_miniCartSubTotal' is: '$853.43'

2022-01-15 19:39:29 - [TEST_STEP][PASSED] - MiniCartValidations.miniCartItemCount(): Text of object 'Object Repository/Mini Cart/span_cartCounterPadge' is: '5'

2022-01-15 19:39:30 - [MESSAGE][PASSED] - Text of object 'Object Repository/Mini Cart/span_cartCounterPadge' is: '5'

2022-01-15 19:39:30 - [TEST_STEP][PASSED] - ShoppingCartValidations.verifyShoppingCartItemEqualMiniCartBadge(): Text of object 'Object Repository/Mini Cart/span_cartCounterPadge' is: '5'

2022-01-15 19:39:31 - [MESSAGE][PASSED] - Text of object 'Object Repository/Mini Cart/span_cartCounterPadge' is: '5'

2022-01-15 19:39:31 - [TEST_STEP][PASSED] - ShoppingCartValidations.verifyShoppingCartItemEqualToSummaryItem(): Text of object 'Object Repository/Shopping Cart/td_summaryTableItemCount' is: 'SUBTOTAL (5 ITEMS)'

2022-01-15 19:39:32 - [MESSAGE][PASSED] - Text of object 'Object Repository/Shopping Cart/td_summaryTableItemCount' is: 'SUBTOTAL (5 ITEMS)'

2022-01-15 19:39:32 - [TEST_STEP][PASSED] - ShoppingCartValidations.verifyTotalPriceForProductTable(): null

2022-01-15 19:39:34 - [TEST_STEP][PASSED] - ShoppingCartValidations.verifyTotalPriceInSummaryTable(): Text of object 'Object Repository/Shopping Cart/td_summaryTotalSubTotal' is: '$853.43'

2022-01-15 19:39:34 - [MESSAGE][PASSED] - Text of object 'Object Repository/Shopping Cart/td_summaryTableTotal' is: '$853.43'

2022-01-15 19:39:35 - [MESSAGE][PASSED] - Text of object 'Object Repository/Shopping Cart/td_summaryTotalSubTotal' is: '$853.43'

2022-01-15 19:39:35 - [TEST_STEP][PASSED] - QuickOrderHelpers.verifyShoppingCartProductsSameWithStoredProducts(): Attribute 'src' of object '' is: 'https://www.cleanersupply.com/4ad6b3/globalassets/catalogs/prt3/prt381_p/prt381_paren/prt381_parent/prt381-1-main-prt381_parent.jpg?width=120&height=120&quality=85'

2022-01-15 19:39:37 - [MESSAGE][PASSED] - Attribute 'value' of object '' is: '35'

2022-01-15 19:39:37 - [MESSAGE][PASSED] - Text of object '' is: '$2.59'

2022-01-15 19:39:37 - [MESSAGE][PASSED] - Text of object '' is: '$90.65'

2022-01-15 19:39:37 - [MESSAGE][PASSED] - Text of object '' is: 'CLOSED BRASS/QUILTER SAFETY PINS - #3 - 2" - 20/BOX'

2022-01-15 19:39:37 - [MESSAGE][PASSED] - Text of object '' is: 'In Stock!'

2022-01-15 19:39:37 - [MESSAGE][PASSED] - Attribute 'src' of object '' is: 'https://www.cleanersupply.com/4adae3/globalassets/catalogs/sp40/sp4005_p/sp4005_paren/sp4005_parent/sp4005-1-main-sp4005_parent.jpg?width=120&height=120&quality=85'

2022-01-15 19:39:37 - [MESSAGE][PASSED] - Attribute 'value' of object '' is: '32'

2022-01-15 19:39:37 - [MESSAGE][PASSED] - Text of object '' is: '$5.99'

2022-01-15 19:39:37 - [MESSAGE][PASSED] - Text of object '' is: '$191.68'

2022-01-15 19:39:37 - [MESSAGE][PASSED] - Text of object '' is: 'ZIP NET BAG - 15" X 19" OPEN MESH'

2022-01-15 19:39:37 - [MESSAGE][PASSED] - Text of object '' is: 'In Stock!'

2022-01-15 19:39:37 - [MESSAGE][PASSED] - Attribute 'src' of object '' is: 'https://www.cleanersupply.com/4ae088/globalassets/catalogs/zb40/zb400_pa/zb400_parent/zb400-1-main-zb400_parent.jpg?width=120&height=120&quality=85'

2022-01-15 19:39:37 - [MESSAGE][PASSED] - Attribute 'value' of object '' is: '12'

2022-01-15 19:39:37 - [MESSAGE][PASSED] - Text of object '' is: '$24.35'

2022-01-15 19:39:37 - [MESSAGE][PASSED] - Text of object '' is: '$292.20'

2022-01-15 19:39:37 - [MESSAGE][PASSED] - Text of object '' is: 'SUPERFAST MUSHROOM PRESS PAD FOR AJAX, CISSELL, FORENTA/FORSE, HOFFMAN/NEW YORKER & UNIPRESS'

2022-01-15 19:39:38 - [MESSAGE][PASSED] - Text of object '' is: 'In Stock!'

2022-01-15 19:39:38 - [MESSAGE][PASSED] - Attribute 'src' of object '' is: 'https://www.cleanersupply.com/4ae26e/globalassets/catalogs/pp30/pp30_par/pp30_parent/pp30-1-main-pp30_parent.jpg?width=120&height=120&quality=85'

2022-01-15 19:39:38 - [MESSAGE][PASSED] - Attribute 'value' of object '' is: '8'

2022-01-15 19:39:38 - [MESSAGE][PASSED] - Text of object '' is: '$27.85'

2022-01-15 19:39:38 - [MESSAGE][PASSED] - Text of object '' is: '$222.80'

2022-01-15 19:39:38 - [MESSAGE][PASSED] - Text of object '' is: 'GUTERMANN 700-COLOR THREAD CHART'

2022-01-15 19:39:38 - [MESSAGE][PASSED] - Text of object '' is: 'In Stock!'

2022-01-15 19:39:38 - [MESSAGE][PASSED] - Attribute 'src' of object '' is: 'https://www.cleanersupply.com/4ae3b9/globalassets/catalogs/gtdc/gtdca700/gtdca700c_pa/gtdca700c_parent/gtdca700c-1-main-gtdca700c_parent.jpg?width=120&height=120&quality=85'

2022-01-15 19:39:38 - [MESSAGE][PASSED] - Attribute 'value' of object '' is: '6'

2022-01-15 19:39:38 - [MESSAGE][PASSED] - Text of object '' is: '$9.35'

2022-01-15 19:39:38 - [MESSAGE][PASSED] - Text of object '' is: '$56.10'

2022-01-15 19:39:38 - [MESSAGE][PASSED] - Text of object '' is: 'GREEN BUTTON FOR AJAX #DCH18, DCH446, DCH45, DCH446 & HOU45'

2022-01-15 19:39:38 - [MESSAGE][PASSED] - Text of object '' is: 'In Stock!'

2022-01-15 19:39:38 - [MESSAGE][PASSED] - Attribute 'src' of object '' is: 'https://www.cleanersupply.com/4ad6b3/globalassets/catalogs/prt3/prt381_p/prt381_paren/prt381_parent/prt381-1-main-prt381_parent.jpg?width=120&height=120&quality=85'

2022-01-15 19:39:38 - [TEST_STEP][PASSED] - ShoppingCartHelpers.navigateToCheckoutPage(): Object: 'Object Repository/Shopping Cart/button_proceedToCheckout' is clicked on

2022-01-15 19:39:39 - [MESSAGE][PASSED] - Object: 'Object Repository/Shopping Cart/a_shoppingCartProductTitle' is hovered

2022-01-15 19:39:39 - [MESSAGE][PASSED] - Get CSS 'background-color' value on 'Object Repository/Shopping Cart/button_proceedToCheckout' successfully: 'rgba(82, 36, 127, 1)'.

2022-01-15 19:39:40 - [MESSAGE][PASSED] - Get CSS 'color' value on 'Object Repository/Shopping Cart/button_proceedToCheckout' successfully: 'rgba(255, 255, 255, 1)'.

2022-01-15 19:39:40 - [MESSAGE][PASSED] - Object: 'Object Repository/Shopping Cart/button_proceedToCheckout' is hovered

2022-01-15 19:39:41 - [MESSAGE][PASSED] - Get CSS 'box-shadow' value on 'Object Repository/Shopping Cart/button_proceedToCheckout' successfully: 'rgba(0, 0, 0, 0.3) 0px 0px 10px 2px'.

2022-01-15 19:39:43 - [MESSAGE][PASSED] - Object: 'Object Repository/Shopping Cart/button_proceedToCheckout' is clicked on

2022-01-15 19:39:43 - [TEST_STEP][PASSED] - CheckoutPageValidation.verifyNaigationTOCheckOut(): Text of object 'Object Repository/CheckOut/div_checkoutHeader' is: 'SECURE CHECKOUT'

2022-01-15 19:39:44 - [MESSAGE][PASSED] - Current window's title is: 'Checkout Interstitial - Cleaner's Supply'

2022-01-15 19:39:44 - [MESSAGE][PASSED] - Current window's url is: 'https://www.cleanersupply.com/checkout-interstitial/'

2022-01-15 19:39:45 - [MESSAGE][PASSED] - Text of object 'Object Repository/CheckOut/div_checkoutHeader' is: 'SECURE CHECKOUT'

2022-01-15 19:39:45 - [TEST_STEP][PASSED] - CheckoutPageValidation.verifyTotalPrice(): Text of object 'Object Repository/CheckOut/td_summaryTotalSubTotal' is: '$853.43'

2022-01-15 19:39:46 - [MESSAGE][PASSED] - Text of object 'Object Repository/CheckOut/span_checkoutTitleTotal' is: '$853.43'

2022-01-15 19:39:46 - [MESSAGE][PASSED] - Text of object 'Object Repository/CheckOut/td_summaryTableTotal' is: '$853.43'

2022-01-15 19:39:46 - [MESSAGE][PASSED] - Text of object 'Object Repository/CheckOut/td_summaryTotalSubTotal' is: '$853.43'

2022-01-15 19:39:46 - [TEST_STEP][PASSED] - CheckoutPageValidation.verifyCheckoutAsGuest(): Text of object 'Object Repository/CheckOut/label_checkoutAsGuest' is: 'Checkout as Guest'

2022-01-15 19:39:47 - [MESSAGE][PASSED] - Text of object 'Object Repository/CheckOut/label_checkoutAsGuest' is: 'Checkout as Guest'

2022-01-15 19:39:47 - [TEST_STEP][PASSED] - CheckoutPageValidation.verifyCheckoutAsGuestSelected(): Object 'Object Repository/CheckOut/input_checkoutAsGuestRadioButton' is checked

2022-01-15 19:39:47 - [MESSAGE][PASSED] - Object 'Object Repository/CheckOut/input_checkoutAsGuestRadioButton' is checked

2022-01-15 19:39:47 - [TEST_STEP][PASSED] - CheckoutPageValidation.verifyProductSummaryItemQountityTotal(): Unable to find the element located by 'By.xpath: '. Please recheck the objects properties to make sure the desired element is located. 

2022-01-15 19:39:50 - [MESSAGE][INFO] - Unable to find the element located by 'By.cssSelector: table.product-table tbody tr td.product-table__price'. Please recheck the objects properties to make sure the desired element is located. 

2022-01-15 19:39:50 - [MESSAGE][WARNING] - [SELF-HEALING] Failed to find element with id 'Object Repository/Shopping Cart/td_shoppingCartProductPrice'. Try using Self-healing.

2022-01-15 19:39:50 - [MESSAGE][WARNING] - [SELF-HEALING] Cannot find elements when the XPath is null.

2022-01-15 19:39:51 - [MESSAGE][INFO] - Unable to find the element located by 'By.xpath: '. Please recheck the objects properties to make sure the desired element is located. 

2022-01-15 19:39:53 - [MESSAGE][INFO] - Unable to find the element located by 'By.cssSelector: table.product-table tbody tr td.product-table__quantity input[name="quantity"]'. Please recheck the objects properties to make sure the desired element is located. 

2022-01-15 19:39:53 - [MESSAGE][WARNING] - [SELF-HEALING] Failed to find element with id 'Object Repository/Shopping Cart/input_shoppingCartProductQuantity'. Try using Self-healing.

2022-01-15 19:39:53 - [MESSAGE][WARNING] - [SELF-HEALING] Cannot find elements when the XPath is null.

2022-01-15 19:39:55 - [MESSAGE][INFO] - Unable to find the element located by 'By.xpath: '. Please recheck the objects properties to make sure the desired element is located. 

2022-01-15 19:39:57 - [MESSAGE][INFO] - Unable to find the element located by 'By.cssSelector: table.product-table tbody tr td.product-table__total'. Please recheck the objects properties to make sure the desired element is located. 

2022-01-15 19:39:57 - [MESSAGE][WARNING] - [SELF-HEALING] Failed to find element with id 'Object Repository/Shopping Cart/td_shoppingCartProductTotal'. Try using Self-healing.

2022-01-15 19:39:57 - [MESSAGE][WARNING] - [SELF-HEALING] Cannot find elements when the XPath is null.

2022-01-15 19:39:59 - [MESSAGE][INFO] - Unable to find the element located by 'By.xpath: '. Please recheck the objects properties to make sure the desired element is located. 

2022-01-15 19:39:59 - [TEST_STEP][PASSED] - CheckoutPageHelpers.navigateToCheckoutInformationForm(): Object: 'Object Repository/CheckOut/button_continueButton' is clicked on

2022-01-15 19:40:01 - [MESSAGE][PASSED] - Object: 'Object Repository/CheckOut/button_continueButton' is clicked on

2022-01-15 19:40:01 - [TEST_STEP][PASSED] - checkOutFormHelper.fillCheckOutForm(): Object: 'Object Repository/CheckOutForm/a_reviewOrder' is clicked on

2022-01-15 19:40:01 - [MESSAGE][PASSED] - Current window's title is: 'Checkout - Cleaner's Supply'

2022-01-15 19:40:01 - [MESSAGE][PASSED] - Current window's url is: 'https://www.cleanersupply.com/checkout/'

2022-01-15 19:40:03 - [MESSAGE][PASSED] - Text of object 'Object Repository/CheckOutForm/h1_checkOutHeader' is: 'CHECKOUT'

2022-01-15 19:40:03 - [MESSAGE][PASSED] - Object: 'Object Repository/CheckOutForm/input_company' is focused

2022-01-15 19:40:03 - [MESSAGE][PASSED] - Get CSS 'box-shadow' value on 'Object Repository/CheckOutForm/input_company' successfully: 'rgb(99, 99, 99) 0px -3px 0px 0px inset'.

2022-01-15 19:40:04 - [MESSAGE][PASSED] - Get CSS 'border-color' value on 'Object Repository/CheckOutForm/input_company' successfully: 'rgb(99, 99, 99)'.

2022-01-15 19:40:04 - [MESSAGE][PASSED] - Actual object 'rgb(99, 99, 99) 0px -3px 0px 0px inset' and expected object 'rgb(99, 99, 99) 0px -3px 0px 0px inset' are equal

2022-01-15 19:40:04 - [MESSAGE][PASSED] - Actual object 'rgb(99, 99, 99)' and expected object 'rgb(99, 99, 99)' are equal

2022-01-15 19:40:04 - [MESSAGE][PASSED] - Text 'testCompany' is set on object 'Object Repository/CheckOutForm/input_company'

2022-01-15 19:40:05 - [MESSAGE][PASSED] - Object: 'Object Repository/CheckOutForm/input_fname' is focused

2022-01-15 19:40:06 - [MESSAGE][PASSED] - Get CSS 'box-shadow' value on 'Object Repository/CheckOutForm/input_fname' successfully: 'rgb(99, 99, 99) 0px -3px 0px 0px inset'.

2022-01-15 19:40:06 - [MESSAGE][PASSED] - Get CSS 'border-color' value on 'Object Repository/CheckOutForm/input_fname' successfully: 'rgb(99, 99, 99)'.

2022-01-15 19:40:06 - [MESSAGE][PASSED] - Actual object 'rgb(99, 99, 99) 0px -3px 0px 0px inset' and expected object 'rgb(99, 99, 99) 0px -3px 0px 0px inset' are equal

2022-01-15 19:40:06 - [MESSAGE][PASSED] - Actual object 'rgb(99, 99, 99)' and expected object 'rgb(99, 99, 99)' are equal

2022-01-15 19:40:07 - [MESSAGE][PASSED] - Text 'FNameTest' is set on object 'Object Repository/CheckOutForm/input_fname'

2022-01-15 19:40:07 - [MESSAGE][PASSED] - Object: 'Object Repository/CheckOutForm/input_lNAme' is focused

2022-01-15 19:40:08 - [MESSAGE][PASSED] - Get CSS 'box-shadow' value on 'Object Repository/CheckOutForm/input_lNAme' successfully: 'rgb(99, 99, 99) 0px -3px 0px 0px inset'.

2022-01-15 19:40:08 - [MESSAGE][PASSED] - Get CSS 'border-color' value on 'Object Repository/CheckOutForm/input_lNAme' successfully: 'rgb(99, 99, 99)'.

2022-01-15 19:40:08 - [MESSAGE][PASSED] - Actual object 'rgb(99, 99, 99) 0px -3px 0px 0px inset' and expected object 'rgb(99, 99, 99) 0px -3px 0px 0px inset' are equal

2022-01-15 19:40:08 - [MESSAGE][PASSED] - Actual object 'rgb(99, 99, 99)' and expected object 'rgb(99, 99, 99)' are equal

2022-01-15 19:40:09 - [MESSAGE][PASSED] - Text 'lnameValueTest' is set on object 'Object Repository/CheckOutForm/input_lNAme'

2022-01-15 19:40:10 - [MESSAGE][PASSED] - Object: 'Object Repository/CheckOutForm/input_address' is focused

2022-01-15 19:40:10 - [MESSAGE][PASSED] - Get CSS 'box-shadow' value on 'Object Repository/CheckOutForm/input_address' successfully: 'rgb(99, 99, 99) 0px -3px 0px 0px inset'.

2022-01-15 19:40:10 - [MESSAGE][PASSED] - Get CSS 'border-color' value on 'Object Repository/CheckOutForm/input_address' successfully: 'rgb(99, 99, 99)'.

2022-01-15 19:40:10 - [MESSAGE][PASSED] - Actual object 'rgb(99, 99, 99) 0px -3px 0px 0px inset' and expected object 'rgb(99, 99, 99) 0px -3px 0px 0px inset' are equal

2022-01-15 19:40:10 - [MESSAGE][PASSED] - Actual object 'rgb(99, 99, 99)' and expected object 'rgb(99, 99, 99)' are equal

2022-01-15 19:40:11 - [MESSAGE][PASSED] - Text 'addres1Test' is set on object 'Object Repository/CheckOutForm/input_address'

2022-01-15 19:40:12 - [MESSAGE][PASSED] - Object: 'Object Repository/CheckOutForm/input_address2' is focused

2022-01-15 19:40:12 - [MESSAGE][PASSED] - Get CSS 'box-shadow' value on 'Object Repository/CheckOutForm/input_address2' successfully: 'rgb(99, 99, 99) 0px -3px 0px 0px inset'.

2022-01-15 19:40:13 - [MESSAGE][PASSED] - Get CSS 'border-color' value on 'Object Repository/CheckOutForm/input_address2' successfully: 'rgb(99, 99, 99)'.

2022-01-15 19:40:13 - [MESSAGE][PASSED] - Actual object 'rgb(99, 99, 99) 0px -3px 0px 0px inset' and expected object 'rgb(99, 99, 99) 0px -3px 0px 0px inset' are equal

2022-01-15 19:40:13 - [MESSAGE][PASSED] - Actual object 'rgb(99, 99, 99)' and expected object 'rgb(99, 99, 99)' are equal

2022-01-15 19:40:14 - [MESSAGE][PASSED] - Text 'address2 test' is set on object 'Object Repository/CheckOutForm/input_address2'

2022-01-15 19:40:14 - [MESSAGE][PASSED] - Object: 'Object Repository/CheckOutForm/input_zipCode' is focused

2022-01-15 19:40:15 - [MESSAGE][PASSED] - Get CSS 'box-shadow' value on 'Object Repository/CheckOutForm/input_zipCode' successfully: 'rgb(99, 99, 99) 0px -3px 0px 0px inset'.

2022-01-15 19:40:15 - [MESSAGE][PASSED] - Get CSS 'border-color' value on 'Object Repository/CheckOutForm/input_zipCode' successfully: 'rgb(99, 99, 99)'.

2022-01-15 19:40:15 - [MESSAGE][PASSED] - Actual object 'rgb(99, 99, 99) 0px -3px 0px 0px inset' and expected object 'rgb(99, 99, 99) 0px -3px 0px 0px inset' are equal

2022-01-15 19:40:15 - [MESSAGE][PASSED] - Actual object 'rgb(99, 99, 99)' and expected object 'rgb(99, 99, 99)' are equal

2022-01-15 19:40:16 - [MESSAGE][PASSED] - Text '55555' is set on object 'Object Repository/CheckOutForm/input_zipCode'

2022-01-15 19:40:16 - [MESSAGE][PASSED] - Object: 'Object Repository/CheckOutForm/input_city' is focused

2022-01-15 19:40:18 - [MESSAGE][PASSED] - Get CSS 'box-shadow' value on 'Object Repository/CheckOutForm/input_city' successfully: 'rgb(99, 99, 99) 0px -3px 0px 0px inset'.

2022-01-15 19:40:18 - [MESSAGE][PASSED] - Get CSS 'border-color' value on 'Object Repository/CheckOutForm/input_city' successfully: 'rgb(99, 99, 99)'.

2022-01-15 19:40:18 - [MESSAGE][PASSED] - Actual object 'rgb(99, 99, 99) 0px -3px 0px 0px inset' and expected object 'rgb(99, 99, 99) 0px -3px 0px 0px inset' are equal

2022-01-15 19:40:18 - [MESSAGE][PASSED] - Actual object 'rgb(99, 99, 99)' and expected object 'rgb(99, 99, 99)' are equal

2022-01-15 19:40:19 - [MESSAGE][PASSED] - Text 'Palestine' is set on object 'Object Repository/CheckOutForm/input_city'

2022-01-15 19:40:20 - [MESSAGE][PASSED] - Object: 'Object Repository/CheckOutForm/input_phoneNum' is focused

2022-01-15 19:40:20 - [MESSAGE][PASSED] - Get CSS 'box-shadow' value on 'Object Repository/CheckOutForm/input_phoneNum' successfully: 'rgb(99, 99, 99) 0px -3px 0px 0px inset'.

2022-01-15 19:40:21 - [MESSAGE][PASSED] - Get CSS 'border-color' value on 'Object Repository/CheckOutForm/input_phoneNum' successfully: 'rgb(99, 99, 99)'.

2022-01-15 19:40:21 - [MESSAGE][PASSED] - Actual object 'rgb(99, 99, 99) 0px -3px 0px 0px inset' and expected object 'rgb(99, 99, 99) 0px -3px 0px 0px inset' are equal

2022-01-15 19:40:21 - [MESSAGE][PASSED] - Actual object 'rgb(99, 99, 99)' and expected object 'rgb(99, 99, 99)' are equal

2022-01-15 19:40:21 - [MESSAGE][PASSED] - Text '541-143-1030' is set on object 'Object Repository/CheckOutForm/input_phoneNum'

2022-01-15 19:40:22 - [MESSAGE][PASSED] - Object: 'Object Repository/CheckOutForm/input_phoneExt' is focused

2022-01-15 19:40:23 - [MESSAGE][PASSED] - Get CSS 'box-shadow' value on 'Object Repository/CheckOutForm/input_phoneExt' successfully: 'rgb(99, 99, 99) 0px -3px 0px 0px inset'.

2022-01-15 19:40:24 - [MESSAGE][PASSED] - Get CSS 'border-color' value on 'Object Repository/CheckOutForm/input_phoneExt' successfully: 'rgb(99, 99, 99)'.

2022-01-15 19:40:24 - [MESSAGE][PASSED] - Actual object 'rgb(99, 99, 99) 0px -3px 0px 0px inset' and expected object 'rgb(99, 99, 99) 0px -3px 0px 0px inset' are equal

2022-01-15 19:40:24 - [MESSAGE][PASSED] - Actual object 'rgb(99, 99, 99)' and expected object 'rgb(99, 99, 99)' are equal

2022-01-15 19:40:25 - [MESSAGE][PASSED] - Text '1' is set on object 'Object Repository/CheckOutForm/input_phoneExt'

2022-01-15 19:40:25 - [MESSAGE][PASSED] - Object: 'Object Repository/CheckOutForm/input_phoneExt' is focused

2022-01-15 19:40:25 - [MESSAGE][PASSED] - Get CSS 'box-shadow' value on 'Object Repository/CheckOutForm/input_phoneExt' successfully: 'rgb(99, 99, 99) 0px -3px 0px 0px inset'.

2022-01-15 19:40:26 - [MESSAGE][PASSED] - Get CSS 'border-color' value on 'Object Repository/CheckOutForm/input_phoneExt' successfully: 'rgb(99, 99, 99)'.

2022-01-15 19:40:26 - [MESSAGE][PASSED] - Actual object 'rgb(99, 99, 99) 0px -3px 0px 0px inset' and expected object 'rgb(99, 99, 99) 0px -3px 0px 0px inset' are equal

2022-01-15 19:40:26 - [MESSAGE][PASSED] - Actual object 'rgb(99, 99, 99)' and expected object 'rgb(99, 99, 99)' are equal

2022-01-15 19:40:26 - [MESSAGE][PASSED] - Text '1' is set on object 'Object Repository/CheckOutForm/input_phoneExt'

2022-01-15 19:40:27 - [MESSAGE][PASSED] - Object: 'Object Repository/CheckOutForm/input_email' is focused

2022-01-15 19:40:27 - [MESSAGE][PASSED] - Get CSS 'box-shadow' value on 'Object Repository/CheckOutForm/input_email' successfully: 'rgb(99, 99, 99) 0px -3px 0px 0px inset'.

2022-01-15 19:40:28 - [MESSAGE][PASSED] - Get CSS 'border-color' value on 'Object Repository/CheckOutForm/input_email' successfully: 'rgb(99, 99, 99)'.

2022-01-15 19:40:28 - [MESSAGE][PASSED] - Actual object 'rgb(99, 99, 99) 0px -3px 0px 0px inset' and expected object 'rgb(99, 99, 99) 0px -3px 0px 0px inset' are equal

2022-01-15 19:40:28 - [MESSAGE][PASSED] - Actual object 'rgb(99, 99, 99)' and expected object 'rgb(99, 99, 99)' are equal

2022-01-15 19:40:28 - [MESSAGE][PASSED] - Text 'test@test.com' is set on object 'Object Repository/CheckOutForm/input_email'

2022-01-15 19:40:29 - [MESSAGE][PASSED] - Object: 'Object Repository/CheckOutForm/button_state' is clicked on

2022-01-15 19:40:30 - [MESSAGE][PASSED] - Object 'Object Repository/CheckOutForm/button_state' has attribute 'aria-expanded' with value 'true'

2022-01-15 19:40:30 - [MESSAGE][PASSED] - Object: 'Object Repository/CheckOutForm/a_state' is clicked on

2022-01-15 19:40:32 - [MESSAGE][PASSED] - Text of object 'Object Repository/CheckOutForm/span_selectedState' is: 'Arizona'

2022-01-15 19:40:33 - [MESSAGE][PASSED] - Object: 'Object Repository/CheckOutForm/input_creditCardName' is focused

2022-01-15 19:40:34 - [MESSAGE][PASSED] - Get CSS 'box-shadow' value on 'Object Repository/CheckOutForm/input_creditCardName' successfully: 'rgb(99, 99, 99) 0px -3px 0px 0px inset'.

2022-01-15 19:40:34 - [MESSAGE][PASSED] - Get CSS 'border-color' value on 'Object Repository/CheckOutForm/input_creditCardName' successfully: 'rgb(99, 99, 99)'.

2022-01-15 19:40:34 - [MESSAGE][PASSED] - Actual object 'rgb(99, 99, 99) 0px -3px 0px 0px inset' and expected object 'rgb(99, 99, 99) 0px -3px 0px 0px inset' are equal

2022-01-15 19:40:34 - [MESSAGE][PASSED] - Actual object 'rgb(99, 99, 99)' and expected object 'rgb(99, 99, 99)' are equal

2022-01-15 19:40:35 - [MESSAGE][PASSED] - Text 'Razan' is set on object 'Object Repository/CheckOutForm/input_creditCardName'

2022-01-15 19:40:36 - [MESSAGE][PASSED] - Object: 'Object Repository/CheckOutForm/input_cardNumber' is focused

2022-01-15 19:40:36 - [MESSAGE][PASSED] - Get CSS 'box-shadow' value on 'Object Repository/CheckOutForm/input_cardNumber' successfully: 'rgb(99, 99, 99) 0px -3px 0px 0px inset'.

2022-01-15 19:40:37 - [MESSAGE][PASSED] - Get CSS 'border-color' value on 'Object Repository/CheckOutForm/input_cardNumber' successfully: 'rgb(99, 99, 99)'.

2022-01-15 19:40:37 - [MESSAGE][PASSED] - Actual object 'rgb(99, 99, 99) 0px -3px 0px 0px inset' and expected object 'rgb(99, 99, 99) 0px -3px 0px 0px inset' are equal

2022-01-15 19:40:37 - [MESSAGE][PASSED] - Actual object 'rgb(99, 99, 99)' and expected object 'rgb(99, 99, 99)' are equal

2022-01-15 19:40:38 - [MESSAGE][PASSED] - Text '379936489179273' is set on object 'Object Repository/CheckOutForm/input_cardNumber'

2022-01-15 19:40:38 - [MESSAGE][PASSED] - Object: 'Object Repository/CheckOutForm/input_cvv' is focused

2022-01-15 19:40:39 - [MESSAGE][PASSED] - Get CSS 'box-shadow' value on 'Object Repository/CheckOutForm/input_cvv' successfully: 'rgb(99, 99, 99) 0px -3px 0px 0px inset'.

2022-01-15 19:40:39 - [MESSAGE][PASSED] - Get CSS 'border-color' value on 'Object Repository/CheckOutForm/input_cvv' successfully: 'rgb(99, 99, 99)'.

2022-01-15 19:40:39 - [MESSAGE][PASSED] - Actual object 'rgb(99, 99, 99) 0px -3px 0px 0px inset' and expected object 'rgb(99, 99, 99) 0px -3px 0px 0px inset' are equal

2022-01-15 19:40:39 - [MESSAGE][PASSED] - Actual object 'rgb(99, 99, 99)' and expected object 'rgb(99, 99, 99)' are equal

2022-01-15 19:40:40 - [MESSAGE][PASSED] - Text '2222' is set on object 'Object Repository/CheckOutForm/input_cvv'

2022-01-15 19:40:40 - [MESSAGE][PASSED] - Object: 'Object Repository/CheckOutForm/button_expirationDate' is clicked on

2022-01-15 19:40:42 - [MESSAGE][PASSED] - Object: 'Object Repository/CheckOutForm/button_expirationYear' is clicked on

2022-01-15 19:40:43 - [MESSAGE][PASSED] - Object: 'Object Repository/CheckOutForm/input_PO' is focused

2022-01-15 19:40:44 - [MESSAGE][PASSED] - Get CSS 'box-shadow' value on 'Object Repository/CheckOutForm/input_PO' successfully: 'rgb(99, 99, 99) 0px -3px 0px 0px inset'.

2022-01-15 19:40:45 - [MESSAGE][PASSED] - Get CSS 'border-color' value on 'Object Repository/CheckOutForm/input_PO' successfully: 'rgb(99, 99, 99)'.

2022-01-15 19:40:45 - [MESSAGE][PASSED] - Actual object 'rgb(99, 99, 99) 0px -3px 0px 0px inset' and expected object 'rgb(99, 99, 99) 0px -3px 0px 0px inset' are equal

2022-01-15 19:40:45 - [MESSAGE][PASSED] - Actual object 'rgb(99, 99, 99)' and expected object 'rgb(99, 99, 99)' are equal

2022-01-15 19:40:45 - [MESSAGE][PASSED] - Text 'test1155' is set on object 'Object Repository/CheckOutForm/input_PO'

2022-01-15 19:40:47 - [MESSAGE][PASSED] - Text 'test comment' is set on object 'Object Repository/CheckOutForm/input_comments'

2022-01-15 19:40:47 - [MESSAGE][PASSED] - Object: 'Object Repository/CheckOutForm/a_reviewOrder' is clicked on

2022-01-15 19:40:47 - [TEST_STEP][PASSED] - CheckoutPageValidation.verifyNavigationToCheckoutDetails(): Text of object 'Object Repository/CheckOut Details/h1_checkoutHeader' is: 'CHECKOUT'

2022-01-15 19:40:48 - [MESSAGE][PASSED] - Current window's title is: 'Checkout - Cleaner's Supply'

2022-01-15 19:40:48 - [MESSAGE][PASSED] - Current window's url is: 'https://www.cleanersupply.com/checkout/'

2022-01-15 19:40:50 - [MESSAGE][PASSED] - Text of object 'Object Repository/CheckOut Details/h1_checkoutHeader' is: 'CHECKOUT'

2022-01-15 19:40:50 - [TEST_STEP][PASSED] - CheckoutPageHelpers.ShippingAddressDiv(): Text of object 'Object Repository/CheckOut Details/h2_shippingAddrDivHeader' is: 'SHIPPING ADDRESS'

2022-01-15 19:40:50 - [MESSAGE][PASSED] - Scroll to object 'Object Repository/CheckOut Details/div_shippingAddr' successfully

2022-01-15 19:40:50 - [MESSAGE][PASSED] - Object 'Object Repository/CheckOut Details/div_shippingAddr' is visible

2022-01-15 19:40:51 - [MESSAGE][PASSED] - Get CSS 'background-color' value on 'Object Repository/CheckOut Details/div_shippingAddr' successfully: 'rgba(241, 242, 242, 1)'.

2022-01-15 19:40:51 - [MESSAGE][PASSED] - Object 'Object Repository/CheckOut Details/h2_shippingAddrDivHeader' is visible

2022-01-15 19:40:52 - [MESSAGE][PASSED] - Text of object 'Object Repository/CheckOut Details/h2_shippingAddrDivHeader' is: 'SHIPPING ADDRESS'

2022-01-15 19:40:52 - [TEST_STEP][PASSED] - CheckoutPageHelpers.ShippingDetailsInCeckout(): Text of object 'Object Repository/CheckOut Details/span_shippingAddressDetails' is: 'testCompany
FNameTest lnameValueTest
addres1Test
address2 test
Palestine, AZ 55555
541-143-1030 x1
United States'

2022-01-15 19:40:52 - [MESSAGE][PASSED] - Text of object 'Object Repository/CheckOut Details/span_shippingAddressDetails' is: 'testCompany
FNameTest lnameValueTest
addres1Test
address2 test
Palestine, AZ 55555
541-143-1030 x1
United States'

2022-01-15 19:40:52 - [TEST_STEP][PASSED] - CheckoutPageHelpers.standardShippingAddress(): Object: 'Object Repository/CheckOut Details/a_shippingOptionLink' is clicked on

2022-01-15 19:40:53 - [MESSAGE][PASSED] - Object 'Object Repository/CheckOut Details/dic_standardShiping' is visible

2022-01-15 19:40:53 - [MESSAGE][PASSED] - Get CSS 'background-color' value on 'Object Repository/CheckOut Details/dic_standardShiping' successfully: 'rgba(241, 242, 242, 1)'.

2022-01-15 19:40:53 - [MESSAGE][PASSED] - Attribute 'class' of object 'Object Repository/CheckOut Details/a_shippingOptionLink' is: 'pull-right collapsed'

2022-01-15 19:40:54 - [MESSAGE][PASSED] - Object: 'Object Repository/CheckOut Details/a_shippingOptionLink' is clicked on

2022-01-15 19:40:55 - [MESSAGE][PASSED] - Attribute 'class' of object 'Object Repository/CheckOut Details/a_shippingOptionLink' is: 'pull-right'

2022-01-15 19:40:55 - [MESSAGE][PASSED] - Get CSS 'border-color' value on 'Object Repository/CheckOut Details/span_standard_Delivery' successfully: 'rgb(82, 36, 127)'.

2022-01-15 19:40:56 - [MESSAGE][PASSED] - Object: 'Object Repository/CheckOut Details/a_shippingOptionLink' is clicked on

2022-01-15 19:40:56 - [TEST_STEP][PASSED] - CheckoutPageHelpers.paymentMethodDiv(): Text of object 'Object Repository/CheckOut Details/h2_paymentMethodHeader' is: 'PAYMENT METHOD'

2022-01-15 19:40:56 - [MESSAGE][PASSED] - Object 'Object Repository/CheckOut Details/h2_paymentMethodHeader' is visible

2022-01-15 19:40:56 - [MESSAGE][PASSED] - Text of object 'Object Repository/CheckOut Details/h2_paymentMethodHeader' is: 'PAYMENT METHOD'

2022-01-15 19:40:56 - [TEST_STEP][PASSED] - CheckoutPageHelpers.verifyPaymentMethodDetails(): Attribute 'value' of object 'Object Repository/CheckOut Details/input_paymentMethodComment' is: 'test comment'

2022-01-15 19:40:57 - [MESSAGE][PASSED] - Text of object 'Object Repository/CheckOut Details/span_paymentMethodDetails' is: 'AmericanExpress **** 9273
Razan
Expires: 7/31'

2022-01-15 19:40:57 - [MESSAGE][PASSED] - Object 'Object Repository/CheckOut Details/div_PoNoDiv' is visible

2022-01-15 19:40:58 - [MESSAGE][PASSED] - Attribute 'value' of object 'Object Repository/CheckOut Details/input_paymentMethodPo' is: 'test1155'

2022-01-15 19:40:58 - [MESSAGE][PASSED] - Attribute 'value' of object 'Object Repository/CheckOut Details/input_paymentMethodComment' is: 'test comment'

2022-01-15 19:40:58 - [TEST_STEP][PASSED] - closeBrowser(): Browser is closed

2022-01-15 19:41:01 - [MESSAGE][PASSED] - Browser is closed]]></system-out>
         <system-err><![CDATA[]]></system-err>
      </testcase>
      <system-out><![CDATA[2022-01-15 19:33:57 - [TEST_SUITE][FAILED] - Checkout: Test Cases/Checkout Scenario/Product Details FAILED.
Reason:
com.kms.katalon.core.exception.StepFailedException: Unable to click on object 'Object Repository/Product details/a_largeLink'
	at com.kms.katalon.core.webui.keyword.internal.WebUIKeywordMain.stepFailed(WebUIKeywordMain.groovy:64)
	at com.kms.katalon.core.webui.keyword.internal.WebUIKeywordMain.runKeyword(WebUIKeywordMain.groovy:26)
	at com.kms.katalon.core.webui.keyword.builtin.ClickKeyword.click(ClickKeyword.groovy:74)
	at com.kms.katalon.core.webui.keyword.builtin.ClickKeyword.execute(ClickKeyword.groovy:40)
	at com.kms.katalon.core.keyword.internal.KeywordExecutor.executeKeywordForPlatform(KeywordExecutor.groovy:74)
	at com.kms.katalon.core.webui.keyword.WebUiBuiltInKeywords.click(WebUiBuiltInKeywords.groovy:620)
	at com.kms.katalon.core.webui.keyword.WebUiBuiltInKeywords$click$10.call(Unknown Source)
	at actions.ProductDetailsActions.largeSizeLinkClickAction(ProductDetailsActions.groovy:65)
	at actions.ProductDetailsActions$largeSizeLinkClickAction$7.call(Unknown Source)
	at helpers.ProductDetailsHelpers.hoverEffectAndClickLargeSizeLink(ProductDetailsHelpers.groovy:88)
	at helpers.ProductDetailsHelpers$hoverEffectAndClickLargeSizeLink$3.call(Unknown Source)
	at Product Details.run(Product Details:51)
	at com.kms.katalon.core.main.ScriptEngine.run(ScriptEngine.java:194)
	at com.kms.katalon.core.main.ScriptEngine.runScriptAsRawText(ScriptEngine.java:119)
	at com.kms.katalon.core.main.TestCaseExecutor.runScript(TestCaseExecutor.java:442)
	at com.kms.katalon.core.main.TestCaseExecutor.doExecute(TestCaseExecutor.java:433)
	at com.kms.katalon.core.main.TestCaseExecutor.processExecutionPhase(TestCaseExecutor.java:412)
	at com.kms.katalon.core.main.TestCaseExecutor.accessMainPhase(TestCaseExecutor.java:404)
	at com.kms.katalon.core.main.TestCaseExecutor.execute(TestCaseExecutor.java:281)
	at com.kms.katalon.core.main.TestSuiteExecutor.accessTestCaseMainPhase(TestSuiteExecutor.java:202)
	at com.kms.katalon.core.main.TestSuiteExecutor.accessTestSuiteMainPhase(TestSuiteExecutor.java:164)
	at com.kms.katalon.core.main.TestSuiteExecutor.execute(TestSuiteExecutor.java:105)
	at com.kms.katalon.core.main.TestCaseMain.startTestSuite(TestCaseMain.java:181)
	at com.kms.katalon.core.main.TestCaseMain$startTestSuite$0.call(Unknown Source)
	at TempTestSuite1642268026798.run(TempTestSuite1642268026798.groovy:36)
Caused by: org.openqa.selenium.ElementClickInterceptedException: element click intercepted: Element <a href="#" title="Large - 24&quot; x 27&quot; x 8&quot;" class="xlarge option-box">...</a> is not clickable at point (1013, 92). Other element would receive the click: <div class="dropdown-menu cart-dropdown hidden-md">...</div>
  (Session info: chrome=97.0.4692.71)
Build info: version: '3.141.59', revision: 'e82be7d358', time: '2018-11-14T08:25:53'
System info: host: 'DESKTOP-KJ1I4K3', ip: '172.22.80.1', os.name: 'Windows 10', os.arch: 'amd64', os.version: '10.0', java.version: '1.8.0_282'
Driver info: com.kms.katalon.selenium.driver.CChromeDriver
Capabilities {acceptInsecureCerts: false, browserName: chrome, browserVersion: 97.0.4692.71, chrome: {chromedriverVersion: 97.0.4692.71 (adefa7837d02a..., userDataDir: C:\Users\Hp\AppData\Local\T...}, goog:chromeOptions: {debuggerAddress: localhost:59184}, javascriptEnabled: true, networkConnectionEnabled: false, pageLoadStrategy: normal, platform: WINDOWS, platformName: WINDOWS, proxy: Proxy(), setWindowRect: true, strictFileInteractability: false, timeouts: {implicit: 0, pageLoad: 300000, script: 30000}, unhandledPromptBehavior: dismiss and notify, webauthn:extension:credBlob: true, webauthn:extension:largeBlob: true, webauthn:virtualAuthenticators: true}
Session ID: 2cc79fa14e674c4ca11ca59123964d3f
	at org.openqa.selenium.remote.http.W3CHttpResponseCodec.createException(W3CHttpResponseCodec.java:187)
	at org.openqa.selenium.remote.http.W3CHttpResponseCodec.decode(W3CHttpResponseCodec.java:122)
	at org.openqa.selenium.remote.http.W3CHttpResponseCodec.decode(W3CHttpResponseCodec.java:49)
	at org.openqa.selenium.remote.HttpCommandExecutor.execute(HttpCommandExecutor.java:158)
	at org.openqa.selenium.remote.service.DriverCommandExecutor.execute(DriverCommandExecutor.java:83)
	at org.openqa.selenium.remote.RemoteWebDriver.execute(RemoteWebDriver.java:552)
	at com.kms.katalon.selenium.driver.CChromeDriver.execute(CChromeDriver.java:19)
	at org.openqa.selenium.remote.RemoteWebElement.execute(RemoteWebElement.java:285)
	at org.openqa.selenium.remote.RemoteWebElement.click(RemoteWebElement.java:84)
	at org.openqa.selenium.support.events.EventFiringWebDriver$EventFiringWebElement.lambda$new$0(EventFiringWebDriver.java:404)
	at com.sun.proxy.$Proxy11.click(Unknown Source)
	at org.openqa.selenium.support.events.EventFiringWebDriver$EventFiringWebElement.click(EventFiringWebDriver.java:417)
	at org.openqa.selenium.WebElement$click.call(Unknown Source)
	at com.kms.katalon.core.webui.keyword.builtin.ClickKeyword.clickUntilSuccessWithTimeout(ClickKeyword.groovy:81)
	at com.kms.katalon.core.webui.keyword.builtin.ClickKeyword.clickUntilSuccessWithTimeout(ClickKeyword.groovy)
	at com.kms.katalon.core.webui.keyword.builtin.ClickKeyword$_click_closure1.doCall(ClickKeyword.groovy:67)
	at com.kms.katalon.core.webui.keyword.builtin.ClickKeyword$_click_closure1.call(ClickKeyword.groovy)
	at com.kms.katalon.core.webui.keyword.internal.WebUIKeywordMain.runKeyword(WebUIKeywordMain.groovy:20)
	... 23 more]]></system-out>
      <system-err><![CDATA[2022-01-15 19:33:57 - [TEST_SUITE][FAILED] - Checkout: Test Cases/Checkout Scenario/Product Details FAILED.
Reason:
com.kms.katalon.core.exception.StepFailedException: Unable to click on object 'Object Repository/Product details/a_largeLink'
	at com.kms.katalon.core.webui.keyword.internal.WebUIKeywordMain.stepFailed(WebUIKeywordMain.groovy:64)
	at com.kms.katalon.core.webui.keyword.internal.WebUIKeywordMain.runKeyword(WebUIKeywordMain.groovy:26)
	at com.kms.katalon.core.webui.keyword.builtin.ClickKeyword.click(ClickKeyword.groovy:74)
	at com.kms.katalon.core.webui.keyword.builtin.ClickKeyword.execute(ClickKeyword.groovy:40)
	at com.kms.katalon.core.keyword.internal.KeywordExecutor.executeKeywordForPlatform(KeywordExecutor.groovy:74)
	at com.kms.katalon.core.webui.keyword.WebUiBuiltInKeywords.click(WebUiBuiltInKeywords.groovy:620)
	at com.kms.katalon.core.webui.keyword.WebUiBuiltInKeywords$click$10.call(Unknown Source)
	at actions.ProductDetailsActions.largeSizeLinkClickAction(ProductDetailsActions.groovy:65)
	at actions.ProductDetailsActions$largeSizeLinkClickAction$7.call(Unknown Source)
	at helpers.ProductDetailsHelpers.hoverEffectAndClickLargeSizeLink(ProductDetailsHelpers.groovy:88)
	at helpers.ProductDetailsHelpers$hoverEffectAndClickLargeSizeLink$3.call(Unknown Source)
	at Product Details.run(Product Details:51)
	at com.kms.katalon.core.main.ScriptEngine.run(ScriptEngine.java:194)
	at com.kms.katalon.core.main.ScriptEngine.runScriptAsRawText(ScriptEngine.java:119)
	at com.kms.katalon.core.main.TestCaseExecutor.runScript(TestCaseExecutor.java:442)
	at com.kms.katalon.core.main.TestCaseExecutor.doExecute(TestCaseExecutor.java:433)
	at com.kms.katalon.core.main.TestCaseExecutor.processExecutionPhase(TestCaseExecutor.java:412)
	at com.kms.katalon.core.main.TestCaseExecutor.accessMainPhase(TestCaseExecutor.java:404)
	at com.kms.katalon.core.main.TestCaseExecutor.execute(TestCaseExecutor.java:281)
	at com.kms.katalon.core.main.TestSuiteExecutor.accessTestCaseMainPhase(TestSuiteExecutor.java:202)
	at com.kms.katalon.core.main.TestSuiteExecutor.accessTestSuiteMainPhase(TestSuiteExecutor.java:164)
	at com.kms.katalon.core.main.TestSuiteExecutor.execute(TestSuiteExecutor.java:105)
	at com.kms.katalon.core.main.TestCaseMain.startTestSuite(TestCaseMain.java:181)
	at com.kms.katalon.core.main.TestCaseMain$startTestSuite$0.call(Unknown Source)
	at TempTestSuite1642268026798.run(TempTestSuite1642268026798.groovy:36)
Caused by: org.openqa.selenium.ElementClickInterceptedException: element click intercepted: Element <a href="#" title="Large - 24&quot; x 27&quot; x 8&quot;" class="xlarge option-box">...</a> is not clickable at point (1013, 92). Other element would receive the click: <div class="dropdown-menu cart-dropdown hidden-md">...</div>
  (Session info: chrome=97.0.4692.71)
Build info: version: '3.141.59', revision: 'e82be7d358', time: '2018-11-14T08:25:53'
System info: host: 'DESKTOP-KJ1I4K3', ip: '172.22.80.1', os.name: 'Windows 10', os.arch: 'amd64', os.version: '10.0', java.version: '1.8.0_282'
Driver info: com.kms.katalon.selenium.driver.CChromeDriver
Capabilities {acceptInsecureCerts: false, browserName: chrome, browserVersion: 97.0.4692.71, chrome: {chromedriverVersion: 97.0.4692.71 (adefa7837d02a..., userDataDir: C:\Users\Hp\AppData\Local\T...}, goog:chromeOptions: {debuggerAddress: localhost:59184}, javascriptEnabled: true, networkConnectionEnabled: false, pageLoadStrategy: normal, platform: WINDOWS, platformName: WINDOWS, proxy: Proxy(), setWindowRect: true, strictFileInteractability: false, timeouts: {implicit: 0, pageLoad: 300000, script: 30000}, unhandledPromptBehavior: dismiss and notify, webauthn:extension:credBlob: true, webauthn:extension:largeBlob: true, webauthn:virtualAuthenticators: true}
Session ID: 2cc79fa14e674c4ca11ca59123964d3f
	at org.openqa.selenium.remote.http.W3CHttpResponseCodec.createException(W3CHttpResponseCodec.java:187)
	at org.openqa.selenium.remote.http.W3CHttpResponseCodec.decode(W3CHttpResponseCodec.java:122)
	at org.openqa.selenium.remote.http.W3CHttpResponseCodec.decode(W3CHttpResponseCodec.java:49)
	at org.openqa.selenium.remote.HttpCommandExecutor.execute(HttpCommandExecutor.java:158)
	at org.openqa.selenium.remote.service.DriverCommandExecutor.execute(DriverCommandExecutor.java:83)
	at org.openqa.selenium.remote.RemoteWebDriver.execute(RemoteWebDriver.java:552)
	at com.kms.katalon.selenium.driver.CChromeDriver.execute(CChromeDriver.java:19)
	at org.openqa.selenium.remote.RemoteWebElement.execute(RemoteWebElement.java:285)
	at org.openqa.selenium.remote.RemoteWebElement.click(RemoteWebElement.java:84)
	at org.openqa.selenium.support.events.EventFiringWebDriver$EventFiringWebElement.lambda$new$0(EventFiringWebDriver.java:404)
	at com.sun.proxy.$Proxy11.click(Unknown Source)
	at org.openqa.selenium.support.events.EventFiringWebDriver$EventFiringWebElement.click(EventFiringWebDriver.java:417)
	at org.openqa.selenium.WebElement$click.call(Unknown Source)
	at com.kms.katalon.core.webui.keyword.builtin.ClickKeyword.clickUntilSuccessWithTimeout(ClickKeyword.groovy:81)
	at com.kms.katalon.core.webui.keyword.builtin.ClickKeyword.clickUntilSuccessWithTimeout(ClickKeyword.groovy)
	at com.kms.katalon.core.webui.keyword.builtin.ClickKeyword$_click_closure1.doCall(ClickKeyword.groovy:67)
	at com.kms.katalon.core.webui.keyword.builtin.ClickKeyword$_click_closure1.call(ClickKeyword.groovy)
	at com.kms.katalon.core.webui.keyword.internal.WebUIKeywordMain.runKeyword(WebUIKeywordMain.groovy:20)
	... 23 more]]></system-err>
   </testsuite>
</testsuites>
