<?xml version="1.0" encoding="UTF-8"?>
<testsuites name="Checkout" time="409.443" tests="3" failures="1" errors="0">
   <testsuite name="Checkout" tests="3" failures="1" errors="0" time="409.443" skipped="0" timestamp="2022-01-17 12:58:21" hostname="waleedafifi - localhost" id="Test Suites/Checkout">
      <properties>
         <property name="deviceName" value=""/>
         <property name="devicePlatform" value=""/>
         <property name="logFolder" value="/Users/waleedafifi/Desktop/development/fixProj/cleanersupply/Reports/20220117_125503/Checkout/20220117_125506"/>
         <property name="logFiles" value="/Users/waleedafifi/Desktop/development/fixProj/cleanersupply/Reports/20220117_125503/Checkout/20220117_125506/execution0.log"/>
         <property name="attachments" value=""/>
         <property name="hostName" value="waleedafifi - localhost"/>
         <property name="os" value="Mac OS X 64bit"/>
         <property name="katalonVersion" value="8.2.0.208"/>
         <property name="browser" value="Chrome 97.0.4692.71"/>
         <property name="hostAddress" value="127.0.0.1"/>
         <property name="sessionId" value="97e68c4cb9e12d88de0cead568cdb0f2"/>
         <property name="seleniumVersion" value="3.141.59"/>
         <property name="proxyInformation" value="ProxyInformation { proxyOption=NO_PROXY, proxyServerType=HTTP, username=, password=********, proxyServerAddress=, proxyServerPort=0, executionList=&quot;&quot;, isApplyToDesiredCapabilities=true }"/>
         <property name="platform" value="Mac OS X"/>
      </properties>
      <testcase name="Test Cases/Checkout Scenario/Product Details" time="162.995" classname="Test Cases/Checkout Scenario/Product Details" status="FAILED">
         <failure type="FAILED" message="Test Cases/Checkout Scenario/Product Details FAILED.
Reason:
com.kms.katalon.core.exception.StepFailedException: Actual object 'rgba(99, 99, 99, 0.77) 0px -2.30473px 0px 0px inset' and expected object 'rgb(99, 99, 99) 0px -3px 0px 0px inset' are not equal
	at com.kms.katalon.core.keyword.builtin.VerifyEqualKeyword$_verifyEqual_closure1.doCall(VerifyEqualKeyword.groovy:58)
	at com.kms.katalon.core.keyword.builtin.VerifyEqualKeyword$_verifyEqual_closure1.call(VerifyEqualKeyword.groovy)
	at com.kms.katalon.core.keyword.internal.KeywordMain.runKeyword(KeywordMain.groovy:74)
	at com.kms.katalon.core.keyword.builtin.VerifyEqualKeyword.verifyEqual(VerifyEqualKeyword.groovy:63)
	at com.kms.katalon.core.keyword.builtin.VerifyEqualKeyword.execute(VerifyEqualKeyword.groovy:44)
	at com.kms.katalon.core.keyword.internal.KeywordExecutor.executeKeywordForPlatform(KeywordExecutor.groovy:74)
	at com.kms.katalon.core.keyword.BuiltinKeywords.verifyEqual(BuiltinKeywords.groovy:141)
	at validation.CheckOutFormValidation.validateBoxShadowBlaceHolderBorder(CheckOutFormValidation.groovy:35)
	at validation.CheckOutFormValidation$validateBoxShadowBlaceHolderBorder.call(Unknown Source)
	at helpers.checkOutFormHelper.sendAddress2Value(checkOutFormHelper.groovy:56)
	at helpers.checkOutFormHelper$sendAddress2Value$4.call(Unknown Source)
	at helpers.checkOutFormHelper.fillCheckOutForm(checkOutFormHelper.groovy:150)
	at helpers.checkOutFormHelper$fillCheckOutForm.call(Unknown Source)
	at Product Details.run(Product Details:64)
	at com.kms.katalon.core.main.ScriptEngine.run(ScriptEngine.java:194)
	at com.kms.katalon.core.main.ScriptEngine.runScriptAsRawText(ScriptEngine.java:119)
	at com.kms.katalon.core.main.TestCaseExecutor.runScript(TestCaseExecutor.java:442)
	at com.kms.katalon.core.main.TestCaseExecutor.doExecute(TestCaseExecutor.java:433)
	at com.kms.katalon.core.main.TestCaseExecutor.processExecutionPhase(TestCaseExecutor.java:412)
	at com.kms.katalon.core.main.TestCaseExecutor.accessMainPhase(TestCaseExecutor.java:404)
	at com.kms.katalon.core.main.TestCaseExecutor.execute(TestCaseExecutor.java:281)
	at com.kms.katalon.core.main.TestSuiteExecutor.accessTestCaseMainPhase(TestSuiteExecutor.java:202)
	at com.kms.katalon.core.main.TestSuiteExecutor.accessTestSuiteMainPhase(TestSuiteExecutor.java:164)
	at com.kms.katalon.core.main.TestSuiteExecutor.execute(TestSuiteExecutor.java:105)
	at com.kms.katalon.core.main.TestCaseMain.startTestSuite(TestCaseMain.java:181)
	at com.kms.katalon.core.main.TestCaseMain$startTestSuite$0.call(Unknown Source)
	at TempTestSuite1642416906736.run(TempTestSuite1642416906736.groovy:36)
"/>
         <system-out><![CDATA[2022-01-17 12:58:21 - [TEST_CASE][FAILED] - Test Cases/Checkout Scenario/Product Details: Test Cases/Checkout Scenario/Product Details FAILED.
Reason:
com.kms.katalon.core.exception.StepFailedException: Actual object 'rgba(99, 99, 99, 0.77) 0px -2.30473px 0px 0px inset' and expected object 'rgb(99, 99, 99) 0px -3px 0px 0px inset' are not equal
	at com.kms.katalon.core.keyword.builtin.VerifyEqualKeyword$_verifyEqual_closure1.doCall(VerifyEqualKeyword.groovy:58)
	at com.kms.katalon.core.keyword.builtin.VerifyEqualKeyword$_verifyEqual_closure1.call(VerifyEqualKeyword.groovy)
	at com.kms.katalon.core.keyword.internal.KeywordMain.runKeyword(KeywordMain.groovy:74)
	at com.kms.katalon.core.keyword.builtin.VerifyEqualKeyword.verifyEqual(VerifyEqualKeyword.groovy:63)
	at com.kms.katalon.core.keyword.builtin.VerifyEqualKeyword.execute(VerifyEqualKeyword.groovy:44)
	at com.kms.katalon.core.keyword.internal.KeywordExecutor.executeKeywordForPlatform(KeywordExecutor.groovy:74)
	at com.kms.katalon.core.keyword.BuiltinKeywords.verifyEqual(BuiltinKeywords.groovy:141)
	at validation.CheckOutFormValidation.validateBoxShadowBlaceHolderBorder(CheckOutFormValidation.groovy:35)
	at validation.CheckOutFormValidation$validateBoxShadowBlaceHolderBorder.call(Unknown Source)
	at helpers.checkOutFormHelper.sendAddress2Value(checkOutFormHelper.groovy:56)
	at helpers.checkOutFormHelper$sendAddress2Value$4.call(Unknown Source)
	at helpers.checkOutFormHelper.fillCheckOutForm(checkOutFormHelper.groovy:150)
	at helpers.checkOutFormHelper$fillCheckOutForm.call(Unknown Source)
	at Product Details.run(Product Details:64)
	at com.kms.katalon.core.main.ScriptEngine.run(ScriptEngine.java:194)
	at com.kms.katalon.core.main.ScriptEngine.runScriptAsRawText(ScriptEngine.java:119)
	at com.kms.katalon.core.main.TestCaseExecutor.runScript(TestCaseExecutor.java:442)
	at com.kms.katalon.core.main.TestCaseExecutor.doExecute(TestCaseExecutor.java:433)
	at com.kms.katalon.core.main.TestCaseExecutor.processExecutionPhase(TestCaseExecutor.java:412)
	at com.kms.katalon.core.main.TestCaseExecutor.accessMainPhase(TestCaseExecutor.java:404)
	at com.kms.katalon.core.main.TestCaseExecutor.execute(TestCaseExecutor.java:281)
	at com.kms.katalon.core.main.TestSuiteExecutor.accessTestCaseMainPhase(TestSuiteExecutor.java:202)
	at com.kms.katalon.core.main.TestSuiteExecutor.accessTestSuiteMainPhase(TestSuiteExecutor.java:164)
	at com.kms.katalon.core.main.TestSuiteExecutor.execute(TestSuiteExecutor.java:105)
	at com.kms.katalon.core.main.TestCaseMain.startTestSuite(TestCaseMain.java:181)
	at com.kms.katalon.core.main.TestCaseMain$startTestSuite$0.call(Unknown Source)
	at TempTestSuite1642416906736.run(TempTestSuite1642416906736.groovy:36)


2022-01-17 12:58:21 - [TEST_STEP][PASSED] - GeneralHelpers.initScenario(): Current window's url is: 'https://www.cleanersupply.com/'

2022-01-17 12:58:22 - [MESSAGE][INFO] - Starting 'Chrome' driver

2022-01-17 12:58:22 - [MESSAGE][INFO] - Action delay is set to 0 milliseconds

2022-01-17 12:58:25 - [MESSAGE][PASSED] - Browser is opened with url: ''

2022-01-17 12:58:25 - [MESSAGE][PASSED] - Current window maximized

2022-01-17 12:58:38 - [MESSAGE][PASSED] - Navigate to 'https://www.cleanersupply.com/' successfully

2022-01-17 12:58:39 - [MESSAGE][PASSED] - Wait for page load successfully

2022-01-17 12:58:39 - [MESSAGE][PASSED] - Current window's title is: 'Cleaner's Supply - Dry Cleaning Supplies'

2022-01-17 12:58:39 - [MESSAGE][PASSED] - Current window's title is: 'Cleaner's Supply - Dry Cleaning Supplies'

2022-01-17 12:58:39 - [MESSAGE][PASSED] - Current window's url is: 'https://www.cleanersupply.com/'

2022-01-17 12:58:39 - [TEST_STEP][PASSED] - GeneralHelpers.headerSearchFillAndClick(): Object: 'Object Repository/Product details/btn_searchAction' is clicked on

2022-01-17 12:58:41 - [MESSAGE][PASSED] - Text 'Plastic' is set on object 'Object Repository/Product details/input_searchField'

2022-01-17 12:58:41 - [MESSAGE][PASSED] - Attribute 'value' of object 'Object Repository/Product details/input_searchField' is: 'Plastic'

2022-01-17 12:58:42 - [MESSAGE][PASSED] - Object 'Object Repository/Product details/div_searchAutocompleteBox' is visible

2022-01-17 12:58:43 - [MESSAGE][PASSED] - Attribute 'class' of object 'Object Repository/Product details/div_searchAutocompleteBox' is: 'search-autocomplete dropdown-menu open'

2022-01-17 12:58:43 - [MESSAGE][PASSED] - Text of object 'Object Repository/Product details/div_searchHeaderTopBar' is: 'Search for PLASTIC'

2022-01-17 12:58:44 - [MESSAGE][PASSED] - Get CSS 'background-color' value on 'Object Repository/Product details/div_searchHeaderTopBar' successfully: 'rgba(82, 36, 127, 1)'.

2022-01-17 12:58:48 - [MESSAGE][PASSED] - Object: 'Object Repository/Product details/btn_searchAction' is clicked on

2022-01-17 12:58:48 - [TEST_STEP][PASSED] - GeneralHelpers.navigateToResultPage(): Text of object 'Object Repository/Product details/h1_sectionHeading' is: 'SEARCH RESULTS'

2022-01-17 12:58:48 - [MESSAGE][PASSED] - Current window's title is: 'Search Results - Cleaner's Supply'

2022-01-17 12:58:48 - [MESSAGE][PASSED] - Current window's url is: 'https://www.cleanersupply.com/search-results/?q=Plastic'

2022-01-17 12:58:51 - [MESSAGE][PASSED] - Text of object 'Object Repository/Product details/h1_sectionHeading' is: 'SEARCH RESULTS'

2022-01-17 12:58:51 - [TEST_STEP][PASSED] - SearchResultPageValidations.verifyDefaultValues(): Attribute 'class' of object '' is: ' '

2022-01-17 12:58:51 - [MESSAGE][PASSED] - Text of object 'Object Repository/Search Result/h2_productListHeading' is: 'RESULTS FOR "PLASTIC" (224)'

2022-01-17 12:58:51 - [MESSAGE][PASSED] - Text of object 'Object Repository/Search Result/h2_productListHeading' is: 'RESULTS FOR "PLASTIC" (224)'

2022-01-17 12:58:52 - [MESSAGE][PASSED] - Text of object 'Object Repository/Search Result/span_filterOption' is: 'Featured'

2022-01-17 12:58:52 - [MESSAGE][PASSED] - Web element with id: 'Object Repository/Search Result/ul_selectedFilters' located by 'By.cssSelector: ul.selected-filters' is not present after '5' second(s)

2022-01-17 12:58:53 - [MESSAGE][PASSED] - Attribute 'class' of object '' is: ' '

2022-01-17 12:58:53 - [MESSAGE][PASSED] - Attribute 'class' of object '' is: ' '

2022-01-17 12:58:53 - [MESSAGE][PASSED] - Attribute 'class' of object '' is: ' '

2022-01-17 12:58:53 - [MESSAGE][PASSED] - Attribute 'class' of object '' is: ' '

2022-01-17 12:58:53 - [MESSAGE][PASSED] - Attribute 'class' of object '' is: ' '

2022-01-17 12:58:53 - [MESSAGE][PASSED] - Attribute 'class' of object '' is: ' '

2022-01-17 12:58:53 - [MESSAGE][PASSED] - Attribute 'class' of object '' is: ' '

2022-01-17 12:58:53 - [MESSAGE][PASSED] - Attribute 'class' of object '' is: ' '

2022-01-17 12:58:53 - [MESSAGE][PASSED] - Attribute 'class' of object '' is: ' '

2022-01-17 12:58:53 - [MESSAGE][PASSED] - Attribute 'class' of object '' is: ' '

2022-01-17 12:58:53 - [MESSAGE][PASSED] - Attribute 'class' of object '' is: ' '

2022-01-17 12:58:53 - [MESSAGE][PASSED] - Attribute 'class' of object '' is: ' '

2022-01-17 12:58:53 - [MESSAGE][PASSED] - Attribute 'class' of object '' is: ' '

2022-01-17 12:58:53 - [MESSAGE][PASSED] - Attribute 'class' of object '' is: ' '

2022-01-17 12:58:53 - [MESSAGE][PASSED] - Attribute 'class' of object '' is: ' '

2022-01-17 12:58:53 - [MESSAGE][PASSED] - Attribute 'class' of object '' is: ' '

2022-01-17 12:58:53 - [MESSAGE][PASSED] - Attribute 'class' of object '' is: ' '

2022-01-17 12:58:53 - [MESSAGE][PASSED] - Attribute 'class' of object '' is: ' '

2022-01-17 12:58:53 - [MESSAGE][PASSED] - Attribute 'class' of object '' is: ' '

2022-01-17 12:58:53 - [MESSAGE][PASSED] - Attribute 'class' of object '' is: ' '

2022-01-17 12:58:53 - [MESSAGE][PASSED] - Attribute 'class' of object '' is: ' '

2022-01-17 12:58:53 - [MESSAGE][PASSED] - Attribute 'class' of object '' is: ' '

2022-01-17 12:58:53 - [MESSAGE][PASSED] - Attribute 'class' of object '' is: ' '

2022-01-17 12:58:53 - [MESSAGE][PASSED] - Attribute 'class' of object '' is: ' '

2022-01-17 12:58:53 - [MESSAGE][PASSED] - Attribute 'class' of object '' is: ' '

2022-01-17 12:58:53 - [MESSAGE][PASSED] - Attribute 'class' of object '' is: ' '

2022-01-17 12:58:53 - [MESSAGE][PASSED] - Attribute 'class' of object '' is: ' '

2022-01-17 12:58:53 - [MESSAGE][PASSED] - Attribute 'class' of object '' is: ' '

2022-01-17 12:58:53 - [MESSAGE][PASSED] - Attribute 'class' of object '' is: ' '

2022-01-17 12:58:54 - [MESSAGE][PASSED] - Attribute 'class' of object '' is: ' '

2022-01-17 12:58:54 - [MESSAGE][PASSED] - Attribute 'class' of object '' is: ' '

2022-01-17 12:58:54 - [MESSAGE][PASSED] - Attribute 'class' of object '' is: ' '

2022-01-17 12:58:54 - [MESSAGE][PASSED] - Attribute 'class' of object '' is: ' '

2022-01-17 12:58:54 - [MESSAGE][PASSED] - Attribute 'class' of object '' is: ' '

2022-01-17 12:58:54 - [MESSAGE][PASSED] - Attribute 'class' of object '' is: ' '

2022-01-17 12:58:54 - [MESSAGE][PASSED] - Attribute 'class' of object '' is: ' '

2022-01-17 12:58:54 - [MESSAGE][PASSED] - Attribute 'class' of object '' is: ' '

2022-01-17 12:58:54 - [MESSAGE][PASSED] - Attribute 'class' of object '' is: ' '

2022-01-17 12:58:54 - [MESSAGE][PASSED] - Attribute 'class' of object '' is: ' '

2022-01-17 12:58:54 - [MESSAGE][PASSED] - Attribute 'class' of object '' is: ' '

2022-01-17 12:58:54 - [MESSAGE][PASSED] - Attribute 'class' of object '' is: ' '

2022-01-17 12:58:54 - [MESSAGE][PASSED] - Attribute 'class' of object '' is: ' '

2022-01-17 12:58:54 - [MESSAGE][PASSED] - Attribute 'class' of object '' is: ' '

2022-01-17 12:58:54 - [MESSAGE][PASSED] - Attribute 'class' of object '' is: ' '

2022-01-17 12:58:54 - [MESSAGE][PASSED] - Attribute 'class' of object '' is: ' '

2022-01-17 12:58:54 - [MESSAGE][PASSED] - Attribute 'class' of object '' is: ' '

2022-01-17 12:58:54 - [MESSAGE][PASSED] - Attribute 'class' of object '' is: ' '

2022-01-17 12:58:54 - [MESSAGE][PASSED] - Attribute 'class' of object '' is: ' '

2022-01-17 12:58:54 - [MESSAGE][PASSED] - Attribute 'class' of object '' is: ' '

2022-01-17 12:58:54 - [MESSAGE][PASSED] - Attribute 'class' of object '' is: ' '

2022-01-17 12:58:54 - [MESSAGE][PASSED] - Attribute 'class' of object '' is: ' '

2022-01-17 12:58:54 - [MESSAGE][PASSED] - Attribute 'class' of object '' is: ' '

2022-01-17 12:58:54 - [MESSAGE][PASSED] - Attribute 'class' of object '' is: ' '

2022-01-17 12:58:54 - [MESSAGE][PASSED] - Attribute 'class' of object '' is: ' '

2022-01-17 12:58:54 - [MESSAGE][PASSED] - Attribute 'class' of object '' is: ' '

2022-01-17 12:58:54 - [MESSAGE][PASSED] - Attribute 'class' of object '' is: ' '

2022-01-17 12:58:54 - [MESSAGE][PASSED] - Attribute 'class' of object '' is: ' '

2022-01-17 12:58:54 - [MESSAGE][PASSED] - Attribute 'class' of object '' is: ' '

2022-01-17 12:58:54 - [MESSAGE][PASSED] - Attribute 'class' of object '' is: ' '

2022-01-17 12:58:54 - [MESSAGE][PASSED] - Attribute 'class' of object '' is: ' '

2022-01-17 12:58:54 - [MESSAGE][PASSED] - Attribute 'class' of object '' is: ' '

2022-01-17 12:58:54 - [MESSAGE][PASSED] - Attribute 'class' of object '' is: ' '

2022-01-17 12:58:54 - [MESSAGE][PASSED] - Attribute 'class' of object '' is: ' '

2022-01-17 12:58:54 - [MESSAGE][PASSED] - Attribute 'class' of object '' is: ' '

2022-01-17 12:58:54 - [MESSAGE][PASSED] - Attribute 'class' of object '' is: ' '

2022-01-17 12:58:54 - [MESSAGE][PASSED] - Attribute 'class' of object '' is: ' '

2022-01-17 12:58:54 - [MESSAGE][PASSED] - Attribute 'class' of object '' is: ' '

2022-01-17 12:58:54 - [MESSAGE][PASSED] - Attribute 'class' of object '' is: ' '

2022-01-17 12:58:54 - [MESSAGE][PASSED] - Attribute 'class' of object '' is: ' '

2022-01-17 12:58:54 - [MESSAGE][PASSED] - Attribute 'class' of object '' is: ' '

2022-01-17 12:58:54 - [MESSAGE][PASSED] - Attribute 'class' of object '' is: ' '

2022-01-17 12:58:54 - [MESSAGE][PASSED] - Attribute 'class' of object '' is: ' '

2022-01-17 12:58:54 - [MESSAGE][PASSED] - Attribute 'class' of object '' is: ' '

2022-01-17 12:58:54 - [MESSAGE][PASSED] - Attribute 'class' of object '' is: ' '

2022-01-17 12:58:54 - [MESSAGE][PASSED] - Attribute 'class' of object '' is: ' '

2022-01-17 12:58:54 - [MESSAGE][PASSED] - Attribute 'class' of object '' is: ' '

2022-01-17 12:58:54 - [MESSAGE][PASSED] - Attribute 'class' of object '' is: ' '

2022-01-17 12:58:54 - [MESSAGE][PASSED] - Attribute 'class' of object '' is: ' '

2022-01-17 12:58:54 - [MESSAGE][PASSED] - Attribute 'class' of object '' is: ' '

2022-01-17 12:58:54 - [MESSAGE][PASSED] - Attribute 'class' of object '' is: ' '

2022-01-17 12:58:54 - [MESSAGE][PASSED] - Attribute 'class' of object '' is: ' '

2022-01-17 12:58:54 - [MESSAGE][PASSED] - Attribute 'class' of object '' is: ' '

2022-01-17 12:58:54 - [MESSAGE][PASSED] - Attribute 'class' of object '' is: ' '

2022-01-17 12:58:54 - [MESSAGE][PASSED] - Attribute 'class' of object '' is: ' '

2022-01-17 12:58:54 - [MESSAGE][PASSED] - Attribute 'class' of object '' is: ' '

2022-01-17 12:58:54 - [MESSAGE][PASSED] - Attribute 'class' of object '' is: ' '

2022-01-17 12:58:54 - [MESSAGE][PASSED] - Attribute 'class' of object '' is: ' '

2022-01-17 12:58:54 - [MESSAGE][PASSED] - Attribute 'class' of object '' is: ' '

2022-01-17 12:58:54 - [MESSAGE][PASSED] - Attribute 'class' of object '' is: ' '

2022-01-17 12:58:54 - [MESSAGE][PASSED] - Attribute 'class' of object '' is: ' '

2022-01-17 12:58:54 - [MESSAGE][PASSED] - Attribute 'class' of object '' is: ' '

2022-01-17 12:58:54 - [MESSAGE][PASSED] - Attribute 'class' of object '' is: ' '

2022-01-17 12:58:54 - [MESSAGE][PASSED] - Attribute 'class' of object '' is: ' '

2022-01-17 12:58:54 - [MESSAGE][PASSED] - Attribute 'class' of object '' is: ' '

2022-01-17 12:58:54 - [MESSAGE][PASSED] - Attribute 'class' of object '' is: ' '

2022-01-17 12:58:54 - [MESSAGE][PASSED] - Attribute 'class' of object '' is: ' '

2022-01-17 12:58:54 - [MESSAGE][PASSED] - Attribute 'class' of object '' is: ' '

2022-01-17 12:58:54 - [MESSAGE][PASSED] - Attribute 'class' of object '' is: ' '

2022-01-17 12:58:54 - [MESSAGE][PASSED] - Attribute 'class' of object '' is: ' '

2022-01-17 12:58:54 - [MESSAGE][PASSED] - Attribute 'class' of object '' is: ' '

2022-01-17 12:58:54 - [MESSAGE][PASSED] - Attribute 'class' of object '' is: ' '

2022-01-17 12:58:54 - [MESSAGE][PASSED] - Attribute 'class' of object '' is: ' '

2022-01-17 12:58:54 - [MESSAGE][PASSED] - Attribute 'class' of object '' is: ' '

2022-01-17 12:58:55 - [MESSAGE][PASSED] - Attribute 'class' of object '' is: ' '

2022-01-17 12:58:55 - [MESSAGE][PASSED] - Attribute 'class' of object '' is: ' '

2022-01-17 12:58:55 - [MESSAGE][PASSED] - Attribute 'class' of object '' is: ' '

2022-01-17 12:58:55 - [MESSAGE][PASSED] - Attribute 'class' of object '' is: ' '

2022-01-17 12:58:55 - [MESSAGE][PASSED] - Attribute 'class' of object '' is: ' '

2022-01-17 12:58:55 - [MESSAGE][PASSED] - Attribute 'class' of object '' is: ' '

2022-01-17 12:58:55 - [MESSAGE][PASSED] - Attribute 'class' of object '' is: ' '

2022-01-17 12:58:55 - [MESSAGE][PASSED] - Attribute 'class' of object '' is: ' '

2022-01-17 12:58:55 - [MESSAGE][PASSED] - Attribute 'class' of object '' is: ' '

2022-01-17 12:58:55 - [MESSAGE][PASSED] - Attribute 'class' of object '' is: ' '

2022-01-17 12:58:55 - [MESSAGE][PASSED] - Attribute 'class' of object '' is: ' '

2022-01-17 12:58:55 - [MESSAGE][PASSED] - Attribute 'class' of object '' is: ' '

2022-01-17 12:58:55 - [MESSAGE][PASSED] - Attribute 'class' of object '' is: ' '

2022-01-17 12:58:55 - [MESSAGE][PASSED] - Attribute 'class' of object '' is: ' '

2022-01-17 12:58:55 - [MESSAGE][PASSED] - Attribute 'class' of object '' is: ' '

2022-01-17 12:58:55 - [MESSAGE][PASSED] - Attribute 'class' of object '' is: ' '

2022-01-17 12:58:55 - [MESSAGE][PASSED] - Attribute 'class' of object '' is: ' '

2022-01-17 12:58:55 - [MESSAGE][PASSED] - Attribute 'class' of object '' is: ' '

2022-01-17 12:58:55 - [MESSAGE][PASSED] - Attribute 'class' of object '' is: ' '

2022-01-17 12:58:55 - [MESSAGE][PASSED] - Attribute 'class' of object '' is: ' '

2022-01-17 12:58:55 - [MESSAGE][PASSED] - Attribute 'class' of object '' is: ' '

2022-01-17 12:58:55 - [MESSAGE][PASSED] - Attribute 'class' of object '' is: ' '

2022-01-17 12:58:55 - [MESSAGE][PASSED] - Attribute 'class' of object '' is: ' '

2022-01-17 12:58:55 - [MESSAGE][PASSED] - Attribute 'class' of object '' is: ' '

2022-01-17 12:58:55 - [MESSAGE][PASSED] - Attribute 'class' of object '' is: ' '

2022-01-17 12:58:55 - [MESSAGE][PASSED] - Attribute 'class' of object '' is: ' '

2022-01-17 12:58:55 - [MESSAGE][PASSED] - Attribute 'class' of object '' is: ' '

2022-01-17 12:58:55 - [MESSAGE][PASSED] - Attribute 'class' of object '' is: ' '

2022-01-17 12:58:55 - [MESSAGE][PASSED] - Attribute 'class' of object '' is: ' '

2022-01-17 12:58:55 - [MESSAGE][PASSED] - Attribute 'class' of object '' is: ' '

2022-01-17 12:58:55 - [MESSAGE][PASSED] - Attribute 'class' of object '' is: ' '

2022-01-17 12:58:55 - [MESSAGE][PASSED] - Attribute 'class' of object '' is: ' '

2022-01-17 12:58:55 - [MESSAGE][PASSED] - Attribute 'class' of object '' is: ' '

2022-01-17 12:58:55 - [MESSAGE][PASSED] - Attribute 'class' of object '' is: ' '

2022-01-17 12:58:55 - [MESSAGE][PASSED] - Attribute 'class' of object '' is: ' '

2022-01-17 12:58:55 - [MESSAGE][PASSED] - Attribute 'class' of object '' is: ' '

2022-01-17 12:58:55 - [MESSAGE][PASSED] - Attribute 'class' of object '' is: ' '

2022-01-17 12:58:55 - [MESSAGE][PASSED] - Attribute 'class' of object '' is: ' '

2022-01-17 12:58:55 - [MESSAGE][PASSED] - Attribute 'class' of object '' is: ' '

2022-01-17 12:58:55 - [MESSAGE][PASSED] - Attribute 'class' of object '' is: ' '

2022-01-17 12:58:55 - [MESSAGE][PASSED] - Attribute 'class' of object '' is: ' '

2022-01-17 12:58:55 - [MESSAGE][PASSED] - Attribute 'class' of object '' is: ' '

2022-01-17 12:58:55 - [MESSAGE][PASSED] - Attribute 'class' of object '' is: ' '

2022-01-17 12:58:55 - [MESSAGE][PASSED] - Attribute 'class' of object '' is: ' '

2022-01-17 12:58:55 - [MESSAGE][PASSED] - Attribute 'class' of object '' is: ' '

2022-01-17 12:58:55 - [MESSAGE][PASSED] - Attribute 'class' of object '' is: ' '

2022-01-17 12:58:55 - [MESSAGE][PASSED] - Attribute 'class' of object '' is: ' '

2022-01-17 12:58:55 - [MESSAGE][PASSED] - Attribute 'class' of object '' is: ' '

2022-01-17 12:58:55 - [MESSAGE][PASSED] - Attribute 'class' of object '' is: ' '

2022-01-17 12:58:55 - [MESSAGE][PASSED] - Attribute 'class' of object '' is: ' '

2022-01-17 12:58:55 - [MESSAGE][PASSED] - Attribute 'class' of object '' is: ' '

2022-01-17 12:58:55 - [MESSAGE][PASSED] - Attribute 'class' of object '' is: ' '

2022-01-17 12:58:55 - [MESSAGE][PASSED] - Attribute 'class' of object '' is: ' '

2022-01-17 12:58:55 - [MESSAGE][PASSED] - Attribute 'class' of object '' is: ' '

2022-01-17 12:58:55 - [MESSAGE][PASSED] - Attribute 'class' of object '' is: ' '

2022-01-17 12:58:55 - [MESSAGE][PASSED] - Attribute 'class' of object '' is: ' '

2022-01-17 12:58:55 - [MESSAGE][PASSED] - Attribute 'class' of object '' is: ' '

2022-01-17 12:58:55 - [MESSAGE][PASSED] - Attribute 'class' of object '' is: ' '

2022-01-17 12:58:55 - [MESSAGE][PASSED] - Attribute 'class' of object '' is: ' '

2022-01-17 12:58:55 - [MESSAGE][PASSED] - Attribute 'class' of object '' is: ' '

2022-01-17 12:58:55 - [MESSAGE][PASSED] - Attribute 'class' of object '' is: ' '

2022-01-17 12:58:55 - [MESSAGE][PASSED] - Attribute 'class' of object '' is: ' '

2022-01-17 12:58:55 - [MESSAGE][PASSED] - Attribute 'class' of object '' is: ' '

2022-01-17 12:58:55 - [MESSAGE][PASSED] - Attribute 'class' of object '' is: ' '

2022-01-17 12:58:55 - [MESSAGE][PASSED] - Attribute 'class' of object '' is: ' '

2022-01-17 12:58:55 - [MESSAGE][PASSED] - Attribute 'class' of object '' is: ' '

2022-01-17 12:58:55 - [MESSAGE][PASSED] - Attribute 'class' of object '' is: ' '

2022-01-17 12:58:55 - [MESSAGE][PASSED] - Attribute 'class' of object '' is: ' '

2022-01-17 12:58:55 - [MESSAGE][PASSED] - Attribute 'class' of object '' is: ' '

2022-01-17 12:58:55 - [MESSAGE][PASSED] - Attribute 'class' of object '' is: ' '

2022-01-17 12:58:55 - [MESSAGE][PASSED] - Attribute 'class' of object '' is: ' '

2022-01-17 12:58:55 - [MESSAGE][PASSED] - Attribute 'class' of object '' is: ' '

2022-01-17 12:58:55 - [MESSAGE][PASSED] - Attribute 'class' of object '' is: ' '

2022-01-17 12:58:55 - [MESSAGE][PASSED] - Attribute 'class' of object '' is: ' '

2022-01-17 12:58:55 - [MESSAGE][PASSED] - Attribute 'class' of object '' is: ' '

2022-01-17 12:58:55 - [MESSAGE][PASSED] - Attribute 'class' of object '' is: ' '

2022-01-17 12:58:55 - [MESSAGE][PASSED] - Attribute 'class' of object '' is: ' '

2022-01-17 12:58:55 - [MESSAGE][PASSED] - Attribute 'class' of object '' is: ' '

2022-01-17 12:58:55 - [MESSAGE][PASSED] - Attribute 'class' of object '' is: ' '

2022-01-17 12:58:55 - [MESSAGE][PASSED] - Attribute 'class' of object '' is: ' '

2022-01-17 12:58:55 - [MESSAGE][PASSED] - Attribute 'class' of object '' is: ' '

2022-01-17 12:58:55 - [MESSAGE][PASSED] - Attribute 'class' of object '' is: ' '

2022-01-17 12:58:55 - [MESSAGE][PASSED] - Attribute 'class' of object '' is: ' '

2022-01-17 12:58:55 - [MESSAGE][PASSED] - Attribute 'class' of object '' is: ' '

2022-01-17 12:58:56 - [MESSAGE][PASSED] - Attribute 'class' of object '' is: ' '

2022-01-17 12:58:56 - [MESSAGE][PASSED] - Attribute 'class' of object '' is: ' '

2022-01-17 12:58:56 - [MESSAGE][PASSED] - Attribute 'class' of object '' is: ' '

2022-01-17 12:58:56 - [MESSAGE][PASSED] - Attribute 'class' of object '' is: ' '

2022-01-17 12:58:56 - [MESSAGE][PASSED] - Attribute 'class' of object '' is: ' '

2022-01-17 12:58:56 - [MESSAGE][PASSED] - Attribute 'class' of object '' is: ' '

2022-01-17 12:58:56 - [MESSAGE][PASSED] - Attribute 'class' of object '' is: ' '

2022-01-17 12:58:56 - [MESSAGE][PASSED] - Attribute 'class' of object '' is: ' '

2022-01-17 12:58:56 - [MESSAGE][PASSED] - Attribute 'class' of object '' is: ' '

2022-01-17 12:58:56 - [MESSAGE][PASSED] - Attribute 'class' of object '' is: ' '

2022-01-17 12:58:56 - [MESSAGE][PASSED] - Attribute 'class' of object '' is: ' '

2022-01-17 12:58:56 - [MESSAGE][PASSED] - Attribute 'class' of object '' is: ' '

2022-01-17 12:58:56 - [MESSAGE][PASSED] - Attribute 'class' of object '' is: ' '

2022-01-17 12:58:56 - [MESSAGE][PASSED] - Attribute 'class' of object '' is: ' '

2022-01-17 12:58:56 - [MESSAGE][PASSED] - Attribute 'class' of object '' is: ' '

2022-01-17 12:58:56 - [MESSAGE][PASSED] - Attribute 'class' of object '' is: ' '

2022-01-17 12:58:56 - [MESSAGE][PASSED] - Attribute 'class' of object '' is: ' '

2022-01-17 12:58:56 - [MESSAGE][PASSED] - Attribute 'class' of object '' is: ' '

2022-01-17 12:58:56 - [MESSAGE][PASSED] - Attribute 'class' of object '' is: ' '

2022-01-17 12:58:56 - [MESSAGE][PASSED] - Attribute 'class' of object '' is: ' '

2022-01-17 12:58:56 - [MESSAGE][PASSED] - Attribute 'class' of object '' is: ' '

2022-01-17 12:58:56 - [MESSAGE][PASSED] - Attribute 'class' of object '' is: ' '

2022-01-17 12:58:56 - [MESSAGE][PASSED] - Attribute 'class' of object '' is: ' '

2022-01-17 12:58:56 - [MESSAGE][PASSED] - Attribute 'class' of object '' is: ' '

2022-01-17 12:58:56 - [MESSAGE][PASSED] - Attribute 'class' of object '' is: ' '

2022-01-17 12:58:56 - [MESSAGE][PASSED] - Attribute 'class' of object '' is: ' '

2022-01-17 12:58:56 - [MESSAGE][PASSED] - Attribute 'class' of object '' is: ' '

2022-01-17 12:58:56 - [MESSAGE][PASSED] - Attribute 'class' of object '' is: ' '

2022-01-17 12:58:56 - [MESSAGE][PASSED] - Attribute 'class' of object '' is: ' '

2022-01-17 12:58:56 - [MESSAGE][PASSED] - Attribute 'class' of object '' is: ' '

2022-01-17 12:58:56 - [MESSAGE][PASSED] - Attribute 'class' of object '' is: ' '

2022-01-17 12:58:56 - [MESSAGE][PASSED] - Attribute 'class' of object '' is: ' '

2022-01-17 12:58:56 - [MESSAGE][PASSED] - Attribute 'class' of object '' is: ' '

2022-01-17 12:58:56 - [MESSAGE][PASSED] - Attribute 'class' of object '' is: ' '

2022-01-17 12:58:56 - [MESSAGE][PASSED] - Attribute 'class' of object '' is: ' '

2022-01-17 12:58:56 - [MESSAGE][PASSED] - Attribute 'class' of object '' is: ' '

2022-01-17 12:58:56 - [MESSAGE][PASSED] - Attribute 'class' of object '' is: ' '

2022-01-17 12:58:56 - [MESSAGE][PASSED] - Attribute 'class' of object '' is: ' '

2022-01-17 12:58:56 - [MESSAGE][PASSED] - Attribute 'class' of object '' is: ' '

2022-01-17 12:58:56 - [MESSAGE][PASSED] - Attribute 'class' of object '' is: ' '

2022-01-17 12:58:56 - [MESSAGE][PASSED] - Attribute 'class' of object '' is: ' '

2022-01-17 12:58:56 - [MESSAGE][PASSED] - Attribute 'class' of object '' is: ' '

2022-01-17 12:58:56 - [MESSAGE][PASSED] - Attribute 'class' of object '' is: ' '

2022-01-17 12:58:56 - [MESSAGE][PASSED] - Attribute 'class' of object '' is: ' '

2022-01-17 12:58:56 - [MESSAGE][PASSED] - Attribute 'class' of object '' is: ' '

2022-01-17 12:58:56 - [MESSAGE][PASSED] - Attribute 'class' of object '' is: ' '

2022-01-17 12:58:56 - [MESSAGE][PASSED] - Attribute 'class' of object '' is: ' '

2022-01-17 12:58:56 - [MESSAGE][PASSED] - Attribute 'class' of object '' is: ' '

2022-01-17 12:58:56 - [MESSAGE][PASSED] - Attribute 'class' of object '' is: ' '

2022-01-17 12:58:56 - [MESSAGE][PASSED] - Attribute 'class' of object '' is: ' '

2022-01-17 12:58:56 - [MESSAGE][PASSED] - Attribute 'class' of object '' is: ' '

2022-01-17 12:58:56 - [MESSAGE][PASSED] - Attribute 'class' of object '' is: ' '

2022-01-17 12:58:56 - [MESSAGE][PASSED] - Attribute 'class' of object '' is: ' '

2022-01-17 12:58:56 - [MESSAGE][PASSED] - Attribute 'class' of object '' is: ' '

2022-01-17 12:58:56 - [MESSAGE][PASSED] - Attribute 'class' of object '' is: ' '

2022-01-17 12:58:56 - [MESSAGE][PASSED] - Attribute 'class' of object '' is: ' '

2022-01-17 12:58:56 - [MESSAGE][PASSED] - Attribute 'class' of object '' is: ' '

2022-01-17 12:58:56 - [MESSAGE][PASSED] - Attribute 'class' of object '' is: ' '

2022-01-17 12:58:56 - [MESSAGE][PASSED] - Attribute 'class' of object '' is: ' '

2022-01-17 12:58:56 - [MESSAGE][PASSED] - Attribute 'class' of object '' is: ' '

2022-01-17 12:58:56 - [MESSAGE][PASSED] - Attribute 'class' of object '' is: ' '

2022-01-17 12:58:56 - [MESSAGE][PASSED] - Attribute 'class' of object '' is: ' '

2022-01-17 12:58:56 - [MESSAGE][PASSED] - Attribute 'class' of object '' is: ' '

2022-01-17 12:58:56 - [MESSAGE][PASSED] - Attribute 'class' of object '' is: ' '

2022-01-17 12:58:56 - [MESSAGE][PASSED] - Attribute 'class' of object '' is: ' '

2022-01-17 12:58:56 - [MESSAGE][PASSED] - Attribute 'class' of object '' is: ' '

2022-01-17 12:58:56 - [MESSAGE][PASSED] - Attribute 'class' of object '' is: ' '

2022-01-17 12:58:56 - [MESSAGE][PASSED] - Attribute 'class' of object '' is: ' '

2022-01-17 12:58:56 - [MESSAGE][PASSED] - Attribute 'class' of object '' is: ' '

2022-01-17 12:58:56 - [MESSAGE][PASSED] - Attribute 'class' of object '' is: ' '

2022-01-17 12:58:56 - [MESSAGE][PASSED] - Attribute 'class' of object '' is: ' '

2022-01-17 12:58:56 - [MESSAGE][PASSED] - Attribute 'class' of object '' is: ' '

2022-01-17 12:58:56 - [MESSAGE][PASSED] - Attribute 'class' of object '' is: ' '

2022-01-17 12:58:56 - [MESSAGE][PASSED] - Attribute 'class' of object '' is: ' '

2022-01-17 12:58:56 - [MESSAGE][PASSED] - Attribute 'class' of object '' is: ' '

2022-01-17 12:58:56 - [MESSAGE][PASSED] - Attribute 'class' of object '' is: ' '

2022-01-17 12:58:56 - [MESSAGE][PASSED] - Attribute 'class' of object '' is: ' '

2022-01-17 12:58:56 - [MESSAGE][PASSED] - Attribute 'class' of object '' is: ' '

2022-01-17 12:58:56 - [MESSAGE][PASSED] - Attribute 'class' of object '' is: ' '

2022-01-17 12:58:57 - [MESSAGE][PASSED] - Attribute 'class' of object '' is: ' '

2022-01-17 12:58:57 - [MESSAGE][PASSED] - Attribute 'class' of object '' is: ' '

2022-01-17 12:58:57 - [MESSAGE][PASSED] - Attribute 'class' of object '' is: ' '

2022-01-17 12:58:57 - [MESSAGE][PASSED] - Attribute 'class' of object '' is: ' '

2022-01-17 12:58:57 - [MESSAGE][PASSED] - Attribute 'class' of object '' is: ' '

2022-01-17 12:58:57 - [MESSAGE][PASSED] - Attribute 'class' of object '' is: ' '

2022-01-17 12:58:57 - [MESSAGE][PASSED] - Attribute 'class' of object '' is: ' '

2022-01-17 12:58:57 - [MESSAGE][PASSED] - Attribute 'class' of object '' is: ' '

2022-01-17 12:58:57 - [MESSAGE][PASSED] - Attribute 'class' of object '' is: ' '

2022-01-17 12:58:57 - [MESSAGE][PASSED] - Attribute 'class' of object '' is: ' '

2022-01-17 12:58:57 - [MESSAGE][PASSED] - Attribute 'class' of object '' is: ' '

2022-01-17 12:58:57 - [MESSAGE][PASSED] - Attribute 'class' of object '' is: ' '

2022-01-17 12:58:57 - [MESSAGE][PASSED] - Attribute 'class' of object '' is: ' '

2022-01-17 12:58:57 - [MESSAGE][PASSED] - Attribute 'class' of object '' is: ' '

2022-01-17 12:58:57 - [MESSAGE][PASSED] - Attribute 'class' of object '' is: ' '

2022-01-17 12:58:57 - [MESSAGE][PASSED] - Attribute 'class' of object '' is: ' '

2022-01-17 12:58:57 - [MESSAGE][PASSED] - Attribute 'class' of object '' is: ' '

2022-01-17 12:58:57 - [MESSAGE][PASSED] - Attribute 'class' of object '' is: ' '

2022-01-17 12:58:57 - [MESSAGE][PASSED] - Attribute 'class' of object '' is: ' '

2022-01-17 12:58:57 - [MESSAGE][PASSED] - Attribute 'class' of object '' is: ' '

2022-01-17 12:58:57 - [MESSAGE][PASSED] - Attribute 'class' of object '' is: ' '

2022-01-17 12:58:57 - [MESSAGE][PASSED] - Attribute 'class' of object '' is: ' '

2022-01-17 12:58:57 - [MESSAGE][PASSED] - Attribute 'class' of object '' is: ' '

2022-01-17 12:58:57 - [MESSAGE][PASSED] - Attribute 'class' of object '' is: ' '

2022-01-17 12:58:57 - [MESSAGE][PASSED] - Attribute 'class' of object '' is: ' '

2022-01-17 12:58:57 - [MESSAGE][PASSED] - Attribute 'class' of object '' is: ' '

2022-01-17 12:58:57 - [MESSAGE][PASSED] - Attribute 'class' of object '' is: ' '

2022-01-17 12:58:57 - [MESSAGE][PASSED] - Attribute 'class' of object '' is: ' '

2022-01-17 12:58:57 - [MESSAGE][PASSED] - Attribute 'class' of object '' is: ' '

2022-01-17 12:58:57 - [MESSAGE][PASSED] - Attribute 'class' of object '' is: ' '

2022-01-17 12:58:57 - [MESSAGE][PASSED] - Attribute 'class' of object '' is: ' '

2022-01-17 12:58:57 - [MESSAGE][PASSED] - Attribute 'class' of object '' is: ' '

2022-01-17 12:58:57 - [MESSAGE][PASSED] - Attribute 'class' of object '' is: ' '

2022-01-17 12:58:57 - [MESSAGE][PASSED] - Attribute 'class' of object '' is: ' '

2022-01-17 12:58:57 - [MESSAGE][PASSED] - Attribute 'class' of object '' is: ' '

2022-01-17 12:58:57 - [MESSAGE][PASSED] - Attribute 'class' of object '' is: ' '

2022-01-17 12:58:57 - [MESSAGE][PASSED] - Attribute 'class' of object '' is: ' '

2022-01-17 12:58:57 - [MESSAGE][PASSED] - Attribute 'class' of object '' is: ' '

2022-01-17 12:58:57 - [MESSAGE][PASSED] - Attribute 'class' of object '' is: ' '

2022-01-17 12:58:57 - [MESSAGE][PASSED] - Attribute 'class' of object '' is: ' '

2022-01-17 12:58:57 - [MESSAGE][PASSED] - Attribute 'class' of object '' is: ' '

2022-01-17 12:58:57 - [MESSAGE][PASSED] - Attribute 'class' of object '' is: ' '

2022-01-17 12:58:57 - [MESSAGE][PASSED] - Attribute 'class' of object '' is: ' '

2022-01-17 12:58:57 - [MESSAGE][PASSED] - Attribute 'class' of object '' is: ' '

2022-01-17 12:58:57 - [MESSAGE][PASSED] - Attribute 'class' of object '' is: ' '

2022-01-17 12:58:57 - [MESSAGE][PASSED] - Attribute 'class' of object '' is: ' '

2022-01-17 12:58:57 - [MESSAGE][PASSED] - Attribute 'class' of object '' is: ' '

2022-01-17 12:58:57 - [MESSAGE][PASSED] - Attribute 'class' of object '' is: ' '

2022-01-17 12:58:57 - [MESSAGE][PASSED] - Attribute 'class' of object '' is: ' '

2022-01-17 12:58:57 - [MESSAGE][PASSED] - Attribute 'class' of object '' is: ' '

2022-01-17 12:58:57 - [MESSAGE][PASSED] - Attribute 'class' of object '' is: ' '

2022-01-17 12:58:57 - [MESSAGE][PASSED] - Attribute 'class' of object '' is: ' '

2022-01-17 12:58:57 - [MESSAGE][PASSED] - Attribute 'class' of object '' is: ' '

2022-01-17 12:58:57 - [MESSAGE][PASSED] - Attribute 'class' of object '' is: ' '

2022-01-17 12:58:57 - [MESSAGE][PASSED] - Attribute 'class' of object '' is: ' '

2022-01-17 12:58:57 - [MESSAGE][PASSED] - Attribute 'class' of object '' is: ' '

2022-01-17 12:58:57 - [MESSAGE][PASSED] - Attribute 'class' of object '' is: ' '

2022-01-17 12:58:57 - [MESSAGE][PASSED] - Attribute 'class' of object '' is: ' '

2022-01-17 12:58:57 - [MESSAGE][PASSED] - Attribute 'class' of object '' is: ' '

2022-01-17 12:58:57 - [MESSAGE][PASSED] - Attribute 'class' of object '' is: ' '

2022-01-17 12:58:57 - [MESSAGE][PASSED] - Attribute 'class' of object '' is: ' '

2022-01-17 12:58:57 - [MESSAGE][PASSED] - Attribute 'class' of object '' is: ' '

2022-01-17 12:58:57 - [MESSAGE][PASSED] - Attribute 'class' of object '' is: ' '

2022-01-17 12:58:57 - [MESSAGE][PASSED] - Attribute 'class' of object '' is: ' '

2022-01-17 12:58:57 - [MESSAGE][PASSED] - Attribute 'class' of object '' is: ' '

2022-01-17 12:58:57 - [MESSAGE][PASSED] - Attribute 'class' of object '' is: ' '

2022-01-17 12:58:57 - [MESSAGE][PASSED] - Attribute 'class' of object '' is: ' '

2022-01-17 12:58:57 - [MESSAGE][PASSED] - Attribute 'class' of object '' is: ' '

2022-01-17 12:58:58 - [MESSAGE][PASSED] - Attribute 'class' of object '' is: ' '

2022-01-17 12:58:58 - [MESSAGE][PASSED] - Attribute 'class' of object '' is: ' '

2022-01-17 12:58:58 - [MESSAGE][PASSED] - Attribute 'class' of object '' is: ' '

2022-01-17 12:58:58 - [MESSAGE][PASSED] - Attribute 'class' of object '' is: ' '

2022-01-17 12:58:58 - [MESSAGE][PASSED] - Attribute 'class' of object '' is: ' '

2022-01-17 12:58:58 - [MESSAGE][PASSED] - Attribute 'class' of object '' is: ' '

2022-01-17 12:58:58 - [MESSAGE][PASSED] - Attribute 'class' of object '' is: ' '

2022-01-17 12:58:58 - [MESSAGE][PASSED] - Attribute 'class' of object '' is: ' '

2022-01-17 12:58:58 - [MESSAGE][PASSED] - Attribute 'class' of object '' is: ' '

2022-01-17 12:58:58 - [MESSAGE][PASSED] - Attribute 'class' of object '' is: ' '

2022-01-17 12:58:58 - [MESSAGE][PASSED] - Attribute 'class' of object '' is: ' '

2022-01-17 12:58:58 - [MESSAGE][PASSED] - Attribute 'class' of object '' is: ' '

2022-01-17 12:58:58 - [MESSAGE][PASSED] - Attribute 'class' of object '' is: ' '

2022-01-17 12:58:58 - [MESSAGE][PASSED] - Attribute 'class' of object '' is: ' '

2022-01-17 12:58:58 - [MESSAGE][PASSED] - Attribute 'class' of object '' is: ' '

2022-01-17 12:58:58 - [MESSAGE][PASSED] - Attribute 'class' of object '' is: ' '

2022-01-17 12:58:58 - [MESSAGE][PASSED] - Attribute 'class' of object '' is: ' '

2022-01-17 12:58:58 - [MESSAGE][PASSED] - Attribute 'class' of object '' is: ' '

2022-01-17 12:58:58 - [MESSAGE][PASSED] - Attribute 'class' of object '' is: ' '

2022-01-17 12:58:58 - [MESSAGE][PASSED] - Attribute 'class' of object '' is: ' '

2022-01-17 12:58:58 - [MESSAGE][PASSED] - Attribute 'class' of object '' is: ' '

2022-01-17 12:58:58 - [MESSAGE][PASSED] - Attribute 'class' of object '' is: ' '

2022-01-17 12:58:58 - [MESSAGE][PASSED] - Attribute 'class' of object '' is: ' '

2022-01-17 12:58:58 - [MESSAGE][PASSED] - Attribute 'class' of object '' is: ' '

2022-01-17 12:58:58 - [MESSAGE][PASSED] - Attribute 'class' of object '' is: ' '

2022-01-17 12:58:58 - [MESSAGE][PASSED] - Attribute 'class' of object '' is: ' '

2022-01-17 12:58:58 - [MESSAGE][PASSED] - Attribute 'class' of object '' is: ' '

2022-01-17 12:58:58 - [MESSAGE][PASSED] - Attribute 'class' of object '' is: ' '

2022-01-17 12:58:58 - [MESSAGE][PASSED] - Attribute 'class' of object '' is: ' '

2022-01-17 12:58:58 - [MESSAGE][PASSED] - Attribute 'class' of object '' is: ' '

2022-01-17 12:58:58 - [MESSAGE][PASSED] - Attribute 'class' of object '' is: ' '

2022-01-17 12:58:58 - [MESSAGE][PASSED] - Attribute 'class' of object '' is: ' '

2022-01-17 12:58:58 - [MESSAGE][PASSED] - Attribute 'class' of object '' is: ' '

2022-01-17 12:58:58 - [MESSAGE][PASSED] - Attribute 'class' of object '' is: ' '

2022-01-17 12:58:58 - [MESSAGE][PASSED] - Attribute 'class' of object '' is: ' '

2022-01-17 12:58:58 - [MESSAGE][PASSED] - Attribute 'class' of object '' is: ' '

2022-01-17 12:58:58 - [MESSAGE][PASSED] - Attribute 'class' of object '' is: ' '

2022-01-17 12:58:58 - [MESSAGE][PASSED] - Attribute 'class' of object '' is: ' '

2022-01-17 12:58:58 - [MESSAGE][PASSED] - Attribute 'class' of object '' is: ' '

2022-01-17 12:58:58 - [MESSAGE][PASSED] - Attribute 'class' of object '' is: ' '

2022-01-17 12:58:58 - [MESSAGE][PASSED] - Attribute 'class' of object '' is: ' '

2022-01-17 12:58:58 - [MESSAGE][PASSED] - Attribute 'class' of object '' is: ' '

2022-01-17 12:58:58 - [MESSAGE][PASSED] - Attribute 'class' of object '' is: ' '

2022-01-17 12:58:58 - [MESSAGE][PASSED] - Attribute 'class' of object '' is: ' '

2022-01-17 12:58:58 - [MESSAGE][PASSED] - Attribute 'class' of object '' is: ' '

2022-01-17 12:58:58 - [MESSAGE][PASSED] - Attribute 'class' of object '' is: ' '

2022-01-17 12:58:58 - [MESSAGE][PASSED] - Attribute 'class' of object '' is: ' '

2022-01-17 12:58:58 - [MESSAGE][PASSED] - Attribute 'class' of object '' is: ' '

2022-01-17 12:58:58 - [MESSAGE][PASSED] - Attribute 'class' of object '' is: ' '

2022-01-17 12:58:58 - [MESSAGE][PASSED] - Attribute 'class' of object '' is: ' '

2022-01-17 12:58:58 - [MESSAGE][PASSED] - Attribute 'class' of object '' is: ' '

2022-01-17 12:58:58 - [MESSAGE][PASSED] - Attribute 'class' of object '' is: ' '

2022-01-17 12:58:58 - [MESSAGE][PASSED] - Attribute 'class' of object '' is: ' '

2022-01-17 12:58:58 - [MESSAGE][PASSED] - Attribute 'class' of object '' is: ' '

2022-01-17 12:58:58 - [MESSAGE][PASSED] - Attribute 'class' of object '' is: ' '

2022-01-17 12:58:58 - [MESSAGE][PASSED] - Attribute 'class' of object '' is: ' '

2022-01-17 12:58:58 - [MESSAGE][PASSED] - Attribute 'class' of object '' is: ' '

2022-01-17 12:58:58 - [MESSAGE][PASSED] - Attribute 'class' of object '' is: ' '

2022-01-17 12:58:58 - [MESSAGE][PASSED] - Attribute 'class' of object '' is: ' '

2022-01-17 12:58:58 - [MESSAGE][PASSED] - Attribute 'class' of object '' is: ' '

2022-01-17 12:58:58 - [MESSAGE][PASSED] - Attribute 'class' of object '' is: ' '

2022-01-17 12:58:58 - [MESSAGE][PASSED] - Attribute 'class' of object '' is: ' '

2022-01-17 12:58:58 - [MESSAGE][PASSED] - Attribute 'class' of object '' is: ' '

2022-01-17 12:58:58 - [MESSAGE][PASSED] - Attribute 'class' of object '' is: ' '

2022-01-17 12:58:58 - [MESSAGE][PASSED] - Attribute 'class' of object '' is: ' '

2022-01-17 12:58:58 - [MESSAGE][PASSED] - Attribute 'class' of object '' is: ' '

2022-01-17 12:58:58 - [MESSAGE][PASSED] - Attribute 'class' of object '' is: ' '

2022-01-17 12:58:58 - [MESSAGE][PASSED] - Attribute 'class' of object '' is: ' '

2022-01-17 12:58:58 - [MESSAGE][PASSED] - Attribute 'class' of object '' is: ' '

2022-01-17 12:58:58 - [MESSAGE][PASSED] - Attribute 'class' of object '' is: ' '

2022-01-17 12:58:58 - [MESSAGE][PASSED] - Attribute 'class' of object '' is: ' '

2022-01-17 12:58:58 - [MESSAGE][PASSED] - Attribute 'class' of object '' is: ' '

2022-01-17 12:58:58 - [MESSAGE][PASSED] - Attribute 'class' of object '' is: ' '

2022-01-17 12:58:58 - [MESSAGE][PASSED] - Attribute 'class' of object '' is: ' '

2022-01-17 12:58:58 - [MESSAGE][PASSED] - Attribute 'class' of object '' is: ' '

2022-01-17 12:58:58 - [MESSAGE][PASSED] - Attribute 'class' of object '' is: ' '

2022-01-17 12:58:58 - [MESSAGE][PASSED] - Attribute 'class' of object '' is: ' '

2022-01-17 12:58:58 - [MESSAGE][PASSED] - Attribute 'class' of object '' is: ' '

2022-01-17 12:58:58 - [MESSAGE][PASSED] - Attribute 'class' of object '' is: ' '

2022-01-17 12:58:58 - [MESSAGE][PASSED] - Attribute 'class' of object '' is: ' '

2022-01-17 12:58:58 - [MESSAGE][PASSED] - Attribute 'class' of object '' is: ' '

2022-01-17 12:58:58 - [MESSAGE][PASSED] - Attribute 'class' of object '' is: ' '

2022-01-17 12:58:58 - [MESSAGE][PASSED] - Attribute 'class' of object '' is: ' '

2022-01-17 12:58:58 - [MESSAGE][PASSED] - Attribute 'class' of object '' is: ' '

2022-01-17 12:58:58 - [MESSAGE][PASSED] - Attribute 'class' of object '' is: ' '

2022-01-17 12:58:58 - [MESSAGE][PASSED] - Attribute 'class' of object '' is: ' '

2022-01-17 12:58:58 - [MESSAGE][PASSED] - Attribute 'class' of object '' is: ' '

2022-01-17 12:58:58 - [MESSAGE][PASSED] - Attribute 'class' of object '' is: ' '

2022-01-17 12:58:58 - [MESSAGE][PASSED] - Attribute 'class' of object '' is: ' '

2022-01-17 12:58:58 - [MESSAGE][PASSED] - Attribute 'class' of object '' is: ' '

2022-01-17 12:58:58 - [MESSAGE][PASSED] - Attribute 'class' of object '' is: ' '

2022-01-17 12:58:58 - [MESSAGE][PASSED] - Attribute 'class' of object '' is: ' '

2022-01-17 12:58:58 - [MESSAGE][PASSED] - Attribute 'class' of object '' is: ' '

2022-01-17 12:58:58 - [MESSAGE][PASSED] - Attribute 'class' of object '' is: ' '

2022-01-17 12:58:58 - [MESSAGE][PASSED] - Attribute 'class' of object '' is: ' '

2022-01-17 12:58:59 - [MESSAGE][PASSED] - Attribute 'class' of object '' is: ' '

2022-01-17 12:58:59 - [MESSAGE][PASSED] - Attribute 'class' of object '' is: ' '

2022-01-17 12:58:59 - [MESSAGE][PASSED] - Attribute 'class' of object '' is: ' '

2022-01-17 12:58:59 - [MESSAGE][PASSED] - Attribute 'class' of object '' is: ' '

2022-01-17 12:58:59 - [MESSAGE][PASSED] - Attribute 'class' of object '' is: ' '

2022-01-17 12:58:59 - [MESSAGE][PASSED] - Attribute 'class' of object '' is: ' '

2022-01-17 12:58:59 - [MESSAGE][PASSED] - Attribute 'class' of object '' is: ' '

2022-01-17 12:58:59 - [MESSAGE][PASSED] - Attribute 'class' of object '' is: ' '

2022-01-17 12:58:59 - [MESSAGE][PASSED] - Attribute 'class' of object '' is: ' '

2022-01-17 12:58:59 - [MESSAGE][PASSED] - Attribute 'class' of object '' is: ' '

2022-01-17 12:58:59 - [MESSAGE][PASSED] - Attribute 'class' of object '' is: ' '

2022-01-17 12:58:59 - [MESSAGE][PASSED] - Attribute 'class' of object '' is: ' '

2022-01-17 12:58:59 - [MESSAGE][PASSED] - Attribute 'class' of object '' is: ' '

2022-01-17 12:58:59 - [MESSAGE][PASSED] - Attribute 'class' of object '' is: ' '

2022-01-17 12:58:59 - [MESSAGE][PASSED] - Attribute 'class' of object '' is: ' '

2022-01-17 12:58:59 - [MESSAGE][PASSED] - Attribute 'class' of object '' is: ' '

2022-01-17 12:58:59 - [MESSAGE][PASSED] - Attribute 'class' of object '' is: ' '

2022-01-17 12:58:59 - [MESSAGE][PASSED] - Attribute 'class' of object '' is: ' '

2022-01-17 12:58:59 - [MESSAGE][PASSED] - Attribute 'class' of object '' is: ' '

2022-01-17 12:58:59 - [MESSAGE][PASSED] - Attribute 'class' of object '' is: ' '

2022-01-17 12:58:59 - [MESSAGE][PASSED] - Attribute 'class' of object '' is: ' '

2022-01-17 12:58:59 - [MESSAGE][PASSED] - Attribute 'class' of object '' is: ' '

2022-01-17 12:58:59 - [MESSAGE][PASSED] - Attribute 'class' of object '' is: ' '

2022-01-17 12:58:59 - [MESSAGE][PASSED] - Attribute 'class' of object '' is: ' '

2022-01-17 12:58:59 - [MESSAGE][PASSED] - Attribute 'class' of object '' is: ' '

2022-01-17 12:58:59 - [MESSAGE][PASSED] - Attribute 'class' of object '' is: ' '

2022-01-17 12:58:59 - [MESSAGE][PASSED] - Attribute 'class' of object '' is: ' '

2022-01-17 12:58:59 - [MESSAGE][PASSED] - Attribute 'class' of object '' is: ' '

2022-01-17 12:58:59 - [MESSAGE][PASSED] - Attribute 'class' of object '' is: ' '

2022-01-17 12:58:59 - [MESSAGE][PASSED] - Attribute 'class' of object '' is: ' '

2022-01-17 12:58:59 - [MESSAGE][PASSED] - Attribute 'class' of object '' is: ' '

2022-01-17 12:58:59 - [MESSAGE][PASSED] - Attribute 'class' of object '' is: ' '

2022-01-17 12:58:59 - [MESSAGE][PASSED] - Attribute 'class' of object '' is: ' '

2022-01-17 12:58:59 - [MESSAGE][PASSED] - Attribute 'class' of object '' is: ' '

2022-01-17 12:58:59 - [MESSAGE][PASSED] - Attribute 'class' of object '' is: ' '

2022-01-17 12:58:59 - [MESSAGE][PASSED] - Attribute 'class' of object '' is: ' '

2022-01-17 12:58:59 - [MESSAGE][PASSED] - Attribute 'class' of object '' is: ' '

2022-01-17 12:58:59 - [MESSAGE][PASSED] - Attribute 'class' of object '' is: ' '

2022-01-17 12:58:59 - [MESSAGE][PASSED] - Attribute 'class' of object '' is: ' '

2022-01-17 12:58:59 - [MESSAGE][PASSED] - Attribute 'class' of object '' is: ' '

2022-01-17 12:58:59 - [MESSAGE][PASSED] - Attribute 'class' of object '' is: ' '

2022-01-17 12:58:59 - [MESSAGE][PASSED] - Attribute 'class' of object '' is: ' '

2022-01-17 12:58:59 - [MESSAGE][PASSED] - Attribute 'class' of object '' is: ' '

2022-01-17 12:58:59 - [MESSAGE][PASSED] - Attribute 'class' of object '' is: ' '

2022-01-17 12:58:59 - [MESSAGE][PASSED] - Attribute 'class' of object '' is: ' '

2022-01-17 12:58:59 - [MESSAGE][PASSED] - Attribute 'class' of object '' is: ' '

2022-01-17 12:58:59 - [MESSAGE][PASSED] - Attribute 'class' of object '' is: ' '

2022-01-17 12:58:59 - [MESSAGE][PASSED] - Attribute 'class' of object '' is: ' '

2022-01-17 12:58:59 - [MESSAGE][PASSED] - Attribute 'class' of object '' is: ' '

2022-01-17 12:58:59 - [MESSAGE][PASSED] - Attribute 'class' of object '' is: ' '

2022-01-17 12:58:59 - [MESSAGE][PASSED] - Attribute 'class' of object '' is: ' '

2022-01-17 12:58:59 - [MESSAGE][PASSED] - Attribute 'class' of object '' is: ' '

2022-01-17 12:58:59 - [MESSAGE][PASSED] - Attribute 'class' of object '' is: ' '

2022-01-17 12:58:59 - [MESSAGE][PASSED] - Attribute 'class' of object '' is: ' '

2022-01-17 12:58:59 - [MESSAGE][PASSED] - Attribute 'class' of object '' is: ' '

2022-01-17 12:58:59 - [MESSAGE][PASSED] - Attribute 'class' of object '' is: ' '

2022-01-17 12:58:59 - [MESSAGE][PASSED] - Attribute 'class' of object '' is: ' '

2022-01-17 12:58:59 - [TEST_STEP][PASSED] - SearchResultHelper.checkSearchPagePagination(): Get CSS 'color' value on 'Object Repository/Search Result/span_pagenationLeftArrow' successfully: 'rgba(220, 221, 222, 1)'.

2022-01-17 12:59:00 - [MESSAGE][PASSED] - Object 'Object Repository/Search Result/div.pagenationSection' is present

2022-01-17 12:59:00 - [MESSAGE][PASSED] - Get CSS 'background-color' value on 'Object Repository/Search Result/span_currentPagenation' successfully: 'rgba(82, 36, 127, 1)'.

2022-01-17 12:59:01 - [MESSAGE][PASSED] - Get CSS 'color' value on 'Object Repository/Search Result/span_currentPagenation' successfully: 'rgba(255, 255, 255, 1)'.

2022-01-17 12:59:01 - [MESSAGE][PASSED] - Attribute 'class' of object 'Object Repository/Search Result/span_pagenationLeftArrow' is: 'pagination-item pagination-navigation-item disabled'

2022-01-17 12:59:01 - [MESSAGE][PASSED] - Get CSS 'color' value on 'Object Repository/Search Result/span_pagenationLeftArrow' successfully: 'rgba(220, 221, 222, 1)'.

2022-01-17 12:59:01 - [TEST_STEP][PASSED] - SearchResultHelper.selectProductFilters(): Text of object 'Object Repository/Search Result/h2_productListHeading' is: 'RESULTS FOR "PLASTIC" (1)'

2022-01-17 12:59:02 - [MESSAGE][PASSED] - Object: 'Object Repository/Filter/a_packagingProduct' is clicked on

2022-01-17 12:59:04 - [MESSAGE][PASSED] - Web element with id: 'Object Repository/General/div_pagleLoader' located by 'By.cssSelector: div.page-overlay' is not present after '3' second(s)

2022-01-17 12:59:04 - [MESSAGE][PASSED] - Text of object 'Object Repository/Filter/li_packagingProduct' is: 'Packaging Products (58)'

2022-01-17 12:59:04 - [MESSAGE][PASSED] - Text of object 'Object Repository/Search Result/h2_productListHeading' is: 'RESULTS FOR "PLASTIC" (58)'

2022-01-17 12:59:05 - [MESSAGE][PASSED] - Attribute 'class' of object 'Object Repository/Filter/li_packagingProduct' is: 'selected '

2022-01-17 12:59:06 - [MESSAGE][PASSED] - Object: 'Object Repository/Filter/a_plasticBags' is clicked on

2022-01-17 12:59:07 - [MESSAGE][PASSED] - Web element with id: 'Object Repository/General/div_pagleLoader' located by 'By.cssSelector: div.page-overlay' is not present after '3' second(s)

2022-01-17 12:59:07 - [MESSAGE][PASSED] - Attribute 'class' of object 'Object Repository/Filter/li_plasticBags' is: 'selected '

2022-01-17 12:59:08 - [MESSAGE][PASSED] - Object: '' is clicked on

2022-01-17 12:59:09 - [MESSAGE][PASSED] - Attribute 'class' of object '' is: 'block-title'

2022-01-17 12:59:09 - [MESSAGE][PASSED] - Attribute 'class' of object '' is: 'block-content collapsed collapse in'

2022-01-17 12:59:09 - [MESSAGE][PASSED] - Object: 'Object Repository/Filter/a_greenColor' is clicked on

2022-01-17 12:59:10 - [MESSAGE][PASSED] - Web element with id: 'Object Repository/General/div_pagleLoader' located by 'By.cssSelector: div.page-overlay' is not present after '3' second(s)

2022-01-17 12:59:11 - [MESSAGE][PASSED] - Attribute 'class' of object 'Object Repository/Filter/li_greenColor' is: 'selected '

2022-01-17 12:59:12 - [MESSAGE][PASSED] - Text of object 'Object Repository/Filter/li_greenColor' is: 'Green (1)'

2022-01-17 12:59:12 - [MESSAGE][PASSED] - Text of object 'Object Repository/Search Result/h2_productListHeading' is: 'RESULTS FOR "PLASTIC" (1)'

2022-01-17 12:59:12 - [TEST_STEP][PASSED] - SearchResultPageActions.NavigateToProductDetailsPage(): Object: 'Object Repository/Product details/a_productItem' is clicked on

2022-01-17 12:59:12 - [MESSAGE][PASSED] - Attribute 'href' of object 'Object Repository/Search Result/a_productItemLink' is: 'https://www.cleanersupply.com/Bags/Plastic-Bags/Comforter/comforterblanket-bags-12pack/'

2022-01-17 12:59:13 - [MESSAGE][PASSED] - Text of object 'Object Repository/Search Result/h2_productName' is: 'COMFORTER/BLANKET BAGS - 12/PACK'

2022-01-17 12:59:13 - [MESSAGE][PASSED] - Text of object 'Object Repository/Search Result/div_priceRange' is: '$6.50 - $14.88
List $9.72 - $18.96'

2022-01-17 12:59:14 - [MESSAGE][PASSED] - Text of object 'Object Repository/Search Result/span_availability' is: 'Available in 5 colors'

2022-01-17 12:59:18 - [MESSAGE][PASSED] - Object: 'Object Repository/Product details/a_productItem' is clicked on

2022-01-17 12:59:18 - [TEST_STEP][PASSED] - ProductDetailsHelpers.initProductDetailsPage(): Object 'Object Repository/Product details/button_addToCart' is NOT visible

2022-01-17 12:59:18 - [MESSAGE][PASSED] - Current window's title is: 'Comforter/Blanket Bags - 12/Pack - Cleaner's Supply'

2022-01-17 12:59:18 - [MESSAGE][PASSED] - Current window's url is: 'https://www.cleanersupply.com/Bags/Plastic-Bags/Comforter/comforterblanket-bags-12pack/?sku=COMF3BK'

2022-01-17 12:59:20 - [MESSAGE][PASSED] - Text of object 'Object Repository/Product details/ul_breadcrumb' is: 'Bags Plastic Bags Comforter'

2022-01-17 12:59:20 - [MESSAGE][PASSED] - Attribute 'class' of object '' is: 'xlarge option-box selected'

2022-01-17 12:59:21 - [MESSAGE][PASSED] - Get CSS 'background-color' value on '' successfully: 'rgba(65, 64, 66, 1)'.

2022-01-17 12:59:21 - [MESSAGE][PASSED] - Get CSS 'color' value on '' successfully: 'rgba(255, 255, 255, 1)'.

2022-01-17 12:59:21 - [MESSAGE][PASSED] - Text of object 'Object Repository/Product details/div_stockNotifcations' is: 'Currently Unavailable.'

2022-01-17 12:59:22 - [MESSAGE][PASSED] - Get CSS 'color' value on 'Object Repository/Product details/div_stockNotifcations' successfully: 'rgba(237, 28, 36, 1)'.

2022-01-17 12:59:22 - [MESSAGE][PASSED] - Text of object 'Object Repository/Product details/span_skuNumber' is: 'COMF3BK'

2022-01-17 12:59:22 - [MESSAGE][PASSED] - Object 'Object Repository/Product details/h1_productName' is present

2022-01-17 12:59:23 - [MESSAGE][PASSED] - Text of object 'Object Repository/Product details/h1_productName' is: 'X-SMALL BLANKET BAG W/NON-WOVEN SIDES - 15" X 18" X 3" - 12/PACK - BLACK'

2022-01-17 12:59:23 - [MESSAGE][PASSED] - Text of object 'Object Repository/Product details/span_productPrice' is: '$8.64'

2022-01-17 12:59:24 - [MESSAGE][PASSED] - Object 'Object Repository/Product details/a_blackColor' is present

2022-01-17 12:59:24 - [MESSAGE][PASSED] - Attribute 'class' of object 'Object Repository/Product details/a_blackColor' is: 'option-box selected'

2022-01-17 12:59:25 - [MESSAGE][PASSED] - Text of object 'Object Repository/Product details/span_selectedColor' is: 'BLACK'

2022-01-17 12:59:25 - [MESSAGE][PASSED] - Object 'Object Repository/Product details/i_favorite' is NOT visible

2022-01-17 12:59:26 - [MESSAGE][PASSED] - Object 'Object Repository/Product details/button_addToCart' is NOT visible

2022-01-17 12:59:26 - [TEST_STEP][PASSED] - ProductDetailsHelpers.hoverEffectAndClickXLargeSizeLink(): Get CSS 'background-color' value on 'Object Repository/Product details/button_addToCart' successfully: 'rgba(82, 36, 127, 1)'.

2022-01-17 12:59:26 - [MESSAGE][PASSED] - Object: 'Object Repository/Product details/a_xLargeLink' is hovered

2022-01-17 12:59:27 - [MESSAGE][PASSED] - Get CSS 'background-color' value on 'Object Repository/Product details/a_xLargeLink' successfully: 'rgba(119, 120, 123, 1)'.

2022-01-17 12:59:27 - [MESSAGE][PASSED] - Get CSS 'color' value on 'Object Repository/Product details/a_xLargeLink' successfully: 'rgba(255, 255, 255, 1)'.

2022-01-17 12:59:28 - [MESSAGE][PASSED] - Object: 'Object Repository/Product details/a_xLargeLink' is clicked on

2022-01-17 12:59:29 - [MESSAGE][PASSED] - Object 'Object Repository/Product details/h1_productName' is present

2022-01-17 12:59:30 - [MESSAGE][PASSED] - Text of object 'Object Repository/Product details/h1_productName' is: 'X-LARGE COMFORTER BAG W/NON-WOVEN SIDES - 26" X 29" X 10" - 12/PACK - BLACK'

2022-01-17 12:59:30 - [MESSAGE][PASSED] - Attribute 'class' of object '' is: 'xlarge option-box selected'

2022-01-17 12:59:30 - [MESSAGE][PASSED] - Get CSS 'background-color' value on '' successfully: 'rgba(65, 64, 66, 1)'.

2022-01-17 12:59:31 - [MESSAGE][PASSED] - Get CSS 'color' value on '' successfully: 'rgba(255, 255, 255, 1)'.

2022-01-17 12:59:31 - [MESSAGE][PASSED] - Text of object 'Object Repository/Product details/div_stockNotifcations' is: 'In Stock!'

2022-01-17 12:59:31 - [MESSAGE][PASSED] - Get CSS 'color' value on 'Object Repository/Product details/div_stockNotifcations' successfully: 'rgba(0, 137, 63, 1)'.

2022-01-17 12:59:32 - [MESSAGE][PASSED] - Text of object 'Object Repository/Product details/span_skuNumber' is: 'COMF26BK'

2022-01-17 12:59:32 - [MESSAGE][PASSED] - Current window's url is: 'https://www.cleanersupply.com/Bags/Plastic-Bags/Comforter/comforterblanket-bags-12pack/?sku=COMF26BK'

2022-01-17 12:59:32 - [MESSAGE][PASSED] - Text of object 'Object Repository/Product details/span_productSpecSize' is: '26" L x 29" H x 10" W'

2022-01-17 12:59:32 - [MESSAGE][PASSED] - Keys 'BACK_SPACE + 5' sent to object: 'Object Repository/Product details/input_productQuantity'

2022-01-17 12:59:33 - [MESSAGE][PASSED] - Attribute 'value' of object 'Object Repository/Product details/input_productQuantity' is: '5'

2022-01-17 12:59:33 - [MESSAGE][PASSED] - Text of object 'Object Repository/Product details/span_productPrice' is: '$14.88'

2022-01-17 12:59:35 - [MESSAGE][PASSED] - Object 'Object Repository/Product details/i_favorite' is visible

2022-01-17 12:59:36 - [MESSAGE][PASSED] - Object 'Object Repository/Product details/button_addToCart' is visible

2022-01-17 12:59:36 - [MESSAGE][PASSED] - Get CSS 'background-color' value on 'Object Repository/Product details/button_addToCart' successfully: 'rgba(82, 36, 127, 1)'.

2022-01-17 12:59:36 - [TEST_STEP][PASSED] - ProductDetailsHelpers.selectGreenColor(): Current window's url is: 'https://www.cleanersupply.com/Bags/Plastic-Bags/Comforter/comforterblanket-bags-12pack/?sku=COMF26GN'

2022-01-17 12:59:36 - [MESSAGE][PASSED] - Object: 'Object Repository/Product details/a_greenColor' is clicked on

2022-01-17 12:59:38 - [MESSAGE][PASSED] - Object 'Object Repository/Product details/a_greenColor' is present

2022-01-17 12:59:38 - [MESSAGE][PASSED] - Attribute 'class' of object 'Object Repository/Product details/a_greenColor' is: 'option-box selected'

2022-01-17 12:59:38 - [MESSAGE][PASSED] - Text of object 'Object Repository/Product details/span_selectedColor' is: 'GREEN'

2022-01-17 12:59:39 - [MESSAGE][PASSED] - Object 'Object Repository/Product details/h1_productName' is present

2022-01-17 12:59:39 - [MESSAGE][PASSED] - Text of object 'Object Repository/Product details/h1_productName' is: 'X-LARGE COMFORTER BAG W/NON-WOVEN SIDES - 26" X 29" X 10" - 12/PACK - GREEN'

2022-01-17 12:59:40 - [MESSAGE][PASSED] - Text of object 'Object Repository/Product details/span_skuNumber' is: 'COMF26GN'

2022-01-17 12:59:40 - [MESSAGE][PASSED] - Current window's url is: 'https://www.cleanersupply.com/Bags/Plastic-Bags/Comforter/comforterblanket-bags-12pack/?sku=COMF26GN'

2022-01-17 12:59:40 - [TEST_STEP][PASSED] - ProductDetailsHelpers.addProductToCart(): Object: 'Object Repository/Product details/button_addToCart' is clicked on

2022-01-17 12:59:40 - [MESSAGE][PASSED] - Object: 'Object Repository/Product details/div_addToCartContainer' is hovered

2022-01-17 12:59:40 - [MESSAGE][PASSED] - Get CSS 'box-shadow' value on 'Object Repository/Product details/div_addToCartContainer' successfully: 'rgba(0, 0, 0, 0.3) 0px 0px 10px 2px'.

2022-01-17 12:59:41 - [MESSAGE][PASSED] - Text of object 'Object Repository/Product details/h1_productName' is: 'X-LARGE COMFORTER BAG W/NON-WOVEN SIDES - 26" X 29" X 10" - 12/PACK - GREEN'

2022-01-17 12:59:41 - [MESSAGE][PASSED] - Attribute 'value' of object 'Object Repository/Product details/input_productQuantity' is: '5'

2022-01-17 12:59:41 - [MESSAGE][PASSED] - Text of object 'Object Repository/Product details/span_skuNumber' is: 'COMF26GN'

2022-01-17 12:59:42 - [MESSAGE][PASSED] - Text of object 'Object Repository/Product details/span_productPrice' is: '$14.52'

2022-01-17 12:59:42 - [MESSAGE][PASSED] - Object: 'Object Repository/Product details/button_addToCart' is clicked on

2022-01-17 12:59:42 - [TEST_STEP][PASSED] - MiniCartHelpers.hoverOnMiniCartHeader(): Text of object 'Object Repository/Mini Cart/span_cartCounterPadge' is: '1'

2022-01-17 12:59:44 - [MESSAGE][PASSED] - Object: 'Object Repository/Mini Cart/a_miniCartLink' is hovered

2022-01-17 12:59:44 - [MESSAGE][PASSED] - Get CSS 'background-color' value on 'Object Repository/Mini Cart/a_miniCartLink' successfully: 'rgba(255, 255, 255, 1)'.

2022-01-17 12:59:45 - [MESSAGE][PASSED] - Get CSS 'color' value on 'Object Repository/Mini Cart/a_miniCartLink' successfully: 'rgba(82, 36, 127, 1)'.

2022-01-17 12:59:46 - [MESSAGE][PASSED] - Text of object 'Object Repository/Mini Cart/span_miniCartSubTotal' is: '$72.60'

2022-01-17 12:59:47 - [MESSAGE][PASSED] - Text of object 'Object Repository/Mini Cart/span_cartCounterPadge' is: '1'

2022-01-17 12:59:49 - [TEST_STEP][PASSED] - ProductDetailsHelpers.hoverEffectAndClickLargeSizeLink(): Get CSS 'background-color' value on 'Object Repository/Product details/button_addToCart' successfully: 'rgba(82, 36, 127, 1)'.

2022-01-17 12:59:50 - [MESSAGE][PASSED] - Object: 'Object Repository/Product details/h2_descHeader' is hovered

2022-01-17 12:59:50 - [MESSAGE][PASSED] - Object: 'Object Repository/Product details/a_largeLink' is hovered

2022-01-17 12:59:51 - [MESSAGE][PASSED] - Object: 'Object Repository/Product details/a_largeLink' is clicked on

2022-01-17 12:59:52 - [MESSAGE][PASSED] - Attribute 'class' of object '' is: 'xlarge option-box selected'

2022-01-17 12:59:53 - [MESSAGE][PASSED] - Get CSS 'background-color' value on '' successfully: 'rgba(65, 64, 66, 1)'.

2022-01-17 12:59:53 - [MESSAGE][PASSED] - Get CSS 'color' value on '' successfully: 'rgba(255, 255, 255, 1)'.

2022-01-17 12:59:53 - [MESSAGE][PASSED] - Object 'Object Repository/Product details/h1_productName' is present

2022-01-17 12:59:54 - [MESSAGE][PASSED] - Text of object 'Object Repository/Product details/h1_productName' is: 'LARGE COMFORTER BAG W/NON-WOVEN SIDES - 24" X 27" X 8" - 12/PACK - GREEN'

2022-01-17 12:59:54 - [MESSAGE][PASSED] - Text of object 'Object Repository/Product details/span_skuNumber' is: 'COMF24GN'

2022-01-17 12:59:54 - [MESSAGE][PASSED] - Current window's url is: 'https://www.cleanersupply.com/Bags/Plastic-Bags/Comforter/comforterblanket-bags-12pack/?sku=COMF24GN'

2022-01-17 12:59:55 - [MESSAGE][PASSED] - Text of object 'Object Repository/Product details/span_productSpecSize' is: '24" L x 27" H x 8" W'

2022-01-17 12:59:55 - [MESSAGE][PASSED] - Keys 'BACK_SPACE + 4' sent to object: 'Object Repository/Product details/input_productQuantity'

2022-01-17 12:59:55 - [MESSAGE][PASSED] - Attribute 'value' of object 'Object Repository/Product details/input_productQuantity' is: '4'

2022-01-17 12:59:56 - [MESSAGE][PASSED] - Text of object 'Object Repository/Product details/span_productPrice' is: '$13.56'

2022-01-17 12:59:57 - [MESSAGE][PASSED] - Object 'Object Repository/Product details/i_favorite' is visible

2022-01-17 12:59:57 - [MESSAGE][PASSED] - Object 'Object Repository/Product details/button_addToCart' is visible

2022-01-17 12:59:58 - [MESSAGE][PASSED] - Get CSS 'background-color' value on 'Object Repository/Product details/button_addToCart' successfully: 'rgba(82, 36, 127, 1)'.

2022-01-17 12:59:58 - [TEST_STEP][PASSED] - ProductDetailsHelpers.selectRoyalBlueColor(): Current window's url is: 'https://www.cleanersupply.com/Bags/Plastic-Bags/Comforter/comforterblanket-bags-12pack/?sku=COMF24RO'

2022-01-17 12:59:59 - [MESSAGE][PASSED] - Object: 'Object Repository/Product details/a_royalBlueColor' is clicked on

2022-01-17 13:00:00 - [MESSAGE][PASSED] - Object 'Object Repository/Product details/a_royalBlueColor' is present

2022-01-17 13:00:01 - [MESSAGE][PASSED] - Attribute 'class' of object 'Object Repository/Product details/a_royalBlueColor' is: 'option-box selected'

2022-01-17 13:00:01 - [MESSAGE][PASSED] - Text of object 'Object Repository/Product details/span_selectedColor' is: 'ROYAL BLUE'

2022-01-17 13:00:02 - [MESSAGE][PASSED] - Object 'Object Repository/Product details/h1_productName' is present

2022-01-17 13:00:02 - [MESSAGE][PASSED] - Text of object 'Object Repository/Product details/h1_productName' is: 'LARGE COMFORTER BAG W/NON-WOVEN SIDES - 24" X 27" X 8" - 12/PACK - ROYAL BLUE'

2022-01-17 13:00:02 - [MESSAGE][PASSED] - Text of object 'Object Repository/Product details/span_skuNumber' is: 'COMF24RO'

2022-01-17 13:00:02 - [MESSAGE][PASSED] - Current window's url is: 'https://www.cleanersupply.com/Bags/Plastic-Bags/Comforter/comforterblanket-bags-12pack/?sku=COMF24RO'

2022-01-17 13:00:02 - [TEST_STEP][PASSED] - ProductDetailsHelpers.addProductToCart(): Object: 'Object Repository/Product details/button_addToCart' is clicked on

2022-01-17 13:00:03 - [MESSAGE][PASSED] - Object: 'Object Repository/Product details/div_addToCartContainer' is hovered

2022-01-17 13:00:03 - [MESSAGE][PASSED] - Get CSS 'box-shadow' value on 'Object Repository/Product details/div_addToCartContainer' successfully: 'rgba(0, 0, 0, 0.3) 0px 0px 10px 2px'.

2022-01-17 13:00:04 - [MESSAGE][PASSED] - Text of object 'Object Repository/Product details/h1_productName' is: 'LARGE COMFORTER BAG W/NON-WOVEN SIDES - 24" X 27" X 8" - 12/PACK - ROYAL BLUE'

2022-01-17 13:00:04 - [MESSAGE][PASSED] - Attribute 'value' of object 'Object Repository/Product details/input_productQuantity' is: '4'

2022-01-17 13:00:04 - [MESSAGE][PASSED] - Text of object 'Object Repository/Product details/span_skuNumber' is: 'COMF24RO'

2022-01-17 13:00:05 - [MESSAGE][PASSED] - Text of object 'Object Repository/Product details/span_productPrice' is: '$12.72'

2022-01-17 13:00:05 - [MESSAGE][PASSED] - Object: 'Object Repository/Product details/button_addToCart' is clicked on

2022-01-17 13:00:05 - [TEST_STEP][PASSED] - MiniCartHelpers.hoverOnMiniCartHeader(): Text of object 'Object Repository/Mini Cart/span_cartCounterPadge' is: '2'

2022-01-17 13:00:06 - [MESSAGE][PASSED] - Object: 'Object Repository/Mini Cart/a_miniCartLink' is hovered

2022-01-17 13:00:07 - [MESSAGE][PASSED] - Get CSS 'background-color' value on 'Object Repository/Mini Cart/a_miniCartLink' successfully: 'rgba(255, 255, 255, 1)'.

2022-01-17 13:00:07 - [MESSAGE][PASSED] - Get CSS 'color' value on 'Object Repository/Mini Cart/a_miniCartLink' successfully: 'rgba(82, 36, 127, 1)'.

2022-01-17 13:00:10 - [MESSAGE][PASSED] - Text of object 'Object Repository/Mini Cart/span_miniCartSubTotal' is: '$123.48'

2022-01-17 13:00:10 - [MESSAGE][PASSED] - Text of object 'Object Repository/Mini Cart/span_cartCounterPadge' is: '2'

2022-01-17 13:00:12 - [TEST_STEP][PASSED] - MiniCartActions.navigateToCartPage(): Object: 'Object Repository/Mini Cart/a_miniCartLink' is clicked on

2022-01-17 13:00:17 - [MESSAGE][PASSED] - Object: 'Object Repository/Mini Cart/a_miniCartLink' is clicked on

2022-01-17 13:00:17 - [TEST_STEP][PASSED] - ShoppingCartHelpers.navigateToCartPage(): Text of object 'Object Repository/Shopping Cart/td_summaryTotalSubTotal' is: '$123.48'

2022-01-17 13:00:18 - [MESSAGE][PASSED] - Text of object 'Object Repository/Mini Cart/span_cartCounterPadge' is: '2'

2022-01-17 13:00:19 - [MESSAGE][PASSED] - Text of object 'Object Repository/Shopping Cart/td_summaryTableItemCount' is: 'SUBTOTAL (2 ITEMS)'

2022-01-17 13:00:21 - [MESSAGE][PASSED] - Text of object 'Object Repository/Shopping Cart/td_summaryTableTotal' is: '$123.48'

2022-01-17 13:00:21 - [MESSAGE][PASSED] - Text of object 'Object Repository/Shopping Cart/td_summaryTotalSubTotal' is: '$123.48'

2022-01-17 13:00:23 - [TEST_STEP][PASSED] - ShoppingCartHelpers.updateQuantities(): Text of object 'Object Repository/Shopping Cart/td_summaryTotalSubTotal' is: '$108.96'

2022-01-17 13:00:25 - [MESSAGE][PASSED] - Attribute 'value' of object '' is: '4'

2022-01-17 13:00:25 - [MESSAGE][PASSED] - Attribute 'value' of object '' is: '4'

2022-01-17 13:00:26 - [MESSAGE][PASSED] - Object: 'Object Repository/Shopping Cart/td_summaryTableItemCount' is clicked on

2022-01-17 13:00:29 - [MESSAGE][PASSED] - Text of object 'Object Repository/Shopping Cart/td_summaryTableTotal' is: '$108.96'

2022-01-17 13:00:29 - [MESSAGE][PASSED] - Text of object 'Object Repository/Shopping Cart/td_summaryTotalSubTotal' is: '$108.96'

2022-01-17 13:00:29 - [TEST_STEP][PASSED] - ShoppingCartHelpers.navigateToCheckoutPage(): Object: 'Object Repository/Shopping Cart/button_proceedToCheckout' is clicked on

2022-01-17 13:00:30 - [MESSAGE][PASSED] - Object: 'Object Repository/Shopping Cart/a_shoppingCartProductTitle' is hovered

2022-01-17 13:00:30 - [MESSAGE][PASSED] - Get CSS 'background-color' value on 'Object Repository/Shopping Cart/button_proceedToCheckout' successfully: 'rgba(82, 36, 127, 1)'.

2022-01-17 13:00:31 - [MESSAGE][PASSED] - Get CSS 'color' value on 'Object Repository/Shopping Cart/button_proceedToCheckout' successfully: 'rgba(255, 255, 255, 1)'.

2022-01-17 13:00:31 - [MESSAGE][PASSED] - Object: 'Object Repository/Shopping Cart/button_proceedToCheckout' is hovered

2022-01-17 13:00:32 - [MESSAGE][PASSED] - Get CSS 'box-shadow' value on 'Object Repository/Shopping Cart/button_proceedToCheckout' successfully: 'rgba(0, 0, 0, 0.3) 0px 0px 10px 2px'.

2022-01-17 13:00:34 - [MESSAGE][PASSED] - Object: 'Object Repository/Shopping Cart/button_proceedToCheckout' is clicked on

2022-01-17 13:00:34 - [TEST_STEP][PASSED] - CheckoutPageHelpers.initCheckoutPage(): Object 'Object Repository/CheckOut/input_checkoutAsGuestRadioButton' is checked

2022-01-17 13:00:35 - [MESSAGE][PASSED] - Text of object 'Object Repository/CheckOut/span_checkoutTitleTotal' is: '$108.96'

2022-01-17 13:00:36 - [MESSAGE][PASSED] - Text of object 'Object Repository/CheckOut/td_summaryTableTotal' is: '$108.96'

2022-01-17 13:00:36 - [MESSAGE][PASSED] - Text of object 'Object Repository/CheckOut/td_summaryTotalSubTotal' is: '$108.96'

2022-01-17 13:00:37 - [MESSAGE][PASSED] - Text of object 'Object Repository/CheckOut/label_checkoutAsGuest' is: 'Checkout as Guest'

2022-01-17 13:00:37 - [MESSAGE][PASSED] - Object 'Object Repository/CheckOut/input_checkoutAsGuestRadioButton' is checked

2022-01-17 13:00:41 - [TEST_STEP][PASSED] - CheckoutPageHelpers.navigateToCheckoutInformationForm(): Object: 'Object Repository/CheckOut/button_continueButton' is clicked on

2022-01-17 13:00:43 - [MESSAGE][PASSED] - Object: 'Object Repository/CheckOut/button_continueButton' is clicked on

2022-01-17 13:00:43 - [TEST_STEP][FAILED] - checkOutFormHelper.fillCheckOutForm(): Unable to verify equal between actual object 'rgba(99, 99, 99, 0.77) 0px -2.30473px 0px 0px inset' and expected object 'rgb(99, 99, 99) 0px -3px 0px 0px inset' (Root cause: com.kms.katalon.core.exception.StepFailedException: Actual object 'rgba(99, 99, 99, 0.77) 0px -2.30473px 0px 0px inset' and expected object 'rgb(99, 99, 99) 0px -3px 0px 0px inset' are not equal
	at com.kms.katalon.core.keyword.builtin.VerifyEqualKeyword$_verifyEqual_closure1.doCall(VerifyEqualKeyword.groovy:58)
	at com.kms.katalon.core.keyword.builtin.VerifyEqualKeyword$_verifyEqual_closure1.call(VerifyEqualKeyword.groovy)
	at com.kms.katalon.core.keyword.internal.KeywordMain.runKeyword(KeywordMain.groovy:74)
	at com.kms.katalon.core.keyword.builtin.VerifyEqualKeyword.verifyEqual(VerifyEqualKeyword.groovy:63)
	at com.kms.katalon.core.keyword.builtin.VerifyEqualKeyword.execute(VerifyEqualKeyword.groovy:44)
	at com.kms.katalon.core.keyword.internal.KeywordExecutor.executeKeywordForPlatform(KeywordExecutor.groovy:74)
	at com.kms.katalon.core.keyword.BuiltinKeywords.verifyEqual(BuiltinKeywords.groovy:141)
	at validation.CheckOutFormValidation.validateBoxShadowBlaceHolderBorder(CheckOutFormValidation.groovy:35)
	at validation.CheckOutFormValidation$validateBoxShadowBlaceHolderBorder.call(Unknown Source)
	at helpers.checkOutFormHelper.sendAddress2Value(checkOutFormHelper.groovy:56)
	at helpers.checkOutFormHelper$sendAddress2Value$4.call(Unknown Source)
	at helpers.checkOutFormHelper.fillCheckOutForm(checkOutFormHelper.groovy:150)
	at helpers.checkOutFormHelper$fillCheckOutForm.call(Unknown Source)
	at Product Details.run(Product Details:64)
	at com.kms.katalon.core.main.ScriptEngine.run(ScriptEngine.java:194)
	at com.kms.katalon.core.main.ScriptEngine.runScriptAsRawText(ScriptEngine.java:119)
	at com.kms.katalon.core.main.TestCaseExecutor.runScript(TestCaseExecutor.java:442)
	at com.kms.katalon.core.main.TestCaseExecutor.doExecute(TestCaseExecutor.java:433)
	at com.kms.katalon.core.main.TestCaseExecutor.processExecutionPhase(TestCaseExecutor.java:412)
	at com.kms.katalon.core.main.TestCaseExecutor.accessMainPhase(TestCaseExecutor.java:404)
	at com.kms.katalon.core.main.TestCaseExecutor.execute(TestCaseExecutor.java:281)
	at com.kms.katalon.core.main.TestSuiteExecutor.accessTestCaseMainPhase(TestSuiteExecutor.java:202)
	at com.kms.katalon.core.main.TestSuiteExecutor.accessTestSuiteMainPhase(TestSuiteExecutor.java:164)
	at com.kms.katalon.core.main.TestSuiteExecutor.execute(TestSuiteExecutor.java:105)
	at com.kms.katalon.core.main.TestCaseMain.startTestSuite(TestCaseMain.java:181)
	at com.kms.katalon.core.main.TestCaseMain$startTestSuite$0.call(Unknown Source)
	at TempTestSuite1642416906736.run(TempTestSuite1642416906736.groovy:36)
)

2022-01-17 13:00:44 - [MESSAGE][PASSED] - Current window's title is: 'Checkout - Cleaner's Supply'

2022-01-17 13:00:44 - [MESSAGE][PASSED] - Current window's url is: 'https://www.cleanersupply.com/checkout/'

2022-01-17 13:00:45 - [MESSAGE][PASSED] - Text of object 'Object Repository/CheckOutForm/h1_checkOutHeader' is: 'CHECKOUT'

2022-01-17 13:00:45 - [MESSAGE][PASSED] - Object: 'Object Repository/CheckOutForm/input_company' is focused

2022-01-17 13:00:45 - [MESSAGE][PASSED] - Get CSS 'box-shadow' value on 'Object Repository/CheckOutForm/input_company' successfully: 'rgb(99, 99, 99) 0px -3px 0px 0px inset'.

2022-01-17 13:00:45 - [MESSAGE][PASSED] - Actual object 'rgb(99, 99, 99) 0px -3px 0px 0px inset' and expected object 'rgb(99, 99, 99) 0px -3px 0px 0px inset' are equal

2022-01-17 13:00:47 - [MESSAGE][PASSED] - Text 'testCompany' is set on object 'Object Repository/CheckOutForm/input_company'

2022-01-17 13:00:47 - [MESSAGE][PASSED] - Object: 'Object Repository/CheckOutForm/input_fname' is focused

2022-01-17 13:00:47 - [MESSAGE][PASSED] - Get CSS 'box-shadow' value on 'Object Repository/CheckOutForm/input_fname' successfully: 'rgb(99, 99, 99) 0px -3px 0px 0px inset'.

2022-01-17 13:00:47 - [MESSAGE][PASSED] - Actual object 'rgb(99, 99, 99) 0px -3px 0px 0px inset' and expected object 'rgb(99, 99, 99) 0px -3px 0px 0px inset' are equal

2022-01-17 13:00:48 - [MESSAGE][PASSED] - Text 'FNameTest' is set on object 'Object Repository/CheckOutForm/input_fname'

2022-01-17 13:00:49 - [MESSAGE][PASSED] - Object: 'Object Repository/CheckOutForm/input_lNAme' is focused

2022-01-17 13:00:49 - [MESSAGE][PASSED] - Get CSS 'box-shadow' value on 'Object Repository/CheckOutForm/input_lNAme' successfully: 'rgb(99, 99, 99) 0px -3px 0px 0px inset'.

2022-01-17 13:00:49 - [MESSAGE][PASSED] - Actual object 'rgb(99, 99, 99) 0px -3px 0px 0px inset' and expected object 'rgb(99, 99, 99) 0px -3px 0px 0px inset' are equal

2022-01-17 13:00:50 - [MESSAGE][PASSED] - Text 'lnameValueTest' is set on object 'Object Repository/CheckOutForm/input_lNAme'

2022-01-17 13:00:51 - [MESSAGE][PASSED] - Object: 'Object Repository/CheckOutForm/input_address' is focused

2022-01-17 13:00:51 - [MESSAGE][PASSED] - Get CSS 'box-shadow' value on 'Object Repository/CheckOutForm/input_address' successfully: 'rgb(99, 99, 99) 0px -3px 0px 0px inset'.

2022-01-17 13:00:51 - [MESSAGE][PASSED] - Actual object 'rgb(99, 99, 99) 0px -3px 0px 0px inset' and expected object 'rgb(99, 99, 99) 0px -3px 0px 0px inset' are equal

2022-01-17 13:00:52 - [MESSAGE][PASSED] - Text 'addres1Test' is set on object 'Object Repository/CheckOutForm/input_address'

2022-01-17 13:00:52 - [MESSAGE][PASSED] - Object: 'Object Repository/CheckOutForm/input_address2' is focused

2022-01-17 13:00:53 - [MESSAGE][PASSED] - Get CSS 'box-shadow' value on 'Object Repository/CheckOutForm/input_address2' successfully: 'rgba(99, 99, 99, 0.77) 0px -2.30473px 0px 0px inset'.

2022-01-17 13:00:54 - [MESSAGE][FAILED] - Unable to verify equal between actual object 'rgba(99, 99, 99, 0.77) 0px -2.30473px 0px 0px inset' and expected object 'rgb(99, 99, 99) 0px -3px 0px 0px inset' (Root cause: com.kms.katalon.core.exception.StepFailedException: Actual object 'rgba(99, 99, 99, 0.77) 0px -2.30473px 0px 0px inset' and expected object 'rgb(99, 99, 99) 0px -3px 0px 0px inset' are not equal
	at com.kms.katalon.core.keyword.builtin.VerifyEqualKeyword$_verifyEqual_closure1.doCall(VerifyEqualKeyword.groovy:58)
	at com.kms.katalon.core.keyword.builtin.VerifyEqualKeyword$_verifyEqual_closure1.call(VerifyEqualKeyword.groovy)
	at com.kms.katalon.core.keyword.internal.KeywordMain.runKeyword(KeywordMain.groovy:74)
	at com.kms.katalon.core.keyword.builtin.VerifyEqualKeyword.verifyEqual(VerifyEqualKeyword.groovy:63)
	at com.kms.katalon.core.keyword.builtin.VerifyEqualKeyword.execute(VerifyEqualKeyword.groovy:44)
	at com.kms.katalon.core.keyword.internal.KeywordExecutor.executeKeywordForPlatform(KeywordExecutor.groovy:74)
	at com.kms.katalon.core.keyword.BuiltinKeywords.verifyEqual(BuiltinKeywords.groovy:141)
	at validation.CheckOutFormValidation.validateBoxShadowBlaceHolderBorder(CheckOutFormValidation.groovy:35)
	at validation.CheckOutFormValidation$validateBoxShadowBlaceHolderBorder.call(Unknown Source)
	at helpers.checkOutFormHelper.sendAddress2Value(checkOutFormHelper.groovy:56)
	at helpers.checkOutFormHelper$sendAddress2Value$4.call(Unknown Source)
	at helpers.checkOutFormHelper.fillCheckOutForm(checkOutFormHelper.groovy:150)
	at helpers.checkOutFormHelper$fillCheckOutForm.call(Unknown Source)
	at Product Details.run(Product Details:64)
	at com.kms.katalon.core.main.ScriptEngine.run(ScriptEngine.java:194)
	at com.kms.katalon.core.main.ScriptEngine.runScriptAsRawText(ScriptEngine.java:119)
	at com.kms.katalon.core.main.TestCaseExecutor.runScript(TestCaseExecutor.java:442)
	at com.kms.katalon.core.main.TestCaseExecutor.doExecute(TestCaseExecutor.java:433)
	at com.kms.katalon.core.main.TestCaseExecutor.processExecutionPhase(TestCaseExecutor.java:412)
	at com.kms.katalon.core.main.TestCaseExecutor.accessMainPhase(TestCaseExecutor.java:404)
	at com.kms.katalon.core.main.TestCaseExecutor.execute(TestCaseExecutor.java:281)
	at com.kms.katalon.core.main.TestSuiteExecutor.accessTestCaseMainPhase(TestSuiteExecutor.java:202)
	at com.kms.katalon.core.main.TestSuiteExecutor.accessTestSuiteMainPhase(TestSuiteExecutor.java:164)
	at com.kms.katalon.core.main.TestSuiteExecutor.execute(TestSuiteExecutor.java:105)
	at com.kms.katalon.core.main.TestCaseMain.startTestSuite(TestCaseMain.java:181)
	at com.kms.katalon.core.main.TestCaseMain$startTestSuite$0.call(Unknown Source)
	at TempTestSuite1642416906736.run(TempTestSuite1642416906736.groovy:36)
)

2022-01-17 13:01:04 - [TEST_STEP][PASSED] - Video: Video recording for test case 'Test Cases/Checkout Scenario/Product Details' .

2022-01-17 13:01:04 - [MESSAGE][INFO] - Video recording for test case 'Test Cases/Checkout Scenario/Product Details' .]]></system-out>
         <system-err><![CDATA[2022-01-17 12:58:21 - [TEST_CASE][FAILED] - Test Cases/Checkout Scenario/Product Details: Test Cases/Checkout Scenario/Product Details FAILED.
Reason:
com.kms.katalon.core.exception.StepFailedException: Actual object 'rgba(99, 99, 99, 0.77) 0px -2.30473px 0px 0px inset' and expected object 'rgb(99, 99, 99) 0px -3px 0px 0px inset' are not equal
	at com.kms.katalon.core.keyword.builtin.VerifyEqualKeyword$_verifyEqual_closure1.doCall(VerifyEqualKeyword.groovy:58)
	at com.kms.katalon.core.keyword.builtin.VerifyEqualKeyword$_verifyEqual_closure1.call(VerifyEqualKeyword.groovy)
	at com.kms.katalon.core.keyword.internal.KeywordMain.runKeyword(KeywordMain.groovy:74)
	at com.kms.katalon.core.keyword.builtin.VerifyEqualKeyword.verifyEqual(VerifyEqualKeyword.groovy:63)
	at com.kms.katalon.core.keyword.builtin.VerifyEqualKeyword.execute(VerifyEqualKeyword.groovy:44)
	at com.kms.katalon.core.keyword.internal.KeywordExecutor.executeKeywordForPlatform(KeywordExecutor.groovy:74)
	at com.kms.katalon.core.keyword.BuiltinKeywords.verifyEqual(BuiltinKeywords.groovy:141)
	at validation.CheckOutFormValidation.validateBoxShadowBlaceHolderBorder(CheckOutFormValidation.groovy:35)
	at validation.CheckOutFormValidation$validateBoxShadowBlaceHolderBorder.call(Unknown Source)
	at helpers.checkOutFormHelper.sendAddress2Value(checkOutFormHelper.groovy:56)
	at helpers.checkOutFormHelper$sendAddress2Value$4.call(Unknown Source)
	at helpers.checkOutFormHelper.fillCheckOutForm(checkOutFormHelper.groovy:150)
	at helpers.checkOutFormHelper$fillCheckOutForm.call(Unknown Source)
	at Product Details.run(Product Details:64)
	at com.kms.katalon.core.main.ScriptEngine.run(ScriptEngine.java:194)
	at com.kms.katalon.core.main.ScriptEngine.runScriptAsRawText(ScriptEngine.java:119)
	at com.kms.katalon.core.main.TestCaseExecutor.runScript(TestCaseExecutor.java:442)
	at com.kms.katalon.core.main.TestCaseExecutor.doExecute(TestCaseExecutor.java:433)
	at com.kms.katalon.core.main.TestCaseExecutor.processExecutionPhase(TestCaseExecutor.java:412)
	at com.kms.katalon.core.main.TestCaseExecutor.accessMainPhase(TestCaseExecutor.java:404)
	at com.kms.katalon.core.main.TestCaseExecutor.execute(TestCaseExecutor.java:281)
	at com.kms.katalon.core.main.TestSuiteExecutor.accessTestCaseMainPhase(TestSuiteExecutor.java:202)
	at com.kms.katalon.core.main.TestSuiteExecutor.accessTestSuiteMainPhase(TestSuiteExecutor.java:164)
	at com.kms.katalon.core.main.TestSuiteExecutor.execute(TestSuiteExecutor.java:105)
	at com.kms.katalon.core.main.TestCaseMain.startTestSuite(TestCaseMain.java:181)
	at com.kms.katalon.core.main.TestCaseMain$startTestSuite$0.call(Unknown Source)
	at TempTestSuite1642416906736.run(TempTestSuite1642416906736.groovy:36)]]></system-err>
      </testcase>
      <testcase name="Test Cases/Checkout Scenario/Category" time="108.949" classname="Test Cases/Checkout Scenario/Category" status="PASSED">
         <system-out><![CDATA[2022-01-17 13:01:04 - [TEST_CASE][PASSED] - Test Cases/Checkout Scenario/Category: Test Cases/Checkout Scenario/Category

2022-01-17 13:01:05 - [TEST_STEP][PASSED] - GeneralHelpers.initScenario(): Current window's url is: 'https://www.cleanersupply.com/'

2022-01-17 13:01:05 - [MESSAGE][WARNING] - A browser is already opened. Closing browser and opening a new one

2022-01-17 13:01:05 - [MESSAGE][INFO] - Starting 'Chrome' driver

2022-01-17 13:01:05 - [MESSAGE][INFO] - Action delay is set to 0 milliseconds

2022-01-17 13:01:07 - [MESSAGE][PASSED] - Browser is opened with url: ''

2022-01-17 13:01:07 - [MESSAGE][PASSED] - Current window maximized

2022-01-17 13:01:16 - [MESSAGE][PASSED] - Navigate to 'https://www.cleanersupply.com/' successfully

2022-01-17 13:01:16 - [MESSAGE][PASSED] - Wait for page load successfully

2022-01-17 13:01:16 - [MESSAGE][PASSED] - Current window's title is: 'Cleaner's Supply - Dry Cleaning Supplies'

2022-01-17 13:01:16 - [MESSAGE][PASSED] - Current window's title is: 'Cleaner's Supply - Dry Cleaning Supplies'

2022-01-17 13:01:16 - [MESSAGE][PASSED] - Current window's url is: 'https://www.cleanersupply.com/'

2022-01-17 13:01:16 - [TEST_STEP][PASSED] - computerRegister = "Object Repository/Category/a_ComputerRegister": null

2022-01-17 13:01:16 - [TEST_STEP][PASSED] - CategoryScActions.hovertags(): Object: 'Object Repository/Category/a_tags' is hovered

2022-01-17 13:01:18 - [MESSAGE][PASSED] - Object: 'Object Repository/Category/a_tags' is hovered

2022-01-17 13:01:18 - [TEST_STEP][PASSED] - tags = "Object Repository/Category/a_tags": null

2022-01-17 13:01:18 - [TEST_STEP][PASSED] - CategoryValidations.checkanchorHoverColorBackground(tags, moveColr, whiteColor): Get CSS 'background-color' value on 'Object Repository/Category/a_tags' successfully: 'rgba(255, 255, 255, 1)'.

2022-01-17 13:01:18 - [MESSAGE][PASSED] - Get CSS 'color' value on 'Object Repository/Category/a_tags' successfully: 'rgba(82, 36, 127, 1)'.

2022-01-17 13:01:19 - [MESSAGE][PASSED] - Get CSS 'background-color' value on 'Object Repository/Category/a_tags' successfully: 'rgba(255, 255, 255, 1)'.

2022-01-17 13:01:19 - [TEST_STEP][PASSED] - CategoryValidations.checkHoverFlyMenuVisibility(): Attribute 'class' of object 'Object Repository/Category/ul_flyMenu' is: 'nav navbar-nav navbar-left open-desktop'

2022-01-17 13:01:19 - [MESSAGE][PASSED] - Object 'Object Repository/Category/ul_flyMenu' is visible

2022-01-17 13:01:19 - [MESSAGE][PASSED] - Attribute 'class' of object 'Object Repository/Category/ul_flyMenu' is: 'nav navbar-nav navbar-left open-desktop'

2022-01-17 13:01:19 - [TEST_STEP][PASSED] - CategorySCHelpers.navigateComputerRegister(): Current window's title is: 'Computer & Register - Cleaner's Supply'

2022-01-17 13:01:20 - [MESSAGE][PASSED] - Object: 'Object Repository/Category/a_ComputerRegister' is hovered

2022-01-17 13:01:20 - [MESSAGE][PASSED] - Get CSS 'color' value on 'Object Repository/Category/a_ComputerRegister' successfully: 'rgba(82, 36, 127, 1)'.

2022-01-17 13:01:21 - [MESSAGE][PASSED] - Get CSS 'text-transform' value on 'Object Repository/Category/a_ComputerRegister' successfully: 'uppercase'.

2022-01-17 13:01:25 - [MESSAGE][PASSED] - Object: 'Object Repository/Category/a_ComputerRegister' is clicked on

2022-01-17 13:01:25 - [MESSAGE][PASSED] - Current window's url is: 'https://www.cleanersupply.com/Tags-Forms/Computer-Register/'

2022-01-17 13:01:25 - [MESSAGE][PASSED] - Current window's title is: 'Computer & Register - Cleaner's Supply'

2022-01-17 13:01:25 - [TEST_STEP][PASSED] - CategoryValidations.validatespanText(computerRegisterspan): Text of object 'Object Repository/Category/span_omputerRegister' is: 'COMPUTER & REGISTER TAGS & FORMS'

2022-01-17 13:01:26 - [MESSAGE][PASSED] - Text of object 'Object Repository/Category/span_omputerRegister' is: 'COMPUTER & REGISTER TAGS & FORMS'

2022-01-17 13:01:26 - [TEST_STEP][PASSED] - CategoryScActions.getDefaultProjectCategoryFilter(expectedProductNum): Text of object 'Object Repository/Category/h2_productNum' is: '74 PRODUCTS'

2022-01-17 13:01:27 - [MESSAGE][PASSED] - Text of object 'Object Repository/Category/h2_productNum' is: '74 PRODUCTS'

2022-01-17 13:01:27 - [TEST_STEP][PASSED] - CategoryScActions.getDefaultValueOfSortBy(sortByDefault): Text of object 'Object Repository/Category/span_featuredDefault' is: 'Featured'

2022-01-17 13:01:27 - [MESSAGE][PASSED] - Text of object 'Object Repository/Category/span_featuredDefault' is: 'Featured'

2022-01-17 13:01:27 - [TEST_STEP][PASSED] - CategoryScActions.getDefaultManufacturar(manufacturarDefault): Text of object 'Object Repository/Category/span_manuDefault' is: 'Manufacturer'

2022-01-17 13:01:27 - [MESSAGE][PASSED] - Text of object 'Object Repository/Category/span_manuDefault' is: 'Manufacturer'

2022-01-17 13:01:27 - [TEST_STEP][PASSED] - CategoryScActions.getDefaultModal(defaultmodal): Text of object 'Object Repository/Category/span_defaultFilterModal' is: 'Model #'

2022-01-17 13:01:28 - [MESSAGE][PASSED] - Text of object 'Object Repository/Category/span_defaultFilterModal' is: 'Model #'

2022-01-17 13:01:28 - [TEST_STEP][PASSED] - CategoryScActions.clickOnManuWithassertOPened(menuExpandValue): Attribute 'aria-expanded' of object 'Object Repository/Category/sp001Casiprodoct/ul_manufature' is: 'true'

2022-01-17 13:01:29 - [MESSAGE][PASSED] - Object: 'Object Repository/Category/span_manuDefault' is clicked on

2022-01-17 13:01:29 - [MESSAGE][PASSED] - Attribute 'aria-expanded' of object 'Object Repository/Category/sp001Casiprodoct/ul_manufature' is: 'true'

2022-01-17 13:01:29 - [TEST_STEP][PASSED] - CategorySCHelpers.selectCasioManufacturar(): Text of object 'Object Repository/Category/h2_productNum' is: '2 PRODUCTS'

2022-01-17 13:01:30 - [MESSAGE][PASSED] - Object: 'Object Repository/Category/a_casio' is clicked on

2022-01-17 13:01:31 - [MESSAGE][PASSED] - Attribute 'title' of object 'Object Repository/Category/button_afterSelectCasio' is: 'Casio'

2022-01-17 13:01:31 - [MESSAGE][PASSED] - Text of object 'Object Repository/Category/a_casioSelectedFilter' is: 'Casio'

2022-01-17 13:01:32 - [MESSAGE][PASSED] - Text of object 'Object Repository/Category/h2_productNum' is: '2 PRODUCTS'

2022-01-17 13:01:32 - [TEST_STEP][PASSED] - CategorySCHelpers.selectModalsp1000(): Text of object 'Object Repository/Category/A_SP001selectedFilter' is: 'SP1000'

2022-01-17 13:01:33 - [MESSAGE][PASSED] - Object 'Object Repository/Category/div_collabse1' has attribute 'aria-expanded' with value 'true'

2022-01-17 13:01:33 - [MESSAGE][PASSED] - Object: 'Object Repository/Category/button_modalNum' is clicked on

2022-01-17 13:01:34 - [MESSAGE][PASSED] - Object: 'Object Repository/Category/a_sp001' is clicked on

2022-01-17 13:01:35 - [MESSAGE][PASSED] - Attribute 'title' of object 'Object Repository/Category/a_sp001' is: ''

2022-01-17 13:01:36 - [MESSAGE][PASSED] - Text of object 'Object Repository/Category/A_SP001selectedFilter' is: 'SP1000'

2022-01-17 13:01:36 - [TEST_STEP][PASSED] - CategorySCHelpers.EnterCasioSP1000Product(): Object: 'Object Repository/Category/sp001Casiprodoct/a_product' is clicked on

2022-01-17 13:01:36 - [MESSAGE][PASSED] - Text of object 'Object Repository/Category/sp001Casiprodoct/h2_sp1000CasioTitle' is: 'EPSON PRINTER INDELIBOND INK RIBBONS #TM290, ERC27 - 6/BOX'

2022-01-17 13:01:36 - [MESSAGE][PASSED] - Actual object 'EPSON PRINTER INDELIBOND INK RIBBONS #TM290, ERC27 - 6/BOX' and expected object 'EPSON PRINTER INDELIBOND INK RIBBONS #TM290, ERC27 - 6/BOX' are equal

2022-01-17 13:01:37 - [MESSAGE][PASSED] - Text of object 'Object Repository/Category/sp001Casiprodoct/span_SP1000CasioProductMinPrice' is: '$15.54'

2022-01-17 13:01:37 - [MESSAGE][PASSED] - Actual object '$15.54' and expected object '$15.54' are equal

2022-01-17 13:01:37 - [MESSAGE][PASSED] - Text of object 'Object Repository/Category/sp001Casiprodoct/span_sp1000CasioProductMaxPrice' is: '$20.94'

2022-01-17 13:01:37 - [MESSAGE][PASSED] - Actual object '$20.94' and expected object '$20.94' are equal

2022-01-17 13:01:41 - [MESSAGE][PASSED] - Object: 'Object Repository/Category/sp001Casiprodoct/a_product' is clicked on

2022-01-17 13:01:41 - [TEST_STEP][PASSED] - CategorySCHelpers.ValidateCasioSP1000ProductDetails(): Actual object 'EPSON PRINTER INDELIBOND INK RIBBONS #TM290, ERC27 - 6/BOX' and expected object 'EPSON PRINTER INDELIBOND INK RIBBONS #TM290, ERC27 - 6/BOX' are equal

2022-01-17 13:01:42 - [MESSAGE][PASSED] - Text of object 'Object Repository/Category/sp1000CasioProductDetails/h1_sp1000CasioProduct' is: 'EPSON PRINTER INDELIBOND INK RIBBONS #TM290, ERC27 - 6/BOX'

2022-01-17 13:01:42 - [MESSAGE][PASSED] - Actual object 'EPSON PRINTER INDELIBOND INK RIBBONS #TM290, ERC27 - 6/BOX' and expected object 'EPSON PRINTER INDELIBOND INK RIBBONS #TM290, ERC27 - 6/BOX' are equal

2022-01-17 13:01:42 - [TEST_STEP][PASSED] - CategorySCHelpers.enterTenItemsFromProduct(): Current window's title is: 'Epson Printer Indelibond Ink Ribbons #TM290, ERC27 - 6/Box - Cleaner's Supply'

2022-01-17 13:01:42 - [MESSAGE][PASSED] - Text of object 'Object Repository/Category/span_badge' is: '0'

2022-01-17 13:01:42 - [MESSAGE][PASSED] - Actual object '0' and expected object '0' are equal

2022-01-17 13:01:43 - [MESSAGE][PASSED] - Text of object 'Object Repository/Category/sp1000CasioProductDetails/input_quantity' is cleared

2022-01-17 13:01:43 - [MESSAGE][PASSED] - Keys 'BACK_SPACE + ' sent to object: 'Object Repository/Category/sp1000CasioProductDetails/input_quantity'

2022-01-17 13:01:44 - [MESSAGE][PASSED] - Text '10' is set on object 'Object Repository/Category/sp1000CasioProductDetails/input_quantity'

2022-01-17 13:01:45 - [MESSAGE][PASSED] - Object: 'Object Repository/Category/sp1000CasioProductDetails/h1_sp1000CasioProduct' is clicked on

2022-01-17 13:01:45 - [MESSAGE][PASSED] - Text of object 'Object Repository/Product details/h1_productName' is: 'EPSON PRINTER INDELIBOND INK RIBBONS #TM290, ERC27 - 6/BOX'

2022-01-17 13:01:46 - [MESSAGE][PASSED] - Attribute 'value' of object 'Object Repository/Product details/input_productQuantity' is: '10'

2022-01-17 13:01:46 - [MESSAGE][PASSED] - Text of object 'Object Repository/Product details/span_skuNumber' is: 'RIB290'

2022-01-17 13:01:46 - [MESSAGE][PASSED] - Text of object 'Object Repository/Product details/span_productPrice' is: '$15.54'

2022-01-17 13:01:47 - [MESSAGE][PASSED] - Object: 'Object Repository/Product details/button_addToCart' is clicked on

2022-01-17 13:01:47 - [MESSAGE][PASSED] - Current window's title is: 'Epson Printer Indelibond Ink Ribbons #TM290, ERC27 - 6/Box - Cleaner's Supply'

2022-01-17 13:01:47 - [TEST_STEP][PASSED] - MiniCartActions.navigateToCartPage(): Object: 'Object Repository/Mini Cart/a_miniCartLink' is clicked on

2022-01-17 13:01:50 - [MESSAGE][PASSED] - Object: 'Object Repository/Mini Cart/a_miniCartLink' is clicked on

2022-01-17 13:01:50 - [TEST_STEP][PASSED] - ShoppingCartHelpers.navigateToCartPage(): Text of object 'Object Repository/Shopping Cart/td_summaryTotalSubTotal' is: '$155.40'

2022-01-17 13:01:52 - [MESSAGE][PASSED] - Text of object 'Object Repository/Mini Cart/span_cartCounterPadge' is: '1'

2022-01-17 13:01:53 - [MESSAGE][PASSED] - Text of object 'Object Repository/Shopping Cart/td_summaryTableItemCount' is: 'SUBTOTAL (1 ITEM)'

2022-01-17 13:01:55 - [MESSAGE][PASSED] - Text of object 'Object Repository/Shopping Cart/td_summaryTableTotal' is: '$155.40'

2022-01-17 13:01:55 - [MESSAGE][PASSED] - Text of object 'Object Repository/Shopping Cart/td_summaryTotalSubTotal' is: '$155.40'

2022-01-17 13:01:57 - [TEST_STEP][PASSED] - ShoppingCartHelpers.navigateToCheckoutPage(): Object: 'Object Repository/Shopping Cart/button_proceedToCheckout' is clicked on

2022-01-17 13:01:57 - [MESSAGE][PASSED] - Object: 'Object Repository/Shopping Cart/a_shoppingCartProductTitle' is hovered

2022-01-17 13:01:58 - [MESSAGE][PASSED] - Get CSS 'background-color' value on 'Object Repository/Shopping Cart/button_proceedToCheckout' successfully: 'rgba(82, 36, 127, 1)'.

2022-01-17 13:01:58 - [MESSAGE][PASSED] - Get CSS 'color' value on 'Object Repository/Shopping Cart/button_proceedToCheckout' successfully: 'rgba(255, 255, 255, 1)'.

2022-01-17 13:01:59 - [MESSAGE][PASSED] - Object: 'Object Repository/Shopping Cart/button_proceedToCheckout' is hovered

2022-01-17 13:01:59 - [MESSAGE][PASSED] - Get CSS 'box-shadow' value on 'Object Repository/Shopping Cart/button_proceedToCheckout' successfully: 'rgba(0, 0, 0, 0.3) 0px 0px 10px 2px'.

2022-01-17 13:02:01 - [MESSAGE][PASSED] - Object: 'Object Repository/Shopping Cart/button_proceedToCheckout' is clicked on

2022-01-17 13:02:01 - [TEST_STEP][PASSED] - CheckoutPageHelpers.initCheckoutPage(): Object 'Object Repository/CheckOut/input_checkoutAsGuestRadioButton' is checked

2022-01-17 13:02:02 - [MESSAGE][PASSED] - Text of object 'Object Repository/CheckOut/span_checkoutTitleTotal' is: '$155.40'

2022-01-17 13:02:02 - [MESSAGE][PASSED] - Text of object 'Object Repository/CheckOut/td_summaryTableTotal' is: '$155.40'

2022-01-17 13:02:03 - [MESSAGE][PASSED] - Text of object 'Object Repository/CheckOut/td_summaryTotalSubTotal' is: '$155.40'

2022-01-17 13:02:03 - [MESSAGE][PASSED] - Text of object 'Object Repository/CheckOut/label_checkoutAsGuest' is: 'Checkout as Guest'

2022-01-17 13:02:03 - [MESSAGE][PASSED] - Object 'Object Repository/CheckOut/input_checkoutAsGuestRadioButton' is checked

2022-01-17 13:02:07 - [TEST_STEP][PASSED] - CheckoutPageHelpers.navigateToCheckoutInformationForm(): Object: 'Object Repository/CheckOut/button_continueButton' is clicked on

2022-01-17 13:02:09 - [MESSAGE][PASSED] - Object: 'Object Repository/CheckOut/button_continueButton' is clicked on

2022-01-17 13:02:09 - [TEST_STEP][PASSED] - checkOutFormHelper.fillCheckOutForm(): Object: 'Object Repository/CheckOutForm/a_reviewOrder' is clicked on

2022-01-17 13:02:09 - [MESSAGE][PASSED] - Current window's title is: 'Checkout - Cleaner's Supply'

2022-01-17 13:02:09 - [MESSAGE][PASSED] - Current window's url is: 'https://www.cleanersupply.com/checkout/'

2022-01-17 13:02:10 - [MESSAGE][PASSED] - Text of object 'Object Repository/CheckOutForm/h1_checkOutHeader' is: 'CHECKOUT'

2022-01-17 13:02:10 - [MESSAGE][PASSED] - Object: 'Object Repository/CheckOutForm/input_company' is focused

2022-01-17 13:02:11 - [MESSAGE][PASSED] - Get CSS 'box-shadow' value on 'Object Repository/CheckOutForm/input_company' successfully: 'rgb(99, 99, 99) 0px -3px 0px 0px inset'.

2022-01-17 13:02:11 - [MESSAGE][PASSED] - Actual object 'rgb(99, 99, 99) 0px -3px 0px 0px inset' and expected object 'rgb(99, 99, 99) 0px -3px 0px 0px inset' are equal

2022-01-17 13:02:12 - [MESSAGE][PASSED] - Text 'testCompany' is set on object 'Object Repository/CheckOutForm/input_company'

2022-01-17 13:02:13 - [MESSAGE][PASSED] - Object: 'Object Repository/CheckOutForm/input_fname' is focused

2022-01-17 13:02:13 - [MESSAGE][PASSED] - Get CSS 'box-shadow' value on 'Object Repository/CheckOutForm/input_fname' successfully: 'rgb(99, 99, 99) 0px -3px 0px 0px inset'.

2022-01-17 13:02:13 - [MESSAGE][PASSED] - Actual object 'rgb(99, 99, 99) 0px -3px 0px 0px inset' and expected object 'rgb(99, 99, 99) 0px -3px 0px 0px inset' are equal

2022-01-17 13:02:14 - [MESSAGE][PASSED] - Text 'FNameTest' is set on object 'Object Repository/CheckOutForm/input_fname'

2022-01-17 13:02:14 - [MESSAGE][PASSED] - Object: 'Object Repository/CheckOutForm/input_lNAme' is focused

2022-01-17 13:02:15 - [MESSAGE][PASSED] - Get CSS 'box-shadow' value on 'Object Repository/CheckOutForm/input_lNAme' successfully: 'rgb(99, 99, 99) 0px -3px 0px 0px inset'.

2022-01-17 13:02:15 - [MESSAGE][PASSED] - Actual object 'rgb(99, 99, 99) 0px -3px 0px 0px inset' and expected object 'rgb(99, 99, 99) 0px -3px 0px 0px inset' are equal

2022-01-17 13:02:15 - [MESSAGE][PASSED] - Text 'lnameValueTest' is set on object 'Object Repository/CheckOutForm/input_lNAme'

2022-01-17 13:02:16 - [MESSAGE][PASSED] - Object: 'Object Repository/CheckOutForm/input_address' is focused

2022-01-17 13:02:16 - [MESSAGE][PASSED] - Get CSS 'box-shadow' value on 'Object Repository/CheckOutForm/input_address' successfully: 'rgb(99, 99, 99) 0px -3px 0px 0px inset'.

2022-01-17 13:02:16 - [MESSAGE][PASSED] - Actual object 'rgb(99, 99, 99) 0px -3px 0px 0px inset' and expected object 'rgb(99, 99, 99) 0px -3px 0px 0px inset' are equal

2022-01-17 13:02:17 - [MESSAGE][PASSED] - Text 'addres1Test' is set on object 'Object Repository/CheckOutForm/input_address'

2022-01-17 13:02:18 - [MESSAGE][PASSED] - Object: 'Object Repository/CheckOutForm/input_address2' is focused

2022-01-17 13:02:18 - [MESSAGE][PASSED] - Get CSS 'box-shadow' value on 'Object Repository/CheckOutForm/input_address2' successfully: 'rgb(99, 99, 99) 0px -3px 0px 0px inset'.

2022-01-17 13:02:18 - [MESSAGE][PASSED] - Actual object 'rgb(99, 99, 99) 0px -3px 0px 0px inset' and expected object 'rgb(99, 99, 99) 0px -3px 0px 0px inset' are equal

2022-01-17 13:02:19 - [MESSAGE][PASSED] - Text 'address2 test' is set on object 'Object Repository/CheckOutForm/input_address2'

2022-01-17 13:02:19 - [MESSAGE][PASSED] - Object: 'Object Repository/CheckOutForm/input_zipCode' is focused

2022-01-17 13:02:20 - [MESSAGE][PASSED] - Get CSS 'box-shadow' value on 'Object Repository/CheckOutForm/input_zipCode' successfully: 'rgb(99, 99, 99) 0px -3px 0px 0px inset'.

2022-01-17 13:02:20 - [MESSAGE][PASSED] - Actual object 'rgb(99, 99, 99) 0px -3px 0px 0px inset' and expected object 'rgb(99, 99, 99) 0px -3px 0px 0px inset' are equal

2022-01-17 13:02:21 - [MESSAGE][PASSED] - Text '55555' is set on object 'Object Repository/CheckOutForm/input_zipCode'

2022-01-17 13:02:22 - [MESSAGE][PASSED] - Object: 'Object Repository/CheckOutForm/input_city' is focused

2022-01-17 13:02:22 - [MESSAGE][PASSED] - Get CSS 'box-shadow' value on 'Object Repository/CheckOutForm/input_city' successfully: 'rgb(99, 99, 99) 0px -3px 0px 0px inset'.

2022-01-17 13:02:22 - [MESSAGE][PASSED] - Actual object 'rgb(99, 99, 99) 0px -3px 0px 0px inset' and expected object 'rgb(99, 99, 99) 0px -3px 0px 0px inset' are equal

2022-01-17 13:02:23 - [MESSAGE][PASSED] - Text 'Palestine' is set on object 'Object Repository/CheckOutForm/input_city'

2022-01-17 13:02:23 - [MESSAGE][PASSED] - Object: 'Object Repository/CheckOutForm/input_phoneNum' is focused

2022-01-17 13:02:24 - [MESSAGE][PASSED] - Get CSS 'box-shadow' value on 'Object Repository/CheckOutForm/input_phoneNum' successfully: 'rgb(99, 99, 99) 0px -3px 0px 0px inset'.

2022-01-17 13:02:24 - [MESSAGE][PASSED] - Actual object 'rgb(99, 99, 99) 0px -3px 0px 0px inset' and expected object 'rgb(99, 99, 99) 0px -3px 0px 0px inset' are equal

2022-01-17 13:02:25 - [MESSAGE][PASSED] - Text '541-143-1030' is set on object 'Object Repository/CheckOutForm/input_phoneNum'

2022-01-17 13:02:26 - [MESSAGE][PASSED] - Object: 'Object Repository/CheckOutForm/input_phoneExt' is focused

2022-01-17 13:02:26 - [MESSAGE][PASSED] - Get CSS 'box-shadow' value on 'Object Repository/CheckOutForm/input_phoneExt' successfully: 'rgb(99, 99, 99) 0px -3px 0px 0px inset'.

2022-01-17 13:02:26 - [MESSAGE][PASSED] - Actual object 'rgb(99, 99, 99) 0px -3px 0px 0px inset' and expected object 'rgb(99, 99, 99) 0px -3px 0px 0px inset' are equal

2022-01-17 13:02:27 - [MESSAGE][PASSED] - Text '1' is set on object 'Object Repository/CheckOutForm/input_phoneExt'

2022-01-17 13:02:27 - [MESSAGE][PASSED] - Object: 'Object Repository/CheckOutForm/input_phoneExt' is focused

2022-01-17 13:02:28 - [MESSAGE][PASSED] - Get CSS 'box-shadow' value on 'Object Repository/CheckOutForm/input_phoneExt' successfully: 'rgb(99, 99, 99) 0px -3px 0px 0px inset'.

2022-01-17 13:02:28 - [MESSAGE][PASSED] - Actual object 'rgb(99, 99, 99) 0px -3px 0px 0px inset' and expected object 'rgb(99, 99, 99) 0px -3px 0px 0px inset' are equal

2022-01-17 13:02:29 - [MESSAGE][PASSED] - Text '1' is set on object 'Object Repository/CheckOutForm/input_phoneExt'

2022-01-17 13:02:29 - [MESSAGE][PASSED] - Object: 'Object Repository/CheckOutForm/input_email' is focused

2022-01-17 13:02:29 - [MESSAGE][PASSED] - Get CSS 'box-shadow' value on 'Object Repository/CheckOutForm/input_email' successfully: 'rgb(99, 99, 99) 0px -3px 0px 0px inset'.

2022-01-17 13:02:29 - [MESSAGE][PASSED] - Actual object 'rgb(99, 99, 99) 0px -3px 0px 0px inset' and expected object 'rgb(99, 99, 99) 0px -3px 0px 0px inset' are equal

2022-01-17 13:02:30 - [MESSAGE][PASSED] - Text 'test@test.com' is set on object 'Object Repository/CheckOutForm/input_email'

2022-01-17 13:02:31 - [MESSAGE][PASSED] - Object: 'Object Repository/CheckOutForm/button_state' is clicked on

2022-01-17 13:02:32 - [MESSAGE][PASSED] - Object 'Object Repository/CheckOutForm/button_state' has attribute 'aria-expanded' with value 'true'

2022-01-17 13:02:32 - [MESSAGE][PASSED] - Object: 'Object Repository/CheckOutForm/a_state' is clicked on

2022-01-17 13:02:34 - [MESSAGE][PASSED] - Text of object 'Object Repository/CheckOutForm/span_selectedState' is: 'Arizona'

2022-01-17 13:02:35 - [MESSAGE][PASSED] - Object: 'Object Repository/CheckOutForm/input_creditCardName' is focused

2022-01-17 13:02:35 - [MESSAGE][PASSED] - Get CSS 'box-shadow' value on 'Object Repository/CheckOutForm/input_creditCardName' successfully: 'rgb(99, 99, 99) 0px -3px 0px 0px inset'.

2022-01-17 13:02:35 - [MESSAGE][PASSED] - Actual object 'rgb(99, 99, 99) 0px -3px 0px 0px inset' and expected object 'rgb(99, 99, 99) 0px -3px 0px 0px inset' are equal

2022-01-17 13:02:36 - [MESSAGE][PASSED] - Text 'Razan' is set on object 'Object Repository/CheckOutForm/input_creditCardName'

2022-01-17 13:02:36 - [MESSAGE][PASSED] - Object: 'Object Repository/CheckOutForm/input_cardNumber' is focused

2022-01-17 13:02:37 - [MESSAGE][PASSED] - Get CSS 'box-shadow' value on 'Object Repository/CheckOutForm/input_cardNumber' successfully: 'rgb(99, 99, 99) 0px -3px 0px 0px inset'.

2022-01-17 13:02:37 - [MESSAGE][PASSED] - Actual object 'rgb(99, 99, 99) 0px -3px 0px 0px inset' and expected object 'rgb(99, 99, 99) 0px -3px 0px 0px inset' are equal

2022-01-17 13:02:38 - [MESSAGE][PASSED] - Text '379936489179273' is set on object 'Object Repository/CheckOutForm/input_cardNumber'

2022-01-17 13:02:38 - [MESSAGE][PASSED] - Object: 'Object Repository/CheckOutForm/input_cvv' is focused

2022-01-17 13:02:39 - [MESSAGE][PASSED] - Get CSS 'box-shadow' value on 'Object Repository/CheckOutForm/input_cvv' successfully: 'rgb(99, 99, 99) 0px -3px 0px 0px inset'.

2022-01-17 13:02:39 - [MESSAGE][PASSED] - Actual object 'rgb(99, 99, 99) 0px -3px 0px 0px inset' and expected object 'rgb(99, 99, 99) 0px -3px 0px 0px inset' are equal

2022-01-17 13:02:40 - [MESSAGE][PASSED] - Text '2222' is set on object 'Object Repository/CheckOutForm/input_cvv'

2022-01-17 13:02:40 - [MESSAGE][PASSED] - Object: 'Object Repository/CheckOutForm/button_expirationDate' is clicked on

2022-01-17 13:02:41 - [MESSAGE][PASSED] - Object: 'Object Repository/CheckOutForm/button_expirationYear' is clicked on

2022-01-17 13:02:43 - [MESSAGE][PASSED] - Object: 'Object Repository/CheckOutForm/input_PO' is focused

2022-01-17 13:02:43 - [MESSAGE][PASSED] - Get CSS 'box-shadow' value on 'Object Repository/CheckOutForm/input_PO' successfully: 'rgb(99, 99, 99) 0px -3px 0px 0px inset'.

2022-01-17 13:02:43 - [MESSAGE][PASSED] - Actual object 'rgb(99, 99, 99) 0px -3px 0px 0px inset' and expected object 'rgb(99, 99, 99) 0px -3px 0px 0px inset' are equal

2022-01-17 13:02:44 - [MESSAGE][PASSED] - Text 'test1155' is set on object 'Object Repository/CheckOutForm/input_PO'

2022-01-17 13:02:45 - [MESSAGE][PASSED] - Text 'test comment' is set on object 'Object Repository/CheckOutForm/input_comments'

2022-01-17 13:02:45 - [MESSAGE][PASSED] - Object: 'Object Repository/CheckOutForm/a_reviewOrder' is clicked on

2022-01-17 13:02:45 - [TEST_STEP][PASSED] - closeBrowser(): Browser is closed

2022-01-17 13:02:45 - [MESSAGE][PASSED] - Browser is closed

2022-01-17 13:02:53 - [TEST_STEP][PASSED] - Video: Video recording for test case 'Test Cases/Checkout Scenario/Category' .

2022-01-17 13:02:53 - [MESSAGE][INFO] - Video recording for test case 'Test Cases/Checkout Scenario/Category' .]]></system-out>
         <system-err><![CDATA[]]></system-err>
      </testcase>
      <testcase name="Test Cases/Checkout Scenario/Quick Order" time="136.994" classname="Test Cases/Checkout Scenario/Quick Order" status="PASSED">
         <system-out><![CDATA[2022-01-17 13:02:53 - [TEST_CASE][PASSED] - Test Cases/Checkout Scenario/Quick Order: Test Cases/Checkout Scenario/Quick Order

2022-01-17 13:02:53 - [TEST_STEP][PASSED] - GeneralHelpers.initScenario(): Current window's url is: 'https://www.cleanersupply.com/'

2022-01-17 13:02:53 - [MESSAGE][INFO] - Starting 'Chrome' driver

2022-01-17 13:02:53 - [MESSAGE][INFO] - Action delay is set to 0 milliseconds

2022-01-17 13:02:56 - [MESSAGE][PASSED] - Browser is opened with url: ''

2022-01-17 13:02:56 - [MESSAGE][PASSED] - Current window maximized

2022-01-17 13:03:04 - [MESSAGE][PASSED] - Navigate to 'https://www.cleanersupply.com/' successfully

2022-01-17 13:03:04 - [MESSAGE][PASSED] - Wait for page load successfully

2022-01-17 13:03:04 - [MESSAGE][PASSED] - Current window's title is: 'Cleaner's Supply - Dry Cleaning Supplies'

2022-01-17 13:03:04 - [MESSAGE][PASSED] - Current window's title is: 'Cleaner's Supply - Dry Cleaning Supplies'

2022-01-17 13:03:05 - [MESSAGE][PASSED] - Current window's url is: 'https://www.cleanersupply.com/'

2022-01-17 13:03:05 - [TEST_STEP][PASSED] - QuickOrderHelpers.navigationAndVerifyToQuickOrder(): Text of object 'Object Repository/Quick Order/span_quickOrderHeader' is: 'QUICK
ORDER'

2022-01-17 13:03:08 - [MESSAGE][PASSED] - Object 'Object Repository/Quick Order/a_quickOrder' is visible

2022-01-17 13:03:09 - [MESSAGE][PASSED] - Object: 'Object Repository/Quick Order/a_quickOrder' is hovered

2022-01-17 13:03:09 - [MESSAGE][PASSED] - Get CSS 'color' value on 'Object Repository/Quick Order/i_quickOrderIcon' successfully: 'rgba(82, 36, 127, 1)'.

2022-01-17 13:03:12 - [MESSAGE][PASSED] - Object: 'Object Repository/Quick Order/a_quickOrder' is clicked on

2022-01-17 13:03:12 - [MESSAGE][PASSED] - Current window's title is: 'Quick Order - Cleaner's Supply'

2022-01-17 13:03:12 - [MESSAGE][PASSED] - Current window's url is: 'https://www.cleanersupply.com/quick-order/'

2022-01-17 13:03:15 - [MESSAGE][PASSED] - Text of object 'Object Repository/Quick Order/span_quickOrderHeader' is: 'QUICK
ORDER'

2022-01-17 13:03:15 - [TEST_STEP][PASSED] - QuickOrderValidations.verifyCartCounterAndStyle("0"): Get CSS 'color' value on 'Object Repository/Quick Order/span_cartCounter' successfully: 'rgba(255, 255, 255, 1)'.

2022-01-17 13:03:15 - [MESSAGE][PASSED] - Text of object 'Object Repository/Quick Order/span_cartCounter' is: '0'

2022-01-17 13:03:16 - [MESSAGE][PASSED] - Get CSS 'color' value on 'Object Repository/Quick Order/span_cartCounter' successfully: 'rgba(255, 255, 255, 1)'.

2022-01-17 13:03:16 - [TEST_STEP][PASSED] - QuickOrderHelpers.headerAndTableStyle(): Web element with id: 'Object Repository/Quick Order/button_addToCart' located by 'By.cssSelector: .button-holder .pull-right' is not present after '1' second(s)

2022-01-17 13:03:16 - [MESSAGE][PASSED] - Get CSS 'background-color' value on 'Object Repository/Quick Order/a_quickOrderHeader' successfully: 'rgba(82, 36, 127, 1)'.

2022-01-17 13:03:16 - [MESSAGE][PASSED] - Get CSS 'color' value on 'Object Repository/Quick Order/a_quickOrderHeader' successfully: 'rgba(255, 255, 255, 1)'.

2022-01-17 13:03:17 - [MESSAGE][PASSED] - Object 'Object Repository/Quick Order/span_quickOrderIcon' is visible

2022-01-17 13:03:17 - [MESSAGE][PASSED] - Get CSS 'background-color' value on 'Object Repository/Quick Order/tr_allQuickOrderRows' successfully: 'rgba(241, 242, 242, 1)'.

2022-01-17 13:03:17 - [MESSAGE][PASSED] - Web element with id: 'Object Repository/Quick Order/button_addToCart' located by 'By.cssSelector: .button-holder .pull-right' is not present after '1' second(s)

2022-01-17 13:03:17 - [TEST_STEP][PASSED] - QuickOrderHelpers.fillingVerifyingStockNo(): Attribute 'value' of object 'Object Repository/Quick Order/input_4quickOrderStock' is: 'SP4005'

2022-01-17 13:03:18 - [MESSAGE][PASSED] - Object 'Object Repository/Quick Order/input_0quickOrderStock' is present

2022-01-17 13:03:18 - [MESSAGE][PASSED] - Attribute 'placeholder' of object 'Object Repository/Quick Order/input_0quickOrderStock' is: 'Enter Stock #'

2022-01-17 13:03:19 - [MESSAGE][PASSED] - Attribute 'value' of object 'Object Repository/Quick Order/input_0quickOrderStock' is: ''

2022-01-17 13:03:19 - [MESSAGE][PASSED] - Object: 'Object Repository/Quick Order/input_0quickOrderStock' is focused

2022-01-17 13:03:20 - [MESSAGE][PASSED] - Keys 'ENTER + PRT381' sent to object: 'Object Repository/Quick Order/input_0quickOrderStock'

2022-01-17 13:03:21 - [MESSAGE][PASSED] - Attribute 'value' of object 'Object Repository/Quick Order/input_0quickOrderStock' is: 'PRT381'

2022-01-17 13:03:21 - [MESSAGE][PASSED] - Object 'Object Repository/Quick Order/button_addToCart' is visible

2022-01-17 13:03:22 - [MESSAGE][PASSED] - Attribute 'placeholder' of object 'Object Repository/Quick Order/input_1quickOrderStock' is: 'Enter Stock #'

2022-01-17 13:03:22 - [MESSAGE][PASSED] - Attribute 'value' of object 'Object Repository/Quick Order/input_1quickOrderStock' is: ''

2022-01-17 13:03:22 - [MESSAGE][PASSED] - Object: 'Object Repository/Quick Order/input_1quickOrderStock' is focused

2022-01-17 13:03:23 - [MESSAGE][PASSED] - Keys 'ENTER + GTDCA700C' sent to object: 'Object Repository/Quick Order/input_1quickOrderStock'

2022-01-17 13:03:24 - [MESSAGE][PASSED] - Attribute 'value' of object 'Object Repository/Quick Order/input_1quickOrderStock' is: 'GTDCA700C'

2022-01-17 13:03:24 - [MESSAGE][PASSED] - Attribute 'placeholder' of object 'Object Repository/Quick Order/input_2quickOrderStock' is: 'Enter Stock #'

2022-01-17 13:03:25 - [MESSAGE][PASSED] - Attribute 'value' of object 'Object Repository/Quick Order/input_2quickOrderStock' is: ''

2022-01-17 13:03:25 - [MESSAGE][PASSED] - Object: 'Object Repository/Quick Order/input_2quickOrderStock' is focused

2022-01-17 13:03:25 - [MESSAGE][PASSED] - Keys 'ENTER + PP30' sent to object: 'Object Repository/Quick Order/input_2quickOrderStock'

2022-01-17 13:03:26 - [MESSAGE][PASSED] - Attribute 'value' of object 'Object Repository/Quick Order/input_2quickOrderStock' is: 'PP30'

2022-01-17 13:03:27 - [MESSAGE][PASSED] - Attribute 'placeholder' of object 'Object Repository/Quick Order/input_3quickOrderStock' is: 'Enter Stock #'

2022-01-17 13:03:27 - [MESSAGE][PASSED] - Attribute 'value' of object 'Object Repository/Quick Order/input_3quickOrderStock' is: ''

2022-01-17 13:03:27 - [MESSAGE][PASSED] - Object: 'Object Repository/Quick Order/input_3quickOrderStock' is focused

2022-01-17 13:03:28 - [MESSAGE][PASSED] - Keys 'ENTER + ZB400' sent to object: 'Object Repository/Quick Order/input_3quickOrderStock'

2022-01-17 13:03:29 - [MESSAGE][PASSED] - Attribute 'value' of object 'Object Repository/Quick Order/input_3quickOrderStock' is: 'ZB400'

2022-01-17 13:03:30 - [MESSAGE][PASSED] - Attribute 'placeholder' of object 'Object Repository/Quick Order/input_4quickOrderStock' is: 'Enter Stock #'

2022-01-17 13:03:30 - [MESSAGE][PASSED] - Attribute 'value' of object 'Object Repository/Quick Order/input_4quickOrderStock' is: ''

2022-01-17 13:03:30 - [MESSAGE][PASSED] - Object: 'Object Repository/Quick Order/input_4quickOrderStock' is focused

2022-01-17 13:03:31 - [MESSAGE][PASSED] - Keys 'ENTER + SP4005' sent to object: 'Object Repository/Quick Order/input_4quickOrderStock'

2022-01-17 13:03:32 - [MESSAGE][PASSED] - Attribute 'value' of object 'Object Repository/Quick Order/input_4quickOrderStock' is: 'SP4005'

2022-01-17 13:03:32 - [TEST_STEP][PASSED] - QuickOrderHelpers.visibilityOfProductDetails(): Actual text and expected text of test object '' are matched.

2022-01-17 13:03:35 - [MESSAGE][PASSED] - Object '' is present

2022-01-17 13:03:35 - [MESSAGE][PASSED] - Object '' is present

2022-01-17 13:03:35 - [MESSAGE][PASSED] - Object '' is present

2022-01-17 13:03:35 - [MESSAGE][PASSED] - Actual text and expected text of test object '' are matched.

2022-01-17 13:03:35 - [MESSAGE][PASSED] - Object '' is present

2022-01-17 13:03:35 - [MESSAGE][PASSED] - Object '' is present

2022-01-17 13:03:35 - [MESSAGE][PASSED] - Object '' is present

2022-01-17 13:03:35 - [MESSAGE][PASSED] - Actual text and expected text of test object '' are matched.

2022-01-17 13:03:35 - [MESSAGE][PASSED] - Object '' is present

2022-01-17 13:03:35 - [MESSAGE][PASSED] - Object '' is present

2022-01-17 13:03:35 - [MESSAGE][PASSED] - Object '' is present

2022-01-17 13:03:35 - [MESSAGE][PASSED] - Actual text and expected text of test object '' are matched.

2022-01-17 13:03:35 - [MESSAGE][PASSED] - Object '' is present

2022-01-17 13:03:35 - [MESSAGE][PASSED] - Object '' is present

2022-01-17 13:03:35 - [MESSAGE][PASSED] - Object '' is present

2022-01-17 13:03:35 - [MESSAGE][PASSED] - Actual text and expected text of test object '' are matched.

2022-01-17 13:03:35 - [MESSAGE][PASSED] - Object '' is present

2022-01-17 13:03:35 - [MESSAGE][PASSED] - Object '' is present

2022-01-17 13:03:35 - [MESSAGE][PASSED] - Object '' is present

2022-01-17 13:03:35 - [MESSAGE][PASSED] - Actual text and expected text of test object '' are matched.

2022-01-17 13:03:35 - [TEST_STEP][PASSED] - QuickOrderHelpers.fillingQuanitiesInputs(): Attribute 'value' of object '' is: '42'

2022-01-17 13:03:35 - [MESSAGE][PASSED] - Keys 'BACK_SPACE + TAB + 40' sent to object: ''

2022-01-17 13:03:35 - [MESSAGE][PASSED] - Attribute 'value' of object '' is: '40'

2022-01-17 13:03:35 - [MESSAGE][PASSED] - Keys 'BACK_SPACE + TAB + 30' sent to object: ''

2022-01-17 13:03:35 - [MESSAGE][PASSED] - Attribute 'value' of object '' is: '30'

2022-01-17 13:03:36 - [MESSAGE][PASSED] - Keys 'BACK_SPACE + TAB + 22' sent to object: ''

2022-01-17 13:03:36 - [MESSAGE][PASSED] - Attribute 'value' of object '' is: '22'

2022-01-17 13:03:36 - [MESSAGE][PASSED] - Keys 'BACK_SPACE + TAB + 41' sent to object: ''

2022-01-17 13:03:36 - [MESSAGE][PASSED] - Attribute 'value' of object '' is: '41'

2022-01-17 13:03:36 - [MESSAGE][PASSED] - Keys 'BACK_SPACE + TAB + 42' sent to object: ''

2022-01-17 13:03:36 - [MESSAGE][PASSED] - Attribute 'value' of object '' is: '42'

2022-01-17 13:03:36 - [TEST_STEP][PASSED] - QuickOrderHelpers.storeProductsDetailsAndVerifyTotal(): Text of object '' is: '$108.78'

2022-01-17 13:03:36 - [MESSAGE][PASSED] - Attribute 'value' of object '' is: '40'

2022-01-17 13:03:36 - [MESSAGE][PASSED] - Text of object '' is: '$9.35'

2022-01-17 13:03:36 - [MESSAGE][PASSED] - Text of object '' is: '$374.00'

2022-01-17 13:03:36 - [MESSAGE][PASSED] - Text of object '' is: 'GREEN BUTTON FOR AJAX #DCH18, DCH446, DCH45, DCH446 & HOU45'

2022-01-17 13:03:36 - [MESSAGE][PASSED] - Attribute 'src' of object '' is: 'https://www.cleanersupply.com/4ad6b3/globalassets/catalogs/prt3/prt381_p/prt381_paren/prt381_parent/prt381-1-main-prt381_parent.jpg?width=80&height=80&quality=85&mode=crop'

2022-01-17 13:03:36 - [MESSAGE][PASSED] - Text of object '' is: 'In Stock!'

2022-01-17 13:03:36 - [MESSAGE][PASSED] - Attribute 'value' of object '' is: 'PRT381'

2022-01-17 13:03:36 - [MESSAGE][PASSED] - Text of object '' is: 'GREEN BUTTON FOR AJAX #DCH18, DCH446, DCH45, DCH446 & HOU45'

2022-01-17 13:03:36 - [MESSAGE][PASSED] - Attribute 'value' of object '' is: '40'

2022-01-17 13:03:36 - [MESSAGE][PASSED] - Text of object '' is: '$9.35'

2022-01-17 13:03:36 - [MESSAGE][PASSED] - Attribute 'value' of object '' is: 'PRT381'

2022-01-17 13:03:36 - [MESSAGE][PASSED] - Attribute 'value' of object '' is: '40'

2022-01-17 13:03:36 - [MESSAGE][PASSED] - Text of object '' is: '$9.35'

2022-01-17 13:03:36 - [MESSAGE][PASSED] - Text of object '' is: '$374.00'

2022-01-17 13:03:36 - [MESSAGE][PASSED] - Attribute 'value' of object '' is: '30'

2022-01-17 13:03:36 - [MESSAGE][PASSED] - Text of object '' is: '$27.85'

2022-01-17 13:03:36 - [MESSAGE][PASSED] - Text of object '' is: '$835.50'

2022-01-17 13:03:36 - [MESSAGE][PASSED] - Text of object '' is: 'GUTERMANN 700-COLOR THREAD CHART'

2022-01-17 13:03:36 - [MESSAGE][PASSED] - Attribute 'src' of object '' is: 'https://www.cleanersupply.com/4ae3b9/globalassets/catalogs/gtdc/gtdca700/gtdca700c_pa/gtdca700c_parent/gtdca700c-1-main-gtdca700c_parent.jpg?width=80&height=80&quality=85&mode=crop'

2022-01-17 13:03:36 - [MESSAGE][PASSED] - Text of object '' is: 'In Stock!'

2022-01-17 13:03:36 - [MESSAGE][PASSED] - Attribute 'value' of object '' is: 'GTDCA700C'

2022-01-17 13:03:36 - [MESSAGE][PASSED] - Text of object '' is: 'GUTERMANN 700-COLOR THREAD CHART'

2022-01-17 13:03:36 - [MESSAGE][PASSED] - Attribute 'value' of object '' is: '30'

2022-01-17 13:03:36 - [MESSAGE][PASSED] - Text of object '' is: '$27.85'

2022-01-17 13:03:36 - [MESSAGE][PASSED] - Attribute 'value' of object '' is: 'GTDCA700C'

2022-01-17 13:03:36 - [MESSAGE][PASSED] - Attribute 'value' of object '' is: '30'

2022-01-17 13:03:36 - [MESSAGE][PASSED] - Text of object '' is: '$27.85'

2022-01-17 13:03:36 - [MESSAGE][PASSED] - Text of object '' is: '$835.50'

2022-01-17 13:03:36 - [MESSAGE][PASSED] - Attribute 'value' of object '' is: '22'

2022-01-17 13:03:36 - [MESSAGE][PASSED] - Text of object '' is: '$24.35'

2022-01-17 13:03:36 - [MESSAGE][PASSED] - Text of object '' is: '$535.70'

2022-01-17 13:03:36 - [MESSAGE][PASSED] - Text of object '' is: 'SUPERFAST MUSHROOM PRESS PAD FOR AJAX, CISSELL, FORENTA/FORSE, HOFFMAN/NEW YORKER & UNIPRESS'

2022-01-17 13:03:36 - [MESSAGE][PASSED] - Attribute 'src' of object '' is: 'https://www.cleanersupply.com/4ae26e/globalassets/catalogs/pp30/pp30_par/pp30_parent/pp30-1-main-pp30_parent.jpg?width=80&height=80&quality=85&mode=crop'

2022-01-17 13:03:36 - [MESSAGE][PASSED] - Text of object '' is: 'In Stock!'

2022-01-17 13:03:36 - [MESSAGE][PASSED] - Attribute 'value' of object '' is: 'PP30'

2022-01-17 13:03:36 - [MESSAGE][PASSED] - Text of object '' is: 'SUPERFAST MUSHROOM PRESS PAD FOR AJAX, CISSELL, FORENTA/FORSE, HOFFMAN/NEW YORKER & UNIPRESS'

2022-01-17 13:03:36 - [MESSAGE][PASSED] - Attribute 'value' of object '' is: '22'

2022-01-17 13:03:36 - [MESSAGE][PASSED] - Text of object '' is: '$24.35'

2022-01-17 13:03:36 - [MESSAGE][PASSED] - Attribute 'value' of object '' is: 'PP30'

2022-01-17 13:03:36 - [MESSAGE][PASSED] - Attribute 'value' of object '' is: '22'

2022-01-17 13:03:36 - [MESSAGE][PASSED] - Text of object '' is: '$24.35'

2022-01-17 13:03:36 - [MESSAGE][PASSED] - Text of object '' is: '$535.70'

2022-01-17 13:03:36 - [MESSAGE][PASSED] - Attribute 'value' of object '' is: '41'

2022-01-17 13:03:36 - [MESSAGE][PASSED] - Text of object '' is: '$5.99'

2022-01-17 13:03:36 - [MESSAGE][PASSED] - Text of object '' is: '$245.59'

2022-01-17 13:03:36 - [MESSAGE][PASSED] - Text of object '' is: 'ZIP NET BAG - 15" X 19" OPEN MESH'

2022-01-17 13:03:36 - [MESSAGE][PASSED] - Attribute 'src' of object '' is: 'https://www.cleanersupply.com/4ae088/globalassets/catalogs/zb40/zb400_pa/zb400_parent/zb400-1-main-zb400_parent.jpg?width=80&height=80&quality=85&mode=crop'

2022-01-17 13:03:36 - [MESSAGE][PASSED] - Text of object '' is: 'In Stock!'

2022-01-17 13:03:36 - [MESSAGE][PASSED] - Attribute 'value' of object '' is: 'ZB400'

2022-01-17 13:03:36 - [MESSAGE][PASSED] - Text of object '' is: 'ZIP NET BAG - 15" X 19" OPEN MESH'

2022-01-17 13:03:36 - [MESSAGE][PASSED] - Attribute 'value' of object '' is: '41'

2022-01-17 13:03:36 - [MESSAGE][PASSED] - Text of object '' is: '$5.99'

2022-01-17 13:03:36 - [MESSAGE][PASSED] - Attribute 'value' of object '' is: 'ZB400'

2022-01-17 13:03:36 - [MESSAGE][PASSED] - Attribute 'value' of object '' is: '41'

2022-01-17 13:03:36 - [MESSAGE][PASSED] - Text of object '' is: '$5.99'

2022-01-17 13:03:36 - [MESSAGE][PASSED] - Text of object '' is: '$245.59'

2022-01-17 13:03:36 - [MESSAGE][PASSED] - Attribute 'value' of object '' is: '42'

2022-01-17 13:03:36 - [MESSAGE][PASSED] - Text of object '' is: '$2.59'

2022-01-17 13:03:36 - [MESSAGE][PASSED] - Text of object '' is: '$108.78'

2022-01-17 13:03:36 - [MESSAGE][PASSED] - Text of object '' is: 'CLOSED BRASS/QUILTER SAFETY PINS - #3 - 2" - 20/BOX'

2022-01-17 13:03:36 - [MESSAGE][PASSED] - Attribute 'src' of object '' is: 'https://www.cleanersupply.com/4adae3/globalassets/catalogs/sp40/sp4005_p/sp4005_paren/sp4005_parent/sp4005-1-main-sp4005_parent.jpg?width=80&height=80&quality=85&mode=crop'

2022-01-17 13:03:37 - [MESSAGE][PASSED] - Text of object '' is: 'In Stock!'

2022-01-17 13:03:37 - [MESSAGE][PASSED] - Attribute 'value' of object '' is: 'SP4005'

2022-01-17 13:03:37 - [MESSAGE][PASSED] - Text of object '' is: 'CLOSED BRASS/QUILTER SAFETY PINS - #3 - 2" - 20/BOX'

2022-01-17 13:03:37 - [MESSAGE][PASSED] - Attribute 'value' of object '' is: '42'

2022-01-17 13:03:37 - [MESSAGE][PASSED] - Text of object '' is: '$2.59'

2022-01-17 13:03:37 - [MESSAGE][PASSED] - Attribute 'value' of object '' is: 'SP4005'

2022-01-17 13:03:37 - [MESSAGE][PASSED] - Attribute 'value' of object '' is: '42'

2022-01-17 13:03:37 - [MESSAGE][PASSED] - Text of object '' is: '$2.59'

2022-01-17 13:03:37 - [MESSAGE][PASSED] - Text of object '' is: '$108.78'

2022-01-17 13:03:37 - [TEST_STEP][PASSED] - QuickOrderHelpers.navigationAndVerifyingShoppingCart(): Text of object 'Object Repository/Shopping Cart/h1_shopCartHeader' is: 'SHOPPING CART CONTINUE SHOPPING'

2022-01-17 13:03:37 - [MESSAGE][PASSED] - Object: 'Object Repository/Quick Order/button_addToCart' is hovered

2022-01-17 13:03:38 - [MESSAGE][PASSED] - Object: 'Object Repository/Quick Order/button_addToCart' is clicked on

2022-01-17 13:03:44 - [MESSAGE][PASSED] - Object 'Object Repository/Shopping Cart/h1_shopCartHeader' is present

2022-01-17 13:03:44 - [MESSAGE][PASSED] - Current window's title is: 'Shopping Cart - Cleaner's Supply'

2022-01-17 13:03:44 - [MESSAGE][PASSED] - Current window's url is: 'https://www.cleanersupply.com/shopping-cart/'

2022-01-17 13:03:44 - [MESSAGE][PASSED] - Text of object 'Object Repository/Shopping Cart/h1_shopCartHeader' is: 'SHOPPING CART CONTINUE SHOPPING'

2022-01-17 13:03:44 - [TEST_STEP][PASSED] - QuickOrderValidations.verifyCartCounterAndStyle("5"): Get CSS 'color' value on 'Object Repository/Quick Order/span_cartCounter' successfully: 'rgba(255, 255, 255, 1)'.

2022-01-17 13:03:45 - [MESSAGE][PASSED] - Text of object 'Object Repository/Quick Order/span_cartCounter' is: '5'

2022-01-17 13:03:45 - [MESSAGE][PASSED] - Get CSS 'color' value on 'Object Repository/Quick Order/span_cartCounter' successfully: 'rgba(255, 255, 255, 1)'.

2022-01-17 13:03:45 - [TEST_STEP][PASSED] - QuickOrderHelpers.verifyCartTotalAndRowsNo(5): Text of object 'Object Repository/Quick Order/span_cartLabel' is: '$2,099.57'

2022-01-17 13:03:46 - [MESSAGE][PASSED] - Text of object 'Object Repository/Quick Order/span_cartLabel' is: '$2,099.57'

2022-01-17 13:03:46 - [TEST_STEP][PASSED] - QuickOrderHelpers.hoverOnMiniCartHeader(): Text of object 'Object Repository/Mini Cart/span_cartCounterPadge' is: '5'

2022-01-17 13:03:47 - [MESSAGE][PASSED] - Object: 'Object Repository/Mini Cart/a_miniCartLink' is hovered

2022-01-17 13:03:47 - [MESSAGE][PASSED] - Get CSS 'background-color' value on 'Object Repository/Mini Cart/a_miniCartLink' successfully: 'rgba(255, 255, 255, 1)'.

2022-01-17 13:03:47 - [MESSAGE][PASSED] - Get CSS 'color' value on 'Object Repository/Mini Cart/a_miniCartLink' successfully: 'rgba(82, 36, 127, 1)'.

2022-01-17 13:03:49 - [MESSAGE][PASSED] - Text of object 'Object Repository/Mini Cart/span_miniCartSubTotal' is: '$2,099.57'

2022-01-17 13:03:50 - [MESSAGE][PASSED] - Text of object 'Object Repository/Mini Cart/span_cartCounterPadge' is: '5'

2022-01-17 13:03:52 - [TEST_STEP][PASSED] - QuickOrderHelpers.navigateToCartPage(): Text of object 'Object Repository/Shopping Cart/td_summaryTotalSubTotal' is: '$2,099.57'

2022-01-17 13:03:53 - [MESSAGE][PASSED] - Text of object 'Object Repository/Mini Cart/span_cartCounterPadge' is: '5'

2022-01-17 13:03:53 - [MESSAGE][PASSED] - Text of object 'Object Repository/Shopping Cart/td_summaryTableItemCount' is: 'SUBTOTAL (5 ITEMS)'

2022-01-17 13:03:55 - [MESSAGE][PASSED] - Text of object 'Object Repository/Shopping Cart/td_summaryTableTotal' is: '$2,099.57'

2022-01-17 13:03:55 - [MESSAGE][PASSED] - Text of object 'Object Repository/Shopping Cart/td_summaryTotalSubTotal' is: '$2,099.57'

2022-01-17 13:03:57 - [TEST_STEP][PASSED] - QuickOrderHelpers.verifyShoppingCartProductsSameWithStoredProducts(): Attribute 'src' of object '' is: 'https://www.cleanersupply.com/4ad6b3/globalassets/catalogs/prt3/prt381_p/prt381_paren/prt381_parent/prt381-1-main-prt381_parent.jpg?width=120&height=120&quality=85'

2022-01-17 13:04:00 - [MESSAGE][PASSED] - Attribute 'value' of object '' is: '42'

2022-01-17 13:04:00 - [MESSAGE][PASSED] - Text of object '' is: '$2.59'

2022-01-17 13:04:00 - [MESSAGE][PASSED] - Text of object '' is: '$108.78'

2022-01-17 13:04:00 - [MESSAGE][PASSED] - Text of object '' is: 'CLOSED BRASS/QUILTER SAFETY PINS - #3 - 2" - 20/BOX'

2022-01-17 13:04:00 - [MESSAGE][PASSED] - Text of object '' is: 'In Stock!'

2022-01-17 13:04:00 - [MESSAGE][PASSED] - Text of object '' is: 'SP4005'

2022-01-17 13:04:00 - [MESSAGE][PASSED] - Attribute 'src' of object '' is: 'https://www.cleanersupply.com/4adae3/globalassets/catalogs/sp40/sp4005_p/sp4005_paren/sp4005_parent/sp4005-1-main-sp4005_parent.jpg?width=120&height=120&quality=85'

2022-01-17 13:04:00 - [MESSAGE][PASSED] - Attribute 'value' of object '' is: '41'

2022-01-17 13:04:00 - [MESSAGE][PASSED] - Text of object '' is: '$5.99'

2022-01-17 13:04:00 - [MESSAGE][PASSED] - Text of object '' is: '$245.59'

2022-01-17 13:04:00 - [MESSAGE][PASSED] - Text of object '' is: 'ZIP NET BAG - 15" X 19" OPEN MESH'

2022-01-17 13:04:00 - [MESSAGE][PASSED] - Text of object '' is: 'In Stock!'

2022-01-17 13:04:00 - [MESSAGE][PASSED] - Text of object '' is: 'ZB400'

2022-01-17 13:04:00 - [MESSAGE][PASSED] - Attribute 'src' of object '' is: 'https://www.cleanersupply.com/4ae088/globalassets/catalogs/zb40/zb400_pa/zb400_parent/zb400-1-main-zb400_parent.jpg?width=120&height=120&quality=85'

2022-01-17 13:04:00 - [MESSAGE][PASSED] - Attribute 'value' of object '' is: '22'

2022-01-17 13:04:00 - [MESSAGE][PASSED] - Text of object '' is: '$24.35'

2022-01-17 13:04:00 - [MESSAGE][PASSED] - Text of object '' is: '$535.70'

2022-01-17 13:04:00 - [MESSAGE][PASSED] - Text of object '' is: 'SUPERFAST MUSHROOM PRESS PAD FOR AJAX, CISSELL, FORENTA/FORSE, HOFFMAN/NEW YORKER & UNIPRESS'

2022-01-17 13:04:00 - [MESSAGE][PASSED] - Text of object '' is: 'In Stock!'

2022-01-17 13:04:00 - [MESSAGE][PASSED] - Text of object '' is: 'PP30'

2022-01-17 13:04:00 - [MESSAGE][PASSED] - Attribute 'src' of object '' is: 'https://www.cleanersupply.com/4ae26e/globalassets/catalogs/pp30/pp30_par/pp30_parent/pp30-1-main-pp30_parent.jpg?width=120&height=120&quality=85'

2022-01-17 13:04:00 - [MESSAGE][PASSED] - Attribute 'value' of object '' is: '30'

2022-01-17 13:04:00 - [MESSAGE][PASSED] - Text of object '' is: '$27.85'

2022-01-17 13:04:01 - [MESSAGE][PASSED] - Text of object '' is: '$835.50'

2022-01-17 13:04:01 - [MESSAGE][PASSED] - Text of object '' is: 'GUTERMANN 700-COLOR THREAD CHART'

2022-01-17 13:04:01 - [MESSAGE][PASSED] - Text of object '' is: 'In Stock!'

2022-01-17 13:04:01 - [MESSAGE][PASSED] - Text of object '' is: 'GTDCA700C'

2022-01-17 13:04:01 - [MESSAGE][PASSED] - Attribute 'src' of object '' is: 'https://www.cleanersupply.com/4ae3b9/globalassets/catalogs/gtdc/gtdca700/gtdca700c_pa/gtdca700c_parent/gtdca700c-1-main-gtdca700c_parent.jpg?width=120&height=120&quality=85'

2022-01-17 13:04:01 - [MESSAGE][PASSED] - Attribute 'value' of object '' is: '40'

2022-01-17 13:04:01 - [MESSAGE][PASSED] - Text of object '' is: '$9.35'

2022-01-17 13:04:01 - [MESSAGE][PASSED] - Text of object '' is: '$374.00'

2022-01-17 13:04:01 - [MESSAGE][PASSED] - Text of object '' is: 'GREEN BUTTON FOR AJAX #DCH18, DCH446, DCH45, DCH446 & HOU45'

2022-01-17 13:04:01 - [MESSAGE][PASSED] - Text of object '' is: 'In Stock!'

2022-01-17 13:04:01 - [MESSAGE][PASSED] - Text of object '' is: 'PRT381'

2022-01-17 13:04:01 - [MESSAGE][PASSED] - Attribute 'src' of object '' is: 'https://www.cleanersupply.com/4ad6b3/globalassets/catalogs/prt3/prt381_p/prt381_paren/prt381_parent/prt381-1-main-prt381_parent.jpg?width=120&height=120&quality=85'

2022-01-17 13:04:01 - [TEST_STEP][PASSED] - ShoppingCartHelpers.navigateToCheckoutPage(): Object: 'Object Repository/Shopping Cart/button_proceedToCheckout' is clicked on

2022-01-17 13:04:01 - [MESSAGE][PASSED] - Object: 'Object Repository/Shopping Cart/a_shoppingCartProductTitle' is hovered

2022-01-17 13:04:02 - [MESSAGE][PASSED] - Get CSS 'background-color' value on 'Object Repository/Shopping Cart/button_proceedToCheckout' successfully: 'rgba(82, 36, 127, 1)'.

2022-01-17 13:04:02 - [MESSAGE][PASSED] - Get CSS 'color' value on 'Object Repository/Shopping Cart/button_proceedToCheckout' successfully: 'rgba(255, 255, 255, 1)'.

2022-01-17 13:04:03 - [MESSAGE][PASSED] - Object: 'Object Repository/Shopping Cart/button_proceedToCheckout' is hovered

2022-01-17 13:04:03 - [MESSAGE][PASSED] - Get CSS 'box-shadow' value on 'Object Repository/Shopping Cart/button_proceedToCheckout' successfully: 'rgba(0, 0, 0, 0.3) 0px 0px 10px 2px'.

2022-01-17 13:04:05 - [MESSAGE][PASSED] - Object: 'Object Repository/Shopping Cart/button_proceedToCheckout' is clicked on

2022-01-17 13:04:05 - [TEST_STEP][PASSED] - CheckoutPageValidation.verifyNaigationTOCheckOut(): Text of object 'Object Repository/CheckOut/div_checkoutHeader' is: 'SECURE CHECKOUT'

2022-01-17 13:04:05 - [MESSAGE][PASSED] - Current window's title is: 'Checkout Interstitial - Cleaner's Supply'

2022-01-17 13:04:05 - [MESSAGE][PASSED] - Current window's url is: 'https://www.cleanersupply.com/checkout-interstitial/'

2022-01-17 13:04:06 - [MESSAGE][PASSED] - Text of object 'Object Repository/CheckOut/div_checkoutHeader' is: 'SECURE CHECKOUT'

2022-01-17 13:04:06 - [TEST_STEP][PASSED] - QuickOrderHelpers.initCheckoutPage(): Object 'Object Repository/CheckOut/input_checkoutAsGuestRadioButton' is checked

2022-01-17 13:04:07 - [MESSAGE][PASSED] - Text of object 'Object Repository/CheckOut/span_checkoutTitleTotal' is: '$2,099.57'

2022-01-17 13:04:07 - [MESSAGE][PASSED] - Text of object 'Object Repository/CheckOut/td_summaryTableTotal' is: '$2,099.57'

2022-01-17 13:04:08 - [MESSAGE][PASSED] - Text of object 'Object Repository/CheckOut/td_summaryTotalSubTotal' is: '$2,099.57'

2022-01-17 13:04:08 - [MESSAGE][PASSED] - Text of object 'Object Repository/CheckOut/label_checkoutAsGuest' is: 'Checkout as Guest'

2022-01-17 13:04:08 - [MESSAGE][PASSED] - Object 'Object Repository/CheckOut/input_checkoutAsGuestRadioButton' is checked

2022-01-17 13:04:12 - [TEST_STEP][PASSED] - CheckoutPageHelpers.navigateToCheckoutInformationForm(): Object: 'Object Repository/CheckOut/button_continueButton' is clicked on

2022-01-17 13:04:14 - [MESSAGE][PASSED] - Object: 'Object Repository/CheckOut/button_continueButton' is clicked on

2022-01-17 13:04:14 - [TEST_STEP][PASSED] - checkOutFormHelper.fillCheckOutForm(): Object: 'Object Repository/CheckOutForm/a_reviewOrder' is clicked on

2022-01-17 13:04:14 - [MESSAGE][PASSED] - Current window's title is: 'Checkout - Cleaner's Supply'

2022-01-17 13:04:14 - [MESSAGE][PASSED] - Current window's url is: 'https://www.cleanersupply.com/checkout/'

2022-01-17 13:04:16 - [MESSAGE][PASSED] - Text of object 'Object Repository/CheckOutForm/h1_checkOutHeader' is: 'CHECKOUT'

2022-01-17 13:04:16 - [MESSAGE][PASSED] - Object: 'Object Repository/CheckOutForm/input_company' is focused

2022-01-17 13:04:16 - [MESSAGE][PASSED] - Get CSS 'box-shadow' value on 'Object Repository/CheckOutForm/input_company' successfully: 'rgb(99, 99, 99) 0px -3px 0px 0px inset'.

2022-01-17 13:04:16 - [MESSAGE][PASSED] - Actual object 'rgb(99, 99, 99) 0px -3px 0px 0px inset' and expected object 'rgb(99, 99, 99) 0px -3px 0px 0px inset' are equal

2022-01-17 13:04:17 - [MESSAGE][PASSED] - Text 'testCompany' is set on object 'Object Repository/CheckOutForm/input_company'

2022-01-17 13:04:18 - [MESSAGE][PASSED] - Object: 'Object Repository/CheckOutForm/input_fname' is focused

2022-01-17 13:04:18 - [MESSAGE][PASSED] - Get CSS 'box-shadow' value on 'Object Repository/CheckOutForm/input_fname' successfully: 'rgb(99, 99, 99) 0px -3px 0px 0px inset'.

2022-01-17 13:04:18 - [MESSAGE][PASSED] - Actual object 'rgb(99, 99, 99) 0px -3px 0px 0px inset' and expected object 'rgb(99, 99, 99) 0px -3px 0px 0px inset' are equal

2022-01-17 13:04:19 - [MESSAGE][PASSED] - Text 'FNameTest' is set on object 'Object Repository/CheckOutForm/input_fname'

2022-01-17 13:04:19 - [MESSAGE][PASSED] - Object: 'Object Repository/CheckOutForm/input_lNAme' is focused

2022-01-17 13:04:19 - [MESSAGE][PASSED] - Get CSS 'box-shadow' value on 'Object Repository/CheckOutForm/input_lNAme' successfully: 'rgb(99, 99, 99) 0px -3px 0px 0px inset'.

2022-01-17 13:04:19 - [MESSAGE][PASSED] - Actual object 'rgb(99, 99, 99) 0px -3px 0px 0px inset' and expected object 'rgb(99, 99, 99) 0px -3px 0px 0px inset' are equal

2022-01-17 13:04:20 - [MESSAGE][PASSED] - Text 'lnameValueTest' is set on object 'Object Repository/CheckOutForm/input_lNAme'

2022-01-17 13:04:21 - [MESSAGE][PASSED] - Object: 'Object Repository/CheckOutForm/input_address' is focused

2022-01-17 13:04:21 - [MESSAGE][PASSED] - Get CSS 'box-shadow' value on 'Object Repository/CheckOutForm/input_address' successfully: 'rgb(99, 99, 99) 0px -3px 0px 0px inset'.

2022-01-17 13:04:21 - [MESSAGE][PASSED] - Actual object 'rgb(99, 99, 99) 0px -3px 0px 0px inset' and expected object 'rgb(99, 99, 99) 0px -3px 0px 0px inset' are equal

2022-01-17 13:04:22 - [MESSAGE][PASSED] - Text 'addres1Test' is set on object 'Object Repository/CheckOutForm/input_address'

2022-01-17 13:04:23 - [MESSAGE][PASSED] - Object: 'Object Repository/CheckOutForm/input_address2' is focused

2022-01-17 13:04:23 - [MESSAGE][PASSED] - Get CSS 'box-shadow' value on 'Object Repository/CheckOutForm/input_address2' successfully: 'rgb(99, 99, 99) 0px -3px 0px 0px inset'.

2022-01-17 13:04:23 - [MESSAGE][PASSED] - Actual object 'rgb(99, 99, 99) 0px -3px 0px 0px inset' and expected object 'rgb(99, 99, 99) 0px -3px 0px 0px inset' are equal

2022-01-17 13:04:24 - [MESSAGE][PASSED] - Text 'address2 test' is set on object 'Object Repository/CheckOutForm/input_address2'

2022-01-17 13:04:24 - [MESSAGE][PASSED] - Object: 'Object Repository/CheckOutForm/input_zipCode' is focused

2022-01-17 13:04:24 - [MESSAGE][PASSED] - Get CSS 'box-shadow' value on 'Object Repository/CheckOutForm/input_zipCode' successfully: 'rgb(99, 99, 99) 0px -3px 0px 0px inset'.

2022-01-17 13:04:24 - [MESSAGE][PASSED] - Actual object 'rgb(99, 99, 99) 0px -3px 0px 0px inset' and expected object 'rgb(99, 99, 99) 0px -3px 0px 0px inset' are equal

2022-01-17 13:04:26 - [MESSAGE][PASSED] - Text '55555' is set on object 'Object Repository/CheckOutForm/input_zipCode'

2022-01-17 13:04:26 - [MESSAGE][PASSED] - Object: 'Object Repository/CheckOutForm/input_city' is focused

2022-01-17 13:04:27 - [MESSAGE][PASSED] - Get CSS 'box-shadow' value on 'Object Repository/CheckOutForm/input_city' successfully: 'rgb(99, 99, 99) 0px -3px 0px 0px inset'.

2022-01-17 13:04:27 - [MESSAGE][PASSED] - Actual object 'rgb(99, 99, 99) 0px -3px 0px 0px inset' and expected object 'rgb(99, 99, 99) 0px -3px 0px 0px inset' are equal

2022-01-17 13:04:27 - [MESSAGE][PASSED] - Text 'Palestine' is set on object 'Object Repository/CheckOutForm/input_city'

2022-01-17 13:04:28 - [MESSAGE][PASSED] - Object: 'Object Repository/CheckOutForm/input_phoneNum' is focused

2022-01-17 13:04:28 - [MESSAGE][PASSED] - Get CSS 'box-shadow' value on 'Object Repository/CheckOutForm/input_phoneNum' successfully: 'rgb(99, 99, 99) 0px -3px 0px 0px inset'.

2022-01-17 13:04:28 - [MESSAGE][PASSED] - Actual object 'rgb(99, 99, 99) 0px -3px 0px 0px inset' and expected object 'rgb(99, 99, 99) 0px -3px 0px 0px inset' are equal

2022-01-17 13:04:29 - [MESSAGE][PASSED] - Text '541-143-1030' is set on object 'Object Repository/CheckOutForm/input_phoneNum'

2022-01-17 13:04:30 - [MESSAGE][PASSED] - Object: 'Object Repository/CheckOutForm/input_phoneExt' is focused

2022-01-17 13:04:31 - [MESSAGE][PASSED] - Get CSS 'box-shadow' value on 'Object Repository/CheckOutForm/input_phoneExt' successfully: 'rgb(99, 99, 99) 0px -3px 0px 0px inset'.

2022-01-17 13:04:31 - [MESSAGE][PASSED] - Actual object 'rgb(99, 99, 99) 0px -3px 0px 0px inset' and expected object 'rgb(99, 99, 99) 0px -3px 0px 0px inset' are equal

2022-01-17 13:04:32 - [MESSAGE][PASSED] - Text '1' is set on object 'Object Repository/CheckOutForm/input_phoneExt'

2022-01-17 13:04:32 - [MESSAGE][PASSED] - Object: 'Object Repository/CheckOutForm/input_phoneExt' is focused

2022-01-17 13:04:32 - [MESSAGE][PASSED] - Get CSS 'box-shadow' value on 'Object Repository/CheckOutForm/input_phoneExt' successfully: 'rgb(99, 99, 99) 0px -3px 0px 0px inset'.

2022-01-17 13:04:32 - [MESSAGE][PASSED] - Actual object 'rgb(99, 99, 99) 0px -3px 0px 0px inset' and expected object 'rgb(99, 99, 99) 0px -3px 0px 0px inset' are equal

2022-01-17 13:04:33 - [MESSAGE][PASSED] - Text '1' is set on object 'Object Repository/CheckOutForm/input_phoneExt'

2022-01-17 13:04:34 - [MESSAGE][PASSED] - Object: 'Object Repository/CheckOutForm/input_email' is focused

2022-01-17 13:04:34 - [MESSAGE][PASSED] - Get CSS 'box-shadow' value on 'Object Repository/CheckOutForm/input_email' successfully: 'rgb(99, 99, 99) 0px -3px 0px 0px inset'.

2022-01-17 13:04:34 - [MESSAGE][PASSED] - Actual object 'rgb(99, 99, 99) 0px -3px 0px 0px inset' and expected object 'rgb(99, 99, 99) 0px -3px 0px 0px inset' are equal

2022-01-17 13:04:35 - [MESSAGE][PASSED] - Text 'test@test.com' is set on object 'Object Repository/CheckOutForm/input_email'

2022-01-17 13:04:36 - [MESSAGE][PASSED] - Object: 'Object Repository/CheckOutForm/button_state' is clicked on

2022-01-17 13:04:36 - [MESSAGE][PASSED] - Object 'Object Repository/CheckOutForm/button_state' has attribute 'aria-expanded' with value 'true'

2022-01-17 13:04:37 - [MESSAGE][PASSED] - Object: 'Object Repository/CheckOutForm/a_state' is clicked on

2022-01-17 13:04:39 - [MESSAGE][PASSED] - Text of object 'Object Repository/CheckOutForm/span_selectedState' is: 'Arizona'

2022-01-17 13:04:39 - [MESSAGE][PASSED] - Object: 'Object Repository/CheckOutForm/input_creditCardName' is focused

2022-01-17 13:04:39 - [MESSAGE][PASSED] - Get CSS 'box-shadow' value on 'Object Repository/CheckOutForm/input_creditCardName' successfully: 'rgb(99, 99, 99) 0px -3px 0px 0px inset'.

2022-01-17 13:04:39 - [MESSAGE][PASSED] - Actual object 'rgb(99, 99, 99) 0px -3px 0px 0px inset' and expected object 'rgb(99, 99, 99) 0px -3px 0px 0px inset' are equal

2022-01-17 13:04:40 - [MESSAGE][PASSED] - Text 'Razan' is set on object 'Object Repository/CheckOutForm/input_creditCardName'

2022-01-17 13:04:41 - [MESSAGE][PASSED] - Object: 'Object Repository/CheckOutForm/input_cardNumber' is focused

2022-01-17 13:04:41 - [MESSAGE][PASSED] - Get CSS 'box-shadow' value on 'Object Repository/CheckOutForm/input_cardNumber' successfully: 'rgb(99, 99, 99) 0px -3px 0px 0px inset'.

2022-01-17 13:04:41 - [MESSAGE][PASSED] - Actual object 'rgb(99, 99, 99) 0px -3px 0px 0px inset' and expected object 'rgb(99, 99, 99) 0px -3px 0px 0px inset' are equal

2022-01-17 13:04:42 - [MESSAGE][PASSED] - Text '379936489179273' is set on object 'Object Repository/CheckOutForm/input_cardNumber'

2022-01-17 13:04:42 - [MESSAGE][PASSED] - Object: 'Object Repository/CheckOutForm/input_cvv' is focused

2022-01-17 13:04:43 - [MESSAGE][PASSED] - Get CSS 'box-shadow' value on 'Object Repository/CheckOutForm/input_cvv' successfully: 'rgb(99, 99, 99) 0px -3px 0px 0px inset'.

2022-01-17 13:04:43 - [MESSAGE][PASSED] - Actual object 'rgb(99, 99, 99) 0px -3px 0px 0px inset' and expected object 'rgb(99, 99, 99) 0px -3px 0px 0px inset' are equal

2022-01-17 13:04:44 - [MESSAGE][PASSED] - Text '2222' is set on object 'Object Repository/CheckOutForm/input_cvv'

2022-01-17 13:04:44 - [MESSAGE][PASSED] - Object: 'Object Repository/CheckOutForm/button_expirationDate' is clicked on

2022-01-17 13:04:45 - [MESSAGE][PASSED] - Object: 'Object Repository/CheckOutForm/button_expirationYear' is clicked on

2022-01-17 13:04:47 - [MESSAGE][PASSED] - Object: 'Object Repository/CheckOutForm/input_PO' is focused

2022-01-17 13:04:48 - [MESSAGE][PASSED] - Get CSS 'box-shadow' value on 'Object Repository/CheckOutForm/input_PO' successfully: 'rgb(99, 99, 99) 0px -3px 0px 0px inset'.

2022-01-17 13:04:48 - [MESSAGE][PASSED] - Actual object 'rgb(99, 99, 99) 0px -3px 0px 0px inset' and expected object 'rgb(99, 99, 99) 0px -3px 0px 0px inset' are equal

2022-01-17 13:04:48 - [MESSAGE][PASSED] - Text 'test1155' is set on object 'Object Repository/CheckOutForm/input_PO'

2022-01-17 13:04:49 - [MESSAGE][PASSED] - Text 'test comment' is set on object 'Object Repository/CheckOutForm/input_comments'

2022-01-17 13:04:50 - [MESSAGE][PASSED] - Object: 'Object Repository/CheckOutForm/a_reviewOrder' is clicked on

2022-01-17 13:04:50 - [TEST_STEP][PASSED] - CheckoutPageValidation.verifyNavigationToCheckoutDetails(): Text of object 'Object Repository/CheckOut Details/h1_checkoutHeader' is: 'CHECKOUT'

2022-01-17 13:04:50 - [MESSAGE][PASSED] - Current window's title is: 'Checkout - Cleaner's Supply'

2022-01-17 13:04:50 - [MESSAGE][PASSED] - Current window's url is: 'https://www.cleanersupply.com/checkout/'

2022-01-17 13:04:51 - [MESSAGE][PASSED] - Text of object 'Object Repository/CheckOut Details/h1_checkoutHeader' is: 'CHECKOUT'

2022-01-17 13:04:51 - [TEST_STEP][PASSED] - CheckoutPageHelpers.ShippingAddressDiv(): Text of object 'Object Repository/CheckOut Details/h2_shippingAddrDivHeader' is: 'SHIPPING ADDRESS'

2022-01-17 13:04:52 - [MESSAGE][PASSED] - Scroll to object 'Object Repository/CheckOut Details/div_shippingAddr' successfully

2022-01-17 13:04:52 - [MESSAGE][PASSED] - Object 'Object Repository/CheckOut Details/div_shippingAddr' is visible

2022-01-17 13:04:53 - [MESSAGE][PASSED] - Get CSS 'background-color' value on 'Object Repository/CheckOut Details/div_shippingAddr' successfully: 'rgba(241, 242, 242, 1)'.

2022-01-17 13:04:53 - [MESSAGE][PASSED] - Object 'Object Repository/CheckOut Details/h2_shippingAddrDivHeader' is visible

2022-01-17 13:04:53 - [MESSAGE][PASSED] - Text of object 'Object Repository/CheckOut Details/h2_shippingAddrDivHeader' is: 'SHIPPING ADDRESS'

2022-01-17 13:04:53 - [TEST_STEP][PASSED] - CheckoutPageHelpers.ShippingDetailsInCeckout(): Text of object 'Object Repository/CheckOut Details/span_shippingAddressDetails' is: 'testCompany
FNameTest lnameValueTest
addres1Test
address2 test
Palestine, AZ 55555
541-143-1030 x1
United States'

2022-01-17 13:04:54 - [MESSAGE][PASSED] - Text of object 'Object Repository/CheckOut Details/span_shippingAddressDetails' is: 'testCompany
FNameTest lnameValueTest
addres1Test
address2 test
Palestine, AZ 55555
541-143-1030 x1
United States'

2022-01-17 13:04:54 - [TEST_STEP][PASSED] - CheckoutPageHelpers.standardShippingAddress(): Object: 'Object Repository/CheckOut Details/a_shippingOptionLink' is clicked on

2022-01-17 13:04:54 - [MESSAGE][PASSED] - Object 'Object Repository/CheckOut Details/dic_standardShiping' is visible

2022-01-17 13:04:55 - [MESSAGE][PASSED] - Get CSS 'background-color' value on 'Object Repository/CheckOut Details/dic_standardShiping' successfully: 'rgba(241, 242, 242, 1)'.

2022-01-17 13:04:55 - [MESSAGE][PASSED] - Attribute 'class' of object 'Object Repository/CheckOut Details/a_shippingOptionLink' is: 'pull-right collapsed'

2022-01-17 13:04:56 - [MESSAGE][PASSED] - Object: 'Object Repository/CheckOut Details/a_shippingOptionLink' is clicked on

2022-01-17 13:04:57 - [MESSAGE][PASSED] - Attribute 'class' of object 'Object Repository/CheckOut Details/a_shippingOptionLink' is: 'pull-right'

2022-01-17 13:04:57 - [MESSAGE][PASSED] - Object: 'Object Repository/CheckOut Details/a_shippingOptionLink' is clicked on

2022-01-17 13:04:57 - [TEST_STEP][PASSED] - CheckoutPageHelpers.paymentMethodDiv(): Text of object 'Object Repository/CheckOut Details/h2_paymentMethodHeader' is: 'PAYMENT METHOD'

2022-01-17 13:04:58 - [MESSAGE][PASSED] - Object 'Object Repository/CheckOut Details/h2_paymentMethodHeader' is visible

2022-01-17 13:04:58 - [MESSAGE][PASSED] - Text of object 'Object Repository/CheckOut Details/h2_paymentMethodHeader' is: 'PAYMENT METHOD'

2022-01-17 13:04:58 - [TEST_STEP][PASSED] - CheckoutPageHelpers.verifyPaymentMethodDetails(): Attribute 'value' of object 'Object Repository/CheckOut Details/input_paymentMethodComment' is: 'test comment'

2022-01-17 13:04:58 - [MESSAGE][PASSED] - Text of object 'Object Repository/CheckOut Details/span_paymentMethodDetails' is: 'AmericanExpress **** 9273
Razan
Expires: 12/38'

2022-01-17 13:04:59 - [MESSAGE][PASSED] - Object 'Object Repository/CheckOut Details/div_PoNoDiv' is visible

2022-01-17 13:04:59 - [MESSAGE][PASSED] - Attribute 'value' of object 'Object Repository/CheckOut Details/input_paymentMethodPo' is: 'test1155'

2022-01-17 13:05:00 - [MESSAGE][PASSED] - Attribute 'value' of object 'Object Repository/CheckOut Details/input_paymentMethodComment' is: 'test comment'

2022-01-17 13:05:00 - [TEST_STEP][PASSED] - closeBrowser(): Browser is closed

2022-01-17 13:05:00 - [MESSAGE][PASSED] - Browser is closed

2022-01-17 13:05:10 - [TEST_STEP][PASSED] - Video: Video recording for test case 'Test Cases/Checkout Scenario/Quick Order' .

2022-01-17 13:05:10 - [MESSAGE][INFO] - Video recording for test case 'Test Cases/Checkout Scenario/Quick Order' .]]></system-out>
         <system-err><![CDATA[]]></system-err>
      </testcase>
      <system-out><![CDATA[2022-01-17 12:58:21 - [TEST_SUITE][FAILED] - Checkout: Test Cases/Checkout Scenario/Product Details FAILED.
Reason:
com.kms.katalon.core.exception.StepFailedException: Actual object 'rgba(99, 99, 99, 0.77) 0px -2.30473px 0px 0px inset' and expected object 'rgb(99, 99, 99) 0px -3px 0px 0px inset' are not equal
	at com.kms.katalon.core.keyword.builtin.VerifyEqualKeyword$_verifyEqual_closure1.doCall(VerifyEqualKeyword.groovy:58)
	at com.kms.katalon.core.keyword.builtin.VerifyEqualKeyword$_verifyEqual_closure1.call(VerifyEqualKeyword.groovy)
	at com.kms.katalon.core.keyword.internal.KeywordMain.runKeyword(KeywordMain.groovy:74)
	at com.kms.katalon.core.keyword.builtin.VerifyEqualKeyword.verifyEqual(VerifyEqualKeyword.groovy:63)
	at com.kms.katalon.core.keyword.builtin.VerifyEqualKeyword.execute(VerifyEqualKeyword.groovy:44)
	at com.kms.katalon.core.keyword.internal.KeywordExecutor.executeKeywordForPlatform(KeywordExecutor.groovy:74)
	at com.kms.katalon.core.keyword.BuiltinKeywords.verifyEqual(BuiltinKeywords.groovy:141)
	at validation.CheckOutFormValidation.validateBoxShadowBlaceHolderBorder(CheckOutFormValidation.groovy:35)
	at validation.CheckOutFormValidation$validateBoxShadowBlaceHolderBorder.call(Unknown Source)
	at helpers.checkOutFormHelper.sendAddress2Value(checkOutFormHelper.groovy:56)
	at helpers.checkOutFormHelper$sendAddress2Value$4.call(Unknown Source)
	at helpers.checkOutFormHelper.fillCheckOutForm(checkOutFormHelper.groovy:150)
	at helpers.checkOutFormHelper$fillCheckOutForm.call(Unknown Source)
	at Product Details.run(Product Details:64)
	at com.kms.katalon.core.main.ScriptEngine.run(ScriptEngine.java:194)
	at com.kms.katalon.core.main.ScriptEngine.runScriptAsRawText(ScriptEngine.java:119)
	at com.kms.katalon.core.main.TestCaseExecutor.runScript(TestCaseExecutor.java:442)
	at com.kms.katalon.core.main.TestCaseExecutor.doExecute(TestCaseExecutor.java:433)
	at com.kms.katalon.core.main.TestCaseExecutor.processExecutionPhase(TestCaseExecutor.java:412)
	at com.kms.katalon.core.main.TestCaseExecutor.accessMainPhase(TestCaseExecutor.java:404)
	at com.kms.katalon.core.main.TestCaseExecutor.execute(TestCaseExecutor.java:281)
	at com.kms.katalon.core.main.TestSuiteExecutor.accessTestCaseMainPhase(TestSuiteExecutor.java:202)
	at com.kms.katalon.core.main.TestSuiteExecutor.accessTestSuiteMainPhase(TestSuiteExecutor.java:164)
	at com.kms.katalon.core.main.TestSuiteExecutor.execute(TestSuiteExecutor.java:105)
	at com.kms.katalon.core.main.TestCaseMain.startTestSuite(TestCaseMain.java:181)
	at com.kms.katalon.core.main.TestCaseMain$startTestSuite$0.call(Unknown Source)
	at TempTestSuite1642416906736.run(TempTestSuite1642416906736.groovy:36)]]></system-out>
      <system-err><![CDATA[2022-01-17 12:58:21 - [TEST_SUITE][FAILED] - Checkout: Test Cases/Checkout Scenario/Product Details FAILED.
Reason:
com.kms.katalon.core.exception.StepFailedException: Actual object 'rgba(99, 99, 99, 0.77) 0px -2.30473px 0px 0px inset' and expected object 'rgb(99, 99, 99) 0px -3px 0px 0px inset' are not equal
	at com.kms.katalon.core.keyword.builtin.VerifyEqualKeyword$_verifyEqual_closure1.doCall(VerifyEqualKeyword.groovy:58)
	at com.kms.katalon.core.keyword.builtin.VerifyEqualKeyword$_verifyEqual_closure1.call(VerifyEqualKeyword.groovy)
	at com.kms.katalon.core.keyword.internal.KeywordMain.runKeyword(KeywordMain.groovy:74)
	at com.kms.katalon.core.keyword.builtin.VerifyEqualKeyword.verifyEqual(VerifyEqualKeyword.groovy:63)
	at com.kms.katalon.core.keyword.builtin.VerifyEqualKeyword.execute(VerifyEqualKeyword.groovy:44)
	at com.kms.katalon.core.keyword.internal.KeywordExecutor.executeKeywordForPlatform(KeywordExecutor.groovy:74)
	at com.kms.katalon.core.keyword.BuiltinKeywords.verifyEqual(BuiltinKeywords.groovy:141)
	at validation.CheckOutFormValidation.validateBoxShadowBlaceHolderBorder(CheckOutFormValidation.groovy:35)
	at validation.CheckOutFormValidation$validateBoxShadowBlaceHolderBorder.call(Unknown Source)
	at helpers.checkOutFormHelper.sendAddress2Value(checkOutFormHelper.groovy:56)
	at helpers.checkOutFormHelper$sendAddress2Value$4.call(Unknown Source)
	at helpers.checkOutFormHelper.fillCheckOutForm(checkOutFormHelper.groovy:150)
	at helpers.checkOutFormHelper$fillCheckOutForm.call(Unknown Source)
	at Product Details.run(Product Details:64)
	at com.kms.katalon.core.main.ScriptEngine.run(ScriptEngine.java:194)
	at com.kms.katalon.core.main.ScriptEngine.runScriptAsRawText(ScriptEngine.java:119)
	at com.kms.katalon.core.main.TestCaseExecutor.runScript(TestCaseExecutor.java:442)
	at com.kms.katalon.core.main.TestCaseExecutor.doExecute(TestCaseExecutor.java:433)
	at com.kms.katalon.core.main.TestCaseExecutor.processExecutionPhase(TestCaseExecutor.java:412)
	at com.kms.katalon.core.main.TestCaseExecutor.accessMainPhase(TestCaseExecutor.java:404)
	at com.kms.katalon.core.main.TestCaseExecutor.execute(TestCaseExecutor.java:281)
	at com.kms.katalon.core.main.TestSuiteExecutor.accessTestCaseMainPhase(TestSuiteExecutor.java:202)
	at com.kms.katalon.core.main.TestSuiteExecutor.accessTestSuiteMainPhase(TestSuiteExecutor.java:164)
	at com.kms.katalon.core.main.TestSuiteExecutor.execute(TestSuiteExecutor.java:105)
	at com.kms.katalon.core.main.TestCaseMain.startTestSuite(TestCaseMain.java:181)
	at com.kms.katalon.core.main.TestCaseMain$startTestSuite$0.call(Unknown Source)
	at TempTestSuite1642416906736.run(TempTestSuite1642416906736.groovy:36)]]></system-err>
   </testsuite>
</testsuites>
