<?xml version="1.0" encoding="UTF-8"?>
<testsuites name="Header" time="35.835" tests="1" failures="0" errors="0">
   <testsuite name="Header" tests="1" failures="0" errors="0" time="35.835" skipped="0" timestamp="2022-01-15 18:26:53" hostname="waleedafifi - 192.168.1.104" id="Test Suites/Header">
      <properties>
         <property name="deviceName" value=""/>
         <property name="devicePlatform" value=""/>
         <property name="logFolder" value="/Users/waleedafifi/git/cleanersupply/Reports/20220115_181400/Header/20220115_181412"/>
         <property name="logFiles" value="/Users/waleedafifi/git/cleanersupply/Reports/20220115_181400/Header/20220115_181412/execution0.log"/>
         <property name="attachments" value=""/>
         <property name="hostName" value="waleedafifi - 192.168.1.104"/>
         <property name="os" value="Mac OS X 64bit"/>
         <property name="katalonVersion" value="8.2.0.208"/>
         <property name="browser" value="Firefox 95.0"/>
         <property name="hostAddress" value="192.168.1.104"/>
         <property name="sessionId" value="d4d77982-7a73-43e9-ad93-c21cf9d5be1c"/>
         <property name="seleniumVersion" value="3.141.59"/>
         <property name="proxyInformation" value="ProxyInformation { proxyOption=NO_PROXY, proxyServerType=HTTP, username=, password=********, proxyServerAddress=, proxyServerPort=0, executionList=&quot;&quot;, isApplyToDesiredCapabilities=true }"/>
         <property name="platform" value="Mac OS X"/>
      </properties>
      <testcase name="Test Cases/Header/Primary Header TC" time="35.398" classname="Test Cases/Header/Primary Header TC" status="PASSED">
         <system-out><![CDATA[2022-01-15 18:26:53 - [TEST_CASE][PASSED] - Test Cases/Header/Primary Header TC: Test Cases/Header/Primary Header TC

2022-01-15 18:26:54 - [TEST_STEP][PASSED] - GeneralHelpers.initScenario(): Current window's url is: 'https://www.cleanersupply.com/'

2022-01-15 18:26:54 - [MESSAGE][INFO] - Starting 'Firefox' driver

2022-01-15 18:26:54 - [MESSAGE][INFO] - Action delay is set to 0 milliseconds

2022-01-15 18:26:59 - [MESSAGE][PASSED] - Browser is opened with url: ''

2022-01-15 18:27:00 - [MESSAGE][PASSED] - Current window maximized

2022-01-15 18:27:09 - [MESSAGE][PASSED] - Navigate to 'https://www.cleanersupply.com/' successfully

2022-01-15 18:27:09 - [MESSAGE][PASSED] - Wait for page load successfully

2022-01-15 18:27:09 - [MESSAGE][PASSED] - Current window's title is: 'Cleaner's Supply - Dry Cleaning Supplies'

2022-01-15 18:27:09 - [MESSAGE][PASSED] - Current window's title is: 'Cleaner's Supply - Dry Cleaning Supplies'

2022-01-15 18:27:09 - [MESSAGE][PASSED] - Current window's url is: 'https://www.cleanersupply.com/'

2022-01-15 18:27:09 - [TEST_STEP][PASSED] - PrimaryHeaderHelpers.topNav(): Object 'Object Repository/Primary Header/button_myAccount' is present

2022-01-15 18:27:11 - [MESSAGE][PASSED] - Get CSS 'background-color' value on 'Object Repository/Primary Header/div_navTop' successfully: 'rgb(255, 200, 11)'.

2022-01-15 18:27:13 - [MESSAGE][PASSED] - Object 'Object Repository/Primary Header/div_navTop' is present

2022-01-15 18:27:14 - [MESSAGE][PASSED] - Object 'Object Repository/Primary Header/div_headerSearch' is present

2022-01-15 18:27:14 - [MESSAGE][PASSED] - Object 'Object Repository/Primary Header/a_quickOrder' is present

2022-01-15 18:27:14 - [MESSAGE][PASSED] - Object 'Object Repository/Primary Header/img_logo' is present

2022-01-15 18:27:14 - [MESSAGE][PASSED] - Get CSS 'width' value on 'Object Repository/Primary Header/img_logo' successfully: '121px'.

2022-01-15 18:27:15 - [MESSAGE][PASSED] - Object 'Object Repository/Primary Header/header' is present

2022-01-15 18:27:15 - [MESSAGE][PASSED] - Object 'Object Repository/Primary Header/a_cart' is present

2022-01-15 18:27:16 - [MESSAGE][PASSED] - Object 'Object Repository/Primary Header/button_myAccount' is present

2022-01-15 18:27:16 - [TEST_STEP][PASSED] - PrimaryHeaderHelpers.rightLinkehoverEffect(): Get CSS 'color' value on 'Object Repository/Primary Header/i_iconReOrder' successfully: 'rgb(82, 36, 127)'.

2022-01-15 18:27:16 - [MESSAGE][PASSED] - Object: 'Object Repository/Primary Header/button_myAccount' is hovered

2022-01-15 18:27:17 - [MESSAGE][PASSED] - Get CSS 'color' value on 'Object Repository/Primary Header/i_iconMyAccount' successfully: 'rgb(82, 36, 127)'.

2022-01-15 18:27:17 - [MESSAGE][PASSED] - Object: 'Object Repository/Primary Header/a_quickOrder' is hovered

2022-01-15 18:27:17 - [MESSAGE][PASSED] - Get CSS 'color' value on 'Object Repository/Primary Header/i_iconQuickOrder' successfully: 'rgb(82, 36, 127)'.

2022-01-15 18:27:18 - [MESSAGE][PASSED] - Object: 'Object Repository/Primary Header/a_reOrder' is hovered

2022-01-15 18:27:18 - [MESSAGE][PASSED] - Get CSS 'color' value on 'Object Repository/Primary Header/i_iconReOrder' successfully: 'rgb(82, 36, 127)'.

2022-01-15 18:27:18 - [TEST_STEP][PASSED] - PrimaryHeaderHelpers.cartLinkHover(): Text of object 'Object Repository/Primary Header/span_emptCart' is: 'YOUR CART IS EMPTY
AND VERY SAD'

2022-01-15 18:27:19 - [MESSAGE][PASSED] - Object: 'Object Repository/Primary Header/a_cart' is hovered

2022-01-15 18:27:19 - [MESSAGE][PASSED] - Get CSS 'background-color' value on 'Object Repository/Mini Cart/a_miniCartLink' successfully: 'rgb(255, 255, 255)'.

2022-01-15 18:27:19 - [MESSAGE][PASSED] - Get CSS 'color' value on 'Object Repository/Mini Cart/a_miniCartLink' successfully: 'rgb(82, 36, 127)'.

2022-01-15 18:27:20 - [MESSAGE][PASSED] - Object 'Object Repository/Mini Cart/div_miniCartDropDown' is present

2022-01-15 18:27:20 - [MESSAGE][PASSED] - Text of object 'Object Repository/Primary Header/span_emptCart' is: 'YOUR CART IS EMPTY
AND VERY SAD'

2022-01-15 18:27:20 - [TEST_STEP][PASSED] - PrimaryHeaderHelpers.myAccountButton(): Object 'Object Repository/Primary Header/My Account/div.accountDropDown' is present

2022-01-15 18:27:21 - [MESSAGE][PASSED] - Object: 'Object Repository/Primary Header/button_myAccount' is clicked on

2022-01-15 18:27:21 - [MESSAGE][PASSED] - Attribute 'class' of object 'Object Repository/Primary Header/li_myAccount' is: 'dropdown hidden-mobile account-container open'

2022-01-15 18:27:21 - [MESSAGE][PASSED] - Object 'Object Repository/Primary Header/My Account/div.accountDropDown' is present

2022-01-15 18:27:21 - [TEST_STEP][PASSED] - PrimaryHeaderHelpers.headerTopBar(): Get CSS 'font-family' value on 'Object Repository/Primary Header/TobBar/a_headerShippingDetails' successfully: '"Nunito Sans", sans-serif'.

2022-01-15 18:27:21 - [MESSAGE][PASSED] - Object 'Object Repository/Primary Header/TobBar/div_topBarHeader' is present

2022-01-15 18:27:22 - [MESSAGE][PASSED] - Get CSS 'background-color' value on 'Object Repository/Primary Header/TobBar/div_topBarHeader' successfully: 'rgb(243, 243, 244)'.

2022-01-15 18:27:22 - [MESSAGE][PASSED] - Get CSS 'text-align' value on 'Object Repository/Primary Header/TobBar/div_infoHolder' successfully: 'center'.

2022-01-15 18:27:23 - [MESSAGE][PASSED] - Text of object 'Object Repository/Primary Header/TobBar/span_headerShippingInfo' is: 'FREE SHIPPING & RETURNS ON ORDERS OVER $99'

2022-01-15 18:27:23 - [MESSAGE][PASSED] - Get CSS 'font-weight' value on 'Object Repository/Primary Header/TobBar/span_headerShippingInfo' successfully: '900'.

2022-01-15 18:27:23 - [MESSAGE][PASSED] - Get CSS 'color' value on 'Object Repository/Primary Header/TobBar/span_headerShippingInfo' successfully: 'rgb(0, 0, 0)'.

2022-01-15 18:27:24 - [MESSAGE][PASSED] - Get CSS 'font-family' value on 'Object Repository/Primary Header/TobBar/span_headerShippingInfo' successfully: '"Nunito Sans", sans-serif'.

2022-01-15 18:27:24 - [MESSAGE][PASSED] - Get CSS 'font-weight' value on 'Object Repository/Primary Header/TobBar/a_headerShippingDetails' successfully: '400'.

2022-01-15 18:27:24 - [MESSAGE][PASSED] - Get CSS 'color' value on 'Object Repository/Primary Header/TobBar/a_headerShippingDetails' successfully: 'rgb(0, 0, 0)'.

2022-01-15 18:27:24 - [MESSAGE][PASSED] - Get CSS 'font-family' value on 'Object Repository/Primary Header/TobBar/a_headerShippingDetails' successfully: '"Nunito Sans", sans-serif'.

2022-01-15 18:27:24 - [TEST_STEP][PASSED] - PrimaryHeaderHelpers.shippingDetailsAction(): Get CSS 'text-decoration' value on 'Object Repository/Primary Header/TobBar/a_headerShippingDetails' successfully: 'underline rgb(0, 0, 0)'.

2022-01-15 18:27:25 - [MESSAGE][PASSED] - Object: 'Object Repository/Primary Header/TobBar/a_headerShippingDetails' is hovered

2022-01-15 18:27:25 - [MESSAGE][PASSED] - Get CSS 'text-decoration' value on 'Object Repository/Primary Header/TobBar/a_headerShippingDetails' successfully: 'underline rgb(0, 0, 0)'.

2022-01-15 18:27:25 - [TEST_STEP][PASSED] - PrimaryHeaderHelpers.customerService(): Get CSS 'font-family' value on 'Object Repository/Primary Header/TobBar/a_customerServiceLink' successfully: '"Nunito Sans", sans-serif'.

2022-01-15 18:27:26 - [MESSAGE][PASSED] - Object 'Object Repository/Primary Header/TobBar/div_customerServicesArea' is present

2022-01-15 18:27:26 - [MESSAGE][PASSED] - Get CSS 'font-weight' value on 'Object Repository/Primary Header/TobBar/span_customerAreaPhone' successfully: '700'.

2022-01-15 18:27:26 - [MESSAGE][PASSED] - Get CSS 'color' value on 'Object Repository/Primary Header/TobBar/span_customerAreaPhone' successfully: 'rgb(0, 0, 0)'.

2022-01-15 18:27:26 - [MESSAGE][PASSED] - Get CSS 'font-family' value on 'Object Repository/Primary Header/TobBar/span_customerAreaPhone' successfully: '"Nunito Sans", sans-serif'.

2022-01-15 18:27:27 - [MESSAGE][PASSED] - Get CSS 'font-weight' value on 'Object Repository/Primary Header/TobBar/a_customerServiceLink' successfully: '700'.

2022-01-15 18:27:27 - [MESSAGE][PASSED] - Get CSS 'color' value on 'Object Repository/Primary Header/TobBar/a_customerServiceLink' successfully: 'rgb(0, 0, 0)'.

2022-01-15 18:27:27 - [MESSAGE][PASSED] - Get CSS 'font-family' value on 'Object Repository/Primary Header/TobBar/a_customerServiceLink' successfully: '"Nunito Sans", sans-serif'.

2022-01-15 18:27:27 - [TEST_STEP][PASSED] - PrimaryHeaderHelpers.customerServiceLinkAction(): Get CSS 'text-decoration' value on 'Object Repository/Primary Header/TobBar/a_customerServiceLink' successfully: 'underline rgb(0, 0, 0)'.

2022-01-15 18:27:28 - [MESSAGE][PASSED] - Object: 'Object Repository/Primary Header/TobBar/a_customerServiceLink' is hovered

2022-01-15 18:27:28 - [MESSAGE][PASSED] - Get CSS 'text-decoration' value on 'Object Repository/Primary Header/TobBar/a_customerServiceLink' successfully: 'underline rgb(0, 0, 0)'.

2022-01-15 18:27:28 - [TEST_STEP][PASSED] - closeBrowser(): Browser is closed

2022-01-15 18:27:29 - [MESSAGE][PASSED] - Browser is closed

2022-01-15 18:27:29 - [TEST_STEP][PASSED] - Video: Video recording for test case 'Test Cases/Header/Primary Header TC' .

2022-01-15 18:27:29 - [MESSAGE][INFO] - Video recording for test case 'Test Cases/Header/Primary Header TC' .]]></system-out>
         <system-err><![CDATA[]]></system-err>
      </testcase>
      <system-out><![CDATA[2022-01-15 18:26:53 - [TEST_SUITE][PASSED] - Header: Test Cases/Header/Primary Header TC]]></system-out>
      <system-err><![CDATA[]]></system-err>
   </testsuite>
</testsuites>
