<?xml version="1.0" encoding="UTF-8"?>
<testsuites name="Cleaner Supply collection" time="1311.489" tests="10" failures="6" errors="0">
   <testsuite name="Footer" tests="1" failures="0" errors="0" time="25.21" skipped="0" timestamp="2022-01-15 10:59:13" hostname="waleedafifi - localhost" id="Test Suites/Footer">
      <properties>
         <property name="deviceName" value=""/>
         <property name="devicePlatform" value=""/>
         <property name="logFolder" value="/Users/waleedafifi/git/cleanersupply/Reports/20220115_105856/Footer/20220115_105858"/>
         <property name="logFiles" value="/Users/waleedafifi/git/cleanersupply/Reports/20220115_105856/Footer/20220115_105858/execution0.log"/>
         <property name="attachments" value=""/>
         <property name="hostName" value="waleedafifi - localhost"/>
         <property name="os" value="Mac OS X 64bit"/>
         <property name="katalonVersion" value="8.2.0.208"/>
         <property name="browser" value="Chrome 97.0.4692.71"/>
         <property name="hostAddress" value="127.0.0.1"/>
         <property name="sessionId" value="daf96d5162fc6e65f27571d882db6423"/>
         <property name="seleniumVersion" value="3.141.59"/>
         <property name="proxyInformation" value="ProxyInformation { proxyOption=NO_PROXY, proxyServerType=HTTP, username=, password=********, proxyServerAddress=, proxyServerPort=0, executionList=&quot;&quot;, isApplyToDesiredCapabilities=true }"/>
         <property name="platform" value="Mac OS X"/>
      </properties>
      <testcase name="Test Cases/Footer/Footer TC" time="24.759" classname="Test Cases/Footer/Footer TC" status="PASSED">
         <system-out><![CDATA[2022-01-15 10:59:14 - [TEST_CASE][PASSED] - Test Cases/Footer/Footer TC: Test Cases/Footer/Footer TC

2022-01-15 10:59:14 - [TEST_STEP][PASSED] - GeneralHelpers.initScenario(): Current window's url is: 'https://www.cleanersupply.com/'

2022-01-15 10:59:15 - [MESSAGE][INFO] - Starting 'Chrome' driver

2022-01-15 10:59:15 - [MESSAGE][INFO] - Action delay is set to 0 milliseconds

2022-01-15 10:59:20 - [MESSAGE][PASSED] - Browser is opened with url: ''

2022-01-15 10:59:22 - [MESSAGE][PASSED] - Current window maximized

2022-01-15 10:59:34 - [MESSAGE][PASSED] - Navigate to 'https://www.cleanersupply.com/' successfully

2022-01-15 10:59:34 - [MESSAGE][PASSED] - Wait for page load successfully

2022-01-15 10:59:34 - [MESSAGE][PASSED] - Current window's title is: 'Cleaner's Supply - Dry Cleaning Supplies'

2022-01-15 10:59:34 - [MESSAGE][PASSED] - Current window's title is: 'Cleaner's Supply - Dry Cleaning Supplies'

2022-01-15 10:59:34 - [MESSAGE][PASSED] - Current window's url is: 'https://www.cleanersupply.com/'

2022-01-15 10:59:34 - [TEST_STEP][PASSED] - defaultFooterValidatins.verifyExistingOftopFooterImage(): Object 'Object Repository/defaultFooter/img_topFooter' is visible

2022-01-15 10:59:36 - [MESSAGE][PASSED] - Object 'Object Repository/defaultFooter/img_topFooter' is visible

2022-01-15 10:59:36 - [TEST_STEP][PASSED] - defaultFooterValidatins.verifyBackGroundandMaxHeightOfTopFooter(): Get CSS 'max-height' value on 'Object Repository/defaultFooter/div_topFooter' successfully: '93px'.

2022-01-15 10:59:36 - [MESSAGE][PASSED] - Get CSS 'background' value on 'Object Repository/defaultFooter/div_topFooter' successfully: 'rgb(255, 199, 9) none repeat scroll 0% 0% / auto padding-box border-box'.

2022-01-15 10:59:37 - [MESSAGE][PASSED] - Get CSS 'max-height' value on 'Object Repository/defaultFooter/div_topFooter' successfully: '93px'.

2022-01-15 10:59:37 - [TEST_STEP][PASSED] - defaultFooterValidatins.verifyExistingOffooterBody(): Object 'Object Repository/defaultFooter/div_footerBody' is visible

2022-01-15 10:59:38 - [MESSAGE][PASSED] - Object 'Object Repository/defaultFooter/div_footerBody' is visible

2022-01-15 10:59:38 - [TEST_STEP][PASSED] - defaultFooterValidatins.verifyBackGroundandPaddingOfFooterBody(): Get CSS 'padding' value on 'Object Repository/defaultFooter/div_footerBody' successfully: '30px 0px 45px'.

2022-01-15 10:59:38 - [MESSAGE][PASSED] - Get CSS 'background' value on 'Object Repository/defaultFooter/div_footerBody' successfully: 'rgb(70, 70, 70) none repeat scroll 0% 0% / auto padding-box border-box'.

2022-01-15 10:59:39 - [MESSAGE][PASSED] - Get CSS 'padding' value on 'Object Repository/defaultFooter/div_footerBody' successfully: '30px 0px 45px'.]]></system-out>
         <system-err><![CDATA[]]></system-err>
      </testcase>
      <system-out><![CDATA[2022-01-15 10:59:13 - [TEST_SUITE][PASSED] - Footer: Test Cases/Footer/Footer TC]]></system-out>
      <system-err><![CDATA[]]></system-err>
   </testsuite>
   <testsuite name="Checkout" tests="3" failures="1" errors="0" time="594.931" skipped="0" timestamp="2022-01-15 10:59:43" hostname="waleedafifi - localhost" id="Test Suites/Checkout">
      <properties>
         <property name="deviceName" value=""/>
         <property name="devicePlatform" value=""/>
         <property name="logFolder" value="/Users/waleedafifi/git/cleanersupply/Reports/20220115_105856/Checkout/20220115_105900"/>
         <property name="logFiles" value="/Users/waleedafifi/git/cleanersupply/Reports/20220115_105856/Checkout/20220115_105900/execution0.log"/>
         <property name="attachments" value=""/>
         <property name="hostName" value="waleedafifi - localhost"/>
         <property name="os" value="Mac OS X 64bit"/>
         <property name="katalonVersion" value="8.2.0.208"/>
         <property name="browser" value="Chrome 97.0.4692.71"/>
         <property name="hostAddress" value="127.0.0.1"/>
         <property name="sessionId" value="57c3eba2c15192b30e48f3ac975a9a6d"/>
         <property name="seleniumVersion" value="3.141.59"/>
         <property name="proxyInformation" value="ProxyInformation { proxyOption=NO_PROXY, proxyServerType=HTTP, username=, password=********, proxyServerAddress=, proxyServerPort=0, executionList=&quot;&quot;, isApplyToDesiredCapabilities=true }"/>
         <property name="platform" value="Mac OS X"/>
      </properties>
      <testcase name="Test Cases/Checkout Scenario/Product Details" time="232.191" classname="Test Cases/Checkout Scenario/Product Details" status="PASSED">
         <system-out><![CDATA[2022-01-15 10:59:44 - [TEST_CASE][PASSED] - Test Cases/Checkout Scenario/Product Details: Test Cases/Checkout Scenario/Product Details

2022-01-15 10:59:44 - [TEST_STEP][PASSED] - GeneralHelpers.initScenario(): Current window's url is: 'https://www.cleanersupply.com/'

2022-01-15 10:59:44 - [MESSAGE][INFO] - Starting 'Chrome' driver

2022-01-15 10:59:45 - [MESSAGE][INFO] - Action delay is set to 0 milliseconds

2022-01-15 10:59:47 - [MESSAGE][PASSED] - Browser is opened with url: ''

2022-01-15 10:59:47 - [MESSAGE][PASSED] - Current window maximized

2022-01-15 11:00:02 - [MESSAGE][PASSED] - Navigate to 'https://www.cleanersupply.com/' successfully

2022-01-15 11:00:02 - [MESSAGE][PASSED] - Wait for page load successfully

2022-01-15 11:00:02 - [MESSAGE][PASSED] - Current window's title is: 'Cleaner's Supply - Dry Cleaning Supplies'

2022-01-15 11:00:02 - [MESSAGE][PASSED] - Current window's title is: 'Cleaner's Supply - Dry Cleaning Supplies'

2022-01-15 11:00:02 - [MESSAGE][PASSED] - Current window's url is: 'https://www.cleanersupply.com/'

2022-01-15 11:00:02 - [TEST_STEP][PASSED] - GeneralHelpers.headerSearchFillAndClick(): Object: 'Object Repository/Product details/btn_searchAction' is clicked on

2022-01-15 11:00:09 - [MESSAGE][PASSED] - Text 'Plastic' is set on object 'Object Repository/Product details/input_searchField'

2022-01-15 11:00:10 - [MESSAGE][PASSED] - Attribute 'value' of object 'Object Repository/Product details/input_searchField' is: 'Plastic'

2022-01-15 11:00:11 - [MESSAGE][PASSED] - Object 'Object Repository/Product details/div_searchAutocompleteBox' is visible

2022-01-15 11:00:11 - [MESSAGE][PASSED] - Attribute 'class' of object 'Object Repository/Product details/div_searchAutocompleteBox' is: 'search-autocomplete dropdown-menu open'

2022-01-15 11:00:11 - [MESSAGE][PASSED] - Text of object 'Object Repository/Product details/div_searchHeaderTopBar' is: 'Search for PLASTIC'

2022-01-15 11:00:12 - [MESSAGE][PASSED] - Get CSS 'background-color' value on 'Object Repository/Product details/div_searchHeaderTopBar' successfully: 'rgba(82, 36, 127, 1)'.

2022-01-15 11:00:16 - [MESSAGE][PASSED] - Object: 'Object Repository/Product details/btn_searchAction' is clicked on

2022-01-15 11:00:16 - [TEST_STEP][PASSED] - GeneralHelpers.navigateToResultPage(): Text of object 'Object Repository/Product details/h1_sectionHeading' is: 'SEARCH RESULTS'

2022-01-15 11:00:16 - [MESSAGE][PASSED] - Current window's title is: 'Search Results - Cleaner's Supply'

2022-01-15 11:00:16 - [MESSAGE][PASSED] - Current window's url is: 'https://www.cleanersupply.com/search-results/?q=Plastic'

2022-01-15 11:00:34 - [MESSAGE][PASSED] - Text of object 'Object Repository/Product details/h1_sectionHeading' is: 'SEARCH RESULTS'

2022-01-15 11:00:34 - [TEST_STEP][PASSED] - SearchResultPageValidations.verifyDefaultValues(): Attribute 'class' of object '' is: ' '

2022-01-15 11:00:35 - [MESSAGE][PASSED] - Text of object 'Object Repository/Search Result/h2_productListHeading' is: 'RESULTS FOR "PLASTIC" (224)'

2022-01-15 11:00:35 - [MESSAGE][PASSED] - Text of object 'Object Repository/Search Result/h2_productListHeading' is: 'RESULTS FOR "PLASTIC" (224)'

2022-01-15 11:00:35 - [MESSAGE][PASSED] - Text of object 'Object Repository/Search Result/span_filterOption' is: 'Featured'

2022-01-15 11:00:36 - [MESSAGE][PASSED] - Web element with id: 'Object Repository/Search Result/ul_selectedFilters' located by 'By.cssSelector: ul.selected-filters' is not present after '5' second(s)

2022-01-15 11:00:37 - [MESSAGE][PASSED] - Attribute 'class' of object '' is: ' '

2022-01-15 11:00:37 - [MESSAGE][PASSED] - Attribute 'class' of object '' is: ' '

2022-01-15 11:00:37 - [MESSAGE][PASSED] - Attribute 'class' of object '' is: ' '

2022-01-15 11:00:37 - [MESSAGE][PASSED] - Attribute 'class' of object '' is: ' '

2022-01-15 11:00:37 - [MESSAGE][PASSED] - Attribute 'class' of object '' is: ' '

2022-01-15 11:00:37 - [MESSAGE][PASSED] - Attribute 'class' of object '' is: ' '

2022-01-15 11:00:37 - [MESSAGE][PASSED] - Attribute 'class' of object '' is: ' '

2022-01-15 11:00:37 - [MESSAGE][PASSED] - Attribute 'class' of object '' is: ' '

2022-01-15 11:00:37 - [MESSAGE][PASSED] - Attribute 'class' of object '' is: ' '

2022-01-15 11:00:37 - [MESSAGE][PASSED] - Attribute 'class' of object '' is: ' '

2022-01-15 11:00:37 - [MESSAGE][PASSED] - Attribute 'class' of object '' is: ' '

2022-01-15 11:00:37 - [MESSAGE][PASSED] - Attribute 'class' of object '' is: ' '

2022-01-15 11:00:37 - [MESSAGE][PASSED] - Attribute 'class' of object '' is: ' '

2022-01-15 11:00:37 - [MESSAGE][PASSED] - Attribute 'class' of object '' is: ' '

2022-01-15 11:00:37 - [MESSAGE][PASSED] - Attribute 'class' of object '' is: ' '

2022-01-15 11:00:37 - [MESSAGE][PASSED] - Attribute 'class' of object '' is: ' '

2022-01-15 11:00:37 - [MESSAGE][PASSED] - Attribute 'class' of object '' is: ' '

2022-01-15 11:00:37 - [MESSAGE][PASSED] - Attribute 'class' of object '' is: ' '

2022-01-15 11:00:37 - [MESSAGE][PASSED] - Attribute 'class' of object '' is: ' '

2022-01-15 11:00:37 - [MESSAGE][PASSED] - Attribute 'class' of object '' is: ' '

2022-01-15 11:00:37 - [MESSAGE][PASSED] - Attribute 'class' of object '' is: ' '

2022-01-15 11:00:37 - [MESSAGE][PASSED] - Attribute 'class' of object '' is: ' '

2022-01-15 11:00:37 - [MESSAGE][PASSED] - Attribute 'class' of object '' is: ' '

2022-01-15 11:00:37 - [MESSAGE][PASSED] - Attribute 'class' of object '' is: ' '

2022-01-15 11:00:37 - [MESSAGE][PASSED] - Attribute 'class' of object '' is: ' '

2022-01-15 11:00:37 - [MESSAGE][PASSED] - Attribute 'class' of object '' is: ' '

2022-01-15 11:00:37 - [MESSAGE][PASSED] - Attribute 'class' of object '' is: ' '

2022-01-15 11:00:37 - [MESSAGE][PASSED] - Attribute 'class' of object '' is: ' '

2022-01-15 11:00:37 - [MESSAGE][PASSED] - Attribute 'class' of object '' is: ' '

2022-01-15 11:00:37 - [MESSAGE][PASSED] - Attribute 'class' of object '' is: ' '

2022-01-15 11:00:37 - [MESSAGE][PASSED] - Attribute 'class' of object '' is: ' '

2022-01-15 11:00:37 - [MESSAGE][PASSED] - Attribute 'class' of object '' is: ' '

2022-01-15 11:00:37 - [MESSAGE][PASSED] - Attribute 'class' of object '' is: ' '

2022-01-15 11:00:37 - [MESSAGE][PASSED] - Attribute 'class' of object '' is: ' '

2022-01-15 11:00:37 - [MESSAGE][PASSED] - Attribute 'class' of object '' is: ' '

2022-01-15 11:00:37 - [MESSAGE][PASSED] - Attribute 'class' of object '' is: ' '

2022-01-15 11:00:37 - [MESSAGE][PASSED] - Attribute 'class' of object '' is: ' '

2022-01-15 11:00:37 - [MESSAGE][PASSED] - Attribute 'class' of object '' is: ' '

2022-01-15 11:00:37 - [MESSAGE][PASSED] - Attribute 'class' of object '' is: ' '

2022-01-15 11:00:37 - [MESSAGE][PASSED] - Attribute 'class' of object '' is: ' '

2022-01-15 11:00:37 - [MESSAGE][PASSED] - Attribute 'class' of object '' is: ' '

2022-01-15 11:00:37 - [MESSAGE][PASSED] - Attribute 'class' of object '' is: ' '

2022-01-15 11:00:37 - [MESSAGE][PASSED] - Attribute 'class' of object '' is: ' '

2022-01-15 11:00:37 - [MESSAGE][PASSED] - Attribute 'class' of object '' is: ' '

2022-01-15 11:00:38 - [MESSAGE][PASSED] - Attribute 'class' of object '' is: ' '

2022-01-15 11:00:38 - [MESSAGE][PASSED] - Attribute 'class' of object '' is: ' '

2022-01-15 11:00:38 - [MESSAGE][PASSED] - Attribute 'class' of object '' is: ' '

2022-01-15 11:00:38 - [MESSAGE][PASSED] - Attribute 'class' of object '' is: ' '

2022-01-15 11:00:38 - [MESSAGE][PASSED] - Attribute 'class' of object '' is: ' '

2022-01-15 11:00:38 - [MESSAGE][PASSED] - Attribute 'class' of object '' is: ' '

2022-01-15 11:00:38 - [MESSAGE][PASSED] - Attribute 'class' of object '' is: ' '

2022-01-15 11:00:38 - [MESSAGE][PASSED] - Attribute 'class' of object '' is: ' '

2022-01-15 11:00:38 - [MESSAGE][PASSED] - Attribute 'class' of object '' is: ' '

2022-01-15 11:00:38 - [MESSAGE][PASSED] - Attribute 'class' of object '' is: ' '

2022-01-15 11:00:38 - [MESSAGE][PASSED] - Attribute 'class' of object '' is: ' '

2022-01-15 11:00:38 - [MESSAGE][PASSED] - Attribute 'class' of object '' is: ' '

2022-01-15 11:00:38 - [MESSAGE][PASSED] - Attribute 'class' of object '' is: ' '

2022-01-15 11:00:38 - [MESSAGE][PASSED] - Attribute 'class' of object '' is: ' '

2022-01-15 11:00:38 - [MESSAGE][PASSED] - Attribute 'class' of object '' is: ' '

2022-01-15 11:00:38 - [MESSAGE][PASSED] - Attribute 'class' of object '' is: ' '

2022-01-15 11:00:38 - [MESSAGE][PASSED] - Attribute 'class' of object '' is: ' '

2022-01-15 11:00:38 - [MESSAGE][PASSED] - Attribute 'class' of object '' is: ' '

2022-01-15 11:00:38 - [MESSAGE][PASSED] - Attribute 'class' of object '' is: ' '

2022-01-15 11:00:38 - [MESSAGE][PASSED] - Attribute 'class' of object '' is: ' '

2022-01-15 11:00:38 - [MESSAGE][PASSED] - Attribute 'class' of object '' is: ' '

2022-01-15 11:00:38 - [MESSAGE][PASSED] - Attribute 'class' of object '' is: ' '

2022-01-15 11:00:38 - [MESSAGE][PASSED] - Attribute 'class' of object '' is: ' '

2022-01-15 11:00:38 - [MESSAGE][PASSED] - Attribute 'class' of object '' is: ' '

2022-01-15 11:00:38 - [MESSAGE][PASSED] - Attribute 'class' of object '' is: ' '

2022-01-15 11:00:38 - [MESSAGE][PASSED] - Attribute 'class' of object '' is: ' '

2022-01-15 11:00:38 - [MESSAGE][PASSED] - Attribute 'class' of object '' is: ' '

2022-01-15 11:00:38 - [MESSAGE][PASSED] - Attribute 'class' of object '' is: ' '

2022-01-15 11:00:38 - [MESSAGE][PASSED] - Attribute 'class' of object '' is: ' '

2022-01-15 11:00:38 - [MESSAGE][PASSED] - Attribute 'class' of object '' is: ' '

2022-01-15 11:00:38 - [MESSAGE][PASSED] - Attribute 'class' of object '' is: ' '

2022-01-15 11:00:38 - [MESSAGE][PASSED] - Attribute 'class' of object '' is: ' '

2022-01-15 11:00:38 - [MESSAGE][PASSED] - Attribute 'class' of object '' is: ' '

2022-01-15 11:00:38 - [MESSAGE][PASSED] - Attribute 'class' of object '' is: ' '

2022-01-15 11:00:38 - [MESSAGE][PASSED] - Attribute 'class' of object '' is: ' '

2022-01-15 11:00:38 - [MESSAGE][PASSED] - Attribute 'class' of object '' is: ' '

2022-01-15 11:00:38 - [MESSAGE][PASSED] - Attribute 'class' of object '' is: ' '

2022-01-15 11:00:38 - [MESSAGE][PASSED] - Attribute 'class' of object '' is: ' '

2022-01-15 11:00:38 - [MESSAGE][PASSED] - Attribute 'class' of object '' is: ' '

2022-01-15 11:00:38 - [MESSAGE][PASSED] - Attribute 'class' of object '' is: ' '

2022-01-15 11:00:38 - [MESSAGE][PASSED] - Attribute 'class' of object '' is: ' '

2022-01-15 11:00:38 - [MESSAGE][PASSED] - Attribute 'class' of object '' is: ' '

2022-01-15 11:00:38 - [MESSAGE][PASSED] - Attribute 'class' of object '' is: ' '

2022-01-15 11:00:38 - [MESSAGE][PASSED] - Attribute 'class' of object '' is: ' '

2022-01-15 11:00:38 - [MESSAGE][PASSED] - Attribute 'class' of object '' is: ' '

2022-01-15 11:00:38 - [MESSAGE][PASSED] - Attribute 'class' of object '' is: ' '

2022-01-15 11:00:38 - [MESSAGE][PASSED] - Attribute 'class' of object '' is: ' '

2022-01-15 11:00:38 - [MESSAGE][PASSED] - Attribute 'class' of object '' is: ' '

2022-01-15 11:00:38 - [MESSAGE][PASSED] - Attribute 'class' of object '' is: ' '

2022-01-15 11:00:38 - [MESSAGE][PASSED] - Attribute 'class' of object '' is: ' '

2022-01-15 11:00:38 - [MESSAGE][PASSED] - Attribute 'class' of object '' is: ' '

2022-01-15 11:00:38 - [MESSAGE][PASSED] - Attribute 'class' of object '' is: ' '

2022-01-15 11:00:38 - [MESSAGE][PASSED] - Attribute 'class' of object '' is: ' '

2022-01-15 11:00:38 - [MESSAGE][PASSED] - Attribute 'class' of object '' is: ' '

2022-01-15 11:00:38 - [MESSAGE][PASSED] - Attribute 'class' of object '' is: ' '

2022-01-15 11:00:38 - [MESSAGE][PASSED] - Attribute 'class' of object '' is: ' '

2022-01-15 11:00:38 - [MESSAGE][PASSED] - Attribute 'class' of object '' is: ' '

2022-01-15 11:00:38 - [MESSAGE][PASSED] - Attribute 'class' of object '' is: ' '

2022-01-15 11:00:38 - [MESSAGE][PASSED] - Attribute 'class' of object '' is: ' '

2022-01-15 11:00:38 - [MESSAGE][PASSED] - Attribute 'class' of object '' is: ' '

2022-01-15 11:00:38 - [MESSAGE][PASSED] - Attribute 'class' of object '' is: ' '

2022-01-15 11:00:39 - [MESSAGE][PASSED] - Attribute 'class' of object '' is: ' '

2022-01-15 11:00:39 - [MESSAGE][PASSED] - Attribute 'class' of object '' is: ' '

2022-01-15 11:00:39 - [MESSAGE][PASSED] - Attribute 'class' of object '' is: ' '

2022-01-15 11:00:39 - [MESSAGE][PASSED] - Attribute 'class' of object '' is: ' '

2022-01-15 11:00:39 - [MESSAGE][PASSED] - Attribute 'class' of object '' is: ' '

2022-01-15 11:00:39 - [MESSAGE][PASSED] - Attribute 'class' of object '' is: ' '

2022-01-15 11:00:39 - [MESSAGE][PASSED] - Attribute 'class' of object '' is: ' '

2022-01-15 11:00:39 - [MESSAGE][PASSED] - Attribute 'class' of object '' is: ' '

2022-01-15 11:00:39 - [MESSAGE][PASSED] - Attribute 'class' of object '' is: ' '

2022-01-15 11:00:39 - [MESSAGE][PASSED] - Attribute 'class' of object '' is: ' '

2022-01-15 11:00:39 - [MESSAGE][PASSED] - Attribute 'class' of object '' is: ' '

2022-01-15 11:00:39 - [MESSAGE][PASSED] - Attribute 'class' of object '' is: ' '

2022-01-15 11:00:39 - [MESSAGE][PASSED] - Attribute 'class' of object '' is: ' '

2022-01-15 11:00:39 - [MESSAGE][PASSED] - Attribute 'class' of object '' is: ' '

2022-01-15 11:00:39 - [MESSAGE][PASSED] - Attribute 'class' of object '' is: ' '

2022-01-15 11:00:39 - [MESSAGE][PASSED] - Attribute 'class' of object '' is: ' '

2022-01-15 11:00:39 - [MESSAGE][PASSED] - Attribute 'class' of object '' is: ' '

2022-01-15 11:00:39 - [MESSAGE][PASSED] - Attribute 'class' of object '' is: ' '

2022-01-15 11:00:39 - [MESSAGE][PASSED] - Attribute 'class' of object '' is: ' '

2022-01-15 11:00:39 - [MESSAGE][PASSED] - Attribute 'class' of object '' is: ' '

2022-01-15 11:00:39 - [MESSAGE][PASSED] - Attribute 'class' of object '' is: ' '

2022-01-15 11:00:39 - [MESSAGE][PASSED] - Attribute 'class' of object '' is: ' '

2022-01-15 11:00:39 - [MESSAGE][PASSED] - Attribute 'class' of object '' is: ' '

2022-01-15 11:00:39 - [MESSAGE][PASSED] - Attribute 'class' of object '' is: ' '

2022-01-15 11:00:39 - [MESSAGE][PASSED] - Attribute 'class' of object '' is: ' '

2022-01-15 11:00:39 - [MESSAGE][PASSED] - Attribute 'class' of object '' is: ' '

2022-01-15 11:00:39 - [MESSAGE][PASSED] - Attribute 'class' of object '' is: ' '

2022-01-15 11:00:39 - [MESSAGE][PASSED] - Attribute 'class' of object '' is: ' '

2022-01-15 11:00:39 - [MESSAGE][PASSED] - Attribute 'class' of object '' is: ' '

2022-01-15 11:00:39 - [MESSAGE][PASSED] - Attribute 'class' of object '' is: ' '

2022-01-15 11:00:39 - [MESSAGE][PASSED] - Attribute 'class' of object '' is: ' '

2022-01-15 11:00:39 - [MESSAGE][PASSED] - Attribute 'class' of object '' is: ' '

2022-01-15 11:00:39 - [MESSAGE][PASSED] - Attribute 'class' of object '' is: ' '

2022-01-15 11:00:39 - [MESSAGE][PASSED] - Attribute 'class' of object '' is: ' '

2022-01-15 11:00:39 - [MESSAGE][PASSED] - Attribute 'class' of object '' is: ' '

2022-01-15 11:00:39 - [MESSAGE][PASSED] - Attribute 'class' of object '' is: ' '

2022-01-15 11:00:39 - [MESSAGE][PASSED] - Attribute 'class' of object '' is: ' '

2022-01-15 11:00:39 - [MESSAGE][PASSED] - Attribute 'class' of object '' is: ' '

2022-01-15 11:00:39 - [MESSAGE][PASSED] - Attribute 'class' of object '' is: ' '

2022-01-15 11:00:39 - [MESSAGE][PASSED] - Attribute 'class' of object '' is: ' '

2022-01-15 11:00:39 - [MESSAGE][PASSED] - Attribute 'class' of object '' is: ' '

2022-01-15 11:00:39 - [MESSAGE][PASSED] - Attribute 'class' of object '' is: ' '

2022-01-15 11:00:39 - [MESSAGE][PASSED] - Attribute 'class' of object '' is: ' '

2022-01-15 11:00:39 - [MESSAGE][PASSED] - Attribute 'class' of object '' is: ' '

2022-01-15 11:00:39 - [MESSAGE][PASSED] - Attribute 'class' of object '' is: ' '

2022-01-15 11:00:39 - [MESSAGE][PASSED] - Attribute 'class' of object '' is: ' '

2022-01-15 11:00:39 - [MESSAGE][PASSED] - Attribute 'class' of object '' is: ' '

2022-01-15 11:00:39 - [MESSAGE][PASSED] - Attribute 'class' of object '' is: ' '

2022-01-15 11:00:39 - [MESSAGE][PASSED] - Attribute 'class' of object '' is: ' '

2022-01-15 11:00:39 - [MESSAGE][PASSED] - Attribute 'class' of object '' is: ' '

2022-01-15 11:00:39 - [MESSAGE][PASSED] - Attribute 'class' of object '' is: ' '

2022-01-15 11:00:39 - [MESSAGE][PASSED] - Attribute 'class' of object '' is: ' '

2022-01-15 11:00:39 - [MESSAGE][PASSED] - Attribute 'class' of object '' is: ' '

2022-01-15 11:00:39 - [MESSAGE][PASSED] - Attribute 'class' of object '' is: ' '

2022-01-15 11:00:39 - [MESSAGE][PASSED] - Attribute 'class' of object '' is: ' '

2022-01-15 11:00:39 - [MESSAGE][PASSED] - Attribute 'class' of object '' is: ' '

2022-01-15 11:00:39 - [MESSAGE][PASSED] - Attribute 'class' of object '' is: ' '

2022-01-15 11:00:39 - [MESSAGE][PASSED] - Attribute 'class' of object '' is: ' '

2022-01-15 11:00:39 - [MESSAGE][PASSED] - Attribute 'class' of object '' is: ' '

2022-01-15 11:00:39 - [MESSAGE][PASSED] - Attribute 'class' of object '' is: ' '

2022-01-15 11:00:39 - [MESSAGE][PASSED] - Attribute 'class' of object '' is: ' '

2022-01-15 11:00:39 - [MESSAGE][PASSED] - Attribute 'class' of object '' is: ' '

2022-01-15 11:00:39 - [MESSAGE][PASSED] - Attribute 'class' of object '' is: ' '

2022-01-15 11:00:39 - [MESSAGE][PASSED] - Attribute 'class' of object '' is: ' '

2022-01-15 11:00:39 - [MESSAGE][PASSED] - Attribute 'class' of object '' is: ' '

2022-01-15 11:00:39 - [MESSAGE][PASSED] - Attribute 'class' of object '' is: ' '

2022-01-15 11:00:39 - [MESSAGE][PASSED] - Attribute 'class' of object '' is: ' '

2022-01-15 11:00:39 - [MESSAGE][PASSED] - Attribute 'class' of object '' is: ' '

2022-01-15 11:00:39 - [MESSAGE][PASSED] - Attribute 'class' of object '' is: ' '

2022-01-15 11:00:39 - [MESSAGE][PASSED] - Attribute 'class' of object '' is: ' '

2022-01-15 11:00:39 - [MESSAGE][PASSED] - Attribute 'class' of object '' is: ' '

2022-01-15 11:00:39 - [MESSAGE][PASSED] - Attribute 'class' of object '' is: ' '

2022-01-15 11:00:39 - [MESSAGE][PASSED] - Attribute 'class' of object '' is: ' '

2022-01-15 11:00:39 - [MESSAGE][PASSED] - Attribute 'class' of object '' is: ' '

2022-01-15 11:00:39 - [MESSAGE][PASSED] - Attribute 'class' of object '' is: ' '

2022-01-15 11:00:39 - [MESSAGE][PASSED] - Attribute 'class' of object '' is: ' '

2022-01-15 11:00:39 - [MESSAGE][PASSED] - Attribute 'class' of object '' is: ' '

2022-01-15 11:00:39 - [MESSAGE][PASSED] - Attribute 'class' of object '' is: ' '

2022-01-15 11:00:39 - [MESSAGE][PASSED] - Attribute 'class' of object '' is: ' '

2022-01-15 11:00:39 - [MESSAGE][PASSED] - Attribute 'class' of object '' is: ' '

2022-01-15 11:00:39 - [MESSAGE][PASSED] - Attribute 'class' of object '' is: ' '

2022-01-15 11:00:39 - [MESSAGE][PASSED] - Attribute 'class' of object '' is: ' '

2022-01-15 11:00:39 - [MESSAGE][PASSED] - Attribute 'class' of object '' is: ' '

2022-01-15 11:00:40 - [MESSAGE][PASSED] - Attribute 'class' of object '' is: ' '

2022-01-15 11:00:40 - [MESSAGE][PASSED] - Attribute 'class' of object '' is: ' '

2022-01-15 11:00:40 - [MESSAGE][PASSED] - Attribute 'class' of object '' is: ' '

2022-01-15 11:00:40 - [MESSAGE][PASSED] - Attribute 'class' of object '' is: ' '

2022-01-15 11:00:40 - [MESSAGE][PASSED] - Attribute 'class' of object '' is: ' '

2022-01-15 11:00:40 - [MESSAGE][PASSED] - Attribute 'class' of object '' is: ' '

2022-01-15 11:00:40 - [MESSAGE][PASSED] - Attribute 'class' of object '' is: ' '

2022-01-15 11:00:40 - [MESSAGE][PASSED] - Attribute 'class' of object '' is: ' '

2022-01-15 11:00:40 - [MESSAGE][PASSED] - Attribute 'class' of object '' is: ' '

2022-01-15 11:00:40 - [MESSAGE][PASSED] - Attribute 'class' of object '' is: ' '

2022-01-15 11:00:40 - [MESSAGE][PASSED] - Attribute 'class' of object '' is: ' '

2022-01-15 11:00:40 - [MESSAGE][PASSED] - Attribute 'class' of object '' is: ' '

2022-01-15 11:00:40 - [MESSAGE][PASSED] - Attribute 'class' of object '' is: ' '

2022-01-15 11:00:40 - [MESSAGE][PASSED] - Attribute 'class' of object '' is: ' '

2022-01-15 11:00:40 - [MESSAGE][PASSED] - Attribute 'class' of object '' is: ' '

2022-01-15 11:00:40 - [MESSAGE][PASSED] - Attribute 'class' of object '' is: ' '

2022-01-15 11:00:40 - [MESSAGE][PASSED] - Attribute 'class' of object '' is: ' '

2022-01-15 11:00:40 - [MESSAGE][PASSED] - Attribute 'class' of object '' is: ' '

2022-01-15 11:00:40 - [MESSAGE][PASSED] - Attribute 'class' of object '' is: ' '

2022-01-15 11:00:40 - [MESSAGE][PASSED] - Attribute 'class' of object '' is: ' '

2022-01-15 11:00:40 - [MESSAGE][PASSED] - Attribute 'class' of object '' is: ' '

2022-01-15 11:00:40 - [MESSAGE][PASSED] - Attribute 'class' of object '' is: ' '

2022-01-15 11:00:40 - [MESSAGE][PASSED] - Attribute 'class' of object '' is: ' '

2022-01-15 11:00:40 - [MESSAGE][PASSED] - Attribute 'class' of object '' is: ' '

2022-01-15 11:00:40 - [MESSAGE][PASSED] - Attribute 'class' of object '' is: ' '

2022-01-15 11:00:40 - [MESSAGE][PASSED] - Attribute 'class' of object '' is: ' '

2022-01-15 11:00:40 - [MESSAGE][PASSED] - Attribute 'class' of object '' is: ' '

2022-01-15 11:00:40 - [MESSAGE][PASSED] - Attribute 'class' of object '' is: ' '

2022-01-15 11:00:40 - [MESSAGE][PASSED] - Attribute 'class' of object '' is: ' '

2022-01-15 11:00:40 - [MESSAGE][PASSED] - Attribute 'class' of object '' is: ' '

2022-01-15 11:00:40 - [MESSAGE][PASSED] - Attribute 'class' of object '' is: ' '

2022-01-15 11:00:40 - [MESSAGE][PASSED] - Attribute 'class' of object '' is: ' '

2022-01-15 11:00:40 - [MESSAGE][PASSED] - Attribute 'class' of object '' is: ' '

2022-01-15 11:00:40 - [MESSAGE][PASSED] - Attribute 'class' of object '' is: ' '

2022-01-15 11:00:40 - [MESSAGE][PASSED] - Attribute 'class' of object '' is: ' '

2022-01-15 11:00:40 - [MESSAGE][PASSED] - Attribute 'class' of object '' is: ' '

2022-01-15 11:00:40 - [MESSAGE][PASSED] - Attribute 'class' of object '' is: ' '

2022-01-15 11:00:40 - [MESSAGE][PASSED] - Attribute 'class' of object '' is: ' '

2022-01-15 11:00:40 - [MESSAGE][PASSED] - Attribute 'class' of object '' is: ' '

2022-01-15 11:00:40 - [MESSAGE][PASSED] - Attribute 'class' of object '' is: ' '

2022-01-15 11:00:40 - [MESSAGE][PASSED] - Attribute 'class' of object '' is: ' '

2022-01-15 11:00:40 - [MESSAGE][PASSED] - Attribute 'class' of object '' is: ' '

2022-01-15 11:00:40 - [MESSAGE][PASSED] - Attribute 'class' of object '' is: ' '

2022-01-15 11:00:40 - [MESSAGE][PASSED] - Attribute 'class' of object '' is: ' '

2022-01-15 11:00:40 - [MESSAGE][PASSED] - Attribute 'class' of object '' is: ' '

2022-01-15 11:00:40 - [MESSAGE][PASSED] - Attribute 'class' of object '' is: ' '

2022-01-15 11:00:40 - [MESSAGE][PASSED] - Attribute 'class' of object '' is: ' '

2022-01-15 11:00:40 - [MESSAGE][PASSED] - Attribute 'class' of object '' is: ' '

2022-01-15 11:00:40 - [MESSAGE][PASSED] - Attribute 'class' of object '' is: ' '

2022-01-15 11:00:40 - [MESSAGE][PASSED] - Attribute 'class' of object '' is: ' '

2022-01-15 11:00:40 - [MESSAGE][PASSED] - Attribute 'class' of object '' is: ' '

2022-01-15 11:00:40 - [MESSAGE][PASSED] - Attribute 'class' of object '' is: ' '

2022-01-15 11:00:40 - [MESSAGE][PASSED] - Attribute 'class' of object '' is: ' '

2022-01-15 11:00:40 - [MESSAGE][PASSED] - Attribute 'class' of object '' is: ' '

2022-01-15 11:00:40 - [MESSAGE][PASSED] - Attribute 'class' of object '' is: ' '

2022-01-15 11:00:40 - [MESSAGE][PASSED] - Attribute 'class' of object '' is: ' '

2022-01-15 11:00:40 - [MESSAGE][PASSED] - Attribute 'class' of object '' is: ' '

2022-01-15 11:00:40 - [MESSAGE][PASSED] - Attribute 'class' of object '' is: ' '

2022-01-15 11:00:40 - [MESSAGE][PASSED] - Attribute 'class' of object '' is: ' '

2022-01-15 11:00:40 - [MESSAGE][PASSED] - Attribute 'class' of object '' is: ' '

2022-01-15 11:00:40 - [MESSAGE][PASSED] - Attribute 'class' of object '' is: ' '

2022-01-15 11:00:40 - [MESSAGE][PASSED] - Attribute 'class' of object '' is: ' '

2022-01-15 11:00:40 - [MESSAGE][PASSED] - Attribute 'class' of object '' is: ' '

2022-01-15 11:00:40 - [MESSAGE][PASSED] - Attribute 'class' of object '' is: ' '

2022-01-15 11:00:40 - [MESSAGE][PASSED] - Attribute 'class' of object '' is: ' '

2022-01-15 11:00:40 - [MESSAGE][PASSED] - Attribute 'class' of object '' is: ' '

2022-01-15 11:00:40 - [MESSAGE][PASSED] - Attribute 'class' of object '' is: ' '

2022-01-15 11:00:40 - [MESSAGE][PASSED] - Attribute 'class' of object '' is: ' '

2022-01-15 11:00:40 - [MESSAGE][PASSED] - Attribute 'class' of object '' is: ' '

2022-01-15 11:00:40 - [MESSAGE][PASSED] - Attribute 'class' of object '' is: ' '

2022-01-15 11:00:40 - [MESSAGE][PASSED] - Attribute 'class' of object '' is: ' '

2022-01-15 11:00:40 - [MESSAGE][PASSED] - Attribute 'class' of object '' is: ' '

2022-01-15 11:00:40 - [MESSAGE][PASSED] - Attribute 'class' of object '' is: ' '

2022-01-15 11:00:40 - [MESSAGE][PASSED] - Attribute 'class' of object '' is: ' '

2022-01-15 11:00:40 - [MESSAGE][PASSED] - Attribute 'class' of object '' is: ' '

2022-01-15 11:00:40 - [MESSAGE][PASSED] - Attribute 'class' of object '' is: ' '

2022-01-15 11:00:40 - [MESSAGE][PASSED] - Attribute 'class' of object '' is: ' '

2022-01-15 11:00:40 - [MESSAGE][PASSED] - Attribute 'class' of object '' is: ' '

2022-01-15 11:00:40 - [MESSAGE][PASSED] - Attribute 'class' of object '' is: ' '

2022-01-15 11:00:40 - [MESSAGE][PASSED] - Attribute 'class' of object '' is: ' '

2022-01-15 11:00:40 - [MESSAGE][PASSED] - Attribute 'class' of object '' is: ' '

2022-01-15 11:00:41 - [MESSAGE][PASSED] - Attribute 'class' of object '' is: ' '

2022-01-15 11:00:41 - [MESSAGE][PASSED] - Attribute 'class' of object '' is: ' '

2022-01-15 11:00:41 - [MESSAGE][PASSED] - Attribute 'class' of object '' is: ' '

2022-01-15 11:00:41 - [MESSAGE][PASSED] - Attribute 'class' of object '' is: ' '

2022-01-15 11:00:41 - [MESSAGE][PASSED] - Attribute 'class' of object '' is: ' '

2022-01-15 11:00:41 - [MESSAGE][PASSED] - Attribute 'class' of object '' is: ' '

2022-01-15 11:00:41 - [MESSAGE][PASSED] - Attribute 'class' of object '' is: ' '

2022-01-15 11:00:41 - [MESSAGE][PASSED] - Attribute 'class' of object '' is: ' '

2022-01-15 11:00:41 - [MESSAGE][PASSED] - Attribute 'class' of object '' is: ' '

2022-01-15 11:00:41 - [MESSAGE][PASSED] - Attribute 'class' of object '' is: ' '

2022-01-15 11:00:41 - [MESSAGE][PASSED] - Attribute 'class' of object '' is: ' '

2022-01-15 11:00:41 - [MESSAGE][PASSED] - Attribute 'class' of object '' is: ' '

2022-01-15 11:00:41 - [MESSAGE][PASSED] - Attribute 'class' of object '' is: ' '

2022-01-15 11:00:41 - [MESSAGE][PASSED] - Attribute 'class' of object '' is: ' '

2022-01-15 11:00:41 - [MESSAGE][PASSED] - Attribute 'class' of object '' is: ' '

2022-01-15 11:00:41 - [MESSAGE][PASSED] - Attribute 'class' of object '' is: ' '

2022-01-15 11:00:41 - [MESSAGE][PASSED] - Attribute 'class' of object '' is: ' '

2022-01-15 11:00:41 - [MESSAGE][PASSED] - Attribute 'class' of object '' is: ' '

2022-01-15 11:00:41 - [MESSAGE][PASSED] - Attribute 'class' of object '' is: ' '

2022-01-15 11:00:41 - [MESSAGE][PASSED] - Attribute 'class' of object '' is: ' '

2022-01-15 11:00:41 - [MESSAGE][PASSED] - Attribute 'class' of object '' is: ' '

2022-01-15 11:00:41 - [MESSAGE][PASSED] - Attribute 'class' of object '' is: ' '

2022-01-15 11:00:41 - [MESSAGE][PASSED] - Attribute 'class' of object '' is: ' '

2022-01-15 11:00:41 - [MESSAGE][PASSED] - Attribute 'class' of object '' is: ' '

2022-01-15 11:00:41 - [MESSAGE][PASSED] - Attribute 'class' of object '' is: ' '

2022-01-15 11:00:41 - [MESSAGE][PASSED] - Attribute 'class' of object '' is: ' '

2022-01-15 11:00:41 - [MESSAGE][PASSED] - Attribute 'class' of object '' is: ' '

2022-01-15 11:00:41 - [MESSAGE][PASSED] - Attribute 'class' of object '' is: ' '

2022-01-15 11:00:41 - [MESSAGE][PASSED] - Attribute 'class' of object '' is: ' '

2022-01-15 11:00:41 - [MESSAGE][PASSED] - Attribute 'class' of object '' is: ' '

2022-01-15 11:00:41 - [MESSAGE][PASSED] - Attribute 'class' of object '' is: ' '

2022-01-15 11:00:41 - [MESSAGE][PASSED] - Attribute 'class' of object '' is: ' '

2022-01-15 11:00:41 - [MESSAGE][PASSED] - Attribute 'class' of object '' is: ' '

2022-01-15 11:00:41 - [MESSAGE][PASSED] - Attribute 'class' of object '' is: ' '

2022-01-15 11:00:41 - [MESSAGE][PASSED] - Attribute 'class' of object '' is: ' '

2022-01-15 11:00:41 - [MESSAGE][PASSED] - Attribute 'class' of object '' is: ' '

2022-01-15 11:00:41 - [MESSAGE][PASSED] - Attribute 'class' of object '' is: ' '

2022-01-15 11:00:41 - [MESSAGE][PASSED] - Attribute 'class' of object '' is: ' '

2022-01-15 11:00:41 - [MESSAGE][PASSED] - Attribute 'class' of object '' is: ' '

2022-01-15 11:00:41 - [MESSAGE][PASSED] - Attribute 'class' of object '' is: ' '

2022-01-15 11:00:41 - [MESSAGE][PASSED] - Attribute 'class' of object '' is: ' '

2022-01-15 11:00:41 - [MESSAGE][PASSED] - Attribute 'class' of object '' is: ' '

2022-01-15 11:00:41 - [MESSAGE][PASSED] - Attribute 'class' of object '' is: ' '

2022-01-15 11:00:41 - [MESSAGE][PASSED] - Attribute 'class' of object '' is: ' '

2022-01-15 11:00:41 - [MESSAGE][PASSED] - Attribute 'class' of object '' is: ' '

2022-01-15 11:00:41 - [MESSAGE][PASSED] - Attribute 'class' of object '' is: ' '

2022-01-15 11:00:41 - [MESSAGE][PASSED] - Attribute 'class' of object '' is: ' '

2022-01-15 11:00:41 - [MESSAGE][PASSED] - Attribute 'class' of object '' is: ' '

2022-01-15 11:00:41 - [MESSAGE][PASSED] - Attribute 'class' of object '' is: ' '

2022-01-15 11:00:41 - [MESSAGE][PASSED] - Attribute 'class' of object '' is: ' '

2022-01-15 11:00:41 - [MESSAGE][PASSED] - Attribute 'class' of object '' is: ' '

2022-01-15 11:00:41 - [MESSAGE][PASSED] - Attribute 'class' of object '' is: ' '

2022-01-15 11:00:41 - [MESSAGE][PASSED] - Attribute 'class' of object '' is: ' '

2022-01-15 11:00:41 - [MESSAGE][PASSED] - Attribute 'class' of object '' is: ' '

2022-01-15 11:00:41 - [MESSAGE][PASSED] - Attribute 'class' of object '' is: ' '

2022-01-15 11:00:41 - [MESSAGE][PASSED] - Attribute 'class' of object '' is: ' '

2022-01-15 11:00:41 - [MESSAGE][PASSED] - Attribute 'class' of object '' is: ' '

2022-01-15 11:00:41 - [MESSAGE][PASSED] - Attribute 'class' of object '' is: ' '

2022-01-15 11:00:41 - [MESSAGE][PASSED] - Attribute 'class' of object '' is: ' '

2022-01-15 11:00:41 - [MESSAGE][PASSED] - Attribute 'class' of object '' is: ' '

2022-01-15 11:00:41 - [MESSAGE][PASSED] - Attribute 'class' of object '' is: ' '

2022-01-15 11:00:41 - [MESSAGE][PASSED] - Attribute 'class' of object '' is: ' '

2022-01-15 11:00:41 - [MESSAGE][PASSED] - Attribute 'class' of object '' is: ' '

2022-01-15 11:00:41 - [MESSAGE][PASSED] - Attribute 'class' of object '' is: ' '

2022-01-15 11:00:41 - [MESSAGE][PASSED] - Attribute 'class' of object '' is: ' '

2022-01-15 11:00:41 - [MESSAGE][PASSED] - Attribute 'class' of object '' is: ' '

2022-01-15 11:00:41 - [MESSAGE][PASSED] - Attribute 'class' of object '' is: ' '

2022-01-15 11:00:41 - [MESSAGE][PASSED] - Attribute 'class' of object '' is: ' '

2022-01-15 11:00:41 - [MESSAGE][PASSED] - Attribute 'class' of object '' is: ' '

2022-01-15 11:00:41 - [MESSAGE][PASSED] - Attribute 'class' of object '' is: ' '

2022-01-15 11:00:41 - [MESSAGE][PASSED] - Attribute 'class' of object '' is: ' '

2022-01-15 11:00:41 - [MESSAGE][PASSED] - Attribute 'class' of object '' is: ' '

2022-01-15 11:00:41 - [MESSAGE][PASSED] - Attribute 'class' of object '' is: ' '

2022-01-15 11:00:41 - [MESSAGE][PASSED] - Attribute 'class' of object '' is: ' '

2022-01-15 11:00:41 - [MESSAGE][PASSED] - Attribute 'class' of object '' is: ' '

2022-01-15 11:00:41 - [MESSAGE][PASSED] - Attribute 'class' of object '' is: ' '

2022-01-15 11:00:41 - [MESSAGE][PASSED] - Attribute 'class' of object '' is: ' '

2022-01-15 11:00:41 - [MESSAGE][PASSED] - Attribute 'class' of object '' is: ' '

2022-01-15 11:00:41 - [MESSAGE][PASSED] - Attribute 'class' of object '' is: ' '

2022-01-15 11:00:41 - [MESSAGE][PASSED] - Attribute 'class' of object '' is: ' '

2022-01-15 11:00:41 - [MESSAGE][PASSED] - Attribute 'class' of object '' is: ' '

2022-01-15 11:00:41 - [MESSAGE][PASSED] - Attribute 'class' of object '' is: ' '

2022-01-15 11:00:41 - [MESSAGE][PASSED] - Attribute 'class' of object '' is: ' '

2022-01-15 11:00:41 - [MESSAGE][PASSED] - Attribute 'class' of object '' is: ' '

2022-01-15 11:00:41 - [MESSAGE][PASSED] - Attribute 'class' of object '' is: ' '

2022-01-15 11:00:41 - [MESSAGE][PASSED] - Attribute 'class' of object '' is: ' '

2022-01-15 11:00:41 - [MESSAGE][PASSED] - Attribute 'class' of object '' is: ' '

2022-01-15 11:00:41 - [MESSAGE][PASSED] - Attribute 'class' of object '' is: ' '

2022-01-15 11:00:42 - [MESSAGE][PASSED] - Attribute 'class' of object '' is: ' '

2022-01-15 11:00:42 - [MESSAGE][PASSED] - Attribute 'class' of object '' is: ' '

2022-01-15 11:00:42 - [MESSAGE][PASSED] - Attribute 'class' of object '' is: ' '

2022-01-15 11:00:42 - [MESSAGE][PASSED] - Attribute 'class' of object '' is: ' '

2022-01-15 11:00:42 - [MESSAGE][PASSED] - Attribute 'class' of object '' is: ' '

2022-01-15 11:00:42 - [MESSAGE][PASSED] - Attribute 'class' of object '' is: ' '

2022-01-15 11:00:42 - [MESSAGE][PASSED] - Attribute 'class' of object '' is: ' '

2022-01-15 11:00:42 - [MESSAGE][PASSED] - Attribute 'class' of object '' is: ' '

2022-01-15 11:00:42 - [MESSAGE][PASSED] - Attribute 'class' of object '' is: ' '

2022-01-15 11:00:42 - [MESSAGE][PASSED] - Attribute 'class' of object '' is: ' '

2022-01-15 11:00:42 - [MESSAGE][PASSED] - Attribute 'class' of object '' is: ' '

2022-01-15 11:00:42 - [MESSAGE][PASSED] - Attribute 'class' of object '' is: ' '

2022-01-15 11:00:42 - [MESSAGE][PASSED] - Attribute 'class' of object '' is: ' '

2022-01-15 11:00:42 - [MESSAGE][PASSED] - Attribute 'class' of object '' is: ' '

2022-01-15 11:00:42 - [MESSAGE][PASSED] - Attribute 'class' of object '' is: ' '

2022-01-15 11:00:42 - [MESSAGE][PASSED] - Attribute 'class' of object '' is: ' '

2022-01-15 11:00:42 - [MESSAGE][PASSED] - Attribute 'class' of object '' is: ' '

2022-01-15 11:00:42 - [MESSAGE][PASSED] - Attribute 'class' of object '' is: ' '

2022-01-15 11:00:42 - [MESSAGE][PASSED] - Attribute 'class' of object '' is: ' '

2022-01-15 11:00:42 - [MESSAGE][PASSED] - Attribute 'class' of object '' is: ' '

2022-01-15 11:00:42 - [MESSAGE][PASSED] - Attribute 'class' of object '' is: ' '

2022-01-15 11:00:42 - [MESSAGE][PASSED] - Attribute 'class' of object '' is: ' '

2022-01-15 11:00:42 - [MESSAGE][PASSED] - Attribute 'class' of object '' is: ' '

2022-01-15 11:00:42 - [MESSAGE][PASSED] - Attribute 'class' of object '' is: ' '

2022-01-15 11:00:42 - [MESSAGE][PASSED] - Attribute 'class' of object '' is: ' '

2022-01-15 11:00:42 - [MESSAGE][PASSED] - Attribute 'class' of object '' is: ' '

2022-01-15 11:00:42 - [MESSAGE][PASSED] - Attribute 'class' of object '' is: ' '

2022-01-15 11:00:42 - [MESSAGE][PASSED] - Attribute 'class' of object '' is: ' '

2022-01-15 11:00:42 - [MESSAGE][PASSED] - Attribute 'class' of object '' is: ' '

2022-01-15 11:00:42 - [MESSAGE][PASSED] - Attribute 'class' of object '' is: ' '

2022-01-15 11:00:42 - [MESSAGE][PASSED] - Attribute 'class' of object '' is: ' '

2022-01-15 11:00:42 - [MESSAGE][PASSED] - Attribute 'class' of object '' is: ' '

2022-01-15 11:00:42 - [MESSAGE][PASSED] - Attribute 'class' of object '' is: ' '

2022-01-15 11:00:42 - [MESSAGE][PASSED] - Attribute 'class' of object '' is: ' '

2022-01-15 11:00:42 - [MESSAGE][PASSED] - Attribute 'class' of object '' is: ' '

2022-01-15 11:00:42 - [MESSAGE][PASSED] - Attribute 'class' of object '' is: ' '

2022-01-15 11:00:42 - [MESSAGE][PASSED] - Attribute 'class' of object '' is: ' '

2022-01-15 11:00:42 - [MESSAGE][PASSED] - Attribute 'class' of object '' is: ' '

2022-01-15 11:00:42 - [MESSAGE][PASSED] - Attribute 'class' of object '' is: ' '

2022-01-15 11:00:42 - [MESSAGE][PASSED] - Attribute 'class' of object '' is: ' '

2022-01-15 11:00:42 - [MESSAGE][PASSED] - Attribute 'class' of object '' is: ' '

2022-01-15 11:00:42 - [MESSAGE][PASSED] - Attribute 'class' of object '' is: ' '

2022-01-15 11:00:42 - [MESSAGE][PASSED] - Attribute 'class' of object '' is: ' '

2022-01-15 11:00:42 - [MESSAGE][PASSED] - Attribute 'class' of object '' is: ' '

2022-01-15 11:00:42 - [MESSAGE][PASSED] - Attribute 'class' of object '' is: ' '

2022-01-15 11:00:42 - [MESSAGE][PASSED] - Attribute 'class' of object '' is: ' '

2022-01-15 11:00:42 - [MESSAGE][PASSED] - Attribute 'class' of object '' is: ' '

2022-01-15 11:00:42 - [MESSAGE][PASSED] - Attribute 'class' of object '' is: ' '

2022-01-15 11:00:42 - [MESSAGE][PASSED] - Attribute 'class' of object '' is: ' '

2022-01-15 11:00:42 - [MESSAGE][PASSED] - Attribute 'class' of object '' is: ' '

2022-01-15 11:00:42 - [MESSAGE][PASSED] - Attribute 'class' of object '' is: ' '

2022-01-15 11:00:42 - [MESSAGE][PASSED] - Attribute 'class' of object '' is: ' '

2022-01-15 11:00:42 - [MESSAGE][PASSED] - Attribute 'class' of object '' is: ' '

2022-01-15 11:00:42 - [MESSAGE][PASSED] - Attribute 'class' of object '' is: ' '

2022-01-15 11:00:42 - [MESSAGE][PASSED] - Attribute 'class' of object '' is: ' '

2022-01-15 11:00:42 - [MESSAGE][PASSED] - Attribute 'class' of object '' is: ' '

2022-01-15 11:00:42 - [MESSAGE][PASSED] - Attribute 'class' of object '' is: ' '

2022-01-15 11:00:42 - [MESSAGE][PASSED] - Attribute 'class' of object '' is: ' '

2022-01-15 11:00:42 - [MESSAGE][PASSED] - Attribute 'class' of object '' is: ' '

2022-01-15 11:00:42 - [MESSAGE][PASSED] - Attribute 'class' of object '' is: ' '

2022-01-15 11:00:42 - [MESSAGE][PASSED] - Attribute 'class' of object '' is: ' '

2022-01-15 11:00:42 - [MESSAGE][PASSED] - Attribute 'class' of object '' is: ' '

2022-01-15 11:00:43 - [MESSAGE][PASSED] - Attribute 'class' of object '' is: ' '

2022-01-15 11:00:43 - [MESSAGE][PASSED] - Attribute 'class' of object '' is: ' '

2022-01-15 11:00:43 - [MESSAGE][PASSED] - Attribute 'class' of object '' is: ' '

2022-01-15 11:00:43 - [MESSAGE][PASSED] - Attribute 'class' of object '' is: ' '

2022-01-15 11:00:43 - [MESSAGE][PASSED] - Attribute 'class' of object '' is: ' '

2022-01-15 11:00:43 - [MESSAGE][PASSED] - Attribute 'class' of object '' is: ' '

2022-01-15 11:00:43 - [MESSAGE][PASSED] - Attribute 'class' of object '' is: ' '

2022-01-15 11:00:43 - [MESSAGE][PASSED] - Attribute 'class' of object '' is: ' '

2022-01-15 11:00:43 - [MESSAGE][PASSED] - Attribute 'class' of object '' is: ' '

2022-01-15 11:00:43 - [MESSAGE][PASSED] - Attribute 'class' of object '' is: ' '

2022-01-15 11:00:43 - [MESSAGE][PASSED] - Attribute 'class' of object '' is: ' '

2022-01-15 11:00:43 - [MESSAGE][PASSED] - Attribute 'class' of object '' is: ' '

2022-01-15 11:00:43 - [MESSAGE][PASSED] - Attribute 'class' of object '' is: ' '

2022-01-15 11:00:43 - [MESSAGE][PASSED] - Attribute 'class' of object '' is: ' '

2022-01-15 11:00:43 - [MESSAGE][PASSED] - Attribute 'class' of object '' is: ' '

2022-01-15 11:00:43 - [MESSAGE][PASSED] - Attribute 'class' of object '' is: ' '

2022-01-15 11:00:43 - [MESSAGE][PASSED] - Attribute 'class' of object '' is: ' '

2022-01-15 11:00:43 - [MESSAGE][PASSED] - Attribute 'class' of object '' is: ' '

2022-01-15 11:00:43 - [MESSAGE][PASSED] - Attribute 'class' of object '' is: ' '

2022-01-15 11:00:43 - [MESSAGE][PASSED] - Attribute 'class' of object '' is: ' '

2022-01-15 11:00:43 - [MESSAGE][PASSED] - Attribute 'class' of object '' is: ' '

2022-01-15 11:00:43 - [MESSAGE][PASSED] - Attribute 'class' of object '' is: ' '

2022-01-15 11:00:43 - [MESSAGE][PASSED] - Attribute 'class' of object '' is: ' '

2022-01-15 11:00:43 - [MESSAGE][PASSED] - Attribute 'class' of object '' is: ' '

2022-01-15 11:00:43 - [MESSAGE][PASSED] - Attribute 'class' of object '' is: ' '

2022-01-15 11:00:43 - [MESSAGE][PASSED] - Attribute 'class' of object '' is: ' '

2022-01-15 11:00:43 - [MESSAGE][PASSED] - Attribute 'class' of object '' is: ' '

2022-01-15 11:00:43 - [MESSAGE][PASSED] - Attribute 'class' of object '' is: ' '

2022-01-15 11:00:43 - [MESSAGE][PASSED] - Attribute 'class' of object '' is: ' '

2022-01-15 11:00:43 - [MESSAGE][PASSED] - Attribute 'class' of object '' is: ' '

2022-01-15 11:00:43 - [MESSAGE][PASSED] - Attribute 'class' of object '' is: ' '

2022-01-15 11:00:43 - [MESSAGE][PASSED] - Attribute 'class' of object '' is: ' '

2022-01-15 11:00:43 - [MESSAGE][PASSED] - Attribute 'class' of object '' is: ' '

2022-01-15 11:00:43 - [MESSAGE][PASSED] - Attribute 'class' of object '' is: ' '

2022-01-15 11:00:43 - [MESSAGE][PASSED] - Attribute 'class' of object '' is: ' '

2022-01-15 11:00:43 - [MESSAGE][PASSED] - Attribute 'class' of object '' is: ' '

2022-01-15 11:00:43 - [MESSAGE][PASSED] - Attribute 'class' of object '' is: ' '

2022-01-15 11:00:43 - [MESSAGE][PASSED] - Attribute 'class' of object '' is: ' '

2022-01-15 11:00:43 - [MESSAGE][PASSED] - Attribute 'class' of object '' is: ' '

2022-01-15 11:00:43 - [MESSAGE][PASSED] - Attribute 'class' of object '' is: ' '

2022-01-15 11:00:43 - [MESSAGE][PASSED] - Attribute 'class' of object '' is: ' '

2022-01-15 11:00:43 - [MESSAGE][PASSED] - Attribute 'class' of object '' is: ' '

2022-01-15 11:00:43 - [MESSAGE][PASSED] - Attribute 'class' of object '' is: ' '

2022-01-15 11:00:43 - [MESSAGE][PASSED] - Attribute 'class' of object '' is: ' '

2022-01-15 11:00:43 - [MESSAGE][PASSED] - Attribute 'class' of object '' is: ' '

2022-01-15 11:00:43 - [MESSAGE][PASSED] - Attribute 'class' of object '' is: ' '

2022-01-15 11:00:43 - [MESSAGE][PASSED] - Attribute 'class' of object '' is: ' '

2022-01-15 11:00:43 - [MESSAGE][PASSED] - Attribute 'class' of object '' is: ' '

2022-01-15 11:00:43 - [MESSAGE][PASSED] - Attribute 'class' of object '' is: ' '

2022-01-15 11:00:43 - [MESSAGE][PASSED] - Attribute 'class' of object '' is: ' '

2022-01-15 11:00:43 - [MESSAGE][PASSED] - Attribute 'class' of object '' is: ' '

2022-01-15 11:00:43 - [MESSAGE][PASSED] - Attribute 'class' of object '' is: ' '

2022-01-15 11:00:43 - [MESSAGE][PASSED] - Attribute 'class' of object '' is: ' '

2022-01-15 11:00:43 - [MESSAGE][PASSED] - Attribute 'class' of object '' is: ' '

2022-01-15 11:00:43 - [MESSAGE][PASSED] - Attribute 'class' of object '' is: ' '

2022-01-15 11:00:43 - [MESSAGE][PASSED] - Attribute 'class' of object '' is: ' '

2022-01-15 11:00:43 - [MESSAGE][PASSED] - Attribute 'class' of object '' is: ' '

2022-01-15 11:00:43 - [MESSAGE][PASSED] - Attribute 'class' of object '' is: ' '

2022-01-15 11:00:43 - [MESSAGE][PASSED] - Attribute 'class' of object '' is: ' '

2022-01-15 11:00:43 - [MESSAGE][PASSED] - Attribute 'class' of object '' is: ' '

2022-01-15 11:00:43 - [MESSAGE][PASSED] - Attribute 'class' of object '' is: ' '

2022-01-15 11:00:43 - [MESSAGE][PASSED] - Attribute 'class' of object '' is: ' '

2022-01-15 11:00:43 - [MESSAGE][PASSED] - Attribute 'class' of object '' is: ' '

2022-01-15 11:00:43 - [MESSAGE][PASSED] - Attribute 'class' of object '' is: ' '

2022-01-15 11:00:43 - [MESSAGE][PASSED] - Attribute 'class' of object '' is: ' '

2022-01-15 11:00:43 - [MESSAGE][PASSED] - Attribute 'class' of object '' is: ' '

2022-01-15 11:00:43 - [MESSAGE][PASSED] - Attribute 'class' of object '' is: ' '

2022-01-15 11:00:43 - [TEST_STEP][PASSED] - SearchResultHelper.checkSearchPagePagination(): Get CSS 'color' value on 'Object Repository/Search Result/span_pagenationLeftArrow' successfully: 'rgba(220, 221, 222, 1)'.

2022-01-15 11:00:44 - [MESSAGE][PASSED] - Object 'Object Repository/Search Result/div.pagenationSection' is present

2022-01-15 11:00:44 - [MESSAGE][PASSED] - Get CSS 'background-color' value on 'Object Repository/Search Result/span_currentPagenation' successfully: 'rgba(82, 36, 127, 1)'.

2022-01-15 11:00:45 - [MESSAGE][PASSED] - Get CSS 'color' value on 'Object Repository/Search Result/span_currentPagenation' successfully: 'rgba(255, 255, 255, 1)'.

2022-01-15 11:00:45 - [MESSAGE][PASSED] - Attribute 'class' of object 'Object Repository/Search Result/span_pagenationLeftArrow' is: 'pagination-item pagination-navigation-item disabled'

2022-01-15 11:00:45 - [MESSAGE][PASSED] - Get CSS 'color' value on 'Object Repository/Search Result/span_pagenationLeftArrow' successfully: 'rgba(220, 221, 222, 1)'.

2022-01-15 11:00:45 - [TEST_STEP][PASSED] - SearchResultHelper.selectProductFilters(): Text of object 'Object Repository/Search Result/h2_productListHeading' is: 'RESULTS FOR "PLASTIC" (1)'

2022-01-15 11:00:46 - [MESSAGE][PASSED] - Object: 'Object Repository/Filter/a_packagingProduct' is clicked on

2022-01-15 11:00:47 - [MESSAGE][PASSED] - Web element with id: 'Object Repository/General/div_pagleLoader' located by 'By.cssSelector: div.page-overlay' is not present after '3' second(s)

2022-01-15 11:00:48 - [MESSAGE][PASSED] - Text of object 'Object Repository/Filter/li_packagingProduct' is: 'Packaging Products (58)'

2022-01-15 11:00:48 - [MESSAGE][PASSED] - Text of object 'Object Repository/Search Result/h2_productListHeading' is: 'RESULTS FOR "PLASTIC" (58)'

2022-01-15 11:00:49 - [MESSAGE][PASSED] - Attribute 'class' of object 'Object Repository/Filter/li_packagingProduct' is: 'selected '

2022-01-15 11:00:50 - [MESSAGE][PASSED] - Object: 'Object Repository/Filter/a_plasticBags' is clicked on

2022-01-15 11:00:52 - [MESSAGE][PASSED] - Web element with id: 'Object Repository/General/div_pagleLoader' located by 'By.cssSelector: div.page-overlay' is not present after '3' second(s)

2022-01-15 11:00:52 - [MESSAGE][PASSED] - Attribute 'class' of object 'Object Repository/Filter/li_plasticBags' is: 'selected '

2022-01-15 11:00:53 - [MESSAGE][PASSED] - Object: '' is clicked on

2022-01-15 11:00:54 - [MESSAGE][PASSED] - Attribute 'class' of object '' is: 'block-title'

2022-01-15 11:00:54 - [MESSAGE][PASSED] - Attribute 'class' of object '' is: 'block-content collapsed collapse in'

2022-01-15 11:00:54 - [MESSAGE][PASSED] - Object: 'Object Repository/Filter/a_greenColor' is clicked on

2022-01-15 11:00:55 - [MESSAGE][PASSED] - Web element with id: 'Object Repository/General/div_pagleLoader' located by 'By.cssSelector: div.page-overlay' is not present after '3' second(s)

2022-01-15 11:00:56 - [MESSAGE][PASSED] - Attribute 'class' of object 'Object Repository/Filter/li_greenColor' is: 'selected '

2022-01-15 11:00:56 - [MESSAGE][PASSED] - Text of object 'Object Repository/Filter/li_greenColor' is: 'Green (1)'

2022-01-15 11:00:57 - [MESSAGE][PASSED] - Text of object 'Object Repository/Search Result/h2_productListHeading' is: 'RESULTS FOR "PLASTIC" (1)'

2022-01-15 11:00:57 - [TEST_STEP][PASSED] - SearchResultPageActions.NavigateToProductDetailsPage(): Object: 'Object Repository/Product details/a_productItem' is clicked on

2022-01-15 11:00:58 - [MESSAGE][PASSED] - Attribute 'href' of object 'Object Repository/Search Result/a_productItemLink' is: 'https://www.cleanersupply.com/Bags/Plastic-Bags/Comforter/comforterblanket-bags-12pack/'

2022-01-15 11:00:58 - [MESSAGE][PASSED] - Text of object 'Object Repository/Search Result/h2_productName' is: 'COMFORTER/BLANKET BAGS - 12/PACK'

2022-01-15 11:00:58 - [MESSAGE][PASSED] - Text of object 'Object Repository/Search Result/div_priceRange' is: '$6.50 - $14.88
List $9.72 - $18.96'

2022-01-15 11:00:59 - [MESSAGE][PASSED] - Text of object 'Object Repository/Search Result/span_availability' is: 'Available in 5 colors'

2022-01-15 11:01:09 - [MESSAGE][PASSED] - Object: 'Object Repository/Product details/a_productItem' is clicked on

2022-01-15 11:01:09 - [TEST_STEP][PASSED] - ProductDetailsHelpers.initProductDetailsPage(): Object 'Object Repository/Product details/button_addToCart' is NOT visible

2022-01-15 11:01:09 - [MESSAGE][PASSED] - Current window's url is: 'https://www.cleanersupply.com/Bags/Plastic-Bags/Comforter/comforterblanket-bags-12pack/?sku=COMF3BK'

2022-01-15 11:01:12 - [MESSAGE][PASSED] - Text of object 'Object Repository/Product details/ul_breadcrumb' is: 'Bags Plastic Bags Comforter'

2022-01-15 11:01:13 - [MESSAGE][PASSED] - Attribute 'class' of object '' is: 'xlarge option-box selected'

2022-01-15 11:01:13 - [MESSAGE][PASSED] - Get CSS 'background-color' value on '' successfully: 'rgba(65, 64, 66, 1)'.

2022-01-15 11:01:14 - [MESSAGE][PASSED] - Get CSS 'color' value on '' successfully: 'rgba(255, 255, 255, 1)'.

2022-01-15 11:01:14 - [MESSAGE][PASSED] - Text of object 'Object Repository/Product details/div_stockNotifcations' is: 'Currently Unavailable.'

2022-01-15 11:01:14 - [MESSAGE][PASSED] - Get CSS 'color' value on 'Object Repository/Product details/div_stockNotifcations' successfully: 'rgba(237, 28, 36, 1)'.

2022-01-15 11:01:15 - [MESSAGE][PASSED] - Text of object 'Object Repository/Product details/span_skuNumber' is: 'COMF3BK'

2022-01-15 11:01:15 - [MESSAGE][PASSED] - Object 'Object Repository/Product details/h1_productName' is present

2022-01-15 11:01:16 - [MESSAGE][PASSED] - Text of object 'Object Repository/Product details/h1_productName' is: 'X-SMALL BLANKET BAG W/NON-WOVEN SIDES - 15" X 18" X 3" - 12/PACK - BLACK'

2022-01-15 11:01:16 - [MESSAGE][PASSED] - Text of object 'Object Repository/Product details/span_productPrice' is: '$8.64'

2022-01-15 11:01:17 - [MESSAGE][PASSED] - Object 'Object Repository/Product details/a_blackColor' is present

2022-01-15 11:01:17 - [MESSAGE][PASSED] - Attribute 'class' of object 'Object Repository/Product details/a_blackColor' is: 'option-box selected'

2022-01-15 11:01:18 - [MESSAGE][PASSED] - Text of object 'Object Repository/Product details/span_selectedColor' is: 'BLACK'

2022-01-15 11:01:18 - [MESSAGE][PASSED] - Object 'Object Repository/Product details/i_favorite' is NOT visible

2022-01-15 11:01:18 - [MESSAGE][PASSED] - Object 'Object Repository/Product details/button_addToCart' is NOT visible

2022-01-15 11:01:18 - [TEST_STEP][PASSED] - ProductDetailsHelpers.hoverEffectAndClickXLargeSizeLink(): Get CSS 'background-color' value on 'Object Repository/Product details/button_addToCart' successfully: 'rgba(82, 36, 127, 1)'.

2022-01-15 11:01:19 - [MESSAGE][PASSED] - Object: 'Object Repository/Product details/a_xLargeLink' is hovered

2022-01-15 11:01:19 - [MESSAGE][PASSED] - Get CSS 'background-color' value on 'Object Repository/Product details/a_xLargeLink' successfully: 'rgba(119, 120, 123, 1)'.

2022-01-15 11:01:20 - [MESSAGE][PASSED] - Get CSS 'color' value on 'Object Repository/Product details/a_xLargeLink' successfully: 'rgba(255, 255, 255, 1)'.

2022-01-15 11:01:20 - [MESSAGE][PASSED] - Object: 'Object Repository/Product details/a_xLargeLink' is clicked on

2022-01-15 11:01:21 - [MESSAGE][PASSED] - Object 'Object Repository/Product details/h1_productName' is present

2022-01-15 11:01:22 - [MESSAGE][PASSED] - Text of object 'Object Repository/Product details/h1_productName' is: 'X-LARGE COMFORTER BAG W/NON-WOVEN SIDES - 26" X 29" X 10" - 12/PACK - BLACK'

2022-01-15 11:01:22 - [MESSAGE][PASSED] - Attribute 'class' of object '' is: 'xlarge option-box selected'

2022-01-15 11:01:22 - [MESSAGE][PASSED] - Get CSS 'background-color' value on '' successfully: 'rgba(65, 64, 66, 1)'.

2022-01-15 11:01:23 - [MESSAGE][PASSED] - Get CSS 'color' value on '' successfully: 'rgba(255, 255, 255, 1)'.

2022-01-15 11:01:23 - [MESSAGE][PASSED] - Text of object 'Object Repository/Product details/div_stockNotifcations' is: 'In Stock!'

2022-01-15 11:01:23 - [MESSAGE][PASSED] - Get CSS 'color' value on 'Object Repository/Product details/div_stockNotifcations' successfully: 'rgba(0, 137, 63, 1)'.

2022-01-15 11:01:24 - [MESSAGE][PASSED] - Text of object 'Object Repository/Product details/span_skuNumber' is: 'COMF26BK'

2022-01-15 11:01:24 - [MESSAGE][PASSED] - Current window's url is: 'https://www.cleanersupply.com/Bags/Plastic-Bags/Comforter/comforterblanket-bags-12pack/?sku=COMF26BK'

2022-01-15 11:01:24 - [MESSAGE][PASSED] - Text of object 'Object Repository/Product details/span_productSpecSize' is: '26" L x 29" H x 10" W'

2022-01-15 11:01:25 - [MESSAGE][PASSED] - Keys 'BACK_SPACE + 5' sent to object: 'Object Repository/Product details/input_productQuantity'

2022-01-15 11:01:26 - [MESSAGE][PASSED] - Attribute 'value' of object 'Object Repository/Product details/input_productQuantity' is: '5'

2022-01-15 11:01:26 - [MESSAGE][PASSED] - Text of object 'Object Repository/Product details/span_productPrice' is: '$14.88'

2022-01-15 11:01:27 - [MESSAGE][PASSED] - Object 'Object Repository/Product details/i_favorite' is visible

2022-01-15 11:01:28 - [MESSAGE][PASSED] - Object 'Object Repository/Product details/button_addToCart' is visible

2022-01-15 11:01:28 - [MESSAGE][PASSED] - Get CSS 'background-color' value on 'Object Repository/Product details/button_addToCart' successfully: 'rgba(82, 36, 127, 1)'.

2022-01-15 11:01:28 - [TEST_STEP][PASSED] - ProductDetailsHelpers.selectGreenColor(): Current window's url is: 'https://www.cleanersupply.com/Bags/Plastic-Bags/Comforter/comforterblanket-bags-12pack/?sku=COMF26GN'

2022-01-15 11:01:29 - [MESSAGE][PASSED] - Object: 'Object Repository/Product details/a_greenColor' is clicked on

2022-01-15 11:01:30 - [MESSAGE][PASSED] - Object 'Object Repository/Product details/a_greenColor' is present

2022-01-15 11:01:30 - [MESSAGE][PASSED] - Attribute 'class' of object 'Object Repository/Product details/a_greenColor' is: 'option-box selected'

2022-01-15 11:01:30 - [MESSAGE][PASSED] - Text of object 'Object Repository/Product details/span_selectedColor' is: 'GREEN'

2022-01-15 11:01:31 - [MESSAGE][PASSED] - Object 'Object Repository/Product details/h1_productName' is present

2022-01-15 11:01:31 - [MESSAGE][PASSED] - Text of object 'Object Repository/Product details/h1_productName' is: 'X-LARGE COMFORTER BAG W/NON-WOVEN SIDES - 26" X 29" X 10" - 12/PACK - GREEN'

2022-01-15 11:01:31 - [MESSAGE][PASSED] - Text of object 'Object Repository/Product details/span_skuNumber' is: 'COMF26GN'

2022-01-15 11:01:31 - [MESSAGE][PASSED] - Current window's url is: 'https://www.cleanersupply.com/Bags/Plastic-Bags/Comforter/comforterblanket-bags-12pack/?sku=COMF26GN'

2022-01-15 11:01:31 - [TEST_STEP][PASSED] - ProductDetailsHelpers.addProductToCart(): Object: 'Object Repository/Product details/button_addToCart' is clicked on

2022-01-15 11:01:32 - [MESSAGE][PASSED] - Object: 'Object Repository/Product details/div_addToCartContainer' is hovered

2022-01-15 11:01:32 - [MESSAGE][PASSED] - Get CSS 'box-shadow' value on 'Object Repository/Product details/div_addToCartContainer' successfully: 'rgba(0, 0, 0, 0.3) 0px 0px 10px 2px'.

2022-01-15 11:01:33 - [MESSAGE][PASSED] - Text of object 'Object Repository/Product details/h1_productName' is: 'X-LARGE COMFORTER BAG W/NON-WOVEN SIDES - 26" X 29" X 10" - 12/PACK - GREEN'

2022-01-15 11:01:33 - [MESSAGE][PASSED] - Attribute 'value' of object 'Object Repository/Product details/input_productQuantity' is: '5'

2022-01-15 11:01:33 - [MESSAGE][PASSED] - Text of object 'Object Repository/Product details/span_skuNumber' is: 'COMF26GN'

2022-01-15 11:01:34 - [MESSAGE][PASSED] - Text of object 'Object Repository/Product details/span_productPrice' is: '$14.52'

2022-01-15 11:01:34 - [MESSAGE][PASSED] - Object: 'Object Repository/Product details/button_addToCart' is clicked on

2022-01-15 11:01:34 - [TEST_STEP][PASSED] - MiniCartHelpers.hoverOnMiniCartHeader(): Text of object 'Object Repository/Mini Cart/span_cartCounterPadge' is: '1'

2022-01-15 11:01:36 - [MESSAGE][PASSED] - Object: 'Object Repository/Mini Cart/a_miniCartLink' is hovered

2022-01-15 11:01:36 - [MESSAGE][PASSED] - Get CSS 'background-color' value on 'Object Repository/Mini Cart/a_miniCartLink' successfully: 'rgba(255, 255, 255, 1)'.

2022-01-15 11:01:36 - [MESSAGE][PASSED] - Get CSS 'color' value on 'Object Repository/Mini Cart/a_miniCartLink' successfully: 'rgba(82, 36, 127, 1)'.

2022-01-15 11:01:38 - [MESSAGE][PASSED] - Text of object 'Object Repository/Mini Cart/span_miniCartSubTotal' is: '$72.60'

2022-01-15 11:01:39 - [MESSAGE][PASSED] - Text of object 'Object Repository/Mini Cart/span_cartCounterPadge' is: '1'

2022-01-15 11:01:40 - [TEST_STEP][PASSED] - ProductDetailsHelpers.hoverEffectAndClickLargeSizeLink(): Get CSS 'background-color' value on 'Object Repository/Product details/button_addToCart' successfully: 'rgba(82, 36, 127, 1)'.

2022-01-15 11:01:40 - [MESSAGE][PASSED] - Object: 'Object Repository/Product details/a_largeLink' is hovered

2022-01-15 11:01:41 - [MESSAGE][PASSED] - Object: 'Object Repository/Product details/a_largeLink' is clicked on

2022-01-15 11:01:42 - [MESSAGE][PASSED] - Attribute 'class' of object '' is: 'xlarge option-box selected'

2022-01-15 11:01:42 - [MESSAGE][PASSED] - Get CSS 'background-color' value on '' successfully: 'rgba(65, 64, 66, 1)'.

2022-01-15 11:01:42 - [MESSAGE][PASSED] - Get CSS 'color' value on '' successfully: 'rgba(255, 255, 255, 1)'.

2022-01-15 11:01:43 - [MESSAGE][PASSED] - Object 'Object Repository/Product details/h1_productName' is present

2022-01-15 11:01:43 - [MESSAGE][PASSED] - Text of object 'Object Repository/Product details/h1_productName' is: 'LARGE COMFORTER BAG W/NON-WOVEN SIDES - 24" X 27" X 8" - 12/PACK - GREEN'

2022-01-15 11:01:43 - [MESSAGE][PASSED] - Text of object 'Object Repository/Product details/span_skuNumber' is: 'COMF24GN'

2022-01-15 11:01:43 - [MESSAGE][PASSED] - Current window's url is: 'https://www.cleanersupply.com/Bags/Plastic-Bags/Comforter/comforterblanket-bags-12pack/?sku=COMF24GN'

2022-01-15 11:01:44 - [MESSAGE][PASSED] - Text of object 'Object Repository/Product details/span_productSpecSize' is: '24" L x 27" H x 8" W'

2022-01-15 11:01:45 - [MESSAGE][PASSED] - Keys 'BACK_SPACE + 4' sent to object: 'Object Repository/Product details/input_productQuantity'

2022-01-15 11:01:45 - [MESSAGE][PASSED] - Attribute 'value' of object 'Object Repository/Product details/input_productQuantity' is: '4'

2022-01-15 11:01:46 - [MESSAGE][PASSED] - Text of object 'Object Repository/Product details/span_productPrice' is: '$13.56'

2022-01-15 11:01:47 - [MESSAGE][PASSED] - Object 'Object Repository/Product details/i_favorite' is visible

2022-01-15 11:01:48 - [MESSAGE][PASSED] - Object 'Object Repository/Product details/button_addToCart' is visible

2022-01-15 11:01:48 - [MESSAGE][PASSED] - Get CSS 'background-color' value on 'Object Repository/Product details/button_addToCart' successfully: 'rgba(82, 36, 127, 1)'.

2022-01-15 11:01:48 - [TEST_STEP][PASSED] - ProductDetailsHelpers.selectRoyalBlueColor(): Current window's url is: 'https://www.cleanersupply.com/Bags/Plastic-Bags/Comforter/comforterblanket-bags-12pack/?sku=COMF24RO'

2022-01-15 11:01:49 - [MESSAGE][PASSED] - Object: 'Object Repository/Product details/a_royalBlueColor' is clicked on

2022-01-15 11:01:50 - [MESSAGE][PASSED] - Object 'Object Repository/Product details/a_royalBlueColor' is present

2022-01-15 11:01:51 - [MESSAGE][PASSED] - Attribute 'class' of object 'Object Repository/Product details/a_royalBlueColor' is: 'option-box selected'

2022-01-15 11:01:51 - [MESSAGE][PASSED] - Text of object 'Object Repository/Product details/span_selectedColor' is: 'ROYAL BLUE'

2022-01-15 11:01:51 - [MESSAGE][PASSED] - Object 'Object Repository/Product details/h1_productName' is present

2022-01-15 11:01:52 - [MESSAGE][PASSED] - Text of object 'Object Repository/Product details/h1_productName' is: 'LARGE COMFORTER BAG W/NON-WOVEN SIDES - 24" X 27" X 8" - 12/PACK - ROYAL BLUE'

2022-01-15 11:01:52 - [MESSAGE][PASSED] - Text of object 'Object Repository/Product details/span_skuNumber' is: 'COMF24RO'

2022-01-15 11:01:52 - [MESSAGE][PASSED] - Current window's url is: 'https://www.cleanersupply.com/Bags/Plastic-Bags/Comforter/comforterblanket-bags-12pack/?sku=COMF24RO'

2022-01-15 11:01:52 - [TEST_STEP][PASSED] - ProductDetailsHelpers.addProductToCart(): Object: 'Object Repository/Product details/button_addToCart' is clicked on

2022-01-15 11:01:53 - [MESSAGE][PASSED] - Object: 'Object Repository/Product details/div_addToCartContainer' is hovered

2022-01-15 11:01:53 - [MESSAGE][PASSED] - Get CSS 'box-shadow' value on 'Object Repository/Product details/div_addToCartContainer' successfully: 'rgba(0, 0, 0, 0.3) 0px 0px 10px 2px'.

2022-01-15 11:01:54 - [MESSAGE][PASSED] - Text of object 'Object Repository/Product details/h1_productName' is: 'LARGE COMFORTER BAG W/NON-WOVEN SIDES - 24" X 27" X 8" - 12/PACK - ROYAL BLUE'

2022-01-15 11:01:54 - [MESSAGE][PASSED] - Attribute 'value' of object 'Object Repository/Product details/input_productQuantity' is: '4'

2022-01-15 11:01:54 - [MESSAGE][PASSED] - Text of object 'Object Repository/Product details/span_skuNumber' is: 'COMF24RO'

2022-01-15 11:01:55 - [MESSAGE][PASSED] - Text of object 'Object Repository/Product details/span_productPrice' is: '$12.72'

2022-01-15 11:01:55 - [MESSAGE][PASSED] - Object: 'Object Repository/Product details/button_addToCart' is clicked on

2022-01-15 11:01:55 - [TEST_STEP][PASSED] - MiniCartHelpers.hoverOnMiniCartHeader(): Text of object 'Object Repository/Mini Cart/span_cartCounterPadge' is: '2'

2022-01-15 11:01:56 - [MESSAGE][PASSED] - Object: 'Object Repository/Mini Cart/a_miniCartLink' is hovered

2022-01-15 11:01:57 - [MESSAGE][PASSED] - Get CSS 'background-color' value on 'Object Repository/Mini Cart/a_miniCartLink' successfully: 'rgba(255, 255, 255, 1)'.

2022-01-15 11:01:57 - [MESSAGE][PASSED] - Get CSS 'color' value on 'Object Repository/Mini Cart/a_miniCartLink' successfully: 'rgba(82, 36, 127, 1)'.

2022-01-15 11:01:59 - [MESSAGE][PASSED] - Text of object 'Object Repository/Mini Cart/span_miniCartSubTotal' is: '$123.48'

2022-01-15 11:02:00 - [MESSAGE][PASSED] - Text of object 'Object Repository/Mini Cart/span_cartCounterPadge' is: '2'

2022-01-15 11:02:01 - [TEST_STEP][PASSED] - MiniCartActions.navigateToCartPage(): Object: 'Object Repository/Mini Cart/a_miniCartLink' is clicked on

2022-01-15 11:02:08 - [MESSAGE][PASSED] - Object: 'Object Repository/Mini Cart/a_miniCartLink' is clicked on

2022-01-15 11:02:08 - [TEST_STEP][PASSED] - ShoppingCartHelpers.navigateToCartPage(): Text of object 'Object Repository/Shopping Cart/td_summaryTotalSubTotal' is: '$123.48'

2022-01-15 11:02:16 - [MESSAGE][PASSED] - Text of object 'Object Repository/Mini Cart/span_cartCounterPadge' is: '2'

2022-01-15 11:02:16 - [MESSAGE][PASSED] - Text of object 'Object Repository/Shopping Cart/td_summaryTableItemCount' is: 'SUBTOTAL (2 ITEMS)'

2022-01-15 11:02:18 - [MESSAGE][PASSED] - Text of object 'Object Repository/Shopping Cart/td_summaryTableTotal' is: '$123.48'

2022-01-15 11:02:18 - [MESSAGE][PASSED] - Text of object 'Object Repository/Shopping Cart/td_summaryTotalSubTotal' is: '$123.48'

2022-01-15 11:02:19 - [TEST_STEP][PASSED] - ShoppingCartHelpers.updateQuantities(): Text of object 'Object Repository/Shopping Cart/td_summaryTotalSubTotal' is: '$108.96'

2022-01-15 11:02:21 - [MESSAGE][PASSED] - Attribute 'value' of object '' is: '4'

2022-01-15 11:02:21 - [MESSAGE][PASSED] - Attribute 'value' of object '' is: '4'

2022-01-15 11:02:22 - [MESSAGE][PASSED] - Object: 'Object Repository/Shopping Cart/td_summaryTableItemCount' is clicked on

2022-01-15 11:02:25 - [MESSAGE][PASSED] - Text of object 'Object Repository/Shopping Cart/td_summaryTableTotal' is: '$108.96'

2022-01-15 11:02:26 - [MESSAGE][PASSED] - Text of object 'Object Repository/Shopping Cart/td_summaryTotalSubTotal' is: '$108.96'

2022-01-15 11:02:26 - [TEST_STEP][PASSED] - ShoppingCartHelpers.navigateToCheckoutPage(): Object: 'Object Repository/Shopping Cart/button_proceedToCheckout' is clicked on

2022-01-15 11:02:26 - [MESSAGE][PASSED] - Object: 'Object Repository/Shopping Cart/a_shoppingCartProductTitle' is hovered

2022-01-15 11:02:27 - [MESSAGE][PASSED] - Get CSS 'background-color' value on 'Object Repository/Shopping Cart/button_proceedToCheckout' successfully: 'rgba(82, 36, 127, 1)'.

2022-01-15 11:02:27 - [MESSAGE][PASSED] - Get CSS 'color' value on 'Object Repository/Shopping Cart/button_proceedToCheckout' successfully: 'rgba(255, 255, 255, 1)'.

2022-01-15 11:02:28 - [MESSAGE][PASSED] - Object: 'Object Repository/Shopping Cart/button_proceedToCheckout' is hovered

2022-01-15 11:02:28 - [MESSAGE][PASSED] - Get CSS 'box-shadow' value on 'Object Repository/Shopping Cart/button_proceedToCheckout' successfully: 'rgba(0, 0, 0, 0.3) 0px 0px 10px 2px'.

2022-01-15 11:02:30 - [MESSAGE][PASSED] - Object: 'Object Repository/Shopping Cart/button_proceedToCheckout' is clicked on

2022-01-15 11:02:30 - [TEST_STEP][PASSED] - CheckoutPageHelpers.initCheckoutPage(): Unable to find the element located by 'By.xpath: '. Please recheck the objects properties to make sure the desired element is located. 

2022-01-15 11:02:31 - [MESSAGE][PASSED] - Text of object 'Object Repository/CheckOut/span_checkoutTitleTotal' is: '$108.96'

2022-01-15 11:02:32 - [MESSAGE][PASSED] - Text of object 'Object Repository/CheckOut/td_summaryTableTotal' is: '$108.96'

2022-01-15 11:02:32 - [MESSAGE][PASSED] - Text of object 'Object Repository/CheckOut/td_summaryTotalSubTotal' is: '$108.96'

2022-01-15 11:02:32 - [MESSAGE][PASSED] - Text of object 'Object Repository/CheckOut/label_checkoutAsGuest' is: 'Checkout as Guest'

2022-01-15 11:02:32 - [MESSAGE][PASSED] - Object 'Object Repository/CheckOut/input_checkoutAsGuestRadioButton' is checked

2022-01-15 11:02:35 - [MESSAGE][INFO] - Unable to find the element located by 'By.cssSelector: table.product-table tbody tr td.product-table__price'. Please recheck the objects properties to make sure the desired element is located. 

2022-01-15 11:02:35 - [MESSAGE][WARNING] - [SELF-HEALING] Failed to find element with id 'Object Repository/Shopping Cart/td_shoppingCartProductPrice'. Try using Self-healing.

2022-01-15 11:02:35 - [MESSAGE][WARNING] - [SELF-HEALING] Cannot find elements when the XPath is null.

2022-01-15 11:02:36 - [MESSAGE][INFO] - Unable to find the element located by 'By.xpath: '. Please recheck the objects properties to make sure the desired element is located. 

2022-01-15 11:02:38 - [MESSAGE][INFO] - Unable to find the element located by 'By.cssSelector: table.product-table tbody tr td.product-table__quantity input[name="quantity"]'. Please recheck the objects properties to make sure the desired element is located. 

2022-01-15 11:02:38 - [MESSAGE][WARNING] - [SELF-HEALING] Failed to find element with id 'Object Repository/Shopping Cart/input_shoppingCartProductQuantity'. Try using Self-healing.

2022-01-15 11:02:38 - [MESSAGE][WARNING] - [SELF-HEALING] Cannot find elements when the XPath is null.

2022-01-15 11:02:39 - [MESSAGE][INFO] - Unable to find the element located by 'By.xpath: '. Please recheck the objects properties to make sure the desired element is located. 

2022-01-15 11:02:41 - [MESSAGE][INFO] - Unable to find the element located by 'By.cssSelector: table.product-table tbody tr td.product-table__total'. Please recheck the objects properties to make sure the desired element is located. 

2022-01-15 11:02:41 - [MESSAGE][WARNING] - [SELF-HEALING] Failed to find element with id 'Object Repository/Shopping Cart/td_shoppingCartProductTotal'. Try using Self-healing.

2022-01-15 11:02:41 - [MESSAGE][WARNING] - [SELF-HEALING] Cannot find elements when the XPath is null.

2022-01-15 11:02:43 - [MESSAGE][INFO] - Unable to find the element located by 'By.xpath: '. Please recheck the objects properties to make sure the desired element is located. 

2022-01-15 11:02:45 - [TEST_STEP][PASSED] - CheckoutPageHelpers.navigateToCheckoutInformationForm(): Object: 'Object Repository/CheckOut/button_continueButton' is clicked on

2022-01-15 11:02:47 - [MESSAGE][PASSED] - Object: 'Object Repository/CheckOut/button_continueButton' is clicked on

2022-01-15 11:02:47 - [TEST_STEP][PASSED] - checkOutFormHelper.fillCheckOutForm(): Object: 'Object Repository/CheckOutForm/a_reviewOrder' is clicked on

2022-01-15 11:02:47 - [MESSAGE][PASSED] - Current window's title is: 'Checkout - Cleaner's Supply'

2022-01-15 11:02:47 - [MESSAGE][PASSED] - Current window's url is: 'https://www.cleanersupply.com/checkout/'

2022-01-15 11:02:48 - [MESSAGE][PASSED] - Text of object 'Object Repository/CheckOutForm/h1_checkOutHeader' is: 'CHECKOUT'

2022-01-15 11:02:48 - [MESSAGE][PASSED] - Object: 'Object Repository/CheckOutForm/input_company' is focused

2022-01-15 11:02:49 - [MESSAGE][PASSED] - Get CSS 'box-shadow' value on 'Object Repository/CheckOutForm/input_company' successfully: 'rgb(99, 99, 99) 0px -3px 0px 0px inset'.

2022-01-15 11:02:49 - [MESSAGE][PASSED] - Get CSS 'border-color' value on 'Object Repository/CheckOutForm/input_company' successfully: 'rgb(99, 99, 99)'.

2022-01-15 11:02:49 - [MESSAGE][PASSED] - Actual object 'rgb(99, 99, 99) 0px -3px 0px 0px inset' and expected object 'rgb(99, 99, 99) 0px -3px 0px 0px inset' are equal

2022-01-15 11:02:49 - [MESSAGE][PASSED] - Actual object 'rgb(99, 99, 99)' and expected object 'rgb(99, 99, 99)' are equal

2022-01-15 11:02:50 - [MESSAGE][PASSED] - Text 'testCompany' is set on object 'Object Repository/CheckOutForm/input_company'

2022-01-15 11:02:51 - [MESSAGE][PASSED] - Object: 'Object Repository/CheckOutForm/input_fname' is focused

2022-01-15 11:02:51 - [MESSAGE][PASSED] - Get CSS 'box-shadow' value on 'Object Repository/CheckOutForm/input_fname' successfully: 'rgb(99, 99, 99) 0px -3px 0px 0px inset'.

2022-01-15 11:02:51 - [MESSAGE][PASSED] - Get CSS 'border-color' value on 'Object Repository/CheckOutForm/input_fname' successfully: 'rgb(99, 99, 99)'.

2022-01-15 11:02:51 - [MESSAGE][PASSED] - Actual object 'rgb(99, 99, 99) 0px -3px 0px 0px inset' and expected object 'rgb(99, 99, 99) 0px -3px 0px 0px inset' are equal

2022-01-15 11:02:51 - [MESSAGE][PASSED] - Actual object 'rgb(99, 99, 99)' and expected object 'rgb(99, 99, 99)' are equal

2022-01-15 11:02:52 - [MESSAGE][PASSED] - Text 'FNameTest' is set on object 'Object Repository/CheckOutForm/input_fname'

2022-01-15 11:02:53 - [MESSAGE][PASSED] - Object: 'Object Repository/CheckOutForm/input_lNAme' is focused

2022-01-15 11:02:53 - [MESSAGE][PASSED] - Get CSS 'box-shadow' value on 'Object Repository/CheckOutForm/input_lNAme' successfully: 'rgb(99, 99, 99) 0px -3px 0px 0px inset'.

2022-01-15 11:02:53 - [MESSAGE][PASSED] - Get CSS 'border-color' value on 'Object Repository/CheckOutForm/input_lNAme' successfully: 'rgb(99, 99, 99)'.

2022-01-15 11:02:53 - [MESSAGE][PASSED] - Actual object 'rgb(99, 99, 99) 0px -3px 0px 0px inset' and expected object 'rgb(99, 99, 99) 0px -3px 0px 0px inset' are equal

2022-01-15 11:02:53 - [MESSAGE][PASSED] - Actual object 'rgb(99, 99, 99)' and expected object 'rgb(99, 99, 99)' are equal

2022-01-15 11:02:54 - [MESSAGE][PASSED] - Text 'lnameValueTest' is set on object 'Object Repository/CheckOutForm/input_lNAme'

2022-01-15 11:02:55 - [MESSAGE][PASSED] - Object: 'Object Repository/CheckOutForm/input_address' is focused

2022-01-15 11:02:55 - [MESSAGE][PASSED] - Get CSS 'box-shadow' value on 'Object Repository/CheckOutForm/input_address' successfully: 'rgb(99, 99, 99) 0px -3px 0px 0px inset'.

2022-01-15 11:02:56 - [MESSAGE][PASSED] - Get CSS 'border-color' value on 'Object Repository/CheckOutForm/input_address' successfully: 'rgb(99, 99, 99)'.

2022-01-15 11:02:56 - [MESSAGE][PASSED] - Actual object 'rgb(99, 99, 99) 0px -3px 0px 0px inset' and expected object 'rgb(99, 99, 99) 0px -3px 0px 0px inset' are equal

2022-01-15 11:02:56 - [MESSAGE][PASSED] - Actual object 'rgb(99, 99, 99)' and expected object 'rgb(99, 99, 99)' are equal

2022-01-15 11:02:57 - [MESSAGE][PASSED] - Text 'addres1Test' is set on object 'Object Repository/CheckOutForm/input_address'

2022-01-15 11:02:57 - [MESSAGE][PASSED] - Object: 'Object Repository/CheckOutForm/input_address2' is focused

2022-01-15 11:02:57 - [MESSAGE][PASSED] - Get CSS 'box-shadow' value on 'Object Repository/CheckOutForm/input_address2' successfully: 'rgb(99, 99, 99) 0px -3px 0px 0px inset'.

2022-01-15 11:02:58 - [MESSAGE][PASSED] - Get CSS 'border-color' value on 'Object Repository/CheckOutForm/input_address2' successfully: 'rgb(99, 99, 99)'.

2022-01-15 11:02:58 - [MESSAGE][PASSED] - Actual object 'rgb(99, 99, 99) 0px -3px 0px 0px inset' and expected object 'rgb(99, 99, 99) 0px -3px 0px 0px inset' are equal

2022-01-15 11:02:58 - [MESSAGE][PASSED] - Actual object 'rgb(99, 99, 99)' and expected object 'rgb(99, 99, 99)' are equal

2022-01-15 11:02:59 - [MESSAGE][PASSED] - Text 'address2 test' is set on object 'Object Repository/CheckOutForm/input_address2'

2022-01-15 11:02:59 - [MESSAGE][PASSED] - Object: 'Object Repository/CheckOutForm/input_zipCode' is focused

2022-01-15 11:03:00 - [MESSAGE][PASSED] - Get CSS 'box-shadow' value on 'Object Repository/CheckOutForm/input_zipCode' successfully: 'rgb(99, 99, 99) 0px -3px 0px 0px inset'.

2022-01-15 11:03:00 - [MESSAGE][PASSED] - Get CSS 'border-color' value on 'Object Repository/CheckOutForm/input_zipCode' successfully: 'rgb(99, 99, 99)'.

2022-01-15 11:03:00 - [MESSAGE][PASSED] - Actual object 'rgb(99, 99, 99) 0px -3px 0px 0px inset' and expected object 'rgb(99, 99, 99) 0px -3px 0px 0px inset' are equal

2022-01-15 11:03:00 - [MESSAGE][PASSED] - Actual object 'rgb(99, 99, 99)' and expected object 'rgb(99, 99, 99)' are equal

2022-01-15 11:03:01 - [MESSAGE][PASSED] - Text '55555' is set on object 'Object Repository/CheckOutForm/input_zipCode'

2022-01-15 11:03:01 - [MESSAGE][PASSED] - Object: 'Object Repository/CheckOutForm/input_city' is focused

2022-01-15 11:03:02 - [MESSAGE][PASSED] - Get CSS 'box-shadow' value on 'Object Repository/CheckOutForm/input_city' successfully: 'rgb(99, 99, 99) 0px -3px 0px 0px inset'.

2022-01-15 11:03:02 - [MESSAGE][PASSED] - Get CSS 'border-color' value on 'Object Repository/CheckOutForm/input_city' successfully: 'rgb(99, 99, 99)'.

2022-01-15 11:03:02 - [MESSAGE][PASSED] - Actual object 'rgb(99, 99, 99) 0px -3px 0px 0px inset' and expected object 'rgb(99, 99, 99) 0px -3px 0px 0px inset' are equal

2022-01-15 11:03:02 - [MESSAGE][PASSED] - Actual object 'rgb(99, 99, 99)' and expected object 'rgb(99, 99, 99)' are equal

2022-01-15 11:03:03 - [MESSAGE][PASSED] - Text 'Palestine' is set on object 'Object Repository/CheckOutForm/input_city'

2022-01-15 11:03:03 - [MESSAGE][PASSED] - Object: 'Object Repository/CheckOutForm/input_phoneNum' is focused

2022-01-15 11:03:04 - [MESSAGE][PASSED] - Get CSS 'box-shadow' value on 'Object Repository/CheckOutForm/input_phoneNum' successfully: 'rgb(99, 99, 99) 0px -3px 0px 0px inset'.

2022-01-15 11:03:04 - [MESSAGE][PASSED] - Get CSS 'border-color' value on 'Object Repository/CheckOutForm/input_phoneNum' successfully: 'rgb(99, 99, 99)'.

2022-01-15 11:03:04 - [MESSAGE][PASSED] - Actual object 'rgb(99, 99, 99) 0px -3px 0px 0px inset' and expected object 'rgb(99, 99, 99) 0px -3px 0px 0px inset' are equal

2022-01-15 11:03:04 - [MESSAGE][PASSED] - Actual object 'rgb(99, 99, 99)' and expected object 'rgb(99, 99, 99)' are equal

2022-01-15 11:03:05 - [MESSAGE][PASSED] - Text '541-143-1030' is set on object 'Object Repository/CheckOutForm/input_phoneNum'

2022-01-15 11:03:05 - [MESSAGE][PASSED] - Object: 'Object Repository/CheckOutForm/input_phoneExt' is focused

2022-01-15 11:03:06 - [MESSAGE][PASSED] - Get CSS 'box-shadow' value on 'Object Repository/CheckOutForm/input_phoneExt' successfully: 'rgb(99, 99, 99) 0px -3px 0px 0px inset'.

2022-01-15 11:03:06 - [MESSAGE][PASSED] - Get CSS 'border-color' value on 'Object Repository/CheckOutForm/input_phoneExt' successfully: 'rgb(99, 99, 99)'.

2022-01-15 11:03:06 - [MESSAGE][PASSED] - Actual object 'rgb(99, 99, 99) 0px -3px 0px 0px inset' and expected object 'rgb(99, 99, 99) 0px -3px 0px 0px inset' are equal

2022-01-15 11:03:06 - [MESSAGE][PASSED] - Actual object 'rgb(99, 99, 99)' and expected object 'rgb(99, 99, 99)' are equal

2022-01-15 11:03:06 - [MESSAGE][PASSED] - Text '1' is set on object 'Object Repository/CheckOutForm/input_phoneExt'

2022-01-15 11:03:07 - [MESSAGE][PASSED] - Object: 'Object Repository/CheckOutForm/input_phoneExt' is focused

2022-01-15 11:03:07 - [MESSAGE][PASSED] - Get CSS 'box-shadow' value on 'Object Repository/CheckOutForm/input_phoneExt' successfully: 'rgb(99, 99, 99) 0px -3px 0px 0px inset'.

2022-01-15 11:03:07 - [MESSAGE][PASSED] - Get CSS 'border-color' value on 'Object Repository/CheckOutForm/input_phoneExt' successfully: 'rgb(99, 99, 99)'.

2022-01-15 11:03:07 - [MESSAGE][PASSED] - Actual object 'rgb(99, 99, 99) 0px -3px 0px 0px inset' and expected object 'rgb(99, 99, 99) 0px -3px 0px 0px inset' are equal

2022-01-15 11:03:07 - [MESSAGE][PASSED] - Actual object 'rgb(99, 99, 99)' and expected object 'rgb(99, 99, 99)' are equal

2022-01-15 11:03:08 - [MESSAGE][PASSED] - Text '1' is set on object 'Object Repository/CheckOutForm/input_phoneExt'

2022-01-15 11:03:09 - [MESSAGE][PASSED] - Object: 'Object Repository/CheckOutForm/input_email' is focused

2022-01-15 11:03:09 - [MESSAGE][PASSED] - Get CSS 'box-shadow' value on 'Object Repository/CheckOutForm/input_email' successfully: 'rgb(99, 99, 99) 0px -3px 0px 0px inset'.

2022-01-15 11:03:10 - [MESSAGE][PASSED] - Get CSS 'border-color' value on 'Object Repository/CheckOutForm/input_email' successfully: 'rgb(99, 99, 99)'.

2022-01-15 11:03:10 - [MESSAGE][PASSED] - Actual object 'rgb(99, 99, 99) 0px -3px 0px 0px inset' and expected object 'rgb(99, 99, 99) 0px -3px 0px 0px inset' are equal

2022-01-15 11:03:10 - [MESSAGE][PASSED] - Actual object 'rgb(99, 99, 99)' and expected object 'rgb(99, 99, 99)' are equal

2022-01-15 11:03:10 - [MESSAGE][PASSED] - Text 'test@test.com' is set on object 'Object Repository/CheckOutForm/input_email'

2022-01-15 11:03:11 - [MESSAGE][PASSED] - Object: 'Object Repository/CheckOutForm/button_state' is clicked on

2022-01-15 11:03:11 - [MESSAGE][PASSED] - Object 'Object Repository/CheckOutForm/button_state' has attribute 'aria-expanded' with value 'true'

2022-01-15 11:03:12 - [MESSAGE][PASSED] - Object: 'Object Repository/CheckOutForm/a_state' is clicked on

2022-01-15 11:03:14 - [MESSAGE][PASSED] - Text of object 'Object Repository/CheckOutForm/span_selectedState' is: 'Arizona'

2022-01-15 11:03:15 - [MESSAGE][PASSED] - Object: 'Object Repository/CheckOutForm/input_creditCardName' is focused

2022-01-15 11:03:15 - [MESSAGE][PASSED] - Get CSS 'box-shadow' value on 'Object Repository/CheckOutForm/input_creditCardName' successfully: 'rgb(99, 99, 99) 0px -3px 0px 0px inset'.

2022-01-15 11:03:15 - [MESSAGE][PASSED] - Get CSS 'border-color' value on 'Object Repository/CheckOutForm/input_creditCardName' successfully: 'rgb(99, 99, 99)'.

2022-01-15 11:03:15 - [MESSAGE][PASSED] - Actual object 'rgb(99, 99, 99) 0px -3px 0px 0px inset' and expected object 'rgb(99, 99, 99) 0px -3px 0px 0px inset' are equal

2022-01-15 11:03:15 - [MESSAGE][PASSED] - Actual object 'rgb(99, 99, 99)' and expected object 'rgb(99, 99, 99)' are equal

2022-01-15 11:03:16 - [MESSAGE][PASSED] - Text 'Razan' is set on object 'Object Repository/CheckOutForm/input_creditCardName'

2022-01-15 11:03:17 - [MESSAGE][PASSED] - Object: 'Object Repository/CheckOutForm/input_cardNumber' is focused

2022-01-15 11:03:17 - [MESSAGE][PASSED] - Get CSS 'box-shadow' value on 'Object Repository/CheckOutForm/input_cardNumber' successfully: 'rgb(99, 99, 99) 0px -3px 0px 0px inset'.

2022-01-15 11:03:17 - [MESSAGE][PASSED] - Get CSS 'border-color' value on 'Object Repository/CheckOutForm/input_cardNumber' successfully: 'rgb(99, 99, 99)'.

2022-01-15 11:03:17 - [MESSAGE][PASSED] - Actual object 'rgb(99, 99, 99) 0px -3px 0px 0px inset' and expected object 'rgb(99, 99, 99) 0px -3px 0px 0px inset' are equal

2022-01-15 11:03:17 - [MESSAGE][PASSED] - Actual object 'rgb(99, 99, 99)' and expected object 'rgb(99, 99, 99)' are equal

2022-01-15 11:03:18 - [MESSAGE][PASSED] - Text '379936489179273' is set on object 'Object Repository/CheckOutForm/input_cardNumber'

2022-01-15 11:03:19 - [MESSAGE][PASSED] - Object: 'Object Repository/CheckOutForm/input_cvv' is focused

2022-01-15 11:03:19 - [MESSAGE][PASSED] - Get CSS 'box-shadow' value on 'Object Repository/CheckOutForm/input_cvv' successfully: 'rgb(99, 99, 99) 0px -3px 0px 0px inset'.

2022-01-15 11:03:20 - [MESSAGE][PASSED] - Get CSS 'border-color' value on 'Object Repository/CheckOutForm/input_cvv' successfully: 'rgb(99, 99, 99)'.

2022-01-15 11:03:20 - [MESSAGE][PASSED] - Actual object 'rgb(99, 99, 99) 0px -3px 0px 0px inset' and expected object 'rgb(99, 99, 99) 0px -3px 0px 0px inset' are equal

2022-01-15 11:03:20 - [MESSAGE][PASSED] - Actual object 'rgb(99, 99, 99)' and expected object 'rgb(99, 99, 99)' are equal

2022-01-15 11:03:21 - [MESSAGE][PASSED] - Text '2222' is set on object 'Object Repository/CheckOutForm/input_cvv'

2022-01-15 11:03:21 - [MESSAGE][PASSED] - Object: 'Object Repository/CheckOutForm/button_expirationDate' is clicked on

2022-01-15 11:03:22 - [MESSAGE][PASSED] - Object: 'Object Repository/CheckOutForm/button_expirationYear' is clicked on

2022-01-15 11:03:23 - [MESSAGE][PASSED] - Object: 'Object Repository/CheckOutForm/input_PO' is focused

2022-01-15 11:03:24 - [MESSAGE][PASSED] - Get CSS 'box-shadow' value on 'Object Repository/CheckOutForm/input_PO' successfully: 'rgb(99, 99, 99) 0px -3px 0px 0px inset'.

2022-01-15 11:03:24 - [MESSAGE][PASSED] - Get CSS 'border-color' value on 'Object Repository/CheckOutForm/input_PO' successfully: 'rgb(99, 99, 99)'.

2022-01-15 11:03:24 - [MESSAGE][PASSED] - Actual object 'rgb(99, 99, 99) 0px -3px 0px 0px inset' and expected object 'rgb(99, 99, 99) 0px -3px 0px 0px inset' are equal

2022-01-15 11:03:24 - [MESSAGE][PASSED] - Actual object 'rgb(99, 99, 99)' and expected object 'rgb(99, 99, 99)' are equal

2022-01-15 11:03:25 - [MESSAGE][PASSED] - Text 'test1155' is set on object 'Object Repository/CheckOutForm/input_PO'

2022-01-15 11:03:25 - [MESSAGE][PASSED] - Text 'test comment' is set on object 'Object Repository/CheckOutForm/input_comments'

2022-01-15 11:03:26 - [MESSAGE][PASSED] - Object: 'Object Repository/CheckOutForm/a_reviewOrder' is clicked on

2022-01-15 11:03:26 - [TEST_STEP][PASSED] - CheckoutPageValidation.verifyNavigationToCheckoutDetails(): Text of object 'Object Repository/CheckOut Details/h1_checkoutHeader' is: 'CHECKOUT'

2022-01-15 11:03:26 - [MESSAGE][PASSED] - Current window's title is: 'Checkout - Cleaner's Supply'

2022-01-15 11:03:26 - [MESSAGE][PASSED] - Current window's url is: 'https://www.cleanersupply.com/checkout/'

2022-01-15 11:03:27 - [MESSAGE][PASSED] - Text of object 'Object Repository/CheckOut Details/h1_checkoutHeader' is: 'CHECKOUT'

2022-01-15 11:03:27 - [TEST_STEP][PASSED] - CheckoutPageHelpers.ShippingAddressDiv(): Text of object 'Object Repository/CheckOut Details/h2_shippingAddrDivHeader' is: 'SHIPPING ADDRESS'

2022-01-15 11:03:28 - [MESSAGE][PASSED] - Scroll to object 'Object Repository/CheckOut Details/div_shippingAddr' successfully

2022-01-15 11:03:28 - [MESSAGE][PASSED] - Object 'Object Repository/CheckOut Details/div_shippingAddr' is visible

2022-01-15 11:03:29 - [MESSAGE][PASSED] - Get CSS 'background-color' value on 'Object Repository/CheckOut Details/div_shippingAddr' successfully: 'rgba(241, 242, 242, 1)'.

2022-01-15 11:03:29 - [MESSAGE][PASSED] - Object 'Object Repository/CheckOut Details/h2_shippingAddrDivHeader' is visible

2022-01-15 11:03:30 - [MESSAGE][PASSED] - Text of object 'Object Repository/CheckOut Details/h2_shippingAddrDivHeader' is: 'SHIPPING ADDRESS'

2022-01-15 11:03:30 - [TEST_STEP][PASSED] - CheckoutPageHelpers.verifyShippingDetailsInCeckout(): Text of object 'Object Repository/CheckOut Details/span_shippingAddressDetails' is: 'testCompany
FNameTest lnameValueTest
addres1Test
address2 test
Palestine, AZ 55555
541-143-1030 x1
United States'

2022-01-15 11:03:30 - [MESSAGE][PASSED] - Text of object 'Object Repository/CheckOut Details/span_shippingAddressDetails' is: 'testCompany
FNameTest lnameValueTest
addres1Test
address2 test
Palestine, AZ 55555
541-143-1030 x1
United States'

2022-01-15 11:03:30 - [TEST_STEP][PASSED] - CheckoutPageHelpers.standardShippingAddress(): Object: 'Object Repository/CheckOut Details/a_shippingOptionLink' is clicked on

2022-01-15 11:03:31 - [MESSAGE][PASSED] - Object 'Object Repository/CheckOut Details/dic_standardShiping' is visible

2022-01-15 11:03:31 - [MESSAGE][PASSED] - Get CSS 'background-color' value on 'Object Repository/CheckOut Details/dic_standardShiping' successfully: 'rgba(241, 242, 242, 1)'.

2022-01-15 11:03:32 - [MESSAGE][PASSED] - Attribute 'class' of object 'Object Repository/CheckOut Details/a_shippingOptionLink' is: 'pull-right collapsed'

2022-01-15 11:03:32 - [MESSAGE][PASSED] - Object: 'Object Repository/CheckOut Details/a_shippingOptionLink' is clicked on

2022-01-15 11:03:32 - [MESSAGE][PASSED] - Attribute 'class' of object 'Object Repository/CheckOut Details/a_shippingOptionLink' is: 'pull-right'

2022-01-15 11:03:33 - [MESSAGE][PASSED] - Get CSS 'border-color' value on 'Object Repository/CheckOut Details/span_standard_Delivery' successfully: 'rgb(82, 36, 127)'.

2022-01-15 11:03:33 - [MESSAGE][PASSED] - Object: 'Object Repository/CheckOut Details/a_shippingOptionLink' is clicked on

2022-01-15 11:03:33 - [TEST_STEP][PASSED] - CheckoutPageHelpers.paymentMethodDiv(): Text of object 'Object Repository/CheckOut Details/h2_paymentMethodHeader' is: 'PAYMENT METHOD'

2022-01-15 11:03:34 - [MESSAGE][PASSED] - Object 'Object Repository/CheckOut Details/h2_paymentMethodHeader' is visible

2022-01-15 11:03:34 - [MESSAGE][PASSED] - Text of object 'Object Repository/CheckOut Details/h2_paymentMethodHeader' is: 'PAYMENT METHOD'

2022-01-15 11:03:34 - [TEST_STEP][PASSED] - CheckoutPageHelpers.verifyPaymentMethodDetails(): Attribute 'value' of object 'Object Repository/CheckOut Details/input_paymentMethodComment' is: 'test comment'

2022-01-15 11:03:34 - [MESSAGE][PASSED] - Text of object 'Object Repository/CheckOut Details/span_paymentMethodDetails' is: 'AmericanExpress **** 9273
Razan
Expires: 12/47'

2022-01-15 11:03:35 - [MESSAGE][PASSED] - Object 'Object Repository/CheckOut Details/div_PoNoDiv' is visible

2022-01-15 11:03:35 - [MESSAGE][PASSED] - Attribute 'value' of object 'Object Repository/CheckOut Details/input_paymentMethodPo' is: 'test1155'

2022-01-15 11:03:35 - [MESSAGE][PASSED] - Attribute 'value' of object 'Object Repository/CheckOut Details/input_paymentMethodComment' is: 'test comment'

2022-01-15 11:03:35 - [TEST_STEP][PASSED] - closeBrowser(): Browser is closed

2022-01-15 11:03:36 - [MESSAGE][PASSED] - Browser is closed]]></system-out>
         <system-err><![CDATA[]]></system-err>
      </testcase>
      <testcase name="Test Cases/Checkout Scenario/Quick Order" time="75.463" classname="Test Cases/Checkout Scenario/Quick Order" status="FAILED">
         <failure type="FAILED" message="Test Cases/Checkout Scenario/Quick Order FAILED.
Reason:
java.lang.AssertionError: Verify summary Refelected to added cart. Expression: flag. Values: flag = false
	at validation.CheckoutPageValidation.verifyAddedProductRefelectDetails(CheckoutPageValidation.groovy:150)
	at validation.CheckoutPageValidation$verifyAddedProductRefelectDetails$3.call(Unknown Source)
	at helpers.CheckoutPageHelpers.initCheckoutPage(CheckoutPageHelpers.groovy:37)
	at helpers.CheckoutPageHelpers$initCheckoutPage.call(Unknown Source)
	at Quick Order.run(Quick Order:92)
	at com.kms.katalon.core.main.ScriptEngine.run(ScriptEngine.java:194)
	at com.kms.katalon.core.main.ScriptEngine.runScriptAsRawText(ScriptEngine.java:119)
	at com.kms.katalon.core.main.TestCaseExecutor.runScript(TestCaseExecutor.java:442)
	at com.kms.katalon.core.main.TestCaseExecutor.doExecute(TestCaseExecutor.java:433)
	at com.kms.katalon.core.main.TestCaseExecutor.processExecutionPhase(TestCaseExecutor.java:412)
	at com.kms.katalon.core.main.TestCaseExecutor.accessMainPhase(TestCaseExecutor.java:404)
	at com.kms.katalon.core.main.TestCaseExecutor.execute(TestCaseExecutor.java:281)
	at com.kms.katalon.core.main.TestCaseExecutor.execute(TestCaseExecutor.java:363)
	at com.kms.katalon.core.main.TestCaseExecutor.execute(TestCaseExecutor.java:363)
	at com.kms.katalon.core.main.TestCaseExecutor.execute(TestCaseExecutor.java:363)
	at com.kms.katalon.core.main.TestSuiteExecutor.accessTestCaseMainPhase(TestSuiteExecutor.java:202)
	at com.kms.katalon.core.main.TestSuiteExecutor.accessTestSuiteMainPhase(TestSuiteExecutor.java:164)
	at com.kms.katalon.core.main.TestSuiteExecutor.execute(TestSuiteExecutor.java:105)
	at com.kms.katalon.core.main.TestCaseMain.startTestSuite(TestCaseMain.java:181)
	at com.kms.katalon.core.main.TestCaseMain$startTestSuite$0.call(Unknown Source)
	at TempTestSuite1642237140139.run(TempTestSuite1642237140139.groovy:36)
"/>
         <system-out><![CDATA[2022-01-15 11:06:48 - [TEST_CASE][FAILED] - Test Cases/Checkout Scenario/Quick Order: Test Cases/Checkout Scenario/Quick Order FAILED.
Reason:
java.lang.AssertionError: Verify summary Refelected to added cart. Expression: flag. Values: flag = false
	at validation.CheckoutPageValidation.verifyAddedProductRefelectDetails(CheckoutPageValidation.groovy:150)
	at validation.CheckoutPageValidation$verifyAddedProductRefelectDetails$3.call(Unknown Source)
	at helpers.CheckoutPageHelpers.initCheckoutPage(CheckoutPageHelpers.groovy:37)
	at helpers.CheckoutPageHelpers$initCheckoutPage.call(Unknown Source)
	at Quick Order.run(Quick Order:92)
	at com.kms.katalon.core.main.ScriptEngine.run(ScriptEngine.java:194)
	at com.kms.katalon.core.main.ScriptEngine.runScriptAsRawText(ScriptEngine.java:119)
	at com.kms.katalon.core.main.TestCaseExecutor.runScript(TestCaseExecutor.java:442)
	at com.kms.katalon.core.main.TestCaseExecutor.doExecute(TestCaseExecutor.java:433)
	at com.kms.katalon.core.main.TestCaseExecutor.processExecutionPhase(TestCaseExecutor.java:412)
	at com.kms.katalon.core.main.TestCaseExecutor.accessMainPhase(TestCaseExecutor.java:404)
	at com.kms.katalon.core.main.TestCaseExecutor.execute(TestCaseExecutor.java:281)
	at com.kms.katalon.core.main.TestCaseExecutor.execute(TestCaseExecutor.java:363)
	at com.kms.katalon.core.main.TestCaseExecutor.execute(TestCaseExecutor.java:363)
	at com.kms.katalon.core.main.TestCaseExecutor.execute(TestCaseExecutor.java:363)
	at com.kms.katalon.core.main.TestSuiteExecutor.accessTestCaseMainPhase(TestSuiteExecutor.java:202)
	at com.kms.katalon.core.main.TestSuiteExecutor.accessTestSuiteMainPhase(TestSuiteExecutor.java:164)
	at com.kms.katalon.core.main.TestSuiteExecutor.execute(TestSuiteExecutor.java:105)
	at com.kms.katalon.core.main.TestCaseMain.startTestSuite(TestCaseMain.java:181)
	at com.kms.katalon.core.main.TestCaseMain$startTestSuite$0.call(Unknown Source)
	at TempTestSuite1642237140139.run(TempTestSuite1642237140139.groovy:36)


2022-01-15 11:06:48 - [TEST_STEP][PASSED] - GeneralHelpers.initScenario(): Current window's url is: 'https://www.cleanersupply.com/'

2022-01-15 11:06:48 - [MESSAGE][WARNING] - A browser is already opened. Closing browser and opening a new one

2022-01-15 11:06:48 - [MESSAGE][INFO] - Starting 'Chrome' driver

2022-01-15 11:06:48 - [MESSAGE][INFO] - Action delay is set to 0 milliseconds

2022-01-15 11:06:50 - [MESSAGE][PASSED] - Browser is opened with url: ''

2022-01-15 11:06:50 - [MESSAGE][PASSED] - Current window maximized

2022-01-15 11:07:00 - [MESSAGE][PASSED] - Navigate to 'https://www.cleanersupply.com/' successfully

2022-01-15 11:07:00 - [MESSAGE][PASSED] - Wait for page load successfully

2022-01-15 11:07:00 - [MESSAGE][PASSED] - Current window's title is: 'Cleaner's Supply - Dry Cleaning Supplies'

2022-01-15 11:07:00 - [MESSAGE][PASSED] - Current window's title is: 'Cleaner's Supply - Dry Cleaning Supplies'

2022-01-15 11:07:00 - [MESSAGE][PASSED] - Current window's url is: 'https://www.cleanersupply.com/'

2022-01-15 11:07:00 - [TEST_STEP][PASSED] - QuickOrderHelpers.navigationAndVerifyToQuickOrder(): Text of object 'Object Repository/Quick Order/span_quickOrderHeader' is: 'QUICK
ORDER'

2022-01-15 11:07:02 - [MESSAGE][PASSED] - Object 'Object Repository/Quick Order/a_quickOrder' is visible

2022-01-15 11:07:04 - [MESSAGE][PASSED] - Object: 'Object Repository/Quick Order/a_quickOrder' is hovered

2022-01-15 11:07:06 - [MESSAGE][PASSED] - Get CSS 'color' value on 'Object Repository/Quick Order/i_quickOrderIcon' successfully: 'rgba(82, 36, 127, 1)'.

2022-01-15 11:07:10 - [MESSAGE][PASSED] - Object: 'Object Repository/Quick Order/a_quickOrder' is clicked on

2022-01-15 11:07:10 - [MESSAGE][PASSED] - Current window's title is: 'Quick Order - Cleaner's Supply'

2022-01-15 11:07:10 - [MESSAGE][PASSED] - Current window's url is: 'https://www.cleanersupply.com/quick-order/'

2022-01-15 11:07:12 - [MESSAGE][PASSED] - Text of object 'Object Repository/Quick Order/span_quickOrderHeader' is: 'QUICK
ORDER'

2022-01-15 11:07:12 - [TEST_STEP][PASSED] - QuickOrderHelpers.fillingVerifyingStockNo(): Attribute 'value' of object 'Object Repository/Quick Order/input_4quickOrderStock' is: 'SP4005'

2022-01-15 11:07:12 - [MESSAGE][PASSED] - Object 'Object Repository/Quick Order/input_0quickOrderStock' is present

2022-01-15 11:07:13 - [MESSAGE][PASSED] - Object: 'Object Repository/Quick Order/input_0quickOrderStock' is focused

2022-01-15 11:07:13 - [MESSAGE][PASSED] - Keys 'ENTER + PRT381' sent to object: 'Object Repository/Quick Order/input_0quickOrderStock'

2022-01-15 11:07:14 - [MESSAGE][PASSED] - Attribute 'value' of object 'Object Repository/Quick Order/input_0quickOrderStock' is: 'PRT381'

2022-01-15 11:07:15 - [MESSAGE][PASSED] - Object: 'Object Repository/Quick Order/input_1quickOrderStock' is focused

2022-01-15 11:07:15 - [MESSAGE][PASSED] - Keys 'ENTER + GTDCA700C' sent to object: 'Object Repository/Quick Order/input_1quickOrderStock'

2022-01-15 11:07:16 - [MESSAGE][PASSED] - Attribute 'value' of object 'Object Repository/Quick Order/input_1quickOrderStock' is: 'GTDCA700C'

2022-01-15 11:07:17 - [MESSAGE][PASSED] - Object: 'Object Repository/Quick Order/input_2quickOrderStock' is focused

2022-01-15 11:07:17 - [MESSAGE][PASSED] - Keys 'ENTER + PP30' sent to object: 'Object Repository/Quick Order/input_2quickOrderStock'

2022-01-15 11:07:18 - [MESSAGE][PASSED] - Attribute 'value' of object 'Object Repository/Quick Order/input_2quickOrderStock' is: 'PP30'

2022-01-15 11:07:18 - [MESSAGE][PASSED] - Object: 'Object Repository/Quick Order/input_3quickOrderStock' is focused

2022-01-15 11:07:19 - [MESSAGE][PASSED] - Keys 'ENTER + ZB400' sent to object: 'Object Repository/Quick Order/input_3quickOrderStock'

2022-01-15 11:07:20 - [MESSAGE][PASSED] - Attribute 'value' of object 'Object Repository/Quick Order/input_3quickOrderStock' is: 'ZB400'

2022-01-15 11:07:20 - [MESSAGE][PASSED] - Object: 'Object Repository/Quick Order/input_4quickOrderStock' is focused

2022-01-15 11:07:21 - [MESSAGE][PASSED] - Keys 'ENTER + SP4005' sent to object: 'Object Repository/Quick Order/input_4quickOrderStock'

2022-01-15 11:07:22 - [MESSAGE][PASSED] - Attribute 'value' of object 'Object Repository/Quick Order/input_4quickOrderStock' is: 'SP4005'

2022-01-15 11:07:22 - [TEST_STEP][PASSED] - QuickOrderHelpers.fillingQuanitiesInputs(): Actual text and expected text of test object '' are matched.

2022-01-15 11:07:24 - [MESSAGE][PASSED] - Keys 'BACK_SPACE + TAB + 3' sent to object: ''

2022-01-15 11:07:24 - [MESSAGE][PASSED] - Attribute 'value' of object '' is: '3'

2022-01-15 11:07:24 - [MESSAGE][PASSED] - Object '' is present

2022-01-15 11:07:24 - [MESSAGE][PASSED] - Actual text and expected text of test object '' are matched.

2022-01-15 11:07:24 - [MESSAGE][PASSED] - Keys 'BACK_SPACE + TAB + 1' sent to object: ''

2022-01-15 11:07:24 - [MESSAGE][PASSED] - Attribute 'value' of object '' is: '1'

2022-01-15 11:07:24 - [MESSAGE][PASSED] - Object '' is present

2022-01-15 11:07:24 - [MESSAGE][PASSED] - Actual text and expected text of test object '' are matched.

2022-01-15 11:07:24 - [MESSAGE][PASSED] - Keys 'BACK_SPACE + TAB + 40' sent to object: ''

2022-01-15 11:07:24 - [MESSAGE][PASSED] - Attribute 'value' of object '' is: '40'

2022-01-15 11:07:24 - [MESSAGE][PASSED] - Object '' is present

2022-01-15 11:07:24 - [MESSAGE][PASSED] - Actual text and expected text of test object '' are matched.

2022-01-15 11:07:24 - [MESSAGE][PASSED] - Keys 'BACK_SPACE + TAB + 49' sent to object: ''

2022-01-15 11:07:24 - [MESSAGE][PASSED] - Attribute 'value' of object '' is: '49'

2022-01-15 11:07:24 - [MESSAGE][PASSED] - Object '' is present

2022-01-15 11:07:24 - [MESSAGE][PASSED] - Actual text and expected text of test object '' are matched.

2022-01-15 11:07:24 - [MESSAGE][PASSED] - Keys 'BACK_SPACE + TAB + 30' sent to object: ''

2022-01-15 11:07:24 - [MESSAGE][PASSED] - Attribute 'value' of object '' is: '30'

2022-01-15 11:07:24 - [MESSAGE][PASSED] - Object '' is present

2022-01-15 11:07:24 - [MESSAGE][PASSED] - Actual text and expected text of test object '' are matched.

2022-01-15 11:07:24 - [TEST_STEP][PASSED] - QuickOrderHelpers.storeProductsDetailsAndVerifyTotal(): Text of object '' is: '$77.70'

2022-01-15 11:07:25 - [MESSAGE][PASSED] - Attribute 'value' of object '' is: '3'

2022-01-15 11:07:25 - [MESSAGE][PASSED] - Text of object '' is: '$9.35'

2022-01-15 11:07:25 - [MESSAGE][PASSED] - Text of object '' is: '$28.05'

2022-01-15 11:07:25 - [MESSAGE][PASSED] - Text of object '' is: 'GREEN BUTTON FOR AJAX #DCH18, DCH446, DCH45, DCH446 & HOU45'

2022-01-15 11:07:25 - [MESSAGE][PASSED] - Attribute 'src' of object '' is: 'https://www.cleanersupply.com/4ad6b3/globalassets/catalogs/prt3/prt381_p/prt381_paren/prt381_parent/prt381-1-main-prt381_parent.jpg?width=80&height=80&quality=85&mode=crop'

2022-01-15 11:07:25 - [MESSAGE][PASSED] - Text of object '' is: 'In Stock!'

2022-01-15 11:07:25 - [MESSAGE][PASSED] - Attribute 'value' of object '' is: '3'

2022-01-15 11:07:25 - [MESSAGE][PASSED] - Text of object '' is: '$9.35'

2022-01-15 11:07:25 - [MESSAGE][PASSED] - Text of object '' is: '$28.05'

2022-01-15 11:07:25 - [MESSAGE][PASSED] - Attribute 'value' of object '' is: '1'

2022-01-15 11:07:25 - [MESSAGE][PASSED] - Text of object '' is: '$28.50'

2022-01-15 11:07:25 - [MESSAGE][PASSED] - Text of object '' is: '$28.50'

2022-01-15 11:07:25 - [MESSAGE][PASSED] - Text of object '' is: 'GUTERMANN 700-COLOR THREAD CHART'

2022-01-15 11:07:25 - [MESSAGE][PASSED] - Attribute 'src' of object '' is: 'https://www.cleanersupply.com/4ae3b9/globalassets/catalogs/gtdc/gtdca700/gtdca700c_pa/gtdca700c_parent/gtdca700c-1-main-gtdca700c_parent.jpg?width=80&height=80&quality=85&mode=crop'

2022-01-15 11:07:25 - [MESSAGE][PASSED] - Text of object '' is: 'In Stock!'

2022-01-15 11:07:25 - [MESSAGE][PASSED] - Attribute 'value' of object '' is: '1'

2022-01-15 11:07:25 - [MESSAGE][PASSED] - Text of object '' is: '$28.50'

2022-01-15 11:07:25 - [MESSAGE][PASSED] - Text of object '' is: '$28.50'

2022-01-15 11:07:25 - [MESSAGE][PASSED] - Attribute 'value' of object '' is: '40'

2022-01-15 11:07:25 - [MESSAGE][PASSED] - Text of object '' is: '$24.35'

2022-01-15 11:07:25 - [MESSAGE][PASSED] - Text of object '' is: '$974.00'

2022-01-15 11:07:25 - [MESSAGE][PASSED] - Text of object '' is: 'SUPERFAST MUSHROOM PRESS PAD FOR AJAX, CISSELL, FORENTA/FORSE, HOFFMAN/NEW YORKER & UNIPRESS'

2022-01-15 11:07:25 - [MESSAGE][PASSED] - Attribute 'src' of object '' is: 'https://www.cleanersupply.com/4ae26e/globalassets/catalogs/pp30/pp30_par/pp30_parent/pp30-1-main-pp30_parent.jpg?width=80&height=80&quality=85&mode=crop'

2022-01-15 11:07:25 - [MESSAGE][PASSED] - Text of object '' is: 'In Stock!'

2022-01-15 11:07:25 - [MESSAGE][PASSED] - Attribute 'value' of object '' is: '40'

2022-01-15 11:07:25 - [MESSAGE][PASSED] - Text of object '' is: '$24.35'

2022-01-15 11:07:25 - [MESSAGE][PASSED] - Text of object '' is: '$974.00'

2022-01-15 11:07:25 - [MESSAGE][PASSED] - Attribute 'value' of object '' is: '49'

2022-01-15 11:07:25 - [MESSAGE][PASSED] - Text of object '' is: '$5.99'

2022-01-15 11:07:25 - [MESSAGE][PASSED] - Text of object '' is: '$293.51'

2022-01-15 11:07:25 - [MESSAGE][PASSED] - Text of object '' is: 'ZIP NET BAG - 15" X 19" OPEN MESH'

2022-01-15 11:07:25 - [MESSAGE][PASSED] - Attribute 'src' of object '' is: 'https://www.cleanersupply.com/4ae088/globalassets/catalogs/zb40/zb400_pa/zb400_parent/zb400-1-main-zb400_parent.jpg?width=80&height=80&quality=85&mode=crop'

2022-01-15 11:07:25 - [MESSAGE][PASSED] - Text of object '' is: 'In Stock!'

2022-01-15 11:07:25 - [MESSAGE][PASSED] - Attribute 'value' of object '' is: '49'

2022-01-15 11:07:25 - [MESSAGE][PASSED] - Text of object '' is: '$5.99'

2022-01-15 11:07:25 - [MESSAGE][PASSED] - Text of object '' is: '$293.51'

2022-01-15 11:07:25 - [MESSAGE][PASSED] - Attribute 'value' of object '' is: '30'

2022-01-15 11:07:25 - [MESSAGE][PASSED] - Text of object '' is: '$2.59'

2022-01-15 11:07:25 - [MESSAGE][PASSED] - Text of object '' is: '$77.70'

2022-01-15 11:07:25 - [MESSAGE][PASSED] - Text of object '' is: 'CLOSED BRASS/QUILTER SAFETY PINS - #3 - 2" - 20/BOX'

2022-01-15 11:07:25 - [MESSAGE][PASSED] - Attribute 'src' of object '' is: 'https://www.cleanersupply.com/4adae3/globalassets/catalogs/sp40/sp4005_p/sp4005_paren/sp4005_parent/sp4005-1-main-sp4005_parent.jpg?width=80&height=80&quality=85&mode=crop'

2022-01-15 11:07:25 - [MESSAGE][PASSED] - Text of object '' is: 'In Stock!'

2022-01-15 11:07:25 - [MESSAGE][PASSED] - Attribute 'value' of object '' is: '30'

2022-01-15 11:07:25 - [MESSAGE][PASSED] - Text of object '' is: '$2.59'

2022-01-15 11:07:25 - [MESSAGE][PASSED] - Text of object '' is: '$77.70'

2022-01-15 11:07:25 - [TEST_STEP][PASSED] - QuickOrderHelpers.navigationAndVerifyingShoppingCart(): Text of object 'Object Repository/Shopping Cart/h1_shopCartHeader' is: 'SHOPPING CART CONTINUE SHOPPING'

2022-01-15 11:07:26 - [MESSAGE][PASSED] - Object: 'Object Repository/Quick Order/button_addToCart' is hovered

2022-01-15 11:07:27 - [MESSAGE][PASSED] - Object: 'Object Repository/Quick Order/button_addToCart' is clicked on

2022-01-15 11:07:32 - [MESSAGE][PASSED] - Object 'Object Repository/Shopping Cart/h1_shopCartHeader' is present

2022-01-15 11:07:32 - [MESSAGE][PASSED] - Current window's title is: 'Shopping Cart - Cleaner's Supply'

2022-01-15 11:07:32 - [MESSAGE][PASSED] - Current window's url is: 'https://www.cleanersupply.com/shopping-cart/'

2022-01-15 11:07:32 - [MESSAGE][PASSED] - Text of object 'Object Repository/Shopping Cart/h1_shopCartHeader' is: 'SHOPPING CART CONTINUE SHOPPING'

2022-01-15 11:07:32 - [TEST_STEP][PASSED] - QuickOrderValidations.verifyCartCounter("5"): Text of object 'Object Repository/Quick Order/span_cartCounter' is: '5'

2022-01-15 11:07:33 - [MESSAGE][PASSED] - Text of object 'Object Repository/Quick Order/span_cartCounter' is: '5'

2022-01-15 11:07:33 - [TEST_STEP][PASSED] - QuickOrderHelpers.verifyCartTotalAndRowsNo(5): Text of object 'Object Repository/Quick Order/span_cartLabel' is: '$1,401.76'

2022-01-15 11:07:33 - [MESSAGE][PASSED] - Text of object 'Object Repository/Quick Order/span_cartLabel' is: '$1,401.76'

2022-01-15 11:07:33 - [TEST_STEP][PASSED] - MiniCartActions.hoverOnMiniCartLink(): Object: 'Object Repository/Mini Cart/a_miniCartLink' is hovered

2022-01-15 11:07:34 - [MESSAGE][PASSED] - Object: 'Object Repository/Mini Cart/a_miniCartLink' is hovered

2022-01-15 11:07:34 - [TEST_STEP][PASSED] - MiniCartValidations.verifyHoverStyleOnMiniCartLink(): Get CSS 'color' value on 'Object Repository/Mini Cart/a_miniCartLink' successfully: 'rgba(82, 36, 127, 1)'.

2022-01-15 11:07:34 - [MESSAGE][PASSED] - Get CSS 'background-color' value on 'Object Repository/Mini Cart/a_miniCartLink' successfully: 'rgba(255, 255, 255, 1)'.

2022-01-15 11:07:35 - [MESSAGE][PASSED] - Get CSS 'color' value on 'Object Repository/Mini Cart/a_miniCartLink' successfully: 'rgba(82, 36, 127, 1)'.

2022-01-15 11:07:35 - [TEST_STEP][PASSED] - MiniCartValidations.verifyMiniCartTotals(): Text of object 'Object Repository/Mini Cart/span_miniCartSubTotal' is: '$1,401.76'

2022-01-15 11:07:37 - [MESSAGE][PASSED] - Text of object 'Object Repository/Mini Cart/span_miniCartSubTotal' is: '$1,401.76'

2022-01-15 11:07:37 - [TEST_STEP][PASSED] - MiniCartValidations.miniCartItemCount(): Text of object 'Object Repository/Mini Cart/span_cartCounterPadge' is: '5'

2022-01-15 11:07:38 - [MESSAGE][PASSED] - Text of object 'Object Repository/Mini Cart/span_cartCounterPadge' is: '5'

2022-01-15 11:07:38 - [TEST_STEP][PASSED] - ShoppingCartValidations.verifyShoppingCartItemEqualMiniCartBadge(): Text of object 'Object Repository/Mini Cart/span_cartCounterPadge' is: '5'

2022-01-15 11:07:39 - [MESSAGE][PASSED] - Text of object 'Object Repository/Mini Cart/span_cartCounterPadge' is: '5'

2022-01-15 11:07:39 - [TEST_STEP][PASSED] - ShoppingCartValidations.verifyShoppingCartItemEqualToSummaryItem(): Text of object 'Object Repository/Shopping Cart/td_summaryTableItemCount' is: 'SUBTOTAL (5 ITEMS)'

2022-01-15 11:07:39 - [MESSAGE][PASSED] - Text of object 'Object Repository/Shopping Cart/td_summaryTableItemCount' is: 'SUBTOTAL (5 ITEMS)'

2022-01-15 11:07:39 - [TEST_STEP][PASSED] - ShoppingCartValidations.verifyTotalPriceForProductTable(): null

2022-01-15 11:07:41 - [TEST_STEP][PASSED] - ShoppingCartValidations.verifyTotalPriceInSummaryTable(): Text of object 'Object Repository/Shopping Cart/td_summaryTotalSubTotal' is: '$1,401.76'

2022-01-15 11:07:42 - [MESSAGE][PASSED] - Text of object 'Object Repository/Shopping Cart/td_summaryTableTotal' is: '$1,401.76'

2022-01-15 11:07:42 - [MESSAGE][PASSED] - Text of object 'Object Repository/Shopping Cart/td_summaryTotalSubTotal' is: '$1,401.76'

2022-01-15 11:07:42 - [TEST_STEP][PASSED] - QuickOrderHelpers.verifyShoppingCartProductsSameWithStoredProducts(): Attribute 'src' of object '' is: 'https://www.cleanersupply.com/4ad6b3/globalassets/catalogs/prt3/prt381_p/prt381_paren/prt381_parent/prt381-1-main-prt381_parent.jpg?width=120&height=120&quality=85'

2022-01-15 11:07:44 - [MESSAGE][PASSED] - Attribute 'value' of object '' is: '30'

2022-01-15 11:07:44 - [MESSAGE][PASSED] - Text of object '' is: '$2.59'

2022-01-15 11:07:44 - [MESSAGE][PASSED] - Text of object '' is: '$77.70'

2022-01-15 11:07:44 - [MESSAGE][PASSED] - Text of object '' is: 'CLOSED BRASS/QUILTER SAFETY PINS - #3 - 2" - 20/BOX'

2022-01-15 11:07:44 - [MESSAGE][PASSED] - Text of object '' is: 'In Stock!'

2022-01-15 11:07:44 - [MESSAGE][PASSED] - Attribute 'src' of object '' is: 'https://www.cleanersupply.com/4adae3/globalassets/catalogs/sp40/sp4005_p/sp4005_paren/sp4005_parent/sp4005-1-main-sp4005_parent.jpg?width=120&height=120&quality=85'

2022-01-15 11:07:44 - [MESSAGE][PASSED] - Attribute 'value' of object '' is: '49'

2022-01-15 11:07:44 - [MESSAGE][PASSED] - Text of object '' is: '$5.99'

2022-01-15 11:07:44 - [MESSAGE][PASSED] - Text of object '' is: '$293.51'

2022-01-15 11:07:44 - [MESSAGE][PASSED] - Text of object '' is: 'ZIP NET BAG - 15" X 19" OPEN MESH'

2022-01-15 11:07:44 - [MESSAGE][PASSED] - Text of object '' is: 'In Stock!'

2022-01-15 11:07:44 - [MESSAGE][PASSED] - Attribute 'src' of object '' is: 'https://www.cleanersupply.com/4ae088/globalassets/catalogs/zb40/zb400_pa/zb400_parent/zb400-1-main-zb400_parent.jpg?width=120&height=120&quality=85'

2022-01-15 11:07:44 - [MESSAGE][PASSED] - Attribute 'value' of object '' is: '40'

2022-01-15 11:07:44 - [MESSAGE][PASSED] - Text of object '' is: '$24.35'

2022-01-15 11:07:44 - [MESSAGE][PASSED] - Text of object '' is: '$974.00'

2022-01-15 11:07:44 - [MESSAGE][PASSED] - Text of object '' is: 'SUPERFAST MUSHROOM PRESS PAD FOR AJAX, CISSELL, FORENTA/FORSE, HOFFMAN/NEW YORKER & UNIPRESS'

2022-01-15 11:07:44 - [MESSAGE][PASSED] - Text of object '' is: 'In Stock!'

2022-01-15 11:07:44 - [MESSAGE][PASSED] - Attribute 'src' of object '' is: 'https://www.cleanersupply.com/4ae26e/globalassets/catalogs/pp30/pp30_par/pp30_parent/pp30-1-main-pp30_parent.jpg?width=120&height=120&quality=85'

2022-01-15 11:07:44 - [MESSAGE][PASSED] - Attribute 'value' of object '' is: '1'

2022-01-15 11:07:44 - [MESSAGE][PASSED] - Text of object '' is: '$28.50'

2022-01-15 11:07:44 - [MESSAGE][PASSED] - Text of object '' is: '$28.50'

2022-01-15 11:07:44 - [MESSAGE][PASSED] - Text of object '' is: 'GUTERMANN 700-COLOR THREAD CHART'

2022-01-15 11:07:44 - [MESSAGE][PASSED] - Text of object '' is: 'In Stock!'

2022-01-15 11:07:44 - [MESSAGE][PASSED] - Attribute 'src' of object '' is: 'https://www.cleanersupply.com/4ae3b9/globalassets/catalogs/gtdc/gtdca700/gtdca700c_pa/gtdca700c_parent/gtdca700c-1-main-gtdca700c_parent.jpg?width=120&height=120&quality=85'

2022-01-15 11:07:44 - [MESSAGE][PASSED] - Attribute 'value' of object '' is: '3'

2022-01-15 11:07:44 - [MESSAGE][PASSED] - Text of object '' is: '$9.35'

2022-01-15 11:07:44 - [MESSAGE][PASSED] - Text of object '' is: '$28.05'

2022-01-15 11:07:44 - [MESSAGE][PASSED] - Text of object '' is: 'GREEN BUTTON FOR AJAX #DCH18, DCH446, DCH45, DCH446 & HOU45'

2022-01-15 11:07:44 - [MESSAGE][PASSED] - Text of object '' is: 'In Stock!'

2022-01-15 11:07:44 - [MESSAGE][PASSED] - Attribute 'src' of object '' is: 'https://www.cleanersupply.com/4ad6b3/globalassets/catalogs/prt3/prt381_p/prt381_paren/prt381_parent/prt381-1-main-prt381_parent.jpg?width=120&height=120&quality=85'

2022-01-15 11:07:44 - [TEST_STEP][PASSED] - ShoppingCartHelpers.navigateToCheckoutPage(): Object: 'Object Repository/Shopping Cart/button_proceedToCheckout' is clicked on

2022-01-15 11:07:45 - [MESSAGE][PASSED] - Object: 'Object Repository/Shopping Cart/a_shoppingCartProductTitle' is hovered

2022-01-15 11:07:45 - [MESSAGE][PASSED] - Get CSS 'background-color' value on 'Object Repository/Shopping Cart/button_proceedToCheckout' successfully: 'rgba(82, 36, 127, 1)'.

2022-01-15 11:07:46 - [MESSAGE][PASSED] - Get CSS 'color' value on 'Object Repository/Shopping Cart/button_proceedToCheckout' successfully: 'rgba(255, 255, 255, 1)'.

2022-01-15 11:07:46 - [MESSAGE][PASSED] - Object: 'Object Repository/Shopping Cart/button_proceedToCheckout' is hovered

2022-01-15 11:07:47 - [MESSAGE][PASSED] - Get CSS 'box-shadow' value on 'Object Repository/Shopping Cart/button_proceedToCheckout' successfully: 'rgba(0, 0, 0, 0.3) 0px 0px 10px 2px'.

2022-01-15 11:07:48 - [MESSAGE][PASSED] - Object: 'Object Repository/Shopping Cart/button_proceedToCheckout' is clicked on

2022-01-15 11:07:48 - [TEST_STEP][PASSED] - CheckoutPageValidation.verifyNaigationTOCheckOut(): Text of object 'Object Repository/CheckOut/div_checkoutHeader' is: 'SECURE CHECKOUT'

2022-01-15 11:07:48 - [MESSAGE][PASSED] - Current window's title is: 'Checkout Interstitial - Cleaner's Supply'

2022-01-15 11:07:48 - [MESSAGE][PASSED] - Current window's url is: 'https://www.cleanersupply.com/checkout-interstitial/'

2022-01-15 11:07:50 - [MESSAGE][PASSED] - Text of object 'Object Repository/CheckOut/div_checkoutHeader' is: 'SECURE CHECKOUT'

2022-01-15 11:07:50 - [TEST_STEP][FAILED] - CheckoutPageHelpers.initCheckoutPage(): Test Cases/Checkout Scenario/Quick Order FAILED.
Reason:
java.lang.AssertionError: Verify summary Refelected to added cart. Expression: flag. Values: flag = false
	at validation.CheckoutPageValidation.verifyAddedProductRefelectDetails(CheckoutPageValidation.groovy:150)
	at validation.CheckoutPageValidation$verifyAddedProductRefelectDetails$3.call(Unknown Source)
	at helpers.CheckoutPageHelpers.initCheckoutPage(CheckoutPageHelpers.groovy:37)
	at helpers.CheckoutPageHelpers$initCheckoutPage.call(Unknown Source)
	at Quick Order.run(Quick Order:92)
	at com.kms.katalon.core.main.ScriptEngine.run(ScriptEngine.java:194)
	at com.kms.katalon.core.main.ScriptEngine.runScriptAsRawText(ScriptEngine.java:119)
	at com.kms.katalon.core.main.TestCaseExecutor.runScript(TestCaseExecutor.java:442)
	at com.kms.katalon.core.main.TestCaseExecutor.doExecute(TestCaseExecutor.java:433)
	at com.kms.katalon.core.main.TestCaseExecutor.processExecutionPhase(TestCaseExecutor.java:412)
	at com.kms.katalon.core.main.TestCaseExecutor.accessMainPhase(TestCaseExecutor.java:404)
	at com.kms.katalon.core.main.TestCaseExecutor.execute(TestCaseExecutor.java:281)
	at com.kms.katalon.core.main.TestCaseExecutor.execute(TestCaseExecutor.java:363)
	at com.kms.katalon.core.main.TestCaseExecutor.execute(TestCaseExecutor.java:363)
	at com.kms.katalon.core.main.TestCaseExecutor.execute(TestCaseExecutor.java:363)
	at com.kms.katalon.core.main.TestSuiteExecutor.accessTestCaseMainPhase(TestSuiteExecutor.java:202)
	at com.kms.katalon.core.main.TestSuiteExecutor.accessTestSuiteMainPhase(TestSuiteExecutor.java:164)
	at com.kms.katalon.core.main.TestSuiteExecutor.execute(TestSuiteExecutor.java:105)
	at com.kms.katalon.core.main.TestCaseMain.startTestSuite(TestCaseMain.java:181)
	at com.kms.katalon.core.main.TestCaseMain$startTestSuite$0.call(Unknown Source)
	at TempTestSuite1642237140139.run(TempTestSuite1642237140139.groovy:36)


2022-01-15 11:07:50 - [MESSAGE][PASSED] - Text of object 'Object Repository/CheckOut/span_checkoutTitleTotal' is: '$1,401.76'

2022-01-15 11:07:50 - [MESSAGE][PASSED] - Text of object 'Object Repository/CheckOut/td_summaryTableTotal' is: '$1,401.76'

2022-01-15 11:07:51 - [MESSAGE][PASSED] - Text of object 'Object Repository/CheckOut/td_summaryTotalSubTotal' is: '$1,401.76'

2022-01-15 11:07:51 - [MESSAGE][PASSED] - Text of object 'Object Repository/CheckOut/label_checkoutAsGuest' is: 'Checkout as Guest'

2022-01-15 11:07:51 - [MESSAGE][PASSED] - Object 'Object Repository/CheckOut/input_checkoutAsGuestRadioButton' is checked

2022-01-15 11:07:54 - [MESSAGE][INFO] - Unable to find the element located by 'By.cssSelector: table.product-table tbody tr td.product-table__price'. Please recheck the objects properties to make sure the desired element is located. 

2022-01-15 11:07:54 - [MESSAGE][WARNING] - [SELF-HEALING] Failed to find element with id 'Object Repository/Shopping Cart/td_shoppingCartProductPrice'. Try using Self-healing.

2022-01-15 11:07:54 - [MESSAGE][WARNING] - [SELF-HEALING] Cannot find elements when the XPath is null.

2022-01-15 11:07:55 - [MESSAGE][INFO] - Unable to find the element located by 'By.xpath: '. Please recheck the objects properties to make sure the desired element is located. 

2022-01-15 11:07:57 - [MESSAGE][INFO] - Unable to find the element located by 'By.cssSelector: table.product-table tbody tr td.product-table__quantity input[name="quantity"]'. Please recheck the objects properties to make sure the desired element is located. 

2022-01-15 11:07:57 - [MESSAGE][WARNING] - [SELF-HEALING] Failed to find element with id 'Object Repository/Shopping Cart/input_shoppingCartProductQuantity'. Try using Self-healing.

2022-01-15 11:07:57 - [MESSAGE][WARNING] - [SELF-HEALING] Cannot find elements when the XPath is null.

2022-01-15 11:07:58 - [MESSAGE][INFO] - Unable to find the element located by 'By.xpath: '. Please recheck the objects properties to make sure the desired element is located. 

2022-01-15 11:08:01 - [MESSAGE][INFO] - Unable to find the element located by 'By.cssSelector: table.product-table tbody tr td.product-table__total'. Please recheck the objects properties to make sure the desired element is located. 

2022-01-15 11:08:01 - [MESSAGE][WARNING] - [SELF-HEALING] Failed to find element with id 'Object Repository/Shopping Cart/td_shoppingCartProductTotal'. Try using Self-healing.

2022-01-15 11:08:01 - [MESSAGE][WARNING] - [SELF-HEALING] Cannot find elements when the XPath is null.

2022-01-15 11:08:02 - [MESSAGE][INFO] - Unable to find the element located by 'By.xpath: '. Please recheck the objects properties to make sure the desired element is located. 

2022-01-15 11:08:04 - [MESSAGE][FAILED] - Test Cases/Checkout Scenario/Quick Order FAILED.
Reason:
java.lang.AssertionError: Verify summary Refelected to added cart. Expression: flag. Values: flag = false
	at validation.CheckoutPageValidation.verifyAddedProductRefelectDetails(CheckoutPageValidation.groovy:150)
	at validation.CheckoutPageValidation$verifyAddedProductRefelectDetails$3.call(Unknown Source)
	at helpers.CheckoutPageHelpers.initCheckoutPage(CheckoutPageHelpers.groovy:37)
	at helpers.CheckoutPageHelpers$initCheckoutPage.call(Unknown Source)
	at Quick Order.run(Quick Order:92)
	at com.kms.katalon.core.main.ScriptEngine.run(ScriptEngine.java:194)
	at com.kms.katalon.core.main.ScriptEngine.runScriptAsRawText(ScriptEngine.java:119)
	at com.kms.katalon.core.main.TestCaseExecutor.runScript(TestCaseExecutor.java:442)
	at com.kms.katalon.core.main.TestCaseExecutor.doExecute(TestCaseExecutor.java:433)
	at com.kms.katalon.core.main.TestCaseExecutor.processExecutionPhase(TestCaseExecutor.java:412)
	at com.kms.katalon.core.main.TestCaseExecutor.accessMainPhase(TestCaseExecutor.java:404)
	at com.kms.katalon.core.main.TestCaseExecutor.execute(TestCaseExecutor.java:281)
	at com.kms.katalon.core.main.TestCaseExecutor.execute(TestCaseExecutor.java:363)
	at com.kms.katalon.core.main.TestCaseExecutor.execute(TestCaseExecutor.java:363)
	at com.kms.katalon.core.main.TestCaseExecutor.execute(TestCaseExecutor.java:363)
	at com.kms.katalon.core.main.TestSuiteExecutor.accessTestCaseMainPhase(TestSuiteExecutor.java:202)
	at com.kms.katalon.core.main.TestSuiteExecutor.accessTestSuiteMainPhase(TestSuiteExecutor.java:164)
	at com.kms.katalon.core.main.TestSuiteExecutor.execute(TestSuiteExecutor.java:105)
	at com.kms.katalon.core.main.TestCaseMain.startTestSuite(TestCaseMain.java:181)
	at com.kms.katalon.core.main.TestCaseMain$startTestSuite$0.call(Unknown Source)
	at TempTestSuite1642237140139.run(TempTestSuite1642237140139.groovy:36)]]></system-out>
         <system-err><![CDATA[2022-01-15 11:06:48 - [TEST_CASE][FAILED] - Test Cases/Checkout Scenario/Quick Order: Test Cases/Checkout Scenario/Quick Order FAILED.
Reason:
java.lang.AssertionError: Verify summary Refelected to added cart. Expression: flag. Values: flag = false
	at validation.CheckoutPageValidation.verifyAddedProductRefelectDetails(CheckoutPageValidation.groovy:150)
	at validation.CheckoutPageValidation$verifyAddedProductRefelectDetails$3.call(Unknown Source)
	at helpers.CheckoutPageHelpers.initCheckoutPage(CheckoutPageHelpers.groovy:37)
	at helpers.CheckoutPageHelpers$initCheckoutPage.call(Unknown Source)
	at Quick Order.run(Quick Order:92)
	at com.kms.katalon.core.main.ScriptEngine.run(ScriptEngine.java:194)
	at com.kms.katalon.core.main.ScriptEngine.runScriptAsRawText(ScriptEngine.java:119)
	at com.kms.katalon.core.main.TestCaseExecutor.runScript(TestCaseExecutor.java:442)
	at com.kms.katalon.core.main.TestCaseExecutor.doExecute(TestCaseExecutor.java:433)
	at com.kms.katalon.core.main.TestCaseExecutor.processExecutionPhase(TestCaseExecutor.java:412)
	at com.kms.katalon.core.main.TestCaseExecutor.accessMainPhase(TestCaseExecutor.java:404)
	at com.kms.katalon.core.main.TestCaseExecutor.execute(TestCaseExecutor.java:281)
	at com.kms.katalon.core.main.TestCaseExecutor.execute(TestCaseExecutor.java:363)
	at com.kms.katalon.core.main.TestCaseExecutor.execute(TestCaseExecutor.java:363)
	at com.kms.katalon.core.main.TestCaseExecutor.execute(TestCaseExecutor.java:363)
	at com.kms.katalon.core.main.TestSuiteExecutor.accessTestCaseMainPhase(TestSuiteExecutor.java:202)
	at com.kms.katalon.core.main.TestSuiteExecutor.accessTestSuiteMainPhase(TestSuiteExecutor.java:164)
	at com.kms.katalon.core.main.TestSuiteExecutor.execute(TestSuiteExecutor.java:105)
	at com.kms.katalon.core.main.TestCaseMain.startTestSuite(TestCaseMain.java:181)
	at com.kms.katalon.core.main.TestCaseMain$startTestSuite$0.call(Unknown Source)
	at TempTestSuite1642237140139.run(TempTestSuite1642237140139.groovy:36)]]></system-err>
      </testcase>
      <testcase name="Test Cases/Checkout Scenario/Category" time="94.527" classname="Test Cases/Checkout Scenario/Category" status="PASSED">
         <system-out><![CDATA[2022-01-15 11:08:04 - [TEST_CASE][PASSED] - Test Cases/Checkout Scenario/Category: Test Cases/Checkout Scenario/Category

2022-01-15 11:08:04 - [TEST_STEP][PASSED] - GeneralHelpers.initScenario(): Current window's url is: 'https://www.cleanersupply.com/'

2022-01-15 11:08:04 - [MESSAGE][WARNING] - A browser is already opened. Closing browser and opening a new one

2022-01-15 11:08:04 - [MESSAGE][INFO] - Starting 'Chrome' driver

2022-01-15 11:08:04 - [MESSAGE][INFO] - Action delay is set to 0 milliseconds

2022-01-15 11:08:08 - [MESSAGE][PASSED] - Browser is opened with url: ''

2022-01-15 11:08:08 - [MESSAGE][PASSED] - Current window maximized

2022-01-15 11:08:15 - [MESSAGE][PASSED] - Navigate to 'https://www.cleanersupply.com/' successfully

2022-01-15 11:08:18 - [MESSAGE][PASSED] - Wait for page load successfully

2022-01-15 11:08:18 - [MESSAGE][PASSED] - Current window's title is: 'Cleaner's Supply - Dry Cleaning Supplies'

2022-01-15 11:08:18 - [MESSAGE][PASSED] - Current window's title is: 'Cleaner's Supply - Dry Cleaning Supplies'

2022-01-15 11:08:18 - [MESSAGE][PASSED] - Current window's url is: 'https://www.cleanersupply.com/'

2022-01-15 11:08:18 - [TEST_STEP][PASSED] - computerRegister = "Object Repository/Category/a_ComputerRegister": null

2022-01-15 11:08:18 - [TEST_STEP][PASSED] - CategoryScActions.hovertags(): Object: 'Object Repository/Category/a_tags' is hovered

2022-01-15 11:08:19 - [MESSAGE][PASSED] - Object: 'Object Repository/Category/a_tags' is hovered

2022-01-15 11:08:19 - [TEST_STEP][PASSED] - CategorySCHelpers.navigateComputerRegister(): Current window's url is: 'https://www.cleanersupply.com/Tags-Forms/Computer-Register/'

2022-01-15 11:08:20 - [MESSAGE][PASSED] - Object: 'Object Repository/Category/a_ComputerRegister' is hovered

2022-01-15 11:08:25 - [MESSAGE][PASSED] - Object: 'Object Repository/Category/a_ComputerRegister' is clicked on

2022-01-15 11:08:26 - [MESSAGE][PASSED] - Current window's url is: 'https://www.cleanersupply.com/Tags-Forms/Computer-Register/'

2022-01-15 11:08:26 - [TEST_STEP][PASSED] - CategoryValidations.validatespanText(computerRegisterspan): Text of object 'Object Repository/Category/span_omputerRegister' is: 'COMPUTER & REGISTER TAGS & FORMS'

2022-01-15 11:08:28 - [MESSAGE][PASSED] - Text of object 'Object Repository/Category/span_omputerRegister' is: 'COMPUTER & REGISTER TAGS & FORMS'

2022-01-15 11:08:28 - [TEST_STEP][PASSED] - CategoryScActions.getDefaultProjectCategoryFilter(expectedProductNum): Text of object 'Object Repository/Category/h2_productNum' is: '74 PRODUCTS'

2022-01-15 11:08:29 - [MESSAGE][PASSED] - Text of object 'Object Repository/Category/h2_productNum' is: '74 PRODUCTS'

2022-01-15 11:08:29 - [TEST_STEP][PASSED] - CategoryScActions.getDefaultValueOfSortBy(sortByDefault): Text of object 'Object Repository/Category/h2_productNum' is: '74 PRODUCTS'

2022-01-15 11:08:29 - [MESSAGE][PASSED] - Text of object 'Object Repository/Category/h2_productNum' is: '74 PRODUCTS'

2022-01-15 11:08:29 - [TEST_STEP][PASSED] - CategoryScActions.getDefaultManufacturar(manufacturarDefault): Text of object 'Object Repository/Category/span_manuDefault' is: 'Manufacturer'

2022-01-15 11:08:29 - [MESSAGE][PASSED] - Text of object 'Object Repository/Category/span_manuDefault' is: 'Manufacturer'

2022-01-15 11:08:29 - [TEST_STEP][PASSED] - CategoryScActions.getDefaultModal(defaultmodal): Text of object 'Object Repository/Category/span_defaultFilterModal' is: 'Model #'

2022-01-15 11:08:30 - [MESSAGE][PASSED] - Text of object 'Object Repository/Category/span_defaultFilterModal' is: 'Model #'

2022-01-15 11:08:30 - [TEST_STEP][PASSED] - CategoryScActions.clickOnManuWithassertOPened(menuExpandValue): Attribute 'aria-expanded' of object 'Object Repository/Category/span_manuDefault' is: 'null'

2022-01-15 11:08:31 - [MESSAGE][PASSED] - Object: 'Object Repository/Category/span_manuDefault' is clicked on

2022-01-15 11:08:31 - [MESSAGE][PASSED] - Attribute 'aria-expanded' of object 'Object Repository/Category/span_manuDefault' is: 'null'

2022-01-15 11:08:31 - [TEST_STEP][PASSED] - CategorySCHelpers.selectCasioManufacturar(): Text of object 'Object Repository/Category/h2_productNum' is: '2 PRODUCTS'

2022-01-15 11:08:32 - [MESSAGE][PASSED] - Object: 'Object Repository/Category/a_casio' is clicked on

2022-01-15 11:08:33 - [MESSAGE][PASSED] - Attribute 'title' of object 'Object Repository/Category/button_afterSelectCasio' is: 'Casio'

2022-01-15 11:08:34 - [MESSAGE][PASSED] - Text of object 'Object Repository/Category/a_casioSelectedFilter' is: 'Casio'

2022-01-15 11:08:34 - [MESSAGE][PASSED] - Text of object 'Object Repository/Category/h2_productNum' is: '2 PRODUCTS'

2022-01-15 11:08:34 - [TEST_STEP][PASSED] - CategorySCHelpers.selectModalsp1000(): Text of object 'Object Repository/Category/h2_productNum' is: '1 PRODUCT'

2022-01-15 11:08:35 - [MESSAGE][PASSED] - Object 'Object Repository/Category/div_collabse1' has attribute 'aria-expanded' with value 'true'

2022-01-15 11:08:35 - [MESSAGE][PASSED] - Object: 'Object Repository/Category/button_modalNum' is clicked on

2022-01-15 11:08:36 - [MESSAGE][PASSED] - Object: 'Object Repository/Category/a_sp001' is clicked on

2022-01-15 11:08:37 - [MESSAGE][PASSED] - Attribute 'title' of object 'Object Repository/Category/a_sp001' is: ''

2022-01-15 11:08:38 - [MESSAGE][PASSED] - Text of object 'Object Repository/Category/A_SP001selectedFilter' is: 'SP1000'

2022-01-15 11:08:38 - [MESSAGE][PASSED] - Text of object 'Object Repository/Category/h2_productNum' is: '1 PRODUCT'

2022-01-15 11:08:38 - [TEST_STEP][PASSED] - CategorySCHelpers.EnterCasioSP1000Product(): Object: 'Object Repository/Category/sp001Casiprodoct/a_product' is clicked on

2022-01-15 11:08:39 - [MESSAGE][PASSED] - Text of object 'Object Repository/Category/sp001Casiprodoct/h2_sp1000CasioTitle' is: 'EPSON PRINTER INDELIBOND INK RIBBONS #TM290, ERC27 - 6/BOX'

2022-01-15 11:08:39 - [MESSAGE][PASSED] - Actual object 'EPSON PRINTER INDELIBOND INK RIBBONS #TM290, ERC27 - 6/BOX' and expected object 'EPSON PRINTER INDELIBOND INK RIBBONS #TM290, ERC27 - 6/BOX' are equal

2022-01-15 11:08:39 - [MESSAGE][PASSED] - Text of object 'Object Repository/Category/sp001Casiprodoct/span_SP1000CasioProductMinPrice' is: '$15.54'

2022-01-15 11:08:39 - [MESSAGE][PASSED] - Actual object '$15.54' and expected object '$15.54' are equal

2022-01-15 11:08:39 - [MESSAGE][PASSED] - Text of object 'Object Repository/Category/sp001Casiprodoct/span_sp1000CasioProductMaxPrice' is: '$20.94'

2022-01-15 11:08:39 - [MESSAGE][PASSED] - Actual object '$20.94' and expected object '$20.94' are equal

2022-01-15 11:08:44 - [MESSAGE][PASSED] - Object: 'Object Repository/Category/sp001Casiprodoct/a_product' is clicked on

2022-01-15 11:08:44 - [TEST_STEP][PASSED] - CategorySCHelpers.ValidateCasioSP1000ProductDetails(): Actual object 'EPSON PRINTER INDELIBOND INK RIBBONS #TM290, ERC27 - 6/BOX' and expected object 'EPSON PRINTER INDELIBOND INK RIBBONS #TM290, ERC27 - 6/BOX' are equal

2022-01-15 11:08:46 - [MESSAGE][PASSED] - Text of object 'Object Repository/Category/sp1000CasioProductDetails/h1_sp1000CasioProduct' is: 'EPSON PRINTER INDELIBOND INK RIBBONS #TM290, ERC27 - 6/BOX'

2022-01-15 11:08:46 - [MESSAGE][PASSED] - Actual object 'EPSON PRINTER INDELIBOND INK RIBBONS #TM290, ERC27 - 6/BOX' and expected object 'EPSON PRINTER INDELIBOND INK RIBBONS #TM290, ERC27 - 6/BOX' are equal

2022-01-15 11:08:46 - [TEST_STEP][PASSED] - CategorySCHelpers.enterTenItemsFromProduct(): Current window's title is: 'Epson Printer Indelibond Ink Ribbons #TM290, ERC27 - 6/Box - Cleaner's Supply'

2022-01-15 11:08:46 - [MESSAGE][PASSED] - Text of object 'Object Repository/Category/span_badge' is: '0'

2022-01-15 11:08:46 - [MESSAGE][PASSED] - Actual object '0' and expected object '0' are equal

2022-01-15 11:08:47 - [MESSAGE][PASSED] - Text of object 'Object Repository/Category/sp1000CasioProductDetails/input_quantity' is cleared

2022-01-15 11:08:47 - [MESSAGE][PASSED] - Keys 'BACK_SPACE + ' sent to object: 'Object Repository/Category/sp1000CasioProductDetails/input_quantity'

2022-01-15 11:08:48 - [MESSAGE][PASSED] - Text '10' is set on object 'Object Repository/Category/sp1000CasioProductDetails/input_quantity'

2022-01-15 11:08:49 - [MESSAGE][PASSED] - Object: 'Object Repository/Category/sp1000CasioProductDetails/h1_sp1000CasioProduct' is clicked on

2022-01-15 11:08:49 - [MESSAGE][PASSED] - Object: 'Object Repository/Category/sp1000CasioProductDetails/button_addToCart' is clicked on

2022-01-15 11:08:51 - [MESSAGE][PASSED] - Text of object 'Object Repository/Category/span_badge' is: '1'

2022-01-15 11:08:51 - [MESSAGE][PASSED] - Actual object '1' and expected object '1' are equal

2022-01-15 11:08:51 - [MESSAGE][PASSED] - Current window's title is: 'Epson Printer Indelibond Ink Ribbons #TM290, ERC27 - 6/Box - Cleaner's Supply'

2022-01-15 11:08:51 - [TEST_STEP][PASSED] - CategorySCHelpers.checkMeniCartBadge(): Actual object '155.4' and expected object '155.4' are equal

2022-01-15 11:08:51 - [MESSAGE][PASSED] - Text of object 'Object Repository/Category/labelCart' is: '$155.40'

2022-01-15 11:08:51 - [MESSAGE][PASSED] - Actual object '155.4' and expected object '155.4' are equal

2022-01-15 11:08:51 - [TEST_STEP][PASSED] - CategorySCHelpers.navigateToCart(): Current window's title is: 'Shopping Cart - Cleaner's Supply'

2022-01-15 11:08:55 - [MESSAGE][PASSED] - Object: 'Object Repository/Category/a_cart' is clicked on

2022-01-15 11:08:55 - [MESSAGE][PASSED] - Current window's url is: 'https://www.cleanersupply.com/shopping-cart/'

2022-01-15 11:08:55 - [MESSAGE][PASSED] - Current window's title is: 'Shopping Cart - Cleaner's Supply'

2022-01-15 11:08:55 - [TEST_STEP][PASSED] - navigateToUrl("https://www.cleanersupply.com/checkout/"): Navigate to 'https://www.cleanersupply.com/checkout/' successfully

2022-01-15 11:08:57 - [MESSAGE][PASSED] - Navigate to 'https://www.cleanersupply.com/checkout/' successfully

2022-01-15 11:08:57 - [TEST_STEP][PASSED] - maximizeWindow(): Current window maximized

2022-01-15 11:08:57 - [MESSAGE][PASSED] - Current window maximized

2022-01-15 11:08:57 - [TEST_STEP][PASSED] - checkOutFormHelper.fillCheckOutForm(): Object: 'Object Repository/CheckOutForm/a_reviewOrder' is clicked on

2022-01-15 11:08:57 - [MESSAGE][PASSED] - Current window's title is: 'Checkout - Cleaner's Supply'

2022-01-15 11:08:57 - [MESSAGE][PASSED] - Current window's url is: 'https://www.cleanersupply.com/checkout/'

2022-01-15 11:08:58 - [MESSAGE][PASSED] - Text of object 'Object Repository/CheckOutForm/h1_checkOutHeader' is: 'CHECKOUT'

2022-01-15 11:08:59 - [MESSAGE][PASSED] - Object: 'Object Repository/CheckOutForm/input_company' is focused

2022-01-15 11:08:59 - [MESSAGE][PASSED] - Get CSS 'box-shadow' value on 'Object Repository/CheckOutForm/input_company' successfully: 'rgb(99, 99, 99) 0px -3px 0px 0px inset'.

2022-01-15 11:09:00 - [MESSAGE][PASSED] - Get CSS 'border-color' value on 'Object Repository/CheckOutForm/input_company' successfully: 'rgb(99, 99, 99)'.

2022-01-15 11:09:00 - [MESSAGE][PASSED] - Actual object 'rgb(99, 99, 99) 0px -3px 0px 0px inset' and expected object 'rgb(99, 99, 99) 0px -3px 0px 0px inset' are equal

2022-01-15 11:09:00 - [MESSAGE][PASSED] - Actual object 'rgb(99, 99, 99)' and expected object 'rgb(99, 99, 99)' are equal

2022-01-15 11:09:00 - [MESSAGE][PASSED] - Text 'testCompany' is set on object 'Object Repository/CheckOutForm/input_company'

2022-01-15 11:09:01 - [MESSAGE][PASSED] - Object: 'Object Repository/CheckOutForm/input_fname' is focused

2022-01-15 11:09:01 - [MESSAGE][PASSED] - Get CSS 'box-shadow' value on 'Object Repository/CheckOutForm/input_fname' successfully: 'rgb(99, 99, 99) 0px -3px 0px 0px inset'.

2022-01-15 11:09:02 - [MESSAGE][PASSED] - Get CSS 'border-color' value on 'Object Repository/CheckOutForm/input_fname' successfully: 'rgb(99, 99, 99)'.

2022-01-15 11:09:02 - [MESSAGE][PASSED] - Actual object 'rgb(99, 99, 99) 0px -3px 0px 0px inset' and expected object 'rgb(99, 99, 99) 0px -3px 0px 0px inset' are equal

2022-01-15 11:09:02 - [MESSAGE][PASSED] - Actual object 'rgb(99, 99, 99)' and expected object 'rgb(99, 99, 99)' are equal

2022-01-15 11:09:02 - [MESSAGE][PASSED] - Text 'FNameTest' is set on object 'Object Repository/CheckOutForm/input_fname'

2022-01-15 11:09:03 - [MESSAGE][PASSED] - Object: 'Object Repository/CheckOutForm/input_lNAme' is focused

2022-01-15 11:09:03 - [MESSAGE][PASSED] - Get CSS 'box-shadow' value on 'Object Repository/CheckOutForm/input_lNAme' successfully: 'rgb(99, 99, 99) 0px -3px 0px 0px inset'.

2022-01-15 11:09:03 - [MESSAGE][PASSED] - Get CSS 'border-color' value on 'Object Repository/CheckOutForm/input_lNAme' successfully: 'rgb(99, 99, 99)'.

2022-01-15 11:09:03 - [MESSAGE][PASSED] - Actual object 'rgb(99, 99, 99) 0px -3px 0px 0px inset' and expected object 'rgb(99, 99, 99) 0px -3px 0px 0px inset' are equal

2022-01-15 11:09:03 - [MESSAGE][PASSED] - Actual object 'rgb(99, 99, 99)' and expected object 'rgb(99, 99, 99)' are equal

2022-01-15 11:09:04 - [MESSAGE][PASSED] - Text 'lnameValueTest' is set on object 'Object Repository/CheckOutForm/input_lNAme'

2022-01-15 11:09:05 - [MESSAGE][PASSED] - Object: 'Object Repository/CheckOutForm/input_address' is focused

2022-01-15 11:09:05 - [MESSAGE][PASSED] - Get CSS 'box-shadow' value on 'Object Repository/CheckOutForm/input_address' successfully: 'rgb(99, 99, 99) 0px -3px 0px 0px inset'.

2022-01-15 11:09:05 - [MESSAGE][PASSED] - Get CSS 'border-color' value on 'Object Repository/CheckOutForm/input_address' successfully: 'rgb(99, 99, 99)'.

2022-01-15 11:09:05 - [MESSAGE][PASSED] - Actual object 'rgb(99, 99, 99) 0px -3px 0px 0px inset' and expected object 'rgb(99, 99, 99) 0px -3px 0px 0px inset' are equal

2022-01-15 11:09:05 - [MESSAGE][PASSED] - Actual object 'rgb(99, 99, 99)' and expected object 'rgb(99, 99, 99)' are equal

2022-01-15 11:09:06 - [MESSAGE][PASSED] - Text 'addres1Test' is set on object 'Object Repository/CheckOutForm/input_address'

2022-01-15 11:09:07 - [MESSAGE][PASSED] - Object: 'Object Repository/CheckOutForm/input_address2' is focused

2022-01-15 11:09:07 - [MESSAGE][PASSED] - Get CSS 'box-shadow' value on 'Object Repository/CheckOutForm/input_address2' successfully: 'rgb(99, 99, 99) 0px -3px 0px 0px inset'.

2022-01-15 11:09:07 - [MESSAGE][PASSED] - Get CSS 'border-color' value on 'Object Repository/CheckOutForm/input_address2' successfully: 'rgb(99, 99, 99)'.

2022-01-15 11:09:07 - [MESSAGE][PASSED] - Actual object 'rgb(99, 99, 99) 0px -3px 0px 0px inset' and expected object 'rgb(99, 99, 99) 0px -3px 0px 0px inset' are equal

2022-01-15 11:09:07 - [MESSAGE][PASSED] - Actual object 'rgb(99, 99, 99)' and expected object 'rgb(99, 99, 99)' are equal

2022-01-15 11:09:08 - [MESSAGE][PASSED] - Text 'address2 test' is set on object 'Object Repository/CheckOutForm/input_address2'

2022-01-15 11:09:09 - [MESSAGE][PASSED] - Object: 'Object Repository/CheckOutForm/input_zipCode' is focused

2022-01-15 11:09:09 - [MESSAGE][PASSED] - Get CSS 'box-shadow' value on 'Object Repository/CheckOutForm/input_zipCode' successfully: 'rgb(99, 99, 99) 0px -3px 0px 0px inset'.

2022-01-15 11:09:09 - [MESSAGE][PASSED] - Get CSS 'border-color' value on 'Object Repository/CheckOutForm/input_zipCode' successfully: 'rgb(99, 99, 99)'.

2022-01-15 11:09:09 - [MESSAGE][PASSED] - Actual object 'rgb(99, 99, 99) 0px -3px 0px 0px inset' and expected object 'rgb(99, 99, 99) 0px -3px 0px 0px inset' are equal

2022-01-15 11:09:09 - [MESSAGE][PASSED] - Actual object 'rgb(99, 99, 99)' and expected object 'rgb(99, 99, 99)' are equal

2022-01-15 11:09:10 - [MESSAGE][PASSED] - Text '55555' is set on object 'Object Repository/CheckOutForm/input_zipCode'

2022-01-15 11:09:11 - [MESSAGE][PASSED] - Object: 'Object Repository/CheckOutForm/input_city' is focused

2022-01-15 11:09:11 - [MESSAGE][PASSED] - Get CSS 'box-shadow' value on 'Object Repository/CheckOutForm/input_city' successfully: 'rgb(99, 99, 99) 0px -3px 0px 0px inset'.

2022-01-15 11:09:12 - [MESSAGE][PASSED] - Get CSS 'border-color' value on 'Object Repository/CheckOutForm/input_city' successfully: 'rgb(99, 99, 99)'.

2022-01-15 11:09:12 - [MESSAGE][PASSED] - Actual object 'rgb(99, 99, 99) 0px -3px 0px 0px inset' and expected object 'rgb(99, 99, 99) 0px -3px 0px 0px inset' are equal

2022-01-15 11:09:12 - [MESSAGE][PASSED] - Actual object 'rgb(99, 99, 99)' and expected object 'rgb(99, 99, 99)' are equal

2022-01-15 11:09:12 - [MESSAGE][PASSED] - Text 'Palestine' is set on object 'Object Repository/CheckOutForm/input_city'

2022-01-15 11:09:13 - [MESSAGE][PASSED] - Object: 'Object Repository/CheckOutForm/input_phoneNum' is focused

2022-01-15 11:09:14 - [MESSAGE][PASSED] - Get CSS 'box-shadow' value on 'Object Repository/CheckOutForm/input_phoneNum' successfully: 'rgb(99, 99, 99) 0px -3px 0px 0px inset'.

2022-01-15 11:09:14 - [MESSAGE][PASSED] - Get CSS 'border-color' value on 'Object Repository/CheckOutForm/input_phoneNum' successfully: 'rgb(99, 99, 99)'.

2022-01-15 11:09:14 - [MESSAGE][PASSED] - Actual object 'rgb(99, 99, 99) 0px -3px 0px 0px inset' and expected object 'rgb(99, 99, 99) 0px -3px 0px 0px inset' are equal

2022-01-15 11:09:14 - [MESSAGE][PASSED] - Actual object 'rgb(99, 99, 99)' and expected object 'rgb(99, 99, 99)' are equal

2022-01-15 11:09:15 - [MESSAGE][PASSED] - Text '541-143-1030' is set on object 'Object Repository/CheckOutForm/input_phoneNum'

2022-01-15 11:09:15 - [MESSAGE][PASSED] - Object: 'Object Repository/CheckOutForm/input_phoneExt' is focused

2022-01-15 11:09:16 - [MESSAGE][PASSED] - Get CSS 'box-shadow' value on 'Object Repository/CheckOutForm/input_phoneExt' successfully: 'rgb(99, 99, 99) 0px -3px 0px 0px inset'.

2022-01-15 11:09:16 - [MESSAGE][PASSED] - Get CSS 'border-color' value on 'Object Repository/CheckOutForm/input_phoneExt' successfully: 'rgb(99, 99, 99)'.

2022-01-15 11:09:16 - [MESSAGE][PASSED] - Actual object 'rgb(99, 99, 99) 0px -3px 0px 0px inset' and expected object 'rgb(99, 99, 99) 0px -3px 0px 0px inset' are equal

2022-01-15 11:09:16 - [MESSAGE][PASSED] - Actual object 'rgb(99, 99, 99)' and expected object 'rgb(99, 99, 99)' are equal

2022-01-15 11:09:17 - [MESSAGE][PASSED] - Text '1' is set on object 'Object Repository/CheckOutForm/input_phoneExt'

2022-01-15 11:09:17 - [MESSAGE][PASSED] - Object: 'Object Repository/CheckOutForm/input_phoneExt' is focused

2022-01-15 11:09:17 - [MESSAGE][PASSED] - Get CSS 'box-shadow' value on 'Object Repository/CheckOutForm/input_phoneExt' successfully: 'rgb(99, 99, 99) 0px -3px 0px 0px inset'.

2022-01-15 11:09:18 - [MESSAGE][PASSED] - Get CSS 'border-color' value on 'Object Repository/CheckOutForm/input_phoneExt' successfully: 'rgb(99, 99, 99)'.

2022-01-15 11:09:18 - [MESSAGE][PASSED] - Actual object 'rgb(99, 99, 99) 0px -3px 0px 0px inset' and expected object 'rgb(99, 99, 99) 0px -3px 0px 0px inset' are equal

2022-01-15 11:09:18 - [MESSAGE][PASSED] - Actual object 'rgb(99, 99, 99)' and expected object 'rgb(99, 99, 99)' are equal

2022-01-15 11:09:19 - [MESSAGE][PASSED] - Text '1' is set on object 'Object Repository/CheckOutForm/input_phoneExt'

2022-01-15 11:09:20 - [MESSAGE][PASSED] - Object: 'Object Repository/CheckOutForm/input_email' is focused

2022-01-15 11:09:20 - [MESSAGE][PASSED] - Get CSS 'box-shadow' value on 'Object Repository/CheckOutForm/input_email' successfully: 'rgb(99, 99, 99) 0px -3px 0px 0px inset'.

2022-01-15 11:09:20 - [MESSAGE][PASSED] - Get CSS 'border-color' value on 'Object Repository/CheckOutForm/input_email' successfully: 'rgb(99, 99, 99)'.

2022-01-15 11:09:20 - [MESSAGE][PASSED] - Actual object 'rgb(99, 99, 99) 0px -3px 0px 0px inset' and expected object 'rgb(99, 99, 99) 0px -3px 0px 0px inset' are equal

2022-01-15 11:09:20 - [MESSAGE][PASSED] - Actual object 'rgb(99, 99, 99)' and expected object 'rgb(99, 99, 99)' are equal

2022-01-15 11:09:21 - [MESSAGE][PASSED] - Text 'test@test.com' is set on object 'Object Repository/CheckOutForm/input_email'

2022-01-15 11:09:22 - [MESSAGE][PASSED] - Object: 'Object Repository/CheckOutForm/button_state' is clicked on

2022-01-15 11:09:22 - [MESSAGE][PASSED] - Object 'Object Repository/CheckOutForm/button_state' has attribute 'aria-expanded' with value 'true'

2022-01-15 11:09:23 - [MESSAGE][PASSED] - Object: 'Object Repository/CheckOutForm/a_state' is clicked on

2022-01-15 11:09:25 - [MESSAGE][PASSED] - Text of object 'Object Repository/CheckOutForm/span_selectedState' is: 'Arizona'

2022-01-15 11:09:26 - [MESSAGE][PASSED] - Object: 'Object Repository/CheckOutForm/input_creditCardName' is focused

2022-01-15 11:09:26 - [MESSAGE][PASSED] - Get CSS 'box-shadow' value on 'Object Repository/CheckOutForm/input_creditCardName' successfully: 'rgb(99, 99, 99) 0px -3px 0px 0px inset'.

2022-01-15 11:09:27 - [MESSAGE][PASSED] - Get CSS 'border-color' value on 'Object Repository/CheckOutForm/input_creditCardName' successfully: 'rgb(99, 99, 99)'.

2022-01-15 11:09:27 - [MESSAGE][PASSED] - Actual object 'rgb(99, 99, 99) 0px -3px 0px 0px inset' and expected object 'rgb(99, 99, 99) 0px -3px 0px 0px inset' are equal

2022-01-15 11:09:27 - [MESSAGE][PASSED] - Actual object 'rgb(99, 99, 99)' and expected object 'rgb(99, 99, 99)' are equal

2022-01-15 11:09:28 - [MESSAGE][PASSED] - Text 'Razan' is set on object 'Object Repository/CheckOutForm/input_creditCardName'

2022-01-15 11:09:28 - [MESSAGE][PASSED] - Object: 'Object Repository/CheckOutForm/input_cardNumber' is focused

2022-01-15 11:09:29 - [MESSAGE][PASSED] - Get CSS 'box-shadow' value on 'Object Repository/CheckOutForm/input_cardNumber' successfully: 'rgb(99, 99, 99) 0px -3px 0px 0px inset'.

2022-01-15 11:09:29 - [MESSAGE][PASSED] - Get CSS 'border-color' value on 'Object Repository/CheckOutForm/input_cardNumber' successfully: 'rgb(99, 99, 99)'.

2022-01-15 11:09:30 - [MESSAGE][PASSED] - Actual object 'rgb(99, 99, 99) 0px -3px 0px 0px inset' and expected object 'rgb(99, 99, 99) 0px -3px 0px 0px inset' are equal

2022-01-15 11:09:30 - [MESSAGE][PASSED] - Actual object 'rgb(99, 99, 99)' and expected object 'rgb(99, 99, 99)' are equal

2022-01-15 11:09:30 - [MESSAGE][PASSED] - Text '379936489179273' is set on object 'Object Repository/CheckOutForm/input_cardNumber'

2022-01-15 11:09:31 - [MESSAGE][PASSED] - Object: 'Object Repository/CheckOutForm/input_cvv' is focused

2022-01-15 11:09:31 - [MESSAGE][PASSED] - Get CSS 'box-shadow' value on 'Object Repository/CheckOutForm/input_cvv' successfully: 'rgb(99, 99, 99) 0px -3px 0px 0px inset'.

2022-01-15 11:09:31 - [MESSAGE][PASSED] - Get CSS 'border-color' value on 'Object Repository/CheckOutForm/input_cvv' successfully: 'rgb(99, 99, 99)'.

2022-01-15 11:09:32 - [MESSAGE][PASSED] - Actual object 'rgb(99, 99, 99) 0px -3px 0px 0px inset' and expected object 'rgb(99, 99, 99) 0px -3px 0px 0px inset' are equal

2022-01-15 11:09:32 - [MESSAGE][PASSED] - Actual object 'rgb(99, 99, 99)' and expected object 'rgb(99, 99, 99)' are equal

2022-01-15 11:09:32 - [MESSAGE][PASSED] - Text '2222' is set on object 'Object Repository/CheckOutForm/input_cvv'

2022-01-15 11:09:33 - [MESSAGE][PASSED] - Object: 'Object Repository/CheckOutForm/button_expirationDate' is clicked on

2022-01-15 11:09:34 - [MESSAGE][PASSED] - Object: 'Object Repository/CheckOutForm/button_expirationYear' is clicked on

2022-01-15 11:09:35 - [MESSAGE][PASSED] - Object: 'Object Repository/CheckOutForm/input_PO' is focused

2022-01-15 11:09:36 - [MESSAGE][PASSED] - Get CSS 'box-shadow' value on 'Object Repository/CheckOutForm/input_PO' successfully: 'rgb(99, 99, 99) 0px -3px 0px 0px inset'.

2022-01-15 11:09:36 - [MESSAGE][PASSED] - Get CSS 'border-color' value on 'Object Repository/CheckOutForm/input_PO' successfully: 'rgb(99, 99, 99)'.

2022-01-15 11:09:36 - [MESSAGE][PASSED] - Actual object 'rgb(99, 99, 99) 0px -3px 0px 0px inset' and expected object 'rgb(99, 99, 99) 0px -3px 0px 0px inset' are equal

2022-01-15 11:09:36 - [MESSAGE][PASSED] - Actual object 'rgb(99, 99, 99)' and expected object 'rgb(99, 99, 99)' are equal

2022-01-15 11:09:37 - [MESSAGE][PASSED] - Text 'test1155' is set on object 'Object Repository/CheckOutForm/input_PO'

2022-01-15 11:09:38 - [MESSAGE][PASSED] - Text 'test comment' is set on object 'Object Repository/CheckOutForm/input_comments'

2022-01-15 11:09:38 - [MESSAGE][PASSED] - Object: 'Object Repository/CheckOutForm/a_reviewOrder' is clicked on]]></system-out>
         <system-err><![CDATA[]]></system-err>
      </testcase>
      <system-out><![CDATA[2022-01-15 10:59:43 - [TEST_SUITE][FAILED] - Checkout: Test Cases/Checkout Scenario/Quick Order FAILED.
Reason:
java.lang.AssertionError: Verify summary Refelected to added cart. Expression: flag. Values: flag = false
	at validation.CheckoutPageValidation.verifyAddedProductRefelectDetails(CheckoutPageValidation.groovy:150)
	at validation.CheckoutPageValidation$verifyAddedProductRefelectDetails$3.call(Unknown Source)
	at helpers.CheckoutPageHelpers.initCheckoutPage(CheckoutPageHelpers.groovy:37)
	at helpers.CheckoutPageHelpers$initCheckoutPage.call(Unknown Source)
	at Quick Order.run(Quick Order:92)
	at com.kms.katalon.core.main.ScriptEngine.run(ScriptEngine.java:194)
	at com.kms.katalon.core.main.ScriptEngine.runScriptAsRawText(ScriptEngine.java:119)
	at com.kms.katalon.core.main.TestCaseExecutor.runScript(TestCaseExecutor.java:442)
	at com.kms.katalon.core.main.TestCaseExecutor.doExecute(TestCaseExecutor.java:433)
	at com.kms.katalon.core.main.TestCaseExecutor.processExecutionPhase(TestCaseExecutor.java:412)
	at com.kms.katalon.core.main.TestCaseExecutor.accessMainPhase(TestCaseExecutor.java:404)
	at com.kms.katalon.core.main.TestCaseExecutor.execute(TestCaseExecutor.java:281)
	at com.kms.katalon.core.main.TestSuiteExecutor.accessTestCaseMainPhase(TestSuiteExecutor.java:202)
	at com.kms.katalon.core.main.TestSuiteExecutor.accessTestSuiteMainPhase(TestSuiteExecutor.java:164)
	at com.kms.katalon.core.main.TestSuiteExecutor.execute(TestSuiteExecutor.java:105)
	at com.kms.katalon.core.main.TestCaseMain.startTestSuite(TestCaseMain.java:181)
	at com.kms.katalon.core.main.TestCaseMain$startTestSuite$0.call(Unknown Source)
	at TempTestSuite1642237140139.run(TempTestSuite1642237140139.groovy:36)]]></system-out>
      <system-err><![CDATA[2022-01-15 10:59:43 - [TEST_SUITE][FAILED] - Checkout: Test Cases/Checkout Scenario/Quick Order FAILED.
Reason:
java.lang.AssertionError: Verify summary Refelected to added cart. Expression: flag. Values: flag = false
	at validation.CheckoutPageValidation.verifyAddedProductRefelectDetails(CheckoutPageValidation.groovy:150)
	at validation.CheckoutPageValidation$verifyAddedProductRefelectDetails$3.call(Unknown Source)
	at helpers.CheckoutPageHelpers.initCheckoutPage(CheckoutPageHelpers.groovy:37)
	at helpers.CheckoutPageHelpers$initCheckoutPage.call(Unknown Source)
	at Quick Order.run(Quick Order:92)
	at com.kms.katalon.core.main.ScriptEngine.run(ScriptEngine.java:194)
	at com.kms.katalon.core.main.ScriptEngine.runScriptAsRawText(ScriptEngine.java:119)
	at com.kms.katalon.core.main.TestCaseExecutor.runScript(TestCaseExecutor.java:442)
	at com.kms.katalon.core.main.TestCaseExecutor.doExecute(TestCaseExecutor.java:433)
	at com.kms.katalon.core.main.TestCaseExecutor.processExecutionPhase(TestCaseExecutor.java:412)
	at com.kms.katalon.core.main.TestCaseExecutor.accessMainPhase(TestCaseExecutor.java:404)
	at com.kms.katalon.core.main.TestCaseExecutor.execute(TestCaseExecutor.java:281)
	at com.kms.katalon.core.main.TestSuiteExecutor.accessTestCaseMainPhase(TestSuiteExecutor.java:202)
	at com.kms.katalon.core.main.TestSuiteExecutor.accessTestSuiteMainPhase(TestSuiteExecutor.java:164)
	at com.kms.katalon.core.main.TestSuiteExecutor.execute(TestSuiteExecutor.java:105)
	at com.kms.katalon.core.main.TestCaseMain.startTestSuite(TestCaseMain.java:181)
	at com.kms.katalon.core.main.TestCaseMain$startTestSuite$0.call(Unknown Source)
	at TempTestSuite1642237140139.run(TempTestSuite1642237140139.groovy:36)]]></system-err>
   </testsuite>
   <testsuite name="Header" tests="1" failures="0" errors="0" time="42.655" skipped="0" timestamp="2022-01-15 11:09:43" hostname="waleedafifi - localhost" id="Test Suites/Header">
      <properties>
         <property name="deviceName" value=""/>
         <property name="devicePlatform" value=""/>
         <property name="logFolder" value="/Users/waleedafifi/git/cleanersupply/Reports/20220115_105856/Header/20220115_105902"/>
         <property name="logFiles" value="/Users/waleedafifi/git/cleanersupply/Reports/20220115_105856/Header/20220115_105902/execution0.log"/>
         <property name="attachments" value=""/>
         <property name="hostName" value="waleedafifi - localhost"/>
         <property name="os" value="Mac OS X 64bit"/>
         <property name="katalonVersion" value="8.2.0.208"/>
         <property name="browser" value="Chrome 97.0.4692.71"/>
         <property name="hostAddress" value="127.0.0.1"/>
         <property name="sessionId" value="912aa420a27e3c977902bb25cccb1b22"/>
         <property name="seleniumVersion" value="3.141.59"/>
         <property name="proxyInformation" value="ProxyInformation { proxyOption=NO_PROXY, proxyServerType=HTTP, username=, password=********, proxyServerAddress=, proxyServerPort=0, executionList=&quot;&quot;, isApplyToDesiredCapabilities=true }"/>
         <property name="platform" value="Mac OS X"/>
      </properties>
      <testcase name="Test Cases/Header/Primary Header TC" time="42.215" classname="Test Cases/Header/Primary Header TC" status="PASSED">
         <system-out><![CDATA[2022-01-15 11:09:44 - [TEST_CASE][PASSED] - Test Cases/Header/Primary Header TC: Test Cases/Header/Primary Header TC

2022-01-15 11:09:44 - [TEST_STEP][PASSED] - GeneralHelpers.initScenario(): Current window's url is: 'https://www.cleanersupply.com/'

2022-01-15 11:09:44 - [MESSAGE][INFO] - Starting 'Chrome' driver

2022-01-15 11:09:44 - [MESSAGE][INFO] - Action delay is set to 0 milliseconds

2022-01-15 11:09:50 - [MESSAGE][PASSED] - Browser is opened with url: ''

2022-01-15 11:09:50 - [MESSAGE][PASSED] - Current window maximized

2022-01-15 11:10:14 - [MESSAGE][PASSED] - Navigate to 'https://www.cleanersupply.com/' successfully

2022-01-15 11:10:14 - [MESSAGE][PASSED] - Wait for page load successfully

2022-01-15 11:10:14 - [MESSAGE][PASSED] - Current window's title is: 'Cleaner's Supply - Dry Cleaning Supplies'

2022-01-15 11:10:14 - [MESSAGE][PASSED] - Current window's title is: 'Cleaner's Supply - Dry Cleaning Supplies'

2022-01-15 11:10:14 - [MESSAGE][PASSED] - Current window's url is: 'https://www.cleanersupply.com/'

2022-01-15 11:10:14 - [TEST_STEP][PASSED] - PrimaryHeaderHelpers.topNav(): Object 'Object Repository/Primary Header/button_myAccount' is present

2022-01-15 11:10:16 - [MESSAGE][PASSED] - Get CSS 'background-color' value on 'Object Repository/Primary Header/div_navTop' successfully: 'rgba(255, 200, 11, 1)'.

2022-01-15 11:10:16 - [MESSAGE][PASSED] - Object 'Object Repository/Primary Header/div_navTop' is present

2022-01-15 11:10:17 - [MESSAGE][PASSED] - Object 'Object Repository/Primary Header/div_headerSearch' is present

2022-01-15 11:10:17 - [MESSAGE][PASSED] - Object 'Object Repository/Primary Header/a_quickOrder' is present

2022-01-15 11:10:18 - [MESSAGE][PASSED] - Object 'Object Repository/Primary Header/img_logo' is present

2022-01-15 11:10:18 - [MESSAGE][PASSED] - Get CSS 'width' value on 'Object Repository/Primary Header/img_logo' successfully: '121px'.

2022-01-15 11:10:19 - [MESSAGE][PASSED] - Object 'Object Repository/Primary Header/header' is present

2022-01-15 11:10:19 - [MESSAGE][PASSED] - Object 'Object Repository/Primary Header/a_cart' is present

2022-01-15 11:10:19 - [MESSAGE][PASSED] - Object 'Object Repository/Primary Header/button_myAccount' is present

2022-01-15 11:10:19 - [TEST_STEP][PASSED] - PrimaryHeaderHelpers.rightLinkehoverEffect(): Get CSS 'color' value on 'Object Repository/Primary Header/i_iconReOrder' successfully: 'rgba(82, 36, 127, 1)'.

2022-01-15 11:10:20 - [MESSAGE][PASSED] - Object: 'Object Repository/Primary Header/button_myAccount' is hovered

2022-01-15 11:10:20 - [MESSAGE][PASSED] - Get CSS 'color' value on 'Object Repository/Primary Header/i_iconMyAccount' successfully: 'rgba(82, 36, 127, 1)'.

2022-01-15 11:10:21 - [MESSAGE][PASSED] - Object: 'Object Repository/Primary Header/a_quickOrder' is hovered

2022-01-15 11:10:21 - [MESSAGE][PASSED] - Get CSS 'color' value on 'Object Repository/Primary Header/i_iconQuickOrder' successfully: 'rgba(82, 36, 127, 1)'.

2022-01-15 11:10:22 - [MESSAGE][PASSED] - Object: 'Object Repository/Primary Header/a_reOrder' is hovered

2022-01-15 11:10:22 - [MESSAGE][PASSED] - Get CSS 'color' value on 'Object Repository/Primary Header/i_iconReOrder' successfully: 'rgba(82, 36, 127, 1)'.

2022-01-15 11:10:22 - [TEST_STEP][PASSED] - PrimaryHeaderHelpers.cartLinkHover(): Text of object 'Object Repository/Primary Header/span_emptCart' is: 'YOUR CART IS EMPTY
AND VERY SAD'

2022-01-15 11:10:23 - [MESSAGE][PASSED] - Object: 'Object Repository/Primary Header/a_cart' is hovered

2022-01-15 11:10:23 - [MESSAGE][PASSED] - Get CSS 'background-color' value on 'Object Repository/Mini Cart/a_miniCartLink' successfully: 'rgba(255, 255, 255, 1)'.

2022-01-15 11:10:24 - [MESSAGE][PASSED] - Get CSS 'color' value on 'Object Repository/Mini Cart/a_miniCartLink' successfully: 'rgba(82, 36, 127, 1)'.

2022-01-15 11:10:24 - [MESSAGE][PASSED] - Object 'Object Repository/Mini Cart/div_miniCartDropDown' is present

2022-01-15 11:10:25 - [MESSAGE][PASSED] - Text of object 'Object Repository/Primary Header/span_emptCart' is: 'YOUR CART IS EMPTY
AND VERY SAD'

2022-01-15 11:10:25 - [TEST_STEP][PASSED] - PrimaryHeaderHelpers.myAccountButton(): Object 'Object Repository/Primary Header/My Account/div.accountDropDown' is present

2022-01-15 11:10:25 - [MESSAGE][PASSED] - Object: 'Object Repository/Primary Header/button_myAccount' is clicked on

2022-01-15 11:10:25 - [MESSAGE][PASSED] - Attribute 'class' of object 'Object Repository/Primary Header/li_myAccount' is: 'dropdown hidden-mobile account-container open'

2022-01-15 11:10:26 - [MESSAGE][PASSED] - Object 'Object Repository/Primary Header/My Account/div.accountDropDown' is present]]></system-out>
         <system-err><![CDATA[]]></system-err>
      </testcase>
      <system-out><![CDATA[2022-01-15 11:09:43 - [TEST_SUITE][PASSED] - Header: Test Cases/Header/Primary Header TC]]></system-out>
      <system-err><![CDATA[]]></system-err>
   </testsuite>
   <testsuite name="Header" tests="1" failures="1" errors="0" time="95.288" skipped="0" timestamp="2022-01-15 11:10:30" hostname="waleedafifi - localhost" id="Test Suites/Header">
      <properties>
         <property name="deviceName" value=""/>
         <property name="devicePlatform" value=""/>
         <property name="logFolder" value="/Users/waleedafifi/git/cleanersupply/Reports/20220115_105856/Header/20220115_105904"/>
         <property name="logFiles" value="/Users/waleedafifi/git/cleanersupply/Reports/20220115_105856/Header/20220115_105904/execution0.log"/>
         <property name="attachments" value=""/>
         <property name="hostName" value="waleedafifi - localhost"/>
         <property name="os" value="Mac OS X 64bit"/>
         <property name="katalonVersion" value="8.2.0.208"/>
         <property name="browser" value="Firefox 95.0"/>
         <property name="hostAddress" value="127.0.0.1"/>
         <property name="sessionId" value="a83c1837-7cee-4af8-bf4d-1c593282c547"/>
         <property name="seleniumVersion" value="3.141.59"/>
         <property name="proxyInformation" value="ProxyInformation { proxyOption=NO_PROXY, proxyServerType=HTTP, username=, password=********, proxyServerAddress=, proxyServerPort=0, executionList=&quot;&quot;, isApplyToDesiredCapabilities=true }"/>
         <property name="platform" value="Mac OS X"/>
      </properties>
      <testcase name="Test Cases/Header/Primary Header TC" time="23.629" classname="Test Cases/Header/Primary Header TC" status="FAILED">
         <failure type="FAILED" message="Test Cases/Header/Primary Header TC FAILED.
Reason:
Assertion failed: 

assert WebUI.getCSSValue(topNav, 'background-color').equals('rgba(255, 200, 11, 1)')
             |           |                           |
             |           |                           false
             |           TestObject - 'Object Repository/Primary Header/div_navTop'
             rgb(255, 200, 11)

	at validation.PrimaryHeaderValidations.verifyTopNavStyle(PrimaryHeaderValidations.groovy:66)
	at validation.PrimaryHeaderValidations$verifyTopNavStyle.call(Unknown Source)
	at helpers.PrimaryHeaderHelpers.topNav(PrimaryHeaderHelpers.groovy:29)
	at helpers.PrimaryHeaderHelpers$topNav.call(Unknown Source)
	at Primary Header TC.run(Primary Header TC:24)
	at com.kms.katalon.core.main.ScriptEngine.run(ScriptEngine.java:194)
	at com.kms.katalon.core.main.ScriptEngine.runScriptAsRawText(ScriptEngine.java:119)
	at com.kms.katalon.core.main.TestCaseExecutor.runScript(TestCaseExecutor.java:442)
	at com.kms.katalon.core.main.TestCaseExecutor.doExecute(TestCaseExecutor.java:433)
	at com.kms.katalon.core.main.TestCaseExecutor.processExecutionPhase(TestCaseExecutor.java:412)
	at com.kms.katalon.core.main.TestCaseExecutor.accessMainPhase(TestCaseExecutor.java:404)
	at com.kms.katalon.core.main.TestCaseExecutor.execute(TestCaseExecutor.java:281)
	at com.kms.katalon.core.main.TestCaseExecutor.execute(TestCaseExecutor.java:363)
	at com.kms.katalon.core.main.TestCaseExecutor.execute(TestCaseExecutor.java:363)
	at com.kms.katalon.core.main.TestCaseExecutor.execute(TestCaseExecutor.java:363)
	at com.kms.katalon.core.main.TestSuiteExecutor.accessTestCaseMainPhase(TestSuiteExecutor.java:202)
	at com.kms.katalon.core.main.TestSuiteExecutor.accessTestSuiteMainPhase(TestSuiteExecutor.java:164)
	at com.kms.katalon.core.main.TestSuiteExecutor.execute(TestSuiteExecutor.java:105)
	at com.kms.katalon.core.main.TestCaseMain.startTestSuite(TestCaseMain.java:181)
	at com.kms.katalon.core.main.TestCaseMain$startTestSuite$0.call(Unknown Source)
	at TempTestSuite1642237144425.run(TempTestSuite1642237144425.groovy:36)
"/>
         <system-out><![CDATA[2022-01-15 11:11:42 - [TEST_CASE][FAILED] - Test Cases/Header/Primary Header TC: Test Cases/Header/Primary Header TC FAILED.
Reason:
Assertion failed: 

assert WebUI.getCSSValue(topNav, 'background-color').equals('rgba(255, 200, 11, 1)')
             |           |                           |
             |           |                           false
             |           TestObject - 'Object Repository/Primary Header/div_navTop'
             rgb(255, 200, 11)

	at validation.PrimaryHeaderValidations.verifyTopNavStyle(PrimaryHeaderValidations.groovy:66)
	at validation.PrimaryHeaderValidations$verifyTopNavStyle.call(Unknown Source)
	at helpers.PrimaryHeaderHelpers.topNav(PrimaryHeaderHelpers.groovy:29)
	at helpers.PrimaryHeaderHelpers$topNav.call(Unknown Source)
	at Primary Header TC.run(Primary Header TC:24)
	at com.kms.katalon.core.main.ScriptEngine.run(ScriptEngine.java:194)
	at com.kms.katalon.core.main.ScriptEngine.runScriptAsRawText(ScriptEngine.java:119)
	at com.kms.katalon.core.main.TestCaseExecutor.runScript(TestCaseExecutor.java:442)
	at com.kms.katalon.core.main.TestCaseExecutor.doExecute(TestCaseExecutor.java:433)
	at com.kms.katalon.core.main.TestCaseExecutor.processExecutionPhase(TestCaseExecutor.java:412)
	at com.kms.katalon.core.main.TestCaseExecutor.accessMainPhase(TestCaseExecutor.java:404)
	at com.kms.katalon.core.main.TestCaseExecutor.execute(TestCaseExecutor.java:281)
	at com.kms.katalon.core.main.TestCaseExecutor.execute(TestCaseExecutor.java:363)
	at com.kms.katalon.core.main.TestCaseExecutor.execute(TestCaseExecutor.java:363)
	at com.kms.katalon.core.main.TestCaseExecutor.execute(TestCaseExecutor.java:363)
	at com.kms.katalon.core.main.TestSuiteExecutor.accessTestCaseMainPhase(TestSuiteExecutor.java:202)
	at com.kms.katalon.core.main.TestSuiteExecutor.accessTestSuiteMainPhase(TestSuiteExecutor.java:164)
	at com.kms.katalon.core.main.TestSuiteExecutor.execute(TestSuiteExecutor.java:105)
	at com.kms.katalon.core.main.TestCaseMain.startTestSuite(TestCaseMain.java:181)
	at com.kms.katalon.core.main.TestCaseMain$startTestSuite$0.call(Unknown Source)
	at TempTestSuite1642237144425.run(TempTestSuite1642237144425.groovy:36)


2022-01-15 11:11:42 - [TEST_STEP][PASSED] - GeneralHelpers.initScenario(): Current window's url is: 'https://www.cleanersupply.com/'

2022-01-15 11:11:42 - [MESSAGE][WARNING] - A browser is already opened. Closing browser and opening a new one

2022-01-15 11:11:42 - [MESSAGE][INFO] - Starting 'Firefox' driver

2022-01-15 11:11:42 - [MESSAGE][INFO] - Action delay is set to 0 milliseconds

2022-01-15 11:11:46 - [MESSAGE][PASSED] - Browser is opened with url: ''

2022-01-15 11:11:46 - [MESSAGE][PASSED] - Current window maximized

2022-01-15 11:11:55 - [MESSAGE][PASSED] - Navigate to 'https://www.cleanersupply.com/' successfully

2022-01-15 11:11:55 - [MESSAGE][PASSED] - Wait for page load successfully

2022-01-15 11:11:55 - [MESSAGE][PASSED] - Current window's title is: 'Cleaner's Supply - Dry Cleaning Supplies'

2022-01-15 11:11:55 - [MESSAGE][PASSED] - Current window's title is: 'Cleaner's Supply - Dry Cleaning Supplies'

2022-01-15 11:11:55 - [MESSAGE][PASSED] - Current window's url is: 'https://www.cleanersupply.com/'

2022-01-15 11:11:55 - [TEST_STEP][FAILED] - PrimaryHeaderHelpers.topNav(): Test Cases/Header/Primary Header TC FAILED.
Reason:
Assertion failed: 

assert WebUI.getCSSValue(topNav, 'background-color').equals('rgba(255, 200, 11, 1)')
             |           |                           |
             |           |                           false
             |           TestObject - 'Object Repository/Primary Header/div_navTop'
             rgb(255, 200, 11)

	at validation.PrimaryHeaderValidations.verifyTopNavStyle(PrimaryHeaderValidations.groovy:66)
	at validation.PrimaryHeaderValidations$verifyTopNavStyle.call(Unknown Source)
	at helpers.PrimaryHeaderHelpers.topNav(PrimaryHeaderHelpers.groovy:29)
	at helpers.PrimaryHeaderHelpers$topNav.call(Unknown Source)
	at Primary Header TC.run(Primary Header TC:24)
	at com.kms.katalon.core.main.ScriptEngine.run(ScriptEngine.java:194)
	at com.kms.katalon.core.main.ScriptEngine.runScriptAsRawText(ScriptEngine.java:119)
	at com.kms.katalon.core.main.TestCaseExecutor.runScript(TestCaseExecutor.java:442)
	at com.kms.katalon.core.main.TestCaseExecutor.doExecute(TestCaseExecutor.java:433)
	at com.kms.katalon.core.main.TestCaseExecutor.processExecutionPhase(TestCaseExecutor.java:412)
	at com.kms.katalon.core.main.TestCaseExecutor.accessMainPhase(TestCaseExecutor.java:404)
	at com.kms.katalon.core.main.TestCaseExecutor.execute(TestCaseExecutor.java:281)
	at com.kms.katalon.core.main.TestCaseExecutor.execute(TestCaseExecutor.java:363)
	at com.kms.katalon.core.main.TestCaseExecutor.execute(TestCaseExecutor.java:363)
	at com.kms.katalon.core.main.TestCaseExecutor.execute(TestCaseExecutor.java:363)
	at com.kms.katalon.core.main.TestSuiteExecutor.accessTestCaseMainPhase(TestSuiteExecutor.java:202)
	at com.kms.katalon.core.main.TestSuiteExecutor.accessTestSuiteMainPhase(TestSuiteExecutor.java:164)
	at com.kms.katalon.core.main.TestSuiteExecutor.execute(TestSuiteExecutor.java:105)
	at com.kms.katalon.core.main.TestCaseMain.startTestSuite(TestCaseMain.java:181)
	at com.kms.katalon.core.main.TestCaseMain$startTestSuite$0.call(Unknown Source)
	at TempTestSuite1642237144425.run(TempTestSuite1642237144425.groovy:36)


2022-01-15 11:12:05 - [MESSAGE][PASSED] - Get CSS 'background-color' value on 'Object Repository/Primary Header/div_navTop' successfully: 'rgb(255, 200, 11)'.

2022-01-15 11:12:05 - [MESSAGE][FAILED] - Test Cases/Header/Primary Header TC FAILED.
Reason:
Assertion failed: 

assert WebUI.getCSSValue(topNav, 'background-color').equals('rgba(255, 200, 11, 1)')
             |           |                           |
             |           |                           false
             |           TestObject - 'Object Repository/Primary Header/div_navTop'
             rgb(255, 200, 11)

	at validation.PrimaryHeaderValidations.verifyTopNavStyle(PrimaryHeaderValidations.groovy:66)
	at validation.PrimaryHeaderValidations$verifyTopNavStyle.call(Unknown Source)
	at helpers.PrimaryHeaderHelpers.topNav(PrimaryHeaderHelpers.groovy:29)
	at helpers.PrimaryHeaderHelpers$topNav.call(Unknown Source)
	at Primary Header TC.run(Primary Header TC:24)
	at com.kms.katalon.core.main.ScriptEngine.run(ScriptEngine.java:194)
	at com.kms.katalon.core.main.ScriptEngine.runScriptAsRawText(ScriptEngine.java:119)
	at com.kms.katalon.core.main.TestCaseExecutor.runScript(TestCaseExecutor.java:442)
	at com.kms.katalon.core.main.TestCaseExecutor.doExecute(TestCaseExecutor.java:433)
	at com.kms.katalon.core.main.TestCaseExecutor.processExecutionPhase(TestCaseExecutor.java:412)
	at com.kms.katalon.core.main.TestCaseExecutor.accessMainPhase(TestCaseExecutor.java:404)
	at com.kms.katalon.core.main.TestCaseExecutor.execute(TestCaseExecutor.java:281)
	at com.kms.katalon.core.main.TestCaseExecutor.execute(TestCaseExecutor.java:363)
	at com.kms.katalon.core.main.TestCaseExecutor.execute(TestCaseExecutor.java:363)
	at com.kms.katalon.core.main.TestCaseExecutor.execute(TestCaseExecutor.java:363)
	at com.kms.katalon.core.main.TestSuiteExecutor.accessTestCaseMainPhase(TestSuiteExecutor.java:202)
	at com.kms.katalon.core.main.TestSuiteExecutor.accessTestSuiteMainPhase(TestSuiteExecutor.java:164)
	at com.kms.katalon.core.main.TestSuiteExecutor.execute(TestSuiteExecutor.java:105)
	at com.kms.katalon.core.main.TestCaseMain.startTestSuite(TestCaseMain.java:181)
	at com.kms.katalon.core.main.TestCaseMain$startTestSuite$0.call(Unknown Source)
	at TempTestSuite1642237144425.run(TempTestSuite1642237144425.groovy:36)]]></system-out>
         <system-err><![CDATA[2022-01-15 11:11:42 - [TEST_CASE][FAILED] - Test Cases/Header/Primary Header TC: Test Cases/Header/Primary Header TC FAILED.
Reason:
Assertion failed: 

assert WebUI.getCSSValue(topNav, 'background-color').equals('rgba(255, 200, 11, 1)')
             |           |                           |
             |           |                           false
             |           TestObject - 'Object Repository/Primary Header/div_navTop'
             rgb(255, 200, 11)

	at validation.PrimaryHeaderValidations.verifyTopNavStyle(PrimaryHeaderValidations.groovy:66)
	at validation.PrimaryHeaderValidations$verifyTopNavStyle.call(Unknown Source)
	at helpers.PrimaryHeaderHelpers.topNav(PrimaryHeaderHelpers.groovy:29)
	at helpers.PrimaryHeaderHelpers$topNav.call(Unknown Source)
	at Primary Header TC.run(Primary Header TC:24)
	at com.kms.katalon.core.main.ScriptEngine.run(ScriptEngine.java:194)
	at com.kms.katalon.core.main.ScriptEngine.runScriptAsRawText(ScriptEngine.java:119)
	at com.kms.katalon.core.main.TestCaseExecutor.runScript(TestCaseExecutor.java:442)
	at com.kms.katalon.core.main.TestCaseExecutor.doExecute(TestCaseExecutor.java:433)
	at com.kms.katalon.core.main.TestCaseExecutor.processExecutionPhase(TestCaseExecutor.java:412)
	at com.kms.katalon.core.main.TestCaseExecutor.accessMainPhase(TestCaseExecutor.java:404)
	at com.kms.katalon.core.main.TestCaseExecutor.execute(TestCaseExecutor.java:281)
	at com.kms.katalon.core.main.TestCaseExecutor.execute(TestCaseExecutor.java:363)
	at com.kms.katalon.core.main.TestCaseExecutor.execute(TestCaseExecutor.java:363)
	at com.kms.katalon.core.main.TestCaseExecutor.execute(TestCaseExecutor.java:363)
	at com.kms.katalon.core.main.TestSuiteExecutor.accessTestCaseMainPhase(TestSuiteExecutor.java:202)
	at com.kms.katalon.core.main.TestSuiteExecutor.accessTestSuiteMainPhase(TestSuiteExecutor.java:164)
	at com.kms.katalon.core.main.TestSuiteExecutor.execute(TestSuiteExecutor.java:105)
	at com.kms.katalon.core.main.TestCaseMain.startTestSuite(TestCaseMain.java:181)
	at com.kms.katalon.core.main.TestCaseMain$startTestSuite$0.call(Unknown Source)
	at TempTestSuite1642237144425.run(TempTestSuite1642237144425.groovy:36)]]></system-err>
      </testcase>
      <system-out><![CDATA[2022-01-15 11:10:30 - [TEST_SUITE][FAILED] - Header: Test Cases/Header/Primary Header TC FAILED.
Reason:
Assertion failed: 

assert WebUI.getCSSValue(topNav, 'background-color').equals('rgba(255, 200, 11, 1)')
             |           |                           |
             |           |                           false
             |           TestObject - 'Object Repository/Primary Header/div_navTop'
             rgb(255, 200, 11)

	at validation.PrimaryHeaderValidations.verifyTopNavStyle(PrimaryHeaderValidations.groovy:66)
	at validation.PrimaryHeaderValidations$verifyTopNavStyle.call(Unknown Source)
	at helpers.PrimaryHeaderHelpers.topNav(PrimaryHeaderHelpers.groovy:29)
	at helpers.PrimaryHeaderHelpers$topNav.call(Unknown Source)
	at Primary Header TC.run(Primary Header TC:24)
	at com.kms.katalon.core.main.ScriptEngine.run(ScriptEngine.java:194)
	at com.kms.katalon.core.main.ScriptEngine.runScriptAsRawText(ScriptEngine.java:119)
	at com.kms.katalon.core.main.TestCaseExecutor.runScript(TestCaseExecutor.java:442)
	at com.kms.katalon.core.main.TestCaseExecutor.doExecute(TestCaseExecutor.java:433)
	at com.kms.katalon.core.main.TestCaseExecutor.processExecutionPhase(TestCaseExecutor.java:412)
	at com.kms.katalon.core.main.TestCaseExecutor.accessMainPhase(TestCaseExecutor.java:404)
	at com.kms.katalon.core.main.TestCaseExecutor.execute(TestCaseExecutor.java:281)
	at com.kms.katalon.core.main.TestSuiteExecutor.accessTestCaseMainPhase(TestSuiteExecutor.java:202)
	at com.kms.katalon.core.main.TestSuiteExecutor.accessTestSuiteMainPhase(TestSuiteExecutor.java:164)
	at com.kms.katalon.core.main.TestSuiteExecutor.execute(TestSuiteExecutor.java:105)
	at com.kms.katalon.core.main.TestCaseMain.startTestSuite(TestCaseMain.java:181)
	at com.kms.katalon.core.main.TestCaseMain$startTestSuite$0.call(Unknown Source)
	at TempTestSuite1642237144425.run(TempTestSuite1642237144425.groovy:36)]]></system-out>
      <system-err><![CDATA[2022-01-15 11:10:30 - [TEST_SUITE][FAILED] - Header: Test Cases/Header/Primary Header TC FAILED.
Reason:
Assertion failed: 

assert WebUI.getCSSValue(topNav, 'background-color').equals('rgba(255, 200, 11, 1)')
             |           |                           |
             |           |                           false
             |           TestObject - 'Object Repository/Primary Header/div_navTop'
             rgb(255, 200, 11)

	at validation.PrimaryHeaderValidations.verifyTopNavStyle(PrimaryHeaderValidations.groovy:66)
	at validation.PrimaryHeaderValidations$verifyTopNavStyle.call(Unknown Source)
	at helpers.PrimaryHeaderHelpers.topNav(PrimaryHeaderHelpers.groovy:29)
	at helpers.PrimaryHeaderHelpers$topNav.call(Unknown Source)
	at Primary Header TC.run(Primary Header TC:24)
	at com.kms.katalon.core.main.ScriptEngine.run(ScriptEngine.java:194)
	at com.kms.katalon.core.main.ScriptEngine.runScriptAsRawText(ScriptEngine.java:119)
	at com.kms.katalon.core.main.TestCaseExecutor.runScript(TestCaseExecutor.java:442)
	at com.kms.katalon.core.main.TestCaseExecutor.doExecute(TestCaseExecutor.java:433)
	at com.kms.katalon.core.main.TestCaseExecutor.processExecutionPhase(TestCaseExecutor.java:412)
	at com.kms.katalon.core.main.TestCaseExecutor.accessMainPhase(TestCaseExecutor.java:404)
	at com.kms.katalon.core.main.TestCaseExecutor.execute(TestCaseExecutor.java:281)
	at com.kms.katalon.core.main.TestSuiteExecutor.accessTestCaseMainPhase(TestSuiteExecutor.java:202)
	at com.kms.katalon.core.main.TestSuiteExecutor.accessTestSuiteMainPhase(TestSuiteExecutor.java:164)
	at com.kms.katalon.core.main.TestSuiteExecutor.execute(TestSuiteExecutor.java:105)
	at com.kms.katalon.core.main.TestCaseMain.startTestSuite(TestCaseMain.java:181)
	at com.kms.katalon.core.main.TestCaseMain$startTestSuite$0.call(Unknown Source)
	at TempTestSuite1642237144425.run(TempTestSuite1642237144425.groovy:36)]]></system-err>
   </testsuite>
   <testsuite name="Checkout" tests="3" failures="3" errors="0" time="423.907" skipped="0" timestamp="2022-01-15 11:12:10" hostname="waleedafifi - localhost" id="Test Suites/Checkout">
      <properties>
         <property name="deviceName" value=""/>
         <property name="devicePlatform" value=""/>
         <property name="logFolder" value="/Users/waleedafifi/git/cleanersupply/Reports/20220115_105856/Checkout/20220115_105906"/>
         <property name="logFiles" value="/Users/waleedafifi/git/cleanersupply/Reports/20220115_105856/Checkout/20220115_105906/execution0.log"/>
         <property name="attachments" value="/Users/waleedafifi/git/cleanersupply/Reports/20220115_105856/Checkout/20220115_105906/1642238161932.png, /Users/waleedafifi/git/cleanersupply/Reports/20220115_105856/Checkout/20220115_105906/1642238213663.png, /Users/waleedafifi/git/cleanersupply/Reports/20220115_105856/Checkout/20220115_105906/1642238262344.png, /Users/waleedafifi/git/cleanersupply/Reports/20220115_105856/Checkout/20220115_105906/1642238354160.png"/>
         <property name="hostName" value="waleedafifi - localhost"/>
         <property name="os" value="Mac OS X 64bit"/>
         <property name="katalonVersion" value="8.2.0.208"/>
         <property name="browser" value="Firefox 95.0"/>
         <property name="hostAddress" value="127.0.0.1"/>
         <property name="sessionId" value="54c574ea-8b02-48be-81ec-a1b2ca39532f"/>
         <property name="seleniumVersion" value="3.141.59"/>
         <property name="proxyInformation" value="ProxyInformation { proxyOption=NO_PROXY, proxyServerType=HTTP, username=, password=********, proxyServerAddress=, proxyServerPort=0, executionList=&quot;&quot;, isApplyToDesiredCapabilities=true }"/>
         <property name="platform" value="Mac OS X"/>
      </properties>
      <testcase name="Test Cases/Checkout Scenario/Product Details" time="29.537" classname="Test Cases/Checkout Scenario/Product Details" status="FAILED">
         <failure type="FAILED" message="Test Cases/Checkout Scenario/Product Details FAILED.
Reason:
Assertion failed: 

assert WebUI.getCSSValue(searchFor, 'background-color').equals(GlobalVariable.searchHeaderTopBarBackgroundColor)
             |           |                              |                     |
             |           |                              false                 rgba(82, 36, 127, 1)
             |           TestObject - 'Object Repository/Product details/div_searchHeaderTopBar'
             rgb(82, 36, 127)

	at validation.SearchValidations.VerifySearchDropDownTopBarStyle(SearchValidations.groovy:41)
	at validation.SearchValidations$VerifySearchDropDownTopBarStyle$0.call(Unknown Source)
	at helpers.GeneralHelpers.headerSearchFillAndClick(GeneralHelpers.groovy:50)
	at helpers.GeneralHelpers$headerSearchFillAndClick$0.call(Unknown Source)
	at Product Details.run(Product Details:34)
	at com.kms.katalon.core.main.ScriptEngine.run(ScriptEngine.java:194)
	at com.kms.katalon.core.main.ScriptEngine.runScriptAsRawText(ScriptEngine.java:119)
	at com.kms.katalon.core.main.TestCaseExecutor.runScript(TestCaseExecutor.java:442)
	at com.kms.katalon.core.main.TestCaseExecutor.doExecute(TestCaseExecutor.java:433)
	at com.kms.katalon.core.main.TestCaseExecutor.processExecutionPhase(TestCaseExecutor.java:412)
	at com.kms.katalon.core.main.TestCaseExecutor.accessMainPhase(TestCaseExecutor.java:404)
	at com.kms.katalon.core.main.TestCaseExecutor.execute(TestCaseExecutor.java:281)
	at com.kms.katalon.core.main.TestCaseExecutor.execute(TestCaseExecutor.java:363)
	at com.kms.katalon.core.main.TestCaseExecutor.execute(TestCaseExecutor.java:363)
	at com.kms.katalon.core.main.TestCaseExecutor.execute(TestCaseExecutor.java:363)
	at com.kms.katalon.core.main.TestSuiteExecutor.accessTestCaseMainPhase(TestSuiteExecutor.java:202)
	at com.kms.katalon.core.main.TestSuiteExecutor.accessTestSuiteMainPhase(TestSuiteExecutor.java:164)
	at com.kms.katalon.core.main.TestSuiteExecutor.execute(TestSuiteExecutor.java:105)
	at com.kms.katalon.core.main.TestCaseMain.startTestSuite(TestCaseMain.java:181)
	at com.kms.katalon.core.main.TestCaseMain$startTestSuite$0.call(Unknown Source)
	at TempTestSuite1642237146783.run(TempTestSuite1642237146783.groovy:36)
"/>
         <system-out><![CDATA[2022-01-15 11:13:18 - [TEST_CASE][FAILED] - Test Cases/Checkout Scenario/Product Details: Test Cases/Checkout Scenario/Product Details FAILED.
Reason:
Assertion failed: 

assert WebUI.getCSSValue(searchFor, 'background-color').equals(GlobalVariable.searchHeaderTopBarBackgroundColor)
             |           |                              |                     |
             |           |                              false                 rgba(82, 36, 127, 1)
             |           TestObject - 'Object Repository/Product details/div_searchHeaderTopBar'
             rgb(82, 36, 127)

	at validation.SearchValidations.VerifySearchDropDownTopBarStyle(SearchValidations.groovy:41)
	at validation.SearchValidations$VerifySearchDropDownTopBarStyle$0.call(Unknown Source)
	at helpers.GeneralHelpers.headerSearchFillAndClick(GeneralHelpers.groovy:50)
	at helpers.GeneralHelpers$headerSearchFillAndClick$0.call(Unknown Source)
	at Product Details.run(Product Details:34)
	at com.kms.katalon.core.main.ScriptEngine.run(ScriptEngine.java:194)
	at com.kms.katalon.core.main.ScriptEngine.runScriptAsRawText(ScriptEngine.java:119)
	at com.kms.katalon.core.main.TestCaseExecutor.runScript(TestCaseExecutor.java:442)
	at com.kms.katalon.core.main.TestCaseExecutor.doExecute(TestCaseExecutor.java:433)
	at com.kms.katalon.core.main.TestCaseExecutor.processExecutionPhase(TestCaseExecutor.java:412)
	at com.kms.katalon.core.main.TestCaseExecutor.accessMainPhase(TestCaseExecutor.java:404)
	at com.kms.katalon.core.main.TestCaseExecutor.execute(TestCaseExecutor.java:281)
	at com.kms.katalon.core.main.TestCaseExecutor.execute(TestCaseExecutor.java:363)
	at com.kms.katalon.core.main.TestCaseExecutor.execute(TestCaseExecutor.java:363)
	at com.kms.katalon.core.main.TestCaseExecutor.execute(TestCaseExecutor.java:363)
	at com.kms.katalon.core.main.TestSuiteExecutor.accessTestCaseMainPhase(TestSuiteExecutor.java:202)
	at com.kms.katalon.core.main.TestSuiteExecutor.accessTestSuiteMainPhase(TestSuiteExecutor.java:164)
	at com.kms.katalon.core.main.TestSuiteExecutor.execute(TestSuiteExecutor.java:105)
	at com.kms.katalon.core.main.TestCaseMain.startTestSuite(TestCaseMain.java:181)
	at com.kms.katalon.core.main.TestCaseMain$startTestSuite$0.call(Unknown Source)
	at TempTestSuite1642237146783.run(TempTestSuite1642237146783.groovy:36)


2022-01-15 11:13:18 - [TEST_STEP][PASSED] - GeneralHelpers.initScenario(): Current window's url is: 'https://www.cleanersupply.com/'

2022-01-15 11:13:18 - [MESSAGE][WARNING] - A browser is already opened. Closing browser and opening a new one

2022-01-15 11:13:18 - [MESSAGE][INFO] - Starting 'Firefox' driver

2022-01-15 11:13:18 - [MESSAGE][INFO] - Action delay is set to 0 milliseconds

2022-01-15 11:13:22 - [MESSAGE][PASSED] - Browser is opened with url: ''

2022-01-15 11:13:23 - [MESSAGE][PASSED] - Current window maximized

2022-01-15 11:13:39 - [MESSAGE][PASSED] - Navigate to 'https://www.cleanersupply.com/' successfully

2022-01-15 11:13:39 - [MESSAGE][PASSED] - Wait for page load successfully

2022-01-15 11:13:39 - [MESSAGE][PASSED] - Current window's title is: 'Cleaner's Supply - Dry Cleaning Supplies'

2022-01-15 11:13:39 - [MESSAGE][PASSED] - Current window's title is: 'Cleaner's Supply - Dry Cleaning Supplies'

2022-01-15 11:13:39 - [MESSAGE][PASSED] - Current window's url is: 'https://www.cleanersupply.com/'

2022-01-15 11:13:39 - [TEST_STEP][FAILED] - GeneralHelpers.headerSearchFillAndClick(): Test Cases/Checkout Scenario/Product Details FAILED.
Reason:
Assertion failed: 

assert WebUI.getCSSValue(searchFor, 'background-color').equals(GlobalVariable.searchHeaderTopBarBackgroundColor)
             |           |                              |                     |
             |           |                              false                 rgba(82, 36, 127, 1)
             |           TestObject - 'Object Repository/Product details/div_searchHeaderTopBar'
             rgb(82, 36, 127)

	at validation.SearchValidations.VerifySearchDropDownTopBarStyle(SearchValidations.groovy:41)
	at validation.SearchValidations$VerifySearchDropDownTopBarStyle$0.call(Unknown Source)
	at helpers.GeneralHelpers.headerSearchFillAndClick(GeneralHelpers.groovy:50)
	at helpers.GeneralHelpers$headerSearchFillAndClick$0.call(Unknown Source)
	at Product Details.run(Product Details:34)
	at com.kms.katalon.core.main.ScriptEngine.run(ScriptEngine.java:194)
	at com.kms.katalon.core.main.ScriptEngine.runScriptAsRawText(ScriptEngine.java:119)
	at com.kms.katalon.core.main.TestCaseExecutor.runScript(TestCaseExecutor.java:442)
	at com.kms.katalon.core.main.TestCaseExecutor.doExecute(TestCaseExecutor.java:433)
	at com.kms.katalon.core.main.TestCaseExecutor.processExecutionPhase(TestCaseExecutor.java:412)
	at com.kms.katalon.core.main.TestCaseExecutor.accessMainPhase(TestCaseExecutor.java:404)
	at com.kms.katalon.core.main.TestCaseExecutor.execute(TestCaseExecutor.java:281)
	at com.kms.katalon.core.main.TestCaseExecutor.execute(TestCaseExecutor.java:363)
	at com.kms.katalon.core.main.TestCaseExecutor.execute(TestCaseExecutor.java:363)
	at com.kms.katalon.core.main.TestCaseExecutor.execute(TestCaseExecutor.java:363)
	at com.kms.katalon.core.main.TestSuiteExecutor.accessTestCaseMainPhase(TestSuiteExecutor.java:202)
	at com.kms.katalon.core.main.TestSuiteExecutor.accessTestSuiteMainPhase(TestSuiteExecutor.java:164)
	at com.kms.katalon.core.main.TestSuiteExecutor.execute(TestSuiteExecutor.java:105)
	at com.kms.katalon.core.main.TestCaseMain.startTestSuite(TestCaseMain.java:181)
	at com.kms.katalon.core.main.TestCaseMain$startTestSuite$0.call(Unknown Source)
	at TempTestSuite1642237146783.run(TempTestSuite1642237146783.groovy:36)


2022-01-15 11:13:45 - [MESSAGE][PASSED] - Text 'Plastic' is set on object 'Object Repository/Product details/input_searchField'

2022-01-15 11:13:45 - [MESSAGE][PASSED] - Attribute 'value' of object 'Object Repository/Product details/input_searchField' is: 'Plastic'

2022-01-15 11:13:46 - [MESSAGE][PASSED] - Object 'Object Repository/Product details/div_searchAutocompleteBox' is visible

2022-01-15 11:13:47 - [MESSAGE][PASSED] - Attribute 'class' of object 'Object Repository/Product details/div_searchAutocompleteBox' is: 'search-autocomplete dropdown-menu open'

2022-01-15 11:13:47 - [MESSAGE][PASSED] - Text of object 'Object Repository/Product details/div_searchHeaderTopBar' is: 'Search for PLASTIC'

2022-01-15 11:13:47 - [MESSAGE][PASSED] - Get CSS 'background-color' value on 'Object Repository/Product details/div_searchHeaderTopBar' successfully: 'rgb(82, 36, 127)'.

2022-01-15 11:13:47 - [MESSAGE][FAILED] - Test Cases/Checkout Scenario/Product Details FAILED.
Reason:
Assertion failed: 

assert WebUI.getCSSValue(searchFor, 'background-color').equals(GlobalVariable.searchHeaderTopBarBackgroundColor)
             |           |                              |                     |
             |           |                              false                 rgba(82, 36, 127, 1)
             |           TestObject - 'Object Repository/Product details/div_searchHeaderTopBar'
             rgb(82, 36, 127)

	at validation.SearchValidations.VerifySearchDropDownTopBarStyle(SearchValidations.groovy:41)
	at validation.SearchValidations$VerifySearchDropDownTopBarStyle$0.call(Unknown Source)
	at helpers.GeneralHelpers.headerSearchFillAndClick(GeneralHelpers.groovy:50)
	at helpers.GeneralHelpers$headerSearchFillAndClick$0.call(Unknown Source)
	at Product Details.run(Product Details:34)
	at com.kms.katalon.core.main.ScriptEngine.run(ScriptEngine.java:194)
	at com.kms.katalon.core.main.ScriptEngine.runScriptAsRawText(ScriptEngine.java:119)
	at com.kms.katalon.core.main.TestCaseExecutor.runScript(TestCaseExecutor.java:442)
	at com.kms.katalon.core.main.TestCaseExecutor.doExecute(TestCaseExecutor.java:433)
	at com.kms.katalon.core.main.TestCaseExecutor.processExecutionPhase(TestCaseExecutor.java:412)
	at com.kms.katalon.core.main.TestCaseExecutor.accessMainPhase(TestCaseExecutor.java:404)
	at com.kms.katalon.core.main.TestCaseExecutor.execute(TestCaseExecutor.java:281)
	at com.kms.katalon.core.main.TestCaseExecutor.execute(TestCaseExecutor.java:363)
	at com.kms.katalon.core.main.TestCaseExecutor.execute(TestCaseExecutor.java:363)
	at com.kms.katalon.core.main.TestCaseExecutor.execute(TestCaseExecutor.java:363)
	at com.kms.katalon.core.main.TestSuiteExecutor.accessTestCaseMainPhase(TestSuiteExecutor.java:202)
	at com.kms.katalon.core.main.TestSuiteExecutor.accessTestSuiteMainPhase(TestSuiteExecutor.java:164)
	at com.kms.katalon.core.main.TestSuiteExecutor.execute(TestSuiteExecutor.java:105)
	at com.kms.katalon.core.main.TestCaseMain.startTestSuite(TestCaseMain.java:181)
	at com.kms.katalon.core.main.TestCaseMain$startTestSuite$0.call(Unknown Source)
	at TempTestSuite1642237146783.run(TempTestSuite1642237146783.groovy:36)]]></system-out>
         <system-err><![CDATA[2022-01-15 11:13:18 - [TEST_CASE][FAILED] - Test Cases/Checkout Scenario/Product Details: Test Cases/Checkout Scenario/Product Details FAILED.
Reason:
Assertion failed: 

assert WebUI.getCSSValue(searchFor, 'background-color').equals(GlobalVariable.searchHeaderTopBarBackgroundColor)
             |           |                              |                     |
             |           |                              false                 rgba(82, 36, 127, 1)
             |           TestObject - 'Object Repository/Product details/div_searchHeaderTopBar'
             rgb(82, 36, 127)

	at validation.SearchValidations.VerifySearchDropDownTopBarStyle(SearchValidations.groovy:41)
	at validation.SearchValidations$VerifySearchDropDownTopBarStyle$0.call(Unknown Source)
	at helpers.GeneralHelpers.headerSearchFillAndClick(GeneralHelpers.groovy:50)
	at helpers.GeneralHelpers$headerSearchFillAndClick$0.call(Unknown Source)
	at Product Details.run(Product Details:34)
	at com.kms.katalon.core.main.ScriptEngine.run(ScriptEngine.java:194)
	at com.kms.katalon.core.main.ScriptEngine.runScriptAsRawText(ScriptEngine.java:119)
	at com.kms.katalon.core.main.TestCaseExecutor.runScript(TestCaseExecutor.java:442)
	at com.kms.katalon.core.main.TestCaseExecutor.doExecute(TestCaseExecutor.java:433)
	at com.kms.katalon.core.main.TestCaseExecutor.processExecutionPhase(TestCaseExecutor.java:412)
	at com.kms.katalon.core.main.TestCaseExecutor.accessMainPhase(TestCaseExecutor.java:404)
	at com.kms.katalon.core.main.TestCaseExecutor.execute(TestCaseExecutor.java:281)
	at com.kms.katalon.core.main.TestCaseExecutor.execute(TestCaseExecutor.java:363)
	at com.kms.katalon.core.main.TestCaseExecutor.execute(TestCaseExecutor.java:363)
	at com.kms.katalon.core.main.TestCaseExecutor.execute(TestCaseExecutor.java:363)
	at com.kms.katalon.core.main.TestSuiteExecutor.accessTestCaseMainPhase(TestSuiteExecutor.java:202)
	at com.kms.katalon.core.main.TestSuiteExecutor.accessTestSuiteMainPhase(TestSuiteExecutor.java:164)
	at com.kms.katalon.core.main.TestSuiteExecutor.execute(TestSuiteExecutor.java:105)
	at com.kms.katalon.core.main.TestCaseMain.startTestSuite(TestCaseMain.java:181)
	at com.kms.katalon.core.main.TestCaseMain$startTestSuite$0.call(Unknown Source)
	at TempTestSuite1642237146783.run(TempTestSuite1642237146783.groovy:36)]]></system-err>
      </testcase>
      <testcase name="Test Cases/Checkout Scenario/Quick Order" time="15.629" classname="Test Cases/Checkout Scenario/Quick Order" status="FAILED">
         <failure type="FAILED" message="Test Cases/Checkout Scenario/Quick Order FAILED.
Reason:
Assertion failed: 

assert WebUI.getCSSValue(item, &quot;color&quot;).equals(color)
             |           |              |      |
             |           |              false  rgba(82, 36, 127, 1)
             |           TestObject - 'Object Repository/Quick Order/i_quickOrderIcon'
             rgb(82, 36, 127)

	at validation.GeneralValidation.verifyColorChangeOnHover(GeneralValidation.groovy:53)
	at validation.GeneralValidation$verifyColorChangeOnHover$4.call(Unknown Source)
	at helpers.QuickOrderHelpers.navigateToQuickOrderPage(QuickOrderHelpers.groovy:55)
	at helpers.QuickOrderHelpers$navigateToQuickOrderPage$0.call(Unknown Source)
	at helpers.QuickOrderHelpers.navigationAndVerifyToQuickOrder(QuickOrderHelpers.groovy:107)
	at helpers.QuickOrderHelpers$navigationAndVerifyToQuickOrder.call(Unknown Source)
	at Quick Order.run(Quick Order:45)
	at com.kms.katalon.core.main.ScriptEngine.run(ScriptEngine.java:194)
	at com.kms.katalon.core.main.ScriptEngine.runScriptAsRawText(ScriptEngine.java:119)
	at com.kms.katalon.core.main.TestCaseExecutor.runScript(TestCaseExecutor.java:442)
	at com.kms.katalon.core.main.TestCaseExecutor.doExecute(TestCaseExecutor.java:433)
	at com.kms.katalon.core.main.TestCaseExecutor.processExecutionPhase(TestCaseExecutor.java:412)
	at com.kms.katalon.core.main.TestCaseExecutor.accessMainPhase(TestCaseExecutor.java:404)
	at com.kms.katalon.core.main.TestCaseExecutor.execute(TestCaseExecutor.java:281)
	at com.kms.katalon.core.main.TestCaseExecutor.execute(TestCaseExecutor.java:363)
	at com.kms.katalon.core.main.TestCaseExecutor.execute(TestCaseExecutor.java:363)
	at com.kms.katalon.core.main.TestCaseExecutor.execute(TestCaseExecutor.java:363)
	at com.kms.katalon.core.main.TestSuiteExecutor.accessTestCaseMainPhase(TestSuiteExecutor.java:202)
	at com.kms.katalon.core.main.TestSuiteExecutor.accessTestSuiteMainPhase(TestSuiteExecutor.java:164)
	at com.kms.katalon.core.main.TestSuiteExecutor.execute(TestSuiteExecutor.java:105)
	at com.kms.katalon.core.main.TestCaseMain.startTestSuite(TestCaseMain.java:181)
	at com.kms.katalon.core.main.TestCaseMain$startTestSuite$0.call(Unknown Source)
	at TempTestSuite1642237146783.run(TempTestSuite1642237146783.groovy:36)
"/>
         <system-out><![CDATA[2022-01-15 11:14:54 - [TEST_CASE][FAILED] - Test Cases/Checkout Scenario/Quick Order: Test Cases/Checkout Scenario/Quick Order FAILED.
Reason:
Assertion failed: 

assert WebUI.getCSSValue(item, "color").equals(color)
             |           |              |      |
             |           |              false  rgba(82, 36, 127, 1)
             |           TestObject - 'Object Repository/Quick Order/i_quickOrderIcon'
             rgb(82, 36, 127)

	at validation.GeneralValidation.verifyColorChangeOnHover(GeneralValidation.groovy:53)
	at validation.GeneralValidation$verifyColorChangeOnHover$4.call(Unknown Source)
	at helpers.QuickOrderHelpers.navigateToQuickOrderPage(QuickOrderHelpers.groovy:55)
	at helpers.QuickOrderHelpers$navigateToQuickOrderPage$0.call(Unknown Source)
	at helpers.QuickOrderHelpers.navigationAndVerifyToQuickOrder(QuickOrderHelpers.groovy:107)
	at helpers.QuickOrderHelpers$navigationAndVerifyToQuickOrder.call(Unknown Source)
	at Quick Order.run(Quick Order:45)
	at com.kms.katalon.core.main.ScriptEngine.run(ScriptEngine.java:194)
	at com.kms.katalon.core.main.ScriptEngine.runScriptAsRawText(ScriptEngine.java:119)
	at com.kms.katalon.core.main.TestCaseExecutor.runScript(TestCaseExecutor.java:442)
	at com.kms.katalon.core.main.TestCaseExecutor.doExecute(TestCaseExecutor.java:433)
	at com.kms.katalon.core.main.TestCaseExecutor.processExecutionPhase(TestCaseExecutor.java:412)
	at com.kms.katalon.core.main.TestCaseExecutor.accessMainPhase(TestCaseExecutor.java:404)
	at com.kms.katalon.core.main.TestCaseExecutor.execute(TestCaseExecutor.java:281)
	at com.kms.katalon.core.main.TestCaseExecutor.execute(TestCaseExecutor.java:363)
	at com.kms.katalon.core.main.TestCaseExecutor.execute(TestCaseExecutor.java:363)
	at com.kms.katalon.core.main.TestCaseExecutor.execute(TestCaseExecutor.java:363)
	at com.kms.katalon.core.main.TestSuiteExecutor.accessTestCaseMainPhase(TestSuiteExecutor.java:202)
	at com.kms.katalon.core.main.TestSuiteExecutor.accessTestSuiteMainPhase(TestSuiteExecutor.java:164)
	at com.kms.katalon.core.main.TestSuiteExecutor.execute(TestSuiteExecutor.java:105)
	at com.kms.katalon.core.main.TestCaseMain.startTestSuite(TestCaseMain.java:181)
	at com.kms.katalon.core.main.TestCaseMain$startTestSuite$0.call(Unknown Source)
	at TempTestSuite1642237146783.run(TempTestSuite1642237146783.groovy:36)


2022-01-15 11:14:54 - [TEST_STEP][PASSED] - GeneralHelpers.initScenario(): Current window's url is: 'https://www.cleanersupply.com/'

2022-01-15 11:14:54 - [MESSAGE][WARNING] - A browser is already opened. Closing browser and opening a new one

2022-01-15 11:14:55 - [MESSAGE][INFO] - Starting 'Firefox' driver

2022-01-15 11:14:55 - [MESSAGE][INFO] - Action delay is set to 0 milliseconds

2022-01-15 11:14:58 - [MESSAGE][PASSED] - Browser is opened with url: ''

2022-01-15 11:14:59 - [MESSAGE][PASSED] - Current window maximized

2022-01-15 11:15:07 - [MESSAGE][PASSED] - Navigate to 'https://www.cleanersupply.com/' successfully

2022-01-15 11:15:07 - [MESSAGE][PASSED] - Wait for page load successfully

2022-01-15 11:15:07 - [MESSAGE][PASSED] - Current window's title is: 'Cleaner's Supply - Dry Cleaning Supplies'

2022-01-15 11:15:07 - [MESSAGE][PASSED] - Current window's title is: 'Cleaner's Supply - Dry Cleaning Supplies'

2022-01-15 11:15:07 - [MESSAGE][PASSED] - Current window's url is: 'https://www.cleanersupply.com/'

2022-01-15 11:15:07 - [TEST_STEP][FAILED] - QuickOrderHelpers.navigationAndVerifyToQuickOrder(): Test Cases/Checkout Scenario/Quick Order FAILED.
Reason:
Assertion failed: 

assert WebUI.getCSSValue(item, "color").equals(color)
             |           |              |      |
             |           |              false  rgba(82, 36, 127, 1)
             |           TestObject - 'Object Repository/Quick Order/i_quickOrderIcon'
             rgb(82, 36, 127)

	at validation.GeneralValidation.verifyColorChangeOnHover(GeneralValidation.groovy:53)
	at validation.GeneralValidation$verifyColorChangeOnHover$4.call(Unknown Source)
	at helpers.QuickOrderHelpers.navigateToQuickOrderPage(QuickOrderHelpers.groovy:55)
	at helpers.QuickOrderHelpers$navigateToQuickOrderPage$0.call(Unknown Source)
	at helpers.QuickOrderHelpers.navigationAndVerifyToQuickOrder(QuickOrderHelpers.groovy:107)
	at helpers.QuickOrderHelpers$navigationAndVerifyToQuickOrder.call(Unknown Source)
	at Quick Order.run(Quick Order:45)
	at com.kms.katalon.core.main.ScriptEngine.run(ScriptEngine.java:194)
	at com.kms.katalon.core.main.ScriptEngine.runScriptAsRawText(ScriptEngine.java:119)
	at com.kms.katalon.core.main.TestCaseExecutor.runScript(TestCaseExecutor.java:442)
	at com.kms.katalon.core.main.TestCaseExecutor.doExecute(TestCaseExecutor.java:433)
	at com.kms.katalon.core.main.TestCaseExecutor.processExecutionPhase(TestCaseExecutor.java:412)
	at com.kms.katalon.core.main.TestCaseExecutor.accessMainPhase(TestCaseExecutor.java:404)
	at com.kms.katalon.core.main.TestCaseExecutor.execute(TestCaseExecutor.java:281)
	at com.kms.katalon.core.main.TestCaseExecutor.execute(TestCaseExecutor.java:363)
	at com.kms.katalon.core.main.TestCaseExecutor.execute(TestCaseExecutor.java:363)
	at com.kms.katalon.core.main.TestCaseExecutor.execute(TestCaseExecutor.java:363)
	at com.kms.katalon.core.main.TestSuiteExecutor.accessTestCaseMainPhase(TestSuiteExecutor.java:202)
	at com.kms.katalon.core.main.TestSuiteExecutor.accessTestSuiteMainPhase(TestSuiteExecutor.java:164)
	at com.kms.katalon.core.main.TestSuiteExecutor.execute(TestSuiteExecutor.java:105)
	at com.kms.katalon.core.main.TestCaseMain.startTestSuite(TestCaseMain.java:181)
	at com.kms.katalon.core.main.TestCaseMain$startTestSuite$0.call(Unknown Source)
	at TempTestSuite1642237146783.run(TempTestSuite1642237146783.groovy:36)


2022-01-15 11:15:09 - [MESSAGE][PASSED] - Object 'Object Repository/Quick Order/a_quickOrder' is visible

2022-01-15 11:15:09 - [MESSAGE][PASSED] - Object: 'Object Repository/Quick Order/a_quickOrder' is hovered

2022-01-15 11:15:10 - [MESSAGE][PASSED] - Get CSS 'color' value on 'Object Repository/Quick Order/i_quickOrderIcon' successfully: 'rgb(82, 36, 127)'.

2022-01-15 11:15:10 - [MESSAGE][FAILED] - Test Cases/Checkout Scenario/Quick Order FAILED.
Reason:
Assertion failed: 

assert WebUI.getCSSValue(item, "color").equals(color)
             |           |              |      |
             |           |              false  rgba(82, 36, 127, 1)
             |           TestObject - 'Object Repository/Quick Order/i_quickOrderIcon'
             rgb(82, 36, 127)

	at validation.GeneralValidation.verifyColorChangeOnHover(GeneralValidation.groovy:53)
	at validation.GeneralValidation$verifyColorChangeOnHover$4.call(Unknown Source)
	at helpers.QuickOrderHelpers.navigateToQuickOrderPage(QuickOrderHelpers.groovy:55)
	at helpers.QuickOrderHelpers$navigateToQuickOrderPage$0.call(Unknown Source)
	at helpers.QuickOrderHelpers.navigationAndVerifyToQuickOrder(QuickOrderHelpers.groovy:107)
	at helpers.QuickOrderHelpers$navigationAndVerifyToQuickOrder.call(Unknown Source)
	at Quick Order.run(Quick Order:45)
	at com.kms.katalon.core.main.ScriptEngine.run(ScriptEngine.java:194)
	at com.kms.katalon.core.main.ScriptEngine.runScriptAsRawText(ScriptEngine.java:119)
	at com.kms.katalon.core.main.TestCaseExecutor.runScript(TestCaseExecutor.java:442)
	at com.kms.katalon.core.main.TestCaseExecutor.doExecute(TestCaseExecutor.java:433)
	at com.kms.katalon.core.main.TestCaseExecutor.processExecutionPhase(TestCaseExecutor.java:412)
	at com.kms.katalon.core.main.TestCaseExecutor.accessMainPhase(TestCaseExecutor.java:404)
	at com.kms.katalon.core.main.TestCaseExecutor.execute(TestCaseExecutor.java:281)
	at com.kms.katalon.core.main.TestCaseExecutor.execute(TestCaseExecutor.java:363)
	at com.kms.katalon.core.main.TestCaseExecutor.execute(TestCaseExecutor.java:363)
	at com.kms.katalon.core.main.TestCaseExecutor.execute(TestCaseExecutor.java:363)
	at com.kms.katalon.core.main.TestSuiteExecutor.accessTestCaseMainPhase(TestSuiteExecutor.java:202)
	at com.kms.katalon.core.main.TestSuiteExecutor.accessTestSuiteMainPhase(TestSuiteExecutor.java:164)
	at com.kms.katalon.core.main.TestSuiteExecutor.execute(TestSuiteExecutor.java:105)
	at com.kms.katalon.core.main.TestCaseMain.startTestSuite(TestCaseMain.java:181)
	at com.kms.katalon.core.main.TestCaseMain$startTestSuite$0.call(Unknown Source)
	at TempTestSuite1642237146783.run(TempTestSuite1642237146783.groovy:36)]]></system-out>
         <system-err><![CDATA[2022-01-15 11:14:54 - [TEST_CASE][FAILED] - Test Cases/Checkout Scenario/Quick Order: Test Cases/Checkout Scenario/Quick Order FAILED.
Reason:
Assertion failed: 

assert WebUI.getCSSValue(item, "color").equals(color)
             |           |              |      |
             |           |              false  rgba(82, 36, 127, 1)
             |           TestObject - 'Object Repository/Quick Order/i_quickOrderIcon'
             rgb(82, 36, 127)

	at validation.GeneralValidation.verifyColorChangeOnHover(GeneralValidation.groovy:53)
	at validation.GeneralValidation$verifyColorChangeOnHover$4.call(Unknown Source)
	at helpers.QuickOrderHelpers.navigateToQuickOrderPage(QuickOrderHelpers.groovy:55)
	at helpers.QuickOrderHelpers$navigateToQuickOrderPage$0.call(Unknown Source)
	at helpers.QuickOrderHelpers.navigationAndVerifyToQuickOrder(QuickOrderHelpers.groovy:107)
	at helpers.QuickOrderHelpers$navigationAndVerifyToQuickOrder.call(Unknown Source)
	at Quick Order.run(Quick Order:45)
	at com.kms.katalon.core.main.ScriptEngine.run(ScriptEngine.java:194)
	at com.kms.katalon.core.main.ScriptEngine.runScriptAsRawText(ScriptEngine.java:119)
	at com.kms.katalon.core.main.TestCaseExecutor.runScript(TestCaseExecutor.java:442)
	at com.kms.katalon.core.main.TestCaseExecutor.doExecute(TestCaseExecutor.java:433)
	at com.kms.katalon.core.main.TestCaseExecutor.processExecutionPhase(TestCaseExecutor.java:412)
	at com.kms.katalon.core.main.TestCaseExecutor.accessMainPhase(TestCaseExecutor.java:404)
	at com.kms.katalon.core.main.TestCaseExecutor.execute(TestCaseExecutor.java:281)
	at com.kms.katalon.core.main.TestCaseExecutor.execute(TestCaseExecutor.java:363)
	at com.kms.katalon.core.main.TestCaseExecutor.execute(TestCaseExecutor.java:363)
	at com.kms.katalon.core.main.TestCaseExecutor.execute(TestCaseExecutor.java:363)
	at com.kms.katalon.core.main.TestSuiteExecutor.accessTestCaseMainPhase(TestSuiteExecutor.java:202)
	at com.kms.katalon.core.main.TestSuiteExecutor.accessTestSuiteMainPhase(TestSuiteExecutor.java:164)
	at com.kms.katalon.core.main.TestSuiteExecutor.execute(TestSuiteExecutor.java:105)
	at com.kms.katalon.core.main.TestCaseMain.startTestSuite(TestCaseMain.java:181)
	at com.kms.katalon.core.main.TestCaseMain$startTestSuite$0.call(Unknown Source)
	at TempTestSuite1642237146783.run(TempTestSuite1642237146783.groovy:36)]]></system-err>
      </testcase>
      <testcase name="Test Cases/Checkout Scenario/Category" time="91.761" classname="Test Cases/Checkout Scenario/Category" status="FAILED">
         <failure type="FAILED" message="Test Cases/Checkout Scenario/Category FAILED.
Reason:
com.kms.katalon.core.exception.StepFailedException: Cannot get CSS 'border-color' value on 'Object Repository/CheckOutForm/input_company'.
	at com.kms.katalon.core.webui.keyword.internal.WebUIKeywordMain.stepFailed(WebUIKeywordMain.groovy:64)
	at com.kms.katalon.core.webui.keyword.internal.WebUIKeywordMain.runKeyword(WebUIKeywordMain.groovy:26)
	at com.kms.katalon.core.webui.keyword.builtin.getCSSValueKeyword.getCSSValue(GetCSSValueKeyword.groovy:84)
	at com.kms.katalon.core.webui.keyword.builtin.getCSSValueKeyword.execute(GetCSSValueKeyword.groovy:68)
	at com.kms.katalon.core.keyword.internal.KeywordExecutor.executeKeywordForPlatform(KeywordExecutor.groovy:74)
	at com.kms.katalon.core.webui.keyword.WebUiBuiltInKeywords.getCSSValue(WebUiBuiltInKeywords.groovy:4594)
	at com.kms.katalon.core.webui.keyword.WebUiBuiltInKeywords$getCSSValue$9.call(Unknown Source)
	at validation.CheckOutFormValidation.validateBoxShadowBlaceHolderBorder(CheckOutFormValidation.groovy:30)
	at validation.CheckOutFormValidation$validateBoxShadowBlaceHolderBorder.call(Unknown Source)
	at helpers.checkOutFormHelper.sendCompanyValue(checkOutFormHelper.groovy:28)
	at helpers.checkOutFormHelper$sendCompanyValue$0.call(Unknown Source)
	at helpers.checkOutFormHelper.fillCheckOutForm(checkOutFormHelper.groovy:141)
	at helpers.checkOutFormHelper$fillCheckOutForm.call(Unknown Source)
	at Category.run(Category:41)
	at com.kms.katalon.core.main.ScriptEngine.run(ScriptEngine.java:194)
	at com.kms.katalon.core.main.ScriptEngine.runScriptAsRawText(ScriptEngine.java:119)
	at com.kms.katalon.core.main.TestCaseExecutor.runScript(TestCaseExecutor.java:442)
	at com.kms.katalon.core.main.TestCaseExecutor.doExecute(TestCaseExecutor.java:433)
	at com.kms.katalon.core.main.TestCaseExecutor.processExecutionPhase(TestCaseExecutor.java:412)
	at com.kms.katalon.core.main.TestCaseExecutor.accessMainPhase(TestCaseExecutor.java:404)
	at com.kms.katalon.core.main.TestCaseExecutor.execute(TestCaseExecutor.java:281)
	at com.kms.katalon.core.main.TestCaseExecutor.execute(TestCaseExecutor.java:363)
	at com.kms.katalon.core.main.TestCaseExecutor.execute(TestCaseExecutor.java:363)
	at com.kms.katalon.core.main.TestCaseExecutor.execute(TestCaseExecutor.java:363)
	at com.kms.katalon.core.main.TestSuiteExecutor.accessTestCaseMainPhase(TestSuiteExecutor.java:202)
	at com.kms.katalon.core.main.TestSuiteExecutor.accessTestSuiteMainPhase(TestSuiteExecutor.java:164)
	at com.kms.katalon.core.main.TestSuiteExecutor.execute(TestSuiteExecutor.java:105)
	at com.kms.katalon.core.main.TestCaseMain.startTestSuite(TestCaseMain.java:181)
	at com.kms.katalon.core.main.TestCaseMain$startTestSuite$0.call(Unknown Source)
	at TempTestSuite1642237146783.run(TempTestSuite1642237146783.groovy:36)
Caused by: com.kms.katalon.core.exception.StepFailedException: Cannot get CSS 'border-color' value on 'Object Repository/CheckOutForm/input_company'.
	at com.kms.katalon.core.webui.keyword.internal.WebUIKeywordMain.stepFailed(WebUIKeywordMain.groovy:64)
	at com.kms.katalon.core.webui.keyword.builtin.getCSSValueKeyword$_getCSSValue_closure1.doCall(GetCSSValueKeyword.groovy:79)
	at com.kms.katalon.core.webui.keyword.builtin.getCSSValueKeyword$_getCSSValue_closure1.call(GetCSSValueKeyword.groovy)
	at com.kms.katalon.core.webui.keyword.internal.WebUIKeywordMain.runKeyword(WebUIKeywordMain.groovy:20)
	... 28 more
"/>
         <system-out><![CDATA[2022-01-15 11:17:42 - [TEST_CASE][FAILED] - Test Cases/Checkout Scenario/Category: Test Cases/Checkout Scenario/Category FAILED.
Reason:
com.kms.katalon.core.exception.StepFailedException: Cannot get CSS 'border-color' value on 'Object Repository/CheckOutForm/input_company'.
	at com.kms.katalon.core.webui.keyword.internal.WebUIKeywordMain.stepFailed(WebUIKeywordMain.groovy:64)
	at com.kms.katalon.core.webui.keyword.internal.WebUIKeywordMain.runKeyword(WebUIKeywordMain.groovy:26)
	at com.kms.katalon.core.webui.keyword.builtin.getCSSValueKeyword.getCSSValue(GetCSSValueKeyword.groovy:84)
	at com.kms.katalon.core.webui.keyword.builtin.getCSSValueKeyword.execute(GetCSSValueKeyword.groovy:68)
	at com.kms.katalon.core.keyword.internal.KeywordExecutor.executeKeywordForPlatform(KeywordExecutor.groovy:74)
	at com.kms.katalon.core.webui.keyword.WebUiBuiltInKeywords.getCSSValue(WebUiBuiltInKeywords.groovy:4594)
	at com.kms.katalon.core.webui.keyword.WebUiBuiltInKeywords$getCSSValue$9.call(Unknown Source)
	at validation.CheckOutFormValidation.validateBoxShadowBlaceHolderBorder(CheckOutFormValidation.groovy:30)
	at validation.CheckOutFormValidation$validateBoxShadowBlaceHolderBorder.call(Unknown Source)
	at helpers.checkOutFormHelper.sendCompanyValue(checkOutFormHelper.groovy:28)
	at helpers.checkOutFormHelper$sendCompanyValue$0.call(Unknown Source)
	at helpers.checkOutFormHelper.fillCheckOutForm(checkOutFormHelper.groovy:141)
	at helpers.checkOutFormHelper$fillCheckOutForm.call(Unknown Source)
	at Category.run(Category:41)
	at com.kms.katalon.core.main.ScriptEngine.run(ScriptEngine.java:194)
	at com.kms.katalon.core.main.ScriptEngine.runScriptAsRawText(ScriptEngine.java:119)
	at com.kms.katalon.core.main.TestCaseExecutor.runScript(TestCaseExecutor.java:442)
	at com.kms.katalon.core.main.TestCaseExecutor.doExecute(TestCaseExecutor.java:433)
	at com.kms.katalon.core.main.TestCaseExecutor.processExecutionPhase(TestCaseExecutor.java:412)
	at com.kms.katalon.core.main.TestCaseExecutor.accessMainPhase(TestCaseExecutor.java:404)
	at com.kms.katalon.core.main.TestCaseExecutor.execute(TestCaseExecutor.java:281)
	at com.kms.katalon.core.main.TestCaseExecutor.execute(TestCaseExecutor.java:363)
	at com.kms.katalon.core.main.TestCaseExecutor.execute(TestCaseExecutor.java:363)
	at com.kms.katalon.core.main.TestCaseExecutor.execute(TestCaseExecutor.java:363)
	at com.kms.katalon.core.main.TestSuiteExecutor.accessTestCaseMainPhase(TestSuiteExecutor.java:202)
	at com.kms.katalon.core.main.TestSuiteExecutor.accessTestSuiteMainPhase(TestSuiteExecutor.java:164)
	at com.kms.katalon.core.main.TestSuiteExecutor.execute(TestSuiteExecutor.java:105)
	at com.kms.katalon.core.main.TestCaseMain.startTestSuite(TestCaseMain.java:181)
	at com.kms.katalon.core.main.TestCaseMain$startTestSuite$0.call(Unknown Source)
	at TempTestSuite1642237146783.run(TempTestSuite1642237146783.groovy:36)
Caused by: com.kms.katalon.core.exception.StepFailedException: Cannot get CSS 'border-color' value on 'Object Repository/CheckOutForm/input_company'.
	at com.kms.katalon.core.webui.keyword.internal.WebUIKeywordMain.stepFailed(WebUIKeywordMain.groovy:64)
	at com.kms.katalon.core.webui.keyword.builtin.getCSSValueKeyword$_getCSSValue_closure1.doCall(GetCSSValueKeyword.groovy:79)
	at com.kms.katalon.core.webui.keyword.builtin.getCSSValueKeyword$_getCSSValue_closure1.call(GetCSSValueKeyword.groovy)
	at com.kms.katalon.core.webui.keyword.internal.WebUIKeywordMain.runKeyword(WebUIKeywordMain.groovy:20)
	... 28 more


2022-01-15 11:17:42 - [TEST_STEP][PASSED] - GeneralHelpers.initScenario(): Current window's url is: 'https://www.cleanersupply.com/'

2022-01-15 11:17:42 - [MESSAGE][WARNING] - A browser is already opened. Closing browser and opening a new one

2022-01-15 11:17:43 - [MESSAGE][INFO] - Starting 'Firefox' driver

2022-01-15 11:17:43 - [MESSAGE][INFO] - Action delay is set to 0 milliseconds

2022-01-15 11:17:46 - [MESSAGE][PASSED] - Browser is opened with url: ''

2022-01-15 11:17:47 - [MESSAGE][PASSED] - Current window maximized

2022-01-15 11:17:55 - [MESSAGE][PASSED] - Navigate to 'https://www.cleanersupply.com/' successfully

2022-01-15 11:17:56 - [MESSAGE][PASSED] - Wait for page load successfully

2022-01-15 11:17:56 - [MESSAGE][PASSED] - Current window's title is: 'Cleaner's Supply - Dry Cleaning Supplies'

2022-01-15 11:17:56 - [MESSAGE][PASSED] - Current window's title is: 'Cleaner's Supply - Dry Cleaning Supplies'

2022-01-15 11:17:56 - [MESSAGE][PASSED] - Current window's url is: 'https://www.cleanersupply.com/'

2022-01-15 11:17:56 - [TEST_STEP][PASSED] - computerRegister = "Object Repository/Category/a_ComputerRegister": null

2022-01-15 11:17:56 - [TEST_STEP][PASSED] - CategoryScActions.hovertags(): Object: 'Object Repository/Category/a_tags' is hovered

2022-01-15 11:18:08 - [MESSAGE][PASSED] - Object: 'Object Repository/Category/a_tags' is hovered

2022-01-15 11:18:08 - [TEST_STEP][PASSED] - CategorySCHelpers.navigateComputerRegister(): Current window's url is: 'https://www.cleanersupply.com/Tags-Forms/Computer-Register/'

2022-01-15 11:18:09 - [MESSAGE][PASSED] - Object: 'Object Repository/Category/a_ComputerRegister' is hovered

2022-01-15 11:18:13 - [MESSAGE][PASSED] - Object: 'Object Repository/Category/a_ComputerRegister' is clicked on

2022-01-15 11:18:13 - [MESSAGE][PASSED] - Current window's url is: 'https://www.cleanersupply.com/Tags-Forms/Computer-Register/'

2022-01-15 11:18:13 - [TEST_STEP][PASSED] - CategoryValidations.validatespanText(computerRegisterspan): Text of object 'Object Repository/Category/span_omputerRegister' is: 'COMPUTER & REGISTER TAGS & FORMS'

2022-01-15 11:18:28 - [MESSAGE][PASSED] - Text of object 'Object Repository/Category/span_omputerRegister' is: 'COMPUTER & REGISTER TAGS & FORMS'

2022-01-15 11:18:28 - [TEST_STEP][PASSED] - CategoryScActions.getDefaultProjectCategoryFilter(expectedProductNum): Text of object 'Object Repository/Category/h2_productNum' is: '74 PRODUCTS'

2022-01-15 11:18:29 - [MESSAGE][PASSED] - Text of object 'Object Repository/Category/h2_productNum' is: '74 PRODUCTS'

2022-01-15 11:18:29 - [TEST_STEP][PASSED] - CategoryScActions.getDefaultValueOfSortBy(sortByDefault): Text of object 'Object Repository/Category/h2_productNum' is: '74 PRODUCTS'

2022-01-15 11:18:30 - [MESSAGE][PASSED] - Text of object 'Object Repository/Category/h2_productNum' is: '74 PRODUCTS'

2022-01-15 11:18:30 - [TEST_STEP][PASSED] - CategoryScActions.getDefaultManufacturar(manufacturarDefault): Text of object 'Object Repository/Category/span_manuDefault' is: 'Manufacturer'

2022-01-15 11:18:30 - [MESSAGE][PASSED] - Text of object 'Object Repository/Category/span_manuDefault' is: 'Manufacturer'

2022-01-15 11:18:30 - [TEST_STEP][PASSED] - CategoryScActions.getDefaultModal(defaultmodal): Text of object 'Object Repository/Category/span_defaultFilterModal' is: 'Model #'

2022-01-15 11:18:30 - [MESSAGE][PASSED] - Text of object 'Object Repository/Category/span_defaultFilterModal' is: 'Model #'

2022-01-15 11:18:30 - [TEST_STEP][PASSED] - CategoryScActions.clickOnManuWithassertOPened(menuExpandValue): Attribute 'aria-expanded' of object 'Object Repository/Category/span_manuDefault' is: 'null'

2022-01-15 11:18:31 - [MESSAGE][PASSED] - Object: 'Object Repository/Category/span_manuDefault' is clicked on

2022-01-15 11:18:31 - [MESSAGE][PASSED] - Attribute 'aria-expanded' of object 'Object Repository/Category/span_manuDefault' is: 'null'

2022-01-15 11:18:31 - [TEST_STEP][PASSED] - CategorySCHelpers.selectCasioManufacturar(): Text of object 'Object Repository/Category/h2_productNum' is: '2 PRODUCTS'

2022-01-15 11:18:32 - [MESSAGE][PASSED] - Object: 'Object Repository/Category/a_casio' is clicked on

2022-01-15 11:18:33 - [MESSAGE][PASSED] - Attribute 'title' of object 'Object Repository/Category/button_afterSelectCasio' is: 'Casio'

2022-01-15 11:18:33 - [MESSAGE][PASSED] - Text of object 'Object Repository/Category/a_casioSelectedFilter' is: 'Casio'

2022-01-15 11:18:33 - [MESSAGE][PASSED] - Text of object 'Object Repository/Category/h2_productNum' is: '2 PRODUCTS'

2022-01-15 11:18:33 - [TEST_STEP][PASSED] - CategorySCHelpers.selectModalsp1000(): Text of object 'Object Repository/Category/h2_productNum' is: '1 PRODUCT'

2022-01-15 11:18:34 - [MESSAGE][PASSED] - Object 'Object Repository/Category/div_collabse1' has attribute 'aria-expanded' with value 'true'

2022-01-15 11:18:34 - [MESSAGE][PASSED] - Object: 'Object Repository/Category/button_modalNum' is clicked on

2022-01-15 11:18:35 - [MESSAGE][PASSED] - Object: 'Object Repository/Category/a_sp001' is clicked on

2022-01-15 11:18:36 - [MESSAGE][PASSED] - Attribute 'title' of object 'Object Repository/Category/a_sp001' is: ''

2022-01-15 11:18:36 - [MESSAGE][PASSED] - Text of object 'Object Repository/Category/A_SP001selectedFilter' is: 'SP1000'

2022-01-15 11:18:36 - [MESSAGE][PASSED] - Text of object 'Object Repository/Category/h2_productNum' is: '1 PRODUCT'

2022-01-15 11:18:36 - [TEST_STEP][PASSED] - CategorySCHelpers.EnterCasioSP1000Product(): Object: 'Object Repository/Category/sp001Casiprodoct/a_product' is clicked on

2022-01-15 11:18:37 - [MESSAGE][PASSED] - Text of object 'Object Repository/Category/sp001Casiprodoct/h2_sp1000CasioTitle' is: 'EPSON PRINTER INDELIBOND INK RIBBONS #TM290, ERC27 - 6/BOX'

2022-01-15 11:18:37 - [MESSAGE][PASSED] - Actual object 'EPSON PRINTER INDELIBOND INK RIBBONS #TM290, ERC27 - 6/BOX' and expected object 'EPSON PRINTER INDELIBOND INK RIBBONS #TM290, ERC27 - 6/BOX' are equal

2022-01-15 11:18:37 - [MESSAGE][PASSED] - Text of object 'Object Repository/Category/sp001Casiprodoct/span_SP1000CasioProductMinPrice' is: '$15.54'

2022-01-15 11:18:37 - [MESSAGE][PASSED] - Actual object '$15.54' and expected object '$15.54' are equal

2022-01-15 11:18:37 - [MESSAGE][PASSED] - Text of object 'Object Repository/Category/sp001Casiprodoct/span_sp1000CasioProductMaxPrice' is: '$20.94'

2022-01-15 11:18:37 - [MESSAGE][PASSED] - Actual object '$20.94' and expected object '$20.94' are equal

2022-01-15 11:18:41 - [MESSAGE][PASSED] - Object: 'Object Repository/Category/sp001Casiprodoct/a_product' is clicked on

2022-01-15 11:18:41 - [TEST_STEP][PASSED] - CategorySCHelpers.ValidateCasioSP1000ProductDetails(): Actual object 'EPSON PRINTER INDELIBOND INK RIBBONS #TM290, ERC27 - 6/BOX' and expected object 'EPSON PRINTER INDELIBOND INK RIBBONS #TM290, ERC27 - 6/BOX' are equal

2022-01-15 11:18:54 - [MESSAGE][PASSED] - Text of object 'Object Repository/Category/sp1000CasioProductDetails/h1_sp1000CasioProduct' is: 'EPSON PRINTER INDELIBOND INK RIBBONS #TM290, ERC27 - 6/BOX'

2022-01-15 11:18:54 - [MESSAGE][PASSED] - Actual object 'EPSON PRINTER INDELIBOND INK RIBBONS #TM290, ERC27 - 6/BOX' and expected object 'EPSON PRINTER INDELIBOND INK RIBBONS #TM290, ERC27 - 6/BOX' are equal

2022-01-15 11:18:54 - [TEST_STEP][PASSED] - CategorySCHelpers.enterTenItemsFromProduct(): Current window's title is: 'Epson Printer Indelibond Ink Ribbons #TM290, ERC27 - 6/Box - Cleaner's Supply'

2022-01-15 11:18:54 - [MESSAGE][PASSED] - Text of object 'Object Repository/Category/span_badge' is: '0'

2022-01-15 11:18:54 - [MESSAGE][PASSED] - Actual object '0' and expected object '0' are equal

2022-01-15 11:18:54 - [MESSAGE][PASSED] - Text of object 'Object Repository/Category/sp1000CasioProductDetails/input_quantity' is cleared

2022-01-15 11:18:55 - [MESSAGE][PASSED] - Keys 'BACK_SPACE + ' sent to object: 'Object Repository/Category/sp1000CasioProductDetails/input_quantity'

2022-01-15 11:18:56 - [MESSAGE][PASSED] - Text '10' is set on object 'Object Repository/Category/sp1000CasioProductDetails/input_quantity'

2022-01-15 11:18:57 - [MESSAGE][PASSED] - Object: 'Object Repository/Category/sp1000CasioProductDetails/h1_sp1000CasioProduct' is clicked on

2022-01-15 11:18:58 - [MESSAGE][PASSED] - Object: 'Object Repository/Category/sp1000CasioProductDetails/button_addToCart' is clicked on

2022-01-15 11:18:59 - [MESSAGE][PASSED] - Text of object 'Object Repository/Category/span_badge' is: '1'

2022-01-15 11:18:59 - [MESSAGE][PASSED] - Actual object '1' and expected object '1' are equal

2022-01-15 11:18:59 - [MESSAGE][PASSED] - Current window's title is: 'Epson Printer Indelibond Ink Ribbons #TM290, ERC27 - 6/Box - Cleaner's Supply'

2022-01-15 11:18:59 - [TEST_STEP][PASSED] - CategorySCHelpers.checkMeniCartBadge(): Actual object '155.4' and expected object '155.4' are equal

2022-01-15 11:18:59 - [MESSAGE][PASSED] - Text of object 'Object Repository/Category/labelCart' is: '$155.40'

2022-01-15 11:18:59 - [MESSAGE][PASSED] - Actual object '155.4' and expected object '155.4' are equal

2022-01-15 11:18:59 - [TEST_STEP][PASSED] - CategorySCHelpers.navigateToCart(): Current window's title is: 'Shopping Cart - Cleaner's Supply'

2022-01-15 11:19:08 - [MESSAGE][PASSED] - Object: 'Object Repository/Category/a_cart' is clicked on

2022-01-15 11:19:08 - [MESSAGE][PASSED] - Current window's url is: 'https://www.cleanersupply.com/shopping-cart/'

2022-01-15 11:19:08 - [MESSAGE][PASSED] - Current window's title is: 'Shopping Cart - Cleaner's Supply'

2022-01-15 11:19:08 - [TEST_STEP][PASSED] - navigateToUrl("https://www.cleanersupply.com/checkout/"): Navigate to 'https://www.cleanersupply.com/checkout/' successfully

2022-01-15 11:19:10 - [MESSAGE][PASSED] - Navigate to 'https://www.cleanersupply.com/checkout/' successfully

2022-01-15 11:19:10 - [TEST_STEP][PASSED] - maximizeWindow(): Current window maximized

2022-01-15 11:19:10 - [MESSAGE][PASSED] - Current window maximized

2022-01-15 11:19:10 - [TEST_STEP][FAILED] - checkOutFormHelper.fillCheckOutForm(): Cannot get CSS 'border-color' value on 'Object Repository/CheckOutForm/input_company'. (Root cause: com.kms.katalon.core.exception.StepFailedException: Cannot get CSS 'border-color' value on 'Object Repository/CheckOutForm/input_company'.
	at com.kms.katalon.core.webui.keyword.internal.WebUIKeywordMain.stepFailed(WebUIKeywordMain.groovy:64)
	at com.kms.katalon.core.webui.keyword.internal.WebUIKeywordMain.runKeyword(WebUIKeywordMain.groovy:26)
	at com.kms.katalon.core.webui.keyword.builtin.getCSSValueKeyword.getCSSValue(GetCSSValueKeyword.groovy:84)
	at com.kms.katalon.core.webui.keyword.builtin.getCSSValueKeyword.execute(GetCSSValueKeyword.groovy:68)
	at com.kms.katalon.core.keyword.internal.KeywordExecutor.executeKeywordForPlatform(KeywordExecutor.groovy:74)
	at com.kms.katalon.core.webui.keyword.WebUiBuiltInKeywords.getCSSValue(WebUiBuiltInKeywords.groovy:4594)
	at com.kms.katalon.core.webui.keyword.WebUiBuiltInKeywords$getCSSValue$9.call(Unknown Source)
	at validation.CheckOutFormValidation.validateBoxShadowBlaceHolderBorder(CheckOutFormValidation.groovy:30)
	at validation.CheckOutFormValidation$validateBoxShadowBlaceHolderBorder.call(Unknown Source)
	at helpers.checkOutFormHelper.sendCompanyValue(checkOutFormHelper.groovy:28)
	at helpers.checkOutFormHelper$sendCompanyValue$0.call(Unknown Source)
	at helpers.checkOutFormHelper.fillCheckOutForm(checkOutFormHelper.groovy:141)
	at helpers.checkOutFormHelper$fillCheckOutForm.call(Unknown Source)
	at Category.run(Category:41)
	at com.kms.katalon.core.main.ScriptEngine.run(ScriptEngine.java:194)
	at com.kms.katalon.core.main.ScriptEngine.runScriptAsRawText(ScriptEngine.java:119)
	at com.kms.katalon.core.main.TestCaseExecutor.runScript(TestCaseExecutor.java:442)
	at com.kms.katalon.core.main.TestCaseExecutor.doExecute(TestCaseExecutor.java:433)
	at com.kms.katalon.core.main.TestCaseExecutor.processExecutionPhase(TestCaseExecutor.java:412)
	at com.kms.katalon.core.main.TestCaseExecutor.accessMainPhase(TestCaseExecutor.java:404)
	at com.kms.katalon.core.main.TestCaseExecutor.execute(TestCaseExecutor.java:281)
	at com.kms.katalon.core.main.TestCaseExecutor.execute(TestCaseExecutor.java:363)
	at com.kms.katalon.core.main.TestCaseExecutor.execute(TestCaseExecutor.java:363)
	at com.kms.katalon.core.main.TestCaseExecutor.execute(TestCaseExecutor.java:363)
	at com.kms.katalon.core.main.TestSuiteExecutor.accessTestCaseMainPhase(TestSuiteExecutor.java:202)
	at com.kms.katalon.core.main.TestSuiteExecutor.accessTestSuiteMainPhase(TestSuiteExecutor.java:164)
	at com.kms.katalon.core.main.TestSuiteExecutor.execute(TestSuiteExecutor.java:105)
	at com.kms.katalon.core.main.TestCaseMain.startTestSuite(TestCaseMain.java:181)
	at com.kms.katalon.core.main.TestCaseMain$startTestSuite$0.call(Unknown Source)
	at TempTestSuite1642237146783.run(TempTestSuite1642237146783.groovy:36)
Caused by: com.kms.katalon.core.exception.StepFailedException: Cannot get CSS 'border-color' value on 'Object Repository/CheckOutForm/input_company'.
	at com.kms.katalon.core.webui.keyword.internal.WebUIKeywordMain.stepFailed(WebUIKeywordMain.groovy:64)
	at com.kms.katalon.core.webui.keyword.builtin.getCSSValueKeyword$_getCSSValue_closure1.doCall(GetCSSValueKeyword.groovy:79)
	at com.kms.katalon.core.webui.keyword.builtin.getCSSValueKeyword$_getCSSValue_closure1.call(GetCSSValueKeyword.groovy)
	at com.kms.katalon.core.webui.keyword.internal.WebUIKeywordMain.runKeyword(WebUIKeywordMain.groovy:20)
	... 28 more
)

2022-01-15 11:19:11 - [MESSAGE][PASSED] - Current window's title is: 'Checkout - Cleaner's Supply'

2022-01-15 11:19:11 - [MESSAGE][PASSED] - Current window's url is: 'https://www.cleanersupply.com/checkout/'

2022-01-15 11:19:13 - [MESSAGE][PASSED] - Text of object 'Object Repository/CheckOutForm/h1_checkOutHeader' is: 'CHECKOUT'

2022-01-15 11:19:13 - [MESSAGE][PASSED] - Object: 'Object Repository/CheckOutForm/input_company' is focused

2022-01-15 11:19:13 - [MESSAGE][PASSED] - Get CSS 'box-shadow' value on 'Object Repository/CheckOutForm/input_company' successfully: 'rgb(99, 99, 99) 0px -3px 0px 0px inset'.

2022-01-15 11:19:14 - [MESSAGE][FAILED] - Cannot get CSS 'border-color' value on 'Object Repository/CheckOutForm/input_company'. (Root cause: com.kms.katalon.core.exception.StepFailedException: Cannot get CSS 'border-color' value on 'Object Repository/CheckOutForm/input_company'.
	at com.kms.katalon.core.webui.keyword.internal.WebUIKeywordMain.stepFailed(WebUIKeywordMain.groovy:64)
	at com.kms.katalon.core.webui.keyword.builtin.getCSSValueKeyword$_getCSSValue_closure1.doCall(GetCSSValueKeyword.groovy:79)
	at com.kms.katalon.core.webui.keyword.builtin.getCSSValueKeyword$_getCSSValue_closure1.call(GetCSSValueKeyword.groovy)
	at com.kms.katalon.core.webui.keyword.internal.WebUIKeywordMain.runKeyword(WebUIKeywordMain.groovy:20)
	at com.kms.katalon.core.webui.keyword.builtin.getCSSValueKeyword.getCSSValue(GetCSSValueKeyword.groovy:84)
	at com.kms.katalon.core.webui.keyword.builtin.getCSSValueKeyword.execute(GetCSSValueKeyword.groovy:68)
	at com.kms.katalon.core.keyword.internal.KeywordExecutor.executeKeywordForPlatform(KeywordExecutor.groovy:74)
	at com.kms.katalon.core.webui.keyword.WebUiBuiltInKeywords.getCSSValue(WebUiBuiltInKeywords.groovy:4594)
	at com.kms.katalon.core.webui.keyword.WebUiBuiltInKeywords$getCSSValue$9.call(Unknown Source)
	at validation.CheckOutFormValidation.validateBoxShadowBlaceHolderBorder(CheckOutFormValidation.groovy:30)
	at validation.CheckOutFormValidation$validateBoxShadowBlaceHolderBorder.call(Unknown Source)
	at helpers.checkOutFormHelper.sendCompanyValue(checkOutFormHelper.groovy:28)
	at helpers.checkOutFormHelper$sendCompanyValue$0.call(Unknown Source)
	at helpers.checkOutFormHelper.fillCheckOutForm(checkOutFormHelper.groovy:141)
	at helpers.checkOutFormHelper$fillCheckOutForm.call(Unknown Source)
	at Category.run(Category:41)
	at com.kms.katalon.core.main.ScriptEngine.run(ScriptEngine.java:194)
	at com.kms.katalon.core.main.ScriptEngine.runScriptAsRawText(ScriptEngine.java:119)
	at com.kms.katalon.core.main.TestCaseExecutor.runScript(TestCaseExecutor.java:442)
	at com.kms.katalon.core.main.TestCaseExecutor.doExecute(TestCaseExecutor.java:433)
	at com.kms.katalon.core.main.TestCaseExecutor.processExecutionPhase(TestCaseExecutor.java:412)
	at com.kms.katalon.core.main.TestCaseExecutor.accessMainPhase(TestCaseExecutor.java:404)
	at com.kms.katalon.core.main.TestCaseExecutor.execute(TestCaseExecutor.java:281)
	at com.kms.katalon.core.main.TestCaseExecutor.execute(TestCaseExecutor.java:363)
	at com.kms.katalon.core.main.TestCaseExecutor.execute(TestCaseExecutor.java:363)
	at com.kms.katalon.core.main.TestCaseExecutor.execute(TestCaseExecutor.java:363)
	at com.kms.katalon.core.main.TestSuiteExecutor.accessTestCaseMainPhase(TestSuiteExecutor.java:202)
	at com.kms.katalon.core.main.TestSuiteExecutor.accessTestSuiteMainPhase(TestSuiteExecutor.java:164)
	at com.kms.katalon.core.main.TestSuiteExecutor.execute(TestSuiteExecutor.java:105)
	at com.kms.katalon.core.main.TestCaseMain.startTestSuite(TestCaseMain.java:181)
	at com.kms.katalon.core.main.TestCaseMain$startTestSuite$0.call(Unknown Source)
	at TempTestSuite1642237146783.run(TempTestSuite1642237146783.groovy:36)
)

2022-01-15 11:19:14 - [MESSAGE][FAILED] - Cannot get CSS 'border-color' value on 'Object Repository/CheckOutForm/input_company'. (Root cause: com.kms.katalon.core.exception.StepFailedException: Cannot get CSS 'border-color' value on 'Object Repository/CheckOutForm/input_company'.
	at com.kms.katalon.core.webui.keyword.internal.WebUIKeywordMain.stepFailed(WebUIKeywordMain.groovy:64)
	at com.kms.katalon.core.webui.keyword.internal.WebUIKeywordMain.runKeyword(WebUIKeywordMain.groovy:26)
	at com.kms.katalon.core.webui.keyword.builtin.getCSSValueKeyword.getCSSValue(GetCSSValueKeyword.groovy:84)
	at com.kms.katalon.core.webui.keyword.builtin.getCSSValueKeyword.execute(GetCSSValueKeyword.groovy:68)
	at com.kms.katalon.core.keyword.internal.KeywordExecutor.executeKeywordForPlatform(KeywordExecutor.groovy:74)
	at com.kms.katalon.core.webui.keyword.WebUiBuiltInKeywords.getCSSValue(WebUiBuiltInKeywords.groovy:4594)
	at com.kms.katalon.core.webui.keyword.WebUiBuiltInKeywords$getCSSValue$9.call(Unknown Source)
	at validation.CheckOutFormValidation.validateBoxShadowBlaceHolderBorder(CheckOutFormValidation.groovy:30)
	at validation.CheckOutFormValidation$validateBoxShadowBlaceHolderBorder.call(Unknown Source)
	at helpers.checkOutFormHelper.sendCompanyValue(checkOutFormHelper.groovy:28)
	at helpers.checkOutFormHelper$sendCompanyValue$0.call(Unknown Source)
	at helpers.checkOutFormHelper.fillCheckOutForm(checkOutFormHelper.groovy:141)
	at helpers.checkOutFormHelper$fillCheckOutForm.call(Unknown Source)
	at Category.run(Category:41)
	at com.kms.katalon.core.main.ScriptEngine.run(ScriptEngine.java:194)
	at com.kms.katalon.core.main.ScriptEngine.runScriptAsRawText(ScriptEngine.java:119)
	at com.kms.katalon.core.main.TestCaseExecutor.runScript(TestCaseExecutor.java:442)
	at com.kms.katalon.core.main.TestCaseExecutor.doExecute(TestCaseExecutor.java:433)
	at com.kms.katalon.core.main.TestCaseExecutor.processExecutionPhase(TestCaseExecutor.java:412)
	at com.kms.katalon.core.main.TestCaseExecutor.accessMainPhase(TestCaseExecutor.java:404)
	at com.kms.katalon.core.main.TestCaseExecutor.execute(TestCaseExecutor.java:281)
	at com.kms.katalon.core.main.TestCaseExecutor.execute(TestCaseExecutor.java:363)
	at com.kms.katalon.core.main.TestCaseExecutor.execute(TestCaseExecutor.java:363)
	at com.kms.katalon.core.main.TestCaseExecutor.execute(TestCaseExecutor.java:363)
	at com.kms.katalon.core.main.TestSuiteExecutor.accessTestCaseMainPhase(TestSuiteExecutor.java:202)
	at com.kms.katalon.core.main.TestSuiteExecutor.accessTestSuiteMainPhase(TestSuiteExecutor.java:164)
	at com.kms.katalon.core.main.TestSuiteExecutor.execute(TestSuiteExecutor.java:105)
	at com.kms.katalon.core.main.TestCaseMain.startTestSuite(TestCaseMain.java:181)
	at com.kms.katalon.core.main.TestCaseMain$startTestSuite$0.call(Unknown Source)
	at TempTestSuite1642237146783.run(TempTestSuite1642237146783.groovy:36)
Caused by: com.kms.katalon.core.exception.StepFailedException: Cannot get CSS 'border-color' value on 'Object Repository/CheckOutForm/input_company'.
	at com.kms.katalon.core.webui.keyword.internal.WebUIKeywordMain.stepFailed(WebUIKeywordMain.groovy:64)
	at com.kms.katalon.core.webui.keyword.builtin.getCSSValueKeyword$_getCSSValue_closure1.doCall(GetCSSValueKeyword.groovy:79)
	at com.kms.katalon.core.webui.keyword.builtin.getCSSValueKeyword$_getCSSValue_closure1.call(GetCSSValueKeyword.groovy)
	at com.kms.katalon.core.webui.keyword.internal.WebUIKeywordMain.runKeyword(WebUIKeywordMain.groovy:20)
	... 28 more
)
[[ATTACHMENT|/Users/waleedafifi/git/cleanersupply/Reports/20220115_105856/Checkout/20220115_105906/1642238354160.png]]]]></system-out>
         <system-err><![CDATA[2022-01-15 11:17:42 - [TEST_CASE][FAILED] - Test Cases/Checkout Scenario/Category: Test Cases/Checkout Scenario/Category FAILED.
Reason:
com.kms.katalon.core.exception.StepFailedException: Cannot get CSS 'border-color' value on 'Object Repository/CheckOutForm/input_company'.
	at com.kms.katalon.core.webui.keyword.internal.WebUIKeywordMain.stepFailed(WebUIKeywordMain.groovy:64)
	at com.kms.katalon.core.webui.keyword.internal.WebUIKeywordMain.runKeyword(WebUIKeywordMain.groovy:26)
	at com.kms.katalon.core.webui.keyword.builtin.getCSSValueKeyword.getCSSValue(GetCSSValueKeyword.groovy:84)
	at com.kms.katalon.core.webui.keyword.builtin.getCSSValueKeyword.execute(GetCSSValueKeyword.groovy:68)
	at com.kms.katalon.core.keyword.internal.KeywordExecutor.executeKeywordForPlatform(KeywordExecutor.groovy:74)
	at com.kms.katalon.core.webui.keyword.WebUiBuiltInKeywords.getCSSValue(WebUiBuiltInKeywords.groovy:4594)
	at com.kms.katalon.core.webui.keyword.WebUiBuiltInKeywords$getCSSValue$9.call(Unknown Source)
	at validation.CheckOutFormValidation.validateBoxShadowBlaceHolderBorder(CheckOutFormValidation.groovy:30)
	at validation.CheckOutFormValidation$validateBoxShadowBlaceHolderBorder.call(Unknown Source)
	at helpers.checkOutFormHelper.sendCompanyValue(checkOutFormHelper.groovy:28)
	at helpers.checkOutFormHelper$sendCompanyValue$0.call(Unknown Source)
	at helpers.checkOutFormHelper.fillCheckOutForm(checkOutFormHelper.groovy:141)
	at helpers.checkOutFormHelper$fillCheckOutForm.call(Unknown Source)
	at Category.run(Category:41)
	at com.kms.katalon.core.main.ScriptEngine.run(ScriptEngine.java:194)
	at com.kms.katalon.core.main.ScriptEngine.runScriptAsRawText(ScriptEngine.java:119)
	at com.kms.katalon.core.main.TestCaseExecutor.runScript(TestCaseExecutor.java:442)
	at com.kms.katalon.core.main.TestCaseExecutor.doExecute(TestCaseExecutor.java:433)
	at com.kms.katalon.core.main.TestCaseExecutor.processExecutionPhase(TestCaseExecutor.java:412)
	at com.kms.katalon.core.main.TestCaseExecutor.accessMainPhase(TestCaseExecutor.java:404)
	at com.kms.katalon.core.main.TestCaseExecutor.execute(TestCaseExecutor.java:281)
	at com.kms.katalon.core.main.TestCaseExecutor.execute(TestCaseExecutor.java:363)
	at com.kms.katalon.core.main.TestCaseExecutor.execute(TestCaseExecutor.java:363)
	at com.kms.katalon.core.main.TestCaseExecutor.execute(TestCaseExecutor.java:363)
	at com.kms.katalon.core.main.TestSuiteExecutor.accessTestCaseMainPhase(TestSuiteExecutor.java:202)
	at com.kms.katalon.core.main.TestSuiteExecutor.accessTestSuiteMainPhase(TestSuiteExecutor.java:164)
	at com.kms.katalon.core.main.TestSuiteExecutor.execute(TestSuiteExecutor.java:105)
	at com.kms.katalon.core.main.TestCaseMain.startTestSuite(TestCaseMain.java:181)
	at com.kms.katalon.core.main.TestCaseMain$startTestSuite$0.call(Unknown Source)
	at TempTestSuite1642237146783.run(TempTestSuite1642237146783.groovy:36)
Caused by: com.kms.katalon.core.exception.StepFailedException: Cannot get CSS 'border-color' value on 'Object Repository/CheckOutForm/input_company'.
	at com.kms.katalon.core.webui.keyword.internal.WebUIKeywordMain.stepFailed(WebUIKeywordMain.groovy:64)
	at com.kms.katalon.core.webui.keyword.builtin.getCSSValueKeyword$_getCSSValue_closure1.doCall(GetCSSValueKeyword.groovy:79)
	at com.kms.katalon.core.webui.keyword.builtin.getCSSValueKeyword$_getCSSValue_closure1.call(GetCSSValueKeyword.groovy)
	at com.kms.katalon.core.webui.keyword.internal.WebUIKeywordMain.runKeyword(WebUIKeywordMain.groovy:20)
	... 28 more]]></system-err>
      </testcase>
      <system-out><![CDATA[2022-01-15 11:12:10 - [TEST_SUITE][FAILED] - Checkout: Test Cases/Checkout Scenario/Product Details FAILED.
Reason:
Assertion failed: 

assert WebUI.getCSSValue(searchFor, 'background-color').equals(GlobalVariable.searchHeaderTopBarBackgroundColor)
             |           |                              |                     |
             |           |                              false                 rgba(82, 36, 127, 1)
             |           TestObject - 'Object Repository/Product details/div_searchHeaderTopBar'
             rgb(82, 36, 127)

	at validation.SearchValidations.VerifySearchDropDownTopBarStyle(SearchValidations.groovy:41)
	at validation.SearchValidations$VerifySearchDropDownTopBarStyle$0.call(Unknown Source)
	at helpers.GeneralHelpers.headerSearchFillAndClick(GeneralHelpers.groovy:50)
	at helpers.GeneralHelpers$headerSearchFillAndClick$0.call(Unknown Source)
	at Product Details.run(Product Details:34)
	at com.kms.katalon.core.main.ScriptEngine.run(ScriptEngine.java:194)
	at com.kms.katalon.core.main.ScriptEngine.runScriptAsRawText(ScriptEngine.java:119)
	at com.kms.katalon.core.main.TestCaseExecutor.runScript(TestCaseExecutor.java:442)
	at com.kms.katalon.core.main.TestCaseExecutor.doExecute(TestCaseExecutor.java:433)
	at com.kms.katalon.core.main.TestCaseExecutor.processExecutionPhase(TestCaseExecutor.java:412)
	at com.kms.katalon.core.main.TestCaseExecutor.accessMainPhase(TestCaseExecutor.java:404)
	at com.kms.katalon.core.main.TestCaseExecutor.execute(TestCaseExecutor.java:281)
	at com.kms.katalon.core.main.TestSuiteExecutor.accessTestCaseMainPhase(TestSuiteExecutor.java:202)
	at com.kms.katalon.core.main.TestSuiteExecutor.accessTestSuiteMainPhase(TestSuiteExecutor.java:164)
	at com.kms.katalon.core.main.TestSuiteExecutor.execute(TestSuiteExecutor.java:105)
	at com.kms.katalon.core.main.TestCaseMain.startTestSuite(TestCaseMain.java:181)
	at com.kms.katalon.core.main.TestCaseMain$startTestSuite$0.call(Unknown Source)
	at TempTestSuite1642237146783.run(TempTestSuite1642237146783.groovy:36)]]></system-out>
      <system-err><![CDATA[2022-01-15 11:12:10 - [TEST_SUITE][FAILED] - Checkout: Test Cases/Checkout Scenario/Product Details FAILED.
Reason:
Assertion failed: 

assert WebUI.getCSSValue(searchFor, 'background-color').equals(GlobalVariable.searchHeaderTopBarBackgroundColor)
             |           |                              |                     |
             |           |                              false                 rgba(82, 36, 127, 1)
             |           TestObject - 'Object Repository/Product details/div_searchHeaderTopBar'
             rgb(82, 36, 127)

	at validation.SearchValidations.VerifySearchDropDownTopBarStyle(SearchValidations.groovy:41)
	at validation.SearchValidations$VerifySearchDropDownTopBarStyle$0.call(Unknown Source)
	at helpers.GeneralHelpers.headerSearchFillAndClick(GeneralHelpers.groovy:50)
	at helpers.GeneralHelpers$headerSearchFillAndClick$0.call(Unknown Source)
	at Product Details.run(Product Details:34)
	at com.kms.katalon.core.main.ScriptEngine.run(ScriptEngine.java:194)
	at com.kms.katalon.core.main.ScriptEngine.runScriptAsRawText(ScriptEngine.java:119)
	at com.kms.katalon.core.main.TestCaseExecutor.runScript(TestCaseExecutor.java:442)
	at com.kms.katalon.core.main.TestCaseExecutor.doExecute(TestCaseExecutor.java:433)
	at com.kms.katalon.core.main.TestCaseExecutor.processExecutionPhase(TestCaseExecutor.java:412)
	at com.kms.katalon.core.main.TestCaseExecutor.accessMainPhase(TestCaseExecutor.java:404)
	at com.kms.katalon.core.main.TestCaseExecutor.execute(TestCaseExecutor.java:281)
	at com.kms.katalon.core.main.TestSuiteExecutor.accessTestCaseMainPhase(TestSuiteExecutor.java:202)
	at com.kms.katalon.core.main.TestSuiteExecutor.accessTestSuiteMainPhase(TestSuiteExecutor.java:164)
	at com.kms.katalon.core.main.TestSuiteExecutor.execute(TestSuiteExecutor.java:105)
	at com.kms.katalon.core.main.TestCaseMain.startTestSuite(TestCaseMain.java:181)
	at com.kms.katalon.core.main.TestCaseMain$startTestSuite$0.call(Unknown Source)
	at TempTestSuite1642237146783.run(TempTestSuite1642237146783.groovy:36)]]></system-err>
   </testsuite>
   <testsuite name="Footer" tests="1" failures="1" errors="0" time="101.107" skipped="0" timestamp="2022-01-15 11:19:19" hostname="waleedafifi - localhost" id="Test Suites/Footer">
      <properties>
         <property name="deviceName" value=""/>
         <property name="devicePlatform" value=""/>
         <property name="logFolder" value="/Users/waleedafifi/git/cleanersupply/Reports/20220115_105856/Footer/20220115_105908"/>
         <property name="logFiles" value="/Users/waleedafifi/git/cleanersupply/Reports/20220115_105856/Footer/20220115_105908/execution0.log"/>
         <property name="attachments" value="/Users/waleedafifi/git/cleanersupply/Reports/20220115_105856/Footer/20220115_105908/1642238383163.png, /Users/waleedafifi/git/cleanersupply/Reports/20220115_105856/Footer/20220115_105908/1642238407761.png, /Users/waleedafifi/git/cleanersupply/Reports/20220115_105856/Footer/20220115_105908/1642238433671.png, /Users/waleedafifi/git/cleanersupply/Reports/20220115_105856/Footer/20220115_105908/1642238459263.png"/>
         <property name="hostName" value="waleedafifi - localhost"/>
         <property name="os" value="Mac OS X 64bit"/>
         <property name="katalonVersion" value="8.2.0.208"/>
         <property name="browser" value="Firefox 95.0"/>
         <property name="hostAddress" value="127.0.0.1"/>
         <property name="sessionId" value="f12b2f94-f875-43c6-b67f-e37188d83b55"/>
         <property name="seleniumVersion" value="3.141.59"/>
         <property name="proxyInformation" value="ProxyInformation { proxyOption=NO_PROXY, proxyServerType=HTTP, username=, password=********, proxyServerAddress=, proxyServerPort=0, executionList=&quot;&quot;, isApplyToDesiredCapabilities=true }"/>
         <property name="platform" value="Mac OS X"/>
      </properties>
      <testcase name="Test Cases/Footer/Footer TC" time="25.277" classname="Test Cases/Footer/Footer TC" status="FAILED">
         <failure type="FAILED" message="Test Cases/Footer/Footer TC FAILED.
Reason:
com.kms.katalon.core.exception.StepFailedException: Cannot get CSS 'background' value on 'Object Repository/defaultFooter/div_topFooter'.
	at com.kms.katalon.core.webui.keyword.internal.WebUIKeywordMain.stepFailed(WebUIKeywordMain.groovy:64)
	at com.kms.katalon.core.webui.keyword.internal.WebUIKeywordMain.runKeyword(WebUIKeywordMain.groovy:26)
	at com.kms.katalon.core.webui.keyword.builtin.getCSSValueKeyword.getCSSValue(GetCSSValueKeyword.groovy:84)
	at com.kms.katalon.core.webui.keyword.builtin.getCSSValueKeyword.execute(GetCSSValueKeyword.groovy:68)
	at com.kms.katalon.core.keyword.internal.KeywordExecutor.executeKeywordForPlatform(KeywordExecutor.groovy:74)
	at com.kms.katalon.core.webui.keyword.WebUiBuiltInKeywords.getCSSValue(WebUiBuiltInKeywords.groovy:4594)
	at com.kms.katalon.core.webui.keyword.WebUiBuiltInKeywords$getCSSValue$6.call(Unknown Source)
	at validation.defaultFooterValidatins.verifyBackGroundandMaxHeightOfTopFooter(defaultFooterValidatins.groovy:33)
	at validation.defaultFooterValidatins$verifyBackGroundandMaxHeightOfTopFooter$0.call(Unknown Source)
	at Footer TC.run(Footer TC:25)
	at com.kms.katalon.core.main.ScriptEngine.run(ScriptEngine.java:194)
	at com.kms.katalon.core.main.ScriptEngine.runScriptAsRawText(ScriptEngine.java:119)
	at com.kms.katalon.core.main.TestCaseExecutor.runScript(TestCaseExecutor.java:442)
	at com.kms.katalon.core.main.TestCaseExecutor.doExecute(TestCaseExecutor.java:433)
	at com.kms.katalon.core.main.TestCaseExecutor.processExecutionPhase(TestCaseExecutor.java:412)
	at com.kms.katalon.core.main.TestCaseExecutor.accessMainPhase(TestCaseExecutor.java:404)
	at com.kms.katalon.core.main.TestCaseExecutor.execute(TestCaseExecutor.java:281)
	at com.kms.katalon.core.main.TestCaseExecutor.execute(TestCaseExecutor.java:363)
	at com.kms.katalon.core.main.TestCaseExecutor.execute(TestCaseExecutor.java:363)
	at com.kms.katalon.core.main.TestCaseExecutor.execute(TestCaseExecutor.java:363)
	at com.kms.katalon.core.main.TestSuiteExecutor.accessTestCaseMainPhase(TestSuiteExecutor.java:202)
	at com.kms.katalon.core.main.TestSuiteExecutor.accessTestSuiteMainPhase(TestSuiteExecutor.java:164)
	at com.kms.katalon.core.main.TestSuiteExecutor.execute(TestSuiteExecutor.java:105)
	at com.kms.katalon.core.main.TestCaseMain.startTestSuite(TestCaseMain.java:181)
	at com.kms.katalon.core.main.TestCaseMain$startTestSuite$0.call(Unknown Source)
	at TempTestSuite1642237148345.run(TempTestSuite1642237148345.groovy:36)
Caused by: com.kms.katalon.core.exception.StepFailedException: Cannot get CSS 'background' value on 'Object Repository/defaultFooter/div_topFooter'.
	at com.kms.katalon.core.webui.keyword.internal.WebUIKeywordMain.stepFailed(WebUIKeywordMain.groovy:64)
	at com.kms.katalon.core.webui.keyword.builtin.getCSSValueKeyword$_getCSSValue_closure1.doCall(GetCSSValueKeyword.groovy:79)
	at com.kms.katalon.core.webui.keyword.builtin.getCSSValueKeyword$_getCSSValue_closure1.call(GetCSSValueKeyword.groovy)
	at com.kms.katalon.core.webui.keyword.internal.WebUIKeywordMain.runKeyword(WebUIKeywordMain.groovy:20)
	... 24 more
"/>
         <system-out><![CDATA[2022-01-15 11:20:35 - [TEST_CASE][FAILED] - Test Cases/Footer/Footer TC: Test Cases/Footer/Footer TC FAILED.
Reason:
com.kms.katalon.core.exception.StepFailedException: Cannot get CSS 'background' value on 'Object Repository/defaultFooter/div_topFooter'.
	at com.kms.katalon.core.webui.keyword.internal.WebUIKeywordMain.stepFailed(WebUIKeywordMain.groovy:64)
	at com.kms.katalon.core.webui.keyword.internal.WebUIKeywordMain.runKeyword(WebUIKeywordMain.groovy:26)
	at com.kms.katalon.core.webui.keyword.builtin.getCSSValueKeyword.getCSSValue(GetCSSValueKeyword.groovy:84)
	at com.kms.katalon.core.webui.keyword.builtin.getCSSValueKeyword.execute(GetCSSValueKeyword.groovy:68)
	at com.kms.katalon.core.keyword.internal.KeywordExecutor.executeKeywordForPlatform(KeywordExecutor.groovy:74)
	at com.kms.katalon.core.webui.keyword.WebUiBuiltInKeywords.getCSSValue(WebUiBuiltInKeywords.groovy:4594)
	at com.kms.katalon.core.webui.keyword.WebUiBuiltInKeywords$getCSSValue$6.call(Unknown Source)
	at validation.defaultFooterValidatins.verifyBackGroundandMaxHeightOfTopFooter(defaultFooterValidatins.groovy:33)
	at validation.defaultFooterValidatins$verifyBackGroundandMaxHeightOfTopFooter$0.call(Unknown Source)
	at Footer TC.run(Footer TC:25)
	at com.kms.katalon.core.main.ScriptEngine.run(ScriptEngine.java:194)
	at com.kms.katalon.core.main.ScriptEngine.runScriptAsRawText(ScriptEngine.java:119)
	at com.kms.katalon.core.main.TestCaseExecutor.runScript(TestCaseExecutor.java:442)
	at com.kms.katalon.core.main.TestCaseExecutor.doExecute(TestCaseExecutor.java:433)
	at com.kms.katalon.core.main.TestCaseExecutor.processExecutionPhase(TestCaseExecutor.java:412)
	at com.kms.katalon.core.main.TestCaseExecutor.accessMainPhase(TestCaseExecutor.java:404)
	at com.kms.katalon.core.main.TestCaseExecutor.execute(TestCaseExecutor.java:281)
	at com.kms.katalon.core.main.TestCaseExecutor.execute(TestCaseExecutor.java:363)
	at com.kms.katalon.core.main.TestCaseExecutor.execute(TestCaseExecutor.java:363)
	at com.kms.katalon.core.main.TestCaseExecutor.execute(TestCaseExecutor.java:363)
	at com.kms.katalon.core.main.TestSuiteExecutor.accessTestCaseMainPhase(TestSuiteExecutor.java:202)
	at com.kms.katalon.core.main.TestSuiteExecutor.accessTestSuiteMainPhase(TestSuiteExecutor.java:164)
	at com.kms.katalon.core.main.TestSuiteExecutor.execute(TestSuiteExecutor.java:105)
	at com.kms.katalon.core.main.TestCaseMain.startTestSuite(TestCaseMain.java:181)
	at com.kms.katalon.core.main.TestCaseMain$startTestSuite$0.call(Unknown Source)
	at TempTestSuite1642237148345.run(TempTestSuite1642237148345.groovy:36)
Caused by: com.kms.katalon.core.exception.StepFailedException: Cannot get CSS 'background' value on 'Object Repository/defaultFooter/div_topFooter'.
	at com.kms.katalon.core.webui.keyword.internal.WebUIKeywordMain.stepFailed(WebUIKeywordMain.groovy:64)
	at com.kms.katalon.core.webui.keyword.builtin.getCSSValueKeyword$_getCSSValue_closure1.doCall(GetCSSValueKeyword.groovy:79)
	at com.kms.katalon.core.webui.keyword.builtin.getCSSValueKeyword$_getCSSValue_closure1.call(GetCSSValueKeyword.groovy)
	at com.kms.katalon.core.webui.keyword.internal.WebUIKeywordMain.runKeyword(WebUIKeywordMain.groovy:20)
	... 24 more


2022-01-15 11:20:35 - [TEST_STEP][PASSED] - GeneralHelpers.initScenario(): Current window's url is: 'https://www.cleanersupply.com/'

2022-01-15 11:20:35 - [MESSAGE][WARNING] - A browser is already opened. Closing browser and opening a new one

2022-01-15 11:20:36 - [MESSAGE][INFO] - Starting 'Firefox' driver

2022-01-15 11:20:36 - [MESSAGE][INFO] - Action delay is set to 0 milliseconds

2022-01-15 11:20:39 - [MESSAGE][PASSED] - Browser is opened with url: ''

2022-01-15 11:20:40 - [MESSAGE][PASSED] - Current window maximized

2022-01-15 11:20:48 - [MESSAGE][PASSED] - Navigate to 'https://www.cleanersupply.com/' successfully

2022-01-15 11:20:48 - [MESSAGE][PASSED] - Wait for page load successfully

2022-01-15 11:20:48 - [MESSAGE][PASSED] - Current window's title is: 'Cleaner's Supply - Dry Cleaning Supplies'

2022-01-15 11:20:48 - [MESSAGE][PASSED] - Current window's title is: 'Cleaner's Supply - Dry Cleaning Supplies'

2022-01-15 11:20:48 - [MESSAGE][PASSED] - Current window's url is: 'https://www.cleanersupply.com/'

2022-01-15 11:20:48 - [TEST_STEP][PASSED] - defaultFooterValidatins.verifyExistingOftopFooterImage(): Object 'Object Repository/defaultFooter/img_topFooter' is visible

2022-01-15 11:20:58 - [MESSAGE][PASSED] - Object 'Object Repository/defaultFooter/img_topFooter' is visible

2022-01-15 11:20:58 - [TEST_STEP][FAILED] - defaultFooterValidatins.verifyBackGroundandMaxHeightOfTopFooter(): Cannot get CSS 'background' value on 'Object Repository/defaultFooter/div_topFooter'. (Root cause: com.kms.katalon.core.exception.StepFailedException: Cannot get CSS 'background' value on 'Object Repository/defaultFooter/div_topFooter'.
	at com.kms.katalon.core.webui.keyword.internal.WebUIKeywordMain.stepFailed(WebUIKeywordMain.groovy:64)
	at com.kms.katalon.core.webui.keyword.internal.WebUIKeywordMain.runKeyword(WebUIKeywordMain.groovy:26)
	at com.kms.katalon.core.webui.keyword.builtin.getCSSValueKeyword.getCSSValue(GetCSSValueKeyword.groovy:84)
	at com.kms.katalon.core.webui.keyword.builtin.getCSSValueKeyword.execute(GetCSSValueKeyword.groovy:68)
	at com.kms.katalon.core.keyword.internal.KeywordExecutor.executeKeywordForPlatform(KeywordExecutor.groovy:74)
	at com.kms.katalon.core.webui.keyword.WebUiBuiltInKeywords.getCSSValue(WebUiBuiltInKeywords.groovy:4594)
	at com.kms.katalon.core.webui.keyword.WebUiBuiltInKeywords$getCSSValue$6.call(Unknown Source)
	at validation.defaultFooterValidatins.verifyBackGroundandMaxHeightOfTopFooter(defaultFooterValidatins.groovy:33)
	at validation.defaultFooterValidatins$verifyBackGroundandMaxHeightOfTopFooter$0.call(Unknown Source)
	at Footer TC.run(Footer TC:25)
	at com.kms.katalon.core.main.ScriptEngine.run(ScriptEngine.java:194)
	at com.kms.katalon.core.main.ScriptEngine.runScriptAsRawText(ScriptEngine.java:119)
	at com.kms.katalon.core.main.TestCaseExecutor.runScript(TestCaseExecutor.java:442)
	at com.kms.katalon.core.main.TestCaseExecutor.doExecute(TestCaseExecutor.java:433)
	at com.kms.katalon.core.main.TestCaseExecutor.processExecutionPhase(TestCaseExecutor.java:412)
	at com.kms.katalon.core.main.TestCaseExecutor.accessMainPhase(TestCaseExecutor.java:404)
	at com.kms.katalon.core.main.TestCaseExecutor.execute(TestCaseExecutor.java:281)
	at com.kms.katalon.core.main.TestCaseExecutor.execute(TestCaseExecutor.java:363)
	at com.kms.katalon.core.main.TestCaseExecutor.execute(TestCaseExecutor.java:363)
	at com.kms.katalon.core.main.TestCaseExecutor.execute(TestCaseExecutor.java:363)
	at com.kms.katalon.core.main.TestSuiteExecutor.accessTestCaseMainPhase(TestSuiteExecutor.java:202)
	at com.kms.katalon.core.main.TestSuiteExecutor.accessTestSuiteMainPhase(TestSuiteExecutor.java:164)
	at com.kms.katalon.core.main.TestSuiteExecutor.execute(TestSuiteExecutor.java:105)
	at com.kms.katalon.core.main.TestCaseMain.startTestSuite(TestCaseMain.java:181)
	at com.kms.katalon.core.main.TestCaseMain$startTestSuite$0.call(Unknown Source)
	at TempTestSuite1642237148345.run(TempTestSuite1642237148345.groovy:36)
Caused by: com.kms.katalon.core.exception.StepFailedException: Cannot get CSS 'background' value on 'Object Repository/defaultFooter/div_topFooter'.
	at com.kms.katalon.core.webui.keyword.internal.WebUIKeywordMain.stepFailed(WebUIKeywordMain.groovy:64)
	at com.kms.katalon.core.webui.keyword.builtin.getCSSValueKeyword$_getCSSValue_closure1.doCall(GetCSSValueKeyword.groovy:79)
	at com.kms.katalon.core.webui.keyword.builtin.getCSSValueKeyword$_getCSSValue_closure1.call(GetCSSValueKeyword.groovy)
	at com.kms.katalon.core.webui.keyword.internal.WebUIKeywordMain.runKeyword(WebUIKeywordMain.groovy:20)
	... 24 more
)

2022-01-15 11:20:59 - [MESSAGE][FAILED] - Cannot get CSS 'background' value on 'Object Repository/defaultFooter/div_topFooter'. (Root cause: com.kms.katalon.core.exception.StepFailedException: Cannot get CSS 'background' value on 'Object Repository/defaultFooter/div_topFooter'.
	at com.kms.katalon.core.webui.keyword.internal.WebUIKeywordMain.stepFailed(WebUIKeywordMain.groovy:64)
	at com.kms.katalon.core.webui.keyword.builtin.getCSSValueKeyword$_getCSSValue_closure1.doCall(GetCSSValueKeyword.groovy:79)
	at com.kms.katalon.core.webui.keyword.builtin.getCSSValueKeyword$_getCSSValue_closure1.call(GetCSSValueKeyword.groovy)
	at com.kms.katalon.core.webui.keyword.internal.WebUIKeywordMain.runKeyword(WebUIKeywordMain.groovy:20)
	at com.kms.katalon.core.webui.keyword.builtin.getCSSValueKeyword.getCSSValue(GetCSSValueKeyword.groovy:84)
	at com.kms.katalon.core.webui.keyword.builtin.getCSSValueKeyword.execute(GetCSSValueKeyword.groovy:68)
	at com.kms.katalon.core.keyword.internal.KeywordExecutor.executeKeywordForPlatform(KeywordExecutor.groovy:74)
	at com.kms.katalon.core.webui.keyword.WebUiBuiltInKeywords.getCSSValue(WebUiBuiltInKeywords.groovy:4594)
	at com.kms.katalon.core.webui.keyword.WebUiBuiltInKeywords$getCSSValue$6.call(Unknown Source)
	at validation.defaultFooterValidatins.verifyBackGroundandMaxHeightOfTopFooter(defaultFooterValidatins.groovy:33)
	at validation.defaultFooterValidatins$verifyBackGroundandMaxHeightOfTopFooter$0.call(Unknown Source)
	at Footer TC.run(Footer TC:25)
	at com.kms.katalon.core.main.ScriptEngine.run(ScriptEngine.java:194)
	at com.kms.katalon.core.main.ScriptEngine.runScriptAsRawText(ScriptEngine.java:119)
	at com.kms.katalon.core.main.TestCaseExecutor.runScript(TestCaseExecutor.java:442)
	at com.kms.katalon.core.main.TestCaseExecutor.doExecute(TestCaseExecutor.java:433)
	at com.kms.katalon.core.main.TestCaseExecutor.processExecutionPhase(TestCaseExecutor.java:412)
	at com.kms.katalon.core.main.TestCaseExecutor.accessMainPhase(TestCaseExecutor.java:404)
	at com.kms.katalon.core.main.TestCaseExecutor.execute(TestCaseExecutor.java:281)
	at com.kms.katalon.core.main.TestCaseExecutor.execute(TestCaseExecutor.java:363)
	at com.kms.katalon.core.main.TestCaseExecutor.execute(TestCaseExecutor.java:363)
	at com.kms.katalon.core.main.TestCaseExecutor.execute(TestCaseExecutor.java:363)
	at com.kms.katalon.core.main.TestSuiteExecutor.accessTestCaseMainPhase(TestSuiteExecutor.java:202)
	at com.kms.katalon.core.main.TestSuiteExecutor.accessTestSuiteMainPhase(TestSuiteExecutor.java:164)
	at com.kms.katalon.core.main.TestSuiteExecutor.execute(TestSuiteExecutor.java:105)
	at com.kms.katalon.core.main.TestCaseMain.startTestSuite(TestCaseMain.java:181)
	at com.kms.katalon.core.main.TestCaseMain$startTestSuite$0.call(Unknown Source)
	at TempTestSuite1642237148345.run(TempTestSuite1642237148345.groovy:36)
)

2022-01-15 11:21:00 - [MESSAGE][FAILED] - Cannot get CSS 'background' value on 'Object Repository/defaultFooter/div_topFooter'. (Root cause: com.kms.katalon.core.exception.StepFailedException: Cannot get CSS 'background' value on 'Object Repository/defaultFooter/div_topFooter'.
	at com.kms.katalon.core.webui.keyword.internal.WebUIKeywordMain.stepFailed(WebUIKeywordMain.groovy:64)
	at com.kms.katalon.core.webui.keyword.internal.WebUIKeywordMain.runKeyword(WebUIKeywordMain.groovy:26)
	at com.kms.katalon.core.webui.keyword.builtin.getCSSValueKeyword.getCSSValue(GetCSSValueKeyword.groovy:84)
	at com.kms.katalon.core.webui.keyword.builtin.getCSSValueKeyword.execute(GetCSSValueKeyword.groovy:68)
	at com.kms.katalon.core.keyword.internal.KeywordExecutor.executeKeywordForPlatform(KeywordExecutor.groovy:74)
	at com.kms.katalon.core.webui.keyword.WebUiBuiltInKeywords.getCSSValue(WebUiBuiltInKeywords.groovy:4594)
	at com.kms.katalon.core.webui.keyword.WebUiBuiltInKeywords$getCSSValue$6.call(Unknown Source)
	at validation.defaultFooterValidatins.verifyBackGroundandMaxHeightOfTopFooter(defaultFooterValidatins.groovy:33)
	at validation.defaultFooterValidatins$verifyBackGroundandMaxHeightOfTopFooter$0.call(Unknown Source)
	at Footer TC.run(Footer TC:25)
	at com.kms.katalon.core.main.ScriptEngine.run(ScriptEngine.java:194)
	at com.kms.katalon.core.main.ScriptEngine.runScriptAsRawText(ScriptEngine.java:119)
	at com.kms.katalon.core.main.TestCaseExecutor.runScript(TestCaseExecutor.java:442)
	at com.kms.katalon.core.main.TestCaseExecutor.doExecute(TestCaseExecutor.java:433)
	at com.kms.katalon.core.main.TestCaseExecutor.processExecutionPhase(TestCaseExecutor.java:412)
	at com.kms.katalon.core.main.TestCaseExecutor.accessMainPhase(TestCaseExecutor.java:404)
	at com.kms.katalon.core.main.TestCaseExecutor.execute(TestCaseExecutor.java:281)
	at com.kms.katalon.core.main.TestCaseExecutor.execute(TestCaseExecutor.java:363)
	at com.kms.katalon.core.main.TestCaseExecutor.execute(TestCaseExecutor.java:363)
	at com.kms.katalon.core.main.TestCaseExecutor.execute(TestCaseExecutor.java:363)
	at com.kms.katalon.core.main.TestSuiteExecutor.accessTestCaseMainPhase(TestSuiteExecutor.java:202)
	at com.kms.katalon.core.main.TestSuiteExecutor.accessTestSuiteMainPhase(TestSuiteExecutor.java:164)
	at com.kms.katalon.core.main.TestSuiteExecutor.execute(TestSuiteExecutor.java:105)
	at com.kms.katalon.core.main.TestCaseMain.startTestSuite(TestCaseMain.java:181)
	at com.kms.katalon.core.main.TestCaseMain$startTestSuite$0.call(Unknown Source)
	at TempTestSuite1642237148345.run(TempTestSuite1642237148345.groovy:36)
Caused by: com.kms.katalon.core.exception.StepFailedException: Cannot get CSS 'background' value on 'Object Repository/defaultFooter/div_topFooter'.
	at com.kms.katalon.core.webui.keyword.internal.WebUIKeywordMain.stepFailed(WebUIKeywordMain.groovy:64)
	at com.kms.katalon.core.webui.keyword.builtin.getCSSValueKeyword$_getCSSValue_closure1.doCall(GetCSSValueKeyword.groovy:79)
	at com.kms.katalon.core.webui.keyword.builtin.getCSSValueKeyword$_getCSSValue_closure1.call(GetCSSValueKeyword.groovy)
	at com.kms.katalon.core.webui.keyword.internal.WebUIKeywordMain.runKeyword(WebUIKeywordMain.groovy:20)
	... 24 more
)
[[ATTACHMENT|/Users/waleedafifi/git/cleanersupply/Reports/20220115_105856/Footer/20220115_105908/1642238459263.png]]]]></system-out>
         <system-err><![CDATA[2022-01-15 11:20:35 - [TEST_CASE][FAILED] - Test Cases/Footer/Footer TC: Test Cases/Footer/Footer TC FAILED.
Reason:
com.kms.katalon.core.exception.StepFailedException: Cannot get CSS 'background' value on 'Object Repository/defaultFooter/div_topFooter'.
	at com.kms.katalon.core.webui.keyword.internal.WebUIKeywordMain.stepFailed(WebUIKeywordMain.groovy:64)
	at com.kms.katalon.core.webui.keyword.internal.WebUIKeywordMain.runKeyword(WebUIKeywordMain.groovy:26)
	at com.kms.katalon.core.webui.keyword.builtin.getCSSValueKeyword.getCSSValue(GetCSSValueKeyword.groovy:84)
	at com.kms.katalon.core.webui.keyword.builtin.getCSSValueKeyword.execute(GetCSSValueKeyword.groovy:68)
	at com.kms.katalon.core.keyword.internal.KeywordExecutor.executeKeywordForPlatform(KeywordExecutor.groovy:74)
	at com.kms.katalon.core.webui.keyword.WebUiBuiltInKeywords.getCSSValue(WebUiBuiltInKeywords.groovy:4594)
	at com.kms.katalon.core.webui.keyword.WebUiBuiltInKeywords$getCSSValue$6.call(Unknown Source)
	at validation.defaultFooterValidatins.verifyBackGroundandMaxHeightOfTopFooter(defaultFooterValidatins.groovy:33)
	at validation.defaultFooterValidatins$verifyBackGroundandMaxHeightOfTopFooter$0.call(Unknown Source)
	at Footer TC.run(Footer TC:25)
	at com.kms.katalon.core.main.ScriptEngine.run(ScriptEngine.java:194)
	at com.kms.katalon.core.main.ScriptEngine.runScriptAsRawText(ScriptEngine.java:119)
	at com.kms.katalon.core.main.TestCaseExecutor.runScript(TestCaseExecutor.java:442)
	at com.kms.katalon.core.main.TestCaseExecutor.doExecute(TestCaseExecutor.java:433)
	at com.kms.katalon.core.main.TestCaseExecutor.processExecutionPhase(TestCaseExecutor.java:412)
	at com.kms.katalon.core.main.TestCaseExecutor.accessMainPhase(TestCaseExecutor.java:404)
	at com.kms.katalon.core.main.TestCaseExecutor.execute(TestCaseExecutor.java:281)
	at com.kms.katalon.core.main.TestCaseExecutor.execute(TestCaseExecutor.java:363)
	at com.kms.katalon.core.main.TestCaseExecutor.execute(TestCaseExecutor.java:363)
	at com.kms.katalon.core.main.TestCaseExecutor.execute(TestCaseExecutor.java:363)
	at com.kms.katalon.core.main.TestSuiteExecutor.accessTestCaseMainPhase(TestSuiteExecutor.java:202)
	at com.kms.katalon.core.main.TestSuiteExecutor.accessTestSuiteMainPhase(TestSuiteExecutor.java:164)
	at com.kms.katalon.core.main.TestSuiteExecutor.execute(TestSuiteExecutor.java:105)
	at com.kms.katalon.core.main.TestCaseMain.startTestSuite(TestCaseMain.java:181)
	at com.kms.katalon.core.main.TestCaseMain$startTestSuite$0.call(Unknown Source)
	at TempTestSuite1642237148345.run(TempTestSuite1642237148345.groovy:36)
Caused by: com.kms.katalon.core.exception.StepFailedException: Cannot get CSS 'background' value on 'Object Repository/defaultFooter/div_topFooter'.
	at com.kms.katalon.core.webui.keyword.internal.WebUIKeywordMain.stepFailed(WebUIKeywordMain.groovy:64)
	at com.kms.katalon.core.webui.keyword.builtin.getCSSValueKeyword$_getCSSValue_closure1.doCall(GetCSSValueKeyword.groovy:79)
	at com.kms.katalon.core.webui.keyword.builtin.getCSSValueKeyword$_getCSSValue_closure1.call(GetCSSValueKeyword.groovy)
	at com.kms.katalon.core.webui.keyword.internal.WebUIKeywordMain.runKeyword(WebUIKeywordMain.groovy:20)
	... 24 more]]></system-err>
      </testcase>
      <system-out><![CDATA[2022-01-15 11:19:19 - [TEST_SUITE][FAILED] - Footer: Test Cases/Footer/Footer TC FAILED.
Reason:
com.kms.katalon.core.exception.StepFailedException: Cannot get CSS 'background' value on 'Object Repository/defaultFooter/div_topFooter'.
	at com.kms.katalon.core.webui.keyword.internal.WebUIKeywordMain.stepFailed(WebUIKeywordMain.groovy:64)
	at com.kms.katalon.core.webui.keyword.internal.WebUIKeywordMain.runKeyword(WebUIKeywordMain.groovy:26)
	at com.kms.katalon.core.webui.keyword.builtin.getCSSValueKeyword.getCSSValue(GetCSSValueKeyword.groovy:84)
	at com.kms.katalon.core.webui.keyword.builtin.getCSSValueKeyword.execute(GetCSSValueKeyword.groovy:68)
	at com.kms.katalon.core.keyword.internal.KeywordExecutor.executeKeywordForPlatform(KeywordExecutor.groovy:74)
	at com.kms.katalon.core.webui.keyword.WebUiBuiltInKeywords.getCSSValue(WebUiBuiltInKeywords.groovy:4594)
	at com.kms.katalon.core.webui.keyword.WebUiBuiltInKeywords$getCSSValue$6.call(Unknown Source)
	at validation.defaultFooterValidatins.verifyBackGroundandMaxHeightOfTopFooter(defaultFooterValidatins.groovy:33)
	at validation.defaultFooterValidatins$verifyBackGroundandMaxHeightOfTopFooter$0.call(Unknown Source)
	at Footer TC.run(Footer TC:25)
	at com.kms.katalon.core.main.ScriptEngine.run(ScriptEngine.java:194)
	at com.kms.katalon.core.main.ScriptEngine.runScriptAsRawText(ScriptEngine.java:119)
	at com.kms.katalon.core.main.TestCaseExecutor.runScript(TestCaseExecutor.java:442)
	at com.kms.katalon.core.main.TestCaseExecutor.doExecute(TestCaseExecutor.java:433)
	at com.kms.katalon.core.main.TestCaseExecutor.processExecutionPhase(TestCaseExecutor.java:412)
	at com.kms.katalon.core.main.TestCaseExecutor.accessMainPhase(TestCaseExecutor.java:404)
	at com.kms.katalon.core.main.TestCaseExecutor.execute(TestCaseExecutor.java:281)
	at com.kms.katalon.core.main.TestSuiteExecutor.accessTestCaseMainPhase(TestSuiteExecutor.java:202)
	at com.kms.katalon.core.main.TestSuiteExecutor.accessTestSuiteMainPhase(TestSuiteExecutor.java:164)
	at com.kms.katalon.core.main.TestSuiteExecutor.execute(TestSuiteExecutor.java:105)
	at com.kms.katalon.core.main.TestCaseMain.startTestSuite(TestCaseMain.java:181)
	at com.kms.katalon.core.main.TestCaseMain$startTestSuite$0.call(Unknown Source)
	at TempTestSuite1642237148345.run(TempTestSuite1642237148345.groovy:36)
Caused by: com.kms.katalon.core.exception.StepFailedException: Cannot get CSS 'background' value on 'Object Repository/defaultFooter/div_topFooter'.
	at com.kms.katalon.core.webui.keyword.internal.WebUIKeywordMain.stepFailed(WebUIKeywordMain.groovy:64)
	at com.kms.katalon.core.webui.keyword.builtin.getCSSValueKeyword$_getCSSValue_closure1.doCall(GetCSSValueKeyword.groovy:79)
	at com.kms.katalon.core.webui.keyword.builtin.getCSSValueKeyword$_getCSSValue_closure1.call(GetCSSValueKeyword.groovy)
	at com.kms.katalon.core.webui.keyword.internal.WebUIKeywordMain.runKeyword(WebUIKeywordMain.groovy:20)
	... 21 more]]></system-out>
      <system-err><![CDATA[2022-01-15 11:19:19 - [TEST_SUITE][FAILED] - Footer: Test Cases/Footer/Footer TC FAILED.
Reason:
com.kms.katalon.core.exception.StepFailedException: Cannot get CSS 'background' value on 'Object Repository/defaultFooter/div_topFooter'.
	at com.kms.katalon.core.webui.keyword.internal.WebUIKeywordMain.stepFailed(WebUIKeywordMain.groovy:64)
	at com.kms.katalon.core.webui.keyword.internal.WebUIKeywordMain.runKeyword(WebUIKeywordMain.groovy:26)
	at com.kms.katalon.core.webui.keyword.builtin.getCSSValueKeyword.getCSSValue(GetCSSValueKeyword.groovy:84)
	at com.kms.katalon.core.webui.keyword.builtin.getCSSValueKeyword.execute(GetCSSValueKeyword.groovy:68)
	at com.kms.katalon.core.keyword.internal.KeywordExecutor.executeKeywordForPlatform(KeywordExecutor.groovy:74)
	at com.kms.katalon.core.webui.keyword.WebUiBuiltInKeywords.getCSSValue(WebUiBuiltInKeywords.groovy:4594)
	at com.kms.katalon.core.webui.keyword.WebUiBuiltInKeywords$getCSSValue$6.call(Unknown Source)
	at validation.defaultFooterValidatins.verifyBackGroundandMaxHeightOfTopFooter(defaultFooterValidatins.groovy:33)
	at validation.defaultFooterValidatins$verifyBackGroundandMaxHeightOfTopFooter$0.call(Unknown Source)
	at Footer TC.run(Footer TC:25)
	at com.kms.katalon.core.main.ScriptEngine.run(ScriptEngine.java:194)
	at com.kms.katalon.core.main.ScriptEngine.runScriptAsRawText(ScriptEngine.java:119)
	at com.kms.katalon.core.main.TestCaseExecutor.runScript(TestCaseExecutor.java:442)
	at com.kms.katalon.core.main.TestCaseExecutor.doExecute(TestCaseExecutor.java:433)
	at com.kms.katalon.core.main.TestCaseExecutor.processExecutionPhase(TestCaseExecutor.java:412)
	at com.kms.katalon.core.main.TestCaseExecutor.accessMainPhase(TestCaseExecutor.java:404)
	at com.kms.katalon.core.main.TestCaseExecutor.execute(TestCaseExecutor.java:281)
	at com.kms.katalon.core.main.TestSuiteExecutor.accessTestCaseMainPhase(TestSuiteExecutor.java:202)
	at com.kms.katalon.core.main.TestSuiteExecutor.accessTestSuiteMainPhase(TestSuiteExecutor.java:164)
	at com.kms.katalon.core.main.TestSuiteExecutor.execute(TestSuiteExecutor.java:105)
	at com.kms.katalon.core.main.TestCaseMain.startTestSuite(TestCaseMain.java:181)
	at com.kms.katalon.core.main.TestCaseMain$startTestSuite$0.call(Unknown Source)
	at TempTestSuite1642237148345.run(TempTestSuite1642237148345.groovy:36)
Caused by: com.kms.katalon.core.exception.StepFailedException: Cannot get CSS 'background' value on 'Object Repository/defaultFooter/div_topFooter'.
	at com.kms.katalon.core.webui.keyword.internal.WebUIKeywordMain.stepFailed(WebUIKeywordMain.groovy:64)
	at com.kms.katalon.core.webui.keyword.builtin.getCSSValueKeyword$_getCSSValue_closure1.doCall(GetCSSValueKeyword.groovy:79)
	at com.kms.katalon.core.webui.keyword.builtin.getCSSValueKeyword$_getCSSValue_closure1.call(GetCSSValueKeyword.groovy)
	at com.kms.katalon.core.webui.keyword.internal.WebUIKeywordMain.runKeyword(WebUIKeywordMain.groovy:20)
	... 21 more]]></system-err>
   </testsuite>
</testsuites>
