<?xml version="1.0" encoding="UTF-8"?>
<testsuites name="Cleaner Supply collection" time="576.544" tests="5" failures="0" errors="0">
   <testsuite name="Header" tests="1" failures="0" errors="0" time="51.666" skipped="0" timestamp="2022-01-15 16:45:01" hostname="waleedafifi - localhost" id="Test Suites/Header">
      <properties>
         <property name="deviceName" value=""/>
         <property name="devicePlatform" value=""/>
         <property name="logFolder" value="/Users/waleedafifi/git/cleanersupply/Reports/20220115_164449/Header/20220115_164451"/>
         <property name="logFiles" value="/Users/waleedafifi/git/cleanersupply/Reports/20220115_164449/Header/20220115_164451/execution0.log"/>
         <property name="attachments" value=""/>
         <property name="hostName" value="waleedafifi - localhost"/>
         <property name="os" value="Mac OS X 64bit"/>
         <property name="katalonVersion" value="8.2.0.208"/>
         <property name="browser" value="Chrome 97.0.4692.71"/>
         <property name="hostAddress" value="127.0.0.1"/>
         <property name="sessionId" value="e0b1112c25ddd62b334e2a04509ff975"/>
         <property name="seleniumVersion" value="3.141.59"/>
         <property name="proxyInformation" value="ProxyInformation { proxyOption=NO_PROXY, proxyServerType=HTTP, username=, password=********, proxyServerAddress=, proxyServerPort=0, executionList=&quot;&quot;, isApplyToDesiredCapabilities=true }"/>
         <property name="platform" value="Mac OS X"/>
      </properties>
      <testcase name="Test Cases/Header/Primary Header TC" time="51.217" classname="Test Cases/Header/Primary Header TC" status="PASSED">
         <system-out><![CDATA[2022-01-15 16:45:01 - [TEST_CASE][PASSED] - Test Cases/Header/Primary Header TC: Test Cases/Header/Primary Header TC

2022-01-15 16:45:02 - [TEST_STEP][PASSED] - GeneralHelpers.initScenario(): Current window's url is: 'https://www.cleanersupply.com/'

2022-01-15 16:45:02 - [MESSAGE][INFO] - Starting 'Chrome' driver

2022-01-15 16:45:02 - [MESSAGE][INFO] - Action delay is set to 0 milliseconds

2022-01-15 16:45:08 - [MESSAGE][PASSED] - Browser is opened with url: ''

2022-01-15 16:45:09 - [MESSAGE][PASSED] - Current window maximized

2022-01-15 16:45:26 - [MESSAGE][PASSED] - Navigate to 'https://www.cleanersupply.com/' successfully

2022-01-15 16:45:26 - [MESSAGE][PASSED] - Wait for page load successfully

2022-01-15 16:45:26 - [MESSAGE][PASSED] - Current window's title is: 'Cleaner's Supply - Dry Cleaning Supplies'

2022-01-15 16:45:26 - [MESSAGE][PASSED] - Current window's title is: 'Cleaner's Supply - Dry Cleaning Supplies'

2022-01-15 16:45:26 - [MESSAGE][PASSED] - Current window's url is: 'https://www.cleanersupply.com/'

2022-01-15 16:45:26 - [TEST_STEP][PASSED] - PrimaryHeaderHelpers.topNav(): Object 'Object Repository/Primary Header/button_myAccount' is present

2022-01-15 16:45:27 - [MESSAGE][PASSED] - Get CSS 'background-color' value on 'Object Repository/Primary Header/div_navTop' successfully: 'rgba(255, 200, 11, 1)'.

2022-01-15 16:45:29 - [MESSAGE][PASSED] - Object 'Object Repository/Primary Header/div_navTop' is present

2022-01-15 16:45:29 - [MESSAGE][PASSED] - Object 'Object Repository/Primary Header/div_headerSearch' is present

2022-01-15 16:45:30 - [MESSAGE][PASSED] - Object 'Object Repository/Primary Header/a_quickOrder' is present

2022-01-15 16:45:31 - [MESSAGE][PASSED] - Object 'Object Repository/Primary Header/img_logo' is present

2022-01-15 16:45:31 - [MESSAGE][PASSED] - Get CSS 'width' value on 'Object Repository/Primary Header/img_logo' successfully: '121px'.

2022-01-15 16:45:32 - [MESSAGE][PASSED] - Object 'Object Repository/Primary Header/header' is present

2022-01-15 16:45:32 - [MESSAGE][PASSED] - Object 'Object Repository/Primary Header/a_cart' is present

2022-01-15 16:45:32 - [MESSAGE][PASSED] - Object 'Object Repository/Primary Header/button_myAccount' is present

2022-01-15 16:45:32 - [TEST_STEP][PASSED] - PrimaryHeaderHelpers.rightLinkehoverEffect(): Get CSS 'color' value on 'Object Repository/Primary Header/i_iconReOrder' successfully: 'rgba(82, 36, 127, 1)'.

2022-01-15 16:45:33 - [MESSAGE][PASSED] - Object: 'Object Repository/Primary Header/button_myAccount' is hovered

2022-01-15 16:45:34 - [MESSAGE][PASSED] - Get CSS 'color' value on 'Object Repository/Primary Header/i_iconMyAccount' successfully: 'rgba(82, 36, 127, 1)'.

2022-01-15 16:45:34 - [MESSAGE][PASSED] - Object: 'Object Repository/Primary Header/a_quickOrder' is hovered

2022-01-15 16:45:34 - [MESSAGE][PASSED] - Get CSS 'color' value on 'Object Repository/Primary Header/i_iconQuickOrder' successfully: 'rgba(82, 36, 127, 1)'.

2022-01-15 16:45:35 - [MESSAGE][PASSED] - Object: 'Object Repository/Primary Header/a_reOrder' is hovered

2022-01-15 16:45:35 - [MESSAGE][PASSED] - Get CSS 'color' value on 'Object Repository/Primary Header/i_iconReOrder' successfully: 'rgba(82, 36, 127, 1)'.

2022-01-15 16:45:35 - [TEST_STEP][PASSED] - PrimaryHeaderHelpers.cartLinkHover(): Text of object 'Object Repository/Primary Header/span_emptCart' is: 'YOUR CART IS EMPTY
AND VERY SAD'

2022-01-15 16:45:36 - [MESSAGE][PASSED] - Object: 'Object Repository/Primary Header/a_cart' is hovered

2022-01-15 16:45:37 - [MESSAGE][PASSED] - Get CSS 'background-color' value on 'Object Repository/Mini Cart/a_miniCartLink' successfully: 'rgba(255, 255, 255, 1)'.

2022-01-15 16:45:37 - [MESSAGE][PASSED] - Get CSS 'color' value on 'Object Repository/Mini Cart/a_miniCartLink' successfully: 'rgba(82, 36, 127, 1)'.

2022-01-15 16:45:37 - [MESSAGE][PASSED] - Object 'Object Repository/Mini Cart/div_miniCartDropDown' is present

2022-01-15 16:45:38 - [MESSAGE][PASSED] - Text of object 'Object Repository/Primary Header/span_emptCart' is: 'YOUR CART IS EMPTY
AND VERY SAD'

2022-01-15 16:45:38 - [TEST_STEP][PASSED] - PrimaryHeaderHelpers.myAccountButton(): Object 'Object Repository/Primary Header/My Account/div.accountDropDown' is present

2022-01-15 16:45:39 - [MESSAGE][PASSED] - Object: 'Object Repository/Primary Header/button_myAccount' is clicked on

2022-01-15 16:45:39 - [MESSAGE][PASSED] - Attribute 'class' of object 'Object Repository/Primary Header/li_myAccount' is: 'dropdown hidden-mobile account-container open'

2022-01-15 16:45:40 - [MESSAGE][PASSED] - Object 'Object Repository/Primary Header/My Account/div.accountDropDown' is present

2022-01-15 16:45:40 - [TEST_STEP][PASSED] - PrimaryHeaderHelpers.headerTopBar(): Get CSS 'font-family' value on 'Object Repository/Primary Header/TobBar/a_headerShippingDetails' successfully: '"Nunito Sans", sans-serif'.

2022-01-15 16:45:40 - [MESSAGE][PASSED] - Object 'Object Repository/Primary Header/TobBar/div_topBarHeader' is present

2022-01-15 16:45:40 - [MESSAGE][PASSED] - Get CSS 'background-color' value on 'Object Repository/Primary Header/TobBar/div_topBarHeader' successfully: 'rgba(243, 243, 244, 1)'.

2022-01-15 16:45:41 - [MESSAGE][PASSED] - Get CSS 'text-align' value on 'Object Repository/Primary Header/TobBar/div_infoHolder' successfully: 'center'.

2022-01-15 16:45:41 - [MESSAGE][PASSED] - Text of object 'Object Repository/Primary Header/TobBar/span_headerShippingInfo' is: 'FREE SHIPPING & RETURNS ON ORDERS OVER $99'

2022-01-15 16:45:42 - [MESSAGE][PASSED] - Get CSS 'font-weight' value on 'Object Repository/Primary Header/TobBar/span_headerShippingInfo' successfully: '900'.

2022-01-15 16:45:43 - [MESSAGE][PASSED] - Get CSS 'color' value on 'Object Repository/Primary Header/TobBar/span_headerShippingInfo' successfully: 'rgba(0, 0, 0, 1)'.

2022-01-15 16:45:43 - [MESSAGE][PASSED] - Get CSS 'font-family' value on 'Object Repository/Primary Header/TobBar/span_headerShippingInfo' successfully: '"Nunito Sans", sans-serif'.

2022-01-15 16:45:43 - [MESSAGE][PASSED] - Get CSS 'font-weight' value on 'Object Repository/Primary Header/TobBar/a_headerShippingDetails' successfully: '400'.

2022-01-15 16:45:44 - [MESSAGE][PASSED] - Get CSS 'color' value on 'Object Repository/Primary Header/TobBar/a_headerShippingDetails' successfully: 'rgba(0, 0, 0, 1)'.

2022-01-15 16:45:44 - [MESSAGE][PASSED] - Get CSS 'font-family' value on 'Object Repository/Primary Header/TobBar/a_headerShippingDetails' successfully: '"Nunito Sans", sans-serif'.

2022-01-15 16:45:44 - [TEST_STEP][PASSED] - PrimaryHeaderHelpers.shippingDetailsAction(): Get CSS 'text-decoration' value on 'Object Repository/Primary Header/TobBar/a_headerShippingDetails' successfully: 'underline solid rgb(0, 0, 0)'.

2022-01-15 16:45:44 - [MESSAGE][PASSED] - Object: 'Object Repository/Primary Header/TobBar/a_headerShippingDetails' is hovered

2022-01-15 16:45:45 - [MESSAGE][PASSED] - Get CSS 'text-decoration' value on 'Object Repository/Primary Header/TobBar/a_headerShippingDetails' successfully: 'underline solid rgb(0, 0, 0)'.

2022-01-15 16:45:45 - [TEST_STEP][PASSED] - PrimaryHeaderHelpers.customerService(): Get CSS 'font-family' value on 'Object Repository/Primary Header/TobBar/a_customerServiceLink' successfully: '"Nunito Sans", sans-serif'.

2022-01-15 16:45:45 - [MESSAGE][PASSED] - Object 'Object Repository/Primary Header/TobBar/div_customerServicesArea' is present

2022-01-15 16:45:46 - [MESSAGE][PASSED] - Get CSS 'font-weight' value on 'Object Repository/Primary Header/TobBar/span_customerAreaPhone' successfully: '700'.

2022-01-15 16:45:46 - [MESSAGE][PASSED] - Get CSS 'color' value on 'Object Repository/Primary Header/TobBar/span_customerAreaPhone' successfully: 'rgba(0, 0, 0, 1)'.

2022-01-15 16:45:47 - [MESSAGE][PASSED] - Get CSS 'font-family' value on 'Object Repository/Primary Header/TobBar/span_customerAreaPhone' successfully: '"Nunito Sans", sans-serif'.

2022-01-15 16:45:47 - [MESSAGE][PASSED] - Get CSS 'font-weight' value on 'Object Repository/Primary Header/TobBar/a_customerServiceLink' successfully: '700'.

2022-01-15 16:45:47 - [MESSAGE][PASSED] - Get CSS 'color' value on 'Object Repository/Primary Header/TobBar/a_customerServiceLink' successfully: 'rgba(0, 0, 0, 1)'.

2022-01-15 16:45:49 - [MESSAGE][PASSED] - Get CSS 'font-family' value on 'Object Repository/Primary Header/TobBar/a_customerServiceLink' successfully: '"Nunito Sans", sans-serif'.

2022-01-15 16:45:49 - [TEST_STEP][PASSED] - PrimaryHeaderHelpers.customerServiceLinkAction(): Get CSS 'text-decoration' value on 'Object Repository/Primary Header/TobBar/a_customerServiceLink' successfully: 'underline solid rgb(0, 0, 0)'.

2022-01-15 16:45:49 - [MESSAGE][PASSED] - Object: 'Object Repository/Primary Header/TobBar/a_customerServiceLink' is hovered

2022-01-15 16:45:49 - [MESSAGE][PASSED] - Get CSS 'text-decoration' value on 'Object Repository/Primary Header/TobBar/a_customerServiceLink' successfully: 'underline solid rgb(0, 0, 0)'.

2022-01-15 16:45:49 - [TEST_STEP][PASSED] - closeBrowser(): Browser is closed

2022-01-15 16:45:50 - [MESSAGE][PASSED] - Browser is closed

2022-01-15 16:45:52 - [TEST_STEP][PASSED] - Video: Video recording for test case 'Test Cases/Header/Primary Header TC' .

2022-01-15 16:45:52 - [MESSAGE][INFO] - Video recording for test case 'Test Cases/Header/Primary Header TC' .]]></system-out>
         <system-err><![CDATA[]]></system-err>
      </testcase>
      <system-out><![CDATA[2022-01-15 16:45:01 - [TEST_SUITE][PASSED] - Header: Test Cases/Header/Primary Header TC]]></system-out>
      <system-err><![CDATA[]]></system-err>
   </testsuite>
   <testsuite name="Checkout" tests="3" failures="0" errors="0" time="477.401" skipped="0" timestamp="2022-01-15 16:46:02" hostname="waleedafifi - localhost" id="Test Suites/Checkout">
      <properties>
         <property name="deviceName" value=""/>
         <property name="devicePlatform" value=""/>
         <property name="logFolder" value="/Users/waleedafifi/git/cleanersupply/Reports/20220115_164449/Checkout/20220115_164453"/>
         <property name="logFiles" value="/Users/waleedafifi/git/cleanersupply/Reports/20220115_164449/Checkout/20220115_164453/execution0.log"/>
         <property name="attachments" value=""/>
         <property name="hostName" value="waleedafifi - localhost"/>
         <property name="os" value="Mac OS X 64bit"/>
         <property name="katalonVersion" value="8.2.0.208"/>
         <property name="browser" value="Chrome 97.0.4692.71"/>
         <property name="hostAddress" value="127.0.0.1"/>
         <property name="sessionId" value="4c6cd6c6da1536d737f2f948d37089b9"/>
         <property name="seleniumVersion" value="3.141.59"/>
         <property name="proxyInformation" value="ProxyInformation { proxyOption=NO_PROXY, proxyServerType=HTTP, username=, password=********, proxyServerAddress=, proxyServerPort=0, executionList=&quot;&quot;, isApplyToDesiredCapabilities=true }"/>
         <property name="platform" value="Mac OS X"/>
      </properties>
      <testcase name="Test Cases/Checkout Scenario/Product Details" time="231.128" classname="Test Cases/Checkout Scenario/Product Details" status="PASSED">
         <system-out><![CDATA[2022-01-15 16:46:02 - [TEST_CASE][PASSED] - Test Cases/Checkout Scenario/Product Details: Test Cases/Checkout Scenario/Product Details

2022-01-15 16:46:03 - [TEST_STEP][PASSED] - GeneralHelpers.initScenario(): Current window's url is: 'https://www.cleanersupply.com/'

2022-01-15 16:46:03 - [MESSAGE][INFO] - Starting 'Chrome' driver

2022-01-15 16:46:03 - [MESSAGE][INFO] - Action delay is set to 0 milliseconds

2022-01-15 16:46:07 - [MESSAGE][PASSED] - Browser is opened with url: ''

2022-01-15 16:46:07 - [MESSAGE][PASSED] - Current window maximized

2022-01-15 16:46:19 - [MESSAGE][PASSED] - Navigate to 'https://www.cleanersupply.com/' successfully

2022-01-15 16:46:20 - [MESSAGE][PASSED] - Wait for page load successfully

2022-01-15 16:46:20 - [MESSAGE][PASSED] - Current window's title is: 'Cleaner's Supply - Dry Cleaning Supplies'

2022-01-15 16:46:20 - [MESSAGE][PASSED] - Current window's title is: 'Cleaner's Supply - Dry Cleaning Supplies'

2022-01-15 16:46:20 - [MESSAGE][PASSED] - Current window's url is: 'https://www.cleanersupply.com/'

2022-01-15 16:46:20 - [TEST_STEP][PASSED] - GeneralHelpers.headerSearchFillAndClick(): Object: 'Object Repository/Product details/btn_searchAction' is clicked on

2022-01-15 16:46:23 - [MESSAGE][PASSED] - Text 'Plastic' is set on object 'Object Repository/Product details/input_searchField'

2022-01-15 16:46:26 - [MESSAGE][PASSED] - Attribute 'value' of object 'Object Repository/Product details/input_searchField' is: 'Plastic'

2022-01-15 16:46:26 - [MESSAGE][PASSED] - Object 'Object Repository/Product details/div_searchAutocompleteBox' is visible

2022-01-15 16:46:27 - [MESSAGE][PASSED] - Attribute 'class' of object 'Object Repository/Product details/div_searchAutocompleteBox' is: 'search-autocomplete dropdown-menu open'

2022-01-15 16:46:27 - [MESSAGE][PASSED] - Text of object 'Object Repository/Product details/div_searchHeaderTopBar' is: 'Search for PLASTIC'

2022-01-15 16:46:28 - [MESSAGE][PASSED] - Get CSS 'background-color' value on 'Object Repository/Product details/div_searchHeaderTopBar' successfully: 'rgba(82, 36, 127, 1)'.

2022-01-15 16:46:34 - [MESSAGE][PASSED] - Object: 'Object Repository/Product details/btn_searchAction' is clicked on

2022-01-15 16:46:34 - [TEST_STEP][PASSED] - GeneralHelpers.navigateToResultPage(): Text of object 'Object Repository/Product details/h1_sectionHeading' is: 'SEARCH RESULTS'

2022-01-15 16:46:34 - [MESSAGE][PASSED] - Current window's title is: 'Search Results - Cleaner's Supply'

2022-01-15 16:46:34 - [MESSAGE][PASSED] - Current window's url is: 'https://www.cleanersupply.com/search-results/?q=Plastic'

2022-01-15 16:46:36 - [MESSAGE][PASSED] - Text of object 'Object Repository/Product details/h1_sectionHeading' is: 'SEARCH RESULTS'

2022-01-15 16:46:36 - [TEST_STEP][PASSED] - SearchResultPageValidations.verifyDefaultValues(): Attribute 'class' of object '' is: ' '

2022-01-15 16:46:37 - [MESSAGE][PASSED] - Text of object 'Object Repository/Search Result/h2_productListHeading' is: 'RESULTS FOR "PLASTIC" (224)'

2022-01-15 16:46:38 - [MESSAGE][PASSED] - Text of object 'Object Repository/Search Result/h2_productListHeading' is: 'RESULTS FOR "PLASTIC" (224)'

2022-01-15 16:46:38 - [MESSAGE][PASSED] - Text of object 'Object Repository/Search Result/span_filterOption' is: 'Featured'

2022-01-15 16:46:39 - [MESSAGE][PASSED] - Web element with id: 'Object Repository/Search Result/ul_selectedFilters' located by 'By.cssSelector: ul.selected-filters' is not present after '5' second(s)

2022-01-15 16:46:39 - [MESSAGE][PASSED] - Attribute 'class' of object '' is: ' '

2022-01-15 16:46:39 - [MESSAGE][PASSED] - Attribute 'class' of object '' is: ' '

2022-01-15 16:46:39 - [MESSAGE][PASSED] - Attribute 'class' of object '' is: ' '

2022-01-15 16:46:39 - [MESSAGE][PASSED] - Attribute 'class' of object '' is: ' '

2022-01-15 16:46:39 - [MESSAGE][PASSED] - Attribute 'class' of object '' is: ' '

2022-01-15 16:46:40 - [MESSAGE][PASSED] - Attribute 'class' of object '' is: ' '

2022-01-15 16:46:40 - [MESSAGE][PASSED] - Attribute 'class' of object '' is: ' '

2022-01-15 16:46:40 - [MESSAGE][PASSED] - Attribute 'class' of object '' is: ' '

2022-01-15 16:46:40 - [MESSAGE][PASSED] - Attribute 'class' of object '' is: ' '

2022-01-15 16:46:40 - [MESSAGE][PASSED] - Attribute 'class' of object '' is: ' '

2022-01-15 16:46:40 - [MESSAGE][PASSED] - Attribute 'class' of object '' is: ' '

2022-01-15 16:46:40 - [MESSAGE][PASSED] - Attribute 'class' of object '' is: ' '

2022-01-15 16:46:40 - [MESSAGE][PASSED] - Attribute 'class' of object '' is: ' '

2022-01-15 16:46:40 - [MESSAGE][PASSED] - Attribute 'class' of object '' is: ' '

2022-01-15 16:46:40 - [MESSAGE][PASSED] - Attribute 'class' of object '' is: ' '

2022-01-15 16:46:40 - [MESSAGE][PASSED] - Attribute 'class' of object '' is: ' '

2022-01-15 16:46:40 - [MESSAGE][PASSED] - Attribute 'class' of object '' is: ' '

2022-01-15 16:46:40 - [MESSAGE][PASSED] - Attribute 'class' of object '' is: ' '

2022-01-15 16:46:40 - [MESSAGE][PASSED] - Attribute 'class' of object '' is: ' '

2022-01-15 16:46:40 - [MESSAGE][PASSED] - Attribute 'class' of object '' is: ' '

2022-01-15 16:46:40 - [MESSAGE][PASSED] - Attribute 'class' of object '' is: ' '

2022-01-15 16:46:40 - [MESSAGE][PASSED] - Attribute 'class' of object '' is: ' '

2022-01-15 16:46:40 - [MESSAGE][PASSED] - Attribute 'class' of object '' is: ' '

2022-01-15 16:46:40 - [MESSAGE][PASSED] - Attribute 'class' of object '' is: ' '

2022-01-15 16:46:40 - [MESSAGE][PASSED] - Attribute 'class' of object '' is: ' '

2022-01-15 16:46:40 - [MESSAGE][PASSED] - Attribute 'class' of object '' is: ' '

2022-01-15 16:46:40 - [MESSAGE][PASSED] - Attribute 'class' of object '' is: ' '

2022-01-15 16:46:40 - [MESSAGE][PASSED] - Attribute 'class' of object '' is: ' '

2022-01-15 16:46:40 - [MESSAGE][PASSED] - Attribute 'class' of object '' is: ' '

2022-01-15 16:46:40 - [MESSAGE][PASSED] - Attribute 'class' of object '' is: ' '

2022-01-15 16:46:40 - [MESSAGE][PASSED] - Attribute 'class' of object '' is: ' '

2022-01-15 16:46:40 - [MESSAGE][PASSED] - Attribute 'class' of object '' is: ' '

2022-01-15 16:46:40 - [MESSAGE][PASSED] - Attribute 'class' of object '' is: ' '

2022-01-15 16:46:40 - [MESSAGE][PASSED] - Attribute 'class' of object '' is: ' '

2022-01-15 16:46:40 - [MESSAGE][PASSED] - Attribute 'class' of object '' is: ' '

2022-01-15 16:46:40 - [MESSAGE][PASSED] - Attribute 'class' of object '' is: ' '

2022-01-15 16:46:40 - [MESSAGE][PASSED] - Attribute 'class' of object '' is: ' '

2022-01-15 16:46:40 - [MESSAGE][PASSED] - Attribute 'class' of object '' is: ' '

2022-01-15 16:46:40 - [MESSAGE][PASSED] - Attribute 'class' of object '' is: ' '

2022-01-15 16:46:40 - [MESSAGE][PASSED] - Attribute 'class' of object '' is: ' '

2022-01-15 16:46:40 - [MESSAGE][PASSED] - Attribute 'class' of object '' is: ' '

2022-01-15 16:46:40 - [MESSAGE][PASSED] - Attribute 'class' of object '' is: ' '

2022-01-15 16:46:40 - [MESSAGE][PASSED] - Attribute 'class' of object '' is: ' '

2022-01-15 16:46:40 - [MESSAGE][PASSED] - Attribute 'class' of object '' is: ' '

2022-01-15 16:46:40 - [MESSAGE][PASSED] - Attribute 'class' of object '' is: ' '

2022-01-15 16:46:40 - [MESSAGE][PASSED] - Attribute 'class' of object '' is: ' '

2022-01-15 16:46:40 - [MESSAGE][PASSED] - Attribute 'class' of object '' is: ' '

2022-01-15 16:46:40 - [MESSAGE][PASSED] - Attribute 'class' of object '' is: ' '

2022-01-15 16:46:40 - [MESSAGE][PASSED] - Attribute 'class' of object '' is: ' '

2022-01-15 16:46:40 - [MESSAGE][PASSED] - Attribute 'class' of object '' is: ' '

2022-01-15 16:46:40 - [MESSAGE][PASSED] - Attribute 'class' of object '' is: ' '

2022-01-15 16:46:40 - [MESSAGE][PASSED] - Attribute 'class' of object '' is: ' '

2022-01-15 16:46:40 - [MESSAGE][PASSED] - Attribute 'class' of object '' is: ' '

2022-01-15 16:46:40 - [MESSAGE][PASSED] - Attribute 'class' of object '' is: ' '

2022-01-15 16:46:40 - [MESSAGE][PASSED] - Attribute 'class' of object '' is: ' '

2022-01-15 16:46:40 - [MESSAGE][PASSED] - Attribute 'class' of object '' is: ' '

2022-01-15 16:46:40 - [MESSAGE][PASSED] - Attribute 'class' of object '' is: ' '

2022-01-15 16:46:40 - [MESSAGE][PASSED] - Attribute 'class' of object '' is: ' '

2022-01-15 16:46:40 - [MESSAGE][PASSED] - Attribute 'class' of object '' is: ' '

2022-01-15 16:46:40 - [MESSAGE][PASSED] - Attribute 'class' of object '' is: ' '

2022-01-15 16:46:40 - [MESSAGE][PASSED] - Attribute 'class' of object '' is: ' '

2022-01-15 16:46:40 - [MESSAGE][PASSED] - Attribute 'class' of object '' is: ' '

2022-01-15 16:46:40 - [MESSAGE][PASSED] - Attribute 'class' of object '' is: ' '

2022-01-15 16:46:40 - [MESSAGE][PASSED] - Attribute 'class' of object '' is: ' '

2022-01-15 16:46:40 - [MESSAGE][PASSED] - Attribute 'class' of object '' is: ' '

2022-01-15 16:46:40 - [MESSAGE][PASSED] - Attribute 'class' of object '' is: ' '

2022-01-15 16:46:41 - [MESSAGE][PASSED] - Attribute 'class' of object '' is: ' '

2022-01-15 16:46:41 - [MESSAGE][PASSED] - Attribute 'class' of object '' is: ' '

2022-01-15 16:46:41 - [MESSAGE][PASSED] - Attribute 'class' of object '' is: ' '

2022-01-15 16:46:41 - [MESSAGE][PASSED] - Attribute 'class' of object '' is: ' '

2022-01-15 16:46:41 - [MESSAGE][PASSED] - Attribute 'class' of object '' is: ' '

2022-01-15 16:46:41 - [MESSAGE][PASSED] - Attribute 'class' of object '' is: ' '

2022-01-15 16:46:41 - [MESSAGE][PASSED] - Attribute 'class' of object '' is: ' '

2022-01-15 16:46:41 - [MESSAGE][PASSED] - Attribute 'class' of object '' is: ' '

2022-01-15 16:46:41 - [MESSAGE][PASSED] - Attribute 'class' of object '' is: ' '

2022-01-15 16:46:41 - [MESSAGE][PASSED] - Attribute 'class' of object '' is: ' '

2022-01-15 16:46:41 - [MESSAGE][PASSED] - Attribute 'class' of object '' is: ' '

2022-01-15 16:46:41 - [MESSAGE][PASSED] - Attribute 'class' of object '' is: ' '

2022-01-15 16:46:41 - [MESSAGE][PASSED] - Attribute 'class' of object '' is: ' '

2022-01-15 16:46:41 - [MESSAGE][PASSED] - Attribute 'class' of object '' is: ' '

2022-01-15 16:46:41 - [MESSAGE][PASSED] - Attribute 'class' of object '' is: ' '

2022-01-15 16:46:41 - [MESSAGE][PASSED] - Attribute 'class' of object '' is: ' '

2022-01-15 16:46:41 - [MESSAGE][PASSED] - Attribute 'class' of object '' is: ' '

2022-01-15 16:46:41 - [MESSAGE][PASSED] - Attribute 'class' of object '' is: ' '

2022-01-15 16:46:41 - [MESSAGE][PASSED] - Attribute 'class' of object '' is: ' '

2022-01-15 16:46:41 - [MESSAGE][PASSED] - Attribute 'class' of object '' is: ' '

2022-01-15 16:46:41 - [MESSAGE][PASSED] - Attribute 'class' of object '' is: ' '

2022-01-15 16:46:41 - [MESSAGE][PASSED] - Attribute 'class' of object '' is: ' '

2022-01-15 16:46:41 - [MESSAGE][PASSED] - Attribute 'class' of object '' is: ' '

2022-01-15 16:46:41 - [MESSAGE][PASSED] - Attribute 'class' of object '' is: ' '

2022-01-15 16:46:41 - [MESSAGE][PASSED] - Attribute 'class' of object '' is: ' '

2022-01-15 16:46:41 - [MESSAGE][PASSED] - Attribute 'class' of object '' is: ' '

2022-01-15 16:46:41 - [MESSAGE][PASSED] - Attribute 'class' of object '' is: ' '

2022-01-15 16:46:41 - [MESSAGE][PASSED] - Attribute 'class' of object '' is: ' '

2022-01-15 16:46:41 - [MESSAGE][PASSED] - Attribute 'class' of object '' is: ' '

2022-01-15 16:46:41 - [MESSAGE][PASSED] - Attribute 'class' of object '' is: ' '

2022-01-15 16:46:41 - [MESSAGE][PASSED] - Attribute 'class' of object '' is: ' '

2022-01-15 16:46:41 - [MESSAGE][PASSED] - Attribute 'class' of object '' is: ' '

2022-01-15 16:46:41 - [MESSAGE][PASSED] - Attribute 'class' of object '' is: ' '

2022-01-15 16:46:41 - [MESSAGE][PASSED] - Attribute 'class' of object '' is: ' '

2022-01-15 16:46:41 - [MESSAGE][PASSED] - Attribute 'class' of object '' is: ' '

2022-01-15 16:46:41 - [MESSAGE][PASSED] - Attribute 'class' of object '' is: ' '

2022-01-15 16:46:41 - [MESSAGE][PASSED] - Attribute 'class' of object '' is: ' '

2022-01-15 16:46:41 - [MESSAGE][PASSED] - Attribute 'class' of object '' is: ' '

2022-01-15 16:46:41 - [MESSAGE][PASSED] - Attribute 'class' of object '' is: ' '

2022-01-15 16:46:41 - [MESSAGE][PASSED] - Attribute 'class' of object '' is: ' '

2022-01-15 16:46:41 - [MESSAGE][PASSED] - Attribute 'class' of object '' is: ' '

2022-01-15 16:46:41 - [MESSAGE][PASSED] - Attribute 'class' of object '' is: ' '

2022-01-15 16:46:41 - [MESSAGE][PASSED] - Attribute 'class' of object '' is: ' '

2022-01-15 16:46:41 - [MESSAGE][PASSED] - Attribute 'class' of object '' is: ' '

2022-01-15 16:46:41 - [MESSAGE][PASSED] - Attribute 'class' of object '' is: ' '

2022-01-15 16:46:41 - [MESSAGE][PASSED] - Attribute 'class' of object '' is: ' '

2022-01-15 16:46:41 - [MESSAGE][PASSED] - Attribute 'class' of object '' is: ' '

2022-01-15 16:46:41 - [MESSAGE][PASSED] - Attribute 'class' of object '' is: ' '

2022-01-15 16:46:41 - [MESSAGE][PASSED] - Attribute 'class' of object '' is: ' '

2022-01-15 16:46:41 - [MESSAGE][PASSED] - Attribute 'class' of object '' is: ' '

2022-01-15 16:46:41 - [MESSAGE][PASSED] - Attribute 'class' of object '' is: ' '

2022-01-15 16:46:41 - [MESSAGE][PASSED] - Attribute 'class' of object '' is: ' '

2022-01-15 16:46:41 - [MESSAGE][PASSED] - Attribute 'class' of object '' is: ' '

2022-01-15 16:46:41 - [MESSAGE][PASSED] - Attribute 'class' of object '' is: ' '

2022-01-15 16:46:41 - [MESSAGE][PASSED] - Attribute 'class' of object '' is: ' '

2022-01-15 16:46:41 - [MESSAGE][PASSED] - Attribute 'class' of object '' is: ' '

2022-01-15 16:46:41 - [MESSAGE][PASSED] - Attribute 'class' of object '' is: ' '

2022-01-15 16:46:41 - [MESSAGE][PASSED] - Attribute 'class' of object '' is: ' '

2022-01-15 16:46:41 - [MESSAGE][PASSED] - Attribute 'class' of object '' is: ' '

2022-01-15 16:46:41 - [MESSAGE][PASSED] - Attribute 'class' of object '' is: ' '

2022-01-15 16:46:41 - [MESSAGE][PASSED] - Attribute 'class' of object '' is: ' '

2022-01-15 16:46:41 - [MESSAGE][PASSED] - Attribute 'class' of object '' is: ' '

2022-01-15 16:46:41 - [MESSAGE][PASSED] - Attribute 'class' of object '' is: ' '

2022-01-15 16:46:41 - [MESSAGE][PASSED] - Attribute 'class' of object '' is: ' '

2022-01-15 16:46:41 - [MESSAGE][PASSED] - Attribute 'class' of object '' is: ' '

2022-01-15 16:46:41 - [MESSAGE][PASSED] - Attribute 'class' of object '' is: ' '

2022-01-15 16:46:41 - [MESSAGE][PASSED] - Attribute 'class' of object '' is: ' '

2022-01-15 16:46:41 - [MESSAGE][PASSED] - Attribute 'class' of object '' is: ' '

2022-01-15 16:46:41 - [MESSAGE][PASSED] - Attribute 'class' of object '' is: ' '

2022-01-15 16:46:41 - [MESSAGE][PASSED] - Attribute 'class' of object '' is: ' '

2022-01-15 16:46:41 - [MESSAGE][PASSED] - Attribute 'class' of object '' is: ' '

2022-01-15 16:46:41 - [MESSAGE][PASSED] - Attribute 'class' of object '' is: ' '

2022-01-15 16:46:41 - [MESSAGE][PASSED] - Attribute 'class' of object '' is: ' '

2022-01-15 16:46:41 - [MESSAGE][PASSED] - Attribute 'class' of object '' is: ' '

2022-01-15 16:46:41 - [MESSAGE][PASSED] - Attribute 'class' of object '' is: ' '

2022-01-15 16:46:41 - [MESSAGE][PASSED] - Attribute 'class' of object '' is: ' '

2022-01-15 16:46:42 - [MESSAGE][PASSED] - Attribute 'class' of object '' is: ' '

2022-01-15 16:46:42 - [MESSAGE][PASSED] - Attribute 'class' of object '' is: ' '

2022-01-15 16:46:42 - [MESSAGE][PASSED] - Attribute 'class' of object '' is: ' '

2022-01-15 16:46:42 - [MESSAGE][PASSED] - Attribute 'class' of object '' is: ' '

2022-01-15 16:46:42 - [MESSAGE][PASSED] - Attribute 'class' of object '' is: ' '

2022-01-15 16:46:42 - [MESSAGE][PASSED] - Attribute 'class' of object '' is: ' '

2022-01-15 16:46:42 - [MESSAGE][PASSED] - Attribute 'class' of object '' is: ' '

2022-01-15 16:46:42 - [MESSAGE][PASSED] - Attribute 'class' of object '' is: ' '

2022-01-15 16:46:42 - [MESSAGE][PASSED] - Attribute 'class' of object '' is: ' '

2022-01-15 16:46:42 - [MESSAGE][PASSED] - Attribute 'class' of object '' is: ' '

2022-01-15 16:46:42 - [MESSAGE][PASSED] - Attribute 'class' of object '' is: ' '

2022-01-15 16:46:42 - [MESSAGE][PASSED] - Attribute 'class' of object '' is: ' '

2022-01-15 16:46:42 - [MESSAGE][PASSED] - Attribute 'class' of object '' is: ' '

2022-01-15 16:46:42 - [MESSAGE][PASSED] - Attribute 'class' of object '' is: ' '

2022-01-15 16:46:42 - [MESSAGE][PASSED] - Attribute 'class' of object '' is: ' '

2022-01-15 16:46:42 - [MESSAGE][PASSED] - Attribute 'class' of object '' is: ' '

2022-01-15 16:46:42 - [MESSAGE][PASSED] - Attribute 'class' of object '' is: ' '

2022-01-15 16:46:42 - [MESSAGE][PASSED] - Attribute 'class' of object '' is: ' '

2022-01-15 16:46:42 - [MESSAGE][PASSED] - Attribute 'class' of object '' is: ' '

2022-01-15 16:46:42 - [MESSAGE][PASSED] - Attribute 'class' of object '' is: ' '

2022-01-15 16:46:42 - [MESSAGE][PASSED] - Attribute 'class' of object '' is: ' '

2022-01-15 16:46:42 - [MESSAGE][PASSED] - Attribute 'class' of object '' is: ' '

2022-01-15 16:46:42 - [MESSAGE][PASSED] - Attribute 'class' of object '' is: ' '

2022-01-15 16:46:42 - [MESSAGE][PASSED] - Attribute 'class' of object '' is: ' '

2022-01-15 16:46:42 - [MESSAGE][PASSED] - Attribute 'class' of object '' is: ' '

2022-01-15 16:46:42 - [MESSAGE][PASSED] - Attribute 'class' of object '' is: ' '

2022-01-15 16:46:42 - [MESSAGE][PASSED] - Attribute 'class' of object '' is: ' '

2022-01-15 16:46:42 - [MESSAGE][PASSED] - Attribute 'class' of object '' is: ' '

2022-01-15 16:46:42 - [MESSAGE][PASSED] - Attribute 'class' of object '' is: ' '

2022-01-15 16:46:42 - [MESSAGE][PASSED] - Attribute 'class' of object '' is: ' '

2022-01-15 16:46:42 - [MESSAGE][PASSED] - Attribute 'class' of object '' is: ' '

2022-01-15 16:46:42 - [MESSAGE][PASSED] - Attribute 'class' of object '' is: ' '

2022-01-15 16:46:42 - [MESSAGE][PASSED] - Attribute 'class' of object '' is: ' '

2022-01-15 16:46:42 - [MESSAGE][PASSED] - Attribute 'class' of object '' is: ' '

2022-01-15 16:46:42 - [MESSAGE][PASSED] - Attribute 'class' of object '' is: ' '

2022-01-15 16:46:42 - [MESSAGE][PASSED] - Attribute 'class' of object '' is: ' '

2022-01-15 16:46:42 - [MESSAGE][PASSED] - Attribute 'class' of object '' is: ' '

2022-01-15 16:46:42 - [MESSAGE][PASSED] - Attribute 'class' of object '' is: ' '

2022-01-15 16:46:42 - [MESSAGE][PASSED] - Attribute 'class' of object '' is: ' '

2022-01-15 16:46:42 - [MESSAGE][PASSED] - Attribute 'class' of object '' is: ' '

2022-01-15 16:46:42 - [MESSAGE][PASSED] - Attribute 'class' of object '' is: ' '

2022-01-15 16:46:42 - [MESSAGE][PASSED] - Attribute 'class' of object '' is: ' '

2022-01-15 16:46:42 - [MESSAGE][PASSED] - Attribute 'class' of object '' is: ' '

2022-01-15 16:46:42 - [MESSAGE][PASSED] - Attribute 'class' of object '' is: ' '

2022-01-15 16:46:42 - [MESSAGE][PASSED] - Attribute 'class' of object '' is: ' '

2022-01-15 16:46:42 - [MESSAGE][PASSED] - Attribute 'class' of object '' is: ' '

2022-01-15 16:46:42 - [MESSAGE][PASSED] - Attribute 'class' of object '' is: ' '

2022-01-15 16:46:42 - [MESSAGE][PASSED] - Attribute 'class' of object '' is: ' '

2022-01-15 16:46:42 - [MESSAGE][PASSED] - Attribute 'class' of object '' is: ' '

2022-01-15 16:46:42 - [MESSAGE][PASSED] - Attribute 'class' of object '' is: ' '

2022-01-15 16:46:42 - [MESSAGE][PASSED] - Attribute 'class' of object '' is: ' '

2022-01-15 16:46:42 - [MESSAGE][PASSED] - Attribute 'class' of object '' is: ' '

2022-01-15 16:46:42 - [MESSAGE][PASSED] - Attribute 'class' of object '' is: ' '

2022-01-15 16:46:42 - [MESSAGE][PASSED] - Attribute 'class' of object '' is: ' '

2022-01-15 16:46:42 - [MESSAGE][PASSED] - Attribute 'class' of object '' is: ' '

2022-01-15 16:46:42 - [MESSAGE][PASSED] - Attribute 'class' of object '' is: ' '

2022-01-15 16:46:42 - [MESSAGE][PASSED] - Attribute 'class' of object '' is: ' '

2022-01-15 16:46:42 - [MESSAGE][PASSED] - Attribute 'class' of object '' is: ' '

2022-01-15 16:46:42 - [MESSAGE][PASSED] - Attribute 'class' of object '' is: ' '

2022-01-15 16:46:42 - [MESSAGE][PASSED] - Attribute 'class' of object '' is: ' '

2022-01-15 16:46:42 - [MESSAGE][PASSED] - Attribute 'class' of object '' is: ' '

2022-01-15 16:46:42 - [MESSAGE][PASSED] - Attribute 'class' of object '' is: ' '

2022-01-15 16:46:42 - [MESSAGE][PASSED] - Attribute 'class' of object '' is: ' '

2022-01-15 16:46:42 - [MESSAGE][PASSED] - Attribute 'class' of object '' is: ' '

2022-01-15 16:46:42 - [MESSAGE][PASSED] - Attribute 'class' of object '' is: ' '

2022-01-15 16:46:42 - [MESSAGE][PASSED] - Attribute 'class' of object '' is: ' '

2022-01-15 16:46:42 - [MESSAGE][PASSED] - Attribute 'class' of object '' is: ' '

2022-01-15 16:46:42 - [MESSAGE][PASSED] - Attribute 'class' of object '' is: ' '

2022-01-15 16:46:42 - [MESSAGE][PASSED] - Attribute 'class' of object '' is: ' '

2022-01-15 16:46:42 - [MESSAGE][PASSED] - Attribute 'class' of object '' is: ' '

2022-01-15 16:46:42 - [MESSAGE][PASSED] - Attribute 'class' of object '' is: ' '

2022-01-15 16:46:42 - [MESSAGE][PASSED] - Attribute 'class' of object '' is: ' '

2022-01-15 16:46:42 - [MESSAGE][PASSED] - Attribute 'class' of object '' is: ' '

2022-01-15 16:46:42 - [MESSAGE][PASSED] - Attribute 'class' of object '' is: ' '

2022-01-15 16:46:42 - [MESSAGE][PASSED] - Attribute 'class' of object '' is: ' '

2022-01-15 16:46:42 - [MESSAGE][PASSED] - Attribute 'class' of object '' is: ' '

2022-01-15 16:46:43 - [MESSAGE][PASSED] - Attribute 'class' of object '' is: ' '

2022-01-15 16:46:43 - [MESSAGE][PASSED] - Attribute 'class' of object '' is: ' '

2022-01-15 16:46:43 - [MESSAGE][PASSED] - Attribute 'class' of object '' is: ' '

2022-01-15 16:46:43 - [MESSAGE][PASSED] - Attribute 'class' of object '' is: ' '

2022-01-15 16:46:43 - [MESSAGE][PASSED] - Attribute 'class' of object '' is: ' '

2022-01-15 16:46:43 - [MESSAGE][PASSED] - Attribute 'class' of object '' is: ' '

2022-01-15 16:46:43 - [MESSAGE][PASSED] - Attribute 'class' of object '' is: ' '

2022-01-15 16:46:43 - [MESSAGE][PASSED] - Attribute 'class' of object '' is: ' '

2022-01-15 16:46:43 - [MESSAGE][PASSED] - Attribute 'class' of object '' is: ' '

2022-01-15 16:46:43 - [MESSAGE][PASSED] - Attribute 'class' of object '' is: ' '

2022-01-15 16:46:43 - [MESSAGE][PASSED] - Attribute 'class' of object '' is: ' '

2022-01-15 16:46:43 - [MESSAGE][PASSED] - Attribute 'class' of object '' is: ' '

2022-01-15 16:46:43 - [MESSAGE][PASSED] - Attribute 'class' of object '' is: ' '

2022-01-15 16:46:43 - [MESSAGE][PASSED] - Attribute 'class' of object '' is: ' '

2022-01-15 16:46:43 - [MESSAGE][PASSED] - Attribute 'class' of object '' is: ' '

2022-01-15 16:46:43 - [MESSAGE][PASSED] - Attribute 'class' of object '' is: ' '

2022-01-15 16:46:43 - [MESSAGE][PASSED] - Attribute 'class' of object '' is: ' '

2022-01-15 16:46:43 - [MESSAGE][PASSED] - Attribute 'class' of object '' is: ' '

2022-01-15 16:46:43 - [MESSAGE][PASSED] - Attribute 'class' of object '' is: ' '

2022-01-15 16:46:43 - [MESSAGE][PASSED] - Attribute 'class' of object '' is: ' '

2022-01-15 16:46:43 - [MESSAGE][PASSED] - Attribute 'class' of object '' is: ' '

2022-01-15 16:46:43 - [MESSAGE][PASSED] - Attribute 'class' of object '' is: ' '

2022-01-15 16:46:43 - [MESSAGE][PASSED] - Attribute 'class' of object '' is: ' '

2022-01-15 16:46:43 - [MESSAGE][PASSED] - Attribute 'class' of object '' is: ' '

2022-01-15 16:46:43 - [MESSAGE][PASSED] - Attribute 'class' of object '' is: ' '

2022-01-15 16:46:43 - [MESSAGE][PASSED] - Attribute 'class' of object '' is: ' '

2022-01-15 16:46:43 - [MESSAGE][PASSED] - Attribute 'class' of object '' is: ' '

2022-01-15 16:46:43 - [MESSAGE][PASSED] - Attribute 'class' of object '' is: ' '

2022-01-15 16:46:43 - [MESSAGE][PASSED] - Attribute 'class' of object '' is: ' '

2022-01-15 16:46:43 - [MESSAGE][PASSED] - Attribute 'class' of object '' is: ' '

2022-01-15 16:46:43 - [MESSAGE][PASSED] - Attribute 'class' of object '' is: ' '

2022-01-15 16:46:43 - [MESSAGE][PASSED] - Attribute 'class' of object '' is: ' '

2022-01-15 16:46:43 - [MESSAGE][PASSED] - Attribute 'class' of object '' is: ' '

2022-01-15 16:46:43 - [MESSAGE][PASSED] - Attribute 'class' of object '' is: ' '

2022-01-15 16:46:43 - [MESSAGE][PASSED] - Attribute 'class' of object '' is: ' '

2022-01-15 16:46:43 - [MESSAGE][PASSED] - Attribute 'class' of object '' is: ' '

2022-01-15 16:46:43 - [MESSAGE][PASSED] - Attribute 'class' of object '' is: ' '

2022-01-15 16:46:43 - [MESSAGE][PASSED] - Attribute 'class' of object '' is: ' '

2022-01-15 16:46:43 - [MESSAGE][PASSED] - Attribute 'class' of object '' is: ' '

2022-01-15 16:46:43 - [MESSAGE][PASSED] - Attribute 'class' of object '' is: ' '

2022-01-15 16:46:43 - [MESSAGE][PASSED] - Attribute 'class' of object '' is: ' '

2022-01-15 16:46:43 - [MESSAGE][PASSED] - Attribute 'class' of object '' is: ' '

2022-01-15 16:46:43 - [MESSAGE][PASSED] - Attribute 'class' of object '' is: ' '

2022-01-15 16:46:43 - [MESSAGE][PASSED] - Attribute 'class' of object '' is: ' '

2022-01-15 16:46:43 - [MESSAGE][PASSED] - Attribute 'class' of object '' is: ' '

2022-01-15 16:46:43 - [MESSAGE][PASSED] - Attribute 'class' of object '' is: ' '

2022-01-15 16:46:43 - [MESSAGE][PASSED] - Attribute 'class' of object '' is: ' '

2022-01-15 16:46:43 - [MESSAGE][PASSED] - Attribute 'class' of object '' is: ' '

2022-01-15 16:46:43 - [MESSAGE][PASSED] - Attribute 'class' of object '' is: ' '

2022-01-15 16:46:43 - [MESSAGE][PASSED] - Attribute 'class' of object '' is: ' '

2022-01-15 16:46:43 - [MESSAGE][PASSED] - Attribute 'class' of object '' is: ' '

2022-01-15 16:46:43 - [MESSAGE][PASSED] - Attribute 'class' of object '' is: ' '

2022-01-15 16:46:43 - [MESSAGE][PASSED] - Attribute 'class' of object '' is: ' '

2022-01-15 16:46:43 - [MESSAGE][PASSED] - Attribute 'class' of object '' is: ' '

2022-01-15 16:46:43 - [MESSAGE][PASSED] - Attribute 'class' of object '' is: ' '

2022-01-15 16:46:43 - [MESSAGE][PASSED] - Attribute 'class' of object '' is: ' '

2022-01-15 16:46:43 - [MESSAGE][PASSED] - Attribute 'class' of object '' is: ' '

2022-01-15 16:46:43 - [MESSAGE][PASSED] - Attribute 'class' of object '' is: ' '

2022-01-15 16:46:43 - [MESSAGE][PASSED] - Attribute 'class' of object '' is: ' '

2022-01-15 16:46:43 - [MESSAGE][PASSED] - Attribute 'class' of object '' is: ' '

2022-01-15 16:46:43 - [MESSAGE][PASSED] - Attribute 'class' of object '' is: ' '

2022-01-15 16:46:43 - [MESSAGE][PASSED] - Attribute 'class' of object '' is: ' '

2022-01-15 16:46:43 - [MESSAGE][PASSED] - Attribute 'class' of object '' is: ' '

2022-01-15 16:46:43 - [MESSAGE][PASSED] - Attribute 'class' of object '' is: ' '

2022-01-15 16:46:43 - [MESSAGE][PASSED] - Attribute 'class' of object '' is: ' '

2022-01-15 16:46:43 - [MESSAGE][PASSED] - Attribute 'class' of object '' is: ' '

2022-01-15 16:46:43 - [MESSAGE][PASSED] - Attribute 'class' of object '' is: ' '

2022-01-15 16:46:43 - [MESSAGE][PASSED] - Attribute 'class' of object '' is: ' '

2022-01-15 16:46:43 - [MESSAGE][PASSED] - Attribute 'class' of object '' is: ' '

2022-01-15 16:46:43 - [MESSAGE][PASSED] - Attribute 'class' of object '' is: ' '

2022-01-15 16:46:43 - [MESSAGE][PASSED] - Attribute 'class' of object '' is: ' '

2022-01-15 16:46:43 - [MESSAGE][PASSED] - Attribute 'class' of object '' is: ' '

2022-01-15 16:46:43 - [MESSAGE][PASSED] - Attribute 'class' of object '' is: ' '

2022-01-15 16:46:43 - [MESSAGE][PASSED] - Attribute 'class' of object '' is: ' '

2022-01-15 16:46:43 - [MESSAGE][PASSED] - Attribute 'class' of object '' is: ' '

2022-01-15 16:46:43 - [MESSAGE][PASSED] - Attribute 'class' of object '' is: ' '

2022-01-15 16:46:43 - [MESSAGE][PASSED] - Attribute 'class' of object '' is: ' '

2022-01-15 16:46:43 - [MESSAGE][PASSED] - Attribute 'class' of object '' is: ' '

2022-01-15 16:46:43 - [MESSAGE][PASSED] - Attribute 'class' of object '' is: ' '

2022-01-15 16:46:43 - [MESSAGE][PASSED] - Attribute 'class' of object '' is: ' '

2022-01-15 16:46:43 - [MESSAGE][PASSED] - Attribute 'class' of object '' is: ' '

2022-01-15 16:46:43 - [MESSAGE][PASSED] - Attribute 'class' of object '' is: ' '

2022-01-15 16:46:43 - [MESSAGE][PASSED] - Attribute 'class' of object '' is: ' '

2022-01-15 16:46:43 - [MESSAGE][PASSED] - Attribute 'class' of object '' is: ' '

2022-01-15 16:46:43 - [MESSAGE][PASSED] - Attribute 'class' of object '' is: ' '

2022-01-15 16:46:43 - [MESSAGE][PASSED] - Attribute 'class' of object '' is: ' '

2022-01-15 16:46:43 - [MESSAGE][PASSED] - Attribute 'class' of object '' is: ' '

2022-01-15 16:46:43 - [MESSAGE][PASSED] - Attribute 'class' of object '' is: ' '

2022-01-15 16:46:43 - [MESSAGE][PASSED] - Attribute 'class' of object '' is: ' '

2022-01-15 16:46:43 - [MESSAGE][PASSED] - Attribute 'class' of object '' is: ' '

2022-01-15 16:46:43 - [MESSAGE][PASSED] - Attribute 'class' of object '' is: ' '

2022-01-15 16:46:43 - [MESSAGE][PASSED] - Attribute 'class' of object '' is: ' '

2022-01-15 16:46:44 - [MESSAGE][PASSED] - Attribute 'class' of object '' is: ' '

2022-01-15 16:46:44 - [MESSAGE][PASSED] - Attribute 'class' of object '' is: ' '

2022-01-15 16:46:44 - [MESSAGE][PASSED] - Attribute 'class' of object '' is: ' '

2022-01-15 16:46:44 - [MESSAGE][PASSED] - Attribute 'class' of object '' is: ' '

2022-01-15 16:46:44 - [MESSAGE][PASSED] - Attribute 'class' of object '' is: ' '

2022-01-15 16:46:44 - [MESSAGE][PASSED] - Attribute 'class' of object '' is: ' '

2022-01-15 16:46:44 - [MESSAGE][PASSED] - Attribute 'class' of object '' is: ' '

2022-01-15 16:46:44 - [MESSAGE][PASSED] - Attribute 'class' of object '' is: ' '

2022-01-15 16:46:44 - [MESSAGE][PASSED] - Attribute 'class' of object '' is: ' '

2022-01-15 16:46:44 - [MESSAGE][PASSED] - Attribute 'class' of object '' is: ' '

2022-01-15 16:46:44 - [MESSAGE][PASSED] - Attribute 'class' of object '' is: ' '

2022-01-15 16:46:44 - [MESSAGE][PASSED] - Attribute 'class' of object '' is: ' '

2022-01-15 16:46:44 - [MESSAGE][PASSED] - Attribute 'class' of object '' is: ' '

2022-01-15 16:46:44 - [MESSAGE][PASSED] - Attribute 'class' of object '' is: ' '

2022-01-15 16:46:44 - [MESSAGE][PASSED] - Attribute 'class' of object '' is: ' '

2022-01-15 16:46:44 - [MESSAGE][PASSED] - Attribute 'class' of object '' is: ' '

2022-01-15 16:46:44 - [MESSAGE][PASSED] - Attribute 'class' of object '' is: ' '

2022-01-15 16:46:44 - [MESSAGE][PASSED] - Attribute 'class' of object '' is: ' '

2022-01-15 16:46:44 - [MESSAGE][PASSED] - Attribute 'class' of object '' is: ' '

2022-01-15 16:46:44 - [MESSAGE][PASSED] - Attribute 'class' of object '' is: ' '

2022-01-15 16:46:44 - [MESSAGE][PASSED] - Attribute 'class' of object '' is: ' '

2022-01-15 16:46:44 - [MESSAGE][PASSED] - Attribute 'class' of object '' is: ' '

2022-01-15 16:46:44 - [MESSAGE][PASSED] - Attribute 'class' of object '' is: ' '

2022-01-15 16:46:44 - [MESSAGE][PASSED] - Attribute 'class' of object '' is: ' '

2022-01-15 16:46:44 - [MESSAGE][PASSED] - Attribute 'class' of object '' is: ' '

2022-01-15 16:46:44 - [MESSAGE][PASSED] - Attribute 'class' of object '' is: ' '

2022-01-15 16:46:44 - [MESSAGE][PASSED] - Attribute 'class' of object '' is: ' '

2022-01-15 16:46:44 - [MESSAGE][PASSED] - Attribute 'class' of object '' is: ' '

2022-01-15 16:46:44 - [MESSAGE][PASSED] - Attribute 'class' of object '' is: ' '

2022-01-15 16:46:44 - [MESSAGE][PASSED] - Attribute 'class' of object '' is: ' '

2022-01-15 16:46:44 - [MESSAGE][PASSED] - Attribute 'class' of object '' is: ' '

2022-01-15 16:46:44 - [MESSAGE][PASSED] - Attribute 'class' of object '' is: ' '

2022-01-15 16:46:44 - [MESSAGE][PASSED] - Attribute 'class' of object '' is: ' '

2022-01-15 16:46:44 - [MESSAGE][PASSED] - Attribute 'class' of object '' is: ' '

2022-01-15 16:46:44 - [MESSAGE][PASSED] - Attribute 'class' of object '' is: ' '

2022-01-15 16:46:44 - [MESSAGE][PASSED] - Attribute 'class' of object '' is: ' '

2022-01-15 16:46:44 - [MESSAGE][PASSED] - Attribute 'class' of object '' is: ' '

2022-01-15 16:46:44 - [MESSAGE][PASSED] - Attribute 'class' of object '' is: ' '

2022-01-15 16:46:44 - [MESSAGE][PASSED] - Attribute 'class' of object '' is: ' '

2022-01-15 16:46:44 - [MESSAGE][PASSED] - Attribute 'class' of object '' is: ' '

2022-01-15 16:46:44 - [MESSAGE][PASSED] - Attribute 'class' of object '' is: ' '

2022-01-15 16:46:44 - [MESSAGE][PASSED] - Attribute 'class' of object '' is: ' '

2022-01-15 16:46:44 - [MESSAGE][PASSED] - Attribute 'class' of object '' is: ' '

2022-01-15 16:46:44 - [MESSAGE][PASSED] - Attribute 'class' of object '' is: ' '

2022-01-15 16:46:44 - [MESSAGE][PASSED] - Attribute 'class' of object '' is: ' '

2022-01-15 16:46:44 - [MESSAGE][PASSED] - Attribute 'class' of object '' is: ' '

2022-01-15 16:46:44 - [MESSAGE][PASSED] - Attribute 'class' of object '' is: ' '

2022-01-15 16:46:44 - [MESSAGE][PASSED] - Attribute 'class' of object '' is: ' '

2022-01-15 16:46:44 - [MESSAGE][PASSED] - Attribute 'class' of object '' is: ' '

2022-01-15 16:46:44 - [MESSAGE][PASSED] - Attribute 'class' of object '' is: ' '

2022-01-15 16:46:44 - [MESSAGE][PASSED] - Attribute 'class' of object '' is: ' '

2022-01-15 16:46:44 - [MESSAGE][PASSED] - Attribute 'class' of object '' is: ' '

2022-01-15 16:46:44 - [MESSAGE][PASSED] - Attribute 'class' of object '' is: ' '

2022-01-15 16:46:44 - [MESSAGE][PASSED] - Attribute 'class' of object '' is: ' '

2022-01-15 16:46:44 - [MESSAGE][PASSED] - Attribute 'class' of object '' is: ' '

2022-01-15 16:46:44 - [MESSAGE][PASSED] - Attribute 'class' of object '' is: ' '

2022-01-15 16:46:44 - [MESSAGE][PASSED] - Attribute 'class' of object '' is: ' '

2022-01-15 16:46:44 - [MESSAGE][PASSED] - Attribute 'class' of object '' is: ' '

2022-01-15 16:46:44 - [MESSAGE][PASSED] - Attribute 'class' of object '' is: ' '

2022-01-15 16:46:44 - [MESSAGE][PASSED] - Attribute 'class' of object '' is: ' '

2022-01-15 16:46:44 - [MESSAGE][PASSED] - Attribute 'class' of object '' is: ' '

2022-01-15 16:46:44 - [MESSAGE][PASSED] - Attribute 'class' of object '' is: ' '

2022-01-15 16:46:44 - [MESSAGE][PASSED] - Attribute 'class' of object '' is: ' '

2022-01-15 16:46:44 - [MESSAGE][PASSED] - Attribute 'class' of object '' is: ' '

2022-01-15 16:46:44 - [MESSAGE][PASSED] - Attribute 'class' of object '' is: ' '

2022-01-15 16:46:44 - [MESSAGE][PASSED] - Attribute 'class' of object '' is: ' '

2022-01-15 16:46:44 - [MESSAGE][PASSED] - Attribute 'class' of object '' is: ' '

2022-01-15 16:46:44 - [MESSAGE][PASSED] - Attribute 'class' of object '' is: ' '

2022-01-15 16:46:44 - [MESSAGE][PASSED] - Attribute 'class' of object '' is: ' '

2022-01-15 16:46:44 - [MESSAGE][PASSED] - Attribute 'class' of object '' is: ' '

2022-01-15 16:46:44 - [MESSAGE][PASSED] - Attribute 'class' of object '' is: ' '

2022-01-15 16:46:44 - [MESSAGE][PASSED] - Attribute 'class' of object '' is: ' '

2022-01-15 16:46:44 - [MESSAGE][PASSED] - Attribute 'class' of object '' is: ' '

2022-01-15 16:46:44 - [MESSAGE][PASSED] - Attribute 'class' of object '' is: ' '

2022-01-15 16:46:44 - [MESSAGE][PASSED] - Attribute 'class' of object '' is: ' '

2022-01-15 16:46:44 - [MESSAGE][PASSED] - Attribute 'class' of object '' is: ' '

2022-01-15 16:46:44 - [MESSAGE][PASSED] - Attribute 'class' of object '' is: ' '

2022-01-15 16:46:44 - [MESSAGE][PASSED] - Attribute 'class' of object '' is: ' '

2022-01-15 16:46:44 - [MESSAGE][PASSED] - Attribute 'class' of object '' is: ' '

2022-01-15 16:46:44 - [MESSAGE][PASSED] - Attribute 'class' of object '' is: ' '

2022-01-15 16:46:45 - [MESSAGE][PASSED] - Attribute 'class' of object '' is: ' '

2022-01-15 16:46:45 - [MESSAGE][PASSED] - Attribute 'class' of object '' is: ' '

2022-01-15 16:46:45 - [MESSAGE][PASSED] - Attribute 'class' of object '' is: ' '

2022-01-15 16:46:45 - [MESSAGE][PASSED] - Attribute 'class' of object '' is: ' '

2022-01-15 16:46:45 - [MESSAGE][PASSED] - Attribute 'class' of object '' is: ' '

2022-01-15 16:46:45 - [MESSAGE][PASSED] - Attribute 'class' of object '' is: ' '

2022-01-15 16:46:45 - [MESSAGE][PASSED] - Attribute 'class' of object '' is: ' '

2022-01-15 16:46:45 - [MESSAGE][PASSED] - Attribute 'class' of object '' is: ' '

2022-01-15 16:46:45 - [MESSAGE][PASSED] - Attribute 'class' of object '' is: ' '

2022-01-15 16:46:45 - [MESSAGE][PASSED] - Attribute 'class' of object '' is: ' '

2022-01-15 16:46:45 - [MESSAGE][PASSED] - Attribute 'class' of object '' is: ' '

2022-01-15 16:46:45 - [MESSAGE][PASSED] - Attribute 'class' of object '' is: ' '

2022-01-15 16:46:45 - [MESSAGE][PASSED] - Attribute 'class' of object '' is: ' '

2022-01-15 16:46:45 - [MESSAGE][PASSED] - Attribute 'class' of object '' is: ' '

2022-01-15 16:46:45 - [MESSAGE][PASSED] - Attribute 'class' of object '' is: ' '

2022-01-15 16:46:45 - [MESSAGE][PASSED] - Attribute 'class' of object '' is: ' '

2022-01-15 16:46:45 - [MESSAGE][PASSED] - Attribute 'class' of object '' is: ' '

2022-01-15 16:46:45 - [MESSAGE][PASSED] - Attribute 'class' of object '' is: ' '

2022-01-15 16:46:45 - [MESSAGE][PASSED] - Attribute 'class' of object '' is: ' '

2022-01-15 16:46:45 - [MESSAGE][PASSED] - Attribute 'class' of object '' is: ' '

2022-01-15 16:46:45 - [MESSAGE][PASSED] - Attribute 'class' of object '' is: ' '

2022-01-15 16:46:45 - [MESSAGE][PASSED] - Attribute 'class' of object '' is: ' '

2022-01-15 16:46:45 - [MESSAGE][PASSED] - Attribute 'class' of object '' is: ' '

2022-01-15 16:46:45 - [MESSAGE][PASSED] - Attribute 'class' of object '' is: ' '

2022-01-15 16:46:45 - [MESSAGE][PASSED] - Attribute 'class' of object '' is: ' '

2022-01-15 16:46:45 - [MESSAGE][PASSED] - Attribute 'class' of object '' is: ' '

2022-01-15 16:46:45 - [MESSAGE][PASSED] - Attribute 'class' of object '' is: ' '

2022-01-15 16:46:45 - [MESSAGE][PASSED] - Attribute 'class' of object '' is: ' '

2022-01-15 16:46:45 - [MESSAGE][PASSED] - Attribute 'class' of object '' is: ' '

2022-01-15 16:46:45 - [MESSAGE][PASSED] - Attribute 'class' of object '' is: ' '

2022-01-15 16:46:45 - [MESSAGE][PASSED] - Attribute 'class' of object '' is: ' '

2022-01-15 16:46:45 - [MESSAGE][PASSED] - Attribute 'class' of object '' is: ' '

2022-01-15 16:46:45 - [MESSAGE][PASSED] - Attribute 'class' of object '' is: ' '

2022-01-15 16:46:45 - [MESSAGE][PASSED] - Attribute 'class' of object '' is: ' '

2022-01-15 16:46:45 - [MESSAGE][PASSED] - Attribute 'class' of object '' is: ' '

2022-01-15 16:46:45 - [MESSAGE][PASSED] - Attribute 'class' of object '' is: ' '

2022-01-15 16:46:45 - [MESSAGE][PASSED] - Attribute 'class' of object '' is: ' '

2022-01-15 16:46:45 - [MESSAGE][PASSED] - Attribute 'class' of object '' is: ' '

2022-01-15 16:46:45 - [MESSAGE][PASSED] - Attribute 'class' of object '' is: ' '

2022-01-15 16:46:45 - [MESSAGE][PASSED] - Attribute 'class' of object '' is: ' '

2022-01-15 16:46:45 - [MESSAGE][PASSED] - Attribute 'class' of object '' is: ' '

2022-01-15 16:46:45 - [MESSAGE][PASSED] - Attribute 'class' of object '' is: ' '

2022-01-15 16:46:45 - [MESSAGE][PASSED] - Attribute 'class' of object '' is: ' '

2022-01-15 16:46:45 - [MESSAGE][PASSED] - Attribute 'class' of object '' is: ' '

2022-01-15 16:46:45 - [MESSAGE][PASSED] - Attribute 'class' of object '' is: ' '

2022-01-15 16:46:45 - [MESSAGE][PASSED] - Attribute 'class' of object '' is: ' '

2022-01-15 16:46:45 - [MESSAGE][PASSED] - Attribute 'class' of object '' is: ' '

2022-01-15 16:46:45 - [MESSAGE][PASSED] - Attribute 'class' of object '' is: ' '

2022-01-15 16:46:45 - [MESSAGE][PASSED] - Attribute 'class' of object '' is: ' '

2022-01-15 16:46:45 - [MESSAGE][PASSED] - Attribute 'class' of object '' is: ' '

2022-01-15 16:46:45 - [MESSAGE][PASSED] - Attribute 'class' of object '' is: ' '

2022-01-15 16:46:45 - [MESSAGE][PASSED] - Attribute 'class' of object '' is: ' '

2022-01-15 16:46:45 - [MESSAGE][PASSED] - Attribute 'class' of object '' is: ' '

2022-01-15 16:46:45 - [MESSAGE][PASSED] - Attribute 'class' of object '' is: ' '

2022-01-15 16:46:45 - [MESSAGE][PASSED] - Attribute 'class' of object '' is: ' '

2022-01-15 16:46:45 - [MESSAGE][PASSED] - Attribute 'class' of object '' is: ' '

2022-01-15 16:46:45 - [MESSAGE][PASSED] - Attribute 'class' of object '' is: ' '

2022-01-15 16:46:45 - [MESSAGE][PASSED] - Attribute 'class' of object '' is: ' '

2022-01-15 16:46:45 - [MESSAGE][PASSED] - Attribute 'class' of object '' is: ' '

2022-01-15 16:46:45 - [MESSAGE][PASSED] - Attribute 'class' of object '' is: ' '

2022-01-15 16:46:45 - [MESSAGE][PASSED] - Attribute 'class' of object '' is: ' '

2022-01-15 16:46:45 - [MESSAGE][PASSED] - Attribute 'class' of object '' is: ' '

2022-01-15 16:46:45 - [MESSAGE][PASSED] - Attribute 'class' of object '' is: ' '

2022-01-15 16:46:45 - [MESSAGE][PASSED] - Attribute 'class' of object '' is: ' '

2022-01-15 16:46:45 - [MESSAGE][PASSED] - Attribute 'class' of object '' is: ' '

2022-01-15 16:46:45 - [MESSAGE][PASSED] - Attribute 'class' of object '' is: ' '

2022-01-15 16:46:45 - [MESSAGE][PASSED] - Attribute 'class' of object '' is: ' '

2022-01-15 16:46:45 - [MESSAGE][PASSED] - Attribute 'class' of object '' is: ' '

2022-01-15 16:46:45 - [MESSAGE][PASSED] - Attribute 'class' of object '' is: ' '

2022-01-15 16:46:45 - [MESSAGE][PASSED] - Attribute 'class' of object '' is: ' '

2022-01-15 16:46:45 - [MESSAGE][PASSED] - Attribute 'class' of object '' is: ' '

2022-01-15 16:46:45 - [MESSAGE][PASSED] - Attribute 'class' of object '' is: ' '

2022-01-15 16:46:45 - [MESSAGE][PASSED] - Attribute 'class' of object '' is: ' '

2022-01-15 16:46:45 - [MESSAGE][PASSED] - Attribute 'class' of object '' is: ' '

2022-01-15 16:46:45 - [MESSAGE][PASSED] - Attribute 'class' of object '' is: ' '

2022-01-15 16:46:45 - [MESSAGE][PASSED] - Attribute 'class' of object '' is: ' '

2022-01-15 16:46:45 - [MESSAGE][PASSED] - Attribute 'class' of object '' is: ' '

2022-01-15 16:46:45 - [MESSAGE][PASSED] - Attribute 'class' of object '' is: ' '

2022-01-15 16:46:45 - [MESSAGE][PASSED] - Attribute 'class' of object '' is: ' '

2022-01-15 16:46:45 - [MESSAGE][PASSED] - Attribute 'class' of object '' is: ' '

2022-01-15 16:46:45 - [MESSAGE][PASSED] - Attribute 'class' of object '' is: ' '

2022-01-15 16:46:45 - [MESSAGE][PASSED] - Attribute 'class' of object '' is: ' '

2022-01-15 16:46:45 - [MESSAGE][PASSED] - Attribute 'class' of object '' is: ' '

2022-01-15 16:46:45 - [MESSAGE][PASSED] - Attribute 'class' of object '' is: ' '

2022-01-15 16:46:45 - [MESSAGE][PASSED] - Attribute 'class' of object '' is: ' '

2022-01-15 16:46:45 - [MESSAGE][PASSED] - Attribute 'class' of object '' is: ' '

2022-01-15 16:46:45 - [MESSAGE][PASSED] - Attribute 'class' of object '' is: ' '

2022-01-15 16:46:45 - [MESSAGE][PASSED] - Attribute 'class' of object '' is: ' '

2022-01-15 16:46:45 - [MESSAGE][PASSED] - Attribute 'class' of object '' is: ' '

2022-01-15 16:46:45 - [MESSAGE][PASSED] - Attribute 'class' of object '' is: ' '

2022-01-15 16:46:45 - [MESSAGE][PASSED] - Attribute 'class' of object '' is: ' '

2022-01-15 16:46:46 - [MESSAGE][PASSED] - Attribute 'class' of object '' is: ' '

2022-01-15 16:46:46 - [MESSAGE][PASSED] - Attribute 'class' of object '' is: ' '

2022-01-15 16:46:46 - [MESSAGE][PASSED] - Attribute 'class' of object '' is: ' '

2022-01-15 16:46:46 - [MESSAGE][PASSED] - Attribute 'class' of object '' is: ' '

2022-01-15 16:46:46 - [MESSAGE][PASSED] - Attribute 'class' of object '' is: ' '

2022-01-15 16:46:46 - [TEST_STEP][PASSED] - SearchResultHelper.checkSearchPagePagination(): Get CSS 'color' value on 'Object Repository/Search Result/span_pagenationLeftArrow' successfully: 'rgba(220, 221, 222, 1)'.

2022-01-15 16:46:46 - [MESSAGE][PASSED] - Object 'Object Repository/Search Result/div.pagenationSection' is present

2022-01-15 16:46:47 - [MESSAGE][PASSED] - Get CSS 'background-color' value on 'Object Repository/Search Result/span_currentPagenation' successfully: 'rgba(82, 36, 127, 1)'.

2022-01-15 16:46:47 - [MESSAGE][PASSED] - Get CSS 'color' value on 'Object Repository/Search Result/span_currentPagenation' successfully: 'rgba(255, 255, 255, 1)'.

2022-01-15 16:46:47 - [MESSAGE][PASSED] - Attribute 'class' of object 'Object Repository/Search Result/span_pagenationLeftArrow' is: 'pagination-item pagination-navigation-item disabled'

2022-01-15 16:46:48 - [MESSAGE][PASSED] - Get CSS 'color' value on 'Object Repository/Search Result/span_pagenationLeftArrow' successfully: 'rgba(220, 221, 222, 1)'.

2022-01-15 16:46:48 - [TEST_STEP][PASSED] - SearchResultHelper.selectProductFilters(): Text of object 'Object Repository/Search Result/h2_productListHeading' is: 'RESULTS FOR "PLASTIC" (1)'

2022-01-15 16:46:49 - [MESSAGE][PASSED] - Object: 'Object Repository/Filter/a_packagingProduct' is clicked on

2022-01-15 16:46:50 - [MESSAGE][PASSED] - Web element with id: 'Object Repository/General/div_pagleLoader' located by 'By.cssSelector: div.page-overlay' is not present after '3' second(s)

2022-01-15 16:46:51 - [MESSAGE][PASSED] - Text of object 'Object Repository/Filter/li_packagingProduct' is: 'Packaging Products (58)'

2022-01-15 16:46:51 - [MESSAGE][PASSED] - Text of object 'Object Repository/Search Result/h2_productListHeading' is: 'RESULTS FOR "PLASTIC" (58)'

2022-01-15 16:46:51 - [MESSAGE][PASSED] - Attribute 'class' of object 'Object Repository/Filter/li_packagingProduct' is: 'selected '

2022-01-15 16:46:53 - [MESSAGE][PASSED] - Object: 'Object Repository/Filter/a_plasticBags' is clicked on

2022-01-15 16:46:53 - [MESSAGE][PASSED] - Web element with id: 'Object Repository/General/div_pagleLoader' located by 'By.cssSelector: div.page-overlay' is not present after '3' second(s)

2022-01-15 16:46:54 - [MESSAGE][PASSED] - Attribute 'class' of object 'Object Repository/Filter/li_plasticBags' is: 'selected '

2022-01-15 16:46:55 - [MESSAGE][PASSED] - Object: '' is clicked on

2022-01-15 16:46:55 - [MESSAGE][PASSED] - Attribute 'class' of object '' is: 'block-title'

2022-01-15 16:46:56 - [MESSAGE][PASSED] - Attribute 'class' of object '' is: 'block-content collapsed collapse in'

2022-01-15 16:46:56 - [MESSAGE][PASSED] - Object: 'Object Repository/Filter/a_greenColor' is clicked on

2022-01-15 16:46:57 - [MESSAGE][PASSED] - Web element with id: 'Object Repository/General/div_pagleLoader' located by 'By.cssSelector: div.page-overlay' is not present after '3' second(s)

2022-01-15 16:46:57 - [MESSAGE][PASSED] - Attribute 'class' of object 'Object Repository/Filter/li_greenColor' is: 'selected '

2022-01-15 16:46:58 - [MESSAGE][PASSED] - Text of object 'Object Repository/Filter/li_greenColor' is: 'Green (1)'

2022-01-15 16:46:59 - [MESSAGE][PASSED] - Text of object 'Object Repository/Search Result/h2_productListHeading' is: 'RESULTS FOR "PLASTIC" (1)'

2022-01-15 16:46:59 - [TEST_STEP][PASSED] - SearchResultPageActions.NavigateToProductDetailsPage(): Object: 'Object Repository/Product details/a_productItem' is clicked on

2022-01-15 16:46:59 - [MESSAGE][PASSED] - Attribute 'href' of object 'Object Repository/Search Result/a_productItemLink' is: 'https://www.cleanersupply.com/Bags/Plastic-Bags/Comforter/comforterblanket-bags-12pack/'

2022-01-15 16:47:00 - [MESSAGE][PASSED] - Text of object 'Object Repository/Search Result/h2_productName' is: 'COMFORTER/BLANKET BAGS - 12/PACK'

2022-01-15 16:47:00 - [MESSAGE][PASSED] - Text of object 'Object Repository/Search Result/div_priceRange' is: '$6.50 - $14.88
List $9.72 - $18.96'

2022-01-15 16:47:00 - [MESSAGE][PASSED] - Text of object 'Object Repository/Search Result/span_availability' is: 'Available in 5 colors'

2022-01-15 16:47:06 - [MESSAGE][PASSED] - Object: 'Object Repository/Product details/a_productItem' is clicked on

2022-01-15 16:47:07 - [TEST_STEP][PASSED] - ProductDetailsHelpers.initProductDetailsPage(): Object 'Object Repository/Product details/button_addToCart' is NOT visible

2022-01-15 16:47:07 - [MESSAGE][PASSED] - Current window's url is: 'https://www.cleanersupply.com/Bags/Plastic-Bags/Comforter/comforterblanket-bags-12pack/?sku=COMF3BK'

2022-01-15 16:47:08 - [MESSAGE][PASSED] - Text of object 'Object Repository/Product details/ul_breadcrumb' is: 'Bags Plastic Bags Comforter'

2022-01-15 16:47:09 - [MESSAGE][PASSED] - Attribute 'class' of object '' is: 'xlarge option-box selected'

2022-01-15 16:47:09 - [MESSAGE][PASSED] - Get CSS 'background-color' value on '' successfully: 'rgba(65, 64, 66, 1)'.

2022-01-15 16:47:09 - [MESSAGE][PASSED] - Get CSS 'color' value on '' successfully: 'rgba(255, 255, 255, 1)'.

2022-01-15 16:47:10 - [MESSAGE][PASSED] - Text of object 'Object Repository/Product details/div_stockNotifcations' is: 'Currently Unavailable.'

2022-01-15 16:47:10 - [MESSAGE][PASSED] - Get CSS 'color' value on 'Object Repository/Product details/div_stockNotifcations' successfully: 'rgba(237, 28, 36, 1)'.

2022-01-15 16:47:10 - [MESSAGE][PASSED] - Text of object 'Object Repository/Product details/span_skuNumber' is: 'COMF3BK'

2022-01-15 16:47:11 - [MESSAGE][PASSED] - Object 'Object Repository/Product details/h1_productName' is present

2022-01-15 16:47:11 - [MESSAGE][PASSED] - Text of object 'Object Repository/Product details/h1_productName' is: 'X-SMALL BLANKET BAG W/NON-WOVEN SIDES - 15" X 18" X 3" - 12/PACK - BLACK'

2022-01-15 16:47:11 - [MESSAGE][PASSED] - Text of object 'Object Repository/Product details/span_productPrice' is: '$8.64'

2022-01-15 16:47:12 - [MESSAGE][PASSED] - Object 'Object Repository/Product details/a_blackColor' is present

2022-01-15 16:47:13 - [MESSAGE][PASSED] - Attribute 'class' of object 'Object Repository/Product details/a_blackColor' is: 'option-box selected'

2022-01-15 16:47:13 - [MESSAGE][PASSED] - Text of object 'Object Repository/Product details/span_selectedColor' is: 'BLACK'

2022-01-15 16:47:13 - [MESSAGE][PASSED] - Object 'Object Repository/Product details/i_favorite' is NOT visible

2022-01-15 16:47:14 - [MESSAGE][PASSED] - Object 'Object Repository/Product details/button_addToCart' is NOT visible

2022-01-15 16:47:14 - [TEST_STEP][PASSED] - ProductDetailsHelpers.hoverEffectAndClickXLargeSizeLink(): Get CSS 'background-color' value on 'Object Repository/Product details/button_addToCart' successfully: 'rgba(82, 36, 127, 1)'.

2022-01-15 16:47:14 - [MESSAGE][PASSED] - Object: 'Object Repository/Product details/a_xLargeLink' is hovered

2022-01-15 16:47:15 - [MESSAGE][PASSED] - Get CSS 'background-color' value on 'Object Repository/Product details/a_xLargeLink' successfully: 'rgba(119, 120, 123, 1)'.

2022-01-15 16:47:15 - [MESSAGE][PASSED] - Get CSS 'color' value on 'Object Repository/Product details/a_xLargeLink' successfully: 'rgba(255, 255, 255, 1)'.

2022-01-15 16:47:16 - [MESSAGE][PASSED] - Object: 'Object Repository/Product details/a_xLargeLink' is clicked on

2022-01-15 16:47:17 - [MESSAGE][PASSED] - Object 'Object Repository/Product details/h1_productName' is present

2022-01-15 16:47:17 - [MESSAGE][PASSED] - Text of object 'Object Repository/Product details/h1_productName' is: 'X-LARGE COMFORTER BAG W/NON-WOVEN SIDES - 26" X 29" X 10" - 12/PACK - BLACK'

2022-01-15 16:47:18 - [MESSAGE][PASSED] - Attribute 'class' of object '' is: 'xlarge option-box selected'

2022-01-15 16:47:18 - [MESSAGE][PASSED] - Get CSS 'background-color' value on '' successfully: 'rgba(65, 64, 66, 1)'.

2022-01-15 16:47:18 - [MESSAGE][PASSED] - Get CSS 'color' value on '' successfully: 'rgba(255, 255, 255, 1)'.

2022-01-15 16:47:19 - [MESSAGE][PASSED] - Text of object 'Object Repository/Product details/div_stockNotifcations' is: 'In Stock!'

2022-01-15 16:47:19 - [MESSAGE][PASSED] - Get CSS 'color' value on 'Object Repository/Product details/div_stockNotifcations' successfully: 'rgba(0, 137, 63, 1)'.

2022-01-15 16:47:20 - [MESSAGE][PASSED] - Text of object 'Object Repository/Product details/span_skuNumber' is: 'COMF26BK'

2022-01-15 16:47:20 - [MESSAGE][PASSED] - Current window's url is: 'https://www.cleanersupply.com/Bags/Plastic-Bags/Comforter/comforterblanket-bags-12pack/?sku=COMF26BK'

2022-01-15 16:47:20 - [MESSAGE][PASSED] - Text of object 'Object Repository/Product details/span_productSpecSize' is: '26" L x 29" H x 10" W'

2022-01-15 16:47:21 - [MESSAGE][PASSED] - Keys 'BACK_SPACE + 5' sent to object: 'Object Repository/Product details/input_productQuantity'

2022-01-15 16:47:21 - [MESSAGE][PASSED] - Attribute 'value' of object 'Object Repository/Product details/input_productQuantity' is: '5'

2022-01-15 16:47:21 - [MESSAGE][PASSED] - Text of object 'Object Repository/Product details/span_productPrice' is: '$14.88'

2022-01-15 16:47:24 - [MESSAGE][PASSED] - Object 'Object Repository/Product details/i_favorite' is visible

2022-01-15 16:47:24 - [MESSAGE][PASSED] - Object 'Object Repository/Product details/button_addToCart' is visible

2022-01-15 16:47:24 - [MESSAGE][PASSED] - Get CSS 'background-color' value on 'Object Repository/Product details/button_addToCart' successfully: 'rgba(82, 36, 127, 1)'.

2022-01-15 16:47:24 - [TEST_STEP][PASSED] - ProductDetailsHelpers.selectGreenColor(): Current window's url is: 'https://www.cleanersupply.com/Bags/Plastic-Bags/Comforter/comforterblanket-bags-12pack/?sku=COMF26GN'

2022-01-15 16:47:25 - [MESSAGE][PASSED] - Object: 'Object Repository/Product details/a_greenColor' is clicked on

2022-01-15 16:47:26 - [MESSAGE][PASSED] - Object 'Object Repository/Product details/a_greenColor' is present

2022-01-15 16:47:27 - [MESSAGE][PASSED] - Attribute 'class' of object 'Object Repository/Product details/a_greenColor' is: 'option-box selected'

2022-01-15 16:47:27 - [MESSAGE][PASSED] - Text of object 'Object Repository/Product details/span_selectedColor' is: 'GREEN'

2022-01-15 16:47:28 - [MESSAGE][PASSED] - Object 'Object Repository/Product details/h1_productName' is present

2022-01-15 16:47:28 - [MESSAGE][PASSED] - Text of object 'Object Repository/Product details/h1_productName' is: 'X-LARGE COMFORTER BAG W/NON-WOVEN SIDES - 26" X 29" X 10" - 12/PACK - GREEN'

2022-01-15 16:47:28 - [MESSAGE][PASSED] - Text of object 'Object Repository/Product details/span_skuNumber' is: 'COMF26GN'

2022-01-15 16:47:28 - [MESSAGE][PASSED] - Current window's url is: 'https://www.cleanersupply.com/Bags/Plastic-Bags/Comforter/comforterblanket-bags-12pack/?sku=COMF26GN'

2022-01-15 16:47:28 - [TEST_STEP][PASSED] - ProductDetailsHelpers.addProductToCart(): Object: 'Object Repository/Product details/button_addToCart' is clicked on

2022-01-15 16:47:29 - [MESSAGE][PASSED] - Object: 'Object Repository/Product details/div_addToCartContainer' is hovered

2022-01-15 16:47:29 - [MESSAGE][PASSED] - Get CSS 'box-shadow' value on 'Object Repository/Product details/div_addToCartContainer' successfully: 'rgba(0, 0, 0, 0.3) 0px 0px 10px 2px'.

2022-01-15 16:47:30 - [MESSAGE][PASSED] - Text of object 'Object Repository/Product details/h1_productName' is: 'X-LARGE COMFORTER BAG W/NON-WOVEN SIDES - 26" X 29" X 10" - 12/PACK - GREEN'

2022-01-15 16:47:30 - [MESSAGE][PASSED] - Attribute 'value' of object 'Object Repository/Product details/input_productQuantity' is: '5'

2022-01-15 16:47:30 - [MESSAGE][PASSED] - Text of object 'Object Repository/Product details/span_skuNumber' is: 'COMF26GN'

2022-01-15 16:47:31 - [MESSAGE][PASSED] - Text of object 'Object Repository/Product details/span_productPrice' is: '$14.52'

2022-01-15 16:47:31 - [MESSAGE][PASSED] - Object: 'Object Repository/Product details/button_addToCart' is clicked on

2022-01-15 16:47:31 - [TEST_STEP][PASSED] - MiniCartHelpers.hoverOnMiniCartHeader(): Text of object 'Object Repository/Mini Cart/span_cartCounterPadge' is: '1'

2022-01-15 16:47:33 - [MESSAGE][PASSED] - Object: 'Object Repository/Mini Cart/a_miniCartLink' is hovered

2022-01-15 16:47:34 - [MESSAGE][PASSED] - Get CSS 'background-color' value on 'Object Repository/Mini Cart/a_miniCartLink' successfully: 'rgba(255, 255, 255, 1)'.

2022-01-15 16:47:34 - [MESSAGE][PASSED] - Get CSS 'color' value on 'Object Repository/Mini Cart/a_miniCartLink' successfully: 'rgba(82, 36, 127, 1)'.

2022-01-15 16:47:36 - [MESSAGE][PASSED] - Text of object 'Object Repository/Mini Cart/span_miniCartSubTotal' is: '$72.60'

2022-01-15 16:47:37 - [MESSAGE][PASSED] - Text of object 'Object Repository/Mini Cart/span_cartCounterPadge' is: '1'

2022-01-15 16:47:39 - [TEST_STEP][PASSED] - ProductDetailsHelpers.hoverEffectAndClickLargeSizeLink(): Get CSS 'background-color' value on 'Object Repository/Product details/button_addToCart' successfully: 'rgba(82, 36, 127, 1)'.

2022-01-15 16:47:39 - [MESSAGE][PASSED] - Object: 'Object Repository/Product details/a_largeLink' is hovered

2022-01-15 16:47:40 - [MESSAGE][PASSED] - Object: 'Object Repository/Product details/a_largeLink' is clicked on

2022-01-15 16:47:41 - [MESSAGE][PASSED] - Attribute 'class' of object '' is: 'xlarge option-box selected'

2022-01-15 16:47:42 - [MESSAGE][PASSED] - Get CSS 'background-color' value on '' successfully: 'rgba(65, 64, 66, 1)'.

2022-01-15 16:47:42 - [MESSAGE][PASSED] - Get CSS 'color' value on '' successfully: 'rgba(255, 255, 255, 1)'.

2022-01-15 16:47:43 - [MESSAGE][PASSED] - Object 'Object Repository/Product details/h1_productName' is present

2022-01-15 16:47:43 - [MESSAGE][PASSED] - Text of object 'Object Repository/Product details/h1_productName' is: 'LARGE COMFORTER BAG W/NON-WOVEN SIDES - 24" X 27" X 8" - 12/PACK - GREEN'

2022-01-15 16:47:43 - [MESSAGE][PASSED] - Text of object 'Object Repository/Product details/span_skuNumber' is: 'COMF24GN'

2022-01-15 16:47:43 - [MESSAGE][PASSED] - Current window's url is: 'https://www.cleanersupply.com/Bags/Plastic-Bags/Comforter/comforterblanket-bags-12pack/?sku=COMF24GN'

2022-01-15 16:47:44 - [MESSAGE][PASSED] - Text of object 'Object Repository/Product details/span_productSpecSize' is: '24" L x 27" H x 8" W'

2022-01-15 16:47:44 - [MESSAGE][PASSED] - Keys 'BACK_SPACE + 4' sent to object: 'Object Repository/Product details/input_productQuantity'

2022-01-15 16:47:44 - [MESSAGE][PASSED] - Attribute 'value' of object 'Object Repository/Product details/input_productQuantity' is: '4'

2022-01-15 16:47:45 - [MESSAGE][PASSED] - Text of object 'Object Repository/Product details/span_productPrice' is: '$13.56'

2022-01-15 16:47:47 - [MESSAGE][PASSED] - Object 'Object Repository/Product details/i_favorite' is visible

2022-01-15 16:47:47 - [MESSAGE][PASSED] - Object 'Object Repository/Product details/button_addToCart' is visible

2022-01-15 16:47:47 - [MESSAGE][PASSED] - Get CSS 'background-color' value on 'Object Repository/Product details/button_addToCart' successfully: 'rgba(82, 36, 127, 1)'.

2022-01-15 16:47:47 - [TEST_STEP][PASSED] - ProductDetailsHelpers.selectRoyalBlueColor(): Current window's url is: 'https://www.cleanersupply.com/Bags/Plastic-Bags/Comforter/comforterblanket-bags-12pack/?sku=COMF24RO'

2022-01-15 16:47:48 - [MESSAGE][PASSED] - Object: 'Object Repository/Product details/a_royalBlueColor' is clicked on

2022-01-15 16:47:49 - [MESSAGE][PASSED] - Object 'Object Repository/Product details/a_royalBlueColor' is present

2022-01-15 16:47:50 - [MESSAGE][PASSED] - Attribute 'class' of object 'Object Repository/Product details/a_royalBlueColor' is: 'option-box selected'

2022-01-15 16:47:50 - [MESSAGE][PASSED] - Text of object 'Object Repository/Product details/span_selectedColor' is: 'ROYAL BLUE'

2022-01-15 16:47:51 - [MESSAGE][PASSED] - Object 'Object Repository/Product details/h1_productName' is present

2022-01-15 16:47:51 - [MESSAGE][PASSED] - Text of object 'Object Repository/Product details/h1_productName' is: 'LARGE COMFORTER BAG W/NON-WOVEN SIDES - 24" X 27" X 8" - 12/PACK - ROYAL BLUE'

2022-01-15 16:47:51 - [MESSAGE][PASSED] - Text of object 'Object Repository/Product details/span_skuNumber' is: 'COMF24RO'

2022-01-15 16:47:51 - [MESSAGE][PASSED] - Current window's url is: 'https://www.cleanersupply.com/Bags/Plastic-Bags/Comforter/comforterblanket-bags-12pack/?sku=COMF24RO'

2022-01-15 16:47:51 - [TEST_STEP][PASSED] - ProductDetailsHelpers.addProductToCart(): Object: 'Object Repository/Product details/button_addToCart' is clicked on

2022-01-15 16:47:52 - [MESSAGE][PASSED] - Object: 'Object Repository/Product details/div_addToCartContainer' is hovered

2022-01-15 16:47:52 - [MESSAGE][PASSED] - Get CSS 'box-shadow' value on 'Object Repository/Product details/div_addToCartContainer' successfully: 'rgba(0, 0, 0, 0.3) 0px 0px 10px 2px'.

2022-01-15 16:47:53 - [MESSAGE][PASSED] - Text of object 'Object Repository/Product details/h1_productName' is: 'LARGE COMFORTER BAG W/NON-WOVEN SIDES - 24" X 27" X 8" - 12/PACK - ROYAL BLUE'

2022-01-15 16:47:53 - [MESSAGE][PASSED] - Attribute 'value' of object 'Object Repository/Product details/input_productQuantity' is: '4'

2022-01-15 16:47:53 - [MESSAGE][PASSED] - Text of object 'Object Repository/Product details/span_skuNumber' is: 'COMF24RO'

2022-01-15 16:47:54 - [MESSAGE][PASSED] - Text of object 'Object Repository/Product details/span_productPrice' is: '$12.72'

2022-01-15 16:47:54 - [MESSAGE][PASSED] - Object: 'Object Repository/Product details/button_addToCart' is clicked on

2022-01-15 16:47:54 - [TEST_STEP][PASSED] - MiniCartHelpers.hoverOnMiniCartHeader(): Text of object 'Object Repository/Mini Cart/span_cartCounterPadge' is: '2'

2022-01-15 16:47:55 - [MESSAGE][PASSED] - Object: 'Object Repository/Mini Cart/a_miniCartLink' is hovered

2022-01-15 16:47:56 - [MESSAGE][PASSED] - Get CSS 'background-color' value on 'Object Repository/Mini Cart/a_miniCartLink' successfully: 'rgba(255, 255, 255, 1)'.

2022-01-15 16:47:57 - [MESSAGE][PASSED] - Get CSS 'color' value on 'Object Repository/Mini Cart/a_miniCartLink' successfully: 'rgba(82, 36, 127, 1)'.

2022-01-15 16:47:58 - [MESSAGE][PASSED] - Text of object 'Object Repository/Mini Cart/span_miniCartSubTotal' is: '$123.48'

2022-01-15 16:47:59 - [MESSAGE][PASSED] - Text of object 'Object Repository/Mini Cart/span_cartCounterPadge' is: '2'

2022-01-15 16:48:00 - [TEST_STEP][PASSED] - MiniCartActions.navigateToCartPage(): Object: 'Object Repository/Mini Cart/a_miniCartLink' is clicked on

2022-01-15 16:48:07 - [MESSAGE][PASSED] - Object: 'Object Repository/Mini Cart/a_miniCartLink' is clicked on

2022-01-15 16:48:07 - [TEST_STEP][PASSED] - ShoppingCartHelpers.navigateToCartPage(): Text of object 'Object Repository/Shopping Cart/td_summaryTotalSubTotal' is: '$123.48'

2022-01-15 16:48:09 - [MESSAGE][PASSED] - Text of object 'Object Repository/Mini Cart/span_cartCounterPadge' is: '2'

2022-01-15 16:48:09 - [MESSAGE][PASSED] - Text of object 'Object Repository/Shopping Cart/td_summaryTableItemCount' is: 'SUBTOTAL (2 ITEMS)'

2022-01-15 16:48:11 - [MESSAGE][PASSED] - Text of object 'Object Repository/Shopping Cart/td_summaryTableTotal' is: '$123.48'

2022-01-15 16:48:11 - [MESSAGE][PASSED] - Text of object 'Object Repository/Shopping Cart/td_summaryTotalSubTotal' is: '$123.48'

2022-01-15 16:48:13 - [TEST_STEP][PASSED] - ShoppingCartHelpers.updateQuantities(): Text of object 'Object Repository/Shopping Cart/td_summaryTotalSubTotal' is: '$108.96'

2022-01-15 16:48:15 - [MESSAGE][PASSED] - Attribute 'value' of object '' is: '4'

2022-01-15 16:48:15 - [MESSAGE][PASSED] - Attribute 'value' of object '' is: '4'

2022-01-15 16:48:16 - [MESSAGE][PASSED] - Object: 'Object Repository/Shopping Cart/td_summaryTableItemCount' is clicked on

2022-01-15 16:48:18 - [MESSAGE][PASSED] - Text of object 'Object Repository/Shopping Cart/td_summaryTableTotal' is: '$108.96'

2022-01-15 16:48:18 - [MESSAGE][PASSED] - Text of object 'Object Repository/Shopping Cart/td_summaryTotalSubTotal' is: '$108.96'

2022-01-15 16:48:18 - [TEST_STEP][PASSED] - ShoppingCartHelpers.navigateToCheckoutPage(): Object: 'Object Repository/Shopping Cart/button_proceedToCheckout' is clicked on

2022-01-15 16:48:19 - [MESSAGE][PASSED] - Object: 'Object Repository/Shopping Cart/a_shoppingCartProductTitle' is hovered

2022-01-15 16:48:19 - [MESSAGE][PASSED] - Get CSS 'background-color' value on 'Object Repository/Shopping Cart/button_proceedToCheckout' successfully: 'rgba(82, 36, 127, 1)'.

2022-01-15 16:48:19 - [MESSAGE][PASSED] - Get CSS 'color' value on 'Object Repository/Shopping Cart/button_proceedToCheckout' successfully: 'rgba(255, 255, 255, 1)'.

2022-01-15 16:48:20 - [MESSAGE][PASSED] - Object: 'Object Repository/Shopping Cart/button_proceedToCheckout' is hovered

2022-01-15 16:48:20 - [MESSAGE][PASSED] - Get CSS 'box-shadow' value on 'Object Repository/Shopping Cart/button_proceedToCheckout' successfully: 'rgba(0, 0, 0, 0.3) 0px 0px 10px 2px'.

2022-01-15 16:48:24 - [MESSAGE][PASSED] - Object: 'Object Repository/Shopping Cart/button_proceedToCheckout' is clicked on

2022-01-15 16:48:24 - [TEST_STEP][PASSED] - CheckoutPageHelpers.initCheckoutPage(): Unable to find the element located by 'By.xpath: '. Please recheck the objects properties to make sure the desired element is located. 

2022-01-15 16:48:25 - [MESSAGE][PASSED] - Text of object 'Object Repository/CheckOut/span_checkoutTitleTotal' is: '$108.96'

2022-01-15 16:48:25 - [MESSAGE][PASSED] - Text of object 'Object Repository/CheckOut/td_summaryTableTotal' is: '$108.96'

2022-01-15 16:48:26 - [MESSAGE][PASSED] - Text of object 'Object Repository/CheckOut/td_summaryTotalSubTotal' is: '$108.96'

2022-01-15 16:48:26 - [MESSAGE][PASSED] - Text of object 'Object Repository/CheckOut/label_checkoutAsGuest' is: 'Checkout as Guest'

2022-01-15 16:48:27 - [MESSAGE][PASSED] - Object 'Object Repository/CheckOut/input_checkoutAsGuestRadioButton' is checked

2022-01-15 16:48:29 - [MESSAGE][INFO] - Unable to find the element located by 'By.cssSelector: table.product-table tbody tr td.product-table__price'. Please recheck the objects properties to make sure the desired element is located. 

2022-01-15 16:48:29 - [MESSAGE][WARNING] - [SELF-HEALING] Failed to find element with id 'Object Repository/Shopping Cart/td_shoppingCartProductPrice'. Try using Self-healing.

2022-01-15 16:48:29 - [MESSAGE][WARNING] - [SELF-HEALING] Cannot find elements when the XPath is null.

2022-01-15 16:48:30 - [MESSAGE][INFO] - Unable to find the element located by 'By.xpath: '. Please recheck the objects properties to make sure the desired element is located. 

2022-01-15 16:48:33 - [MESSAGE][INFO] - Unable to find the element located by 'By.cssSelector: table.product-table tbody tr td.product-table__quantity input[name="quantity"]'. Please recheck the objects properties to make sure the desired element is located. 

2022-01-15 16:48:33 - [MESSAGE][WARNING] - [SELF-HEALING] Failed to find element with id 'Object Repository/Shopping Cart/input_shoppingCartProductQuantity'. Try using Self-healing.

2022-01-15 16:48:33 - [MESSAGE][WARNING] - [SELF-HEALING] Cannot find elements when the XPath is null.

2022-01-15 16:48:34 - [MESSAGE][INFO] - Unable to find the element located by 'By.xpath: '. Please recheck the objects properties to make sure the desired element is located. 

2022-01-15 16:48:36 - [MESSAGE][INFO] - Unable to find the element located by 'By.cssSelector: table.product-table tbody tr td.product-table__total'. Please recheck the objects properties to make sure the desired element is located. 

2022-01-15 16:48:36 - [MESSAGE][WARNING] - [SELF-HEALING] Failed to find element with id 'Object Repository/Shopping Cart/td_shoppingCartProductTotal'. Try using Self-healing.

2022-01-15 16:48:36 - [MESSAGE][WARNING] - [SELF-HEALING] Cannot find elements when the XPath is null.

2022-01-15 16:48:37 - [MESSAGE][INFO] - Unable to find the element located by 'By.xpath: '. Please recheck the objects properties to make sure the desired element is located. 

2022-01-15 16:48:39 - [TEST_STEP][PASSED] - CheckoutPageHelpers.navigateToCheckoutInformationForm(): Object: 'Object Repository/CheckOut/button_continueButton' is clicked on

2022-01-15 16:48:42 - [MESSAGE][PASSED] - Object: 'Object Repository/CheckOut/button_continueButton' is clicked on

2022-01-15 16:48:42 - [TEST_STEP][PASSED] - checkOutFormHelper.fillCheckOutForm(): Object: 'Object Repository/CheckOutForm/a_reviewOrder' is clicked on

2022-01-15 16:48:42 - [MESSAGE][PASSED] - Current window's title is: 'Checkout - Cleaner's Supply'

2022-01-15 16:48:42 - [MESSAGE][PASSED] - Current window's url is: 'https://www.cleanersupply.com/checkout/'

2022-01-15 16:48:43 - [MESSAGE][PASSED] - Text of object 'Object Repository/CheckOutForm/h1_checkOutHeader' is: 'CHECKOUT'

2022-01-15 16:48:44 - [MESSAGE][PASSED] - Object: 'Object Repository/CheckOutForm/input_company' is focused

2022-01-15 16:48:44 - [MESSAGE][PASSED] - Get CSS 'box-shadow' value on 'Object Repository/CheckOutForm/input_company' successfully: 'rgb(99, 99, 99) 0px -3px 0px 0px inset'.

2022-01-15 16:48:44 - [MESSAGE][PASSED] - Get CSS 'border-color' value on 'Object Repository/CheckOutForm/input_company' successfully: 'rgb(99, 99, 99)'.

2022-01-15 16:48:44 - [MESSAGE][PASSED] - Actual object 'rgb(99, 99, 99) 0px -3px 0px 0px inset' and expected object 'rgb(99, 99, 99) 0px -3px 0px 0px inset' are equal

2022-01-15 16:48:44 - [MESSAGE][PASSED] - Actual object 'rgb(99, 99, 99)' and expected object 'rgb(99, 99, 99)' are equal

2022-01-15 16:48:45 - [MESSAGE][PASSED] - Text 'testCompany' is set on object 'Object Repository/CheckOutForm/input_company'

2022-01-15 16:48:46 - [MESSAGE][PASSED] - Object: 'Object Repository/CheckOutForm/input_fname' is focused

2022-01-15 16:48:46 - [MESSAGE][PASSED] - Get CSS 'box-shadow' value on 'Object Repository/CheckOutForm/input_fname' successfully: 'rgb(99, 99, 99) 0px -3px 0px 0px inset'.

2022-01-15 16:48:46 - [MESSAGE][PASSED] - Get CSS 'border-color' value on 'Object Repository/CheckOutForm/input_fname' successfully: 'rgb(99, 99, 99)'.

2022-01-15 16:48:46 - [MESSAGE][PASSED] - Actual object 'rgb(99, 99, 99) 0px -3px 0px 0px inset' and expected object 'rgb(99, 99, 99) 0px -3px 0px 0px inset' are equal

2022-01-15 16:48:46 - [MESSAGE][PASSED] - Actual object 'rgb(99, 99, 99)' and expected object 'rgb(99, 99, 99)' are equal

2022-01-15 16:48:47 - [MESSAGE][PASSED] - Text 'FNameTest' is set on object 'Object Repository/CheckOutForm/input_fname'

2022-01-15 16:48:48 - [MESSAGE][PASSED] - Object: 'Object Repository/CheckOutForm/input_lNAme' is focused

2022-01-15 16:48:48 - [MESSAGE][PASSED] - Get CSS 'box-shadow' value on 'Object Repository/CheckOutForm/input_lNAme' successfully: 'rgb(99, 99, 99) 0px -3px 0px 0px inset'.

2022-01-15 16:48:48 - [MESSAGE][PASSED] - Get CSS 'border-color' value on 'Object Repository/CheckOutForm/input_lNAme' successfully: 'rgb(99, 99, 99)'.

2022-01-15 16:48:48 - [MESSAGE][PASSED] - Actual object 'rgb(99, 99, 99) 0px -3px 0px 0px inset' and expected object 'rgb(99, 99, 99) 0px -3px 0px 0px inset' are equal

2022-01-15 16:48:48 - [MESSAGE][PASSED] - Actual object 'rgb(99, 99, 99)' and expected object 'rgb(99, 99, 99)' are equal

2022-01-15 16:48:49 - [MESSAGE][PASSED] - Text 'lnameValueTest' is set on object 'Object Repository/CheckOutForm/input_lNAme'

2022-01-15 16:48:50 - [MESSAGE][PASSED] - Object: 'Object Repository/CheckOutForm/input_address' is focused

2022-01-15 16:48:50 - [MESSAGE][PASSED] - Get CSS 'box-shadow' value on 'Object Repository/CheckOutForm/input_address' successfully: 'rgb(99, 99, 99) 0px -3px 0px 0px inset'.

2022-01-15 16:48:50 - [MESSAGE][PASSED] - Get CSS 'border-color' value on 'Object Repository/CheckOutForm/input_address' successfully: 'rgb(99, 99, 99)'.

2022-01-15 16:48:50 - [MESSAGE][PASSED] - Actual object 'rgb(99, 99, 99) 0px -3px 0px 0px inset' and expected object 'rgb(99, 99, 99) 0px -3px 0px 0px inset' are equal

2022-01-15 16:48:50 - [MESSAGE][PASSED] - Actual object 'rgb(99, 99, 99)' and expected object 'rgb(99, 99, 99)' are equal

2022-01-15 16:48:51 - [MESSAGE][PASSED] - Text 'addres1Test' is set on object 'Object Repository/CheckOutForm/input_address'

2022-01-15 16:48:52 - [MESSAGE][PASSED] - Object: 'Object Repository/CheckOutForm/input_address2' is focused

2022-01-15 16:48:52 - [MESSAGE][PASSED] - Get CSS 'box-shadow' value on 'Object Repository/CheckOutForm/input_address2' successfully: 'rgb(99, 99, 99) 0px -3px 0px 0px inset'.

2022-01-15 16:48:52 - [MESSAGE][PASSED] - Get CSS 'border-color' value on 'Object Repository/CheckOutForm/input_address2' successfully: 'rgb(99, 99, 99)'.

2022-01-15 16:48:52 - [MESSAGE][PASSED] - Actual object 'rgb(99, 99, 99) 0px -3px 0px 0px inset' and expected object 'rgb(99, 99, 99) 0px -3px 0px 0px inset' are equal

2022-01-15 16:48:52 - [MESSAGE][PASSED] - Actual object 'rgb(99, 99, 99)' and expected object 'rgb(99, 99, 99)' are equal

2022-01-15 16:48:54 - [MESSAGE][PASSED] - Text 'address2 test' is set on object 'Object Repository/CheckOutForm/input_address2'

2022-01-15 16:48:54 - [MESSAGE][PASSED] - Object: 'Object Repository/CheckOutForm/input_zipCode' is focused

2022-01-15 16:48:54 - [MESSAGE][PASSED] - Get CSS 'box-shadow' value on 'Object Repository/CheckOutForm/input_zipCode' successfully: 'rgb(99, 99, 99) 0px -3px 0px 0px inset'.

2022-01-15 16:48:55 - [MESSAGE][PASSED] - Get CSS 'border-color' value on 'Object Repository/CheckOutForm/input_zipCode' successfully: 'rgb(99, 99, 99)'.

2022-01-15 16:48:55 - [MESSAGE][PASSED] - Actual object 'rgb(99, 99, 99) 0px -3px 0px 0px inset' and expected object 'rgb(99, 99, 99) 0px -3px 0px 0px inset' are equal

2022-01-15 16:48:55 - [MESSAGE][PASSED] - Actual object 'rgb(99, 99, 99)' and expected object 'rgb(99, 99, 99)' are equal

2022-01-15 16:48:55 - [MESSAGE][PASSED] - Text '55555' is set on object 'Object Repository/CheckOutForm/input_zipCode'

2022-01-15 16:48:56 - [MESSAGE][PASSED] - Object: 'Object Repository/CheckOutForm/input_city' is focused

2022-01-15 16:48:57 - [MESSAGE][PASSED] - Get CSS 'box-shadow' value on 'Object Repository/CheckOutForm/input_city' successfully: 'rgb(99, 99, 99) 0px -3px 0px 0px inset'.

2022-01-15 16:48:57 - [MESSAGE][PASSED] - Get CSS 'border-color' value on 'Object Repository/CheckOutForm/input_city' successfully: 'rgb(99, 99, 99)'.

2022-01-15 16:48:57 - [MESSAGE][PASSED] - Actual object 'rgb(99, 99, 99) 0px -3px 0px 0px inset' and expected object 'rgb(99, 99, 99) 0px -3px 0px 0px inset' are equal

2022-01-15 16:48:57 - [MESSAGE][PASSED] - Actual object 'rgb(99, 99, 99)' and expected object 'rgb(99, 99, 99)' are equal

2022-01-15 16:48:59 - [MESSAGE][PASSED] - Text 'Palestine' is set on object 'Object Repository/CheckOutForm/input_city'

2022-01-15 16:48:59 - [MESSAGE][PASSED] - Object: 'Object Repository/CheckOutForm/input_phoneNum' is focused

2022-01-15 16:49:00 - [MESSAGE][PASSED] - Get CSS 'box-shadow' value on 'Object Repository/CheckOutForm/input_phoneNum' successfully: 'rgb(99, 99, 99) 0px -3px 0px 0px inset'.

2022-01-15 16:49:00 - [MESSAGE][PASSED] - Get CSS 'border-color' value on 'Object Repository/CheckOutForm/input_phoneNum' successfully: 'rgb(99, 99, 99)'.

2022-01-15 16:49:00 - [MESSAGE][PASSED] - Actual object 'rgb(99, 99, 99) 0px -3px 0px 0px inset' and expected object 'rgb(99, 99, 99) 0px -3px 0px 0px inset' are equal

2022-01-15 16:49:00 - [MESSAGE][PASSED] - Actual object 'rgb(99, 99, 99)' and expected object 'rgb(99, 99, 99)' are equal

2022-01-15 16:49:01 - [MESSAGE][PASSED] - Text '541-143-1030' is set on object 'Object Repository/CheckOutForm/input_phoneNum'

2022-01-15 16:49:02 - [MESSAGE][PASSED] - Object: 'Object Repository/CheckOutForm/input_phoneExt' is focused

2022-01-15 16:49:02 - [MESSAGE][PASSED] - Get CSS 'box-shadow' value on 'Object Repository/CheckOutForm/input_phoneExt' successfully: 'rgb(99, 99, 99) 0px -3px 0px 0px inset'.

2022-01-15 16:49:02 - [MESSAGE][PASSED] - Get CSS 'border-color' value on 'Object Repository/CheckOutForm/input_phoneExt' successfully: 'rgb(99, 99, 99)'.

2022-01-15 16:49:02 - [MESSAGE][PASSED] - Actual object 'rgb(99, 99, 99) 0px -3px 0px 0px inset' and expected object 'rgb(99, 99, 99) 0px -3px 0px 0px inset' are equal

2022-01-15 16:49:02 - [MESSAGE][PASSED] - Actual object 'rgb(99, 99, 99)' and expected object 'rgb(99, 99, 99)' are equal

2022-01-15 16:49:03 - [MESSAGE][PASSED] - Text '1' is set on object 'Object Repository/CheckOutForm/input_phoneExt'

2022-01-15 16:49:04 - [MESSAGE][PASSED] - Object: 'Object Repository/CheckOutForm/input_phoneExt' is focused

2022-01-15 16:49:04 - [MESSAGE][PASSED] - Get CSS 'box-shadow' value on 'Object Repository/CheckOutForm/input_phoneExt' successfully: 'rgb(99, 99, 99) 0px -3px 0px 0px inset'.

2022-01-15 16:49:04 - [MESSAGE][PASSED] - Get CSS 'border-color' value on 'Object Repository/CheckOutForm/input_phoneExt' successfully: 'rgb(99, 99, 99)'.

2022-01-15 16:49:04 - [MESSAGE][PASSED] - Actual object 'rgb(99, 99, 99) 0px -3px 0px 0px inset' and expected object 'rgb(99, 99, 99) 0px -3px 0px 0px inset' are equal

2022-01-15 16:49:04 - [MESSAGE][PASSED] - Actual object 'rgb(99, 99, 99)' and expected object 'rgb(99, 99, 99)' are equal

2022-01-15 16:49:05 - [MESSAGE][PASSED] - Text '1' is set on object 'Object Repository/CheckOutForm/input_phoneExt'

2022-01-15 16:49:06 - [MESSAGE][PASSED] - Object: 'Object Repository/CheckOutForm/input_email' is focused

2022-01-15 16:49:06 - [MESSAGE][PASSED] - Get CSS 'box-shadow' value on 'Object Repository/CheckOutForm/input_email' successfully: 'rgb(99, 99, 99) 0px -3px 0px 0px inset'.

2022-01-15 16:49:07 - [MESSAGE][PASSED] - Get CSS 'border-color' value on 'Object Repository/CheckOutForm/input_email' successfully: 'rgb(99, 99, 99)'.

2022-01-15 16:49:07 - [MESSAGE][PASSED] - Actual object 'rgb(99, 99, 99) 0px -3px 0px 0px inset' and expected object 'rgb(99, 99, 99) 0px -3px 0px 0px inset' are equal

2022-01-15 16:49:07 - [MESSAGE][PASSED] - Actual object 'rgb(99, 99, 99)' and expected object 'rgb(99, 99, 99)' are equal

2022-01-15 16:49:08 - [MESSAGE][PASSED] - Text 'test@test.com' is set on object 'Object Repository/CheckOutForm/input_email'

2022-01-15 16:49:08 - [MESSAGE][PASSED] - Object: 'Object Repository/CheckOutForm/button_state' is clicked on

2022-01-15 16:49:09 - [MESSAGE][PASSED] - Object 'Object Repository/CheckOutForm/button_state' has attribute 'aria-expanded' with value 'true'

2022-01-15 16:49:09 - [MESSAGE][PASSED] - Object: 'Object Repository/CheckOutForm/a_state' is clicked on

2022-01-15 16:49:12 - [MESSAGE][PASSED] - Text of object 'Object Repository/CheckOutForm/span_selectedState' is: 'Arizona'

2022-01-15 16:49:12 - [MESSAGE][PASSED] - Object: 'Object Repository/CheckOutForm/input_creditCardName' is focused

2022-01-15 16:49:13 - [MESSAGE][PASSED] - Get CSS 'box-shadow' value on 'Object Repository/CheckOutForm/input_creditCardName' successfully: 'rgb(99, 99, 99) 0px -3px 0px 0px inset'.

2022-01-15 16:49:13 - [MESSAGE][PASSED] - Get CSS 'border-color' value on 'Object Repository/CheckOutForm/input_creditCardName' successfully: 'rgb(99, 99, 99)'.

2022-01-15 16:49:13 - [MESSAGE][PASSED] - Actual object 'rgb(99, 99, 99) 0px -3px 0px 0px inset' and expected object 'rgb(99, 99, 99) 0px -3px 0px 0px inset' are equal

2022-01-15 16:49:13 - [MESSAGE][PASSED] - Actual object 'rgb(99, 99, 99)' and expected object 'rgb(99, 99, 99)' are equal

2022-01-15 16:49:14 - [MESSAGE][PASSED] - Text 'Razan' is set on object 'Object Repository/CheckOutForm/input_creditCardName'

2022-01-15 16:49:15 - [MESSAGE][PASSED] - Object: 'Object Repository/CheckOutForm/input_cardNumber' is focused

2022-01-15 16:49:15 - [MESSAGE][PASSED] - Get CSS 'box-shadow' value on 'Object Repository/CheckOutForm/input_cardNumber' successfully: 'rgb(99, 99, 99) 0px -3px 0px 0px inset'.

2022-01-15 16:49:15 - [MESSAGE][PASSED] - Get CSS 'border-color' value on 'Object Repository/CheckOutForm/input_cardNumber' successfully: 'rgb(99, 99, 99)'.

2022-01-15 16:49:15 - [MESSAGE][PASSED] - Actual object 'rgb(99, 99, 99) 0px -3px 0px 0px inset' and expected object 'rgb(99, 99, 99) 0px -3px 0px 0px inset' are equal

2022-01-15 16:49:15 - [MESSAGE][PASSED] - Actual object 'rgb(99, 99, 99)' and expected object 'rgb(99, 99, 99)' are equal

2022-01-15 16:49:16 - [MESSAGE][PASSED] - Text '379936489179273' is set on object 'Object Repository/CheckOutForm/input_cardNumber'

2022-01-15 16:49:17 - [MESSAGE][PASSED] - Object: 'Object Repository/CheckOutForm/input_cvv' is focused

2022-01-15 16:49:17 - [MESSAGE][PASSED] - Get CSS 'box-shadow' value on 'Object Repository/CheckOutForm/input_cvv' successfully: 'rgb(99, 99, 99) 0px -3px 0px 0px inset'.

2022-01-15 16:49:17 - [MESSAGE][PASSED] - Get CSS 'border-color' value on 'Object Repository/CheckOutForm/input_cvv' successfully: 'rgb(99, 99, 99)'.

2022-01-15 16:49:17 - [MESSAGE][PASSED] - Actual object 'rgb(99, 99, 99) 0px -3px 0px 0px inset' and expected object 'rgb(99, 99, 99) 0px -3px 0px 0px inset' are equal

2022-01-15 16:49:17 - [MESSAGE][PASSED] - Actual object 'rgb(99, 99, 99)' and expected object 'rgb(99, 99, 99)' are equal

2022-01-15 16:49:18 - [MESSAGE][PASSED] - Text '2222' is set on object 'Object Repository/CheckOutForm/input_cvv'

2022-01-15 16:49:18 - [MESSAGE][PASSED] - Object: 'Object Repository/CheckOutForm/button_expirationDate' is clicked on

2022-01-15 16:49:19 - [MESSAGE][PASSED] - Object: 'Object Repository/CheckOutForm/button_expirationYear' is clicked on

2022-01-15 16:49:21 - [MESSAGE][PASSED] - Object: 'Object Repository/CheckOutForm/input_PO' is focused

2022-01-15 16:49:21 - [MESSAGE][PASSED] - Get CSS 'box-shadow' value on 'Object Repository/CheckOutForm/input_PO' successfully: 'rgb(99, 99, 99) 0px -3px 0px 0px inset'.

2022-01-15 16:49:21 - [MESSAGE][PASSED] - Get CSS 'border-color' value on 'Object Repository/CheckOutForm/input_PO' successfully: 'rgb(99, 99, 99)'.

2022-01-15 16:49:21 - [MESSAGE][PASSED] - Actual object 'rgb(99, 99, 99) 0px -3px 0px 0px inset' and expected object 'rgb(99, 99, 99) 0px -3px 0px 0px inset' are equal

2022-01-15 16:49:21 - [MESSAGE][PASSED] - Actual object 'rgb(99, 99, 99)' and expected object 'rgb(99, 99, 99)' are equal

2022-01-15 16:49:22 - [MESSAGE][PASSED] - Text 'test1155' is set on object 'Object Repository/CheckOutForm/input_PO'

2022-01-15 16:49:23 - [MESSAGE][PASSED] - Text 'test comment' is set on object 'Object Repository/CheckOutForm/input_comments'

2022-01-15 16:49:24 - [MESSAGE][PASSED] - Object: 'Object Repository/CheckOutForm/a_reviewOrder' is clicked on

2022-01-15 16:49:24 - [TEST_STEP][PASSED] - CheckoutPageValidation.verifyNavigationToCheckoutDetails(): Text of object 'Object Repository/CheckOut Details/h1_checkoutHeader' is: 'CHECKOUT'

2022-01-15 16:49:24 - [MESSAGE][PASSED] - Current window's title is: 'Checkout - Cleaner's Supply'

2022-01-15 16:49:24 - [MESSAGE][PASSED] - Current window's url is: 'https://www.cleanersupply.com/checkout/'

2022-01-15 16:49:31 - [MESSAGE][PASSED] - Text of object 'Object Repository/CheckOut Details/h1_checkoutHeader' is: 'CHECKOUT'

2022-01-15 16:49:31 - [TEST_STEP][PASSED] - CheckoutPageHelpers.ShippingAddressDiv(): Text of object 'Object Repository/CheckOut Details/h2_shippingAddrDivHeader' is: 'SHIPPING ADDRESS'

2022-01-15 16:49:31 - [MESSAGE][PASSED] - Scroll to object 'Object Repository/CheckOut Details/div_shippingAddr' successfully

2022-01-15 16:49:31 - [MESSAGE][PASSED] - Object 'Object Repository/CheckOut Details/div_shippingAddr' is visible

2022-01-15 16:49:32 - [MESSAGE][PASSED] - Get CSS 'background-color' value on 'Object Repository/CheckOut Details/div_shippingAddr' successfully: 'rgba(241, 242, 242, 1)'.

2022-01-15 16:49:32 - [MESSAGE][PASSED] - Object 'Object Repository/CheckOut Details/h2_shippingAddrDivHeader' is visible

2022-01-15 16:49:32 - [MESSAGE][PASSED] - Text of object 'Object Repository/CheckOut Details/h2_shippingAddrDivHeader' is: 'SHIPPING ADDRESS'

2022-01-15 16:49:32 - [TEST_STEP][PASSED] - CheckoutPageHelpers.verifyShippingDetailsInCeckout(): Text of object 'Object Repository/CheckOut Details/span_shippingAddressDetails' is: 'testCompany
FNameTest lnameValueTest
addres1Test
address2 test
Palestine, AZ 55555
541-143-1030 x1
United States'

2022-01-15 16:49:33 - [MESSAGE][PASSED] - Text of object 'Object Repository/CheckOut Details/span_shippingAddressDetails' is: 'testCompany
FNameTest lnameValueTest
addres1Test
address2 test
Palestine, AZ 55555
541-143-1030 x1
United States'

2022-01-15 16:49:33 - [TEST_STEP][PASSED] - CheckoutPageHelpers.standardShippingAddress(): Object: 'Object Repository/CheckOut Details/a_shippingOptionLink' is clicked on

2022-01-15 16:49:33 - [MESSAGE][PASSED] - Object 'Object Repository/CheckOut Details/dic_standardShiping' is visible

2022-01-15 16:49:34 - [MESSAGE][PASSED] - Get CSS 'background-color' value on 'Object Repository/CheckOut Details/dic_standardShiping' successfully: 'rgba(241, 242, 242, 1)'.

2022-01-15 16:49:34 - [MESSAGE][PASSED] - Attribute 'class' of object 'Object Repository/CheckOut Details/a_shippingOptionLink' is: 'pull-right collapsed'

2022-01-15 16:49:34 - [MESSAGE][PASSED] - Object: 'Object Repository/CheckOut Details/a_shippingOptionLink' is clicked on

2022-01-15 16:49:35 - [MESSAGE][PASSED] - Attribute 'class' of object 'Object Repository/CheckOut Details/a_shippingOptionLink' is: 'pull-right'

2022-01-15 16:49:35 - [MESSAGE][PASSED] - Get CSS 'border-color' value on 'Object Repository/CheckOut Details/span_standard_Delivery' successfully: 'rgb(82, 36, 127)'.

2022-01-15 16:49:36 - [MESSAGE][PASSED] - Object: 'Object Repository/CheckOut Details/a_shippingOptionLink' is clicked on

2022-01-15 16:49:36 - [TEST_STEP][PASSED] - CheckoutPageHelpers.paymentMethodDiv(): Text of object 'Object Repository/CheckOut Details/h2_paymentMethodHeader' is: 'PAYMENT METHOD'

2022-01-15 16:49:36 - [MESSAGE][PASSED] - Object 'Object Repository/CheckOut Details/h2_paymentMethodHeader' is visible

2022-01-15 16:49:37 - [MESSAGE][PASSED] - Text of object 'Object Repository/CheckOut Details/h2_paymentMethodHeader' is: 'PAYMENT METHOD'

2022-01-15 16:49:37 - [TEST_STEP][PASSED] - CheckoutPageHelpers.verifyPaymentMethodDetails(): Attribute 'value' of object 'Object Repository/CheckOut Details/input_paymentMethodComment' is: 'test comment'

2022-01-15 16:49:37 - [MESSAGE][PASSED] - Text of object 'Object Repository/CheckOut Details/span_paymentMethodDetails' is: 'AmericanExpress **** 9273
Razan
Expires: 5/46'

2022-01-15 16:49:37 - [MESSAGE][PASSED] - Object 'Object Repository/CheckOut Details/div_PoNoDiv' is visible

2022-01-15 16:49:38 - [MESSAGE][PASSED] - Attribute 'value' of object 'Object Repository/CheckOut Details/input_paymentMethodPo' is: 'test1155'

2022-01-15 16:49:39 - [MESSAGE][PASSED] - Attribute 'value' of object 'Object Repository/CheckOut Details/input_paymentMethodComment' is: 'test comment'

2022-01-15 16:49:39 - [TEST_STEP][PASSED] - closeBrowser(): Browser is closed

2022-01-15 16:49:39 - [MESSAGE][PASSED] - Browser is closed

2022-01-15 16:49:53 - [TEST_STEP][PASSED] - Video: Video recording for test case 'Test Cases/Checkout Scenario/Product Details' .

2022-01-15 16:49:53 - [MESSAGE][INFO] - Video recording for test case 'Test Cases/Checkout Scenario/Product Details' .]]></system-out>
         <system-err><![CDATA[]]></system-err>
      </testcase>
      <testcase name="Test Cases/Checkout Scenario/Quick Order" time="146.623" classname="Test Cases/Checkout Scenario/Quick Order" status="PASSED">
         <system-out><![CDATA[2022-01-15 16:49:53 - [TEST_CASE][PASSED] - Test Cases/Checkout Scenario/Quick Order: Test Cases/Checkout Scenario/Quick Order

2022-01-15 16:49:54 - [TEST_STEP][PASSED] - GeneralHelpers.initScenario(): Current window's url is: 'https://www.cleanersupply.com/'

2022-01-15 16:49:54 - [MESSAGE][INFO] - Starting 'Chrome' driver

2022-01-15 16:49:54 - [MESSAGE][INFO] - Action delay is set to 0 milliseconds

2022-01-15 16:49:57 - [MESSAGE][PASSED] - Browser is opened with url: ''

2022-01-15 16:49:57 - [MESSAGE][PASSED] - Current window maximized

2022-01-15 16:50:11 - [MESSAGE][PASSED] - Navigate to 'https://www.cleanersupply.com/' successfully

2022-01-15 16:50:11 - [MESSAGE][PASSED] - Wait for page load successfully

2022-01-15 16:50:11 - [MESSAGE][PASSED] - Current window's title is: 'Cleaner's Supply - Dry Cleaning Supplies'

2022-01-15 16:50:11 - [MESSAGE][PASSED] - Current window's title is: 'Cleaner's Supply - Dry Cleaning Supplies'

2022-01-15 16:50:11 - [MESSAGE][PASSED] - Current window's url is: 'https://www.cleanersupply.com/'

2022-01-15 16:50:11 - [TEST_STEP][PASSED] - QuickOrderHelpers.navigationAndVerifyToQuickOrder(): Text of object 'Object Repository/Quick Order/span_quickOrderHeader' is: 'QUICK
ORDER'

2022-01-15 16:50:15 - [MESSAGE][PASSED] - Object 'Object Repository/Quick Order/a_quickOrder' is visible

2022-01-15 16:50:16 - [MESSAGE][PASSED] - Object: 'Object Repository/Quick Order/a_quickOrder' is hovered

2022-01-15 16:50:16 - [MESSAGE][PASSED] - Get CSS 'color' value on 'Object Repository/Quick Order/i_quickOrderIcon' successfully: 'rgba(82, 36, 127, 1)'.

2022-01-15 16:50:21 - [MESSAGE][PASSED] - Object: 'Object Repository/Quick Order/a_quickOrder' is clicked on

2022-01-15 16:50:21 - [MESSAGE][PASSED] - Current window's title is: 'Quick Order - Cleaner's Supply'

2022-01-15 16:50:21 - [MESSAGE][PASSED] - Current window's url is: 'https://www.cleanersupply.com/quick-order/'

2022-01-15 16:50:22 - [MESSAGE][PASSED] - Text of object 'Object Repository/Quick Order/span_quickOrderHeader' is: 'QUICK
ORDER'

2022-01-15 16:50:22 - [TEST_STEP][PASSED] - QuickOrderHelpers.fillingVerifyingStockNo(): Attribute 'value' of object 'Object Repository/Quick Order/input_4quickOrderStock' is: 'SP4005'

2022-01-15 16:50:23 - [MESSAGE][PASSED] - Object 'Object Repository/Quick Order/input_0quickOrderStock' is present

2022-01-15 16:50:23 - [MESSAGE][PASSED] - Object: 'Object Repository/Quick Order/input_0quickOrderStock' is focused

2022-01-15 16:50:24 - [MESSAGE][PASSED] - Keys 'ENTER + PRT381' sent to object: 'Object Repository/Quick Order/input_0quickOrderStock'

2022-01-15 16:50:25 - [MESSAGE][PASSED] - Attribute 'value' of object 'Object Repository/Quick Order/input_0quickOrderStock' is: 'PRT381'

2022-01-15 16:50:26 - [MESSAGE][PASSED] - Object: 'Object Repository/Quick Order/input_1quickOrderStock' is focused

2022-01-15 16:50:26 - [MESSAGE][PASSED] - Keys 'ENTER + GTDCA700C' sent to object: 'Object Repository/Quick Order/input_1quickOrderStock'

2022-01-15 16:50:28 - [MESSAGE][PASSED] - Attribute 'value' of object 'Object Repository/Quick Order/input_1quickOrderStock' is: 'GTDCA700C'

2022-01-15 16:50:28 - [MESSAGE][PASSED] - Object: 'Object Repository/Quick Order/input_2quickOrderStock' is focused

2022-01-15 16:50:28 - [MESSAGE][PASSED] - Keys 'ENTER + PP30' sent to object: 'Object Repository/Quick Order/input_2quickOrderStock'

2022-01-15 16:50:29 - [MESSAGE][PASSED] - Attribute 'value' of object 'Object Repository/Quick Order/input_2quickOrderStock' is: 'PP30'

2022-01-15 16:50:30 - [MESSAGE][PASSED] - Object: 'Object Repository/Quick Order/input_3quickOrderStock' is focused

2022-01-15 16:50:30 - [MESSAGE][PASSED] - Keys 'ENTER + ZB400' sent to object: 'Object Repository/Quick Order/input_3quickOrderStock'

2022-01-15 16:50:31 - [MESSAGE][PASSED] - Attribute 'value' of object 'Object Repository/Quick Order/input_3quickOrderStock' is: 'ZB400'

2022-01-15 16:50:32 - [MESSAGE][PASSED] - Object: 'Object Repository/Quick Order/input_4quickOrderStock' is focused

2022-01-15 16:50:32 - [MESSAGE][PASSED] - Keys 'ENTER + SP4005' sent to object: 'Object Repository/Quick Order/input_4quickOrderStock'

2022-01-15 16:50:33 - [MESSAGE][PASSED] - Attribute 'value' of object 'Object Repository/Quick Order/input_4quickOrderStock' is: 'SP4005'

2022-01-15 16:50:33 - [TEST_STEP][PASSED] - QuickOrderHelpers.fillingQuanitiesInputs(): Actual text and expected text of test object '' are matched.

2022-01-15 16:50:36 - [MESSAGE][PASSED] - Keys 'BACK_SPACE + TAB + 30' sent to object: ''

2022-01-15 16:50:36 - [MESSAGE][PASSED] - Attribute 'value' of object '' is: '30'

2022-01-15 16:50:36 - [MESSAGE][PASSED] - Object '' is present

2022-01-15 16:50:36 - [MESSAGE][PASSED] - Actual text and expected text of test object '' are matched.

2022-01-15 16:50:36 - [MESSAGE][PASSED] - Keys 'BACK_SPACE + TAB + 2' sent to object: ''

2022-01-15 16:50:36 - [MESSAGE][PASSED] - Attribute 'value' of object '' is: '2'

2022-01-15 16:50:36 - [MESSAGE][PASSED] - Object '' is present

2022-01-15 16:50:36 - [MESSAGE][PASSED] - Actual text and expected text of test object '' are matched.

2022-01-15 16:50:36 - [MESSAGE][PASSED] - Keys 'BACK_SPACE + TAB + 31' sent to object: ''

2022-01-15 16:50:36 - [MESSAGE][PASSED] - Attribute 'value' of object '' is: '31'

2022-01-15 16:50:36 - [MESSAGE][PASSED] - Object '' is present

2022-01-15 16:50:36 - [MESSAGE][PASSED] - Actual text and expected text of test object '' are matched.

2022-01-15 16:50:36 - [MESSAGE][PASSED] - Keys 'BACK_SPACE + TAB + 30' sent to object: ''

2022-01-15 16:50:36 - [MESSAGE][PASSED] - Attribute 'value' of object '' is: '30'

2022-01-15 16:50:36 - [MESSAGE][PASSED] - Object '' is present

2022-01-15 16:50:37 - [MESSAGE][PASSED] - Actual text and expected text of test object '' are matched.

2022-01-15 16:50:37 - [MESSAGE][PASSED] - Keys 'BACK_SPACE + TAB + 24' sent to object: ''

2022-01-15 16:50:37 - [MESSAGE][PASSED] - Attribute 'value' of object '' is: '24'

2022-01-15 16:50:37 - [MESSAGE][PASSED] - Object '' is present

2022-01-15 16:50:37 - [MESSAGE][PASSED] - Actual text and expected text of test object '' are matched.

2022-01-15 16:50:37 - [TEST_STEP][PASSED] - QuickOrderHelpers.storeProductsDetailsAndVerifyTotal(): Text of object '' is: '$62.16'

2022-01-15 16:50:37 - [MESSAGE][PASSED] - Attribute 'value' of object '' is: '30'

2022-01-15 16:50:37 - [MESSAGE][PASSED] - Text of object '' is: '$9.35'

2022-01-15 16:50:37 - [MESSAGE][PASSED] - Text of object '' is: '$280.50'

2022-01-15 16:50:37 - [MESSAGE][PASSED] - Text of object '' is: 'GREEN BUTTON FOR AJAX #DCH18, DCH446, DCH45, DCH446 & HOU45'

2022-01-15 16:50:37 - [MESSAGE][PASSED] - Attribute 'src' of object '' is: 'https://www.cleanersupply.com/4ad6b3/globalassets/catalogs/prt3/prt381_p/prt381_paren/prt381_parent/prt381-1-main-prt381_parent.jpg?width=80&height=80&quality=85&mode=crop'

2022-01-15 16:50:37 - [MESSAGE][PASSED] - Text of object '' is: 'In Stock!'

2022-01-15 16:50:37 - [MESSAGE][PASSED] - Text of object '' is: 'GREEN BUTTON FOR AJAX #DCH18, DCH446, DCH45, DCH446 & HOU45'

2022-01-15 16:50:37 - [MESSAGE][PASSED] - Attribute 'value' of object '' is: '30'

2022-01-15 16:50:37 - [MESSAGE][PASSED] - Text of object '' is: '$9.35'

2022-01-15 16:50:37 - [MESSAGE][PASSED] - Attribute 'value' of object '' is: '30'

2022-01-15 16:50:37 - [MESSAGE][PASSED] - Text of object '' is: '$9.35'

2022-01-15 16:50:37 - [MESSAGE][PASSED] - Text of object '' is: '$280.50'

2022-01-15 16:50:37 - [MESSAGE][PASSED] - Attribute 'value' of object '' is: '2'

2022-01-15 16:50:37 - [MESSAGE][PASSED] - Text of object '' is: '$28.50'

2022-01-15 16:50:37 - [MESSAGE][PASSED] - Text of object '' is: '$57.00'

2022-01-15 16:50:37 - [MESSAGE][PASSED] - Text of object '' is: 'GUTERMANN 700-COLOR THREAD CHART'

2022-01-15 16:50:37 - [MESSAGE][PASSED] - Attribute 'src' of object '' is: 'https://www.cleanersupply.com/4ae3b9/globalassets/catalogs/gtdc/gtdca700/gtdca700c_pa/gtdca700c_parent/gtdca700c-1-main-gtdca700c_parent.jpg?width=80&height=80&quality=85&mode=crop'

2022-01-15 16:50:37 - [MESSAGE][PASSED] - Text of object '' is: 'In Stock!'

2022-01-15 16:50:37 - [MESSAGE][PASSED] - Text of object '' is: 'GUTERMANN 700-COLOR THREAD CHART'

2022-01-15 16:50:37 - [MESSAGE][PASSED] - Attribute 'value' of object '' is: '2'

2022-01-15 16:50:37 - [MESSAGE][PASSED] - Text of object '' is: '$28.50'

2022-01-15 16:50:37 - [MESSAGE][PASSED] - Attribute 'value' of object '' is: '2'

2022-01-15 16:50:37 - [MESSAGE][PASSED] - Text of object '' is: '$28.50'

2022-01-15 16:50:37 - [MESSAGE][PASSED] - Text of object '' is: '$57.00'

2022-01-15 16:50:37 - [MESSAGE][PASSED] - Attribute 'value' of object '' is: '31'

2022-01-15 16:50:37 - [MESSAGE][PASSED] - Text of object '' is: '$24.35'

2022-01-15 16:50:37 - [MESSAGE][PASSED] - Text of object '' is: '$754.85'

2022-01-15 16:50:37 - [MESSAGE][PASSED] - Text of object '' is: 'SUPERFAST MUSHROOM PRESS PAD FOR AJAX, CISSELL, FORENTA/FORSE, HOFFMAN/NEW YORKER & UNIPRESS'

2022-01-15 16:50:37 - [MESSAGE][PASSED] - Attribute 'src' of object '' is: 'https://www.cleanersupply.com/4ae26e/globalassets/catalogs/pp30/pp30_par/pp30_parent/pp30-1-main-pp30_parent.jpg?width=80&height=80&quality=85&mode=crop'

2022-01-15 16:50:37 - [MESSAGE][PASSED] - Text of object '' is: 'In Stock!'

2022-01-15 16:50:37 - [MESSAGE][PASSED] - Text of object '' is: 'SUPERFAST MUSHROOM PRESS PAD FOR AJAX, CISSELL, FORENTA/FORSE, HOFFMAN/NEW YORKER & UNIPRESS'

2022-01-15 16:50:37 - [MESSAGE][PASSED] - Attribute 'value' of object '' is: '31'

2022-01-15 16:50:37 - [MESSAGE][PASSED] - Text of object '' is: '$24.35'

2022-01-15 16:50:37 - [MESSAGE][PASSED] - Attribute 'value' of object '' is: '31'

2022-01-15 16:50:37 - [MESSAGE][PASSED] - Text of object '' is: '$24.35'

2022-01-15 16:50:37 - [MESSAGE][PASSED] - Text of object '' is: '$754.85'

2022-01-15 16:50:37 - [MESSAGE][PASSED] - Attribute 'value' of object '' is: '30'

2022-01-15 16:50:37 - [MESSAGE][PASSED] - Text of object '' is: '$5.99'

2022-01-15 16:50:37 - [MESSAGE][PASSED] - Text of object '' is: '$179.70'

2022-01-15 16:50:37 - [MESSAGE][PASSED] - Text of object '' is: 'ZIP NET BAG - 15" X 19" OPEN MESH'

2022-01-15 16:50:37 - [MESSAGE][PASSED] - Attribute 'src' of object '' is: 'https://www.cleanersupply.com/4ae088/globalassets/catalogs/zb40/zb400_pa/zb400_parent/zb400-1-main-zb400_parent.jpg?width=80&height=80&quality=85&mode=crop'

2022-01-15 16:50:37 - [MESSAGE][PASSED] - Text of object '' is: 'In Stock!'

2022-01-15 16:50:37 - [MESSAGE][PASSED] - Text of object '' is: 'ZIP NET BAG - 15" X 19" OPEN MESH'

2022-01-15 16:50:37 - [MESSAGE][PASSED] - Attribute 'value' of object '' is: '30'

2022-01-15 16:50:37 - [MESSAGE][PASSED] - Text of object '' is: '$5.99'

2022-01-15 16:50:37 - [MESSAGE][PASSED] - Attribute 'value' of object '' is: '30'

2022-01-15 16:50:37 - [MESSAGE][PASSED] - Text of object '' is: '$5.99'

2022-01-15 16:50:37 - [MESSAGE][PASSED] - Text of object '' is: '$179.70'

2022-01-15 16:50:37 - [MESSAGE][PASSED] - Attribute 'value' of object '' is: '24'

2022-01-15 16:50:37 - [MESSAGE][PASSED] - Text of object '' is: '$2.59'

2022-01-15 16:50:37 - [MESSAGE][PASSED] - Text of object '' is: '$62.16'

2022-01-15 16:50:37 - [MESSAGE][PASSED] - Text of object '' is: 'CLOSED BRASS/QUILTER SAFETY PINS - #3 - 2" - 20/BOX'

2022-01-15 16:50:37 - [MESSAGE][PASSED] - Attribute 'src' of object '' is: 'https://www.cleanersupply.com/4adae3/globalassets/catalogs/sp40/sp4005_p/sp4005_paren/sp4005_parent/sp4005-1-main-sp4005_parent.jpg?width=80&height=80&quality=85&mode=crop'

2022-01-15 16:50:37 - [MESSAGE][PASSED] - Text of object '' is: 'In Stock!'

2022-01-15 16:50:37 - [MESSAGE][PASSED] - Text of object '' is: 'CLOSED BRASS/QUILTER SAFETY PINS - #3 - 2" - 20/BOX'

2022-01-15 16:50:37 - [MESSAGE][PASSED] - Attribute 'value' of object '' is: '24'

2022-01-15 16:50:37 - [MESSAGE][PASSED] - Text of object '' is: '$2.59'

2022-01-15 16:50:37 - [MESSAGE][PASSED] - Attribute 'value' of object '' is: '24'

2022-01-15 16:50:37 - [MESSAGE][PASSED] - Text of object '' is: '$2.59'

2022-01-15 16:50:37 - [MESSAGE][PASSED] - Text of object '' is: '$62.16'

2022-01-15 16:50:37 - [TEST_STEP][PASSED] - QuickOrderHelpers.navigationAndVerifyingShoppingCart(): Text of object 'Object Repository/Shopping Cart/h1_shopCartHeader' is: 'SHOPPING CART CONTINUE SHOPPING'

2022-01-15 16:50:38 - [MESSAGE][PASSED] - Object: 'Object Repository/Quick Order/button_addToCart' is hovered

2022-01-15 16:50:39 - [MESSAGE][PASSED] - Object: 'Object Repository/Quick Order/button_addToCart' is clicked on

2022-01-15 16:50:45 - [MESSAGE][PASSED] - Object 'Object Repository/Shopping Cart/h1_shopCartHeader' is present

2022-01-15 16:50:45 - [MESSAGE][PASSED] - Current window's title is: 'Shopping Cart - Cleaner's Supply'

2022-01-15 16:50:45 - [MESSAGE][PASSED] - Current window's url is: 'https://www.cleanersupply.com/shopping-cart/'

2022-01-15 16:50:45 - [MESSAGE][PASSED] - Text of object 'Object Repository/Shopping Cart/h1_shopCartHeader' is: 'SHOPPING CART CONTINUE SHOPPING'

2022-01-15 16:50:45 - [TEST_STEP][PASSED] - QuickOrderValidations.verifyCartCounter("5"): Text of object 'Object Repository/Quick Order/span_cartCounter' is: '5'

2022-01-15 16:50:46 - [MESSAGE][PASSED] - Text of object 'Object Repository/Quick Order/span_cartCounter' is: '5'

2022-01-15 16:50:46 - [TEST_STEP][PASSED] - QuickOrderHelpers.verifyCartTotalAndRowsNo(5): Text of object 'Object Repository/Quick Order/span_cartLabel' is: '$1,334.21'

2022-01-15 16:50:46 - [MESSAGE][PASSED] - Text of object 'Object Repository/Quick Order/span_cartLabel' is: '$1,334.21'

2022-01-15 16:50:47 - [TEST_STEP][PASSED] - MiniCartActions.hoverOnMiniCartLink(): Object: 'Object Repository/Mini Cart/a_miniCartLink' is hovered

2022-01-15 16:50:47 - [MESSAGE][PASSED] - Object: 'Object Repository/Mini Cart/a_miniCartLink' is hovered

2022-01-15 16:50:47 - [TEST_STEP][PASSED] - MiniCartValidations.verifyHoverStyleOnMiniCartLink(): Get CSS 'color' value on 'Object Repository/Mini Cart/a_miniCartLink' successfully: 'rgba(82, 36, 127, 1)'.

2022-01-15 16:50:48 - [MESSAGE][PASSED] - Get CSS 'background-color' value on 'Object Repository/Mini Cart/a_miniCartLink' successfully: 'rgba(255, 255, 255, 1)'.

2022-01-15 16:50:48 - [MESSAGE][PASSED] - Get CSS 'color' value on 'Object Repository/Mini Cart/a_miniCartLink' successfully: 'rgba(82, 36, 127, 1)'.

2022-01-15 16:50:48 - [TEST_STEP][PASSED] - MiniCartValidations.verifyMiniCartTotals(): Text of object 'Object Repository/Mini Cart/span_miniCartSubTotal' is: '$1,334.21'

2022-01-15 16:50:50 - [MESSAGE][PASSED] - Text of object 'Object Repository/Mini Cart/span_miniCartSubTotal' is: '$1,334.21'

2022-01-15 16:50:50 - [TEST_STEP][PASSED] - MiniCartValidations.miniCartItemCount(): Text of object 'Object Repository/Mini Cart/span_cartCounterPadge' is: '5'

2022-01-15 16:50:51 - [MESSAGE][PASSED] - Text of object 'Object Repository/Mini Cart/span_cartCounterPadge' is: '5'

2022-01-15 16:50:51 - [TEST_STEP][PASSED] - ShoppingCartValidations.verifyShoppingCartItemEqualMiniCartBadge(): Text of object 'Object Repository/Mini Cart/span_cartCounterPadge' is: '5'

2022-01-15 16:50:51 - [MESSAGE][PASSED] - Text of object 'Object Repository/Mini Cart/span_cartCounterPadge' is: '5'

2022-01-15 16:50:51 - [TEST_STEP][PASSED] - ShoppingCartValidations.verifyShoppingCartItemEqualToSummaryItem(): Text of object 'Object Repository/Shopping Cart/td_summaryTableItemCount' is: 'SUBTOTAL (5 ITEMS)'

2022-01-15 16:50:52 - [MESSAGE][PASSED] - Text of object 'Object Repository/Shopping Cart/td_summaryTableItemCount' is: 'SUBTOTAL (5 ITEMS)'

2022-01-15 16:50:52 - [TEST_STEP][PASSED] - ShoppingCartValidations.verifyTotalPriceForProductTable(): null

2022-01-15 16:50:54 - [TEST_STEP][PASSED] - ShoppingCartValidations.verifyTotalPriceInSummaryTable(): Text of object 'Object Repository/Shopping Cart/td_summaryTotalSubTotal' is: '$1,334.21'

2022-01-15 16:50:54 - [MESSAGE][PASSED] - Text of object 'Object Repository/Shopping Cart/td_summaryTableTotal' is: '$1,334.21'

2022-01-15 16:50:55 - [MESSAGE][PASSED] - Text of object 'Object Repository/Shopping Cart/td_summaryTotalSubTotal' is: '$1,334.21'

2022-01-15 16:50:55 - [TEST_STEP][PASSED] - QuickOrderHelpers.verifyShoppingCartProductsSameWithStoredProducts(): Attribute 'src' of object '' is: 'https://www.cleanersupply.com/4ad6b3/globalassets/catalogs/prt3/prt381_p/prt381_paren/prt381_parent/prt381-1-main-prt381_parent.jpg?width=120&height=120&quality=85'

2022-01-15 16:50:57 - [MESSAGE][PASSED] - Attribute 'value' of object '' is: '24'

2022-01-15 16:50:57 - [MESSAGE][PASSED] - Text of object '' is: '$2.59'

2022-01-15 16:50:57 - [MESSAGE][PASSED] - Text of object '' is: '$62.16'

2022-01-15 16:50:57 - [MESSAGE][PASSED] - Text of object '' is: 'CLOSED BRASS/QUILTER SAFETY PINS - #3 - 2" - 20/BOX'

2022-01-15 16:50:57 - [MESSAGE][PASSED] - Text of object '' is: 'In Stock!'

2022-01-15 16:50:57 - [MESSAGE][PASSED] - Attribute 'src' of object '' is: 'https://www.cleanersupply.com/4adae3/globalassets/catalogs/sp40/sp4005_p/sp4005_paren/sp4005_parent/sp4005-1-main-sp4005_parent.jpg?width=120&height=120&quality=85'

2022-01-15 16:50:57 - [MESSAGE][PASSED] - Attribute 'value' of object '' is: '30'

2022-01-15 16:50:57 - [MESSAGE][PASSED] - Text of object '' is: '$5.99'

2022-01-15 16:50:57 - [MESSAGE][PASSED] - Text of object '' is: '$179.70'

2022-01-15 16:50:57 - [MESSAGE][PASSED] - Text of object '' is: 'ZIP NET BAG - 15" X 19" OPEN MESH'

2022-01-15 16:50:57 - [MESSAGE][PASSED] - Text of object '' is: 'In Stock!'

2022-01-15 16:50:57 - [MESSAGE][PASSED] - Attribute 'src' of object '' is: 'https://www.cleanersupply.com/4ae088/globalassets/catalogs/zb40/zb400_pa/zb400_parent/zb400-1-main-zb400_parent.jpg?width=120&height=120&quality=85'

2022-01-15 16:50:57 - [MESSAGE][PASSED] - Attribute 'value' of object '' is: '31'

2022-01-15 16:50:57 - [MESSAGE][PASSED] - Text of object '' is: '$24.35'

2022-01-15 16:50:57 - [MESSAGE][PASSED] - Text of object '' is: '$754.85'

2022-01-15 16:50:57 - [MESSAGE][PASSED] - Text of object '' is: 'SUPERFAST MUSHROOM PRESS PAD FOR AJAX, CISSELL, FORENTA/FORSE, HOFFMAN/NEW YORKER & UNIPRESS'

2022-01-15 16:50:57 - [MESSAGE][PASSED] - Text of object '' is: 'In Stock!'

2022-01-15 16:50:57 - [MESSAGE][PASSED] - Attribute 'src' of object '' is: 'https://www.cleanersupply.com/4ae26e/globalassets/catalogs/pp30/pp30_par/pp30_parent/pp30-1-main-pp30_parent.jpg?width=120&height=120&quality=85'

2022-01-15 16:50:57 - [MESSAGE][PASSED] - Attribute 'value' of object '' is: '2'

2022-01-15 16:50:57 - [MESSAGE][PASSED] - Text of object '' is: '$28.50'

2022-01-15 16:50:57 - [MESSAGE][PASSED] - Text of object '' is: '$57.00'

2022-01-15 16:50:57 - [MESSAGE][PASSED] - Text of object '' is: 'GUTERMANN 700-COLOR THREAD CHART'

2022-01-15 16:50:57 - [MESSAGE][PASSED] - Text of object '' is: 'In Stock!'

2022-01-15 16:50:57 - [MESSAGE][PASSED] - Attribute 'src' of object '' is: 'https://www.cleanersupply.com/4ae3b9/globalassets/catalogs/gtdc/gtdca700/gtdca700c_pa/gtdca700c_parent/gtdca700c-1-main-gtdca700c_parent.jpg?width=120&height=120&quality=85'

2022-01-15 16:50:57 - [MESSAGE][PASSED] - Attribute 'value' of object '' is: '30'

2022-01-15 16:50:57 - [MESSAGE][PASSED] - Text of object '' is: '$9.35'

2022-01-15 16:50:57 - [MESSAGE][PASSED] - Text of object '' is: '$280.50'

2022-01-15 16:50:57 - [MESSAGE][PASSED] - Text of object '' is: 'GREEN BUTTON FOR AJAX #DCH18, DCH446, DCH45, DCH446 & HOU45'

2022-01-15 16:50:57 - [MESSAGE][PASSED] - Text of object '' is: 'In Stock!'

2022-01-15 16:50:57 - [MESSAGE][PASSED] - Attribute 'src' of object '' is: 'https://www.cleanersupply.com/4ad6b3/globalassets/catalogs/prt3/prt381_p/prt381_paren/prt381_parent/prt381-1-main-prt381_parent.jpg?width=120&height=120&quality=85'

2022-01-15 16:50:57 - [TEST_STEP][PASSED] - ShoppingCartHelpers.navigateToCheckoutPage(): Object: 'Object Repository/Shopping Cart/button_proceedToCheckout' is clicked on

2022-01-15 16:50:58 - [MESSAGE][PASSED] - Object: 'Object Repository/Shopping Cart/a_shoppingCartProductTitle' is hovered

2022-01-15 16:50:58 - [MESSAGE][PASSED] - Get CSS 'background-color' value on 'Object Repository/Shopping Cart/button_proceedToCheckout' successfully: 'rgba(82, 36, 127, 1)'.

2022-01-15 16:50:59 - [MESSAGE][PASSED] - Get CSS 'color' value on 'Object Repository/Shopping Cart/button_proceedToCheckout' successfully: 'rgba(255, 255, 255, 1)'.

2022-01-15 16:50:59 - [MESSAGE][PASSED] - Object: 'Object Repository/Shopping Cart/button_proceedToCheckout' is hovered

2022-01-15 16:50:59 - [MESSAGE][PASSED] - Get CSS 'box-shadow' value on 'Object Repository/Shopping Cart/button_proceedToCheckout' successfully: 'rgba(0, 0, 0, 0.3) 0px 0px 10px 2px'.

2022-01-15 16:51:02 - [MESSAGE][PASSED] - Object: 'Object Repository/Shopping Cart/button_proceedToCheckout' is clicked on

2022-01-15 16:51:02 - [TEST_STEP][PASSED] - CheckoutPageValidation.verifyNaigationTOCheckOut(): Text of object 'Object Repository/CheckOut/div_checkoutHeader' is: 'SECURE CHECKOUT'

2022-01-15 16:51:02 - [MESSAGE][PASSED] - Current window's title is: 'Checkout Interstitial - Cleaner's Supply'

2022-01-15 16:51:02 - [MESSAGE][PASSED] - Current window's url is: 'https://www.cleanersupply.com/checkout-interstitial/'

2022-01-15 16:51:03 - [MESSAGE][PASSED] - Text of object 'Object Repository/CheckOut/div_checkoutHeader' is: 'SECURE CHECKOUT'

2022-01-15 16:51:03 - [TEST_STEP][PASSED] - CheckoutPageHelpers.initCheckoutPage(): Unable to find the element located by 'By.xpath: '. Please recheck the objects properties to make sure the desired element is located. 

2022-01-15 16:51:04 - [MESSAGE][PASSED] - Text of object 'Object Repository/CheckOut/span_checkoutTitleTotal' is: '$1,334.21'

2022-01-15 16:51:04 - [MESSAGE][PASSED] - Text of object 'Object Repository/CheckOut/td_summaryTableTotal' is: '$1,334.21'

2022-01-15 16:51:04 - [MESSAGE][PASSED] - Text of object 'Object Repository/CheckOut/td_summaryTotalSubTotal' is: '$1,334.21'

2022-01-15 16:51:05 - [MESSAGE][PASSED] - Text of object 'Object Repository/CheckOut/label_checkoutAsGuest' is: 'Checkout as Guest'

2022-01-15 16:51:05 - [MESSAGE][PASSED] - Object 'Object Repository/CheckOut/input_checkoutAsGuestRadioButton' is checked

2022-01-15 16:51:08 - [MESSAGE][INFO] - Unable to find the element located by 'By.cssSelector: table.product-table tbody tr td.product-table__price'. Please recheck the objects properties to make sure the desired element is located. 

2022-01-15 16:51:08 - [MESSAGE][WARNING] - [SELF-HEALING] Failed to find element with id 'Object Repository/Shopping Cart/td_shoppingCartProductPrice'. Try using Self-healing.

2022-01-15 16:51:08 - [MESSAGE][WARNING] - [SELF-HEALING] Cannot find elements when the XPath is null.

2022-01-15 16:51:09 - [MESSAGE][INFO] - Unable to find the element located by 'By.xpath: '. Please recheck the objects properties to make sure the desired element is located. 

2022-01-15 16:51:11 - [MESSAGE][INFO] - Unable to find the element located by 'By.cssSelector: table.product-table tbody tr td.product-table__quantity input[name="quantity"]'. Please recheck the objects properties to make sure the desired element is located. 

2022-01-15 16:51:11 - [MESSAGE][WARNING] - [SELF-HEALING] Failed to find element with id 'Object Repository/Shopping Cart/input_shoppingCartProductQuantity'. Try using Self-healing.

2022-01-15 16:51:11 - [MESSAGE][WARNING] - [SELF-HEALING] Cannot find elements when the XPath is null.

2022-01-15 16:51:12 - [MESSAGE][INFO] - Unable to find the element located by 'By.xpath: '. Please recheck the objects properties to make sure the desired element is located. 

2022-01-15 16:51:14 - [MESSAGE][INFO] - Unable to find the element located by 'By.cssSelector: table.product-table tbody tr td.product-table__total'. Please recheck the objects properties to make sure the desired element is located. 

2022-01-15 16:51:14 - [MESSAGE][WARNING] - [SELF-HEALING] Failed to find element with id 'Object Repository/Shopping Cart/td_shoppingCartProductTotal'. Try using Self-healing.

2022-01-15 16:51:14 - [MESSAGE][WARNING] - [SELF-HEALING] Cannot find elements when the XPath is null.

2022-01-15 16:51:16 - [MESSAGE][INFO] - Unable to find the element located by 'By.xpath: '. Please recheck the objects properties to make sure the desired element is located. 

2022-01-15 16:51:18 - [TEST_STEP][PASSED] - CheckoutPageHelpers.navigateToCheckoutInformationForm(): Object: 'Object Repository/CheckOut/button_continueButton' is clicked on

2022-01-15 16:51:20 - [MESSAGE][PASSED] - Object: 'Object Repository/CheckOut/button_continueButton' is clicked on

2022-01-15 16:51:20 - [TEST_STEP][PASSED] - checkOutFormHelper.fillCheckOutForm(): Object: 'Object Repository/CheckOutForm/a_reviewOrder' is clicked on

2022-01-15 16:51:20 - [MESSAGE][PASSED] - Current window's title is: 'Checkout - Cleaner's Supply'

2022-01-15 16:51:20 - [MESSAGE][PASSED] - Current window's url is: 'https://www.cleanersupply.com/checkout/'

2022-01-15 16:51:22 - [MESSAGE][PASSED] - Text of object 'Object Repository/CheckOutForm/h1_checkOutHeader' is: 'CHECKOUT'

2022-01-15 16:51:22 - [MESSAGE][PASSED] - Object: 'Object Repository/CheckOutForm/input_company' is focused

2022-01-15 16:51:22 - [MESSAGE][PASSED] - Get CSS 'box-shadow' value on 'Object Repository/CheckOutForm/input_company' successfully: 'rgb(99, 99, 99) 0px -3px 0px 0px inset'.

2022-01-15 16:51:23 - [MESSAGE][PASSED] - Get CSS 'border-color' value on 'Object Repository/CheckOutForm/input_company' successfully: 'rgb(99, 99, 99)'.

2022-01-15 16:51:23 - [MESSAGE][PASSED] - Actual object 'rgb(99, 99, 99) 0px -3px 0px 0px inset' and expected object 'rgb(99, 99, 99) 0px -3px 0px 0px inset' are equal

2022-01-15 16:51:23 - [MESSAGE][PASSED] - Actual object 'rgb(99, 99, 99)' and expected object 'rgb(99, 99, 99)' are equal

2022-01-15 16:51:23 - [MESSAGE][PASSED] - Text 'testCompany' is set on object 'Object Repository/CheckOutForm/input_company'

2022-01-15 16:51:24 - [MESSAGE][PASSED] - Object: 'Object Repository/CheckOutForm/input_fname' is focused

2022-01-15 16:51:24 - [MESSAGE][PASSED] - Get CSS 'box-shadow' value on 'Object Repository/CheckOutForm/input_fname' successfully: 'rgb(99, 99, 99) 0px -3px 0px 0px inset'.

2022-01-15 16:51:25 - [MESSAGE][PASSED] - Get CSS 'border-color' value on 'Object Repository/CheckOutForm/input_fname' successfully: 'rgb(99, 99, 99)'.

2022-01-15 16:51:25 - [MESSAGE][PASSED] - Actual object 'rgb(99, 99, 99) 0px -3px 0px 0px inset' and expected object 'rgb(99, 99, 99) 0px -3px 0px 0px inset' are equal

2022-01-15 16:51:25 - [MESSAGE][PASSED] - Actual object 'rgb(99, 99, 99)' and expected object 'rgb(99, 99, 99)' are equal

2022-01-15 16:51:25 - [MESSAGE][PASSED] - Text 'FNameTest' is set on object 'Object Repository/CheckOutForm/input_fname'

2022-01-15 16:51:26 - [MESSAGE][PASSED] - Object: 'Object Repository/CheckOutForm/input_lNAme' is focused

2022-01-15 16:51:26 - [MESSAGE][PASSED] - Get CSS 'box-shadow' value on 'Object Repository/CheckOutForm/input_lNAme' successfully: 'rgb(99, 99, 99) 0px -3px 0px 0px inset'.

2022-01-15 16:51:26 - [MESSAGE][PASSED] - Get CSS 'border-color' value on 'Object Repository/CheckOutForm/input_lNAme' successfully: 'rgb(99, 99, 99)'.

2022-01-15 16:51:26 - [MESSAGE][PASSED] - Actual object 'rgb(99, 99, 99) 0px -3px 0px 0px inset' and expected object 'rgb(99, 99, 99) 0px -3px 0px 0px inset' are equal

2022-01-15 16:51:26 - [MESSAGE][PASSED] - Actual object 'rgb(99, 99, 99)' and expected object 'rgb(99, 99, 99)' are equal

2022-01-15 16:51:27 - [MESSAGE][PASSED] - Text 'lnameValueTest' is set on object 'Object Repository/CheckOutForm/input_lNAme'

2022-01-15 16:51:28 - [MESSAGE][PASSED] - Object: 'Object Repository/CheckOutForm/input_address' is focused

2022-01-15 16:51:28 - [MESSAGE][PASSED] - Get CSS 'box-shadow' value on 'Object Repository/CheckOutForm/input_address' successfully: 'rgb(99, 99, 99) 0px -3px 0px 0px inset'.

2022-01-15 16:51:29 - [MESSAGE][PASSED] - Get CSS 'border-color' value on 'Object Repository/CheckOutForm/input_address' successfully: 'rgb(99, 99, 99)'.

2022-01-15 16:51:29 - [MESSAGE][PASSED] - Actual object 'rgb(99, 99, 99) 0px -3px 0px 0px inset' and expected object 'rgb(99, 99, 99) 0px -3px 0px 0px inset' are equal

2022-01-15 16:51:29 - [MESSAGE][PASSED] - Actual object 'rgb(99, 99, 99)' and expected object 'rgb(99, 99, 99)' are equal

2022-01-15 16:51:29 - [MESSAGE][PASSED] - Text 'addres1Test' is set on object 'Object Repository/CheckOutForm/input_address'

2022-01-15 16:51:30 - [MESSAGE][PASSED] - Object: 'Object Repository/CheckOutForm/input_address2' is focused

2022-01-15 16:51:30 - [MESSAGE][PASSED] - Get CSS 'box-shadow' value on 'Object Repository/CheckOutForm/input_address2' successfully: 'rgb(99, 99, 99) 0px -3px 0px 0px inset'.

2022-01-15 16:51:30 - [MESSAGE][PASSED] - Get CSS 'border-color' value on 'Object Repository/CheckOutForm/input_address2' successfully: 'rgb(99, 99, 99)'.

2022-01-15 16:51:30 - [MESSAGE][PASSED] - Actual object 'rgb(99, 99, 99) 0px -3px 0px 0px inset' and expected object 'rgb(99, 99, 99) 0px -3px 0px 0px inset' are equal

2022-01-15 16:51:30 - [MESSAGE][PASSED] - Actual object 'rgb(99, 99, 99)' and expected object 'rgb(99, 99, 99)' are equal

2022-01-15 16:51:32 - [MESSAGE][PASSED] - Text 'address2 test' is set on object 'Object Repository/CheckOutForm/input_address2'

2022-01-15 16:51:32 - [MESSAGE][PASSED] - Object: 'Object Repository/CheckOutForm/input_zipCode' is focused

2022-01-15 16:51:32 - [MESSAGE][PASSED] - Get CSS 'box-shadow' value on 'Object Repository/CheckOutForm/input_zipCode' successfully: 'rgb(99, 99, 99) 0px -3px 0px 0px inset'.

2022-01-15 16:51:33 - [MESSAGE][PASSED] - Get CSS 'border-color' value on 'Object Repository/CheckOutForm/input_zipCode' successfully: 'rgb(99, 99, 99)'.

2022-01-15 16:51:33 - [MESSAGE][PASSED] - Actual object 'rgb(99, 99, 99) 0px -3px 0px 0px inset' and expected object 'rgb(99, 99, 99) 0px -3px 0px 0px inset' are equal

2022-01-15 16:51:33 - [MESSAGE][PASSED] - Actual object 'rgb(99, 99, 99)' and expected object 'rgb(99, 99, 99)' are equal

2022-01-15 16:51:33 - [MESSAGE][PASSED] - Text '55555' is set on object 'Object Repository/CheckOutForm/input_zipCode'

2022-01-15 16:51:34 - [MESSAGE][PASSED] - Object: 'Object Repository/CheckOutForm/input_city' is focused

2022-01-15 16:51:34 - [MESSAGE][PASSED] - Get CSS 'box-shadow' value on 'Object Repository/CheckOutForm/input_city' successfully: 'rgb(99, 99, 99) 0px -3px 0px 0px inset'.

2022-01-15 16:51:35 - [MESSAGE][PASSED] - Get CSS 'border-color' value on 'Object Repository/CheckOutForm/input_city' successfully: 'rgb(99, 99, 99)'.

2022-01-15 16:51:35 - [MESSAGE][PASSED] - Actual object 'rgb(99, 99, 99) 0px -3px 0px 0px inset' and expected object 'rgb(99, 99, 99) 0px -3px 0px 0px inset' are equal

2022-01-15 16:51:35 - [MESSAGE][PASSED] - Actual object 'rgb(99, 99, 99)' and expected object 'rgb(99, 99, 99)' are equal

2022-01-15 16:51:35 - [MESSAGE][PASSED] - Text 'Palestine' is set on object 'Object Repository/CheckOutForm/input_city'

2022-01-15 16:51:36 - [MESSAGE][PASSED] - Object: 'Object Repository/CheckOutForm/input_phoneNum' is focused

2022-01-15 16:51:36 - [MESSAGE][PASSED] - Get CSS 'box-shadow' value on 'Object Repository/CheckOutForm/input_phoneNum' successfully: 'rgb(99, 99, 99) 0px -3px 0px 0px inset'.

2022-01-15 16:51:37 - [MESSAGE][PASSED] - Get CSS 'border-color' value on 'Object Repository/CheckOutForm/input_phoneNum' successfully: 'rgb(99, 99, 99)'.

2022-01-15 16:51:37 - [MESSAGE][PASSED] - Actual object 'rgb(99, 99, 99) 0px -3px 0px 0px inset' and expected object 'rgb(99, 99, 99) 0px -3px 0px 0px inset' are equal

2022-01-15 16:51:37 - [MESSAGE][PASSED] - Actual object 'rgb(99, 99, 99)' and expected object 'rgb(99, 99, 99)' are equal

2022-01-15 16:51:38 - [MESSAGE][PASSED] - Text '541-143-1030' is set on object 'Object Repository/CheckOutForm/input_phoneNum'

2022-01-15 16:51:38 - [MESSAGE][PASSED] - Object: 'Object Repository/CheckOutForm/input_phoneExt' is focused

2022-01-15 16:51:38 - [MESSAGE][PASSED] - Get CSS 'box-shadow' value on 'Object Repository/CheckOutForm/input_phoneExt' successfully: 'rgb(99, 99, 99) 0px -3px 0px 0px inset'.

2022-01-15 16:51:39 - [MESSAGE][PASSED] - Get CSS 'border-color' value on 'Object Repository/CheckOutForm/input_phoneExt' successfully: 'rgb(99, 99, 99)'.

2022-01-15 16:51:39 - [MESSAGE][PASSED] - Actual object 'rgb(99, 99, 99) 0px -3px 0px 0px inset' and expected object 'rgb(99, 99, 99) 0px -3px 0px 0px inset' are equal

2022-01-15 16:51:39 - [MESSAGE][PASSED] - Actual object 'rgb(99, 99, 99)' and expected object 'rgb(99, 99, 99)' are equal

2022-01-15 16:51:39 - [MESSAGE][PASSED] - Text '1' is set on object 'Object Repository/CheckOutForm/input_phoneExt'

2022-01-15 16:51:40 - [MESSAGE][PASSED] - Object: 'Object Repository/CheckOutForm/input_phoneExt' is focused

2022-01-15 16:51:40 - [MESSAGE][PASSED] - Get CSS 'box-shadow' value on 'Object Repository/CheckOutForm/input_phoneExt' successfully: 'rgb(99, 99, 99) 0px -3px 0px 0px inset'.

2022-01-15 16:51:40 - [MESSAGE][PASSED] - Get CSS 'border-color' value on 'Object Repository/CheckOutForm/input_phoneExt' successfully: 'rgb(99, 99, 99)'.

2022-01-15 16:51:40 - [MESSAGE][PASSED] - Actual object 'rgb(99, 99, 99) 0px -3px 0px 0px inset' and expected object 'rgb(99, 99, 99) 0px -3px 0px 0px inset' are equal

2022-01-15 16:51:40 - [MESSAGE][PASSED] - Actual object 'rgb(99, 99, 99)' and expected object 'rgb(99, 99, 99)' are equal

2022-01-15 16:51:42 - [MESSAGE][PASSED] - Text '1' is set on object 'Object Repository/CheckOutForm/input_phoneExt'

2022-01-15 16:51:42 - [MESSAGE][PASSED] - Object: 'Object Repository/CheckOutForm/input_email' is focused

2022-01-15 16:51:43 - [MESSAGE][PASSED] - Get CSS 'box-shadow' value on 'Object Repository/CheckOutForm/input_email' successfully: 'rgb(99, 99, 99) 0px -3px 0px 0px inset'.

2022-01-15 16:51:43 - [MESSAGE][PASSED] - Get CSS 'border-color' value on 'Object Repository/CheckOutForm/input_email' successfully: 'rgb(99, 99, 99)'.

2022-01-15 16:51:43 - [MESSAGE][PASSED] - Actual object 'rgb(99, 99, 99) 0px -3px 0px 0px inset' and expected object 'rgb(99, 99, 99) 0px -3px 0px 0px inset' are equal

2022-01-15 16:51:43 - [MESSAGE][PASSED] - Actual object 'rgb(99, 99, 99)' and expected object 'rgb(99, 99, 99)' are equal

2022-01-15 16:51:44 - [MESSAGE][PASSED] - Text 'test@test.com' is set on object 'Object Repository/CheckOutForm/input_email'

2022-01-15 16:51:44 - [MESSAGE][PASSED] - Object: 'Object Repository/CheckOutForm/button_state' is clicked on

2022-01-15 16:51:45 - [MESSAGE][PASSED] - Object 'Object Repository/CheckOutForm/button_state' has attribute 'aria-expanded' with value 'true'

2022-01-15 16:51:45 - [MESSAGE][PASSED] - Object: 'Object Repository/CheckOutForm/a_state' is clicked on

2022-01-15 16:51:48 - [MESSAGE][PASSED] - Text of object 'Object Repository/CheckOutForm/span_selectedState' is: 'Arizona'

2022-01-15 16:51:48 - [MESSAGE][PASSED] - Object: 'Object Repository/CheckOutForm/input_creditCardName' is focused

2022-01-15 16:51:49 - [MESSAGE][PASSED] - Get CSS 'box-shadow' value on 'Object Repository/CheckOutForm/input_creditCardName' successfully: 'rgb(99, 99, 99) 0px -3px 0px 0px inset'.

2022-01-15 16:51:49 - [MESSAGE][PASSED] - Get CSS 'border-color' value on 'Object Repository/CheckOutForm/input_creditCardName' successfully: 'rgb(99, 99, 99)'.

2022-01-15 16:51:49 - [MESSAGE][PASSED] - Actual object 'rgb(99, 99, 99) 0px -3px 0px 0px inset' and expected object 'rgb(99, 99, 99) 0px -3px 0px 0px inset' are equal

2022-01-15 16:51:49 - [MESSAGE][PASSED] - Actual object 'rgb(99, 99, 99)' and expected object 'rgb(99, 99, 99)' are equal

2022-01-15 16:51:50 - [MESSAGE][PASSED] - Text 'Razan' is set on object 'Object Repository/CheckOutForm/input_creditCardName'

2022-01-15 16:51:50 - [MESSAGE][PASSED] - Object: 'Object Repository/CheckOutForm/input_cardNumber' is focused

2022-01-15 16:51:51 - [MESSAGE][PASSED] - Get CSS 'box-shadow' value on 'Object Repository/CheckOutForm/input_cardNumber' successfully: 'rgb(99, 99, 99) 0px -3px 0px 0px inset'.

2022-01-15 16:51:51 - [MESSAGE][PASSED] - Get CSS 'border-color' value on 'Object Repository/CheckOutForm/input_cardNumber' successfully: 'rgb(99, 99, 99)'.

2022-01-15 16:51:51 - [MESSAGE][PASSED] - Actual object 'rgb(99, 99, 99) 0px -3px 0px 0px inset' and expected object 'rgb(99, 99, 99) 0px -3px 0px 0px inset' are equal

2022-01-15 16:51:51 - [MESSAGE][PASSED] - Actual object 'rgb(99, 99, 99)' and expected object 'rgb(99, 99, 99)' are equal

2022-01-15 16:51:52 - [MESSAGE][PASSED] - Text '379936489179273' is set on object 'Object Repository/CheckOutForm/input_cardNumber'

2022-01-15 16:51:53 - [MESSAGE][PASSED] - Object: 'Object Repository/CheckOutForm/input_cvv' is focused

2022-01-15 16:51:53 - [MESSAGE][PASSED] - Get CSS 'box-shadow' value on 'Object Repository/CheckOutForm/input_cvv' successfully: 'rgb(99, 99, 99) 0px -3px 0px 0px inset'.

2022-01-15 16:51:54 - [MESSAGE][PASSED] - Get CSS 'border-color' value on 'Object Repository/CheckOutForm/input_cvv' successfully: 'rgb(99, 99, 99)'.

2022-01-15 16:51:54 - [MESSAGE][PASSED] - Actual object 'rgb(99, 99, 99) 0px -3px 0px 0px inset' and expected object 'rgb(99, 99, 99) 0px -3px 0px 0px inset' are equal

2022-01-15 16:51:54 - [MESSAGE][PASSED] - Actual object 'rgb(99, 99, 99)' and expected object 'rgb(99, 99, 99)' are equal

2022-01-15 16:51:54 - [MESSAGE][PASSED] - Text '2222' is set on object 'Object Repository/CheckOutForm/input_cvv'

2022-01-15 16:51:55 - [MESSAGE][PASSED] - Object: 'Object Repository/CheckOutForm/button_expirationDate' is clicked on

2022-01-15 16:51:56 - [MESSAGE][PASSED] - Object: 'Object Repository/CheckOutForm/button_expirationYear' is clicked on

2022-01-15 16:51:57 - [MESSAGE][PASSED] - Object: 'Object Repository/CheckOutForm/input_PO' is focused

2022-01-15 16:51:58 - [MESSAGE][PASSED] - Get CSS 'box-shadow' value on 'Object Repository/CheckOutForm/input_PO' successfully: 'rgb(99, 99, 99) 0px -3px 0px 0px inset'.

2022-01-15 16:51:58 - [MESSAGE][PASSED] - Get CSS 'border-color' value on 'Object Repository/CheckOutForm/input_PO' successfully: 'rgb(99, 99, 99)'.

2022-01-15 16:51:58 - [MESSAGE][PASSED] - Actual object 'rgb(99, 99, 99) 0px -3px 0px 0px inset' and expected object 'rgb(99, 99, 99) 0px -3px 0px 0px inset' are equal

2022-01-15 16:51:58 - [MESSAGE][PASSED] - Actual object 'rgb(99, 99, 99)' and expected object 'rgb(99, 99, 99)' are equal

2022-01-15 16:51:59 - [MESSAGE][PASSED] - Text 'test1155' is set on object 'Object Repository/CheckOutForm/input_PO'

2022-01-15 16:52:00 - [MESSAGE][PASSED] - Text 'test comment' is set on object 'Object Repository/CheckOutForm/input_comments'

2022-01-15 16:52:00 - [MESSAGE][PASSED] - Object: 'Object Repository/CheckOutForm/a_reviewOrder' is clicked on

2022-01-15 16:52:00 - [TEST_STEP][PASSED] - CheckoutPageValidation.verifyNavigationToCheckoutDetails(): Text of object 'Object Repository/CheckOut Details/h1_checkoutHeader' is: 'CHECKOUT'

2022-01-15 16:52:00 - [MESSAGE][PASSED] - Current window's title is: 'Checkout - Cleaner's Supply'

2022-01-15 16:52:00 - [MESSAGE][PASSED] - Current window's url is: 'https://www.cleanersupply.com/checkout/'

2022-01-15 16:52:02 - [MESSAGE][PASSED] - Text of object 'Object Repository/CheckOut Details/h1_checkoutHeader' is: 'CHECKOUT'

2022-01-15 16:52:02 - [TEST_STEP][PASSED] - CheckoutPageHelpers.ShippingAddressDiv(): Text of object 'Object Repository/CheckOut Details/h2_shippingAddrDivHeader' is: 'SHIPPING ADDRESS'

2022-01-15 16:52:03 - [MESSAGE][PASSED] - Scroll to object 'Object Repository/CheckOut Details/div_shippingAddr' successfully

2022-01-15 16:52:03 - [MESSAGE][PASSED] - Object 'Object Repository/CheckOut Details/div_shippingAddr' is visible

2022-01-15 16:52:03 - [MESSAGE][PASSED] - Get CSS 'background-color' value on 'Object Repository/CheckOut Details/div_shippingAddr' successfully: 'rgba(241, 242, 242, 1)'.

2022-01-15 16:52:04 - [MESSAGE][PASSED] - Object 'Object Repository/CheckOut Details/h2_shippingAddrDivHeader' is visible

2022-01-15 16:52:04 - [MESSAGE][PASSED] - Text of object 'Object Repository/CheckOut Details/h2_shippingAddrDivHeader' is: 'SHIPPING ADDRESS'

2022-01-15 16:52:04 - [TEST_STEP][PASSED] - CheckoutPageHelpers.ShippingDetailsInCeckout(): Text of object 'Object Repository/CheckOut Details/span_shippingAddressDetails' is: 'testCompany
FNameTest lnameValueTest
addres1Test
address2 test
Palestine, AZ 55555
541-143-1030 x1
United States'

2022-01-15 16:52:05 - [MESSAGE][PASSED] - Text of object 'Object Repository/CheckOut Details/span_shippingAddressDetails' is: 'testCompany
FNameTest lnameValueTest
addres1Test
address2 test
Palestine, AZ 55555
541-143-1030 x1
United States'

2022-01-15 16:52:05 - [TEST_STEP][PASSED] - CheckoutPageHelpers.standardShippingAddress(): Object: 'Object Repository/CheckOut Details/a_shippingOptionLink' is clicked on

2022-01-15 16:52:05 - [MESSAGE][PASSED] - Object 'Object Repository/CheckOut Details/dic_standardShiping' is visible

2022-01-15 16:52:05 - [MESSAGE][PASSED] - Get CSS 'background-color' value on 'Object Repository/CheckOut Details/dic_standardShiping' successfully: 'rgba(241, 242, 242, 1)'.

2022-01-15 16:52:06 - [MESSAGE][PASSED] - Attribute 'class' of object 'Object Repository/CheckOut Details/a_shippingOptionLink' is: 'pull-right collapsed'

2022-01-15 16:52:06 - [MESSAGE][PASSED] - Object: 'Object Repository/CheckOut Details/a_shippingOptionLink' is clicked on

2022-01-15 16:52:07 - [MESSAGE][PASSED] - Attribute 'class' of object 'Object Repository/CheckOut Details/a_shippingOptionLink' is: 'pull-right'

2022-01-15 16:52:07 - [MESSAGE][PASSED] - Get CSS 'border-color' value on 'Object Repository/CheckOut Details/span_standard_Delivery' successfully: 'rgb(82, 36, 127)'.

2022-01-15 16:52:07 - [MESSAGE][PASSED] - Object: 'Object Repository/CheckOut Details/a_shippingOptionLink' is clicked on

2022-01-15 16:52:07 - [TEST_STEP][PASSED] - CheckoutPageHelpers.paymentMethodDiv(): Text of object 'Object Repository/CheckOut Details/h2_paymentMethodHeader' is: 'PAYMENT METHOD'

2022-01-15 16:52:08 - [MESSAGE][PASSED] - Object 'Object Repository/CheckOut Details/h2_paymentMethodHeader' is visible

2022-01-15 16:52:08 - [MESSAGE][PASSED] - Text of object 'Object Repository/CheckOut Details/h2_paymentMethodHeader' is: 'PAYMENT METHOD'

2022-01-15 16:52:08 - [TEST_STEP][PASSED] - CheckoutPageHelpers.verifyPaymentMethodDetails(): Attribute 'value' of object 'Object Repository/CheckOut Details/input_paymentMethodComment' is: 'test comment'

2022-01-15 16:52:09 - [MESSAGE][PASSED] - Text of object 'Object Repository/CheckOut Details/span_paymentMethodDetails' is: 'AmericanExpress **** 9273
Razan
Expires: 6/28'

2022-01-15 16:52:09 - [MESSAGE][PASSED] - Object 'Object Repository/CheckOut Details/div_PoNoDiv' is visible

2022-01-15 16:52:09 - [MESSAGE][PASSED] - Attribute 'value' of object 'Object Repository/CheckOut Details/input_paymentMethodPo' is: 'test1155'

2022-01-15 16:52:10 - [MESSAGE][PASSED] - Attribute 'value' of object 'Object Repository/CheckOut Details/input_paymentMethodComment' is: 'test comment'

2022-01-15 16:52:20 - [TEST_STEP][PASSED] - Video: Video recording for test case 'Test Cases/Checkout Scenario/Quick Order' .

2022-01-15 16:52:20 - [MESSAGE][INFO] - Video recording for test case 'Test Cases/Checkout Scenario/Quick Order' .]]></system-out>
         <system-err><![CDATA[]]></system-err>
      </testcase>
      <testcase name="Test Cases/Checkout Scenario/Category" time="99.15" classname="Test Cases/Checkout Scenario/Category" status="PASSED">
         <system-out><![CDATA[2022-01-15 16:52:20 - [TEST_CASE][PASSED] - Test Cases/Checkout Scenario/Category: Test Cases/Checkout Scenario/Category

2022-01-15 16:52:21 - [TEST_STEP][PASSED] - GeneralHelpers.initScenario(): Current window's url is: 'https://www.cleanersupply.com/'

2022-01-15 16:52:21 - [MESSAGE][WARNING] - A browser is already opened. Closing browser and opening a new one

2022-01-15 16:52:21 - [MESSAGE][INFO] - Starting 'Chrome' driver

2022-01-15 16:52:21 - [MESSAGE][INFO] - Action delay is set to 0 milliseconds

2022-01-15 16:52:23 - [MESSAGE][PASSED] - Browser is opened with url: ''

2022-01-15 16:52:23 - [MESSAGE][PASSED] - Current window maximized

2022-01-15 16:52:33 - [MESSAGE][PASSED] - Navigate to 'https://www.cleanersupply.com/' successfully

2022-01-15 16:52:33 - [MESSAGE][PASSED] - Wait for page load successfully

2022-01-15 16:52:33 - [MESSAGE][PASSED] - Current window's title is: 'Cleaner's Supply - Dry Cleaning Supplies'

2022-01-15 16:52:33 - [MESSAGE][PASSED] - Current window's title is: 'Cleaner's Supply - Dry Cleaning Supplies'

2022-01-15 16:52:33 - [MESSAGE][PASSED] - Current window's url is: 'https://www.cleanersupply.com/'

2022-01-15 16:52:33 - [TEST_STEP][PASSED] - computerRegister = "Object Repository/Category/a_ComputerRegister": null

2022-01-15 16:52:33 - [TEST_STEP][PASSED] - CategoryScActions.hovertags(): Object: 'Object Repository/Category/a_tags' is hovered

2022-01-15 16:52:35 - [MESSAGE][PASSED] - Object: 'Object Repository/Category/a_tags' is hovered

2022-01-15 16:52:35 - [TEST_STEP][PASSED] - CategorySCHelpers.navigateComputerRegister(): Current window's url is: 'https://www.cleanersupply.com/Tags-Forms/Computer-Register/'

2022-01-15 16:52:35 - [MESSAGE][PASSED] - Object: 'Object Repository/Category/a_ComputerRegister' is hovered

2022-01-15 16:52:40 - [MESSAGE][PASSED] - Object: 'Object Repository/Category/a_ComputerRegister' is clicked on

2022-01-15 16:52:40 - [MESSAGE][PASSED] - Current window's url is: 'https://www.cleanersupply.com/Tags-Forms/Computer-Register/'

2022-01-15 16:52:40 - [TEST_STEP][PASSED] - CategoryValidations.validatespanText(computerRegisterspan): Text of object 'Object Repository/Category/span_omputerRegister' is: 'COMPUTER & REGISTER TAGS & FORMS'

2022-01-15 16:52:41 - [MESSAGE][PASSED] - Text of object 'Object Repository/Category/span_omputerRegister' is: 'COMPUTER & REGISTER TAGS & FORMS'

2022-01-15 16:52:41 - [TEST_STEP][PASSED] - CategoryScActions.getDefaultProjectCategoryFilter(expectedProductNum): Text of object 'Object Repository/Category/h2_productNum' is: '74 PRODUCTS'

2022-01-15 16:52:44 - [MESSAGE][PASSED] - Text of object 'Object Repository/Category/h2_productNum' is: '74 PRODUCTS'

2022-01-15 16:52:44 - [TEST_STEP][PASSED] - CategoryScActions.getDefaultValueOfSortBy(sortByDefault): Text of object 'Object Repository/Category/h2_productNum' is: '74 PRODUCTS'

2022-01-15 16:52:44 - [MESSAGE][PASSED] - Text of object 'Object Repository/Category/h2_productNum' is: '74 PRODUCTS'

2022-01-15 16:52:44 - [TEST_STEP][PASSED] - CategoryScActions.getDefaultManufacturar(manufacturarDefault): Text of object 'Object Repository/Category/span_manuDefault' is: 'Manufacturer'

2022-01-15 16:52:45 - [MESSAGE][PASSED] - Text of object 'Object Repository/Category/span_manuDefault' is: 'Manufacturer'

2022-01-15 16:52:45 - [TEST_STEP][PASSED] - CategoryScActions.getDefaultModal(defaultmodal): Text of object 'Object Repository/Category/span_defaultFilterModal' is: 'Model #'

2022-01-15 16:52:45 - [MESSAGE][PASSED] - Text of object 'Object Repository/Category/span_defaultFilterModal' is: 'Model #'

2022-01-15 16:52:45 - [TEST_STEP][PASSED] - CategoryScActions.clickOnManuWithassertOPened(menuExpandValue): Attribute 'aria-expanded' of object 'Object Repository/Category/span_manuDefault' is: 'null'

2022-01-15 16:52:46 - [MESSAGE][PASSED] - Object: 'Object Repository/Category/span_manuDefault' is clicked on

2022-01-15 16:52:47 - [MESSAGE][PASSED] - Attribute 'aria-expanded' of object 'Object Repository/Category/span_manuDefault' is: 'null'

2022-01-15 16:52:47 - [TEST_STEP][PASSED] - CategorySCHelpers.selectCasioManufacturar(): Text of object 'Object Repository/Category/h2_productNum' is: '2 PRODUCTS'

2022-01-15 16:52:47 - [MESSAGE][PASSED] - Object: 'Object Repository/Category/a_casio' is clicked on

2022-01-15 16:52:48 - [MESSAGE][PASSED] - Attribute 'title' of object 'Object Repository/Category/button_afterSelectCasio' is: 'Casio'

2022-01-15 16:52:49 - [MESSAGE][PASSED] - Text of object 'Object Repository/Category/a_casioSelectedFilter' is: 'Casio'

2022-01-15 16:52:49 - [MESSAGE][PASSED] - Text of object 'Object Repository/Category/h2_productNum' is: '2 PRODUCTS'

2022-01-15 16:52:49 - [TEST_STEP][PASSED] - CategorySCHelpers.selectModalsp1000(): Text of object 'Object Repository/Category/h2_productNum' is: '1 PRODUCT'

2022-01-15 16:52:49 - [MESSAGE][PASSED] - Object 'Object Repository/Category/div_collabse1' has attribute 'aria-expanded' with value 'true'

2022-01-15 16:52:50 - [MESSAGE][PASSED] - Object: 'Object Repository/Category/button_modalNum' is clicked on

2022-01-15 16:52:50 - [MESSAGE][PASSED] - Object: 'Object Repository/Category/a_sp001' is clicked on

2022-01-15 16:52:52 - [MESSAGE][PASSED] - Attribute 'title' of object 'Object Repository/Category/a_sp001' is: ''

2022-01-15 16:52:52 - [MESSAGE][PASSED] - Text of object 'Object Repository/Category/A_SP001selectedFilter' is: 'SP1000'

2022-01-15 16:52:53 - [MESSAGE][PASSED] - Text of object 'Object Repository/Category/h2_productNum' is: '1 PRODUCT'

2022-01-15 16:52:53 - [TEST_STEP][PASSED] - CategorySCHelpers.EnterCasioSP1000Product(): Object: 'Object Repository/Category/sp001Casiprodoct/a_product' is clicked on

2022-01-15 16:52:53 - [MESSAGE][PASSED] - Text of object 'Object Repository/Category/sp001Casiprodoct/h2_sp1000CasioTitle' is: 'EPSON PRINTER INDELIBOND INK RIBBONS #TM290, ERC27 - 6/BOX'

2022-01-15 16:52:53 - [MESSAGE][PASSED] - Actual object 'EPSON PRINTER INDELIBOND INK RIBBONS #TM290, ERC27 - 6/BOX' and expected object 'EPSON PRINTER INDELIBOND INK RIBBONS #TM290, ERC27 - 6/BOX' are equal

2022-01-15 16:52:54 - [MESSAGE][PASSED] - Text of object 'Object Repository/Category/sp001Casiprodoct/span_SP1000CasioProductMinPrice' is: '$15.54'

2022-01-15 16:52:54 - [MESSAGE][PASSED] - Actual object '$15.54' and expected object '$15.54' are equal

2022-01-15 16:52:54 - [MESSAGE][PASSED] - Text of object 'Object Repository/Category/sp001Casiprodoct/span_sp1000CasioProductMaxPrice' is: '$20.94'

2022-01-15 16:52:54 - [MESSAGE][PASSED] - Actual object '$20.94' and expected object '$20.94' are equal

2022-01-15 16:53:00 - [MESSAGE][PASSED] - Object: 'Object Repository/Category/sp001Casiprodoct/a_product' is clicked on

2022-01-15 16:53:00 - [TEST_STEP][PASSED] - CategorySCHelpers.ValidateCasioSP1000ProductDetails(): Actual object 'EPSON PRINTER INDELIBOND INK RIBBONS #TM290, ERC27 - 6/BOX' and expected object 'EPSON PRINTER INDELIBOND INK RIBBONS #TM290, ERC27 - 6/BOX' are equal

2022-01-15 16:53:01 - [MESSAGE][PASSED] - Text of object 'Object Repository/Category/sp1000CasioProductDetails/h1_sp1000CasioProduct' is: 'EPSON PRINTER INDELIBOND INK RIBBONS #TM290, ERC27 - 6/BOX'

2022-01-15 16:53:01 - [MESSAGE][PASSED] - Actual object 'EPSON PRINTER INDELIBOND INK RIBBONS #TM290, ERC27 - 6/BOX' and expected object 'EPSON PRINTER INDELIBOND INK RIBBONS #TM290, ERC27 - 6/BOX' are equal

2022-01-15 16:53:01 - [TEST_STEP][PASSED] - CategorySCHelpers.enterTenItemsFromProduct(): Current window's title is: 'Epson Printer Indelibond Ink Ribbons #TM290, ERC27 - 6/Box - Cleaner's Supply'

2022-01-15 16:53:02 - [MESSAGE][PASSED] - Text of object 'Object Repository/Category/span_badge' is: '0'

2022-01-15 16:53:02 - [MESSAGE][PASSED] - Actual object '0' and expected object '0' are equal

2022-01-15 16:53:02 - [MESSAGE][PASSED] - Text of object 'Object Repository/Category/sp1000CasioProductDetails/input_quantity' is cleared

2022-01-15 16:53:03 - [MESSAGE][PASSED] - Keys 'BACK_SPACE + ' sent to object: 'Object Repository/Category/sp1000CasioProductDetails/input_quantity'

2022-01-15 16:53:03 - [MESSAGE][PASSED] - Text '10' is set on object 'Object Repository/Category/sp1000CasioProductDetails/input_quantity'

2022-01-15 16:53:04 - [MESSAGE][PASSED] - Object: 'Object Repository/Category/sp1000CasioProductDetails/h1_sp1000CasioProduct' is clicked on

2022-01-15 16:53:05 - [MESSAGE][PASSED] - Object: 'Object Repository/Category/sp1000CasioProductDetails/button_addToCart' is clicked on

2022-01-15 16:53:06 - [MESSAGE][PASSED] - Text of object 'Object Repository/Category/span_badge' is: '1'

2022-01-15 16:53:06 - [MESSAGE][PASSED] - Actual object '1' and expected object '1' are equal

2022-01-15 16:53:06 - [MESSAGE][PASSED] - Current window's title is: 'Epson Printer Indelibond Ink Ribbons #TM290, ERC27 - 6/Box - Cleaner's Supply'

2022-01-15 16:53:06 - [TEST_STEP][PASSED] - CategorySCHelpers.checkMeniCartBadge(): Actual object '155.4' and expected object '155.4' are equal

2022-01-15 16:53:06 - [MESSAGE][PASSED] - Text of object 'Object Repository/Category/labelCart' is: '$155.40'

2022-01-15 16:53:06 - [MESSAGE][PASSED] - Actual object '155.4' and expected object '155.4' are equal

2022-01-15 16:53:06 - [TEST_STEP][PASSED] - CategorySCHelpers.navigateToCart(): Current window's title is: 'Shopping Cart - Cleaner's Supply'

2022-01-15 16:53:09 - [MESSAGE][PASSED] - Object: 'Object Repository/Category/a_cart' is clicked on

2022-01-15 16:53:09 - [MESSAGE][PASSED] - Current window's url is: 'https://www.cleanersupply.com/shopping-cart/'

2022-01-15 16:53:09 - [MESSAGE][PASSED] - Current window's title is: 'Shopping Cart - Cleaner's Supply'

2022-01-15 16:53:09 - [TEST_STEP][PASSED] - navigateToUrl("https://www.cleanersupply.com/checkout/"): Navigate to 'https://www.cleanersupply.com/checkout/' successfully

2022-01-15 16:53:11 - [MESSAGE][PASSED] - Navigate to 'https://www.cleanersupply.com/checkout/' successfully

2022-01-15 16:53:11 - [TEST_STEP][PASSED] - maximizeWindow(): Current window maximized

2022-01-15 16:53:11 - [MESSAGE][PASSED] - Current window maximized

2022-01-15 16:53:11 - [TEST_STEP][PASSED] - checkOutFormHelper.fillCheckOutForm(): Object: 'Object Repository/CheckOutForm/a_reviewOrder' is clicked on

2022-01-15 16:53:11 - [MESSAGE][PASSED] - Current window's title is: 'Checkout - Cleaner's Supply'

2022-01-15 16:53:11 - [MESSAGE][PASSED] - Current window's url is: 'https://www.cleanersupply.com/checkout/'

2022-01-15 16:53:13 - [MESSAGE][PASSED] - Text of object 'Object Repository/CheckOutForm/h1_checkOutHeader' is: 'CHECKOUT'

2022-01-15 16:53:14 - [MESSAGE][PASSED] - Object: 'Object Repository/CheckOutForm/input_company' is focused

2022-01-15 16:53:14 - [MESSAGE][PASSED] - Get CSS 'box-shadow' value on 'Object Repository/CheckOutForm/input_company' successfully: 'rgb(99, 99, 99) 0px -3px 0px 0px inset'.

2022-01-15 16:53:14 - [MESSAGE][PASSED] - Get CSS 'border-color' value on 'Object Repository/CheckOutForm/input_company' successfully: 'rgb(99, 99, 99)'.

2022-01-15 16:53:14 - [MESSAGE][PASSED] - Actual object 'rgb(99, 99, 99) 0px -3px 0px 0px inset' and expected object 'rgb(99, 99, 99) 0px -3px 0px 0px inset' are equal

2022-01-15 16:53:14 - [MESSAGE][PASSED] - Actual object 'rgb(99, 99, 99)' and expected object 'rgb(99, 99, 99)' are equal

2022-01-15 16:53:15 - [MESSAGE][PASSED] - Text 'testCompany' is set on object 'Object Repository/CheckOutForm/input_company'

2022-01-15 16:53:16 - [MESSAGE][PASSED] - Object: 'Object Repository/CheckOutForm/input_fname' is focused

2022-01-15 16:53:16 - [MESSAGE][PASSED] - Get CSS 'box-shadow' value on 'Object Repository/CheckOutForm/input_fname' successfully: 'rgb(99, 99, 99) 0px -3px 0px 0px inset'.

2022-01-15 16:53:16 - [MESSAGE][PASSED] - Get CSS 'border-color' value on 'Object Repository/CheckOutForm/input_fname' successfully: 'rgb(99, 99, 99)'.

2022-01-15 16:53:16 - [MESSAGE][PASSED] - Actual object 'rgb(99, 99, 99) 0px -3px 0px 0px inset' and expected object 'rgb(99, 99, 99) 0px -3px 0px 0px inset' are equal

2022-01-15 16:53:16 - [MESSAGE][PASSED] - Actual object 'rgb(99, 99, 99)' and expected object 'rgb(99, 99, 99)' are equal

2022-01-15 16:53:17 - [MESSAGE][PASSED] - Text 'FNameTest' is set on object 'Object Repository/CheckOutForm/input_fname'

2022-01-15 16:53:18 - [MESSAGE][PASSED] - Object: 'Object Repository/CheckOutForm/input_lNAme' is focused

2022-01-15 16:53:18 - [MESSAGE][PASSED] - Get CSS 'box-shadow' value on 'Object Repository/CheckOutForm/input_lNAme' successfully: 'rgb(99, 99, 99) 0px -3px 0px 0px inset'.

2022-01-15 16:53:18 - [MESSAGE][PASSED] - Get CSS 'border-color' value on 'Object Repository/CheckOutForm/input_lNAme' successfully: 'rgb(99, 99, 99)'.

2022-01-15 16:53:19 - [MESSAGE][PASSED] - Actual object 'rgb(99, 99, 99) 0px -3px 0px 0px inset' and expected object 'rgb(99, 99, 99) 0px -3px 0px 0px inset' are equal

2022-01-15 16:53:19 - [MESSAGE][PASSED] - Actual object 'rgb(99, 99, 99)' and expected object 'rgb(99, 99, 99)' are equal

2022-01-15 16:53:19 - [MESSAGE][PASSED] - Text 'lnameValueTest' is set on object 'Object Repository/CheckOutForm/input_lNAme'

2022-01-15 16:53:20 - [MESSAGE][PASSED] - Object: 'Object Repository/CheckOutForm/input_address' is focused

2022-01-15 16:53:20 - [MESSAGE][PASSED] - Get CSS 'box-shadow' value on 'Object Repository/CheckOutForm/input_address' successfully: 'rgb(99, 99, 99) 0px -3px 0px 0px inset'.

2022-01-15 16:53:20 - [MESSAGE][PASSED] - Get CSS 'border-color' value on 'Object Repository/CheckOutForm/input_address' successfully: 'rgb(99, 99, 99)'.

2022-01-15 16:53:20 - [MESSAGE][PASSED] - Actual object 'rgb(99, 99, 99) 0px -3px 0px 0px inset' and expected object 'rgb(99, 99, 99) 0px -3px 0px 0px inset' are equal

2022-01-15 16:53:20 - [MESSAGE][PASSED] - Actual object 'rgb(99, 99, 99)' and expected object 'rgb(99, 99, 99)' are equal

2022-01-15 16:53:21 - [MESSAGE][PASSED] - Text 'addres1Test' is set on object 'Object Repository/CheckOutForm/input_address'

2022-01-15 16:53:22 - [MESSAGE][PASSED] - Object: 'Object Repository/CheckOutForm/input_address2' is focused

2022-01-15 16:53:22 - [MESSAGE][PASSED] - Get CSS 'box-shadow' value on 'Object Repository/CheckOutForm/input_address2' successfully: 'rgb(99, 99, 99) 0px -3px 0px 0px inset'.

2022-01-15 16:53:22 - [MESSAGE][PASSED] - Get CSS 'border-color' value on 'Object Repository/CheckOutForm/input_address2' successfully: 'rgb(99, 99, 99)'.

2022-01-15 16:53:22 - [MESSAGE][PASSED] - Actual object 'rgb(99, 99, 99) 0px -3px 0px 0px inset' and expected object 'rgb(99, 99, 99) 0px -3px 0px 0px inset' are equal

2022-01-15 16:53:22 - [MESSAGE][PASSED] - Actual object 'rgb(99, 99, 99)' and expected object 'rgb(99, 99, 99)' are equal

2022-01-15 16:53:24 - [MESSAGE][PASSED] - Text 'address2 test' is set on object 'Object Repository/CheckOutForm/input_address2'

2022-01-15 16:53:24 - [MESSAGE][PASSED] - Object: 'Object Repository/CheckOutForm/input_zipCode' is focused

2022-01-15 16:53:25 - [MESSAGE][PASSED] - Get CSS 'box-shadow' value on 'Object Repository/CheckOutForm/input_zipCode' successfully: 'rgb(99, 99, 99) 0px -3px 0px 0px inset'.

2022-01-15 16:53:25 - [MESSAGE][PASSED] - Get CSS 'border-color' value on 'Object Repository/CheckOutForm/input_zipCode' successfully: 'rgb(99, 99, 99)'.

2022-01-15 16:53:25 - [MESSAGE][PASSED] - Actual object 'rgb(99, 99, 99) 0px -3px 0px 0px inset' and expected object 'rgb(99, 99, 99) 0px -3px 0px 0px inset' are equal

2022-01-15 16:53:25 - [MESSAGE][PASSED] - Actual object 'rgb(99, 99, 99)' and expected object 'rgb(99, 99, 99)' are equal

2022-01-15 16:53:26 - [MESSAGE][PASSED] - Text '55555' is set on object 'Object Repository/CheckOutForm/input_zipCode'

2022-01-15 16:53:27 - [MESSAGE][PASSED] - Object: 'Object Repository/CheckOutForm/input_city' is focused

2022-01-15 16:53:27 - [MESSAGE][PASSED] - Get CSS 'box-shadow' value on 'Object Repository/CheckOutForm/input_city' successfully: 'rgb(99, 99, 99) 0px -3px 0px 0px inset'.

2022-01-15 16:53:27 - [MESSAGE][PASSED] - Get CSS 'border-color' value on 'Object Repository/CheckOutForm/input_city' successfully: 'rgb(99, 99, 99)'.

2022-01-15 16:53:27 - [MESSAGE][PASSED] - Actual object 'rgb(99, 99, 99) 0px -3px 0px 0px inset' and expected object 'rgb(99, 99, 99) 0px -3px 0px 0px inset' are equal

2022-01-15 16:53:27 - [MESSAGE][PASSED] - Actual object 'rgb(99, 99, 99)' and expected object 'rgb(99, 99, 99)' are equal

2022-01-15 16:53:28 - [MESSAGE][PASSED] - Text 'Palestine' is set on object 'Object Repository/CheckOutForm/input_city'

2022-01-15 16:53:29 - [MESSAGE][PASSED] - Object: 'Object Repository/CheckOutForm/input_phoneNum' is focused

2022-01-15 16:53:29 - [MESSAGE][PASSED] - Get CSS 'box-shadow' value on 'Object Repository/CheckOutForm/input_phoneNum' successfully: 'rgb(99, 99, 99) 0px -3px 0px 0px inset'.

2022-01-15 16:53:29 - [MESSAGE][PASSED] - Get CSS 'border-color' value on 'Object Repository/CheckOutForm/input_phoneNum' successfully: 'rgb(99, 99, 99)'.

2022-01-15 16:53:29 - [MESSAGE][PASSED] - Actual object 'rgb(99, 99, 99) 0px -3px 0px 0px inset' and expected object 'rgb(99, 99, 99) 0px -3px 0px 0px inset' are equal

2022-01-15 16:53:29 - [MESSAGE][PASSED] - Actual object 'rgb(99, 99, 99)' and expected object 'rgb(99, 99, 99)' are equal

2022-01-15 16:53:30 - [MESSAGE][PASSED] - Text '541-143-1030' is set on object 'Object Repository/CheckOutForm/input_phoneNum'

2022-01-15 16:53:31 - [MESSAGE][PASSED] - Object: 'Object Repository/CheckOutForm/input_phoneExt' is focused

2022-01-15 16:53:31 - [MESSAGE][PASSED] - Get CSS 'box-shadow' value on 'Object Repository/CheckOutForm/input_phoneExt' successfully: 'rgb(99, 99, 99) 0px -3px 0px 0px inset'.

2022-01-15 16:53:31 - [MESSAGE][PASSED] - Get CSS 'border-color' value on 'Object Repository/CheckOutForm/input_phoneExt' successfully: 'rgb(99, 99, 99)'.

2022-01-15 16:53:31 - [MESSAGE][PASSED] - Actual object 'rgb(99, 99, 99) 0px -3px 0px 0px inset' and expected object 'rgb(99, 99, 99) 0px -3px 0px 0px inset' are equal

2022-01-15 16:53:31 - [MESSAGE][PASSED] - Actual object 'rgb(99, 99, 99)' and expected object 'rgb(99, 99, 99)' are equal

2022-01-15 16:53:32 - [MESSAGE][PASSED] - Text '1' is set on object 'Object Repository/CheckOutForm/input_phoneExt'

2022-01-15 16:53:33 - [MESSAGE][PASSED] - Object: 'Object Repository/CheckOutForm/input_phoneExt' is focused

2022-01-15 16:53:33 - [MESSAGE][PASSED] - Get CSS 'box-shadow' value on 'Object Repository/CheckOutForm/input_phoneExt' successfully: 'rgb(99, 99, 99) 0px -3px 0px 0px inset'.

2022-01-15 16:53:34 - [MESSAGE][PASSED] - Get CSS 'border-color' value on 'Object Repository/CheckOutForm/input_phoneExt' successfully: 'rgb(99, 99, 99)'.

2022-01-15 16:53:34 - [MESSAGE][PASSED] - Actual object 'rgb(99, 99, 99) 0px -3px 0px 0px inset' and expected object 'rgb(99, 99, 99) 0px -3px 0px 0px inset' are equal

2022-01-15 16:53:34 - [MESSAGE][PASSED] - Actual object 'rgb(99, 99, 99)' and expected object 'rgb(99, 99, 99)' are equal

2022-01-15 16:53:34 - [MESSAGE][PASSED] - Text '1' is set on object 'Object Repository/CheckOutForm/input_phoneExt'

2022-01-15 16:53:35 - [MESSAGE][PASSED] - Object: 'Object Repository/CheckOutForm/input_email' is focused

2022-01-15 16:53:35 - [MESSAGE][PASSED] - Get CSS 'box-shadow' value on 'Object Repository/CheckOutForm/input_email' successfully: 'rgb(99, 99, 99) 0px -3px 0px 0px inset'.

2022-01-15 16:53:36 - [MESSAGE][PASSED] - Get CSS 'border-color' value on 'Object Repository/CheckOutForm/input_email' successfully: 'rgb(99, 99, 99)'.

2022-01-15 16:53:36 - [MESSAGE][PASSED] - Actual object 'rgb(99, 99, 99) 0px -3px 0px 0px inset' and expected object 'rgb(99, 99, 99) 0px -3px 0px 0px inset' are equal

2022-01-15 16:53:36 - [MESSAGE][PASSED] - Actual object 'rgb(99, 99, 99)' and expected object 'rgb(99, 99, 99)' are equal

2022-01-15 16:53:36 - [MESSAGE][PASSED] - Text 'test@test.com' is set on object 'Object Repository/CheckOutForm/input_email'

2022-01-15 16:53:37 - [MESSAGE][PASSED] - Object: 'Object Repository/CheckOutForm/button_state' is clicked on

2022-01-15 16:53:38 - [MESSAGE][PASSED] - Object 'Object Repository/CheckOutForm/button_state' has attribute 'aria-expanded' with value 'true'

2022-01-15 16:53:38 - [MESSAGE][PASSED] - Object: 'Object Repository/CheckOutForm/a_state' is clicked on

2022-01-15 16:53:40 - [MESSAGE][PASSED] - Text of object 'Object Repository/CheckOutForm/span_selectedState' is: 'Arizona'

2022-01-15 16:53:40 - [MESSAGE][PASSED] - Object: 'Object Repository/CheckOutForm/input_creditCardName' is focused

2022-01-15 16:53:40 - [MESSAGE][PASSED] - Get CSS 'box-shadow' value on 'Object Repository/CheckOutForm/input_creditCardName' successfully: 'rgb(99, 99, 99) 0px -3px 0px 0px inset'.

2022-01-15 16:53:41 - [MESSAGE][PASSED] - Get CSS 'border-color' value on 'Object Repository/CheckOutForm/input_creditCardName' successfully: 'rgb(99, 99, 99)'.

2022-01-15 16:53:41 - [MESSAGE][PASSED] - Actual object 'rgb(99, 99, 99) 0px -3px 0px 0px inset' and expected object 'rgb(99, 99, 99) 0px -3px 0px 0px inset' are equal

2022-01-15 16:53:41 - [MESSAGE][PASSED] - Actual object 'rgb(99, 99, 99)' and expected object 'rgb(99, 99, 99)' are equal

2022-01-15 16:53:41 - [MESSAGE][PASSED] - Text 'Razan' is set on object 'Object Repository/CheckOutForm/input_creditCardName'

2022-01-15 16:53:42 - [MESSAGE][PASSED] - Object: 'Object Repository/CheckOutForm/input_cardNumber' is focused

2022-01-15 16:53:42 - [MESSAGE][PASSED] - Get CSS 'box-shadow' value on 'Object Repository/CheckOutForm/input_cardNumber' successfully: 'rgb(99, 99, 99) 0px -3px 0px 0px inset'.

2022-01-15 16:53:42 - [MESSAGE][PASSED] - Get CSS 'border-color' value on 'Object Repository/CheckOutForm/input_cardNumber' successfully: 'rgb(99, 99, 99)'.

2022-01-15 16:53:42 - [MESSAGE][PASSED] - Actual object 'rgb(99, 99, 99) 0px -3px 0px 0px inset' and expected object 'rgb(99, 99, 99) 0px -3px 0px 0px inset' are equal

2022-01-15 16:53:42 - [MESSAGE][PASSED] - Actual object 'rgb(99, 99, 99)' and expected object 'rgb(99, 99, 99)' are equal

2022-01-15 16:53:44 - [MESSAGE][PASSED] - Text '379936489179273' is set on object 'Object Repository/CheckOutForm/input_cardNumber'

2022-01-15 16:53:44 - [MESSAGE][PASSED] - Object: 'Object Repository/CheckOutForm/input_cvv' is focused

2022-01-15 16:53:45 - [MESSAGE][PASSED] - Get CSS 'box-shadow' value on 'Object Repository/CheckOutForm/input_cvv' successfully: 'rgb(99, 99, 99) 0px -3px 0px 0px inset'.

2022-01-15 16:53:45 - [MESSAGE][PASSED] - Get CSS 'border-color' value on 'Object Repository/CheckOutForm/input_cvv' successfully: 'rgb(99, 99, 99)'.

2022-01-15 16:53:45 - [MESSAGE][PASSED] - Actual object 'rgb(99, 99, 99) 0px -3px 0px 0px inset' and expected object 'rgb(99, 99, 99) 0px -3px 0px 0px inset' are equal

2022-01-15 16:53:45 - [MESSAGE][PASSED] - Actual object 'rgb(99, 99, 99)' and expected object 'rgb(99, 99, 99)' are equal

2022-01-15 16:53:46 - [MESSAGE][PASSED] - Text '2222' is set on object 'Object Repository/CheckOutForm/input_cvv'

2022-01-15 16:53:46 - [MESSAGE][PASSED] - Object: 'Object Repository/CheckOutForm/button_expirationDate' is clicked on

2022-01-15 16:53:48 - [MESSAGE][PASSED] - Object: 'Object Repository/CheckOutForm/button_expirationYear' is clicked on

2022-01-15 16:53:49 - [MESSAGE][PASSED] - Object: 'Object Repository/CheckOutForm/input_PO' is focused

2022-01-15 16:53:49 - [MESSAGE][PASSED] - Get CSS 'box-shadow' value on 'Object Repository/CheckOutForm/input_PO' successfully: 'rgb(99, 99, 99) 0px -3px 0px 0px inset'.

2022-01-15 16:53:49 - [MESSAGE][PASSED] - Get CSS 'border-color' value on 'Object Repository/CheckOutForm/input_PO' successfully: 'rgb(99, 99, 99)'.

2022-01-15 16:53:49 - [MESSAGE][PASSED] - Actual object 'rgb(99, 99, 99) 0px -3px 0px 0px inset' and expected object 'rgb(99, 99, 99) 0px -3px 0px 0px inset' are equal

2022-01-15 16:53:49 - [MESSAGE][PASSED] - Actual object 'rgb(99, 99, 99)' and expected object 'rgb(99, 99, 99)' are equal

2022-01-15 16:53:50 - [MESSAGE][PASSED] - Text 'test1155' is set on object 'Object Repository/CheckOutForm/input_PO'

2022-01-15 16:53:51 - [MESSAGE][PASSED] - Text 'test comment' is set on object 'Object Repository/CheckOutForm/input_comments'

2022-01-15 16:53:52 - [MESSAGE][PASSED] - Object: 'Object Repository/CheckOutForm/a_reviewOrder' is clicked on

2022-01-15 16:53:59 - [TEST_STEP][PASSED] - Video: Video recording for test case 'Test Cases/Checkout Scenario/Category' .

2022-01-15 16:53:59 - [MESSAGE][INFO] - Video recording for test case 'Test Cases/Checkout Scenario/Category' .]]></system-out>
         <system-err><![CDATA[]]></system-err>
      </testcase>
      <system-out><![CDATA[2022-01-15 16:46:02 - [TEST_SUITE][PASSED] - Checkout: Test Cases/Checkout Scenario/Category]]></system-out>
      <system-err><![CDATA[]]></system-err>
   </testsuite>
   <testsuite name="Footer" tests="1" failures="0" errors="0" time="20.138" skipped="0" timestamp="2022-01-15 16:54:09" hostname="waleedafifi - localhost" id="Test Suites/Footer">
      <properties>
         <property name="deviceName" value=""/>
         <property name="devicePlatform" value=""/>
         <property name="logFolder" value="/Users/waleedafifi/git/cleanersupply/Reports/20220115_164449/Footer/20220115_164455"/>
         <property name="logFiles" value="/Users/waleedafifi/git/cleanersupply/Reports/20220115_164449/Footer/20220115_164455/execution0.log"/>
         <property name="attachments" value=""/>
         <property name="hostName" value="waleedafifi - localhost"/>
         <property name="os" value="Mac OS X 64bit"/>
         <property name="katalonVersion" value="8.2.0.208"/>
         <property name="browser" value="Chrome 97.0.4692.71"/>
         <property name="hostAddress" value="127.0.0.1"/>
         <property name="sessionId" value="9bc2ce382ae27081ae9d53747f703a6d"/>
         <property name="seleniumVersion" value="3.141.59"/>
         <property name="proxyInformation" value="ProxyInformation { proxyOption=NO_PROXY, proxyServerType=HTTP, username=, password=********, proxyServerAddress=, proxyServerPort=0, executionList=&quot;&quot;, isApplyToDesiredCapabilities=true }"/>
         <property name="platform" value="Mac OS X"/>
      </properties>
      <testcase name="Test Cases/Footer/Footer TC" time="19.704" classname="Test Cases/Footer/Footer TC" status="PASSED">
         <system-out><![CDATA[2022-01-15 16:54:09 - [TEST_CASE][PASSED] - Test Cases/Footer/Footer TC: Test Cases/Footer/Footer TC

2022-01-15 16:54:10 - [TEST_STEP][PASSED] - GeneralHelpers.initScenario(): Current window's url is: 'https://www.cleanersupply.com/'

2022-01-15 16:54:10 - [MESSAGE][INFO] - Starting 'Chrome' driver

2022-01-15 16:54:10 - [MESSAGE][INFO] - Action delay is set to 0 milliseconds

2022-01-15 16:54:14 - [MESSAGE][PASSED] - Browser is opened with url: ''

2022-01-15 16:54:15 - [MESSAGE][PASSED] - Current window maximized

2022-01-15 16:54:28 - [MESSAGE][PASSED] - Navigate to 'https://www.cleanersupply.com/' successfully

2022-01-15 16:54:28 - [MESSAGE][PASSED] - Wait for page load successfully

2022-01-15 16:54:28 - [MESSAGE][PASSED] - Current window's title is: 'Cleaner's Supply - Dry Cleaning Supplies'

2022-01-15 16:54:28 - [MESSAGE][PASSED] - Current window's title is: 'Cleaner's Supply - Dry Cleaning Supplies'

2022-01-15 16:54:28 - [MESSAGE][PASSED] - Current window's url is: 'https://www.cleanersupply.com/'

2022-01-15 16:54:29 - [TEST_STEP][PASSED] - Video: Video recording for test case 'Test Cases/Footer/Footer TC' .

2022-01-15 16:54:29 - [MESSAGE][INFO] - Video recording for test case 'Test Cases/Footer/Footer TC' .]]></system-out>
         <system-err><![CDATA[]]></system-err>
      </testcase>
      <system-out><![CDATA[2022-01-15 16:54:09 - [TEST_SUITE][PASSED] - Footer: Test Cases/Footer/Footer TC]]></system-out>
      <system-err><![CDATA[]]></system-err>
   </testsuite>
</testsuites>
